<?xml version="1.0" encoding="UTF-8"?>
<con:soapui-project name="Test3" resourceRoot="" soapui-version="3.6.1" abortOnError="false" runType="SEQUENTIAL" xmlns:con="http://eviware.com/soapui/config"><con:settings/><con:interface xsi:type="con:WsdlInterface" wsaVersion="NONE" name="Initiator_CreateApplicationTransaction_Binding.2.3.0r2" type="wsdl" bindingName="{http://example.xml.gov.au/CreateApplication_Initiator.2.3.0r2}Initiator_CreateApplicationTransaction_Binding.2.3.0r2" soapVersion="1_1" anonymous="optional" definition="file:/C:/Users/hunter/dev/Buildaform%20-%20EHC/src/Buildaform.eDAIS/bcv/CreateApplication_Initiator.2.3.0r2.wsdl" xmlns:xsi="http://www.w3.org/2001/XMLSchema-instance"><con:settings/><con:definitionCache type="TEXT" rootPart="file:/C:/Users/hunter/dev/Buildaform%20-%20EHC/src/Buildaform.eDAIS/bcv/CreateApplication_Initiator.2.3.0r2.wsdl"><con:part><con:url>file:/C:/Users/hunter/dev/Buildaform%20-%20EHC/src/Buildaform.eDAIS/bcv/CreateApplication_Initiator.2.3.0r2.wsdl</con:url><con:content><![CDATA[<wsdl:definitions targetNamespace="http://example.xml.gov.au/CreateApplication_Initiator.2.3.0r2" xmlns:accept="http://xml.gov.au/edais/bm/AcceptCreateApplicationTransaction.msg.2.3.0r2" xmlns:http="http://schemas.xmlsoap.org/wsdl/http/" xmlns:propose="http://xml.gov.au/edais/bm/ProposeCreateApplicationTransaction.msg.2.3.0r2" xmlns:reject="http://xml.gov.au/edais/bm/RejectCreateApplicationTransaction.msg.2.3.0r2" xmlns:soap="http://schemas.xmlsoap.org/wsdl/soap/" xmlns:soapenc="http://schemas.xmlsoap.org/soap/encoding/" xmlns:sp="http://schemas.xmlsoap.org/ws/2005/07/securitypolicy" xmlns:tns="http://example.xml.gov.au/CreateApplication_Initiator.2.3.0r2" xmlns:wsdl="http://schemas.xmlsoap.org/wsdl/" xmlns:wsp="http://schemas.xmlsoap.org/ws/2004/09/policy" xmlns:wsu="http://docs.oasis-open.org/wss/2004/01/oasis-200401-wss-wssecurity-utility-1.0.xsd" xmlns:xs="http://www.w3.org/2001/XMLSchema" xmlns:ack="http://xml.gov.au/edais/bs/ReceiptAcknowledgementSignal.msg.2.3.0r2" xmlns:exc="http://xml.gov.au/edais/bs/ReceiptExceptionSignal.msg.2.3.0r2">
  <wsdl:types>
    <xs:schema targetNamespace="http://example.xml.gov.au/CreateApplication_Initiator.2.3.0r2" elementFormDefault="qualified" xmlns:msg="http://xml.gov.au/edais/bs/ReceiptExceptionSignal.msg.2.3.0r2">
      <xs:import schemaLocation="../biv/AcceptCreateApplicationTransaction.msg.2.3.0r2.xsd" namespace="http://xml.gov.au/edais/bm/AcceptCreateApplicationTransaction.msg.2.3.0r2"/>
      <xs:import schemaLocation="../biv/ReceiptAcknowledgementSignal.msg.2.3.0r2.xsd" namespace="http://xml.gov.au/edais/bs/ReceiptAcknowledgementSignal.msg.2.3.0r2"/>
      <xs:import schemaLocation="../biv/ReceiptExceptionSignal.msg.2.3.0r2.xsd" namespace="http://xml.gov.au/edais/bs/ReceiptExceptionSignal.msg.2.3.0r2"/>
      <xs:import schemaLocation="../biv/da.data.2.3.0r2.xsd" namespace="http://xml.gov.au/edais/core/da.data.2.3.0r2"/>
      <xs:import schemaLocation="../biv/naa.data.2.3.0r2.xsd" namespace="http://xml.gov.au/edais/core/naa.data.2.3.0r2"/>
      <xs:import schemaLocation="../biv/lab.data.2.3.0r2.xsd" namespace="http://xml.gov.au/edais/core/lab.data.2.3.0r2"/>
      <xs:import schemaLocation="../biv/specialisation.data.2.3.0r2.xsd" namespace="http://xml.gov.au/edais/core/specialisation.data.2.3.0r2"/>
      <xs:import schemaLocation="../biv/da.data.1.0.xsd" namespace="http://edais.daf.gov.au/nsw/da.data.1.0"/>
      <xs:import schemaLocation="../biv/msg.data.2.3.0r2.xsd" namespace="http://xml.gov.au/edais/core/msg.data.2.3.0r2"/>
      <xs:import schemaLocation="../biv/msg.type.2.3.0r2.xsd" namespace="http://xml.gov.au/edais/dt/qdt/msg.type.2.3.0r2"/>
      <xs:import schemaLocation="../biv/ExternalServices.EHC.xsd" namespace="http://schemas.datacontract.org/2004/07/ExternalServices.EHC"/>
      <xs:import schemaLocation="../biv/RejectCreateApplicationTransaction.msg.2.3.0r2.xsd" namespace="http://xml.gov.au/edais/bm/RejectCreateApplicationTransaction.msg.2.3.0r2"/>
    </xs:schema>
  </wsdl:types>
  <wsdl:message name="PositiveResponseMsg">
    <wsdl:part name="AcceptCreateApplicationTransaction" element="accept:AcceptCreateApplicationTransaction"/>
  </wsdl:message>
  <wsdl:message name="NegativeResponseMsg">
    <wsdl:part name="RejectCreateApplicationTransaction" element="reject:RejectCreateApplicationTransaction"/>
  </wsdl:message>
  <wsdl:message name="ReceiptAcknowledgementSignal">
    <wsdl:part name="ReceiptAcknowledgement" element="ack:ReceiptAcknowledgementSignal"/>
  </wsdl:message>
  <wsdl:message name="ReceiptExceptionSignal">
    <wsdl:part name="ReceiptException" element="exc:ReceiptExceptionSignal"/>
  </wsdl:message>
  <wsdl:portType name="Initiator_CreateApplicationTransaction.2.3.0r2">
    <wsdl:operation name="Accept">
      <wsdl:input message="tns:PositiveResponseMsg"/>
      <wsdl:output message="tns:ReceiptAcknowledgementSignal"/>
      <wsdl:fault name="ReceiptException" message="tns:ReceiptExceptionSignal"/>
    </wsdl:operation>
    <wsdl:operation name="Reject">
      <wsdl:input message="tns:NegativeResponseMsg"/>
      <wsdl:output message="tns:ReceiptAcknowledgementSignal"/>
      <wsdl:fault name="ReceiptException" message="tns:ReceiptExceptionSignal"/>
    </wsdl:operation>
  </wsdl:portType>
  <wsdl:binding name="Initiator_CreateApplicationTransaction_Binding.2.3.0r2" type="tns:Initiator_CreateApplicationTransaction.2.3.0r2">
    <soap:binding style="document" transport="http://schemas.xmlsoap.org/soap/http"/>
    <wsdl:operation name="Accept">
      <soap:operation soapAction="http://example.xml.gov.au/CreateApplication_Initiator.2.3.0r2/Accept" style="document"/>
      <wsdl:input>
        <soap:body use="literal"/>
      </wsdl:input>
      <wsdl:output>
        <soap:body use="literal"/>
      </wsdl:output>
      <wsdl:fault name="ReceiptException">
        <soap:fault name="ReceiptException" use="literal"/>
      </wsdl:fault>
    </wsdl:operation>
    <wsdl:operation name="Reject">
      <soap:operation soapAction="http://example.xml.gov.au/CreateApplication_Initiator.2.3.0r2/Reject" style="document"/>
      <wsdl:input>
        <soap:body use="literal"/>
      </wsdl:input>
      <wsdl:output>
        <soap:body use="literal"/>
      </wsdl:output>
      <wsdl:fault name="ReceiptException">
        <soap:fault name="ReceiptException" use="literal"/>
      </wsdl:fault>
    </wsdl:operation>
  </wsdl:binding>
  <wsdl:service name="Initiator_CreateApplicationTransaction_Service.2.3.0r2">
    <wsdl:port name="Initiator_CreateApplicationTransaction_Port.2.3.0r2" binding="tns:Initiator_CreateApplicationTransaction_Binding.2.3.0r2">
      <soap:address location="http://example.xml.gov.au/CreateApplication_Initiator.2.3.0r2"/>
    </wsdl:port>
  </wsdl:service>
  <!--wsdl:portType name="Responder_CreateApplicationTransaction.2.3.0r2">
		<wsdl:operation name="Propose">
			<wsdl:input message="tns:RequestMsg"/>
			<wsdl:output message="tns:ReceiptAcknowledgementSignal"/>
			<wsdl:fault name="ReceiptException" message="tns:ReceiptExceptionSignal"/>
		</wsdl:operation>
	</wsdl:portType-->
  <!--wsdl:binding name="Responder_CreateApplicationTransaction_Binding.2.3.0r2" type="tns:Responder_CreateApplicationTransaction.2.3.0r2">
		<soap:binding style="document" transport="http://schemas.xmlsoap.org/soap/http"/>
		<wsdl:operation name="Propose">
			<soap:operation soapAction="http://example.xml.gov.au/CreateApplication_Initiator.2.3.0r2/Propose" style="document"/>
			<wsdl:input>
				<soap:body use="literal"/>
			</wsdl:input>
			<wsdl:output>
				<soap:body use="literal"/>
			</wsdl:output>
			<wsdl:fault name="ReceiptException">
				<soap:fault name="ReceiptException" use="literal"/>
			</wsdl:fault>
		</wsdl:operation>
	</wsdl:binding-->
  <!--wsdl:service name="Responder_CreateApplicationTransaction_Service.2.3.0r2">
		<wsdl:port name="Responder_CreateApplicationTransaction_Port.2.3.0r2" binding="tns:Responder_CreateApplicationTransaction_Binding.2.3.0r2">
			<soap:address location="http://example.xml.gov.au/CreateApplication_Initiator.2.3.0r2"/>
		</wsdl:port>
	</wsdl:service-->
  <wsp:Policy wsu:Id="PortBindingPolicy">
    <wsp:ExactlyOne>
      <wsp:All>
        <wsaws:UsingAddressing xmlns:wsaws="http://www.w3.org/2006/05/addressing/wsdl"/>
        <sp:TransportBinding>
          <wsp:Policy>
            <sp:TransportToken>
              <wsp:Policy>
                <sp:HttpsToken RequireClientCertificate="false"/>
              </wsp:Policy>
            </sp:TransportToken>
            <sp:Layout>
              <wsp:Policy>
                <sp:Lax/>
              </wsp:Policy>
            </sp:Layout>
            <sp:IncludeTimestamp/>
            <sp:AlgorithmSuite>
              <wsp:Policy>
                <sp:Basic128/>
              </wsp:Policy>
            </sp:AlgorithmSuite>
          </wsp:Policy>
        </sp:TransportBinding>
        <sp:Wss10>
          <wsp:Policy>
            <sp:MustSupportRefKeyIdentifier/>
          </wsp:Policy>
        </sp:Wss10>
        <sp:SignedSupportingTokens>
          <wsp:Policy>
            <sp:UsernameToken sp:IncludeToken="http://schemas.xmlsoap.org/ws/2005/07/securitypolicy/IncludeToken/AlwaysToRecipient">
              <wsp:Policy>
                <sp:WssUsernameToken10/>
                <sp:HashPassword/>
              </wsp:Policy>
            </sp:UsernameToken>
          </wsp:Policy>
        </sp:SignedSupportingTokens>
      </wsp:All>
    </wsp:ExactlyOne>
  </wsp:Policy>
</wsdl:definitions>]]></con:content><con:type>http://schemas.xmlsoap.org/wsdl/</con:type></con:part><con:part><con:url>file:\C:\Users\hunter\dev\Buildaform%20-%20EHC\src\Buildaform.eDAIS\biv\AcceptCreateApplicationTransaction.msg.2.3.0r2.xsd</con:url><con:content><![CDATA[<xs:schema targetNamespace="http://xml.gov.au/edais/bm/AcceptCreateApplicationTransaction.msg.2.3.0r2" elementFormDefault="qualified" attributeFormDefault="unqualified" version="2.3.0r2" xmlns:da="http://xml.gov.au/edais/core/da.data.2.3.0r2" xmlns:msg="http://xml.gov.au/edais/bm/AcceptCreateApplicationTransaction.msg.2.3.0r2" xmlns:sbmh="http://xml.gov.au/edais/core/msg.data.2.3.0r2" xmlns:spec="http://xml.gov.au/edais/core/specialisation.data.2.3.0r2" xmlns:xs="http://www.w3.org/2001/XMLSchema">
  <xs:import namespace="http://xml.gov.au/edais/core/da.data.2.3.0r2" schemaLocation="da.data.2.3.0r2.xsd"/>
  <xs:import namespace="http://xml.gov.au/edais/core/msg.data.2.3.0r2" schemaLocation="msg.data.2.3.0r2.xsd"/>
  <xs:import namespace="http://xml.gov.au/edais/core/specialisation.data.2.3.0r2" schemaLocation="specialisation.data.2.3.0r2.xsd"/>
  <xs:annotation>
    <xs:documentation>
      <artefact id="8CD53B81_4FE3_4fa6_B2A1_527B076E53C5" name="AcceptCreateApplicationTransaction" stereotype="InfEnvelope"/>
      <properties author="National eDAIS Coordination Office" version="2.3.0r2"/>
      <notes>The Responder sends this business message to the Initiator indicating that their proposal to create a new Application has been accepted.
The transaction is considered a success if the Responder creates the proposed Application. However the Responder may provide two Success States, Created and Complete and Created but Incomplete.</notes>
    </xs:documentation>
  </xs:annotation>
  <xs:element name="AcceptCreateApplicationTransaction" type="msg:AcceptCreateApplicationTransactionType"/>
  <xs:complexType name="AcceptCreateApplicationTransactionType">
    <xs:sequence>
      <xs:element name="Application" type="da:Application"/>
      <xs:element name="Specialisation" type="spec:Specialisation" minOccurs="0" maxOccurs="unbounded"/>
      <xs:element name="StandardBusinessMessageHeader" type="sbmh:StandardBusinessMessageHeader"/>
    </xs:sequence>
  </xs:complexType>
</xs:schema>]]></con:content><con:type>http://www.w3.org/2001/XMLSchema</con:type></con:part><con:part><con:url>file:\C:\Users\hunter\dev\Buildaform%20-%20EHC\src\Buildaform.eDAIS\biv\da.data.2.3.0r2.xsd</con:url><con:content><![CDATA[<xs:schema targetNamespace="http://xml.gov.au/edais/core/da.data.2.3.0r2" elementFormDefault="qualified" attributeFormDefault="unqualified" version="2.3.0r2" xmlns:cdt="http://xml.gov.au/edais/dt/qdt/cdt.type.2.3.0r2" xmlns:da="http://xml.gov.au/edais/core/da.data.2.3.0r2" xmlns:lab="http://xml.gov.au/edais/core/lab.data.2.3.0r2" xmlns:naa="http://xml.gov.au/edais/core/naa.data.2.3.0r2" xmlns:xs="http://www.w3.org/2001/XMLSchema">
  <xs:import namespace="http://xml.gov.au/edais/core/lab.data.2.3.0r2" schemaLocation="lab.data.2.3.0r2.xsd"/>
  <xs:import namespace="http://xml.gov.au/edais/core/naa.data.2.3.0r2" schemaLocation="naa.data.2.3.0r2.xsd"/>
  <xs:import namespace="http://xml.gov.au/edais/dt/qdt/cdt.type.2.3.0r2" schemaLocation="cdt.type.2.3.0r2.xsd"/>
  <xs:annotation>
    <xs:documentation>
      <artefact id="CB0DB916_A9AA_4a75_9F73_5A7EBC38E0C8" name="Development Assessment" stereotype="CCLibrary"/>
      <properties author="National eDAIS Coordination Office" version="2.3.0r2"/>
      <notes/>
    </xs:documentation>
  </xs:annotation>
  <xs:element name="AdditionalInformation" type="da:AdditionalInformation"/>
  <xs:complexType name="AdditionalInformation">
    <xs:annotation>
      <xs:documentation>
        <artefact id="7E934A23_E08F_4d55_9A19_BF9EBD84014B" name="AdditionalInformation" stereotype="ACC"/>
        <properties author="National eDAIS Coordination Office" version="2.3.0r2"/>
        <notes>Any supporting documentation from the applicant subsequent to the initial application.</notes>
      </xs:documentation>
    </xs:annotation>
    <xs:sequence>
      <xs:element name="Attachment" type="da:Attachment" minOccurs="0" maxOccurs="unbounded"/>
      <xs:element name="Comments" type="cdt:TextType" minOccurs="0" maxOccurs="unbounded"/>
      <xs:element name="DueDate" type="cdt:DateTimeType" minOccurs="0"/>
      <xs:element name="Identification" type="cdt:IdentifierType"/>
      <xs:element name="Purpose" type="cdt:TextType" minOccurs="0" maxOccurs="unbounded"/>
      <xs:element name="ReceivedDate" type="cdt:DateTimeType" minOccurs="0"/>
      <xs:element name="RequestedDate" type="cdt:DateTimeType" minOccurs="0"/>
      <xs:element name="RequestingAuthorityPartyRole" type="da:PartyRole" minOccurs="0" maxOccurs="unbounded"/>
      <xs:element name="ResponsiblePartyRole" type="da:PartyRole" minOccurs="0" maxOccurs="unbounded"/>
      <xs:element name="Status" type="cdt:CodeType" minOccurs="0"/>
    </xs:sequence>
    <xs:attribute name="ref" type="xs:string" use="optional"/>
  </xs:complexType>
  <xs:element name="Appeal" type="da:Appeal"/>
  <xs:complexType name="Appeal">
    <xs:annotation>
      <xs:documentation>
        <artefact id="F3C11FF0_9904_4ff0_BF47_17CE86DB550F" name="Appeal" stereotype="ACC"/>
        <properties author="National eDAIS Coordination Office" version="2.3.0r2"/>
        <notes>A review of a development assessment decision or statutory failure to make a decision by an independent jurisdiction.</notes>
      </xs:documentation>
    </xs:annotation>
    <xs:sequence>
      <xs:element name="AppealDate" type="cdt:DateTimeType"/>
      <xs:element name="AppealDecisionDate" type="cdt:DateTimeType" minOccurs="0"/>
      <xs:element name="AppealReference" type="cdt:IdentifierType"/>
      <xs:element name="Comments" type="cdt:TextType" minOccurs="0" maxOccurs="unbounded"/>
      <xs:element name="Condition" type="da:Condition" minOccurs="0" maxOccurs="unbounded"/>
      <xs:element name="Outcome" type="cdt:CodeType" minOccurs="0"/>
      <xs:element name="PartyRole" type="da:PartyRole" maxOccurs="unbounded"/>
      <xs:element name="Type" type="cdt:CodeType" maxOccurs="unbounded"/>
    </xs:sequence>
    <xs:attribute name="ref" type="xs:string" use="optional"/>
  </xs:complexType>
  <xs:element name="Application" type="da:Application"/>
  <xs:complexType name="Application">
    <xs:annotation>
      <xs:documentation>
        <artefact id="C5BECEC0_075F_4826_8321_EFA5ACAABC1F" name="Application" stereotype="ACC"/>
        <properties author="National eDAIS Coordination Office" version="2.3.0r2"/>
        <notes>The documentation lodged pursuant to planning and development legislation which commences development assessment processes (which may include modification to or finalisation of previous processes/applications).</notes>
      </xs:documentation>
    </xs:annotation>
    <xs:sequence>
      <xs:element name="AdditionalInformation" type="da:AdditionalInformation" minOccurs="0" maxOccurs="unbounded"/>
      <xs:element name="Appeal" type="da:Appeal" minOccurs="0" maxOccurs="unbounded"/>
      <xs:element name="ApplicationNumber" type="cdt:IdentifierType"/>
      <xs:element name="Assessment" type="da:Assessment" minOccurs="0" maxOccurs="unbounded"/>
      <xs:element name="Attachment" type="da:Attachment" minOccurs="0" maxOccurs="unbounded"/>
      <xs:element name="Authorisation" type="da:Authorisation" minOccurs="0" maxOccurs="unbounded"/>
      <xs:element name="Comments" type="cdt:TextType" minOccurs="0" maxOccurs="unbounded"/>
      <xs:element name="CreatedDate" type="cdt:DateTimeType" minOccurs="0"/>
      <xs:element name="Determination" type="da:Determination" minOccurs="0" maxOccurs="unbounded"/>
      <xs:element name="Event" type="da:Event" minOccurs="0" maxOccurs="unbounded"/>
      <xs:element name="FeeOrLevy" type="da:FeeOrLevy" minOccurs="0" maxOccurs="unbounded"/>
      <xs:element name="LastUpdated" type="cdt:DateTimeType" minOccurs="0"/>
      <xs:element name="LodgementDate" type="cdt:DateTimeType" minOccurs="0"/>
      <xs:element name="NationalApplicationNumber" type="cdt:IdentifierType" minOccurs="0"/>
      <xs:element name="PartyRole" type="da:PartyRole" minOccurs="0" maxOccurs="unbounded"/>
      <xs:element name="Payment" type="da:Payment" minOccurs="0" maxOccurs="unbounded"/>
      <xs:element name="PublicInspection" type="da:PublicInspection" minOccurs="0" maxOccurs="unbounded"/>
      <xs:element name="PublicNotificationObligation" type="da:PublicNotificationObligation" minOccurs="0" maxOccurs="unbounded"/>
      <xs:element name="ReasonDetails" type="da:ReasonDetails" minOccurs="0" maxOccurs="unbounded"/>
      <xs:element name="ReferencedApplication" type="da:ReferencedApplication" minOccurs="0" maxOccurs="unbounded"/>
      <xs:element name="ReferralObligation" type="da:ReferralObligation" minOccurs="0" maxOccurs="unbounded"/>
      <xs:element name="Status" type="cdt:CodeType" minOccurs="0"/>
      <xs:element name="SubjectLand" type="da:SubjectLand" minOccurs="0" maxOccurs="unbounded"/>
    </xs:sequence>
    <xs:attribute name="ref" type="xs:string" use="optional"/>
  </xs:complexType>
  <xs:element name="Assessment" type="da:Assessment"/>
  <xs:complexType name="Assessment">
    <xs:annotation>
      <xs:documentation>
        <artefact id="EC970BCC_0935_458b_B0BB_41B71EC70883" name="Assessment" stereotype="ACC"/>
        <properties author="National eDAIS Coordination Office" version="2.3.0r2"/>
        <notes>Details of an evaluation of the application.</notes>
      </xs:documentation>
    </xs:annotation>
    <xs:sequence>
      <xs:element name="AssessmentIssue" type="da:AssessmentIssue" minOccurs="0" maxOccurs="unbounded"/>
      <xs:element name="Attachment" type="da:Attachment" minOccurs="0" maxOccurs="unbounded"/>
      <xs:element name="ComplianceWithPlan" type="cdt:TextType" minOccurs="0"/>
      <xs:element name="Effort" type="cdt:TextType" minOccurs="0"/>
      <xs:element name="PartyRole" type="da:PartyRole" minOccurs="0" maxOccurs="unbounded"/>
    </xs:sequence>
    <xs:attribute name="ref" type="xs:string" use="optional"/>
  </xs:complexType>
  <xs:element name="AssessmentIssue" type="da:AssessmentIssue"/>
  <xs:complexType name="AssessmentIssue">
    <xs:annotation>
      <xs:documentation>
        <artefact id="DAD3A939_FA25_4cc3_8352_8F1659D45066" name="AssessmentIssue" stereotype="ACC"/>
        <properties author="National eDAIS Coordination Office" version="2.3.0r2"/>
        <notes>Details of a specific issue in relation to the assessment of an application.</notes>
      </xs:documentation>
    </xs:annotation>
    <xs:sequence>
      <xs:element name="AdvisedDate" type="cdt:DateTimeType" minOccurs="0"/>
      <xs:element name="Comments" type="cdt:TextType" minOccurs="0" maxOccurs="unbounded"/>
      <xs:element name="Description" type="cdt:TextType"/>
      <xs:element name="Identification" type="cdt:IdentifierType"/>
      <xs:element name="ReportingPartyRole" type="da:PartyRole"/>
      <xs:element name="ResponsiblePartyRole" type="da:PartyRole"/>
    </xs:sequence>
    <xs:attribute name="ref" type="xs:string" use="optional"/>
  </xs:complexType>
  <xs:element name="Attachment" type="da:Attachment"/>
  <xs:complexType name="Attachment">
    <xs:annotation>
      <xs:documentation>
        <artefact id="832A014B_0690_43f2_9C64_3C4BBB00C60D" name="Attachment" stereotype="ACC"/>
        <properties author="National eDAIS Coordination Office" version="2.3.0r2"/>
        <notes>A document or other material provided as part of the development assessment process, including details of the document metadata, as well as the actual document/material itself.</notes>
      </xs:documentation>
    </xs:annotation>
    <xs:sequence>
      <xs:element name="Contributor" type="cdt:TextType" minOccurs="0" maxOccurs="unbounded"/>
      <xs:element name="Coverage" type="cdt:TextType" minOccurs="0" maxOccurs="unbounded"/>
      <xs:element name="Creator" type="cdt:TextType" minOccurs="0" maxOccurs="unbounded"/>
      <xs:element name="Date" type="cdt:DateTimeType" minOccurs="0"/>
      <xs:element name="Description" type="cdt:TextType" minOccurs="0" maxOccurs="unbounded"/>
      <xs:element name="Format" type="cdt:TextType" minOccurs="0"/>
      <xs:element name="Identification" type="cdt:IdentifierType"/>
      <xs:element name="Language" type="cdt:TextType" minOccurs="0" maxOccurs="unbounded"/>
      <xs:element name="Publisher" type="cdt:TextType" minOccurs="0" maxOccurs="unbounded"/>
      <xs:element name="Relation" type="cdt:TextType" minOccurs="0" maxOccurs="unbounded"/>
      <xs:element name="Rights" type="cdt:TextType" minOccurs="0" maxOccurs="unbounded"/>
      <xs:element name="Size" type="cdt:MeasureType" minOccurs="0"/>
      <xs:element name="Source" type="cdt:TextType" minOccurs="0" maxOccurs="unbounded"/>
      <xs:element name="Subject" type="cdt:TextType" minOccurs="0"/>
      <xs:element name="Title" type="cdt:TextType" minOccurs="0"/>
      <xs:element name="Type" type="cdt:TextType" minOccurs="0"/>
      <xs:element name="Version" type="cdt:TextType" minOccurs="0"/>
      <xs:choice>
        <xs:element name="Attachment" type="cdt:BinaryObjectType" minOccurs="0"/>
        <xs:element name="URI" type="xs:anyURI" minOccurs="0"/>
      </xs:choice>
    </xs:sequence>
    <xs:attribute name="ref" type="xs:string" use="optional"/>
  </xs:complexType>
  <xs:element name="Authorisation" type="da:Authorisation"/>
  <xs:complexType name="Authorisation">
    <xs:annotation>
      <xs:documentation>
        <artefact id="E848BA1E_8259_422b_90CF_E49A948413F6" name="Authorisation" stereotype="ACC"/>
        <properties author="National eDAIS Coordination Office" version="2.3.0r2"/>
        <notes>Records the fact of the authorisation given by a party (typically the Applicant) to the application being lodged and processed. A graphical representation of a signature can be attached to the authorisation if so required (using the Attachment element, associated with this element).  The Authorisation element can also relate to a Party Role element, indicating the person who is providing the authorisation.</notes>
      </xs:documentation>
    </xs:annotation>
    <xs:sequence>
      <xs:element name="Attachment" type="da:Attachment" minOccurs="0" maxOccurs="unbounded"/>
      <xs:element name="Date" type="cdt:DateTimeType" minOccurs="0"/>
      <xs:element name="PartyRole" type="da:PartyRole" maxOccurs="unbounded"/>
      <xs:element name="Type" type="cdt:CodeType" minOccurs="0"/>
    </xs:sequence>
    <xs:attribute name="ref" type="xs:string" use="optional"/>
  </xs:complexType>
  <xs:element name="Condition" type="da:Condition"/>
  <xs:complexType name="Condition">
    <xs:annotation>
      <xs:documentation>
        <artefact id="8375BC5D_0E41_40cb_8C2F_995EC8E9CF8B" name="Condition" stereotype="ACC"/>
        <properties author="National eDAIS Coordination Office" version="2.3.0r2"/>
        <notes>Records any conditions applied to a development application pursuant to relevant legislation.</notes>
      </xs:documentation>
    </xs:annotation>
    <xs:sequence>
      <xs:element name="Classification" type="cdt:CodeType"/>
      <xs:element name="ConditionReference" type="cdt:IdentifierType" minOccurs="0"/>
      <xs:element name="Detail" type="cdt:TextType" minOccurs="0"/>
      <xs:element name="Identification" type="cdt:IdentifierType"/>
      <xs:element name="Type" type="cdt:CodeType" minOccurs="0"/>
    </xs:sequence>
    <xs:attribute name="ref" type="xs:string" use="optional"/>
  </xs:complexType>
  <xs:element name="Determination" type="da:Determination"/>
  <xs:complexType name="Determination">
    <xs:annotation>
      <xs:documentation>
        <artefact id="D19C6C2B_7075_4441_BF34_6815C0D21A05" name="Determination" stereotype="ACC"/>
        <properties author="National eDAIS Coordination Office" version="2.3.0r2"/>
        <notes>The decision made by an authority on the application issued to the applicant (typically by the consent authority).</notes>
      </xs:documentation>
    </xs:annotation>
    <xs:sequence>
      <xs:element name="Attachment" type="da:Attachment" minOccurs="0" maxOccurs="unbounded"/>
      <xs:element name="Comments" type="cdt:TextType" minOccurs="0" maxOccurs="unbounded"/>
      <xs:element name="Condition" type="da:Condition" minOccurs="0" maxOccurs="unbounded"/>
      <xs:element name="DeterminationDate" type="cdt:DateTimeType" minOccurs="0"/>
      <xs:element name="Identification" type="cdt:IdentifierType"/>
      <xs:element name="PartyRole" type="da:PartyRole" maxOccurs="unbounded"/>
      <xs:element name="Period" type="naa:Period" minOccurs="0" maxOccurs="unbounded"/>
      <xs:element name="SystemRecordedDate" type="cdt:DateTimeType" minOccurs="0"/>
      <xs:element name="Type" type="cdt:CodeType" minOccurs="0"/>
    </xs:sequence>
    <xs:attribute name="ref" type="xs:string" use="optional"/>
  </xs:complexType>
  <xs:element name="Event" type="da:Event"/>
  <xs:complexType name="Event">
    <xs:annotation>
      <xs:documentation>
        <artefact id="EE5FA6D4_FC1C_4dab_A750_AF5C27037C8E" name="Event" stereotype="ACC"/>
        <properties author="National eDAIS Coordination Office" version="2.3.0r2"/>
        <notes>Any recordable action associated with applications.  Can also be characterised as a significant occurrence or happening related to an object, process, or person.</notes>
      </xs:documentation>
    </xs:annotation>
    <xs:sequence>
      <xs:element name="DateTime" type="cdt:DateTimeType"/>
      <xs:element name="Description" type="cdt:TextType" minOccurs="0"/>
      <xs:element name="EventCode" type="cdt:CodeType"/>
      <xs:element name="Period" type="naa:Period" minOccurs="0" maxOccurs="unbounded"/>
    </xs:sequence>
    <xs:attribute name="ref" type="xs:string" use="optional"/>
  </xs:complexType>
  <xs:element name="FeeOrLevy" type="da:FeeOrLevy"/>
  <xs:complexType name="FeeOrLevy">
    <xs:annotation>
      <xs:documentation>
        <artefact id="665FF0BB_6AFB_4507_B60F_BF2DE5BA7261" name="FeeOrLevy" stereotype="ACC"/>
        <properties author="National eDAIS Coordination Office" version="2.3.0r2"/>
        <notes>Details of the fees to be paid or levies which have been raised, together with links to details of payment of fees and levies (including refunds/waivers).</notes>
      </xs:documentation>
    </xs:annotation>
    <xs:sequence>
      <xs:element name="DateDue" type="cdt:DateTimeType" minOccurs="0"/>
      <xs:element name="Description" type="cdt:TextType" minOccurs="0"/>
      <xs:element name="Identification" type="cdt:IdentifierType"/>
      <xs:element name="Payment" type="da:Payment" minOccurs="0" maxOccurs="unbounded"/>
      <xs:element name="ValuePayable" type="cdt:AmountType"/>
    </xs:sequence>
    <xs:attribute name="ref" type="xs:string" use="optional"/>
  </xs:complexType>
  <xs:element name="PartyRole" type="da:PartyRole"/>
  <xs:complexType name="PartyRole">
    <xs:annotation>
      <xs:documentation>
        <artefact id="DB2FBD85_BB58_42b2_922D_542589FB6220" name="PartyRole" stereotype="ACC"/>
        <properties author="National eDAIS Coordination Office" version="2.3.0r2"/>
        <notes>The role that an individual party (being, for instance,  an applicant, a consent authority, a referral agency, an officer (of an authority or an agency), a representative of the applicant, etc) plays with respect to the processing of an application (throughout the life of the application), allowing the linking of various aspects of processing of the application between the application itself and the party involved in that processing.</notes>
      </xs:documentation>
    </xs:annotation>
    <xs:sequence>
      <xs:element name="DateTime" type="cdt:DateTimeType" minOccurs="0"/>
      <xs:element name="Party" type="naa:Party" maxOccurs="unbounded"/>
      <xs:element name="Type" type="cdt:CodeType" minOccurs="0"/>
    </xs:sequence>
    <xs:attribute name="ref" type="xs:string" use="optional"/>
  </xs:complexType>
  <xs:element name="Payment" type="da:Payment"/>
  <xs:complexType name="Payment">
    <xs:annotation>
      <xs:documentation>
        <artefact id="2F91C01C_6941_49fe_BEE0_B1BD37A098D9" name="Payment" stereotype="ACC"/>
        <properties author="National eDAIS Coordination Office" version="2.3.0r2"/>
        <notes>Details of payments which have been made against fees or levies raised in connection with processing an application.</notes>
      </xs:documentation>
    </xs:annotation>
    <xs:sequence>
      <xs:element name="AmountPaid" type="cdt:AmountType"/>
      <xs:element name="CreationDate" type="cdt:DateTimeType"/>
      <xs:element name="DatePaid" type="cdt:DateTimeType"/>
      <xs:element name="DiscountPercent" type="cdt:NumericType" minOccurs="0"/>
      <xs:element name="Identification" type="cdt:IdentifierType"/>
      <xs:element name="InstructionCode" type="cdt:TextType" minOccurs="0"/>
      <xs:element name="PayeeName" type="cdt:TextType" minOccurs="0"/>
      <xs:element name="PaymentMethod" type="cdt:CodeType" minOccurs="0"/>
      <xs:element name="PenaltyPercent" type="cdt:NumericType" minOccurs="0"/>
      <xs:element name="PriorityCode" type="cdt:TextType" minOccurs="0"/>
      <xs:element name="ReasonCode" type="cdt:TextType" minOccurs="0"/>
      <xs:element name="ReceiptNumber" type="cdt:TextType" minOccurs="0"/>
      <xs:element name="StatusCode" type="cdt:TextType" minOccurs="0"/>
      <xs:element name="TaxAmount" type="cdt:AmountType" minOccurs="0"/>
      <xs:element name="TaxInvoiceNumber" type="cdt:TextType" minOccurs="0"/>
    </xs:sequence>
    <xs:attribute name="ref" type="xs:string" use="optional"/>
  </xs:complexType>
  <xs:element name="PublicInspection" type="da:PublicInspection"/>
  <xs:complexType name="PublicInspection">
    <xs:annotation>
      <xs:documentation>
        <artefact id="043A38E6_BA44_44bb_82DD_843D4A2B62C3" name="PublicInspection" stereotype="ACC"/>
        <properties author="National eDAIS Coordination Office" version="2.3.0r2"/>
        <notes>Identifies whether the application is open or closed to public inspection.</notes>
      </xs:documentation>
    </xs:annotation>
    <xs:sequence>
      <xs:element name="Indicator" type="cdt:CodeType"/>
    </xs:sequence>
    <xs:attribute name="ref" type="xs:string" use="optional"/>
  </xs:complexType>
  <xs:element name="PublicNotificationObligation" type="da:PublicNotificationObligation"/>
  <xs:complexType name="PublicNotificationObligation">
    <xs:annotation>
      <xs:documentation>
        <artefact id="782FC725_DD45_4b6c_8DB2_B0A9E00F8AC6" name="PublicNotificationObligation" stereotype="ACC"/>
        <properties author="National eDAIS Coordination Office" version="2.3.0r2"/>
        <notes>An agreement to provide information with respect to a public notification.</notes>
      </xs:documentation>
    </xs:annotation>
    <xs:sequence>
      <xs:element name="Attachment" type="da:Attachment" minOccurs="0" maxOccurs="unbounded"/>
      <xs:element name="ComplianceDate" type="cdt:DateTimeType" minOccurs="0"/>
      <xs:element name="Description" type="cdt:TextType" minOccurs="0"/>
      <xs:element name="Identification" type="cdt:IdentifierType"/>
      <xs:element name="PartyRole" type="da:PartyRole" minOccurs="0" maxOccurs="unbounded"/>
      <xs:element name="Period" type="naa:Period" minOccurs="0" maxOccurs="unbounded"/>
      <xs:element name="PublicOpinion" type="da:PublicOpinion" minOccurs="0" maxOccurs="unbounded"/>
      <xs:element name="Type" type="cdt:CodeType"/>
    </xs:sequence>
    <xs:attribute name="ref" type="xs:string" use="optional"/>
  </xs:complexType>
  <xs:element name="PublicOpinion" type="da:PublicOpinion"/>
  <xs:complexType name="PublicOpinion">
    <xs:annotation>
      <xs:documentation>
        <artefact id="81B83549_D610_4ad1_A2F6_34807F1AE0E9" name="PublicOpinion" stereotype="ACC"/>
        <properties author="National eDAIS Coordination Office" version="2.3.0r2"/>
        <notes>Formal public comment relating to the application.</notes>
      </xs:documentation>
    </xs:annotation>
    <xs:sequence>
      <xs:element name="Attachment" type="da:Attachment" minOccurs="0" maxOccurs="unbounded"/>
      <xs:element name="Comments" type="cdt:TextType" minOccurs="0"/>
      <xs:element name="Reported" type="cdt:DateTimeType"/>
    </xs:sequence>
    <xs:attribute name="ref" type="xs:string" use="optional"/>
  </xs:complexType>
  <xs:element name="ReasonDetails" type="da:ReasonDetails"/>
  <xs:complexType name="ReasonDetails">
    <xs:annotation>
      <xs:documentation>
        <artefact id="6CFE14A7_9AEC_459a_B153_AD541ED684C2" name="ReasonDetails" stereotype="ACC"/>
        <properties author="National eDAIS Coordination Office" version="2.3.0r2"/>
        <notes>Contains details related to a response on a business transaction.  Typically used for reject or accept with condition reasons.</notes>
      </xs:documentation>
    </xs:annotation>
    <xs:sequence>
      <xs:element name="DateTime" type="cdt:DateTimeType" minOccurs="0"/>
      <xs:element name="Description" type="cdt:TextType" minOccurs="0"/>
      <xs:element name="ReasonCode" type="cdt:CodeType"/>
      <xs:element name="ReasonText" type="cdt:TextType" minOccurs="0" maxOccurs="unbounded"/>
    </xs:sequence>
    <xs:attribute name="ref" type="xs:string" use="optional"/>
  </xs:complexType>
  <xs:element name="ReferencedApplication" type="da:ReferencedApplication"/>
  <xs:complexType name="ReferencedApplication">
    <xs:annotation>
      <xs:documentation>
        <artefact id="93684EDB_CF18_4b97_8C48_D3E344CE5F7D" name="ReferencedApplication" stereotype="ACC"/>
        <properties author="National eDAIS Coordination Office" version="2.3.0r2"/>
        <notes>A reference to an application already in existence (being an application number as the reference).</notes>
      </xs:documentation>
    </xs:annotation>
    <xs:sequence>
      <xs:element name="ApplicationNumber" type="cdt:IdentifierType"/>
      <xs:element name="Type" type="cdt:CodeType" minOccurs="0"/>
    </xs:sequence>
    <xs:attribute name="ref" type="xs:string" use="optional"/>
  </xs:complexType>
  <xs:element name="ReferralObligation" type="da:ReferralObligation"/>
  <xs:complexType name="ReferralObligation">
    <xs:annotation>
      <xs:documentation>
        <artefact id="FB5E5BFF_7E2E_48a1_B517_31EF29F8EE7A" name="ReferralObligation" stereotype="ACC"/>
        <properties author="National eDAIS Coordination Office" version="2.3.0r2"/>
        <notes>An agreement (both binding and non-binding) to provide a response (to a referral).</notes>
      </xs:documentation>
    </xs:annotation>
    <xs:sequence>
      <xs:element name="Classification" type="cdt:CodeType" minOccurs="0"/>
      <xs:element name="ComplianceDate" type="cdt:DateTimeType" minOccurs="0"/>
      <xs:element name="Description" type="cdt:TextType" minOccurs="0" maxOccurs="unbounded"/>
      <xs:element name="Identification" type="cdt:IdentifierType"/>
      <xs:element name="Period" type="naa:Period" minOccurs="0" maxOccurs="unbounded"/>
      <xs:element name="ReferralAuthorityPartyRole" type="da:PartyRole" minOccurs="0" maxOccurs="unbounded"/>
      <xs:element name="ReferralResponse" type="da:ReferralResponse" minOccurs="0" maxOccurs="unbounded"/>
      <xs:element name="ReferrerPartyRole" type="da:PartyRole" minOccurs="0" maxOccurs="unbounded"/>
      <xs:element name="Type" type="cdt:CodeType" minOccurs="0"/>
    </xs:sequence>
    <xs:attribute name="ref" type="xs:string" use="optional"/>
  </xs:complexType>
  <xs:element name="ReferralResponse" type="da:ReferralResponse"/>
  <xs:complexType name="ReferralResponse">
    <xs:annotation>
      <xs:documentation>
        <artefact id="16BFABB8_914C_4a4a_9D42_AB1E9C226764" name="ReferralResponse" stereotype="ACC"/>
        <properties author="National eDAIS Coordination Office" version="2.3.0r2"/>
        <notes>A response, either a direction (binding) or advice (non-binding), from a referral authority, to be taken into account in the assessment and determination of an application.</notes>
      </xs:documentation>
    </xs:annotation>
    <xs:sequence>
      <xs:element name="Attachment" type="da:Attachment" minOccurs="0" maxOccurs="unbounded"/>
      <xs:element name="Comments" type="cdt:TextType" minOccurs="0" maxOccurs="unbounded"/>
      <xs:element name="Condition" type="da:Condition" minOccurs="0" maxOccurs="unbounded"/>
      <xs:element name="ResponseDate" type="cdt:DateTimeType"/>
      <xs:element name="Type" type="cdt:CodeType"/>
    </xs:sequence>
    <xs:attribute name="ref" type="xs:string" use="optional"/>
  </xs:complexType>
  <xs:element name="SubjectLand" type="da:SubjectLand"/>
  <xs:complexType name="SubjectLand">
    <xs:annotation>
      <xs:documentation>
        <artefact id="47C4740B_11B8_49b6_92C9_6FA19CA9EB26" name="SubjectLand" stereotype="ACC"/>
        <properties author="National eDAIS Coordination Office" version="2.3.0r2"/>
        <notes>Subject land is the joining element to reference ePLAN elements associated with the application.</notes>
      </xs:documentation>
    </xs:annotation>
    <xs:sequence>
      <xs:element name="Address" type="naa:Address" minOccurs="0"/>
      <xs:element name="Attachment" type="da:Attachment" minOccurs="0"/>
      <xs:element name="Comments" type="cdt:TextType" minOccurs="0" maxOccurs="unbounded"/>
      <xs:element name="Document" type="lab:Document" minOccurs="0"/>
      <xs:element name="Parcel" type="lab:Parcel" minOccurs="0"/>
    </xs:sequence>
    <xs:attribute name="ref" type="xs:string" use="optional"/>
  </xs:complexType>
</xs:schema>]]></con:content><con:type>http://www.w3.org/2001/XMLSchema</con:type></con:part><con:part><con:url>file:\C:\Users\hunter\dev\Buildaform%20-%20EHC\src\Buildaform.eDAIS\biv\lab.data.2.3.0r2.xsd</con:url><con:content><![CDATA[<xs:schema targetNamespace="http://xml.gov.au/edais/core/lab.data.2.3.0r2" elementFormDefault="qualified" attributeFormDefault="unqualified" version="2.3.0r2" xmlns:cdt="http://xml.gov.au/edais/dt/qdt/cdt.type.2.3.0r2" xmlns:lab="http://xml.gov.au/edais/core/lab.data.2.3.0r2" xmlns:xs="http://www.w3.org/2001/XMLSchema">
  <xs:import namespace="http://xml.gov.au/edais/dt/qdt/cdt.type.2.3.0r2" schemaLocation="cdt.type.2.3.0r2.xsd"/>
  <xs:annotation>
    <xs:documentation>
      <artefact id="1C1BDB25_5A34_4f43_B734_7C938F34ED69" name="Land and Building" stereotype="CCLibrary"/>
      <properties author="National eDAIS Coordination Office" version="2.3.0r2"/>
      <notes/>
    </xs:documentation>
  </xs:annotation>
  <xs:element name="AdministrativeArea" type="lab:AdministrativeArea"/>
  <xs:complexType name="AdministrativeArea">
    <xs:annotation>
      <xs:documentation>
        <artefact id="4317A19F_37F6_4bfd_9363_1BEFC3C1F88A" name="AdministrativeArea" stereotype="ACC"/>
        <properties author="National eDAIS Coordination Office" version="2.3.0r2"/>
        <notes>Defines the administrative area(s) associated with a survey plan, representing such concepts as Locality, Parish, County, Local Government, Local Authority, etc in general terms, and can represent other more specific area concepts such as Beach protection zones, etc.</notes>
      </xs:documentation>
    </xs:annotation>
    <xs:sequence>
      <xs:element name="AdminAreaCode" type="cdt:CodeType" minOccurs="0"/>
      <xs:element name="AdminAreaName" type="cdt:TextType"/>
      <xs:element name="AdminAreaType" type="cdt:CodeType"/>
    </xs:sequence>
    <xs:attribute name="ref" type="xs:string" use="optional"/>
  </xs:complexType>
  <xs:element name="Annotation" type="lab:Annotation"/>
  <xs:complexType name="Annotation">
    <xs:annotation>
      <xs:documentation>
        <artefact id="9E88199A_ABEF_4337_8759_1F52D5141B03" name="Annotation" stereotype="ACC"/>
        <properties author="National eDAIS Coordination Office" version="2.3.0r2"/>
        <notes>A descriptive string (text) used to describe an action on the survey (e.g. "Road to be opened", "Area to be excised").</notes>
      </xs:documentation>
    </xs:annotation>
    <xs:sequence>
      <xs:element name="Desc" type="cdt:TextType" minOccurs="0"/>
      <xs:element name="Name" type="cdt:TextType"/>
      <xs:element name="Type" type="cdt:CodeType"/>
    </xs:sequence>
    <xs:attribute name="ref" type="xs:string" use="optional"/>
  </xs:complexType>
  <xs:element name="CoordinateSystem" type="lab:CoordinateSystem"/>
  <xs:complexType name="CoordinateSystem">
    <xs:annotation>
      <xs:documentation>
        <artefact id="94364AED_115E_431e_A293_00BB969F42DC" name="CoordinateSystem" stereotype="ACC"/>
        <properties author="National eDAIS Coordination Office" version="2.3.0r2"/>
        <notes>Identifies the coordinate system used to define the survey.</notes>
      </xs:documentation>
    </xs:annotation>
    <xs:sequence>
      <xs:element name="Description" type="cdt:TextType" minOccurs="0"/>
      <xs:element name="HorizontalDatumName" type="cdt:CodeType"/>
      <xs:element name="VerticalDatumName" type="cdt:CodeType" minOccurs="0"/>
    </xs:sequence>
    <xs:attribute name="ref" type="xs:string" use="optional"/>
  </xs:complexType>
  <xs:element name="Document" type="lab:Document"/>
  <xs:complexType name="Document">
    <xs:annotation>
      <xs:documentation>
        <artefact id="819608AB_CF66_4b20_BF7C_2E1FC311BECB" name="Document" stereotype="ACC"/>
        <properties author="National eDAIS Coordination Office" version="2.3.0r2"/>
        <notes>A document used in relation to defining a survey plan.  In the first instance, generally simply describes the survey plan itself (hence the Document No. equates to a Plan No.), and thus has a one-to-one relationship with Survey Document, but has been identified to allow additional documents (or document types) to be described in relation to (survey) plans.</notes>
      </xs:documentation>
    </xs:annotation>
    <xs:sequence>
      <xs:element name="DocumentNo" type="cdt:IdentifierType"/>
      <xs:element name="DocumentStatus" type="cdt:CodeType" minOccurs="0"/>
      <xs:element name="Jurisdiction" type="cdt:CodeType"/>
      <xs:element name="SubmissionDate" type="cdt:DateTimeType" minOccurs="0"/>
      <xs:element name="SurveyDocument" type="lab:SurveyDocument"/>
      <xs:element name="VersionDate" type="cdt:DateTimeType" minOccurs="0"/>
      <xs:element name="VersionNumber" type="cdt:NumericType" minOccurs="0"/>
    </xs:sequence>
    <xs:attribute name="ref" type="xs:string" use="optional"/>
  </xs:complexType>
  <xs:element name="Encroachment" type="lab:Encroachment"/>
  <xs:complexType name="Encroachment">
    <xs:annotation>
      <xs:documentation>
        <artefact id="9751DECB_8CBA_4039_9699_FEBBB57A9210" name="Encroachment" stereotype="ACC"/>
        <properties author="National eDAIS Coordination Office" version="2.3.0r2"/>
        <notes>Identifies the improvement which encroaches on its neighbour.  This element contains a 3dpoint list which describes the extent of the encroachment.</notes>
      </xs:documentation>
    </xs:annotation>
    <xs:sequence>
      <xs:element name="Desc" type="cdt:TextType" minOccurs="0"/>
      <xs:element name="Name" type="cdt:TextType"/>
      <xs:element name="PointList" type="cdt:TextType" minOccurs="0"/>
      <xs:element name="Type" type="cdt:CodeType" minOccurs="0"/>
    </xs:sequence>
    <xs:attribute name="ref" type="xs:string" use="optional"/>
  </xs:complexType>
  <xs:element name="ExclusionAreas" type="lab:ExclusionAreas"/>
  <xs:complexType name="ExclusionAreas">
    <xs:annotation>
      <xs:documentation>
        <artefact id="9ACFBDA0_E519_4997_A4D3_C08733916793" name="ExclusionAreas" stereotype="ACC"/>
        <properties author="National eDAIS Coordination Office" version="2.3.0r2"/>
        <notes>Some parcels have exclusions from its area, either specified (such as an internal road, or an included lot). or as an area excluded from the title but is spatially un-described (i.e. Reserved Areas).  Most jurisdictions have a defined list of exclusions.</notes>
      </xs:documentation>
    </xs:annotation>
    <xs:sequence>
      <xs:element name="Area" type="cdt:NumericType"/>
      <xs:element name="ExclusionType" type="cdt:CodeType"/>
      <xs:element name="Pclref" type="cdt:TextType"/>
    </xs:sequence>
    <xs:attribute name="ref" type="xs:string" use="optional"/>
  </xs:complexType>
  <xs:element name="Line" type="lab:Line"/>
  <xs:complexType name="Line">
    <xs:annotation>
      <xs:documentation>
        <artefact id="56945329_03C9_4753_ACC5_69B9A8DD4DDB" name="Line" stereotype="ACC"/>
        <properties author="National eDAIS Coordination Office" version="2.3.0r2"/>
        <notes>Defines the properties of a Line in a coordinate Geometry collection.  The Start and End points define the line.  This is related to the Line Element in LandXML.  This model (as does LandXML) make a distinction between a line (which joins two points) and a observation.  In this model, a line could have several observations, e.g. mean terrain height or spheroidal distance.  Further, this model allows for an observation between points which are not part of a survey polygon, e.g. a connection to a reference mark or to a control station.</notes>
      </xs:documentation>
    </xs:annotation>
    <xs:sequence>
      <xs:element name="Desc" type="cdt:TextType" minOccurs="0"/>
      <xs:element name="Dir" type="cdt:NumericType" minOccurs="0"/>
      <xs:element name="Length" type="cdt:MeasureType" minOccurs="0"/>
      <xs:element name="Name" type="cdt:TextType"/>
      <xs:element name="Note" type="cdt:TextType" minOccurs="0" maxOccurs="unbounded"/>
      <xs:element name="OID" type="cdt:IdentifierType"/>
      <xs:element name="PointList" type="cdt:TextType" minOccurs="0"/>
      <xs:element name="Radius" type="cdt:NumericType" minOccurs="0"/>
      <xs:element name="Rot" type="cdt:TextType" minOccurs="0"/>
      <xs:element name="Source" type="cdt:TextType" minOccurs="0"/>
      <xs:element name="State" type="cdt:CodeType"/>
    </xs:sequence>
    <xs:attribute name="ref" type="xs:string" use="optional"/>
  </xs:complexType>
  <xs:element name="Parcel" type="lab:Parcel"/>
  <xs:complexType name="Parcel">
    <xs:annotation>
      <xs:documentation>
        <artefact id="ED6743A6_39E4_416a_94F7_2E1FBA3E44F7" name="Parcel" stereotype="ACC"/>
        <properties author="National eDAIS Coordination Office" version="2.3.0r2"/>
        <notes>A parcel is the unit over which a single interest can be created.  A parcel may have a specific parcel type (for example, in Queensland the parcel over which an indefeasible title can be issued is called a lot).  A parcel can be made up of a number of sub parcels; each sub parcel must be a closed figure (but the superordinate parcel may consist of non-contiguous subordinate parcels).  The total area of a parcel is the sum of the areas of the sub parcels. For example a parcel (lot) on a Building Format Plan (Stratum Plan) may have several parts on different floors in the complex, i.e. a car park, a balcony and the main unit. The parcel class holds the non-geometric elements relating to a parcel.  The term parcel here has a different meaning to the parcel in the Harmonised Data Model.  In the HDM a parcel refers to a cadastral lot for which a title can be issued.  This model uses a much broader definition of parcel in that it is a polygon (or volumetric figure) for which a right or obligation (or some other consistent definition) can be defined.  It includes base cadastral lots as well as easements and secondary interests.  This package models the administrative and metadata information about parcels, with the term parcel meaning a polygon created for some administrative purpose.  Most of these classes map to the parcel class in LandXML except for specialise elements for volumetric and Stratum parcels.  These classes map to the HDM class of PrivateLawObjects of Parcel, Easement, Secondary Interest, Road Reserve and Reserve. The other part of a parcel is that it has an "is related to" association.  This relationship assists in defining and structuring:  (i) If a parcel is made up of several parts (i.e. stratum lot over serveral floors); )ii) Creating historical associations and allocations, to bring forward existing title encumbrances, rights and obligations; (iii) Creating historical linkages to link parcels to their ancestors (as in historical survey searching or native title investigations); (iv) Linking an admistrative area to cadastral polygons, which represent parcels, allowing the allocation of new parcels to existing administrative areas, e.g. allocation of areas to local governments for rating purposes.  This is accomplished by using an embedded Parcels/Parcel relationship to show the relationship between existing parcels and those parcels being created.</notes>
      </xs:documentation>
    </xs:annotation>
    <xs:sequence>
      <xs:element name="BuildingLevelNo" type="cdt:TextType" minOccurs="0"/>
      <xs:element name="BuildingNo" type="cdt:TextType" minOccurs="0"/>
      <xs:element name="Classification" type="cdt:CodeType"/>
      <xs:element name="Desc" type="cdt:TextType" minOccurs="0"/>
      <xs:element name="Encroachment" type="lab:Encroachment" minOccurs="0"/>
      <xs:element name="ExclusionAreas" type="lab:ExclusionAreas" minOccurs="0" maxOccurs="unbounded"/>
      <xs:element name="Name" type="cdt:TextType" minOccurs="0"/>
      <xs:element name="Note" type="cdt:TextType" minOccurs="0" maxOccurs="unbounded"/>
      <xs:element name="OID" type="cdt:IdentifierType" minOccurs="0"/>
      <xs:element name="Parcel" type="lab:Parcel" minOccurs="0" maxOccurs="unbounded"/>
      <xs:element name="ParcelFormat" type="cdt:CodeType" minOccurs="0"/>
      <xs:element name="Polygon" type="lab:Polygon" minOccurs="0"/>
      <xs:element name="SchemeLand" type="lab:SchemeLand" minOccurs="0"/>
      <xs:element name="State" type="cdt:CodeType" minOccurs="0"/>
      <xs:element name="TitleReference" type="lab:TitleReference" minOccurs="0" maxOccurs="unbounded"/>
      <xs:element name="UseOfParcel" type="cdt:CodeType" minOccurs="0" maxOccurs="unbounded"/>
      <xs:element name="Volume" type="cdt:NumericType" minOccurs="0"/>
    </xs:sequence>
    <xs:attribute name="ref" type="xs:string" use="optional"/>
  </xs:complexType>
  <xs:element name="Polygon" type="lab:Polygon"/>
  <xs:complexType name="Polygon">
    <xs:annotation>
      <xs:documentation>
        <artefact id="B5AE4B85_DE26_44d8_B1FA_B88020DA6912" name="Polygon" stereotype="ACC"/>
        <properties author="National eDAIS Coordination Office" version="2.3.0r2"/>
        <notes>A Polygon is a closed figure that can be made up of 2 or more lines (which may be either Regular Lines, Curves or Irregular lines).  A parcel only needs to be defined by a Polygon if the survey needs to be spatially dealt with by the survey i.e. as a created or cancelled parcel.  Some parcels may not require to be spatial defined for the purpose of the survey, specifically where the parcel is defining an administrative area etc.  These elements are mapped to the LandXML Coordinate Geometry elements.  This element maps to the HDM Survey Polygon element.</notes>
      </xs:documentation>
    </xs:annotation>
    <xs:sequence>
      <xs:element name="Centroid" type="cdt:TextType" minOccurs="0"/>
      <xs:element name="Desc" type="cdt:TextType" minOccurs="0"/>
      <xs:element name="Line" type="lab:Line" minOccurs="2" maxOccurs="unbounded"/>
      <xs:element name="Name" type="cdt:TextType"/>
      <xs:element name="OID" type="cdt:IdentifierType"/>
      <xs:element name="State" type="cdt:CodeType" minOccurs="0"/>
    </xs:sequence>
    <xs:attribute name="ref" type="xs:string" use="optional"/>
  </xs:complexType>
  <xs:element name="SchemeLand" type="lab:SchemeLand"/>
  <xs:complexType name="SchemeLand">
    <xs:annotation>
      <xs:documentation>
        <artefact id="38003730_D1CD_480b_95BC_8A200E10A307" name="SchemeLand" stereotype="ACC"/>
        <properties author="National eDAIS Coordination Office" version="2.3.0r2"/>
        <notes>The recording of special attributes relating to the apportionment of rights and obligations of the Body Corporate.</notes>
      </xs:documentation>
    </xs:annotation>
    <xs:sequence>
      <xs:element name="LiabilityApportionment" type="cdt:TextType" minOccurs="0"/>
      <xs:element name="LotEntitlements" type="cdt:TextType" minOccurs="0"/>
    </xs:sequence>
    <xs:attribute name="ref" type="xs:string" use="optional"/>
  </xs:complexType>
  <xs:element name="Survey" type="lab:Survey"/>
  <xs:complexType name="Survey">
    <xs:annotation>
      <xs:documentation>
        <artefact id="12CAE0AB_976D_4a82_A3D2_3A3001DF1378" name="Survey" stereotype="ACC"/>
        <properties author="National eDAIS Coordination Office" version="2.3.0r2"/>
        <notes>The generic survey data.  The survey description is the standard form for a description of what the survey is achieving.</notes>
      </xs:documentation>
    </xs:annotation>
    <xs:sequence>
      <xs:element name="CoordinateSystem" type="lab:CoordinateSystem"/>
      <xs:element name="FieldNoteFlag" type="cdt:IndicatorType" minOccurs="0"/>
      <xs:element name="FieldNoteReference" type="cdt:TextType" minOccurs="0" maxOccurs="unbounded"/>
      <xs:element name="FieldReport" type="cdt:TextType" minOccurs="0" maxOccurs="unbounded"/>
      <xs:element name="FileReference" type="cdt:TextType" minOccurs="0"/>
      <xs:element name="Parcel" type="lab:Parcel" minOccurs="0" maxOccurs="unbounded"/>
      <xs:element name="PurposeOfSurvey" type="cdt:CodeType" minOccurs="0" maxOccurs="unbounded"/>
      <xs:element name="SurveyCancDesc" type="cdt:TextType" minOccurs="0"/>
      <xs:element name="SurveyDesc" type="cdt:TextType" minOccurs="0"/>
      <xs:element name="SurveyPoint" type="lab:SurveyPoint" minOccurs="0" maxOccurs="unbounded"/>
      <xs:element name="SurveyType" type="cdt:CodeType" minOccurs="0"/>
    </xs:sequence>
    <xs:attribute name="ref" type="xs:string" use="optional"/>
  </xs:complexType>
  <xs:element name="SurveyDocument" type="lab:SurveyDocument"/>
  <xs:complexType name="SurveyDocument">
    <xs:annotation>
      <xs:documentation>
        <artefact id="588E9BBE_894F_498d_8497_E911A83622C1" name="SurveyDocument" stereotype="ACC"/>
        <properties author="National eDAIS Coordination Office" version="2.3.0r2"/>
        <notes>This class contains the administrative and textual data associated with the metadata of the plan and the administrative actions displayed on the plan.</notes>
      </xs:documentation>
    </xs:annotation>
    <xs:sequence>
      <xs:element name="AdministrativeArea" type="lab:AdministrativeArea" minOccurs="0" maxOccurs="unbounded"/>
      <xs:element name="AdministrativeDate" type="cdt:CodeType" minOccurs="0" maxOccurs="unbounded"/>
      <xs:element name="Annotation" type="lab:Annotation" minOccurs="0" maxOccurs="unbounded"/>
      <xs:element name="HeadOfPower" type="cdt:CodeType" minOccurs="0"/>
      <xs:element name="Note" type="cdt:TextType" minOccurs="0" maxOccurs="unbounded"/>
      <xs:element name="Status" type="cdt:CodeType" minOccurs="0"/>
      <xs:element name="Survey" type="lab:Survey" maxOccurs="unbounded"/>
      <xs:element name="SurveyFormat" type="cdt:CodeType" minOccurs="0"/>
    </xs:sequence>
    <xs:attribute name="ref" type="xs:string" use="optional"/>
  </xs:complexType>
  <xs:element name="SurveyPoint" type="lab:SurveyPoint"/>
  <xs:complexType name="SurveyPoint">
    <xs:annotation>
      <xs:documentation>
        <artefact id="5F2D5756_8A9B_481c_9DEB_1164B27E7631" name="SurveyPoint" stereotype="ACC"/>
        <properties author="National eDAIS Coordination Office" version="2.3.0r2"/>
        <notes>The survey nodes within the file.  A node is any point of interest in the Survey and may relate to Boundary Points, Traverse Point or Reference Mark. A Permanent Survey Mark is also a Node.
This element maps to the LandXML Element of cgpoint.  This element also maps to the ICSM HDM Element of Survey Point.</notes>
      </xs:documentation>
    </xs:annotation>
    <xs:sequence>
      <xs:element name="Code" type="cdt:CodeType" minOccurs="0"/>
      <xs:element name="Desc" type="cdt:TextType" minOccurs="0"/>
      <xs:element name="Line" type="lab:Line" minOccurs="2" maxOccurs="2"/>
      <xs:element name="Name" type="cdt:TextType"/>
      <xs:element name="OID" type="cdt:IdentifierType"/>
      <xs:element name="PntSurv" type="cdt:TextType" minOccurs="0"/>
      <xs:element name="Role" type="cdt:TextType" minOccurs="0"/>
      <xs:element name="State" type="cdt:CodeType" minOccurs="0"/>
      <xs:element name="SurveyOrder" type="cdt:NumericType" minOccurs="0"/>
      <xs:element name="ThreeDPoint" type="cdt:TextType" minOccurs="0"/>
      <xs:element name="TwoDPoint" type="cdt:TextType" minOccurs="0"/>
      <xs:element name="ZoneNumber" type="cdt:NumericType" minOccurs="0"/>
    </xs:sequence>
    <xs:attribute name="ref" type="xs:string" use="optional"/>
  </xs:complexType>
  <xs:element name="TitleReference" type="lab:TitleReference"/>
  <xs:complexType name="TitleReference">
    <xs:annotation>
      <xs:documentation>
        <artefact id="31C40EBC_6C4B_4c83_A36D_F7BF1C7D9C4A" name="TitleReference" stereotype="ACC"/>
        <properties author="National eDAIS Coordination Office" version="2.3.0r2"/>
        <notes>The references to Titles relevant to a parcel.  A parcel may have several interests created by different documents which will need to be dealt with.  For example, a lot may have several Certificates of Title and some mortgages which will need to be allocated to new parcels, and thus, from a definitional perspective, each of the title details must be known.  This model uses a simple textual description of the Title, consistent with the LIXI/NECSDS standards but not using those standards at this stage.</notes>
      </xs:documentation>
    </xs:annotation>
    <xs:sequence>
      <xs:element name="Name" type="cdt:TextType"/>
      <xs:element name="TitleType" type="cdt:CodeType"/>
    </xs:sequence>
    <xs:attribute name="ref" type="xs:string" use="optional"/>
  </xs:complexType>
  <xs:element name="Volume" type="lab:Volume"/>
  <xs:complexType name="Volume">
    <xs:annotation>
      <xs:documentation>
        <artefact id="68A383D7_C6F5_4df3_B235_D096EFB94F80" name="Volume" stereotype="ACC"/>
        <properties author="National eDAIS Coordination Office" version="2.3.0r2"/>
        <notes>A cubic space made up of polygons, which are its faces.  Where the parcel being defined is a volumetric lot then the volume must be specifically defined by its faces.  These faces are regular or irregular polygons.</notes>
      </xs:documentation>
    </xs:annotation>
    <xs:sequence>
      <xs:element name="Centroid" type="cdt:TextType" minOccurs="0"/>
      <xs:element name="Desc" type="cdt:TextType" minOccurs="0"/>
      <xs:element name="Name" type="cdt:TextType"/>
      <xs:element name="OID" type="cdt:IdentifierType"/>
      <xs:element name="Polygon" type="lab:Polygon" minOccurs="0" maxOccurs="2"/>
      <xs:element name="State" type="cdt:CodeType" minOccurs="0"/>
    </xs:sequence>
    <xs:attribute name="ref" type="xs:string" use="optional"/>
  </xs:complexType>
</xs:schema>]]></con:content><con:type>http://www.w3.org/2001/XMLSchema</con:type></con:part><con:part><con:url>file:\C:\Users\hunter\dev\Buildaform%20-%20EHC\src\Buildaform.eDAIS\biv\cdt.type.2.3.0r2.xsd</con:url><con:content><![CDATA[<xs:schema targetNamespace="http://xml.gov.au/edais/dt/qdt/cdt.type.2.3.0r2" elementFormDefault="qualified" attributeFormDefault="unqualified" version="2.3.0r2" xmlns:cdt="http://xml.gov.au/edais/dt/qdt/cdt.type.2.3.0r2" xmlns:xs="http://www.w3.org/2001/XMLSchema">
  <xs:annotation>
    <xs:documentation>
      <artefact id="715EEBAF_0487_4102_8FB6_99B007FA2A55" name="Core Data Types" stereotype="QDTLibrary"/>
      <properties author="National eDAIS Coordination Office" version="2.3.0r2"/>
      <notes/>
    </xs:documentation>
  </xs:annotation>
  <xs:simpleType name="Amount">
    <xs:restriction base="xs:decimal"/>
  </xs:simpleType>
  <xs:complexType name="AmountType">
    <xs:annotation>
      <xs:documentation>
        <artefact id="78D75814_387B_4c1c_8CC7_7CF2917BE8AD" name="Amount" stereotype="QDT"/>
        <properties author="National eDAIS Coordination Office" version="2.3.0r2"/>
        <notes>Supports the ability to provide a currency code with an amount value.</notes>
      </xs:documentation>
    </xs:annotation>
    <xs:simpleContent>
      <xs:extension base="cdt:Amount">
        <xs:attribute name="CurrencyCode" type="xs:string" use="optional">
          <xs:annotation>
            <xs:documentation>
              <artefact id="2520B32D_D2FB_4e16_85C2_7C746AAAABD7" name="CurrencyCode" stereotype="SUP"/>
              <notes>The currency code for the associated amount value.</notes>
            </xs:documentation>
          </xs:annotation>
        </xs:attribute>
      </xs:extension>
    </xs:simpleContent>
  </xs:complexType>
  <xs:simpleType name="BinaryObject">
    <xs:restriction base="xs:base64Binary"/>
  </xs:simpleType>
  <xs:complexType name="BinaryObjectType">
    <xs:annotation>
      <xs:documentation>
        <artefact id="0D0802BF_6C49_479c_B4A2_D77DDB98D4F0" name="BinaryObject" stereotype="QDT"/>
        <properties author="National eDAIS Coordination Office" version="2.3.0r2"/>
        <notes>A primitive date value with formatting attached.</notes>
      </xs:documentation>
    </xs:annotation>
    <xs:simpleContent>
      <xs:extension base="cdt:BinaryObject">
        <xs:attribute name="Format" type="xs:string" use="optional">
          <xs:annotation>
            <xs:documentation>
              <artefact id="0AAB9EFE_BE57_408a_9ED8_32C715304AB3" name="Format" stereotype="SUP"/>
              <notes/>
            </xs:documentation>
          </xs:annotation>
        </xs:attribute>
        <xs:attribute name="MimeCode" type="xs:string" use="optional">
          <xs:annotation>
            <xs:documentation>
              <artefact id="12907CC9_C55B_44d9_8DE8_57E61A6B5F12" name="MimeCode" stereotype="SUP"/>
              <notes/>
            </xs:documentation>
          </xs:annotation>
        </xs:attribute>
        <xs:attribute name="CharacterSetCode" type="xs:string" use="optional">
          <xs:annotation>
            <xs:documentation>
              <artefact id="88A2CF18_8BAE_472a_A7AB_571FCC93ACD2" name="CharacterSetCode" stereotype="SUP"/>
              <notes/>
            </xs:documentation>
          </xs:annotation>
        </xs:attribute>
        <xs:attribute name="EncodingCode" type="xs:string" use="optional">
          <xs:annotation>
            <xs:documentation>
              <artefact id="3E0A6400_3632_48a0_A1AC_6B195BC04C80" name="EncodingCode" stereotype="SUP"/>
              <notes/>
            </xs:documentation>
          </xs:annotation>
        </xs:attribute>
        <xs:attribute name="UniformResourceIdentifier" type="xs:string" use="optional">
          <xs:annotation>
            <xs:documentation>
              <artefact id="11C595B6_DE72_42e9_907E_97F4ADE06415" name="UniformResourceIdentifier" stereotype="SUP"/>
              <notes/>
            </xs:documentation>
          </xs:annotation>
        </xs:attribute>
        <xs:attribute name="Filename" type="xs:string" use="optional">
          <xs:annotation>
            <xs:documentation>
              <artefact id="5203A659_E468_47e5_AF3A_994F18D7F88B" name="Filename" stereotype="SUP"/>
              <notes/>
            </xs:documentation>
          </xs:annotation>
        </xs:attribute>
      </xs:extension>
    </xs:simpleContent>
  </xs:complexType>
  <xs:simpleType name="Code">
    <xs:restriction base="xs:string"/>
  </xs:simpleType>
  <xs:complexType name="CodeType">
    <xs:annotation>
      <xs:documentation>
        <artefact id="F1259AB4_7AAD_412f_8C29_60825CD05A11" name="Code" stereotype="QDT"/>
        <properties author="National eDAIS Coordination Office" version="2.3.0r2"/>
        <notes>A generic qualified data type which is used to define a placeholder where a more qualified code list driven data type could potentially be used, but can not as yet be defined.</notes>
      </xs:documentation>
    </xs:annotation>
    <xs:simpleContent>
      <xs:extension base="cdt:Code">
        <xs:attribute name="codeName" type="xs:string" use="optional">
          <xs:annotation>
            <xs:documentation>
              <artefact id="D16BEB62_1C24_40f0_8AE2_BC8FD8DC6B38" name="codeName" stereotype="SUP"/>
              <notes>A textual representation of the content value.  Useful for providing an expanded version of a code (i.e. for AU content, you could provide Australia in its CodeName attribute).</notes>
            </xs:documentation>
          </xs:annotation>
        </xs:attribute>
        <xs:attribute name="codeListURI" type="xs:string" use="optional">
          <xs:annotation>
            <xs:documentation>
              <artefact id="652AF8C4_8FF8_4371_9869_C4193066AA29" name="codeListURI" stereotype="SUP"/>
              <notes>The URI of this content's codelist.</notes>
            </xs:documentation>
          </xs:annotation>
        </xs:attribute>
        <xs:attribute name="codeListAgency" type="xs:string" use="optional">
          <xs:annotation>
            <xs:documentation>
              <artefact id="E5FF3F30_0C8C_4e20_A403_062F75C95046" name="codeListAgency" stereotype="SUP"/>
              <notes>The name of the agency that is responsible for maintaining this content's codelist.</notes>
            </xs:documentation>
          </xs:annotation>
        </xs:attribute>
        <xs:attribute name="codeListName" type="xs:string" use="optional">
          <xs:annotation>
            <xs:documentation>
              <artefact id="367C529E_4B44_4ffb_BF9B_2AF2D0296DEC" name="codeListName" stereotype="SUP"/>
              <notes>The name of the code list the content is taken from.</notes>
            </xs:documentation>
          </xs:annotation>
        </xs:attribute>
        <xs:attribute name="codeListVersion" type="xs:string" use="optional">
          <xs:annotation>
            <xs:documentation>
              <artefact id="278DBAE2_DC71_4def_87FA_C2A77563D4E8" name="codeListVersion" stereotype="SUP"/>
              <notes>The unique version of this content's codelist.</notes>
            </xs:documentation>
          </xs:annotation>
        </xs:attribute>
      </xs:extension>
    </xs:simpleContent>
  </xs:complexType>
  <xs:simpleType name="Date">
    <xs:restriction base="xs:date"/>
  </xs:simpleType>
  <xs:complexType name="DateType">
    <xs:annotation>
      <xs:documentation>
        <artefact id="590FD531_CB2F_4ff7_B387_D5C06AC755F3" name="Date" stereotype="QDT"/>
        <properties author="National eDAIS Coordination Office" version="2.3.0r2"/>
        <notes>A primitive date value with formatting attached.</notes>
      </xs:documentation>
    </xs:annotation>
    <xs:simpleContent>
      <xs:extension base="cdt:Date">
        <xs:attribute name="Format" type="xs:string" use="optional">
          <xs:annotation>
            <xs:documentation>
              <artefact id="70D5118F_3891_4a8f_BAEC_B7505FFCF268" name="Format" stereotype="SUP"/>
              <notes/>
            </xs:documentation>
          </xs:annotation>
        </xs:attribute>
      </xs:extension>
    </xs:simpleContent>
  </xs:complexType>
  <xs:simpleType name="DateTime">
    <xs:restriction base="xs:dateTime"/>
  </xs:simpleType>
  <xs:complexType name="DateTimeType">
    <xs:annotation>
      <xs:documentation>
        <artefact id="087C437F_E2A9_42e8_8A50_1C5822C18E50" name="DateTime" stereotype="QDT"/>
        <properties author="National eDAIS Coordination Office" version="2.3.0r2"/>
        <notes>A primitive datetime value with formatting attached.</notes>
      </xs:documentation>
    </xs:annotation>
    <xs:simpleContent>
      <xs:extension base="cdt:DateTime">
        <xs:attribute name="Format" type="xs:string" use="optional">
          <xs:annotation>
            <xs:documentation>
              <artefact id="3FCCEE37_0980_4891_921D_330BCADB1B7F" name="Format" stereotype="SUP"/>
              <notes>The format of the datestring using ISO 8601 date format strings.</notes>
            </xs:documentation>
          </xs:annotation>
        </xs:attribute>
      </xs:extension>
    </xs:simpleContent>
  </xs:complexType>
  <xs:simpleType name="Identifier">
    <xs:restriction base="xs:string"/>
  </xs:simpleType>
  <xs:complexType name="IdentifierType">
    <xs:annotation>
      <xs:documentation>
        <artefact id="05B497C8_A833_4621_8066_A7AABC5D3614" name="Identifier" stereotype="QDT"/>
        <properties author="National eDAIS Coordination Office" version="2.3.0r2"/>
        <notes>A data type that optionally provides extra information surrounding an identifier value.</notes>
      </xs:documentation>
    </xs:annotation>
    <xs:simpleContent>
      <xs:extension base="cdt:Identifier">
        <xs:attribute name="identificationSchemeName" type="xs:string" use="optional">
          <xs:annotation>
            <xs:documentation>
              <artefact id="01E276AA_F2BB_4097_83C9_FE669B935CEF" name="identificationSchemeName" stereotype="SUP"/>
              <notes>The name of the identification scheme.</notes>
            </xs:documentation>
          </xs:annotation>
        </xs:attribute>
        <xs:attribute name="identificationSchemeURI" type="xs:string" use="optional">
          <xs:annotation>
            <xs:documentation>
              <artefact id="3A593286_0E8E_4f65_8F6D_2A78637D7906" name="identificationSchemeURI" stereotype="SUP"/>
              <notes>The URI where this identification scheme is located.</notes>
            </xs:documentation>
          </xs:annotation>
        </xs:attribute>
        <xs:attribute name="identificationSchemeVersion" type="xs:string" use="optional">
          <xs:annotation>
            <xs:documentation>
              <artefact id="33747EF9_BB9F_454d_8BA5_026B1058B3AC" name="identificationSchemeVersion" stereotype="SUP"/>
              <notes>The version of the identification scheme.</notes>
            </xs:documentation>
          </xs:annotation>
        </xs:attribute>
        <xs:attribute name="identificationSchemeAgency" type="xs:string" use="optional">
          <xs:annotation>
            <xs:documentation>
              <artefact id="BC159E14_9BB9_4b2b_80E0_453B43E4D039" name="identificationSchemeAgency" stereotype="SUP"/>
              <notes>The name of the agency that maintains the identification scheme.</notes>
            </xs:documentation>
          </xs:annotation>
        </xs:attribute>
      </xs:extension>
    </xs:simpleContent>
  </xs:complexType>
  <xs:simpleType name="Indicator">
    <xs:restriction base="xs:boolean"/>
  </xs:simpleType>
  <xs:complexType name="IndicatorType">
    <xs:annotation>
      <xs:documentation>
        <artefact id="F18406F8_4226_4f54_B5D4_3C3BECAFDBF5" name="Indicator" stereotype="QDT"/>
        <properties author="National eDAIS Coordination Office" version="2.3.0r2"/>
        <notes>A primitive date value with formatting attached.</notes>
      </xs:documentation>
    </xs:annotation>
    <xs:simpleContent>
      <xs:extension base="cdt:Indicator">
        <xs:attribute name="Format" type="xs:string" use="optional">
          <xs:annotation>
            <xs:documentation>
              <artefact id="EB197999_A471_486b_8847_38B676DA3C22" name="Format" stereotype="SUP"/>
              <notes/>
            </xs:documentation>
          </xs:annotation>
        </xs:attribute>
      </xs:extension>
    </xs:simpleContent>
  </xs:complexType>
  <xs:simpleType name="Measure">
    <xs:restriction base="xs:decimal"/>
  </xs:simpleType>
  <xs:complexType name="MeasureType">
    <xs:annotation>
      <xs:documentation>
        <artefact id="C2C9873D_8A3B_4aec_8270_52C3629B2463" name="Measure" stereotype="QDT"/>
        <properties author="National eDAIS Coordination Office" version="2.3.0r2"/>
        <notes>A decimal value with attached measure unit code.</notes>
      </xs:documentation>
    </xs:annotation>
    <xs:simpleContent>
      <xs:extension base="cdt:Measure">
        <xs:attribute name="UnitCode" type="xs:string" use="optional">
          <xs:annotation>
            <xs:documentation>
              <artefact id="FFB7737F_E21E_4321_A496_0B2A1EFC94DB" name="UnitCode" stereotype="SUP"/>
              <notes/>
            </xs:documentation>
          </xs:annotation>
        </xs:attribute>
      </xs:extension>
    </xs:simpleContent>
  </xs:complexType>
  <xs:simpleType name="Numeric">
    <xs:restriction base="xs:decimal"/>
  </xs:simpleType>
  <xs:complexType name="NumericType">
    <xs:annotation>
      <xs:documentation>
        <artefact id="F0FB87DC_CED1_4719_8785_AADBFCE2DBBF" name="Numeric" stereotype="QDT"/>
        <properties author="National eDAIS Coordination Office" version="2.3.0r2"/>
        <notes>A decimal value with attached formatting.</notes>
      </xs:documentation>
    </xs:annotation>
    <xs:simpleContent>
      <xs:extension base="cdt:Numeric">
        <xs:attribute name="Format" type="xs:string" use="optional">
          <xs:annotation>
            <xs:documentation>
              <artefact id="516BBE7C_9EBE_475a_8CC8_5EA654B95C17" name="Format" stereotype="SUP"/>
              <notes>The format of the number.</notes>
            </xs:documentation>
          </xs:annotation>
        </xs:attribute>
      </xs:extension>
    </xs:simpleContent>
  </xs:complexType>
  <xs:simpleType name="Text">
    <xs:restriction base="xs:string"/>
  </xs:simpleType>
  <xs:complexType name="TextType">
    <xs:annotation>
      <xs:documentation>
        <artefact id="47B1ABD8_F9AF_4aa5_904E_5D3B181D6478" name="Text" stereotype="QDT"/>
        <properties author="National eDAIS Coordination Office" version="2.3.0r2"/>
        <notes>This data type defines a primitive xsd:string type providing extra language and locale information.</notes>
      </xs:documentation>
    </xs:annotation>
    <xs:simpleContent>
      <xs:extension base="cdt:Text">
        <xs:attribute name="LanguageIdentifier" type="xs:string" use="optional">
          <xs:annotation>
            <xs:documentation>
              <artefact id="AFEA919C_1900_4b90_83EF_1F0A6D6D73E9" name="LanguageIdentifier" stereotype="SUP"/>
              <notes>The identifier of the language used in this content.</notes>
            </xs:documentation>
          </xs:annotation>
        </xs:attribute>
        <xs:attribute name="LanguageLocaleIdentifier" type="xs:string" use="optional">
          <xs:annotation>
            <xs:documentation>
              <artefact id="9E745210_3D7A_417b_B5E0_778E8FE00331" name="LanguageLocaleIdentifier" stereotype="SUP"/>
              <notes>The identification of the locale of the language.</notes>
            </xs:documentation>
          </xs:annotation>
        </xs:attribute>
      </xs:extension>
    </xs:simpleContent>
  </xs:complexType>
  <xs:simpleType name="Time">
    <xs:restriction base="xs:time"/>
  </xs:simpleType>
  <xs:complexType name="TimeType">
    <xs:annotation>
      <xs:documentation>
        <artefact id="A514DB2D_BEFA_418d_9639_6786C19A1AB1" name="Time" stereotype="QDT"/>
        <properties author="National eDAIS Coordination Office" version="2.3.0r2"/>
        <notes>A primitive time value with formatting.</notes>
      </xs:documentation>
    </xs:annotation>
    <xs:simpleContent>
      <xs:extension base="cdt:Time">
        <xs:attribute name="Format" type="xs:string" use="optional">
          <xs:annotation>
            <xs:documentation>
              <artefact id="098515DC_F7C1_495c_A2C8_63FFD47B39B6" name="Format" stereotype="SUP"/>
              <notes/>
            </xs:documentation>
          </xs:annotation>
        </xs:attribute>
      </xs:extension>
    </xs:simpleContent>
  </xs:complexType>
</xs:schema>]]></con:content><con:type>http://www.w3.org/2001/XMLSchema</con:type></con:part><con:part><con:url>file:\C:\Users\hunter\dev\Buildaform%20-%20EHC\src\Buildaform.eDAIS\biv\naa.data.2.3.0r2.xsd</con:url><con:content><![CDATA[<xs:schema targetNamespace="http://xml.gov.au/edais/core/naa.data.2.3.0r2" elementFormDefault="qualified" attributeFormDefault="unqualified" version="2.3.0r2" xmlns:cdt="http://xml.gov.au/edais/dt/qdt/cdt.type.2.3.0r2" xmlns:naa="http://xml.gov.au/edais/core/naa.data.2.3.0r2" xmlns:xs="http://www.w3.org/2001/XMLSchema">
  <xs:import namespace="http://xml.gov.au/edais/dt/qdt/cdt.type.2.3.0r2" schemaLocation="cdt.type.2.3.0r2.xsd"/>
  <xs:annotation>
    <xs:documentation>
      <artefact id="31687661_C584_48af_A957_791BF364253C" name="Name and Address" stereotype="CCLibrary"/>
      <properties author="National eDAIS Coordination Office" version="2.3.0r2"/>
      <notes/>
    </xs:documentation>
  </xs:annotation>
  <xs:element name="Address" type="naa:Address"/>
  <xs:complexType name="Address">
    <xs:annotation>
      <xs:documentation>
        <artefact id="F3D8F141_ED6B_4f58_A48C_1DA00FE8E138" name="Address" stereotype="ACC"/>
        <properties author="National eDAIS Coordination Office" version="2.3.0r2"/>
        <notes>The location at which a particular organisation or person may be found or reached.</notes>
      </xs:documentation>
    </xs:annotation>
    <xs:sequence>
      <xs:element name="Address" type="naa:Address" minOccurs="0" maxOccurs="unbounded"/>
      <xs:element name="BlockName" type="cdt:TextType" minOccurs="0"/>
      <xs:element name="BuildingName" type="cdt:TextType" minOccurs="0"/>
      <xs:element name="BuildingNumber" type="cdt:TextType" minOccurs="0"/>
      <xs:element name="CityName" type="cdt:TextType" minOccurs="0"/>
      <xs:element name="Code" type="cdt:CodeType" minOccurs="0"/>
      <xs:element name="CountryName" type="cdt:CodeType" minOccurs="0"/>
      <xs:element name="CountrySubDivision" type="cdt:CodeType" minOccurs="0"/>
      <xs:element name="Geocode" type="naa:Geocode" minOccurs="0" maxOccurs="unbounded"/>
      <xs:element name="Identification" type="cdt:IdentifierType"/>
      <xs:element name="LineFive" type="cdt:TextType" minOccurs="0"/>
      <xs:element name="LineFour" type="cdt:TextType" minOccurs="0"/>
      <xs:element name="LineOne" type="cdt:TextType" minOccurs="0"/>
      <xs:element name="LineSix" type="cdt:TextType" minOccurs="0"/>
      <xs:element name="LineThree" type="cdt:TextType" minOccurs="0"/>
      <xs:element name="LineTwo" type="cdt:TextType" minOccurs="0"/>
      <xs:element name="PostOfficeBox" type="cdt:TextType" minOccurs="0"/>
      <xs:element name="Postcode" type="cdt:TextType" minOccurs="0"/>
      <xs:element name="StreetName" type="cdt:TextType" minOccurs="0"/>
      <xs:element name="StreetSuffix" type="cdt:CodeType" minOccurs="0"/>
      <xs:element name="StreetType" type="cdt:CodeType" minOccurs="0"/>
      <xs:element name="Usage" type="cdt:CodeType" minOccurs="0"/>
      <xs:element name="UsagePeriod" type="naa:Period" minOccurs="0"/>
    </xs:sequence>
    <xs:attribute name="ref" type="xs:string" use="optional"/>
  </xs:complexType>
  <xs:element name="Contact" type="naa:Contact"/>
  <xs:complexType name="Contact">
    <xs:annotation>
      <xs:documentation>
        <artefact id="2D18EB74_E7B2_4719_9CA3_D11B68FB49A6" name="Contact" stereotype="ACC"/>
        <properties author="National eDAIS Coordination Office" version="2.3.0r2"/>
        <notes>A person or department that acts as a point of contact with another person or department.</notes>
      </xs:documentation>
    </xs:annotation>
    <xs:sequence>
      <xs:element name="DepartmentName" type="cdt:TextType" minOccurs="0"/>
      <xs:element name="Description" type="cdt:TextType" minOccurs="0"/>
      <xs:element name="Identification" type="cdt:IdentifierType"/>
      <xs:element name="Internet" type="naa:Internet" minOccurs="0" maxOccurs="unbounded"/>
      <xs:element name="IsPrimary" type="cdt:IndicatorType" minOccurs="0"/>
      <xs:element name="JobTitle" type="cdt:TextType" minOccurs="0"/>
      <xs:element name="PersonName" type="naa:PersonName" minOccurs="0"/>
      <xs:element name="Responsibility" type="cdt:TextType" minOccurs="0"/>
      <xs:element name="Telephone" type="naa:Telephone" minOccurs="0" maxOccurs="unbounded"/>
      <xs:element name="Type" type="cdt:CodeType" minOccurs="0"/>
    </xs:sequence>
    <xs:attribute name="ref" type="xs:string" use="optional"/>
  </xs:complexType>
  <xs:element name="Geocode" type="naa:Geocode"/>
  <xs:complexType name="Geocode">
    <xs:annotation>
      <xs:documentation>
        <artefact id="1D99F9CA_5C9B_4559_A8A4_6B2F713D4C53" name="Geocode" stereotype="ACC"/>
        <properties author="National eDAIS Coordination Office" version="2.3.0r2"/>
        <notes>A set of geographical coordinates of a specific point such as the longitude, latitude and altitude.</notes>
      </xs:documentation>
    </xs:annotation>
    <xs:sequence>
      <xs:element name="AltimetricSystem" type="cdt:CodeType" minOccurs="0"/>
      <xs:element name="Altitude" type="cdt:NumericType" minOccurs="0"/>
      <xs:element name="Identification" type="cdt:IdentifierType"/>
      <xs:element name="Latitude" type="cdt:NumericType"/>
      <xs:element name="LatitudeDirection" type="cdt:CodeType" minOccurs="0"/>
      <xs:element name="Longitude" type="cdt:NumericType"/>
      <xs:element name="LongitudeDirection" type="cdt:CodeType" minOccurs="0"/>
      <xs:element name="System" type="cdt:CodeType" minOccurs="0"/>
    </xs:sequence>
    <xs:attribute name="ref" type="xs:string" use="optional"/>
  </xs:complexType>
  <xs:element name="Internet" type="naa:Internet"/>
  <xs:complexType name="Internet">
    <xs:annotation>
      <xs:documentation>
        <artefact id="2933DCD1_43F7_4e42_882A_05DD7A23D25A" name="Internet" stereotype="ACC"/>
        <properties author="National eDAIS Coordination Office" version="2.3.0r2"/>
        <notes>Details for internet based communication.</notes>
      </xs:documentation>
    </xs:annotation>
    <xs:sequence>
      <xs:element name="Type" type="cdt:CodeType"/>
      <xs:element name="URI" type="xs:anyURI"/>
    </xs:sequence>
    <xs:attribute name="ref" type="xs:string" use="optional"/>
  </xs:complexType>
  <xs:element name="Organisation" type="naa:Organisation"/>
  <xs:complexType name="Organisation">
    <xs:annotation>
      <xs:documentation>
        <artefact id="A9FA3A77_64E3_450b_BDDF_4070DDEEF6DB" name="Organisation" stereotype="ACC"/>
        <properties author="National eDAIS Coordination Office" version="2.3.0r2"/>
        <notes>An organised structure set up for a particular purpose, such as a business, government body, department, charity, or financial institution.</notes>
      </xs:documentation>
    </xs:annotation>
    <xs:sequence>
      <xs:element name="Contact" type="naa:Contact" minOccurs="0" maxOccurs="unbounded"/>
      <xs:element name="Description" type="cdt:TextType" minOccurs="0"/>
      <xs:element name="Identification" type="cdt:IdentifierType"/>
      <xs:element name="IndustryClassification" type="cdt:CodeType" minOccurs="0"/>
      <xs:element name="Internet" type="naa:Internet" minOccurs="0" maxOccurs="unbounded"/>
      <xs:element name="IsActive" type="cdt:IndicatorType" minOccurs="0"/>
      <xs:element name="LegalClassification" type="cdt:CodeType" minOccurs="0"/>
      <xs:element name="Organisation" type="naa:Organisation" minOccurs="0" maxOccurs="unbounded"/>
      <xs:element name="OrganisationName" type="naa:OrganisationName" maxOccurs="unbounded"/>
      <xs:element name="PhysicalAddress" type="naa:Address" minOccurs="0" maxOccurs="unbounded"/>
      <xs:element name="PostalAddress" type="naa:Address" minOccurs="0" maxOccurs="unbounded"/>
      <xs:element name="Registration" type="naa:Registration" minOccurs="0" maxOccurs="unbounded"/>
      <xs:element name="Status" type="naa:Status" minOccurs="0" maxOccurs="unbounded"/>
      <xs:element name="Telephone" type="naa:Telephone" minOccurs="0" maxOccurs="unbounded"/>
      <xs:element name="Type" type="cdt:CodeType" minOccurs="0"/>
    </xs:sequence>
    <xs:attribute name="ref" type="xs:string" use="optional"/>
  </xs:complexType>
  <xs:element name="OrganisationName" type="naa:OrganisationName"/>
  <xs:complexType name="OrganisationName">
    <xs:annotation>
      <xs:documentation>
        <artefact id="A0534378_5545_45ff_8A28_B797EC457A5A" name="OrganisationName" stereotype="ACC"/>
        <properties author="National eDAIS Coordination Office" version="2.3.0r2"/>
        <notes>The name(s) by which an organisation may be known.</notes>
      </xs:documentation>
    </xs:annotation>
    <xs:sequence>
      <xs:element name="Classification" type="cdt:CodeType"/>
      <xs:element name="Name" type="cdt:TextType"/>
      <xs:element name="ValidityPeriod" type="naa:Period" minOccurs="0"/>
    </xs:sequence>
    <xs:attribute name="ref" type="xs:string" use="optional"/>
  </xs:complexType>
  <xs:element name="Party" type="naa:Party"/>
  <xs:complexType name="Party">
    <xs:annotation>
      <xs:documentation>
        <artefact id="960783D7_0187_4bce_A6D3_3D6F119BEEA5" name="Party" stereotype="ACC"/>
        <properties author="National eDAIS Coordination Office" version="2.3.0r2"/>
        <notes>An individual, a group, or a body having a role in a business function.  Party has a legal connotation in a business transaction.</notes>
      </xs:documentation>
    </xs:annotation>
    <xs:sequence>
      <xs:element name="AccessRights" type="cdt:CodeType" minOccurs="0"/>
      <xs:element name="Description" type="cdt:TextType" minOccurs="0"/>
      <xs:choice>
        <xs:element name="Organisation" type="naa:Organisation" minOccurs="0"/>
        <xs:element name="Person" type="naa:Person" minOccurs="0"/>
      </xs:choice>
      <xs:element name="Identification" type="cdt:IdentifierType"/>
      <xs:element name="Language" type="cdt:CodeType" minOccurs="0"/>
      <xs:element name="Name" type="cdt:TextType"/>
      <xs:element name="Type" type="cdt:TextType" minOccurs="0"/>
    </xs:sequence>
    <xs:attribute name="ref" type="xs:string" use="optional"/>
  </xs:complexType>
  <xs:element name="Period" type="naa:Period"/>
  <xs:complexType name="Period">
    <xs:annotation>
      <xs:documentation>
        <artefact id="B526E802_CB1A_46ce_89CC_A92DF295CECF" name="Period" stereotype="ACC"/>
        <properties author="National eDAIS Coordination Office" version="2.3.0r2"/>
        <notes>An interval of time (meaningful in relation to the development assessment process).</notes>
      </xs:documentation>
    </xs:annotation>
    <xs:sequence>
      <xs:element name="Complete" type="cdt:DateTimeType" minOccurs="0"/>
      <xs:element name="Description" type="cdt:TextType" minOccurs="0"/>
      <xs:element name="Duration" type="cdt:MeasureType" minOccurs="0"/>
      <xs:element name="End" type="cdt:DateTimeType" minOccurs="0"/>
      <xs:element name="Identification" type="cdt:IdentifierType"/>
      <xs:element name="Inclusive" type="cdt:IndicatorType" minOccurs="0"/>
      <xs:element name="Name" type="cdt:TextType" minOccurs="0"/>
      <xs:element name="Sequence" type="cdt:IdentifierType" minOccurs="0"/>
      <xs:element name="Start" type="cdt:DateTimeType"/>
    </xs:sequence>
    <xs:attribute name="ref" type="xs:string" use="optional"/>
  </xs:complexType>
  <xs:element name="Person" type="naa:Person"/>
  <xs:complexType name="Person">
    <xs:annotation>
      <xs:documentation>
        <artefact id="43D1CEF4_FC21_4b20_9CE7_06F4254E5D9C" name="Person" stereotype="ACC"/>
        <properties author="National eDAIS Coordination Office" version="2.3.0r2"/>
        <notes>An individual human being.</notes>
      </xs:documentation>
    </xs:annotation>
    <xs:sequence>
      <xs:element name="Description" type="cdt:TextType" minOccurs="0"/>
      <xs:element name="Identification" type="cdt:IdentifierType"/>
      <xs:element name="Internet" type="naa:Internet" minOccurs="0" maxOccurs="unbounded"/>
      <xs:element name="PersonName" type="naa:PersonName" maxOccurs="unbounded"/>
      <xs:element name="PostalAddress" type="naa:Address" minOccurs="0" maxOccurs="unbounded"/>
      <xs:element name="Registration" type="naa:Registration" minOccurs="0" maxOccurs="unbounded"/>
      <xs:element name="ResidentialAddress" type="naa:Address" minOccurs="0" maxOccurs="unbounded"/>
      <xs:element name="Status" type="naa:Status" minOccurs="0" maxOccurs="unbounded"/>
      <xs:element name="Telephone" type="naa:Telephone" minOccurs="0" maxOccurs="unbounded"/>
    </xs:sequence>
    <xs:attribute name="ref" type="xs:string" use="optional"/>
  </xs:complexType>
  <xs:element name="PersonName" type="naa:PersonName"/>
  <xs:complexType name="PersonName">
    <xs:annotation>
      <xs:documentation>
        <artefact id="27416BB5_8571_45aa_98E4_7C42A0877C17" name="PersonName" stereotype="ACC"/>
        <properties author="National eDAIS Coordination Office" version="2.3.0r2"/>
        <notes>The name(s) by which a person may be known.</notes>
      </xs:documentation>
    </xs:annotation>
    <xs:sequence>
      <xs:element name="Classification" type="cdt:CodeType"/>
      <xs:element name="FamilyName" type="cdt:TextType" minOccurs="0"/>
      <xs:element name="FamilyNamePrefix" type="cdt:TextType" minOccurs="0"/>
      <xs:element name="GivenName" type="cdt:TextType" minOccurs="0"/>
      <xs:element name="MiddleName" type="cdt:TextType" minOccurs="0"/>
      <xs:element name="Name" type="cdt:TextType" minOccurs="0"/>
      <xs:element name="NameSuffix" type="cdt:CodeType" minOccurs="0"/>
      <xs:element name="Salutation" type="cdt:TextType" minOccurs="0"/>
      <xs:element name="Title" type="cdt:CodeType" minOccurs="0"/>
      <xs:element name="ValidityPeriod" type="naa:Period" minOccurs="0"/>
    </xs:sequence>
    <xs:attribute name="ref" type="xs:string" use="optional"/>
  </xs:complexType>
  <xs:element name="Registration" type="naa:Registration"/>
  <xs:complexType name="Registration">
    <xs:annotation>
      <xs:documentation>
        <artefact id="D18C3D08_5262_4b49_A232_0CEEF69C1A62" name="Registration" stereotype="ACC"/>
        <properties author="National eDAIS Coordination Office" version="2.3.0r2"/>
        <notes>The recording of items or details for a specific purpose.</notes>
      </xs:documentation>
    </xs:annotation>
    <xs:sequence>
      <xs:element name="Category" type="cdt:CodeType" minOccurs="0"/>
      <xs:element name="Country" type="cdt:CodeType" minOccurs="0"/>
      <xs:element name="Identification" type="cdt:IdentifierType"/>
      <xs:element name="Licence" type="cdt:IdentifierType" minOccurs="0"/>
      <xs:element name="Recorded" type="cdt:DateTimeType" minOccurs="0"/>
      <xs:element name="Type" type="cdt:CodeType" minOccurs="0"/>
      <xs:element name="ValidityPeriod" type="naa:Period" minOccurs="0"/>
    </xs:sequence>
    <xs:attribute name="ref" type="xs:string" use="optional"/>
  </xs:complexType>
  <xs:element name="Status" type="naa:Status"/>
  <xs:complexType name="Status">
    <xs:annotation>
      <xs:documentation>
        <artefact id="0EC023EE_570A_4016_952A_14E84238B58C" name="Status" stereotype="ACC"/>
        <properties author="National eDAIS Coordination Office" version="2.3.0r2"/>
        <notes>The status as applied to a variety of data held in the system.</notes>
      </xs:documentation>
    </xs:annotation>
    <xs:sequence>
      <xs:element name="Code" type="cdt:CodeType"/>
      <xs:element name="Description" type="cdt:TextType" minOccurs="0"/>
      <xs:element name="ValidityPeriod" type="naa:Period" minOccurs="0"/>
    </xs:sequence>
    <xs:attribute name="ref" type="xs:string" use="optional"/>
  </xs:complexType>
  <xs:element name="Telephone" type="naa:Telephone"/>
  <xs:complexType name="Telephone">
    <xs:annotation>
      <xs:documentation>
        <artefact id="02C6E19D_6D55_4a00_9CDD_C04F3436BDBA" name="Telephone" stereotype="ACC"/>
        <properties author="National eDAIS Coordination Office" version="2.3.0r2"/>
        <notes>Details for telephonic communication.</notes>
      </xs:documentation>
    </xs:annotation>
    <xs:sequence>
      <xs:element name="AreaCode" type="cdt:CodeType" minOccurs="0"/>
      <xs:element name="CountryCode" type="cdt:CodeType" minOccurs="0"/>
      <xs:element name="Extension" type="cdt:TextType" minOccurs="0"/>
      <xs:element name="Number" type="cdt:IdentifierType"/>
      <xs:element name="Type" type="cdt:CodeType"/>
    </xs:sequence>
    <xs:attribute name="ref" type="xs:string" use="optional"/>
  </xs:complexType>
</xs:schema>]]></con:content><con:type>http://www.w3.org/2001/XMLSchema</con:type></con:part><con:part><con:url>file:\C:\Users\hunter\dev\Buildaform%20-%20EHC\src\Buildaform.eDAIS\biv\msg.data.2.3.0r2.xsd</con:url><con:content><![CDATA[<xs:schema targetNamespace="http://xml.gov.au/edais/core/msg.data.2.3.0r2" elementFormDefault="qualified" attributeFormDefault="unqualified" version="2.3.0r2" xmlns:cdt="http://xml.gov.au/edais/dt/qdt/cdt.type.2.3.0r2" xmlns:msgdt="http://xml.gov.au/edais/dt/qdt/msg.type.2.3.0r2" xmlns:sbmh="http://xml.gov.au/edais/core/msg.data.2.3.0r2" xmlns:xs="http://www.w3.org/2001/XMLSchema">
  <xs:import namespace="http://xml.gov.au/edais/dt/qdt/cdt.type.2.3.0r2" schemaLocation="cdt.type.2.3.0r2.xsd"/>
  <xs:import namespace="http://xml.gov.au/edais/dt/qdt/msg.type.2.3.0r2" schemaLocation="msg.type.2.3.0r2.xsd"/>
  <xs:annotation>
    <xs:documentation>
      <artefact id="AA778F85_B6F1_4203_9D12_1F6B928AD161" name="Message Components" stereotype="CCLibrary"/>
      <properties author="National eDAIS Coordination Office" version="2.3.0r2"/>
      <notes/>
    </xs:documentation>
  </xs:annotation>
  <xs:element name="BusinessScope" type="sbmh:BusinessScope"/>
  <xs:complexType name="BusinessScope">
    <xs:annotation>
      <xs:documentation>
        <artefact id="7EFC071D_170C_4ce1_A8E7_5EDC8192FF0B" name="BusinessScope" stereotype="ACC"/>
        <properties author="National eDAIS Coordination Office" version="2.3.0r2"/>
        <notes>The definition/description of the business environment, circumstances, or scenarios, in which trading partners conduct business.</notes>
      </xs:documentation>
    </xs:annotation>
    <xs:sequence>
      <xs:element name="CorrelationInformation" type="sbmh:CorrelationInformation" minOccurs="0" maxOccurs="unbounded"/>
      <xs:element name="ID" type="cdt:IdentifierType" minOccurs="0"/>
      <xs:element name="InstanceID" type="cdt:IdentifierType" minOccurs="0"/>
      <xs:element name="Type" type="msgdt:BusinessScope_CodeType"/>
    </xs:sequence>
    <xs:attribute name="ref" type="xs:string" use="optional"/>
  </xs:complexType>
  <xs:element name="Contact" type="sbmh:Contact"/>
  <xs:complexType name="Contact">
    <xs:annotation>
      <xs:documentation>
        <artefact id="342697EF_3730_47dc_B1AF_C1590022DE07" name="Contact" stereotype="ACC"/>
        <properties author="National eDAIS Coordination Office" version="2.3.0r2"/>
        <notes>Details about the (business) contact for this document (message).</notes>
      </xs:documentation>
    </xs:annotation>
    <xs:sequence>
      <xs:element name="Contact" type="cdt:TextType"/>
      <xs:element name="ContactTypeIdentifier" type="cdt:CodeType"/>
      <xs:element name="EmailAddress" type="xs:anyURI" minOccurs="0"/>
      <xs:element name="TelephoneNumber" type="cdt:TextType" minOccurs="0"/>
    </xs:sequence>
    <xs:attribute name="ref" type="xs:string" use="optional"/>
  </xs:complexType>
  <xs:element name="CorrelationInformation" type="sbmh:CorrelationInformation"/>
  <xs:complexType name="CorrelationInformation">
    <xs:annotation>
      <xs:documentation>
        <artefact id="A3031C16_87A4_4e33_8140_9074AFEDB737" name="CorrelationInformation" stereotype="ACC"/>
        <properties author="National eDAIS Coordination Office" version="2.3.0r2"/>
        <notes>A "container" for business information that allows the current message to be related to other messages in a sequence.  A block of information used to correlate a requesting SBD (message/system) to a responding SBD (message/system) and to the contract in an executing choreography.  A requesting document in the choreography could have: no response, a notification, or a response document. Therefore, the requesting and responding part of the choreography is not always one unit of activity. \Using the correlation block, parties explicitly identify the document being responded to, rather than having only the content of the document to identify the requesting document.</notes>
      </xs:documentation>
    </xs:annotation>
    <xs:sequence>
      <xs:element name="ExpectedResponseDateTime" type="cdt:DateTimeType" minOccurs="0"/>
      <xs:element name="RequestingDocumentCreationDateTime" type="cdt:DateTimeType"/>
      <xs:element name="RequestingDocumentInstanceID" type="cdt:IdentifierType"/>
    </xs:sequence>
    <xs:attribute name="ref" type="xs:string" use="optional"/>
  </xs:complexType>
  <xs:element name="DocumentIdentification" type="sbmh:DocumentIdentification"/>
  <xs:complexType name="DocumentIdentification">
    <xs:annotation>
      <xs:documentation>
        <artefact id="18BD10B4_C6E1_4266_90E1_D45CF3E58857" name="DocumentIdentification" stereotype="ACC"/>
        <properties author="National eDAIS Coordination Office" version="2.3.0r2"/>
        <notes>Characteristics containing identification about the document (which constitutes this message).</notes>
      </xs:documentation>
    </xs:annotation>
    <xs:sequence>
      <xs:element name="CreationDateTime" type="cdt:DateTimeType"/>
      <xs:element name="InstanceID" type="cdt:IdentifierType"/>
      <xs:element name="Standard" type="msgdt:Standard_CodeType"/>
      <xs:element name="Type" type="cdt:CodeType"/>
      <xs:element name="TypeVersion" type="cdt:TextType"/>
    </xs:sequence>
    <xs:attribute name="ref" type="xs:string" use="optional"/>
  </xs:complexType>
  <xs:element name="Partner" type="sbmh:Partner"/>
  <xs:complexType name="Partner">
    <xs:annotation>
      <xs:documentation>
        <artefact id="8349087A_3678_42a0_84DB_3A0CB8C7F094" name="Partner" stereotype="ACC"/>
        <properties author="National eDAIS Coordination Office" version="2.3.0r2"/>
        <notes>Logical party which sends and/or receives messages.</notes>
      </xs:documentation>
    </xs:annotation>
    <xs:sequence>
      <xs:element name="Authority" type="cdt:TextType"/>
      <xs:element name="Contact" type="sbmh:Contact" minOccurs="0" maxOccurs="unbounded"/>
      <xs:element name="ID" type="cdt:IdentifierType"/>
      <xs:element name="ProcessRole" type="cdt:CodeType"/>
    </xs:sequence>
    <xs:attribute name="ref" type="xs:string" use="optional"/>
  </xs:complexType>
  <xs:element name="ReceiptAcknowledgement" type="sbmh:ReceiptAcknowledgement"/>
  <xs:complexType name="ReceiptAcknowledgement">
    <xs:annotation>
      <xs:documentation>
        <artefact id="088E6669_BA0D_4d09_AF4B_57C222657A68" name="ReceiptAcknowledgement" stereotype="ACC"/>
        <properties author="National eDAIS Coordination Office" version="2.3.0r2"/>
        <notes>An acknowledgement of receipt of a message.</notes>
      </xs:documentation>
    </xs:annotation>
    <xs:sequence>
      <xs:element name="Identification" type="cdt:IdentifierType" minOccurs="0"/>
      <xs:element name="Timestamp" type="cdt:DateTimeType"/>
    </xs:sequence>
    <xs:attribute name="ref" type="xs:string" use="optional"/>
  </xs:complexType>
  <xs:element name="ReceiptException" type="sbmh:ReceiptException"/>
  <xs:complexType name="ReceiptException">
    <xs:annotation>
      <xs:documentation>
        <artefact id="D5788632_A88F_4d35_85F6_09BD1F584DEB" name="ReceiptException" stereotype="ACC"/>
        <properties author="National eDAIS Coordination Office" version="2.3.0r2"/>
        <notes>Business Signal provided in place of an acknowledgement if an exception is to be returned instead.</notes>
      </xs:documentation>
    </xs:annotation>
    <xs:sequence>
      <xs:element name="Identification" type="cdt:IdentifierType" minOccurs="0"/>
      <xs:element name="Message" type="cdt:TextType"/>
      <xs:element name="Reason" type="cdt:TextType"/>
      <xs:element name="Type" type="cdt:CodeType"/>
    </xs:sequence>
    <xs:attribute name="ref" type="xs:string" use="optional"/>
  </xs:complexType>
  <xs:element name="SoftwareInformation" type="sbmh:SoftwareInformation"/>
  <xs:complexType name="SoftwareInformation">
    <xs:annotation>
      <xs:documentation>
        <artefact id="FB1A473F_2485_49f0_A093_40322F04E63F" name="SoftwareInformation" stereotype="ACC"/>
        <properties author="National eDAIS Coordination Office" version="2.3.0r2"/>
        <notes>Details about the software product used in processing this message.  May also be used as an indicator of the software system used for development application processing (overall).</notes>
      </xs:documentation>
    </xs:annotation>
    <xs:sequence>
      <xs:element name="ProductID" type="cdt:IdentifierType"/>
      <xs:element name="ProductName" type="cdt:TextType" minOccurs="0"/>
      <xs:element name="ProductVersion" type="cdt:TextType" minOccurs="0"/>
    </xs:sequence>
    <xs:attribute name="ref" type="xs:string" use="optional"/>
  </xs:complexType>
  <xs:element name="StandardBusinessMessageHeader" type="sbmh:StandardBusinessMessageHeader"/>
  <xs:complexType name="StandardBusinessMessageHeader">
    <xs:annotation>
      <xs:documentation>
        <artefact id="5CA5F524_151E_477d_9798_F165836E0E14" name="StandardBusinessMessageHeader" stereotype="ACC"/>
        <properties author="National eDAIS Coordination Office" version="2.3.0r2"/>
        <notes>The Standard Business Message Header enables integration of documents between internal applications, enterprise applications, and business-to-business infrastructure by providing a consistent interface between applications.  The standard header provides the semantic information needed for the routing, processing and business domain context of documents, regardless of the data format of the document.

Further details can be found in the Standard Business Document Header (SBDH) specification version 1.3.  This document is available from the eDAIS collaboration site via Govdex (https://www.govdex.gov.au/confluence/display/eDASpec/Home).</notes>
      </xs:documentation>
    </xs:annotation>
    <xs:sequence>
      <xs:element name="BusinessScope" type="sbmh:BusinessScope" maxOccurs="unbounded"/>
      <xs:element name="DocumentIdentification" type="sbmh:DocumentIdentification"/>
      <xs:element name="ReceiverPartner" type="sbmh:Partner"/>
      <xs:element name="SenderPartner" type="sbmh:Partner"/>
      <xs:element name="SoftwareInformation" type="sbmh:SoftwareInformation" minOccurs="0" maxOccurs="unbounded"/>
      <xs:element name="Version" type="cdt:IdentifierType"/>
    </xs:sequence>
    <xs:attribute name="ref" type="xs:string" use="optional"/>
  </xs:complexType>
</xs:schema>]]></con:content><con:type>http://www.w3.org/2001/XMLSchema</con:type></con:part><con:part><con:url>file:\C:\Users\hunter\dev\Buildaform%20-%20EHC\src\Buildaform.eDAIS\biv\msg.type.2.3.0r2.xsd</con:url><con:content><![CDATA[<xs:schema targetNamespace="http://xml.gov.au/edais/dt/qdt/msg.type.2.3.0r2" elementFormDefault="qualified" attributeFormDefault="unqualified" version="2.3.0r2" xmlns:msgdt="http://xml.gov.au/edais/dt/qdt/msg.type.2.3.0r2" xmlns:xs="http://www.w3.org/2001/XMLSchema">
  <xs:annotation>
    <xs:documentation>
      <artefact id="D2139AE7_6336_45b3_9D26_C4A3D26FBC64" name="Message Header" stereotype="QDTLibrary"/>
      <properties author="National eDAIS Coordination Office" version="2.3.0r2"/>
      <notes/>
    </xs:documentation>
  </xs:annotation>
  <xs:simpleType name="BusinessScope_Code">
    <xs:restriction base="xs:string">
      <xs:enumeration value="BusinessCollaboration"/>
      <xs:enumeration value="BusinessProcess"/>
      <xs:enumeration value="BusinessTransaction"/>
    </xs:restriction>
  </xs:simpleType>
  <xs:complexType name="BusinessScope_CodeType">
    <xs:annotation>
      <xs:documentation>
        <artefact id="862EC369_CDCF_42a3_8D9F_90BD813A6220" name="BusinessScope_Code" stereotype="QDT"/>
        <properties author="National eDAIS Coordination Office" version="2.3.0r2"/>
        <notes>A Code QDT qualified by a list of valid BusinessScope codes.</notes>
      </xs:documentation>
    </xs:annotation>
    <xs:simpleContent>
      <xs:extension base="msgdt:BusinessScope_Code">
        <xs:attribute name="codeName" type="xs:string" use="optional">
          <xs:annotation>
            <xs:documentation>
              <artefact id="D16BEB62_1C24_40f0_8AE2_BC8FD8DC6B38" name="codeName" stereotype="SUP"/>
              <notes>A textual representation of the content value.  Useful for providing an expanded version of a code (i.e. for AU content, you could provide Australia in its CodeName attribute).</notes>
            </xs:documentation>
          </xs:annotation>
        </xs:attribute>
        <xs:attribute name="codeListURI" type="xs:string" use="optional">
          <xs:annotation>
            <xs:documentation>
              <artefact id="652AF8C4_8FF8_4371_9869_C4193066AA29" name="codeListURI" stereotype="SUP"/>
              <notes>The URI of this content's codelist.</notes>
            </xs:documentation>
          </xs:annotation>
        </xs:attribute>
        <xs:attribute name="codeListAgency" type="xs:string" use="optional" default="NCO">
          <xs:annotation>
            <xs:documentation>
              <artefact id="12F92777_120E_4874_B959_C999431D14CD" name="codeListAgency" stereotype="SUP"/>
              <notes>The name of the agency that is responsible for maintaining this content's codelist.</notes>
            </xs:documentation>
          </xs:annotation>
        </xs:attribute>
        <xs:attribute name="codeListName" type="xs:string" use="optional" default="BusinessScope">
          <xs:annotation>
            <xs:documentation>
              <artefact id="8E78E043_5863_4711_AFF6_BA2DDAA222A8" name="codeListName" stereotype="SUP"/>
              <notes>The name of the code list the content is taken from.</notes>
            </xs:documentation>
          </xs:annotation>
        </xs:attribute>
        <xs:attribute name="codeListVersion" type="xs:string" use="optional">
          <xs:annotation>
            <xs:documentation>
              <artefact id="278DBAE2_DC71_4def_87FA_C2A77563D4E8" name="codeListVersion" stereotype="SUP"/>
              <notes>The unique version of this content's codelist.</notes>
            </xs:documentation>
          </xs:annotation>
        </xs:attribute>
      </xs:extension>
    </xs:simpleContent>
  </xs:complexType>
  <xs:simpleType name="ContactType_Code">
    <xs:restriction base="xs:string">
      <xs:enumeration value="Receiver"/>
      <xs:enumeration value="Sender"/>
    </xs:restriction>
  </xs:simpleType>
  <xs:complexType name="ContactType_CodeType">
    <xs:annotation>
      <xs:documentation>
        <artefact id="DB96E230_D067_41c6_8917_119F5DF3FFFB" name="ContactType_Code" stereotype="QDT"/>
        <properties author="National eDAIS Coordination Office" version="2.3.0r2"/>
        <notes>A Code QDT qualified by a list of valid ContactType codes.</notes>
      </xs:documentation>
    </xs:annotation>
    <xs:simpleContent>
      <xs:extension base="msgdt:ContactType_Code">
        <xs:attribute name="codeName" type="xs:string" use="optional">
          <xs:annotation>
            <xs:documentation>
              <artefact id="D16BEB62_1C24_40f0_8AE2_BC8FD8DC6B38" name="codeName" stereotype="SUP"/>
              <notes>A textual representation of the content value.  Useful for providing an expanded version of a code (i.e. for AU content, you could provide Australia in its CodeName attribute).</notes>
            </xs:documentation>
          </xs:annotation>
        </xs:attribute>
        <xs:attribute name="codeListURI" type="xs:string" use="optional">
          <xs:annotation>
            <xs:documentation>
              <artefact id="652AF8C4_8FF8_4371_9869_C4193066AA29" name="codeListURI" stereotype="SUP"/>
              <notes>The URI of this content's codelist.</notes>
            </xs:documentation>
          </xs:annotation>
        </xs:attribute>
        <xs:attribute name="codeListAgency" type="xs:string" use="optional" default="NCO">
          <xs:annotation>
            <xs:documentation>
              <artefact id="0BC694FC_E265_4613_9F16_17755FC39753" name="codeListAgency" stereotype="SUP"/>
              <notes>The name of the agency that is responsible for maintaining this content's codelist.</notes>
            </xs:documentation>
          </xs:annotation>
        </xs:attribute>
        <xs:attribute name="codeListName" type="xs:string" use="optional" default="ContactType">
          <xs:annotation>
            <xs:documentation>
              <artefact id="A630EBE6_2993_44d9_9E08_AC9A148E0A35" name="codeListName" stereotype="SUP"/>
              <notes>The name of the code list the content is taken from.</notes>
            </xs:documentation>
          </xs:annotation>
        </xs:attribute>
        <xs:attribute name="codeListVersion" type="xs:string" use="optional">
          <xs:annotation>
            <xs:documentation>
              <artefact id="278DBAE2_DC71_4def_87FA_C2A77563D4E8" name="codeListVersion" stereotype="SUP"/>
              <notes>The unique version of this content's codelist.</notes>
            </xs:documentation>
          </xs:annotation>
        </xs:attribute>
      </xs:extension>
    </xs:simpleContent>
  </xs:complexType>
  <xs:simpleType name="DocumentType_Code">
    <xs:restriction base="xs:string">
      <xs:enumeration value="AcceptChangeApplicationTransaction"/>
      <xs:enumeration value="AcceptCreateApplicationTransaction"/>
      <xs:enumeration value="AcceptRemoveApplicationTransaction"/>
      <xs:enumeration value="ProposeChangeApplicationTransaction"/>
      <xs:enumeration value="ProposeCreateApplicationTransaction"/>
      <xs:enumeration value="ProposeRemoveApplicationTransaction"/>
      <xs:enumeration value="RejectChangeApplicationTransaction"/>
      <xs:enumeration value="RejectCreateApplicationTransaction"/>
      <xs:enumeration value="RejectRemoveApplicationTransaction"/>
    </xs:restriction>
  </xs:simpleType>
  <xs:complexType name="DocumentType_CodeType">
    <xs:annotation>
      <xs:documentation>
        <artefact id="0727DB44_BEF7_46fb_973A_FCE176E58345" name="DocumentType_Code" stereotype="QDT"/>
        <properties author="National eDAIS Coordination Office" version="2.3.0r2"/>
        <notes>A Code QDT qualified by a list of valid DocumentType codes.</notes>
      </xs:documentation>
    </xs:annotation>
    <xs:simpleContent>
      <xs:extension base="msgdt:DocumentType_Code">
        <xs:attribute name="codeName" type="xs:string" use="optional">
          <xs:annotation>
            <xs:documentation>
              <artefact id="D16BEB62_1C24_40f0_8AE2_BC8FD8DC6B38" name="codeName" stereotype="SUP"/>
              <notes>A textual representation of the content value.  Useful for providing an expanded version of a code (i.e. for AU content, you could provide Australia in its CodeName attribute).</notes>
            </xs:documentation>
          </xs:annotation>
        </xs:attribute>
        <xs:attribute name="codeListURI" type="xs:string" use="optional">
          <xs:annotation>
            <xs:documentation>
              <artefact id="652AF8C4_8FF8_4371_9869_C4193066AA29" name="codeListURI" stereotype="SUP"/>
              <notes>The URI of this content's codelist.</notes>
            </xs:documentation>
          </xs:annotation>
        </xs:attribute>
        <xs:attribute name="codeListAgency" type="xs:string" use="optional" default="NCO">
          <xs:annotation>
            <xs:documentation>
              <artefact id="EA39636E_E9FE_4ccc_8859_D874CD0B380A" name="codeListAgency" stereotype="SUP"/>
              <notes>The name of the agency that is responsible for maintaining this content's codelist.</notes>
            </xs:documentation>
          </xs:annotation>
        </xs:attribute>
        <xs:attribute name="codeListName" type="xs:string" use="optional" default="DocumentType">
          <xs:annotation>
            <xs:documentation>
              <artefact id="E5955DC7_53E5_4da6_8354_10E4783BA5C0" name="codeListName" stereotype="SUP"/>
              <notes>The name of the code list the content is taken from.</notes>
            </xs:documentation>
          </xs:annotation>
        </xs:attribute>
        <xs:attribute name="codeListVersion" type="xs:string" use="optional">
          <xs:annotation>
            <xs:documentation>
              <artefact id="278DBAE2_DC71_4def_87FA_C2A77563D4E8" name="codeListVersion" stereotype="SUP"/>
              <notes>The unique version of this content's codelist.</notes>
            </xs:documentation>
          </xs:annotation>
        </xs:attribute>
      </xs:extension>
    </xs:simpleContent>
  </xs:complexType>
  <xs:simpleType name="ProcessRole_Code">
    <xs:restriction base="xs:string">
      <xs:enumeration value="Initiator"/>
      <xs:enumeration value="Responder"/>
    </xs:restriction>
  </xs:simpleType>
  <xs:complexType name="ProcessRole_CodeType">
    <xs:annotation>
      <xs:documentation>
        <artefact id="5876415B_23BB_4577_B43A_EBC1FABD6A6E" name="ProcessRole_Code" stereotype="QDT"/>
        <properties author="National eDAIS Coordination Office" version="2.3.0r2"/>
        <notes>A Code QDT qualified by a list of valid ProcessRole codes.</notes>
      </xs:documentation>
    </xs:annotation>
    <xs:simpleContent>
      <xs:extension base="msgdt:ProcessRole_Code">
        <xs:attribute name="codeName" type="xs:string" use="optional">
          <xs:annotation>
            <xs:documentation>
              <artefact id="D16BEB62_1C24_40f0_8AE2_BC8FD8DC6B38" name="codeName" stereotype="SUP"/>
              <notes>A textual representation of the content value.  Useful for providing an expanded version of a code (i.e. for AU content, you could provide Australia in its CodeName attribute).</notes>
            </xs:documentation>
          </xs:annotation>
        </xs:attribute>
        <xs:attribute name="codeListURI" type="xs:string" use="optional">
          <xs:annotation>
            <xs:documentation>
              <artefact id="652AF8C4_8FF8_4371_9869_C4193066AA29" name="codeListURI" stereotype="SUP"/>
              <notes>The URI of this content's codelist.</notes>
            </xs:documentation>
          </xs:annotation>
        </xs:attribute>
        <xs:attribute name="codeListAgency" type="xs:string" use="optional" default="NCO">
          <xs:annotation>
            <xs:documentation>
              <artefact id="57E2157E_DDD0_4fa8_8D6F_08CE0F0BA02B" name="codeListAgency" stereotype="SUP"/>
              <notes>The name of the agency that is responsible for maintaining this content's codelist.</notes>
            </xs:documentation>
          </xs:annotation>
        </xs:attribute>
        <xs:attribute name="codeListName" type="xs:string" use="optional" default="ProcessRole">
          <xs:annotation>
            <xs:documentation>
              <artefact id="36E36156_1627_419b_A28D_6EB6FE395731" name="codeListName" stereotype="SUP"/>
              <notes>The name of the code list the content is taken from.</notes>
            </xs:documentation>
          </xs:annotation>
        </xs:attribute>
        <xs:attribute name="codeListVersion" type="xs:string" use="optional">
          <xs:annotation>
            <xs:documentation>
              <artefact id="278DBAE2_DC71_4def_87FA_C2A77563D4E8" name="codeListVersion" stereotype="SUP"/>
              <notes>The unique version of this content's codelist.</notes>
            </xs:documentation>
          </xs:annotation>
        </xs:attribute>
      </xs:extension>
    </xs:simpleContent>
  </xs:complexType>
  <xs:simpleType name="ServiceTransactionType_Code">
    <xs:restriction base="xs:string">
      <xs:enumeration value="RequestingServiceTransaction"/>
      <xs:enumeration value="RespondingServiceTransaction"/>
    </xs:restriction>
  </xs:simpleType>
  <xs:complexType name="ServiceTransactionType_CodeType">
    <xs:annotation>
      <xs:documentation>
        <artefact id="26905F91_8655_402e_BC19_75AC860E1BE5" name="ServiceTransactionType_Code" stereotype="QDT"/>
        <properties author="National eDAIS Coordination Office" version="2.3.0r2"/>
        <notes>A Code QDT qualified by a list of valid ServiceTransactionType codes.</notes>
      </xs:documentation>
    </xs:annotation>
    <xs:simpleContent>
      <xs:extension base="msgdt:ServiceTransactionType_Code">
        <xs:attribute name="codeName" type="xs:string" use="optional">
          <xs:annotation>
            <xs:documentation>
              <artefact id="D16BEB62_1C24_40f0_8AE2_BC8FD8DC6B38" name="codeName" stereotype="SUP"/>
              <notes>A textual representation of the content value.  Useful for providing an expanded version of a code (i.e. for AU content, you could provide Australia in its CodeName attribute).</notes>
            </xs:documentation>
          </xs:annotation>
        </xs:attribute>
        <xs:attribute name="codeListURI" type="xs:string" use="optional">
          <xs:annotation>
            <xs:documentation>
              <artefact id="652AF8C4_8FF8_4371_9869_C4193066AA29" name="codeListURI" stereotype="SUP"/>
              <notes>The URI of this content's codelist.</notes>
            </xs:documentation>
          </xs:annotation>
        </xs:attribute>
        <xs:attribute name="codeListAgency" type="xs:string" use="optional" default="NCO">
          <xs:annotation>
            <xs:documentation>
              <artefact id="D6FA3AB0_47A8_4e80_A1CD_28869327F2F2" name="codeListAgency" stereotype="SUP"/>
              <notes>The name of the agency that is responsible for maintaining this content's codelist.</notes>
            </xs:documentation>
          </xs:annotation>
        </xs:attribute>
        <xs:attribute name="codeListName" type="xs:string" use="optional" default="ServiceTransactionType">
          <xs:annotation>
            <xs:documentation>
              <artefact id="FAF428E5_4A54_4556_B603_E558A5FFF8D0" name="codeListName" stereotype="SUP"/>
              <notes>The name of the code list the content is taken from.</notes>
            </xs:documentation>
          </xs:annotation>
        </xs:attribute>
        <xs:attribute name="codeListVersion" type="xs:string" use="optional">
          <xs:annotation>
            <xs:documentation>
              <artefact id="278DBAE2_DC71_4def_87FA_C2A77563D4E8" name="codeListVersion" stereotype="SUP"/>
              <notes>The unique version of this content's codelist.</notes>
            </xs:documentation>
          </xs:annotation>
        </xs:attribute>
      </xs:extension>
    </xs:simpleContent>
  </xs:complexType>
  <xs:simpleType name="Standard_Code">
    <xs:restriction base="xs:string">
      <xs:enumeration value="eDAIS"/>
    </xs:restriction>
  </xs:simpleType>
  <xs:complexType name="Standard_CodeType">
    <xs:annotation>
      <xs:documentation>
        <artefact id="FC42BE45_2FFF_4d86_AB16_8FC0EF047078" name="Standard_Code" stereotype="QDT"/>
        <properties author="National eDAIS Coordination Office" version="2.3.0r2"/>
        <notes>A Code QDT qualified by a list of valid Standards codes.</notes>
      </xs:documentation>
    </xs:annotation>
    <xs:simpleContent>
      <xs:extension base="msgdt:Standard_Code">
        <xs:attribute name="codeName" type="xs:string" use="optional">
          <xs:annotation>
            <xs:documentation>
              <artefact id="D16BEB62_1C24_40f0_8AE2_BC8FD8DC6B38" name="codeName" stereotype="SUP"/>
              <notes>A textual representation of the content value.  Useful for providing an expanded version of a code (i.e. for AU content, you could provide Australia in its CodeName attribute).</notes>
            </xs:documentation>
          </xs:annotation>
        </xs:attribute>
        <xs:attribute name="codeListURI" type="xs:string" use="optional">
          <xs:annotation>
            <xs:documentation>
              <artefact id="652AF8C4_8FF8_4371_9869_C4193066AA29" name="codeListURI" stereotype="SUP"/>
              <notes>The URI of this content's codelist.</notes>
            </xs:documentation>
          </xs:annotation>
        </xs:attribute>
        <xs:attribute name="codeListAgency" type="xs:string" use="optional" default="NCO">
          <xs:annotation>
            <xs:documentation>
              <artefact id="73F6D95E_0574_423c_B3D1_D4D79FC33DEA" name="codeListAgency" stereotype="SUP"/>
              <notes>The name of the agency that is responsible for maintaining this content's codelist.</notes>
            </xs:documentation>
          </xs:annotation>
        </xs:attribute>
        <xs:attribute name="codeListName" type="xs:string" use="optional" default="StandardType">
          <xs:annotation>
            <xs:documentation>
              <artefact id="F5BD732D_AA9A_4cd5_A382_BFDDA310EA34" name="codeListName" stereotype="SUP"/>
              <notes>The name of the code list the content is taken from.</notes>
            </xs:documentation>
          </xs:annotation>
        </xs:attribute>
        <xs:attribute name="codeListVersion" type="xs:string" use="optional">
          <xs:annotation>
            <xs:documentation>
              <artefact id="278DBAE2_DC71_4def_87FA_C2A77563D4E8" name="codeListVersion" stereotype="SUP"/>
              <notes>The unique version of this content's codelist.</notes>
            </xs:documentation>
          </xs:annotation>
        </xs:attribute>
      </xs:extension>
    </xs:simpleContent>
  </xs:complexType>
</xs:schema>]]></con:content><con:type>http://www.w3.org/2001/XMLSchema</con:type></con:part><con:part><con:url>file:\C:\Users\hunter\dev\Buildaform%20-%20EHC\src\Buildaform.eDAIS\biv\specialisation.data.2.3.0r2.xsd</con:url><con:content><![CDATA[<xs:schema targetNamespace="http://xml.gov.au/edais/core/specialisation.data.2.3.0r2" elementFormDefault="qualified" attributeFormDefault="unqualified" version="2.3.0r2" xmlns:cdt="http://xml.gov.au/edais/dt/qdt/cdt.type.2.3.0r2" xmlns:spec="http://xml.gov.au/edais/core/specialisation.data.2.3.0r2" xmlns:xs="http://www.w3.org/2001/XMLSchema">
  <xs:import namespace="http://xml.gov.au/edais/dt/qdt/cdt.type.2.3.0r2" schemaLocation="cdt.type.2.3.0r2.xsd"/>
  <xs:annotation>
    <xs:documentation>
      <artefact id="6AC66DAB_91B8_46de_A13D_B58C0D15560C" name="Specialisation" stereotype="CCLibrary"/>
      <properties author="National eDAIS Coordination Office" version="2.3.0r2"/>
      <notes/>
    </xs:documentation>
  </xs:annotation>
  <xs:element name="Specialisation" type="spec:Specialisation"/>
  <xs:complexType name="Specialisation">
    <xs:annotation>
      <xs:documentation>
        <artefact id="4645050A_7160_46ea_8AF9_BEC60BB16BEC" name="Specialisation" stereotype="ACC"/>
        <properties author="National eDAIS Coordination Office" version="2.3.0r2"/>
        <notes>An envelope provided to attach specialised data structures to business messages.  Usage is as per the eDAIS Jurisdictional Specialisation Specification v1.0.</notes>
      </xs:documentation>
    </xs:annotation>
    <xs:sequence>
      <xs:element name="DomainId" type="cdt:IdentifierType"/>
      <xs:element name="Extension" type="xs:anyType"/>
      <xs:element name="Jurisdiction" type="cdt:CodeType"/>
      <xs:element name="Version" type="cdt:IdentifierType"/>
    </xs:sequence>
    <xs:attribute name="ref" type="xs:string" use="optional"/>
  </xs:complexType>
</xs:schema>]]></con:content><con:type>http://www.w3.org/2001/XMLSchema</con:type></con:part><con:part><con:url>file:\C:\Users\hunter\dev\Buildaform%20-%20EHC\src\Buildaform.eDAIS\biv\ReceiptAcknowledgementSignal.msg.2.3.0r2.xsd</con:url><con:content><![CDATA[<xs:schema targetNamespace="http://xml.gov.au/edais/bs/ReceiptAcknowledgementSignal.msg.2.3.0r2" elementFormDefault="qualified" attributeFormDefault="unqualified" version="2.3.0r2" xmlns:msg="http://xml.gov.au/edais/bs/ReceiptAcknowledgementSignal.msg.2.3.0r2" xmlns:sbmh="http://xml.gov.au/edais/core/msg.data.2.3.0r2" xmlns:spec="http://xml.gov.au/edais/core/specialisation.data.2.3.0r2" xmlns:xs="http://www.w3.org/2001/XMLSchema">
  <xs:import namespace="http://xml.gov.au/edais/core/msg.data.2.3.0r2" schemaLocation="msg.data.2.3.0r2.xsd"/>
  <xs:import namespace="http://xml.gov.au/edais/core/specialisation.data.2.3.0r2" schemaLocation="specialisation.data.2.3.0r2.xsd"/>
  <xs:annotation>
    <xs:documentation>
      <artefact id="9B622A68_B3E9_46b5_B1CA_0569D65DD9F6" name="ReceiptAcknowledgementSignal" stereotype="InfEnvelope"/>
      <properties author="National eDAIS Coordination Office" version="2.3.0r2"/>
      <notes>The Initiator or Responder sends this business signal when a business message they have received passes validation.  This signal is used across all transactions requiring validation (e.g. where the QoS attribute isIntelligibleCheckRequired = true for the Iniating and/or Responding partner respectively).</notes>
    </xs:documentation>
  </xs:annotation>
  <xs:element name="ReceiptAcknowledgementSignal" type="msg:ReceiptAcknowledgementSignalType"/>
  <xs:complexType name="ReceiptAcknowledgementSignalType">
    <xs:sequence>
      <xs:element name="ReceiptAcknowledgement" type="sbmh:ReceiptAcknowledgement"/>
      <xs:element name="Specialisation" type="spec:Specialisation" minOccurs="0" maxOccurs="unbounded"/>
      <xs:element name="StandardBusinessMessageHeader" type="sbmh:StandardBusinessMessageHeader"/>
    </xs:sequence>
  </xs:complexType>
</xs:schema>]]></con:content><con:type>http://www.w3.org/2001/XMLSchema</con:type></con:part><con:part><con:url>file:\C:\Users\hunter\dev\Buildaform%20-%20EHC\src\Buildaform.eDAIS\biv\ReceiptExceptionSignal.msg.2.3.0r2.xsd</con:url><con:content><![CDATA[<xs:schema targetNamespace="http://xml.gov.au/edais/bs/ReceiptExceptionSignal.msg.2.3.0r2" elementFormDefault="qualified" attributeFormDefault="unqualified" version="2.3.0r2" xmlns:msg="http://xml.gov.au/edais/bs/ReceiptExceptionSignal.msg.2.3.0r2" xmlns:sbmh="http://xml.gov.au/edais/core/msg.data.2.3.0r2" xmlns:spec="http://xml.gov.au/edais/core/specialisation.data.2.3.0r2" xmlns:xs="http://www.w3.org/2001/XMLSchema">
  <xs:import namespace="http://xml.gov.au/edais/core/msg.data.2.3.0r2" schemaLocation="msg.data.2.3.0r2.xsd"/>
  <xs:import namespace="http://xml.gov.au/edais/core/specialisation.data.2.3.0r2" schemaLocation="specialisation.data.2.3.0r2.xsd"/>
  <xs:annotation>
    <xs:documentation>
      <artefact id="F3770DE7_8ED1_464c_92A0_21FB6C30F297" name="ReceiptExceptionSignal" stereotype="InfEnvelope"/>
      <properties author="National eDAIS Coordination Office" version="2.3.0r2"/>
      <notes>The Initiator or Responder sends this business signal when a business message they have received fails validation.  This signal is used across all transactions requiring validation (e.g. where the QoS attribute isIntelligibleCheckRequired = true for the Iniating and/or Responding partner respectively).</notes>
    </xs:documentation>
  </xs:annotation>
  <xs:element name="ReceiptExceptionSignal" type="msg:ReceiptExceptionSignalType"/>
  <xs:complexType name="ReceiptExceptionSignalType">
    <xs:sequence>
      <xs:element name="ReceiptException" type="sbmh:ReceiptException"/>
      <xs:element name="Specialisation" type="spec:Specialisation" minOccurs="0" maxOccurs="unbounded"/>
      <xs:element name="StandardBusinessMessageHeader" type="sbmh:StandardBusinessMessageHeader"/>
    </xs:sequence>
  </xs:complexType>
</xs:schema>]]></con:content><con:type>http://www.w3.org/2001/XMLSchema</con:type></con:part><con:part><con:url>file:\C:\Users\hunter\dev\Buildaform%20-%20EHC\src\Buildaform.eDAIS\biv\da.data.1.0.xsd</con:url><con:content><![CDATA[<xs:schema elementFormDefault="qualified" targetNamespace="http://edais.daf.gov.au/nsw/da.data.1.0" xmlns:xs="http://www.w3.org/2001/XMLSchema" xmlns:tns="http://edais.daf.gov.au/nsw/da.data.1.0">
  <xs:import schemaLocation="cdt.type.2.3.0r2.xsd" namespace="http://xml.gov.au/edais/dt/qdt/cdt.type.2.3.0r2"/>
  <xs:element name="Application" type="tns:Application"/>
  <xs:complexType name="Application">
    <xs:sequence>
      <xs:element minOccurs="0" maxOccurs="1" name="Type" type="xs:string"/>
      <xs:element minOccurs="1" maxOccurs="1" name="EstimatedValue" type="xs:decimal"/>
      <xs:element minOccurs="0" maxOccurs="unbounded" name="DevelopmentCode" type="xs:string"/>
      <xs:element minOccurs="0" maxOccurs="1" name="BCAClass" type="xs:string"/>
      <xs:element minOccurs="0" maxOccurs="1" name="RefNumber" type="xs:string"/>
    </xs:sequence>
    <xs:attribute name="ref" type="xs:string"/>
  </xs:complexType>
  <xs:element name="SubjectLand" type="tns:SubjectLand"/>
  <xs:complexType name="SubjectLand">
    <xs:sequence>
      <xs:element minOccurs="0" maxOccurs="1" name="ABS_Statistics" type="tns:ABS_StatisticsType"/>
    </xs:sequence>
    <xs:attribute name="ref" type="xs:string"/>
  </xs:complexType>
  <xs:complexType name="ABS_StatisticsType">
    <xs:sequence>
      <xs:element minOccurs="0" maxOccurs="1" name="NumberOfFloors" type="xs:decimal"/>
      <xs:element minOccurs="0" maxOccurs="1" name="GFA" type="xs:decimal"/>
      <xs:element minOccurs="0" maxOccurs="1" name="GSA" type="xs:decimal"/>
      <xs:element minOccurs="0" maxOccurs="1" name="NumberOfNewDwellings" type="xs:decimal"/>
      <xs:element minOccurs="0" maxOccurs="1" name="NumberOfExistingDwellings" type="xs:decimal"/>
      <xs:element minOccurs="0" maxOccurs="1" name="NumberDwellingsDemolished" type="xs:decimal"/>
      <xs:element minOccurs="0" maxOccurs="1" name="NewDwellingAttached" type="xs:boolean"/>
      <xs:element minOccurs="0" maxOccurs="1" name="NewBuildingAttached" type="xs:boolean"/>
      <xs:element minOccurs="0" maxOccurs="1" name="DualOccupancy" type="xs:boolean"/>
      <xs:element minOccurs="0" maxOccurs="unbounded" name="Floor" type="q1:CodeType" xmlns:q1="http://xml.gov.au/edais/dt/qdt/cdt.type.2.3.0r2"/>
      <xs:element minOccurs="0" maxOccurs="unbounded" name="Frame" type="q2:CodeType" xmlns:q2="http://xml.gov.au/edais/dt/qdt/cdt.type.2.3.0r2"/>
      <xs:element minOccurs="0" maxOccurs="unbounded" name="Roof" type="q3:CodeType" xmlns:q3="http://xml.gov.au/edais/dt/qdt/cdt.type.2.3.0r2"/>
      <xs:element minOccurs="0" maxOccurs="unbounded" name="Walls" type="q4:CodeType" xmlns:q4="http://xml.gov.au/edais/dt/qdt/cdt.type.2.3.0r2"/>
    </xs:sequence>
  </xs:complexType>
</xs:schema>]]></con:content><con:type>http://www.w3.org/2001/XMLSchema</con:type></con:part><con:part><con:url>file:\C:\Users\hunter\dev\Buildaform%20-%20EHC\src\Buildaform.eDAIS\biv\ExternalServices.EHC.xsd</con:url><con:content><![CDATA[<xs:schema elementFormDefault="qualified" targetNamespace="http://schemas.datacontract.org/2004/07/ExternalServices.EHC" xmlns:xs="http://www.w3.org/2001/XMLSchema" xmlns:tns="http://schemas.datacontract.org/2004/07/ExternalServices.EHC">
  <xs:complexType name="ReceiptExceptionSignalType">
    <xs:sequence>
      <xs:element name="receiptExceptionField" nillable="true" type="tns:ReceiptException"/>
      <xs:element name="specialisationField" nillable="true" type="tns:ArrayOfSpecialisation"/>
      <xs:element name="standardBusinessMessageHeaderField" nillable="true" type="tns:StandardBusinessMessageHeader"/>
    </xs:sequence>
  </xs:complexType>
  <xs:element name="ReceiptExceptionSignalType" nillable="true" type="tns:ReceiptExceptionSignalType"/>
  <xs:complexType name="ReceiptException">
    <xs:sequence>
      <xs:element name="identificationField" nillable="true" type="tns:IdentifierType"/>
      <xs:element name="messageField" nillable="true" type="tns:TextType"/>
      <xs:element name="reasonField" nillable="true" type="tns:TextType"/>
      <xs:element name="refField" nillable="true" type="xs:string"/>
      <xs:element name="typeField" nillable="true" type="tns:CodeType"/>
    </xs:sequence>
  </xs:complexType>
  <xs:element name="ReceiptException" nillable="true" type="tns:ReceiptException"/>
  <xs:complexType name="IdentifierType">
    <xs:sequence>
      <xs:element name="identificationSchemeAgencyField" nillable="true" type="xs:string"/>
      <xs:element name="identificationSchemeNameField" nillable="true" type="xs:string"/>
      <xs:element name="identificationSchemeURIField" nillable="true" type="xs:string"/>
      <xs:element name="identificationSchemeVersionField" nillable="true" type="xs:string"/>
      <xs:element name="valueField" nillable="true" type="xs:string"/>
    </xs:sequence>
  </xs:complexType>
  <xs:element name="IdentifierType" nillable="true" type="tns:IdentifierType"/>
  <xs:complexType name="TextType">
    <xs:sequence>
      <xs:element name="languageIdentifierField" nillable="true" type="xs:string"/>
      <xs:element name="languageLocaleIdentifierField" nillable="true" type="xs:string"/>
      <xs:element name="valueField" nillable="true" type="xs:string"/>
    </xs:sequence>
  </xs:complexType>
  <xs:element name="TextType" nillable="true" type="tns:TextType"/>
  <xs:complexType name="CodeType">
    <xs:sequence>
      <xs:element name="codeListAgencyField" nillable="true" type="xs:string"/>
      <xs:element name="codeListNameField" nillable="true" type="xs:string"/>
      <xs:element name="codeListURIField" nillable="true" type="xs:string"/>
      <xs:element name="codeListVersionField" nillable="true" type="xs:string"/>
      <xs:element name="codeNameField" nillable="true" type="xs:string"/>
      <xs:element name="valueField" nillable="true" type="xs:string"/>
    </xs:sequence>
  </xs:complexType>
  <xs:element name="CodeType" nillable="true" type="tns:CodeType"/>
  <xs:complexType name="ArrayOfSpecialisation">
    <xs:sequence>
      <xs:element minOccurs="0" maxOccurs="unbounded" name="Specialisation" nillable="true" type="tns:Specialisation"/>
    </xs:sequence>
  </xs:complexType>
  <xs:element name="ArrayOfSpecialisation" nillable="true" type="tns:ArrayOfSpecialisation"/>
  <xs:complexType name="Specialisation">
    <xs:sequence>
      <xs:element name="domainIdField" nillable="true" type="tns:IdentifierType"/>
      <xs:element name="extensionField" nillable="true" type="xs:anyType"/>
      <xs:element name="jurisdictionField" nillable="true" type="tns:CodeType"/>
      <xs:element name="refField" nillable="true" type="xs:string"/>
      <xs:element name="versionField" nillable="true" type="tns:IdentifierType"/>
    </xs:sequence>
  </xs:complexType>
  <xs:element name="Specialisation" nillable="true" type="tns:Specialisation"/>
  <xs:complexType name="StandardBusinessMessageHeader">
    <xs:sequence>
      <xs:element name="businessScopeField" nillable="true" type="tns:ArrayOfBusinessScope"/>
      <xs:element name="documentIdentificationField" nillable="true" type="tns:DocumentIdentification"/>
      <xs:element name="receiverPartnerField" nillable="true" type="tns:Partner"/>
      <xs:element name="refField" nillable="true" type="xs:string"/>
      <xs:element name="senderPartnerField" nillable="true" type="tns:Partner"/>
      <xs:element name="softwareInformationField" nillable="true" type="tns:ArrayOfSoftwareInformation"/>
      <xs:element name="versionField" nillable="true" type="tns:IdentifierType"/>
    </xs:sequence>
  </xs:complexType>
  <xs:element name="StandardBusinessMessageHeader" nillable="true" type="tns:StandardBusinessMessageHeader"/>
  <xs:complexType name="ArrayOfBusinessScope">
    <xs:sequence>
      <xs:element minOccurs="0" maxOccurs="unbounded" name="BusinessScope" nillable="true" type="tns:BusinessScope"/>
    </xs:sequence>
  </xs:complexType>
  <xs:element name="ArrayOfBusinessScope" nillable="true" type="tns:ArrayOfBusinessScope"/>
  <xs:complexType name="BusinessScope">
    <xs:sequence>
      <xs:element name="correlationInformationField" nillable="true" type="tns:ArrayOfCorrelationInformation"/>
      <xs:element name="idField" nillable="true" type="tns:IdentifierType"/>
      <xs:element name="instanceIDField" nillable="true" type="tns:IdentifierType"/>
      <xs:element name="refField" nillable="true" type="xs:string"/>
      <xs:element name="typeField" nillable="true" type="tns:BusinessScope_CodeType"/>
    </xs:sequence>
  </xs:complexType>
  <xs:element name="BusinessScope" nillable="true" type="tns:BusinessScope"/>
  <xs:complexType name="ArrayOfCorrelationInformation">
    <xs:sequence>
      <xs:element minOccurs="0" maxOccurs="unbounded" name="CorrelationInformation" nillable="true" type="tns:CorrelationInformation"/>
    </xs:sequence>
  </xs:complexType>
  <xs:element name="ArrayOfCorrelationInformation" nillable="true" type="tns:ArrayOfCorrelationInformation"/>
  <xs:complexType name="CorrelationInformation">
    <xs:sequence>
      <xs:element name="expectedResponseDateTimeField" nillable="true" type="tns:DateTimeType"/>
      <xs:element name="refField" nillable="true" type="xs:string"/>
      <xs:element name="requestingDocumentCreationDateTimeField" nillable="true" type="tns:DateTimeType"/>
      <xs:element name="requestingDocumentInstanceIDField" nillable="true" type="tns:IdentifierType"/>
    </xs:sequence>
  </xs:complexType>
  <xs:element name="CorrelationInformation" nillable="true" type="tns:CorrelationInformation"/>
  <xs:complexType name="DateTimeType">
    <xs:sequence>
      <xs:element name="formatField" nillable="true" type="xs:string"/>
      <xs:element name="valueField" type="xs:dateTime"/>
    </xs:sequence>
  </xs:complexType>
  <xs:element name="DateTimeType" nillable="true" type="tns:DateTimeType"/>
  <xs:complexType name="BusinessScope_CodeType">
    <xs:sequence>
      <xs:element name="codeListAgencyField" nillable="true" type="xs:string"/>
      <xs:element name="codeListNameField" nillable="true" type="xs:string"/>
      <xs:element name="codeListURIField" nillable="true" type="xs:string"/>
      <xs:element name="codeListVersionField" nillable="true" type="xs:string"/>
      <xs:element name="codeNameField" nillable="true" type="xs:string"/>
      <xs:element name="valueField" type="tns:BusinessScope_Code"/>
    </xs:sequence>
  </xs:complexType>
  <xs:element name="BusinessScope_CodeType" nillable="true" type="tns:BusinessScope_CodeType"/>
  <xs:simpleType name="BusinessScope_Code">
    <xs:restriction base="xs:string">
      <xs:enumeration value="BusinessCollaboration"/>
      <xs:enumeration value="BusinessProcess"/>
      <xs:enumeration value="BusinessTransaction"/>
    </xs:restriction>
  </xs:simpleType>
  <xs:element name="BusinessScope_Code" nillable="true" type="tns:BusinessScope_Code"/>
  <xs:complexType name="DocumentIdentification">
    <xs:sequence>
      <xs:element name="creationDateTimeField" nillable="true" type="tns:DateTimeType"/>
      <xs:element name="instanceIDField" nillable="true" type="tns:IdentifierType"/>
      <xs:element name="refField" nillable="true" type="xs:string"/>
      <xs:element name="standardField" nillable="true" type="tns:Standard_CodeType"/>
      <xs:element name="typeField" nillable="true" type="tns:CodeType"/>
      <xs:element name="typeVersionField" nillable="true" type="tns:TextType"/>
    </xs:sequence>
  </xs:complexType>
  <xs:element name="DocumentIdentification" nillable="true" type="tns:DocumentIdentification"/>
  <xs:complexType name="Standard_CodeType">
    <xs:sequence>
      <xs:element name="codeListAgencyField" nillable="true" type="xs:string"/>
      <xs:element name="codeListNameField" nillable="true" type="xs:string"/>
      <xs:element name="codeListURIField" nillable="true" type="xs:string"/>
      <xs:element name="codeListVersionField" nillable="true" type="xs:string"/>
      <xs:element name="codeNameField" nillable="true" type="xs:string"/>
      <xs:element name="valueField" type="tns:Standard_Code"/>
    </xs:sequence>
  </xs:complexType>
  <xs:element name="Standard_CodeType" nillable="true" type="tns:Standard_CodeType"/>
  <xs:simpleType name="Standard_Code">
    <xs:restriction base="xs:string">
      <xs:enumeration value="eDAIS"/>
    </xs:restriction>
  </xs:simpleType>
  <xs:element name="Standard_Code" nillable="true" type="tns:Standard_Code"/>
  <xs:complexType name="Partner">
    <xs:sequence>
      <xs:element name="authorityField" nillable="true" type="tns:TextType"/>
      <xs:element name="contactField" nillable="true" type="tns:ArrayOfContact1"/>
      <xs:element name="idField" nillable="true" type="tns:IdentifierType"/>
      <xs:element name="processRoleField" nillable="true" type="tns:CodeType"/>
      <xs:element name="refField" nillable="true" type="xs:string"/>
    </xs:sequence>
  </xs:complexType>
  <xs:element name="Partner" nillable="true" type="tns:Partner"/>
  <xs:complexType name="ArrayOfContact1">
    <xs:sequence>
      <xs:element minOccurs="0" maxOccurs="unbounded" name="Contact1" nillable="true" type="tns:Contact1"/>
    </xs:sequence>
  </xs:complexType>
  <xs:element name="ArrayOfContact1" nillable="true" type="tns:ArrayOfContact1"/>
  <xs:complexType name="Contact1">
    <xs:sequence>
      <xs:element name="contactField" nillable="true" type="tns:TextType"/>
      <xs:element name="contactTypeIdentifierField" nillable="true" type="tns:CodeType"/>
      <xs:element name="emailAddressField" nillable="true" type="xs:string"/>
      <xs:element name="refField" nillable="true" type="xs:string"/>
      <xs:element name="telephoneNumberField" nillable="true" type="tns:TextType"/>
    </xs:sequence>
  </xs:complexType>
  <xs:element name="Contact1" nillable="true" type="tns:Contact1"/>
  <xs:complexType name="ArrayOfSoftwareInformation">
    <xs:sequence>
      <xs:element minOccurs="0" maxOccurs="unbounded" name="SoftwareInformation" nillable="true" type="tns:SoftwareInformation"/>
    </xs:sequence>
  </xs:complexType>
  <xs:element name="ArrayOfSoftwareInformation" nillable="true" type="tns:ArrayOfSoftwareInformation"/>
  <xs:complexType name="SoftwareInformation">
    <xs:sequence>
      <xs:element name="productIDField" nillable="true" type="tns:IdentifierType"/>
      <xs:element name="productNameField" nillable="true" type="tns:TextType"/>
      <xs:element name="productVersionField" nillable="true" type="tns:TextType"/>
      <xs:element name="refField" nillable="true" type="xs:string"/>
    </xs:sequence>
  </xs:complexType>
  <xs:element name="SoftwareInformation" nillable="true" type="tns:SoftwareInformation"/>
</xs:schema>]]></con:content><con:type>http://www.w3.org/2001/XMLSchema</con:type></con:part><con:part><con:url>file:\C:\Users\hunter\dev\Buildaform%20-%20EHC\src\Buildaform.eDAIS\biv\RejectCreateApplicationTransaction.msg.2.3.0r2.xsd</con:url><con:content><![CDATA[<xs:schema targetNamespace="http://xml.gov.au/edais/bm/RejectCreateApplicationTransaction.msg.2.3.0r2" elementFormDefault="qualified" attributeFormDefault="unqualified" version="2.3.0r2" xmlns:da="http://xml.gov.au/edais/core/da.data.2.3.0r2" xmlns:msg="http://xml.gov.au/edais/bm/RejectCreateApplicationTransaction.msg.2.3.0r2" xmlns:sbmh="http://xml.gov.au/edais/core/msg.data.2.3.0r2" xmlns:spec="http://xml.gov.au/edais/core/specialisation.data.2.3.0r2" xmlns:xs="http://www.w3.org/2001/XMLSchema">
  <xs:import namespace="http://xml.gov.au/edais/core/da.data.2.3.0r2" schemaLocation="da.data.2.3.0r2.xsd"/>
  <xs:import namespace="http://xml.gov.au/edais/core/msg.data.2.3.0r2" schemaLocation="msg.data.2.3.0r2.xsd"/>
  <xs:import namespace="http://xml.gov.au/edais/core/specialisation.data.2.3.0r2" schemaLocation="specialisation.data.2.3.0r2.xsd"/>
  <xs:annotation>
    <xs:documentation>
      <artefact id="A31CC6A2_5F38_44e1_A210_A6CE9414C78E" name="RejectCreateApplicationTransaction" stereotype="InfEnvelope"/>
      <properties author="National eDAIS Coordination Office" version="2.3.0r2"/>
      <notes>The Responder sends this business message to the Initiator indicating that their proposal to create a new Application has been rejected.</notes>
    </xs:documentation>
  </xs:annotation>
  <xs:element name="RejectCreateApplicationTransaction" type="msg:RejectCreateApplicationTransactionType"/>
  <xs:complexType name="RejectCreateApplicationTransactionType">
    <xs:sequence>
      <xs:element name="Application" type="da:Application"/>
      <xs:element name="Specialisation" type="spec:Specialisation" minOccurs="0" maxOccurs="unbounded"/>
      <xs:element name="StandardBusinessMessageHeader" type="sbmh:StandardBusinessMessageHeader"/>
    </xs:sequence>
  </xs:complexType>
</xs:schema>]]></con:content><con:type>http://www.w3.org/2001/XMLSchema</con:type></con:part></con:definitionCache><con:endpoints><con:endpoint>http://example.xml.gov.au/CreateApplication_Initiator.2.3.0r2</con:endpoint></con:endpoints><con:operation isOneWay="false" action="http://example.xml.gov.au/CreateApplication_Initiator.2.3.0r2/Accept" name="Accept" bindingOperationName="Accept" type="Request-Response" inputName="" receivesAttachments="false" sendsAttachments="false" anonymous="optional"><con:settings/><con:call name="Request 1"><con:settings/><con:encoding>UTF-8</con:encoding><con:endpoint>http://example.xml.gov.au/CreateApplication_Initiator.2.3.0r2</con:endpoint><con:request><![CDATA[<soapenv:Envelope xmlns:soapenv="http://schemas.xmlsoap.org/soap/envelope/" xmlns:acc="http://xml.gov.au/edais/bm/AcceptCreateApplicationTransaction.msg.2.3.0r2" xmlns:da="http://xml.gov.au/edais/core/da.data.2.3.0r2" xmlns:naa="http://xml.gov.au/edais/core/naa.data.2.3.0r2" xmlns:lab="http://xml.gov.au/edais/core/lab.data.2.3.0r2" xmlns:spec="http://xml.gov.au/edais/core/specialisation.data.2.3.0r2" xmlns:msg="http://xml.gov.au/edais/core/msg.data.2.3.0r2">
   <soapenv:Header/>
   <soapenv:Body>
      <acc:AcceptCreateApplicationTransaction>
         <acc:Application ref="?">
            <!--Zero or more repetitions:-->
            <da:AdditionalInformation ref="?">
               <!--Zero or more repetitions:-->
               <da:Attachment ref="?">
                  <!--Zero or more repetitions:-->
                  <da:Contributor LanguageIdentifier="?" LanguageLocaleIdentifier="?">?</da:Contributor>
                  <!--Zero or more repetitions:-->
                  <da:Coverage LanguageIdentifier="?" LanguageLocaleIdentifier="?">?</da:Coverage>
                  <!--Zero or more repetitions:-->
                  <da:Creator LanguageIdentifier="?" LanguageLocaleIdentifier="?">?</da:Creator>
                  <!--Optional:-->
                  <da:Date Format="?">?</da:Date>
                  <!--Zero or more repetitions:-->
                  <da:Description LanguageIdentifier="?" LanguageLocaleIdentifier="?">?</da:Description>
                  <!--Optional:-->
                  <da:Format LanguageIdentifier="?" LanguageLocaleIdentifier="?">?</da:Format>
                  <da:Identification identificationSchemeName="?" identificationSchemeURI="?" identificationSchemeVersion="?" identificationSchemeAgency="?">?</da:Identification>
                  <!--Zero or more repetitions:-->
                  <da:Language LanguageIdentifier="?" LanguageLocaleIdentifier="?">?</da:Language>
                  <!--Zero or more repetitions:-->
                  <da:Publisher LanguageIdentifier="?" LanguageLocaleIdentifier="?">?</da:Publisher>
                  <!--Zero or more repetitions:-->
                  <da:Relation LanguageIdentifier="?" LanguageLocaleIdentifier="?">?</da:Relation>
                  <!--Zero or more repetitions:-->
                  <da:Rights LanguageIdentifier="?" LanguageLocaleIdentifier="?">?</da:Rights>
                  <!--Optional:-->
                  <da:Size UnitCode="?">?</da:Size>
                  <!--Zero or more repetitions:-->
                  <da:Source LanguageIdentifier="?" LanguageLocaleIdentifier="?">?</da:Source>
                  <!--Optional:-->
                  <da:Subject LanguageIdentifier="?" LanguageLocaleIdentifier="?">?</da:Subject>
                  <!--Optional:-->
                  <da:Title LanguageIdentifier="?" LanguageLocaleIdentifier="?">?</da:Title>
                  <!--Optional:-->
                  <da:Type LanguageIdentifier="?" LanguageLocaleIdentifier="?">?</da:Type>
                  <!--Optional:-->
                  <da:Version LanguageIdentifier="?" LanguageLocaleIdentifier="?">?</da:Version>
                  <!--You have a CHOICE of the next 2 items at this level-->
                  <!--Optional:-->
                  <da:Attachment Format="?" MimeCode="?" CharacterSetCode="?" EncodingCode="?" UniformResourceIdentifier="?" Filename="?">cid:856527797256</da:Attachment>
                  <!--Optional:-->
                  <da:URI>?</da:URI>
               </da:Attachment>
               <!--Zero or more repetitions:-->
               <da:Comments LanguageIdentifier="?" LanguageLocaleIdentifier="?">?</da:Comments>
               <!--Optional:-->
               <da:DueDate Format="?">?</da:DueDate>
               <da:Identification identificationSchemeName="?" identificationSchemeURI="?" identificationSchemeVersion="?" identificationSchemeAgency="?">?</da:Identification>
               <!--Zero or more repetitions:-->
               <da:Purpose LanguageIdentifier="?" LanguageLocaleIdentifier="?">?</da:Purpose>
               <!--Optional:-->
               <da:ReceivedDate Format="?">?</da:ReceivedDate>
               <!--Optional:-->
               <da:RequestedDate Format="?">?</da:RequestedDate>
               <!--Zero or more repetitions:-->
               <da:RequestingAuthorityPartyRole ref="?">
                  <!--Optional:-->
                  <da:DateTime Format="?">?</da:DateTime>
                  <!--1 or more repetitions:-->
                  <da:Party ref="?">
                     <!--Optional:-->
                     <naa:AccessRights codeName="?" codeListURI="?" codeListAgency="?" codeListName="?" codeListVersion="?">?</naa:AccessRights>
                     <!--Optional:-->
                     <naa:Description LanguageIdentifier="?" LanguageLocaleIdentifier="?">?</naa:Description>
                     <!--You have a CHOICE of the next 2 items at this level-->
                     <!--Optional:-->
                     <naa:Organisation ref="?">
                        <!--Zero or more repetitions:-->
                        <naa:Contact ref="?">
                           <!--Optional:-->
                           <naa:DepartmentName LanguageIdentifier="?" LanguageLocaleIdentifier="?">?</naa:DepartmentName>
                           <!--Optional:-->
                           <naa:Description LanguageIdentifier="?" LanguageLocaleIdentifier="?">?</naa:Description>
                           <naa:Identification identificationSchemeName="?" identificationSchemeURI="?" identificationSchemeVersion="?" identificationSchemeAgency="?">?</naa:Identification>
                           <!--Zero or more repetitions:-->
                           <naa:Internet ref="?">
                              <naa:Type codeName="?" codeListURI="?" codeListAgency="?" codeListName="?" codeListVersion="?">?</naa:Type>
                              <naa:URI>?</naa:URI>
                           </naa:Internet>
                           <!--Optional:-->
                           <naa:IsPrimary Format="?">?</naa:IsPrimary>
                           <!--Optional:-->
                           <naa:JobTitle LanguageIdentifier="?" LanguageLocaleIdentifier="?">?</naa:JobTitle>
                           <!--Optional:-->
                           <naa:PersonName ref="?">
                              <naa:Classification codeName="?" codeListURI="?" codeListAgency="?" codeListName="?" codeListVersion="?">?</naa:Classification>
                              <!--Optional:-->
                              <naa:FamilyName LanguageIdentifier="?" LanguageLocaleIdentifier="?">?</naa:FamilyName>
                              <!--Optional:-->
                              <naa:FamilyNamePrefix LanguageIdentifier="?" LanguageLocaleIdentifier="?">?</naa:FamilyNamePrefix>
                              <!--Optional:-->
                              <naa:GivenName LanguageIdentifier="?" LanguageLocaleIdentifier="?">?</naa:GivenName>
                              <!--Optional:-->
                              <naa:MiddleName LanguageIdentifier="?" LanguageLocaleIdentifier="?">?</naa:MiddleName>
                              <!--Optional:-->
                              <naa:Name LanguageIdentifier="?" LanguageLocaleIdentifier="?">?</naa:Name>
                              <!--Optional:-->
                              <naa:NameSuffix codeName="?" codeListURI="?" codeListAgency="?" codeListName="?" codeListVersion="?">?</naa:NameSuffix>
                              <!--Optional:-->
                              <naa:Salutation LanguageIdentifier="?" LanguageLocaleIdentifier="?">?</naa:Salutation>
                              <!--Optional:-->
                              <naa:Title codeName="?" codeListURI="?" codeListAgency="?" codeListName="?" codeListVersion="?">?</naa:Title>
                              <!--Optional:-->
                              <naa:ValidityPeriod ref="?">
                                 <!--Optional:-->
                                 <naa:Complete Format="?">?</naa:Complete>
                                 <!--Optional:-->
                                 <naa:Description LanguageIdentifier="?" LanguageLocaleIdentifier="?">?</naa:Description>
                                 <!--Optional:-->
                                 <naa:Duration UnitCode="?">?</naa:Duration>
                                 <!--Optional:-->
                                 <naa:End Format="?">?</naa:End>
                                 <naa:Identification identificationSchemeName="?" identificationSchemeURI="?" identificationSchemeVersion="?" identificationSchemeAgency="?">?</naa:Identification>
                                 <!--Optional:-->
                                 <naa:Inclusive Format="?">?</naa:Inclusive>
                                 <!--Optional:-->
                                 <naa:Name LanguageIdentifier="?" LanguageLocaleIdentifier="?">?</naa:Name>
                                 <!--Optional:-->
                                 <naa:Sequence identificationSchemeName="?" identificationSchemeURI="?" identificationSchemeVersion="?" identificationSchemeAgency="?">?</naa:Sequence>
                                 <naa:Start Format="?">?</naa:Start>
                              </naa:ValidityPeriod>
                           </naa:PersonName>
                           <!--Optional:-->
                           <naa:Responsibility LanguageIdentifier="?" LanguageLocaleIdentifier="?">?</naa:Responsibility>
                           <!--Zero or more repetitions:-->
                           <naa:Telephone ref="?">
                              <!--Optional:-->
                              <naa:AreaCode codeName="?" codeListURI="?" codeListAgency="?" codeListName="?" codeListVersion="?">?</naa:AreaCode>
                              <!--Optional:-->
                              <naa:CountryCode codeName="?" codeListURI="?" codeListAgency="?" codeListName="?" codeListVersion="?">?</naa:CountryCode>
                              <!--Optional:-->
                              <naa:Extension LanguageIdentifier="?" LanguageLocaleIdentifier="?">?</naa:Extension>
                              <naa:Number identificationSchemeName="?" identificationSchemeURI="?" identificationSchemeVersion="?" identificationSchemeAgency="?">?</naa:Number>
                              <naa:Type codeName="?" codeListURI="?" codeListAgency="?" codeListName="?" codeListVersion="?">?</naa:Type>
                           </naa:Telephone>
                           <!--Optional:-->
                           <naa:Type codeName="?" codeListURI="?" codeListAgency="?" codeListName="?" codeListVersion="?">?</naa:Type>
                        </naa:Contact>
                        <!--Optional:-->
                        <naa:Description LanguageIdentifier="?" LanguageLocaleIdentifier="?">?</naa:Description>
                        <naa:Identification identificationSchemeName="?" identificationSchemeURI="?" identificationSchemeVersion="?" identificationSchemeAgency="?">?</naa:Identification>
                        <!--Optional:-->
                        <naa:IndustryClassification codeName="?" codeListURI="?" codeListAgency="?" codeListName="?" codeListVersion="?">?</naa:IndustryClassification>
                        <!--Zero or more repetitions:-->
                        <naa:Internet ref="?">
                           <naa:Type codeName="?" codeListURI="?" codeListAgency="?" codeListName="?" codeListVersion="?">?</naa:Type>
                           <naa:URI>?</naa:URI>
                        </naa:Internet>
                        <!--Optional:-->
                        <naa:IsActive Format="?">?</naa:IsActive>
                        <!--Optional:-->
                        <naa:LegalClassification codeName="?" codeListURI="?" codeListAgency="?" codeListName="?" codeListVersion="?">?</naa:LegalClassification>
                        <!--Zero or more repetitions:-->
                        <naa:Organisation/>
                        <!--1 or more repetitions:-->
                        <naa:OrganisationName ref="?">
                           <naa:Classification codeName="?" codeListURI="?" codeListAgency="?" codeListName="?" codeListVersion="?">?</naa:Classification>
                           <naa:Name LanguageIdentifier="?" LanguageLocaleIdentifier="?">?</naa:Name>
                           <!--Optional:-->
                           <naa:ValidityPeriod ref="?">
                              <!--Optional:-->
                              <naa:Complete Format="?">?</naa:Complete>
                              <!--Optional:-->
                              <naa:Description LanguageIdentifier="?" LanguageLocaleIdentifier="?">?</naa:Description>
                              <!--Optional:-->
                              <naa:Duration UnitCode="?">?</naa:Duration>
                              <!--Optional:-->
                              <naa:End Format="?">?</naa:End>
                              <naa:Identification identificationSchemeName="?" identificationSchemeURI="?" identificationSchemeVersion="?" identificationSchemeAgency="?">?</naa:Identification>
                              <!--Optional:-->
                              <naa:Inclusive Format="?">?</naa:Inclusive>
                              <!--Optional:-->
                              <naa:Name LanguageIdentifier="?" LanguageLocaleIdentifier="?">?</naa:Name>
                              <!--Optional:-->
                              <naa:Sequence identificationSchemeName="?" identificationSchemeURI="?" identificationSchemeVersion="?" identificationSchemeAgency="?">?</naa:Sequence>
                              <naa:Start Format="?">?</naa:Start>
                           </naa:ValidityPeriod>
                        </naa:OrganisationName>
                        <!--Zero or more repetitions:-->
                        <naa:PhysicalAddress ref="?">
                           <!--Zero or more repetitions:-->
                           <naa:Address/>
                           <!--Optional:-->
                           <naa:BlockName LanguageIdentifier="?" LanguageLocaleIdentifier="?">?</naa:BlockName>
                           <!--Optional:-->
                           <naa:BuildingName LanguageIdentifier="?" LanguageLocaleIdentifier="?">?</naa:BuildingName>
                           <!--Optional:-->
                           <naa:BuildingNumber LanguageIdentifier="?" LanguageLocaleIdentifier="?">?</naa:BuildingNumber>
                           <!--Optional:-->
                           <naa:CityName LanguageIdentifier="?" LanguageLocaleIdentifier="?">?</naa:CityName>
                           <!--Optional:-->
                           <naa:Code codeName="?" codeListURI="?" codeListAgency="?" codeListName="?" codeListVersion="?">?</naa:Code>
                           <!--Optional:-->
                           <naa:CountryName codeName="?" codeListURI="?" codeListAgency="?" codeListName="?" codeListVersion="?">?</naa:CountryName>
                           <!--Optional:-->
                           <naa:CountrySubDivision codeName="?" codeListURI="?" codeListAgency="?" codeListName="?" codeListVersion="?">?</naa:CountrySubDivision>
                           <!--Zero or more repetitions:-->
                           <naa:Geocode ref="?">
                              <!--Optional:-->
                              <naa:AltimetricSystem codeName="?" codeListURI="?" codeListAgency="?" codeListName="?" codeListVersion="?">?</naa:AltimetricSystem>
                              <!--Optional:-->
                              <naa:Altitude Format="?">?</naa:Altitude>
                              <naa:Identification identificationSchemeName="?" identificationSchemeURI="?" identificationSchemeVersion="?" identificationSchemeAgency="?">?</naa:Identification>
                              <naa:Latitude Format="?">?</naa:Latitude>
                              <!--Optional:-->
                              <naa:LatitudeDirection codeName="?" codeListURI="?" codeListAgency="?" codeListName="?" codeListVersion="?">?</naa:LatitudeDirection>
                              <naa:Longitude Format="?">?</naa:Longitude>
                              <!--Optional:-->
                              <naa:LongitudeDirection codeName="?" codeListURI="?" codeListAgency="?" codeListName="?" codeListVersion="?">?</naa:LongitudeDirection>
                              <!--Optional:-->
                              <naa:System codeName="?" codeListURI="?" codeListAgency="?" codeListName="?" codeListVersion="?">?</naa:System>
                           </naa:Geocode>
                           <naa:Identification identificationSchemeName="?" identificationSchemeURI="?" identificationSchemeVersion="?" identificationSchemeAgency="?">?</naa:Identification>
                           <!--Optional:-->
                           <naa:LineFive LanguageIdentifier="?" LanguageLocaleIdentifier="?">?</naa:LineFive>
                           <!--Optional:-->
                           <naa:LineFour LanguageIdentifier="?" LanguageLocaleIdentifier="?">?</naa:LineFour>
                           <!--Optional:-->
                           <naa:LineOne LanguageIdentifier="?" LanguageLocaleIdentifier="?">?</naa:LineOne>
                           <!--Optional:-->
                           <naa:LineSix LanguageIdentifier="?" LanguageLocaleIdentifier="?">?</naa:LineSix>
                           <!--Optional:-->
                           <naa:LineThree LanguageIdentifier="?" LanguageLocaleIdentifier="?">?</naa:LineThree>
                           <!--Optional:-->
                           <naa:LineTwo LanguageIdentifier="?" LanguageLocaleIdentifier="?">?</naa:LineTwo>
                           <!--Optional:-->
                           <naa:PostOfficeBox LanguageIdentifier="?" LanguageLocaleIdentifier="?">?</naa:PostOfficeBox>
                           <!--Optional:-->
                           <naa:Postcode LanguageIdentifier="?" LanguageLocaleIdentifier="?">?</naa:Postcode>
                           <!--Optional:-->
                           <naa:StreetName LanguageIdentifier="?" LanguageLocaleIdentifier="?">?</naa:StreetName>
                           <!--Optional:-->
                           <naa:StreetSuffix codeName="?" codeListURI="?" codeListAgency="?" codeListName="?" codeListVersion="?">?</naa:StreetSuffix>
                           <!--Optional:-->
                           <naa:StreetType codeName="?" codeListURI="?" codeListAgency="?" codeListName="?" codeListVersion="?">?</naa:StreetType>
                           <!--Optional:-->
                           <naa:Usage codeName="?" codeListURI="?" codeListAgency="?" codeListName="?" codeListVersion="?">?</naa:Usage>
                           <!--Optional:-->
                           <naa:UsagePeriod ref="?">
                              <!--Optional:-->
                              <naa:Complete Format="?">?</naa:Complete>
                              <!--Optional:-->
                              <naa:Description LanguageIdentifier="?" LanguageLocaleIdentifier="?">?</naa:Description>
                              <!--Optional:-->
                              <naa:Duration UnitCode="?">?</naa:Duration>
                              <!--Optional:-->
                              <naa:End Format="?">?</naa:End>
                              <naa:Identification identificationSchemeName="?" identificationSchemeURI="?" identificationSchemeVersion="?" identificationSchemeAgency="?">?</naa:Identification>
                              <!--Optional:-->
                              <naa:Inclusive Format="?">?</naa:Inclusive>
                              <!--Optional:-->
                              <naa:Name LanguageIdentifier="?" LanguageLocaleIdentifier="?">?</naa:Name>
                              <!--Optional:-->
                              <naa:Sequence identificationSchemeName="?" identificationSchemeURI="?" identificationSchemeVersion="?" identificationSchemeAgency="?">?</naa:Sequence>
                              <naa:Start Format="?">?</naa:Start>
                           </naa:UsagePeriod>
                        </naa:PhysicalAddress>
                        <!--Zero or more repetitions:-->
                        <naa:PostalAddress ref="?">
                           <!--Zero or more repetitions:-->
                           <naa:Address/>
                           <!--Optional:-->
                           <naa:BlockName LanguageIdentifier="?" LanguageLocaleIdentifier="?">?</naa:BlockName>
                           <!--Optional:-->
                           <naa:BuildingName LanguageIdentifier="?" LanguageLocaleIdentifier="?">?</naa:BuildingName>
                           <!--Optional:-->
                           <naa:BuildingNumber LanguageIdentifier="?" LanguageLocaleIdentifier="?">?</naa:BuildingNumber>
                           <!--Optional:-->
                           <naa:CityName LanguageIdentifier="?" LanguageLocaleIdentifier="?">?</naa:CityName>
                           <!--Optional:-->
                           <naa:Code codeName="?" codeListURI="?" codeListAgency="?" codeListName="?" codeListVersion="?">?</naa:Code>
                           <!--Optional:-->
                           <naa:CountryName codeName="?" codeListURI="?" codeListAgency="?" codeListName="?" codeListVersion="?">?</naa:CountryName>
                           <!--Optional:-->
                           <naa:CountrySubDivision codeName="?" codeListURI="?" codeListAgency="?" codeListName="?" codeListVersion="?">?</naa:CountrySubDivision>
                           <!--Zero or more repetitions:-->
                           <naa:Geocode ref="?">
                              <!--Optional:-->
                              <naa:AltimetricSystem codeName="?" codeListURI="?" codeListAgency="?" codeListName="?" codeListVersion="?">?</naa:AltimetricSystem>
                              <!--Optional:-->
                              <naa:Altitude Format="?">?</naa:Altitude>
                              <naa:Identification identificationSchemeName="?" identificationSchemeURI="?" identificationSchemeVersion="?" identificationSchemeAgency="?">?</naa:Identification>
                              <naa:Latitude Format="?">?</naa:Latitude>
                              <!--Optional:-->
                              <naa:LatitudeDirection codeName="?" codeListURI="?" codeListAgency="?" codeListName="?" codeListVersion="?">?</naa:LatitudeDirection>
                              <naa:Longitude Format="?">?</naa:Longitude>
                              <!--Optional:-->
                              <naa:LongitudeDirection codeName="?" codeListURI="?" codeListAgency="?" codeListName="?" codeListVersion="?">?</naa:LongitudeDirection>
                              <!--Optional:-->
                              <naa:System codeName="?" codeListURI="?" codeListAgency="?" codeListName="?" codeListVersion="?">?</naa:System>
                           </naa:Geocode>
                           <naa:Identification identificationSchemeName="?" identificationSchemeURI="?" identificationSchemeVersion="?" identificationSchemeAgency="?">?</naa:Identification>
                           <!--Optional:-->
                           <naa:LineFive LanguageIdentifier="?" LanguageLocaleIdentifier="?">?</naa:LineFive>
                           <!--Optional:-->
                           <naa:LineFour LanguageIdentifier="?" LanguageLocaleIdentifier="?">?</naa:LineFour>
                           <!--Optional:-->
                           <naa:LineOne LanguageIdentifier="?" LanguageLocaleIdentifier="?">?</naa:LineOne>
                           <!--Optional:-->
                           <naa:LineSix LanguageIdentifier="?" LanguageLocaleIdentifier="?">?</naa:LineSix>
                           <!--Optional:-->
                           <naa:LineThree LanguageIdentifier="?" LanguageLocaleIdentifier="?">?</naa:LineThree>
                           <!--Optional:-->
                           <naa:LineTwo LanguageIdentifier="?" LanguageLocaleIdentifier="?">?</naa:LineTwo>
                           <!--Optional:-->
                           <naa:PostOfficeBox LanguageIdentifier="?" LanguageLocaleIdentifier="?">?</naa:PostOfficeBox>
                           <!--Optional:-->
                           <naa:Postcode LanguageIdentifier="?" LanguageLocaleIdentifier="?">?</naa:Postcode>
                           <!--Optional:-->
                           <naa:StreetName LanguageIdentifier="?" LanguageLocaleIdentifier="?">?</naa:StreetName>
                           <!--Optional:-->
                           <naa:StreetSuffix codeName="?" codeListURI="?" codeListAgency="?" codeListName="?" codeListVersion="?">?</naa:StreetSuffix>
                           <!--Optional:-->
                           <naa:StreetType codeName="?" codeListURI="?" codeListAgency="?" codeListName="?" codeListVersion="?">?</naa:StreetType>
                           <!--Optional:-->
                           <naa:Usage codeName="?" codeListURI="?" codeListAgency="?" codeListName="?" codeListVersion="?">?</naa:Usage>
                           <!--Optional:-->
                           <naa:UsagePeriod ref="?">
                              <!--Optional:-->
                              <naa:Complete Format="?">?</naa:Complete>
                              <!--Optional:-->
                              <naa:Description LanguageIdentifier="?" LanguageLocaleIdentifier="?">?</naa:Description>
                              <!--Optional:-->
                              <naa:Duration UnitCode="?">?</naa:Duration>
                              <!--Optional:-->
                              <naa:End Format="?">?</naa:End>
                              <naa:Identification identificationSchemeName="?" identificationSchemeURI="?" identificationSchemeVersion="?" identificationSchemeAgency="?">?</naa:Identification>
                              <!--Optional:-->
                              <naa:Inclusive Format="?">?</naa:Inclusive>
                              <!--Optional:-->
                              <naa:Name LanguageIdentifier="?" LanguageLocaleIdentifier="?">?</naa:Name>
                              <!--Optional:-->
                              <naa:Sequence identificationSchemeName="?" identificationSchemeURI="?" identificationSchemeVersion="?" identificationSchemeAgency="?">?</naa:Sequence>
                              <naa:Start Format="?">?</naa:Start>
                           </naa:UsagePeriod>
                        </naa:PostalAddress>
                        <!--Zero or more repetitions:-->
                        <naa:Registration ref="?">
                           <!--Optional:-->
                           <naa:Category codeName="?" codeListURI="?" codeListAgency="?" codeListName="?" codeListVersion="?">?</naa:Category>
                           <!--Optional:-->
                           <naa:Country codeName="?" codeListURI="?" codeListAgency="?" codeListName="?" codeListVersion="?">?</naa:Country>
                           <naa:Identification identificationSchemeName="?" identificationSchemeURI="?" identificationSchemeVersion="?" identificationSchemeAgency="?">?</naa:Identification>
                           <!--Optional:-->
                           <naa:Licence identificationSchemeName="?" identificationSchemeURI="?" identificationSchemeVersion="?" identificationSchemeAgency="?">?</naa:Licence>
                           <!--Optional:-->
                           <naa:Recorded Format="?">?</naa:Recorded>
                           <!--Optional:-->
                           <naa:Type codeName="?" codeListURI="?" codeListAgency="?" codeListName="?" codeListVersion="?">?</naa:Type>
                           <!--Optional:-->
                           <naa:ValidityPeriod ref="?">
                              <!--Optional:-->
                              <naa:Complete Format="?">?</naa:Complete>
                              <!--Optional:-->
                              <naa:Description LanguageIdentifier="?" LanguageLocaleIdentifier="?">?</naa:Description>
                              <!--Optional:-->
                              <naa:Duration UnitCode="?">?</naa:Duration>
                              <!--Optional:-->
                              <naa:End Format="?">?</naa:End>
                              <naa:Identification identificationSchemeName="?" identificationSchemeURI="?" identificationSchemeVersion="?" identificationSchemeAgency="?">?</naa:Identification>
                              <!--Optional:-->
                              <naa:Inclusive Format="?">?</naa:Inclusive>
                              <!--Optional:-->
                              <naa:Name LanguageIdentifier="?" LanguageLocaleIdentifier="?">?</naa:Name>
                              <!--Optional:-->
                              <naa:Sequence identificationSchemeName="?" identificationSchemeURI="?" identificationSchemeVersion="?" identificationSchemeAgency="?">?</naa:Sequence>
                              <naa:Start Format="?">?</naa:Start>
                           </naa:ValidityPeriod>
                        </naa:Registration>
                        <!--Zero or more repetitions:-->
                        <naa:Status ref="?">
                           <naa:Code codeName="?" codeListURI="?" codeListAgency="?" codeListName="?" codeListVersion="?">?</naa:Code>
                           <!--Optional:-->
                           <naa:Description LanguageIdentifier="?" LanguageLocaleIdentifier="?">?</naa:Description>
                           <!--Optional:-->
                           <naa:ValidityPeriod ref="?">
                              <!--Optional:-->
                              <naa:Complete Format="?">?</naa:Complete>
                              <!--Optional:-->
                              <naa:Description LanguageIdentifier="?" LanguageLocaleIdentifier="?">?</naa:Description>
                              <!--Optional:-->
                              <naa:Duration UnitCode="?">?</naa:Duration>
                              <!--Optional:-->
                              <naa:End Format="?">?</naa:End>
                              <naa:Identification identificationSchemeName="?" identificationSchemeURI="?" identificationSchemeVersion="?" identificationSchemeAgency="?">?</naa:Identification>
                              <!--Optional:-->
                              <naa:Inclusive Format="?">?</naa:Inclusive>
                              <!--Optional:-->
                              <naa:Name LanguageIdentifier="?" LanguageLocaleIdentifier="?">?</naa:Name>
                              <!--Optional:-->
                              <naa:Sequence identificationSchemeName="?" identificationSchemeURI="?" identificationSchemeVersion="?" identificationSchemeAgency="?">?</naa:Sequence>
                              <naa:Start Format="?">?</naa:Start>
                           </naa:ValidityPeriod>
                        </naa:Status>
                        <!--Zero or more repetitions:-->
                        <naa:Telephone ref="?">
                           <!--Optional:-->
                           <naa:AreaCode codeName="?" codeListURI="?" codeListAgency="?" codeListName="?" codeListVersion="?">?</naa:AreaCode>
                           <!--Optional:-->
                           <naa:CountryCode codeName="?" codeListURI="?" codeListAgency="?" codeListName="?" codeListVersion="?">?</naa:CountryCode>
                           <!--Optional:-->
                           <naa:Extension LanguageIdentifier="?" LanguageLocaleIdentifier="?">?</naa:Extension>
                           <naa:Number identificationSchemeName="?" identificationSchemeURI="?" identificationSchemeVersion="?" identificationSchemeAgency="?">?</naa:Number>
                           <naa:Type codeName="?" codeListURI="?" codeListAgency="?" codeListName="?" codeListVersion="?">?</naa:Type>
                        </naa:Telephone>
                        <!--Optional:-->
                        <naa:Type codeName="?" codeListURI="?" codeListAgency="?" codeListName="?" codeListVersion="?">?</naa:Type>
                     </naa:Organisation>
                     <!--Optional:-->
                     <naa:Person ref="?">
                        <!--Optional:-->
                        <naa:Description LanguageIdentifier="?" LanguageLocaleIdentifier="?">?</naa:Description>
                        <naa:Identification identificationSchemeName="?" identificationSchemeURI="?" identificationSchemeVersion="?" identificationSchemeAgency="?">?</naa:Identification>
                        <!--Zero or more repetitions:-->
                        <naa:Internet ref="?">
                           <naa:Type codeName="?" codeListURI="?" codeListAgency="?" codeListName="?" codeListVersion="?">?</naa:Type>
                           <naa:URI>?</naa:URI>
                        </naa:Internet>
                        <!--1 or more repetitions:-->
                        <naa:PersonName ref="?">
                           <naa:Classification codeName="?" codeListURI="?" codeListAgency="?" codeListName="?" codeListVersion="?">?</naa:Classification>
                           <!--Optional:-->
                           <naa:FamilyName LanguageIdentifier="?" LanguageLocaleIdentifier="?">?</naa:FamilyName>
                           <!--Optional:-->
                           <naa:FamilyNamePrefix LanguageIdentifier="?" LanguageLocaleIdentifier="?">?</naa:FamilyNamePrefix>
                           <!--Optional:-->
                           <naa:GivenName LanguageIdentifier="?" LanguageLocaleIdentifier="?">?</naa:GivenName>
                           <!--Optional:-->
                           <naa:MiddleName LanguageIdentifier="?" LanguageLocaleIdentifier="?">?</naa:MiddleName>
                           <!--Optional:-->
                           <naa:Name LanguageIdentifier="?" LanguageLocaleIdentifier="?">?</naa:Name>
                           <!--Optional:-->
                           <naa:NameSuffix codeName="?" codeListURI="?" codeListAgency="?" codeListName="?" codeListVersion="?">?</naa:NameSuffix>
                           <!--Optional:-->
                           <naa:Salutation LanguageIdentifier="?" LanguageLocaleIdentifier="?">?</naa:Salutation>
                           <!--Optional:-->
                           <naa:Title codeName="?" codeListURI="?" codeListAgency="?" codeListName="?" codeListVersion="?">?</naa:Title>
                           <!--Optional:-->
                           <naa:ValidityPeriod ref="?">
                              <!--Optional:-->
                              <naa:Complete Format="?">?</naa:Complete>
                              <!--Optional:-->
                              <naa:Description LanguageIdentifier="?" LanguageLocaleIdentifier="?">?</naa:Description>
                              <!--Optional:-->
                              <naa:Duration UnitCode="?">?</naa:Duration>
                              <!--Optional:-->
                              <naa:End Format="?">?</naa:End>
                              <naa:Identification identificationSchemeName="?" identificationSchemeURI="?" identificationSchemeVersion="?" identificationSchemeAgency="?">?</naa:Identification>
                              <!--Optional:-->
                              <naa:Inclusive Format="?">?</naa:Inclusive>
                              <!--Optional:-->
                              <naa:Name LanguageIdentifier="?" LanguageLocaleIdentifier="?">?</naa:Name>
                              <!--Optional:-->
                              <naa:Sequence identificationSchemeName="?" identificationSchemeURI="?" identificationSchemeVersion="?" identificationSchemeAgency="?">?</naa:Sequence>
                              <naa:Start Format="?">?</naa:Start>
                           </naa:ValidityPeriod>
                        </naa:PersonName>
                        <!--Zero or more repetitions:-->
                        <naa:PostalAddress ref="?">
                           <!--Zero or more repetitions:-->
                           <naa:Address/>
                           <!--Optional:-->
                           <naa:BlockName LanguageIdentifier="?" LanguageLocaleIdentifier="?">?</naa:BlockName>
                           <!--Optional:-->
                           <naa:BuildingName LanguageIdentifier="?" LanguageLocaleIdentifier="?">?</naa:BuildingName>
                           <!--Optional:-->
                           <naa:BuildingNumber LanguageIdentifier="?" LanguageLocaleIdentifier="?">?</naa:BuildingNumber>
                           <!--Optional:-->
                           <naa:CityName LanguageIdentifier="?" LanguageLocaleIdentifier="?">?</naa:CityName>
                           <!--Optional:-->
                           <naa:Code codeName="?" codeListURI="?" codeListAgency="?" codeListName="?" codeListVersion="?">?</naa:Code>
                           <!--Optional:-->
                           <naa:CountryName codeName="?" codeListURI="?" codeListAgency="?" codeListName="?" codeListVersion="?">?</naa:CountryName>
                           <!--Optional:-->
                           <naa:CountrySubDivision codeName="?" codeListURI="?" codeListAgency="?" codeListName="?" codeListVersion="?">?</naa:CountrySubDivision>
                           <!--Zero or more repetitions:-->
                           <naa:Geocode ref="?">
                              <!--Optional:-->
                              <naa:AltimetricSystem codeName="?" codeListURI="?" codeListAgency="?" codeListName="?" codeListVersion="?">?</naa:AltimetricSystem>
                              <!--Optional:-->
                              <naa:Altitude Format="?">?</naa:Altitude>
                              <naa:Identification identificationSchemeName="?" identificationSchemeURI="?" identificationSchemeVersion="?" identificationSchemeAgency="?">?</naa:Identification>
                              <naa:Latitude Format="?">?</naa:Latitude>
                              <!--Optional:-->
                              <naa:LatitudeDirection codeName="?" codeListURI="?" codeListAgency="?" codeListName="?" codeListVersion="?">?</naa:LatitudeDirection>
                              <naa:Longitude Format="?">?</naa:Longitude>
                              <!--Optional:-->
                              <naa:LongitudeDirection codeName="?" codeListURI="?" codeListAgency="?" codeListName="?" codeListVersion="?">?</naa:LongitudeDirection>
                              <!--Optional:-->
                              <naa:System codeName="?" codeListURI="?" codeListAgency="?" codeListName="?" codeListVersion="?">?</naa:System>
                           </naa:Geocode>
                           <naa:Identification identificationSchemeName="?" identificationSchemeURI="?" identificationSchemeVersion="?" identificationSchemeAgency="?">?</naa:Identification>
                           <!--Optional:-->
                           <naa:LineFive LanguageIdentifier="?" LanguageLocaleIdentifier="?">?</naa:LineFive>
                           <!--Optional:-->
                           <naa:LineFour LanguageIdentifier="?" LanguageLocaleIdentifier="?">?</naa:LineFour>
                           <!--Optional:-->
                           <naa:LineOne LanguageIdentifier="?" LanguageLocaleIdentifier="?">?</naa:LineOne>
                           <!--Optional:-->
                           <naa:LineSix LanguageIdentifier="?" LanguageLocaleIdentifier="?">?</naa:LineSix>
                           <!--Optional:-->
                           <naa:LineThree LanguageIdentifier="?" LanguageLocaleIdentifier="?">?</naa:LineThree>
                           <!--Optional:-->
                           <naa:LineTwo LanguageIdentifier="?" LanguageLocaleIdentifier="?">?</naa:LineTwo>
                           <!--Optional:-->
                           <naa:PostOfficeBox LanguageIdentifier="?" LanguageLocaleIdentifier="?">?</naa:PostOfficeBox>
                           <!--Optional:-->
                           <naa:Postcode LanguageIdentifier="?" LanguageLocaleIdentifier="?">?</naa:Postcode>
                           <!--Optional:-->
                           <naa:StreetName LanguageIdentifier="?" LanguageLocaleIdentifier="?">?</naa:StreetName>
                           <!--Optional:-->
                           <naa:StreetSuffix codeName="?" codeListURI="?" codeListAgency="?" codeListName="?" codeListVersion="?">?</naa:StreetSuffix>
                           <!--Optional:-->
                           <naa:StreetType codeName="?" codeListURI="?" codeListAgency="?" codeListName="?" codeListVersion="?">?</naa:StreetType>
                           <!--Optional:-->
                           <naa:Usage codeName="?" codeListURI="?" codeListAgency="?" codeListName="?" codeListVersion="?">?</naa:Usage>
                           <!--Optional:-->
                           <naa:UsagePeriod ref="?">
                              <!--Optional:-->
                              <naa:Complete Format="?">?</naa:Complete>
                              <!--Optional:-->
                              <naa:Description LanguageIdentifier="?" LanguageLocaleIdentifier="?">?</naa:Description>
                              <!--Optional:-->
                              <naa:Duration UnitCode="?">?</naa:Duration>
                              <!--Optional:-->
                              <naa:End Format="?">?</naa:End>
                              <naa:Identification identificationSchemeName="?" identificationSchemeURI="?" identificationSchemeVersion="?" identificationSchemeAgency="?">?</naa:Identification>
                              <!--Optional:-->
                              <naa:Inclusive Format="?">?</naa:Inclusive>
                              <!--Optional:-->
                              <naa:Name LanguageIdentifier="?" LanguageLocaleIdentifier="?">?</naa:Name>
                              <!--Optional:-->
                              <naa:Sequence identificationSchemeName="?" identificationSchemeURI="?" identificationSchemeVersion="?" identificationSchemeAgency="?">?</naa:Sequence>
                              <naa:Start Format="?">?</naa:Start>
                           </naa:UsagePeriod>
                        </naa:PostalAddress>
                        <!--Zero or more repetitions:-->
                        <naa:Registration ref="?">
                           <!--Optional:-->
                           <naa:Category codeName="?" codeListURI="?" codeListAgency="?" codeListName="?" codeListVersion="?">?</naa:Category>
                           <!--Optional:-->
                           <naa:Country codeName="?" codeListURI="?" codeListAgency="?" codeListName="?" codeListVersion="?">?</naa:Country>
                           <naa:Identification identificationSchemeName="?" identificationSchemeURI="?" identificationSchemeVersion="?" identificationSchemeAgency="?">?</naa:Identification>
                           <!--Optional:-->
                           <naa:Licence identificationSchemeName="?" identificationSchemeURI="?" identificationSchemeVersion="?" identificationSchemeAgency="?">?</naa:Licence>
                           <!--Optional:-->
                           <naa:Recorded Format="?">?</naa:Recorded>
                           <!--Optional:-->
                           <naa:Type codeName="?" codeListURI="?" codeListAgency="?" codeListName="?" codeListVersion="?">?</naa:Type>
                           <!--Optional:-->
                           <naa:ValidityPeriod ref="?">
                              <!--Optional:-->
                              <naa:Complete Format="?">?</naa:Complete>
                              <!--Optional:-->
                              <naa:Description LanguageIdentifier="?" LanguageLocaleIdentifier="?">?</naa:Description>
                              <!--Optional:-->
                              <naa:Duration UnitCode="?">?</naa:Duration>
                              <!--Optional:-->
                              <naa:End Format="?">?</naa:End>
                              <naa:Identification identificationSchemeName="?" identificationSchemeURI="?" identificationSchemeVersion="?" identificationSchemeAgency="?">?</naa:Identification>
                              <!--Optional:-->
                              <naa:Inclusive Format="?">?</naa:Inclusive>
                              <!--Optional:-->
                              <naa:Name LanguageIdentifier="?" LanguageLocaleIdentifier="?">?</naa:Name>
                              <!--Optional:-->
                              <naa:Sequence identificationSchemeName="?" identificationSchemeURI="?" identificationSchemeVersion="?" identificationSchemeAgency="?">?</naa:Sequence>
                              <naa:Start Format="?">?</naa:Start>
                           </naa:ValidityPeriod>
                        </naa:Registration>
                        <!--Zero or more repetitions:-->
                        <naa:ResidentialAddress ref="?">
                           <!--Zero or more repetitions:-->
                           <naa:Address/>
                           <!--Optional:-->
                           <naa:BlockName LanguageIdentifier="?" LanguageLocaleIdentifier="?">?</naa:BlockName>
                           <!--Optional:-->
                           <naa:BuildingName LanguageIdentifier="?" LanguageLocaleIdentifier="?">?</naa:BuildingName>
                           <!--Optional:-->
                           <naa:BuildingNumber LanguageIdentifier="?" LanguageLocaleIdentifier="?">?</naa:BuildingNumber>
                           <!--Optional:-->
                           <naa:CityName LanguageIdentifier="?" LanguageLocaleIdentifier="?">?</naa:CityName>
                           <!--Optional:-->
                           <naa:Code codeName="?" codeListURI="?" codeListAgency="?" codeListName="?" codeListVersion="?">?</naa:Code>
                           <!--Optional:-->
                           <naa:CountryName codeName="?" codeListURI="?" codeListAgency="?" codeListName="?" codeListVersion="?">?</naa:CountryName>
                           <!--Optional:-->
                           <naa:CountrySubDivision codeName="?" codeListURI="?" codeListAgency="?" codeListName="?" codeListVersion="?">?</naa:CountrySubDivision>
                           <!--Zero or more repetitions:-->
                           <naa:Geocode ref="?">
                              <!--Optional:-->
                              <naa:AltimetricSystem codeName="?" codeListURI="?" codeListAgency="?" codeListName="?" codeListVersion="?">?</naa:AltimetricSystem>
                              <!--Optional:-->
                              <naa:Altitude Format="?">?</naa:Altitude>
                              <naa:Identification identificationSchemeName="?" identificationSchemeURI="?" identificationSchemeVersion="?" identificationSchemeAgency="?">?</naa:Identification>
                              <naa:Latitude Format="?">?</naa:Latitude>
                              <!--Optional:-->
                              <naa:LatitudeDirection codeName="?" codeListURI="?" codeListAgency="?" codeListName="?" codeListVersion="?">?</naa:LatitudeDirection>
                              <naa:Longitude Format="?">?</naa:Longitude>
                              <!--Optional:-->
                              <naa:LongitudeDirection codeName="?" codeListURI="?" codeListAgency="?" codeListName="?" codeListVersion="?">?</naa:LongitudeDirection>
                              <!--Optional:-->
                              <naa:System codeName="?" codeListURI="?" codeListAgency="?" codeListName="?" codeListVersion="?">?</naa:System>
                           </naa:Geocode>
                           <naa:Identification identificationSchemeName="?" identificationSchemeURI="?" identificationSchemeVersion="?" identificationSchemeAgency="?">?</naa:Identification>
                           <!--Optional:-->
                           <naa:LineFive LanguageIdentifier="?" LanguageLocaleIdentifier="?">?</naa:LineFive>
                           <!--Optional:-->
                           <naa:LineFour LanguageIdentifier="?" LanguageLocaleIdentifier="?">?</naa:LineFour>
                           <!--Optional:-->
                           <naa:LineOne LanguageIdentifier="?" LanguageLocaleIdentifier="?">?</naa:LineOne>
                           <!--Optional:-->
                           <naa:LineSix LanguageIdentifier="?" LanguageLocaleIdentifier="?">?</naa:LineSix>
                           <!--Optional:-->
                           <naa:LineThree LanguageIdentifier="?" LanguageLocaleIdentifier="?">?</naa:LineThree>
                           <!--Optional:-->
                           <naa:LineTwo LanguageIdentifier="?" LanguageLocaleIdentifier="?">?</naa:LineTwo>
                           <!--Optional:-->
                           <naa:PostOfficeBox LanguageIdentifier="?" LanguageLocaleIdentifier="?">?</naa:PostOfficeBox>
                           <!--Optional:-->
                           <naa:Postcode LanguageIdentifier="?" LanguageLocaleIdentifier="?">?</naa:Postcode>
                           <!--Optional:-->
                           <naa:StreetName LanguageIdentifier="?" LanguageLocaleIdentifier="?">?</naa:StreetName>
                           <!--Optional:-->
                           <naa:StreetSuffix codeName="?" codeListURI="?" codeListAgency="?" codeListName="?" codeListVersion="?">?</naa:StreetSuffix>
                           <!--Optional:-->
                           <naa:StreetType codeName="?" codeListURI="?" codeListAgency="?" codeListName="?" codeListVersion="?">?</naa:StreetType>
                           <!--Optional:-->
                           <naa:Usage codeName="?" codeListURI="?" codeListAgency="?" codeListName="?" codeListVersion="?">?</naa:Usage>
                           <!--Optional:-->
                           <naa:UsagePeriod ref="?">
                              <!--Optional:-->
                              <naa:Complete Format="?">?</naa:Complete>
                              <!--Optional:-->
                              <naa:Description LanguageIdentifier="?" LanguageLocaleIdentifier="?">?</naa:Description>
                              <!--Optional:-->
                              <naa:Duration UnitCode="?">?</naa:Duration>
                              <!--Optional:-->
                              <naa:End Format="?">?</naa:End>
                              <naa:Identification identificationSchemeName="?" identificationSchemeURI="?" identificationSchemeVersion="?" identificationSchemeAgency="?">?</naa:Identification>
                              <!--Optional:-->
                              <naa:Inclusive Format="?">?</naa:Inclusive>
                              <!--Optional:-->
                              <naa:Name LanguageIdentifier="?" LanguageLocaleIdentifier="?">?</naa:Name>
                              <!--Optional:-->
                              <naa:Sequence identificationSchemeName="?" identificationSchemeURI="?" identificationSchemeVersion="?" identificationSchemeAgency="?">?</naa:Sequence>
                              <naa:Start Format="?">?</naa:Start>
                           </naa:UsagePeriod>
                        </naa:ResidentialAddress>
                        <!--Zero or more repetitions:-->
                        <naa:Status ref="?">
                           <naa:Code codeName="?" codeListURI="?" codeListAgency="?" codeListName="?" codeListVersion="?">?</naa:Code>
                           <!--Optional:-->
                           <naa:Description LanguageIdentifier="?" LanguageLocaleIdentifier="?">?</naa:Description>
                           <!--Optional:-->
                           <naa:ValidityPeriod ref="?">
                              <!--Optional:-->
                              <naa:Complete Format="?">?</naa:Complete>
                              <!--Optional:-->
                              <naa:Description LanguageIdentifier="?" LanguageLocaleIdentifier="?">?</naa:Description>
                              <!--Optional:-->
                              <naa:Duration UnitCode="?">?</naa:Duration>
                              <!--Optional:-->
                              <naa:End Format="?">?</naa:End>
                              <naa:Identification identificationSchemeName="?" identificationSchemeURI="?" identificationSchemeVersion="?" identificationSchemeAgency="?">?</naa:Identification>
                              <!--Optional:-->
                              <naa:Inclusive Format="?">?</naa:Inclusive>
                              <!--Optional:-->
                              <naa:Name LanguageIdentifier="?" LanguageLocaleIdentifier="?">?</naa:Name>
                              <!--Optional:-->
                              <naa:Sequence identificationSchemeName="?" identificationSchemeURI="?" identificationSchemeVersion="?" identificationSchemeAgency="?">?</naa:Sequence>
                              <naa:Start Format="?">?</naa:Start>
                           </naa:ValidityPeriod>
                        </naa:Status>
                        <!--Zero or more repetitions:-->
                        <naa:Telephone ref="?">
                           <!--Optional:-->
                           <naa:AreaCode codeName="?" codeListURI="?" codeListAgency="?" codeListName="?" codeListVersion="?">?</naa:AreaCode>
                           <!--Optional:-->
                           <naa:CountryCode codeName="?" codeListURI="?" codeListAgency="?" codeListName="?" codeListVersion="?">?</naa:CountryCode>
                           <!--Optional:-->
                           <naa:Extension LanguageIdentifier="?" LanguageLocaleIdentifier="?">?</naa:Extension>
                           <naa:Number identificationSchemeName="?" identificationSchemeURI="?" identificationSchemeVersion="?" identificationSchemeAgency="?">?</naa:Number>
                           <naa:Type codeName="?" codeListURI="?" codeListAgency="?" codeListName="?" codeListVersion="?">?</naa:Type>
                        </naa:Telephone>
                     </naa:Person>
                     <naa:Identification identificationSchemeName="?" identificationSchemeURI="?" identificationSchemeVersion="?" identificationSchemeAgency="?">?</naa:Identification>
                     <!--Optional:-->
                     <naa:Language codeName="?" codeListURI="?" codeListAgency="?" codeListName="?" codeListVersion="?">?</naa:Language>
                     <naa:Name LanguageIdentifier="?" LanguageLocaleIdentifier="?">?</naa:Name>
                     <!--Optional:-->
                     <naa:Type LanguageIdentifier="?" LanguageLocaleIdentifier="?">?</naa:Type>
                  </da:Party>
                  <!--Optional:-->
                  <da:Type codeName="?" codeListURI="?" codeListAgency="?" codeListName="?" codeListVersion="?">?</da:Type>
               </da:RequestingAuthorityPartyRole>
               <!--Zero or more repetitions:-->
               <da:ResponsiblePartyRole ref="?">
                  <!--Optional:-->
                  <da:DateTime Format="?">?</da:DateTime>
                  <!--1 or more repetitions:-->
                  <da:Party ref="?">
                     <!--Optional:-->
                     <naa:AccessRights codeName="?" codeListURI="?" codeListAgency="?" codeListName="?" codeListVersion="?">?</naa:AccessRights>
                     <!--Optional:-->
                     <naa:Description LanguageIdentifier="?" LanguageLocaleIdentifier="?">?</naa:Description>
                     <!--You have a CHOICE of the next 2 items at this level-->
                     <!--Optional:-->
                     <naa:Organisation ref="?">
                        <!--Zero or more repetitions:-->
                        <naa:Contact ref="?">
                           <!--Optional:-->
                           <naa:DepartmentName LanguageIdentifier="?" LanguageLocaleIdentifier="?">?</naa:DepartmentName>
                           <!--Optional:-->
                           <naa:Description LanguageIdentifier="?" LanguageLocaleIdentifier="?">?</naa:Description>
                           <naa:Identification identificationSchemeName="?" identificationSchemeURI="?" identificationSchemeVersion="?" identificationSchemeAgency="?">?</naa:Identification>
                           <!--Zero or more repetitions:-->
                           <naa:Internet ref="?">
                              <naa:Type codeName="?" codeListURI="?" codeListAgency="?" codeListName="?" codeListVersion="?">?</naa:Type>
                              <naa:URI>?</naa:URI>
                           </naa:Internet>
                           <!--Optional:-->
                           <naa:IsPrimary Format="?">?</naa:IsPrimary>
                           <!--Optional:-->
                           <naa:JobTitle LanguageIdentifier="?" LanguageLocaleIdentifier="?">?</naa:JobTitle>
                           <!--Optional:-->
                           <naa:PersonName ref="?">
                              <naa:Classification codeName="?" codeListURI="?" codeListAgency="?" codeListName="?" codeListVersion="?">?</naa:Classification>
                              <!--Optional:-->
                              <naa:FamilyName LanguageIdentifier="?" LanguageLocaleIdentifier="?">?</naa:FamilyName>
                              <!--Optional:-->
                              <naa:FamilyNamePrefix LanguageIdentifier="?" LanguageLocaleIdentifier="?">?</naa:FamilyNamePrefix>
                              <!--Optional:-->
                              <naa:GivenName LanguageIdentifier="?" LanguageLocaleIdentifier="?">?</naa:GivenName>
                              <!--Optional:-->
                              <naa:MiddleName LanguageIdentifier="?" LanguageLocaleIdentifier="?">?</naa:MiddleName>
                              <!--Optional:-->
                              <naa:Name LanguageIdentifier="?" LanguageLocaleIdentifier="?">?</naa:Name>
                              <!--Optional:-->
                              <naa:NameSuffix codeName="?" codeListURI="?" codeListAgency="?" codeListName="?" codeListVersion="?">?</naa:NameSuffix>
                              <!--Optional:-->
                              <naa:Salutation LanguageIdentifier="?" LanguageLocaleIdentifier="?">?</naa:Salutation>
                              <!--Optional:-->
                              <naa:Title codeName="?" codeListURI="?" codeListAgency="?" codeListName="?" codeListVersion="?">?</naa:Title>
                              <!--Optional:-->
                              <naa:ValidityPeriod ref="?">
                                 <!--Optional:-->
                                 <naa:Complete Format="?">?</naa:Complete>
                                 <!--Optional:-->
                                 <naa:Description LanguageIdentifier="?" LanguageLocaleIdentifier="?">?</naa:Description>
                                 <!--Optional:-->
                                 <naa:Duration UnitCode="?">?</naa:Duration>
                                 <!--Optional:-->
                                 <naa:End Format="?">?</naa:End>
                                 <naa:Identification identificationSchemeName="?" identificationSchemeURI="?" identificationSchemeVersion="?" identificationSchemeAgency="?">?</naa:Identification>
                                 <!--Optional:-->
                                 <naa:Inclusive Format="?">?</naa:Inclusive>
                                 <!--Optional:-->
                                 <naa:Name LanguageIdentifier="?" LanguageLocaleIdentifier="?">?</naa:Name>
                                 <!--Optional:-->
                                 <naa:Sequence identificationSchemeName="?" identificationSchemeURI="?" identificationSchemeVersion="?" identificationSchemeAgency="?">?</naa:Sequence>
                                 <naa:Start Format="?">?</naa:Start>
                              </naa:ValidityPeriod>
                           </naa:PersonName>
                           <!--Optional:-->
                           <naa:Responsibility LanguageIdentifier="?" LanguageLocaleIdentifier="?">?</naa:Responsibility>
                           <!--Zero or more repetitions:-->
                           <naa:Telephone ref="?">
                              <!--Optional:-->
                              <naa:AreaCode codeName="?" codeListURI="?" codeListAgency="?" codeListName="?" codeListVersion="?">?</naa:AreaCode>
                              <!--Optional:-->
                              <naa:CountryCode codeName="?" codeListURI="?" codeListAgency="?" codeListName="?" codeListVersion="?">?</naa:CountryCode>
                              <!--Optional:-->
                              <naa:Extension LanguageIdentifier="?" LanguageLocaleIdentifier="?">?</naa:Extension>
                              <naa:Number identificationSchemeName="?" identificationSchemeURI="?" identificationSchemeVersion="?" identificationSchemeAgency="?">?</naa:Number>
                              <naa:Type codeName="?" codeListURI="?" codeListAgency="?" codeListName="?" codeListVersion="?">?</naa:Type>
                           </naa:Telephone>
                           <!--Optional:-->
                           <naa:Type codeName="?" codeListURI="?" codeListAgency="?" codeListName="?" codeListVersion="?">?</naa:Type>
                        </naa:Contact>
                        <!--Optional:-->
                        <naa:Description LanguageIdentifier="?" LanguageLocaleIdentifier="?">?</naa:Description>
                        <naa:Identification identificationSchemeName="?" identificationSchemeURI="?" identificationSchemeVersion="?" identificationSchemeAgency="?">?</naa:Identification>
                        <!--Optional:-->
                        <naa:IndustryClassification codeName="?" codeListURI="?" codeListAgency="?" codeListName="?" codeListVersion="?">?</naa:IndustryClassification>
                        <!--Zero or more repetitions:-->
                        <naa:Internet ref="?">
                           <naa:Type codeName="?" codeListURI="?" codeListAgency="?" codeListName="?" codeListVersion="?">?</naa:Type>
                           <naa:URI>?</naa:URI>
                        </naa:Internet>
                        <!--Optional:-->
                        <naa:IsActive Format="?">?</naa:IsActive>
                        <!--Optional:-->
                        <naa:LegalClassification codeName="?" codeListURI="?" codeListAgency="?" codeListName="?" codeListVersion="?">?</naa:LegalClassification>
                        <!--Zero or more repetitions:-->
                        <naa:Organisation/>
                        <!--1 or more repetitions:-->
                        <naa:OrganisationName ref="?">
                           <naa:Classification codeName="?" codeListURI="?" codeListAgency="?" codeListName="?" codeListVersion="?">?</naa:Classification>
                           <naa:Name LanguageIdentifier="?" LanguageLocaleIdentifier="?">?</naa:Name>
                           <!--Optional:-->
                           <naa:ValidityPeriod ref="?">
                              <!--Optional:-->
                              <naa:Complete Format="?">?</naa:Complete>
                              <!--Optional:-->
                              <naa:Description LanguageIdentifier="?" LanguageLocaleIdentifier="?">?</naa:Description>
                              <!--Optional:-->
                              <naa:Duration UnitCode="?">?</naa:Duration>
                              <!--Optional:-->
                              <naa:End Format="?">?</naa:End>
                              <naa:Identification identificationSchemeName="?" identificationSchemeURI="?" identificationSchemeVersion="?" identificationSchemeAgency="?">?</naa:Identification>
                              <!--Optional:-->
                              <naa:Inclusive Format="?">?</naa:Inclusive>
                              <!--Optional:-->
                              <naa:Name LanguageIdentifier="?" LanguageLocaleIdentifier="?">?</naa:Name>
                              <!--Optional:-->
                              <naa:Sequence identificationSchemeName="?" identificationSchemeURI="?" identificationSchemeVersion="?" identificationSchemeAgency="?">?</naa:Sequence>
                              <naa:Start Format="?">?</naa:Start>
                           </naa:ValidityPeriod>
                        </naa:OrganisationName>
                        <!--Zero or more repetitions:-->
                        <naa:PhysicalAddress ref="?">
                           <!--Zero or more repetitions:-->
                           <naa:Address/>
                           <!--Optional:-->
                           <naa:BlockName LanguageIdentifier="?" LanguageLocaleIdentifier="?">?</naa:BlockName>
                           <!--Optional:-->
                           <naa:BuildingName LanguageIdentifier="?" LanguageLocaleIdentifier="?">?</naa:BuildingName>
                           <!--Optional:-->
                           <naa:BuildingNumber LanguageIdentifier="?" LanguageLocaleIdentifier="?">?</naa:BuildingNumber>
                           <!--Optional:-->
                           <naa:CityName LanguageIdentifier="?" LanguageLocaleIdentifier="?">?</naa:CityName>
                           <!--Optional:-->
                           <naa:Code codeName="?" codeListURI="?" codeListAgency="?" codeListName="?" codeListVersion="?">?</naa:Code>
                           <!--Optional:-->
                           <naa:CountryName codeName="?" codeListURI="?" codeListAgency="?" codeListName="?" codeListVersion="?">?</naa:CountryName>
                           <!--Optional:-->
                           <naa:CountrySubDivision codeName="?" codeListURI="?" codeListAgency="?" codeListName="?" codeListVersion="?">?</naa:CountrySubDivision>
                           <!--Zero or more repetitions:-->
                           <naa:Geocode ref="?">
                              <!--Optional:-->
                              <naa:AltimetricSystem codeName="?" codeListURI="?" codeListAgency="?" codeListName="?" codeListVersion="?">?</naa:AltimetricSystem>
                              <!--Optional:-->
                              <naa:Altitude Format="?">?</naa:Altitude>
                              <naa:Identification identificationSchemeName="?" identificationSchemeURI="?" identificationSchemeVersion="?" identificationSchemeAgency="?">?</naa:Identification>
                              <naa:Latitude Format="?">?</naa:Latitude>
                              <!--Optional:-->
                              <naa:LatitudeDirection codeName="?" codeListURI="?" codeListAgency="?" codeListName="?" codeListVersion="?">?</naa:LatitudeDirection>
                              <naa:Longitude Format="?">?</naa:Longitude>
                              <!--Optional:-->
                              <naa:LongitudeDirection codeName="?" codeListURI="?" codeListAgency="?" codeListName="?" codeListVersion="?">?</naa:LongitudeDirection>
                              <!--Optional:-->
                              <naa:System codeName="?" codeListURI="?" codeListAgency="?" codeListName="?" codeListVersion="?">?</naa:System>
                           </naa:Geocode>
                           <naa:Identification identificationSchemeName="?" identificationSchemeURI="?" identificationSchemeVersion="?" identificationSchemeAgency="?">?</naa:Identification>
                           <!--Optional:-->
                           <naa:LineFive LanguageIdentifier="?" LanguageLocaleIdentifier="?">?</naa:LineFive>
                           <!--Optional:-->
                           <naa:LineFour LanguageIdentifier="?" LanguageLocaleIdentifier="?">?</naa:LineFour>
                           <!--Optional:-->
                           <naa:LineOne LanguageIdentifier="?" LanguageLocaleIdentifier="?">?</naa:LineOne>
                           <!--Optional:-->
                           <naa:LineSix LanguageIdentifier="?" LanguageLocaleIdentifier="?">?</naa:LineSix>
                           <!--Optional:-->
                           <naa:LineThree LanguageIdentifier="?" LanguageLocaleIdentifier="?">?</naa:LineThree>
                           <!--Optional:-->
                           <naa:LineTwo LanguageIdentifier="?" LanguageLocaleIdentifier="?">?</naa:LineTwo>
                           <!--Optional:-->
                           <naa:PostOfficeBox LanguageIdentifier="?" LanguageLocaleIdentifier="?">?</naa:PostOfficeBox>
                           <!--Optional:-->
                           <naa:Postcode LanguageIdentifier="?" LanguageLocaleIdentifier="?">?</naa:Postcode>
                           <!--Optional:-->
                           <naa:StreetName LanguageIdentifier="?" LanguageLocaleIdentifier="?">?</naa:StreetName>
                           <!--Optional:-->
                           <naa:StreetSuffix codeName="?" codeListURI="?" codeListAgency="?" codeListName="?" codeListVersion="?">?</naa:StreetSuffix>
                           <!--Optional:-->
                           <naa:StreetType codeName="?" codeListURI="?" codeListAgency="?" codeListName="?" codeListVersion="?">?</naa:StreetType>
                           <!--Optional:-->
                           <naa:Usage codeName="?" codeListURI="?" codeListAgency="?" codeListName="?" codeListVersion="?">?</naa:Usage>
                           <!--Optional:-->
                           <naa:UsagePeriod ref="?">
                              <!--Optional:-->
                              <naa:Complete Format="?">?</naa:Complete>
                              <!--Optional:-->
                              <naa:Description LanguageIdentifier="?" LanguageLocaleIdentifier="?">?</naa:Description>
                              <!--Optional:-->
                              <naa:Duration UnitCode="?">?</naa:Duration>
                              <!--Optional:-->
                              <naa:End Format="?">?</naa:End>
                              <naa:Identification identificationSchemeName="?" identificationSchemeURI="?" identificationSchemeVersion="?" identificationSchemeAgency="?">?</naa:Identification>
                              <!--Optional:-->
                              <naa:Inclusive Format="?">?</naa:Inclusive>
                              <!--Optional:-->
                              <naa:Name LanguageIdentifier="?" LanguageLocaleIdentifier="?">?</naa:Name>
                              <!--Optional:-->
                              <naa:Sequence identificationSchemeName="?" identificationSchemeURI="?" identificationSchemeVersion="?" identificationSchemeAgency="?">?</naa:Sequence>
                              <naa:Start Format="?">?</naa:Start>
                           </naa:UsagePeriod>
                        </naa:PhysicalAddress>
                        <!--Zero or more repetitions:-->
                        <naa:PostalAddress ref="?">
                           <!--Zero or more repetitions:-->
                           <naa:Address/>
                           <!--Optional:-->
                           <naa:BlockName LanguageIdentifier="?" LanguageLocaleIdentifier="?">?</naa:BlockName>
                           <!--Optional:-->
                           <naa:BuildingName LanguageIdentifier="?" LanguageLocaleIdentifier="?">?</naa:BuildingName>
                           <!--Optional:-->
                           <naa:BuildingNumber LanguageIdentifier="?" LanguageLocaleIdentifier="?">?</naa:BuildingNumber>
                           <!--Optional:-->
                           <naa:CityName LanguageIdentifier="?" LanguageLocaleIdentifier="?">?</naa:CityName>
                           <!--Optional:-->
                           <naa:Code codeName="?" codeListURI="?" codeListAgency="?" codeListName="?" codeListVersion="?">?</naa:Code>
                           <!--Optional:-->
                           <naa:CountryName codeName="?" codeListURI="?" codeListAgency="?" codeListName="?" codeListVersion="?">?</naa:CountryName>
                           <!--Optional:-->
                           <naa:CountrySubDivision codeName="?" codeListURI="?" codeListAgency="?" codeListName="?" codeListVersion="?">?</naa:CountrySubDivision>
                           <!--Zero or more repetitions:-->
                           <naa:Geocode ref="?">
                              <!--Optional:-->
                              <naa:AltimetricSystem codeName="?" codeListURI="?" codeListAgency="?" codeListName="?" codeListVersion="?">?</naa:AltimetricSystem>
                              <!--Optional:-->
                              <naa:Altitude Format="?">?</naa:Altitude>
                              <naa:Identification identificationSchemeName="?" identificationSchemeURI="?" identificationSchemeVersion="?" identificationSchemeAgency="?">?</naa:Identification>
                              <naa:Latitude Format="?">?</naa:Latitude>
                              <!--Optional:-->
                              <naa:LatitudeDirection codeName="?" codeListURI="?" codeListAgency="?" codeListName="?" codeListVersion="?">?</naa:LatitudeDirection>
                              <naa:Longitude Format="?">?</naa:Longitude>
                              <!--Optional:-->
                              <naa:LongitudeDirection codeName="?" codeListURI="?" codeListAgency="?" codeListName="?" codeListVersion="?">?</naa:LongitudeDirection>
                              <!--Optional:-->
                              <naa:System codeName="?" codeListURI="?" codeListAgency="?" codeListName="?" codeListVersion="?">?</naa:System>
                           </naa:Geocode>
                           <naa:Identification identificationSchemeName="?" identificationSchemeURI="?" identificationSchemeVersion="?" identificationSchemeAgency="?">?</naa:Identification>
                           <!--Optional:-->
                           <naa:LineFive LanguageIdentifier="?" LanguageLocaleIdentifier="?">?</naa:LineFive>
                           <!--Optional:-->
                           <naa:LineFour LanguageIdentifier="?" LanguageLocaleIdentifier="?">?</naa:LineFour>
                           <!--Optional:-->
                           <naa:LineOne LanguageIdentifier="?" LanguageLocaleIdentifier="?">?</naa:LineOne>
                           <!--Optional:-->
                           <naa:LineSix LanguageIdentifier="?" LanguageLocaleIdentifier="?">?</naa:LineSix>
                           <!--Optional:-->
                           <naa:LineThree LanguageIdentifier="?" LanguageLocaleIdentifier="?">?</naa:LineThree>
                           <!--Optional:-->
                           <naa:LineTwo LanguageIdentifier="?" LanguageLocaleIdentifier="?">?</naa:LineTwo>
                           <!--Optional:-->
                           <naa:PostOfficeBox LanguageIdentifier="?" LanguageLocaleIdentifier="?">?</naa:PostOfficeBox>
                           <!--Optional:-->
                           <naa:Postcode LanguageIdentifier="?" LanguageLocaleIdentifier="?">?</naa:Postcode>
                           <!--Optional:-->
                           <naa:StreetName LanguageIdentifier="?" LanguageLocaleIdentifier="?">?</naa:StreetName>
                           <!--Optional:-->
                           <naa:StreetSuffix codeName="?" codeListURI="?" codeListAgency="?" codeListName="?" codeListVersion="?">?</naa:StreetSuffix>
                           <!--Optional:-->
                           <naa:StreetType codeName="?" codeListURI="?" codeListAgency="?" codeListName="?" codeListVersion="?">?</naa:StreetType>
                           <!--Optional:-->
                           <naa:Usage codeName="?" codeListURI="?" codeListAgency="?" codeListName="?" codeListVersion="?">?</naa:Usage>
                           <!--Optional:-->
                           <naa:UsagePeriod ref="?">
                              <!--Optional:-->
                              <naa:Complete Format="?">?</naa:Complete>
                              <!--Optional:-->
                              <naa:Description LanguageIdentifier="?" LanguageLocaleIdentifier="?">?</naa:Description>
                              <!--Optional:-->
                              <naa:Duration UnitCode="?">?</naa:Duration>
                              <!--Optional:-->
                              <naa:End Format="?">?</naa:End>
                              <naa:Identification identificationSchemeName="?" identificationSchemeURI="?" identificationSchemeVersion="?" identificationSchemeAgency="?">?</naa:Identification>
                              <!--Optional:-->
                              <naa:Inclusive Format="?">?</naa:Inclusive>
                              <!--Optional:-->
                              <naa:Name LanguageIdentifier="?" LanguageLocaleIdentifier="?">?</naa:Name>
                              <!--Optional:-->
                              <naa:Sequence identificationSchemeName="?" identificationSchemeURI="?" identificationSchemeVersion="?" identificationSchemeAgency="?">?</naa:Sequence>
                              <naa:Start Format="?">?</naa:Start>
                           </naa:UsagePeriod>
                        </naa:PostalAddress>
                        <!--Zero or more repetitions:-->
                        <naa:Registration ref="?">
                           <!--Optional:-->
                           <naa:Category codeName="?" codeListURI="?" codeListAgency="?" codeListName="?" codeListVersion="?">?</naa:Category>
                           <!--Optional:-->
                           <naa:Country codeName="?" codeListURI="?" codeListAgency="?" codeListName="?" codeListVersion="?">?</naa:Country>
                           <naa:Identification identificationSchemeName="?" identificationSchemeURI="?" identificationSchemeVersion="?" identificationSchemeAgency="?">?</naa:Identification>
                           <!--Optional:-->
                           <naa:Licence identificationSchemeName="?" identificationSchemeURI="?" identificationSchemeVersion="?" identificationSchemeAgency="?">?</naa:Licence>
                           <!--Optional:-->
                           <naa:Recorded Format="?">?</naa:Recorded>
                           <!--Optional:-->
                           <naa:Type codeName="?" codeListURI="?" codeListAgency="?" codeListName="?" codeListVersion="?">?</naa:Type>
                           <!--Optional:-->
                           <naa:ValidityPeriod ref="?">
                              <!--Optional:-->
                              <naa:Complete Format="?">?</naa:Complete>
                              <!--Optional:-->
                              <naa:Description LanguageIdentifier="?" LanguageLocaleIdentifier="?">?</naa:Description>
                              <!--Optional:-->
                              <naa:Duration UnitCode="?">?</naa:Duration>
                              <!--Optional:-->
                              <naa:End Format="?">?</naa:End>
                              <naa:Identification identificationSchemeName="?" identificationSchemeURI="?" identificationSchemeVersion="?" identificationSchemeAgency="?">?</naa:Identification>
                              <!--Optional:-->
                              <naa:Inclusive Format="?">?</naa:Inclusive>
                              <!--Optional:-->
                              <naa:Name LanguageIdentifier="?" LanguageLocaleIdentifier="?">?</naa:Name>
                              <!--Optional:-->
                              <naa:Sequence identificationSchemeName="?" identificationSchemeURI="?" identificationSchemeVersion="?" identificationSchemeAgency="?">?</naa:Sequence>
                              <naa:Start Format="?">?</naa:Start>
                           </naa:ValidityPeriod>
                        </naa:Registration>
                        <!--Zero or more repetitions:-->
                        <naa:Status ref="?">
                           <naa:Code codeName="?" codeListURI="?" codeListAgency="?" codeListName="?" codeListVersion="?">?</naa:Code>
                           <!--Optional:-->
                           <naa:Description LanguageIdentifier="?" LanguageLocaleIdentifier="?">?</naa:Description>
                           <!--Optional:-->
                           <naa:ValidityPeriod ref="?">
                              <!--Optional:-->
                              <naa:Complete Format="?">?</naa:Complete>
                              <!--Optional:-->
                              <naa:Description LanguageIdentifier="?" LanguageLocaleIdentifier="?">?</naa:Description>
                              <!--Optional:-->
                              <naa:Duration UnitCode="?">?</naa:Duration>
                              <!--Optional:-->
                              <naa:End Format="?">?</naa:End>
                              <naa:Identification identificationSchemeName="?" identificationSchemeURI="?" identificationSchemeVersion="?" identificationSchemeAgency="?">?</naa:Identification>
                              <!--Optional:-->
                              <naa:Inclusive Format="?">?</naa:Inclusive>
                              <!--Optional:-->
                              <naa:Name LanguageIdentifier="?" LanguageLocaleIdentifier="?">?</naa:Name>
                              <!--Optional:-->
                              <naa:Sequence identificationSchemeName="?" identificationSchemeURI="?" identificationSchemeVersion="?" identificationSchemeAgency="?">?</naa:Sequence>
                              <naa:Start Format="?">?</naa:Start>
                           </naa:ValidityPeriod>
                        </naa:Status>
                        <!--Zero or more repetitions:-->
                        <naa:Telephone ref="?">
                           <!--Optional:-->
                           <naa:AreaCode codeName="?" codeListURI="?" codeListAgency="?" codeListName="?" codeListVersion="?">?</naa:AreaCode>
                           <!--Optional:-->
                           <naa:CountryCode codeName="?" codeListURI="?" codeListAgency="?" codeListName="?" codeListVersion="?">?</naa:CountryCode>
                           <!--Optional:-->
                           <naa:Extension LanguageIdentifier="?" LanguageLocaleIdentifier="?">?</naa:Extension>
                           <naa:Number identificationSchemeName="?" identificationSchemeURI="?" identificationSchemeVersion="?" identificationSchemeAgency="?">?</naa:Number>
                           <naa:Type codeName="?" codeListURI="?" codeListAgency="?" codeListName="?" codeListVersion="?">?</naa:Type>
                        </naa:Telephone>
                        <!--Optional:-->
                        <naa:Type codeName="?" codeListURI="?" codeListAgency="?" codeListName="?" codeListVersion="?">?</naa:Type>
                     </naa:Organisation>
                     <!--Optional:-->
                     <naa:Person ref="?">
                        <!--Optional:-->
                        <naa:Description LanguageIdentifier="?" LanguageLocaleIdentifier="?">?</naa:Description>
                        <naa:Identification identificationSchemeName="?" identificationSchemeURI="?" identificationSchemeVersion="?" identificationSchemeAgency="?">?</naa:Identification>
                        <!--Zero or more repetitions:-->
                        <naa:Internet ref="?">
                           <naa:Type codeName="?" codeListURI="?" codeListAgency="?" codeListName="?" codeListVersion="?">?</naa:Type>
                           <naa:URI>?</naa:URI>
                        </naa:Internet>
                        <!--1 or more repetitions:-->
                        <naa:PersonName ref="?">
                           <naa:Classification codeName="?" codeListURI="?" codeListAgency="?" codeListName="?" codeListVersion="?">?</naa:Classification>
                           <!--Optional:-->
                           <naa:FamilyName LanguageIdentifier="?" LanguageLocaleIdentifier="?">?</naa:FamilyName>
                           <!--Optional:-->
                           <naa:FamilyNamePrefix LanguageIdentifier="?" LanguageLocaleIdentifier="?">?</naa:FamilyNamePrefix>
                           <!--Optional:-->
                           <naa:GivenName LanguageIdentifier="?" LanguageLocaleIdentifier="?">?</naa:GivenName>
                           <!--Optional:-->
                           <naa:MiddleName LanguageIdentifier="?" LanguageLocaleIdentifier="?">?</naa:MiddleName>
                           <!--Optional:-->
                           <naa:Name LanguageIdentifier="?" LanguageLocaleIdentifier="?">?</naa:Name>
                           <!--Optional:-->
                           <naa:NameSuffix codeName="?" codeListURI="?" codeListAgency="?" codeListName="?" codeListVersion="?">?</naa:NameSuffix>
                           <!--Optional:-->
                           <naa:Salutation LanguageIdentifier="?" LanguageLocaleIdentifier="?">?</naa:Salutation>
                           <!--Optional:-->
                           <naa:Title codeName="?" codeListURI="?" codeListAgency="?" codeListName="?" codeListVersion="?">?</naa:Title>
                           <!--Optional:-->
                           <naa:ValidityPeriod ref="?">
                              <!--Optional:-->
                              <naa:Complete Format="?">?</naa:Complete>
                              <!--Optional:-->
                              <naa:Description LanguageIdentifier="?" LanguageLocaleIdentifier="?">?</naa:Description>
                              <!--Optional:-->
                              <naa:Duration UnitCode="?">?</naa:Duration>
                              <!--Optional:-->
                              <naa:End Format="?">?</naa:End>
                              <naa:Identification identificationSchemeName="?" identificationSchemeURI="?" identificationSchemeVersion="?" identificationSchemeAgency="?">?</naa:Identification>
                              <!--Optional:-->
                              <naa:Inclusive Format="?">?</naa:Inclusive>
                              <!--Optional:-->
                              <naa:Name LanguageIdentifier="?" LanguageLocaleIdentifier="?">?</naa:Name>
                              <!--Optional:-->
                              <naa:Sequence identificationSchemeName="?" identificationSchemeURI="?" identificationSchemeVersion="?" identificationSchemeAgency="?">?</naa:Sequence>
                              <naa:Start Format="?">?</naa:Start>
                           </naa:ValidityPeriod>
                        </naa:PersonName>
                        <!--Zero or more repetitions:-->
                        <naa:PostalAddress ref="?">
                           <!--Zero or more repetitions:-->
                           <naa:Address/>
                           <!--Optional:-->
                           <naa:BlockName LanguageIdentifier="?" LanguageLocaleIdentifier="?">?</naa:BlockName>
                           <!--Optional:-->
                           <naa:BuildingName LanguageIdentifier="?" LanguageLocaleIdentifier="?">?</naa:BuildingName>
                           <!--Optional:-->
                           <naa:BuildingNumber LanguageIdentifier="?" LanguageLocaleIdentifier="?">?</naa:BuildingNumber>
                           <!--Optional:-->
                           <naa:CityName LanguageIdentifier="?" LanguageLocaleIdentifier="?">?</naa:CityName>
                           <!--Optional:-->
                           <naa:Code codeName="?" codeListURI="?" codeListAgency="?" codeListName="?" codeListVersion="?">?</naa:Code>
                           <!--Optional:-->
                           <naa:CountryName codeName="?" codeListURI="?" codeListAgency="?" codeListName="?" codeListVersion="?">?</naa:CountryName>
                           <!--Optional:-->
                           <naa:CountrySubDivision codeName="?" codeListURI="?" codeListAgency="?" codeListName="?" codeListVersion="?">?</naa:CountrySubDivision>
                           <!--Zero or more repetitions:-->
                           <naa:Geocode ref="?">
                              <!--Optional:-->
                              <naa:AltimetricSystem codeName="?" codeListURI="?" codeListAgency="?" codeListName="?" codeListVersion="?">?</naa:AltimetricSystem>
                              <!--Optional:-->
                              <naa:Altitude Format="?">?</naa:Altitude>
                              <naa:Identification identificationSchemeName="?" identificationSchemeURI="?" identificationSchemeVersion="?" identificationSchemeAgency="?">?</naa:Identification>
                              <naa:Latitude Format="?">?</naa:Latitude>
                              <!--Optional:-->
                              <naa:LatitudeDirection codeName="?" codeListURI="?" codeListAgency="?" codeListName="?" codeListVersion="?">?</naa:LatitudeDirection>
                              <naa:Longitude Format="?">?</naa:Longitude>
                              <!--Optional:-->
                              <naa:LongitudeDirection codeName="?" codeListURI="?" codeListAgency="?" codeListName="?" codeListVersion="?">?</naa:LongitudeDirection>
                              <!--Optional:-->
                              <naa:System codeName="?" codeListURI="?" codeListAgency="?" codeListName="?" codeListVersion="?">?</naa:System>
                           </naa:Geocode>
                           <naa:Identification identificationSchemeName="?" identificationSchemeURI="?" identificationSchemeVersion="?" identificationSchemeAgency="?">?</naa:Identification>
                           <!--Optional:-->
                           <naa:LineFive LanguageIdentifier="?" LanguageLocaleIdentifier="?">?</naa:LineFive>
                           <!--Optional:-->
                           <naa:LineFour LanguageIdentifier="?" LanguageLocaleIdentifier="?">?</naa:LineFour>
                           <!--Optional:-->
                           <naa:LineOne LanguageIdentifier="?" LanguageLocaleIdentifier="?">?</naa:LineOne>
                           <!--Optional:-->
                           <naa:LineSix LanguageIdentifier="?" LanguageLocaleIdentifier="?">?</naa:LineSix>
                           <!--Optional:-->
                           <naa:LineThree LanguageIdentifier="?" LanguageLocaleIdentifier="?">?</naa:LineThree>
                           <!--Optional:-->
                           <naa:LineTwo LanguageIdentifier="?" LanguageLocaleIdentifier="?">?</naa:LineTwo>
                           <!--Optional:-->
                           <naa:PostOfficeBox LanguageIdentifier="?" LanguageLocaleIdentifier="?">?</naa:PostOfficeBox>
                           <!--Optional:-->
                           <naa:Postcode LanguageIdentifier="?" LanguageLocaleIdentifier="?">?</naa:Postcode>
                           <!--Optional:-->
                           <naa:StreetName LanguageIdentifier="?" LanguageLocaleIdentifier="?">?</naa:StreetName>
                           <!--Optional:-->
                           <naa:StreetSuffix codeName="?" codeListURI="?" codeListAgency="?" codeListName="?" codeListVersion="?">?</naa:StreetSuffix>
                           <!--Optional:-->
                           <naa:StreetType codeName="?" codeListURI="?" codeListAgency="?" codeListName="?" codeListVersion="?">?</naa:StreetType>
                           <!--Optional:-->
                           <naa:Usage codeName="?" codeListURI="?" codeListAgency="?" codeListName="?" codeListVersion="?">?</naa:Usage>
                           <!--Optional:-->
                           <naa:UsagePeriod ref="?">
                              <!--Optional:-->
                              <naa:Complete Format="?">?</naa:Complete>
                              <!--Optional:-->
                              <naa:Description LanguageIdentifier="?" LanguageLocaleIdentifier="?">?</naa:Description>
                              <!--Optional:-->
                              <naa:Duration UnitCode="?">?</naa:Duration>
                              <!--Optional:-->
                              <naa:End Format="?">?</naa:End>
                              <naa:Identification identificationSchemeName="?" identificationSchemeURI="?" identificationSchemeVersion="?" identificationSchemeAgency="?">?</naa:Identification>
                              <!--Optional:-->
                              <naa:Inclusive Format="?">?</naa:Inclusive>
                              <!--Optional:-->
                              <naa:Name LanguageIdentifier="?" LanguageLocaleIdentifier="?">?</naa:Name>
                              <!--Optional:-->
                              <naa:Sequence identificationSchemeName="?" identificationSchemeURI="?" identificationSchemeVersion="?" identificationSchemeAgency="?">?</naa:Sequence>
                              <naa:Start Format="?">?</naa:Start>
                           </naa:UsagePeriod>
                        </naa:PostalAddress>
                        <!--Zero or more repetitions:-->
                        <naa:Registration ref="?">
                           <!--Optional:-->
                           <naa:Category codeName="?" codeListURI="?" codeListAgency="?" codeListName="?" codeListVersion="?">?</naa:Category>
                           <!--Optional:-->
                           <naa:Country codeName="?" codeListURI="?" codeListAgency="?" codeListName="?" codeListVersion="?">?</naa:Country>
                           <naa:Identification identificationSchemeName="?" identificationSchemeURI="?" identificationSchemeVersion="?" identificationSchemeAgency="?">?</naa:Identification>
                           <!--Optional:-->
                           <naa:Licence identificationSchemeName="?" identificationSchemeURI="?" identificationSchemeVersion="?" identificationSchemeAgency="?">?</naa:Licence>
                           <!--Optional:-->
                           <naa:Recorded Format="?">?</naa:Recorded>
                           <!--Optional:-->
                           <naa:Type codeName="?" codeListURI="?" codeListAgency="?" codeListName="?" codeListVersion="?">?</naa:Type>
                           <!--Optional:-->
                           <naa:ValidityPeriod ref="?">
                              <!--Optional:-->
                              <naa:Complete Format="?">?</naa:Complete>
                              <!--Optional:-->
                              <naa:Description LanguageIdentifier="?" LanguageLocaleIdentifier="?">?</naa:Description>
                              <!--Optional:-->
                              <naa:Duration UnitCode="?">?</naa:Duration>
                              <!--Optional:-->
                              <naa:End Format="?">?</naa:End>
                              <naa:Identification identificationSchemeName="?" identificationSchemeURI="?" identificationSchemeVersion="?" identificationSchemeAgency="?">?</naa:Identification>
                              <!--Optional:-->
                              <naa:Inclusive Format="?">?</naa:Inclusive>
                              <!--Optional:-->
                              <naa:Name LanguageIdentifier="?" LanguageLocaleIdentifier="?">?</naa:Name>
                              <!--Optional:-->
                              <naa:Sequence identificationSchemeName="?" identificationSchemeURI="?" identificationSchemeVersion="?" identificationSchemeAgency="?">?</naa:Sequence>
                              <naa:Start Format="?">?</naa:Start>
                           </naa:ValidityPeriod>
                        </naa:Registration>
                        <!--Zero or more repetitions:-->
                        <naa:ResidentialAddress ref="?">
                           <!--Zero or more repetitions:-->
                           <naa:Address/>
                           <!--Optional:-->
                           <naa:BlockName LanguageIdentifier="?" LanguageLocaleIdentifier="?">?</naa:BlockName>
                           <!--Optional:-->
                           <naa:BuildingName LanguageIdentifier="?" LanguageLocaleIdentifier="?">?</naa:BuildingName>
                           <!--Optional:-->
                           <naa:BuildingNumber LanguageIdentifier="?" LanguageLocaleIdentifier="?">?</naa:BuildingNumber>
                           <!--Optional:-->
                           <naa:CityName LanguageIdentifier="?" LanguageLocaleIdentifier="?">?</naa:CityName>
                           <!--Optional:-->
                           <naa:Code codeName="?" codeListURI="?" codeListAgency="?" codeListName="?" codeListVersion="?">?</naa:Code>
                           <!--Optional:-->
                           <naa:CountryName codeName="?" codeListURI="?" codeListAgency="?" codeListName="?" codeListVersion="?">?</naa:CountryName>
                           <!--Optional:-->
                           <naa:CountrySubDivision codeName="?" codeListURI="?" codeListAgency="?" codeListName="?" codeListVersion="?">?</naa:CountrySubDivision>
                           <!--Zero or more repetitions:-->
                           <naa:Geocode ref="?">
                              <!--Optional:-->
                              <naa:AltimetricSystem codeName="?" codeListURI="?" codeListAgency="?" codeListName="?" codeListVersion="?">?</naa:AltimetricSystem>
                              <!--Optional:-->
                              <naa:Altitude Format="?">?</naa:Altitude>
                              <naa:Identification identificationSchemeName="?" identificationSchemeURI="?" identificationSchemeVersion="?" identificationSchemeAgency="?">?</naa:Identification>
                              <naa:Latitude Format="?">?</naa:Latitude>
                              <!--Optional:-->
                              <naa:LatitudeDirection codeName="?" codeListURI="?" codeListAgency="?" codeListName="?" codeListVersion="?">?</naa:LatitudeDirection>
                              <naa:Longitude Format="?">?</naa:Longitude>
                              <!--Optional:-->
                              <naa:LongitudeDirection codeName="?" codeListURI="?" codeListAgency="?" codeListName="?" codeListVersion="?">?</naa:LongitudeDirection>
                              <!--Optional:-->
                              <naa:System codeName="?" codeListURI="?" codeListAgency="?" codeListName="?" codeListVersion="?">?</naa:System>
                           </naa:Geocode>
                           <naa:Identification identificationSchemeName="?" identificationSchemeURI="?" identificationSchemeVersion="?" identificationSchemeAgency="?">?</naa:Identification>
                           <!--Optional:-->
                           <naa:LineFive LanguageIdentifier="?" LanguageLocaleIdentifier="?">?</naa:LineFive>
                           <!--Optional:-->
                           <naa:LineFour LanguageIdentifier="?" LanguageLocaleIdentifier="?">?</naa:LineFour>
                           <!--Optional:-->
                           <naa:LineOne LanguageIdentifier="?" LanguageLocaleIdentifier="?">?</naa:LineOne>
                           <!--Optional:-->
                           <naa:LineSix LanguageIdentifier="?" LanguageLocaleIdentifier="?">?</naa:LineSix>
                           <!--Optional:-->
                           <naa:LineThree LanguageIdentifier="?" LanguageLocaleIdentifier="?">?</naa:LineThree>
                           <!--Optional:-->
                           <naa:LineTwo LanguageIdentifier="?" LanguageLocaleIdentifier="?">?</naa:LineTwo>
                           <!--Optional:-->
                           <naa:PostOfficeBox LanguageIdentifier="?" LanguageLocaleIdentifier="?">?</naa:PostOfficeBox>
                           <!--Optional:-->
                           <naa:Postcode LanguageIdentifier="?" LanguageLocaleIdentifier="?">?</naa:Postcode>
                           <!--Optional:-->
                           <naa:StreetName LanguageIdentifier="?" LanguageLocaleIdentifier="?">?</naa:StreetName>
                           <!--Optional:-->
                           <naa:StreetSuffix codeName="?" codeListURI="?" codeListAgency="?" codeListName="?" codeListVersion="?">?</naa:StreetSuffix>
                           <!--Optional:-->
                           <naa:StreetType codeName="?" codeListURI="?" codeListAgency="?" codeListName="?" codeListVersion="?">?</naa:StreetType>
                           <!--Optional:-->
                           <naa:Usage codeName="?" codeListURI="?" codeListAgency="?" codeListName="?" codeListVersion="?">?</naa:Usage>
                           <!--Optional:-->
                           <naa:UsagePeriod ref="?">
                              <!--Optional:-->
                              <naa:Complete Format="?">?</naa:Complete>
                              <!--Optional:-->
                              <naa:Description LanguageIdentifier="?" LanguageLocaleIdentifier="?">?</naa:Description>
                              <!--Optional:-->
                              <naa:Duration UnitCode="?">?</naa:Duration>
                              <!--Optional:-->
                              <naa:End Format="?">?</naa:End>
                              <naa:Identification identificationSchemeName="?" identificationSchemeURI="?" identificationSchemeVersion="?" identificationSchemeAgency="?">?</naa:Identification>
                              <!--Optional:-->
                              <naa:Inclusive Format="?">?</naa:Inclusive>
                              <!--Optional:-->
                              <naa:Name LanguageIdentifier="?" LanguageLocaleIdentifier="?">?</naa:Name>
                              <!--Optional:-->
                              <naa:Sequence identificationSchemeName="?" identificationSchemeURI="?" identificationSchemeVersion="?" identificationSchemeAgency="?">?</naa:Sequence>
                              <naa:Start Format="?">?</naa:Start>
                           </naa:UsagePeriod>
                        </naa:ResidentialAddress>
                        <!--Zero or more repetitions:-->
                        <naa:Status ref="?">
                           <naa:Code codeName="?" codeListURI="?" codeListAgency="?" codeListName="?" codeListVersion="?">?</naa:Code>
                           <!--Optional:-->
                           <naa:Description LanguageIdentifier="?" LanguageLocaleIdentifier="?">?</naa:Description>
                           <!--Optional:-->
                           <naa:ValidityPeriod ref="?">
                              <!--Optional:-->
                              <naa:Complete Format="?">?</naa:Complete>
                              <!--Optional:-->
                              <naa:Description LanguageIdentifier="?" LanguageLocaleIdentifier="?">?</naa:Description>
                              <!--Optional:-->
                              <naa:Duration UnitCode="?">?</naa:Duration>
                              <!--Optional:-->
                              <naa:End Format="?">?</naa:End>
                              <naa:Identification identificationSchemeName="?" identificationSchemeURI="?" identificationSchemeVersion="?" identificationSchemeAgency="?">?</naa:Identification>
                              <!--Optional:-->
                              <naa:Inclusive Format="?">?</naa:Inclusive>
                              <!--Optional:-->
                              <naa:Name LanguageIdentifier="?" LanguageLocaleIdentifier="?">?</naa:Name>
                              <!--Optional:-->
                              <naa:Sequence identificationSchemeName="?" identificationSchemeURI="?" identificationSchemeVersion="?" identificationSchemeAgency="?">?</naa:Sequence>
                              <naa:Start Format="?">?</naa:Start>
                           </naa:ValidityPeriod>
                        </naa:Status>
                        <!--Zero or more repetitions:-->
                        <naa:Telephone ref="?">
                           <!--Optional:-->
                           <naa:AreaCode codeName="?" codeListURI="?" codeListAgency="?" codeListName="?" codeListVersion="?">?</naa:AreaCode>
                           <!--Optional:-->
                           <naa:CountryCode codeName="?" codeListURI="?" codeListAgency="?" codeListName="?" codeListVersion="?">?</naa:CountryCode>
                           <!--Optional:-->
                           <naa:Extension LanguageIdentifier="?" LanguageLocaleIdentifier="?">?</naa:Extension>
                           <naa:Number identificationSchemeName="?" identificationSchemeURI="?" identificationSchemeVersion="?" identificationSchemeAgency="?">?</naa:Number>
                           <naa:Type codeName="?" codeListURI="?" codeListAgency="?" codeListName="?" codeListVersion="?">?</naa:Type>
                        </naa:Telephone>
                     </naa:Person>
                     <naa:Identification identificationSchemeName="?" identificationSchemeURI="?" identificationSchemeVersion="?" identificationSchemeAgency="?">?</naa:Identification>
                     <!--Optional:-->
                     <naa:Language codeName="?" codeListURI="?" codeListAgency="?" codeListName="?" codeListVersion="?">?</naa:Language>
                     <naa:Name LanguageIdentifier="?" LanguageLocaleIdentifier="?">?</naa:Name>
                     <!--Optional:-->
                     <naa:Type LanguageIdentifier="?" LanguageLocaleIdentifier="?">?</naa:Type>
                  </da:Party>
                  <!--Optional:-->
                  <da:Type codeName="?" codeListURI="?" codeListAgency="?" codeListName="?" codeListVersion="?">?</da:Type>
               </da:ResponsiblePartyRole>
               <!--Optional:-->
               <da:Status codeName="?" codeListURI="?" codeListAgency="?" codeListName="?" codeListVersion="?">?</da:Status>
            </da:AdditionalInformation>
            <!--Zero or more repetitions:-->
            <da:Appeal ref="?">
               <da:AppealDate Format="?">?</da:AppealDate>
               <!--Optional:-->
               <da:AppealDecisionDate Format="?">?</da:AppealDecisionDate>
               <da:AppealReference identificationSchemeName="?" identificationSchemeURI="?" identificationSchemeVersion="?" identificationSchemeAgency="?">?</da:AppealReference>
               <!--Zero or more repetitions:-->
               <da:Comments LanguageIdentifier="?" LanguageLocaleIdentifier="?">?</da:Comments>
               <!--Zero or more repetitions:-->
               <da:Condition ref="?">
                  <da:Classification codeName="?" codeListURI="?" codeListAgency="?" codeListName="?" codeListVersion="?">?</da:Classification>
                  <!--Optional:-->
                  <da:ConditionReference identificationSchemeName="?" identificationSchemeURI="?" identificationSchemeVersion="?" identificationSchemeAgency="?">?</da:ConditionReference>
                  <!--Optional:-->
                  <da:Detail LanguageIdentifier="?" LanguageLocaleIdentifier="?">?</da:Detail>
                  <da:Identification identificationSchemeName="?" identificationSchemeURI="?" identificationSchemeVersion="?" identificationSchemeAgency="?">?</da:Identification>
                  <!--Optional:-->
                  <da:Type codeName="?" codeListURI="?" codeListAgency="?" codeListName="?" codeListVersion="?">?</da:Type>
               </da:Condition>
               <!--Optional:-->
               <da:Outcome codeName="?" codeListURI="?" codeListAgency="?" codeListName="?" codeListVersion="?">?</da:Outcome>
               <!--1 or more repetitions:-->
               <da:PartyRole ref="?">
                  <!--Optional:-->
                  <da:DateTime Format="?">?</da:DateTime>
                  <!--1 or more repetitions:-->
                  <da:Party ref="?">
                     <!--Optional:-->
                     <naa:AccessRights codeName="?" codeListURI="?" codeListAgency="?" codeListName="?" codeListVersion="?">?</naa:AccessRights>
                     <!--Optional:-->
                     <naa:Description LanguageIdentifier="?" LanguageLocaleIdentifier="?">?</naa:Description>
                     <!--You have a CHOICE of the next 2 items at this level-->
                     <!--Optional:-->
                     <naa:Organisation ref="?">
                        <!--Zero or more repetitions:-->
                        <naa:Contact ref="?">
                           <!--Optional:-->
                           <naa:DepartmentName LanguageIdentifier="?" LanguageLocaleIdentifier="?">?</naa:DepartmentName>
                           <!--Optional:-->
                           <naa:Description LanguageIdentifier="?" LanguageLocaleIdentifier="?">?</naa:Description>
                           <naa:Identification identificationSchemeName="?" identificationSchemeURI="?" identificationSchemeVersion="?" identificationSchemeAgency="?">?</naa:Identification>
                           <!--Zero or more repetitions:-->
                           <naa:Internet ref="?">
                              <naa:Type codeName="?" codeListURI="?" codeListAgency="?" codeListName="?" codeListVersion="?">?</naa:Type>
                              <naa:URI>?</naa:URI>
                           </naa:Internet>
                           <!--Optional:-->
                           <naa:IsPrimary Format="?">?</naa:IsPrimary>
                           <!--Optional:-->
                           <naa:JobTitle LanguageIdentifier="?" LanguageLocaleIdentifier="?">?</naa:JobTitle>
                           <!--Optional:-->
                           <naa:PersonName ref="?">
                              <naa:Classification codeName="?" codeListURI="?" codeListAgency="?" codeListName="?" codeListVersion="?">?</naa:Classification>
                              <!--Optional:-->
                              <naa:FamilyName LanguageIdentifier="?" LanguageLocaleIdentifier="?">?</naa:FamilyName>
                              <!--Optional:-->
                              <naa:FamilyNamePrefix LanguageIdentifier="?" LanguageLocaleIdentifier="?">?</naa:FamilyNamePrefix>
                              <!--Optional:-->
                              <naa:GivenName LanguageIdentifier="?" LanguageLocaleIdentifier="?">?</naa:GivenName>
                              <!--Optional:-->
                              <naa:MiddleName LanguageIdentifier="?" LanguageLocaleIdentifier="?">?</naa:MiddleName>
                              <!--Optional:-->
                              <naa:Name LanguageIdentifier="?" LanguageLocaleIdentifier="?">?</naa:Name>
                              <!--Optional:-->
                              <naa:NameSuffix codeName="?" codeListURI="?" codeListAgency="?" codeListName="?" codeListVersion="?">?</naa:NameSuffix>
                              <!--Optional:-->
                              <naa:Salutation LanguageIdentifier="?" LanguageLocaleIdentifier="?">?</naa:Salutation>
                              <!--Optional:-->
                              <naa:Title codeName="?" codeListURI="?" codeListAgency="?" codeListName="?" codeListVersion="?">?</naa:Title>
                              <!--Optional:-->
                              <naa:ValidityPeriod ref="?">
                                 <!--Optional:-->
                                 <naa:Complete Format="?">?</naa:Complete>
                                 <!--Optional:-->
                                 <naa:Description LanguageIdentifier="?" LanguageLocaleIdentifier="?">?</naa:Description>
                                 <!--Optional:-->
                                 <naa:Duration UnitCode="?">?</naa:Duration>
                                 <!--Optional:-->
                                 <naa:End Format="?">?</naa:End>
                                 <naa:Identification identificationSchemeName="?" identificationSchemeURI="?" identificationSchemeVersion="?" identificationSchemeAgency="?">?</naa:Identification>
                                 <!--Optional:-->
                                 <naa:Inclusive Format="?">?</naa:Inclusive>
                                 <!--Optional:-->
                                 <naa:Name LanguageIdentifier="?" LanguageLocaleIdentifier="?">?</naa:Name>
                                 <!--Optional:-->
                                 <naa:Sequence identificationSchemeName="?" identificationSchemeURI="?" identificationSchemeVersion="?" identificationSchemeAgency="?">?</naa:Sequence>
                                 <naa:Start Format="?">?</naa:Start>
                              </naa:ValidityPeriod>
                           </naa:PersonName>
                           <!--Optional:-->
                           <naa:Responsibility LanguageIdentifier="?" LanguageLocaleIdentifier="?">?</naa:Responsibility>
                           <!--Zero or more repetitions:-->
                           <naa:Telephone ref="?">
                              <!--Optional:-->
                              <naa:AreaCode codeName="?" codeListURI="?" codeListAgency="?" codeListName="?" codeListVersion="?">?</naa:AreaCode>
                              <!--Optional:-->
                              <naa:CountryCode codeName="?" codeListURI="?" codeListAgency="?" codeListName="?" codeListVersion="?">?</naa:CountryCode>
                              <!--Optional:-->
                              <naa:Extension LanguageIdentifier="?" LanguageLocaleIdentifier="?">?</naa:Extension>
                              <naa:Number identificationSchemeName="?" identificationSchemeURI="?" identificationSchemeVersion="?" identificationSchemeAgency="?">?</naa:Number>
                              <naa:Type codeName="?" codeListURI="?" codeListAgency="?" codeListName="?" codeListVersion="?">?</naa:Type>
                           </naa:Telephone>
                           <!--Optional:-->
                           <naa:Type codeName="?" codeListURI="?" codeListAgency="?" codeListName="?" codeListVersion="?">?</naa:Type>
                        </naa:Contact>
                        <!--Optional:-->
                        <naa:Description LanguageIdentifier="?" LanguageLocaleIdentifier="?">?</naa:Description>
                        <naa:Identification identificationSchemeName="?" identificationSchemeURI="?" identificationSchemeVersion="?" identificationSchemeAgency="?">?</naa:Identification>
                        <!--Optional:-->
                        <naa:IndustryClassification codeName="?" codeListURI="?" codeListAgency="?" codeListName="?" codeListVersion="?">?</naa:IndustryClassification>
                        <!--Zero or more repetitions:-->
                        <naa:Internet ref="?">
                           <naa:Type codeName="?" codeListURI="?" codeListAgency="?" codeListName="?" codeListVersion="?">?</naa:Type>
                           <naa:URI>?</naa:URI>
                        </naa:Internet>
                        <!--Optional:-->
                        <naa:IsActive Format="?">?</naa:IsActive>
                        <!--Optional:-->
                        <naa:LegalClassification codeName="?" codeListURI="?" codeListAgency="?" codeListName="?" codeListVersion="?">?</naa:LegalClassification>
                        <!--Zero or more repetitions:-->
                        <naa:Organisation/>
                        <!--1 or more repetitions:-->
                        <naa:OrganisationName ref="?">
                           <naa:Classification codeName="?" codeListURI="?" codeListAgency="?" codeListName="?" codeListVersion="?">?</naa:Classification>
                           <naa:Name LanguageIdentifier="?" LanguageLocaleIdentifier="?">?</naa:Name>
                           <!--Optional:-->
                           <naa:ValidityPeriod ref="?">
                              <!--Optional:-->
                              <naa:Complete Format="?">?</naa:Complete>
                              <!--Optional:-->
                              <naa:Description LanguageIdentifier="?" LanguageLocaleIdentifier="?">?</naa:Description>
                              <!--Optional:-->
                              <naa:Duration UnitCode="?">?</naa:Duration>
                              <!--Optional:-->
                              <naa:End Format="?">?</naa:End>
                              <naa:Identification identificationSchemeName="?" identificationSchemeURI="?" identificationSchemeVersion="?" identificationSchemeAgency="?">?</naa:Identification>
                              <!--Optional:-->
                              <naa:Inclusive Format="?">?</naa:Inclusive>
                              <!--Optional:-->
                              <naa:Name LanguageIdentifier="?" LanguageLocaleIdentifier="?">?</naa:Name>
                              <!--Optional:-->
                              <naa:Sequence identificationSchemeName="?" identificationSchemeURI="?" identificationSchemeVersion="?" identificationSchemeAgency="?">?</naa:Sequence>
                              <naa:Start Format="?">?</naa:Start>
                           </naa:ValidityPeriod>
                        </naa:OrganisationName>
                        <!--Zero or more repetitions:-->
                        <naa:PhysicalAddress ref="?">
                           <!--Zero or more repetitions:-->
                           <naa:Address/>
                           <!--Optional:-->
                           <naa:BlockName LanguageIdentifier="?" LanguageLocaleIdentifier="?">?</naa:BlockName>
                           <!--Optional:-->
                           <naa:BuildingName LanguageIdentifier="?" LanguageLocaleIdentifier="?">?</naa:BuildingName>
                           <!--Optional:-->
                           <naa:BuildingNumber LanguageIdentifier="?" LanguageLocaleIdentifier="?">?</naa:BuildingNumber>
                           <!--Optional:-->
                           <naa:CityName LanguageIdentifier="?" LanguageLocaleIdentifier="?">?</naa:CityName>
                           <!--Optional:-->
                           <naa:Code codeName="?" codeListURI="?" codeListAgency="?" codeListName="?" codeListVersion="?">?</naa:Code>
                           <!--Optional:-->
                           <naa:CountryName codeName="?" codeListURI="?" codeListAgency="?" codeListName="?" codeListVersion="?">?</naa:CountryName>
                           <!--Optional:-->
                           <naa:CountrySubDivision codeName="?" codeListURI="?" codeListAgency="?" codeListName="?" codeListVersion="?">?</naa:CountrySubDivision>
                           <!--Zero or more repetitions:-->
                           <naa:Geocode ref="?">
                              <!--Optional:-->
                              <naa:AltimetricSystem codeName="?" codeListURI="?" codeListAgency="?" codeListName="?" codeListVersion="?">?</naa:AltimetricSystem>
                              <!--Optional:-->
                              <naa:Altitude Format="?">?</naa:Altitude>
                              <naa:Identification identificationSchemeName="?" identificationSchemeURI="?" identificationSchemeVersion="?" identificationSchemeAgency="?">?</naa:Identification>
                              <naa:Latitude Format="?">?</naa:Latitude>
                              <!--Optional:-->
                              <naa:LatitudeDirection codeName="?" codeListURI="?" codeListAgency="?" codeListName="?" codeListVersion="?">?</naa:LatitudeDirection>
                              <naa:Longitude Format="?">?</naa:Longitude>
                              <!--Optional:-->
                              <naa:LongitudeDirection codeName="?" codeListURI="?" codeListAgency="?" codeListName="?" codeListVersion="?">?</naa:LongitudeDirection>
                              <!--Optional:-->
                              <naa:System codeName="?" codeListURI="?" codeListAgency="?" codeListName="?" codeListVersion="?">?</naa:System>
                           </naa:Geocode>
                           <naa:Identification identificationSchemeName="?" identificationSchemeURI="?" identificationSchemeVersion="?" identificationSchemeAgency="?">?</naa:Identification>
                           <!--Optional:-->
                           <naa:LineFive LanguageIdentifier="?" LanguageLocaleIdentifier="?">?</naa:LineFive>
                           <!--Optional:-->
                           <naa:LineFour LanguageIdentifier="?" LanguageLocaleIdentifier="?">?</naa:LineFour>
                           <!--Optional:-->
                           <naa:LineOne LanguageIdentifier="?" LanguageLocaleIdentifier="?">?</naa:LineOne>
                           <!--Optional:-->
                           <naa:LineSix LanguageIdentifier="?" LanguageLocaleIdentifier="?">?</naa:LineSix>
                           <!--Optional:-->
                           <naa:LineThree LanguageIdentifier="?" LanguageLocaleIdentifier="?">?</naa:LineThree>
                           <!--Optional:-->
                           <naa:LineTwo LanguageIdentifier="?" LanguageLocaleIdentifier="?">?</naa:LineTwo>
                           <!--Optional:-->
                           <naa:PostOfficeBox LanguageIdentifier="?" LanguageLocaleIdentifier="?">?</naa:PostOfficeBox>
                           <!--Optional:-->
                           <naa:Postcode LanguageIdentifier="?" LanguageLocaleIdentifier="?">?</naa:Postcode>
                           <!--Optional:-->
                           <naa:StreetName LanguageIdentifier="?" LanguageLocaleIdentifier="?">?</naa:StreetName>
                           <!--Optional:-->
                           <naa:StreetSuffix codeName="?" codeListURI="?" codeListAgency="?" codeListName="?" codeListVersion="?">?</naa:StreetSuffix>
                           <!--Optional:-->
                           <naa:StreetType codeName="?" codeListURI="?" codeListAgency="?" codeListName="?" codeListVersion="?">?</naa:StreetType>
                           <!--Optional:-->
                           <naa:Usage codeName="?" codeListURI="?" codeListAgency="?" codeListName="?" codeListVersion="?">?</naa:Usage>
                           <!--Optional:-->
                           <naa:UsagePeriod ref="?">
                              <!--Optional:-->
                              <naa:Complete Format="?">?</naa:Complete>
                              <!--Optional:-->
                              <naa:Description LanguageIdentifier="?" LanguageLocaleIdentifier="?">?</naa:Description>
                              <!--Optional:-->
                              <naa:Duration UnitCode="?">?</naa:Duration>
                              <!--Optional:-->
                              <naa:End Format="?">?</naa:End>
                              <naa:Identification identificationSchemeName="?" identificationSchemeURI="?" identificationSchemeVersion="?" identificationSchemeAgency="?">?</naa:Identification>
                              <!--Optional:-->
                              <naa:Inclusive Format="?">?</naa:Inclusive>
                              <!--Optional:-->
                              <naa:Name LanguageIdentifier="?" LanguageLocaleIdentifier="?">?</naa:Name>
                              <!--Optional:-->
                              <naa:Sequence identificationSchemeName="?" identificationSchemeURI="?" identificationSchemeVersion="?" identificationSchemeAgency="?">?</naa:Sequence>
                              <naa:Start Format="?">?</naa:Start>
                           </naa:UsagePeriod>
                        </naa:PhysicalAddress>
                        <!--Zero or more repetitions:-->
                        <naa:PostalAddress ref="?">
                           <!--Zero or more repetitions:-->
                           <naa:Address/>
                           <!--Optional:-->
                           <naa:BlockName LanguageIdentifier="?" LanguageLocaleIdentifier="?">?</naa:BlockName>
                           <!--Optional:-->
                           <naa:BuildingName LanguageIdentifier="?" LanguageLocaleIdentifier="?">?</naa:BuildingName>
                           <!--Optional:-->
                           <naa:BuildingNumber LanguageIdentifier="?" LanguageLocaleIdentifier="?">?</naa:BuildingNumber>
                           <!--Optional:-->
                           <naa:CityName LanguageIdentifier="?" LanguageLocaleIdentifier="?">?</naa:CityName>
                           <!--Optional:-->
                           <naa:Code codeName="?" codeListURI="?" codeListAgency="?" codeListName="?" codeListVersion="?">?</naa:Code>
                           <!--Optional:-->
                           <naa:CountryName codeName="?" codeListURI="?" codeListAgency="?" codeListName="?" codeListVersion="?">?</naa:CountryName>
                           <!--Optional:-->
                           <naa:CountrySubDivision codeName="?" codeListURI="?" codeListAgency="?" codeListName="?" codeListVersion="?">?</naa:CountrySubDivision>
                           <!--Zero or more repetitions:-->
                           <naa:Geocode ref="?">
                              <!--Optional:-->
                              <naa:AltimetricSystem codeName="?" codeListURI="?" codeListAgency="?" codeListName="?" codeListVersion="?">?</naa:AltimetricSystem>
                              <!--Optional:-->
                              <naa:Altitude Format="?">?</naa:Altitude>
                              <naa:Identification identificationSchemeName="?" identificationSchemeURI="?" identificationSchemeVersion="?" identificationSchemeAgency="?">?</naa:Identification>
                              <naa:Latitude Format="?">?</naa:Latitude>
                              <!--Optional:-->
                              <naa:LatitudeDirection codeName="?" codeListURI="?" codeListAgency="?" codeListName="?" codeListVersion="?">?</naa:LatitudeDirection>
                              <naa:Longitude Format="?">?</naa:Longitude>
                              <!--Optional:-->
                              <naa:LongitudeDirection codeName="?" codeListURI="?" codeListAgency="?" codeListName="?" codeListVersion="?">?</naa:LongitudeDirection>
                              <!--Optional:-->
                              <naa:System codeName="?" codeListURI="?" codeListAgency="?" codeListName="?" codeListVersion="?">?</naa:System>
                           </naa:Geocode>
                           <naa:Identification identificationSchemeName="?" identificationSchemeURI="?" identificationSchemeVersion="?" identificationSchemeAgency="?">?</naa:Identification>
                           <!--Optional:-->
                           <naa:LineFive LanguageIdentifier="?" LanguageLocaleIdentifier="?">?</naa:LineFive>
                           <!--Optional:-->
                           <naa:LineFour LanguageIdentifier="?" LanguageLocaleIdentifier="?">?</naa:LineFour>
                           <!--Optional:-->
                           <naa:LineOne LanguageIdentifier="?" LanguageLocaleIdentifier="?">?</naa:LineOne>
                           <!--Optional:-->
                           <naa:LineSix LanguageIdentifier="?" LanguageLocaleIdentifier="?">?</naa:LineSix>
                           <!--Optional:-->
                           <naa:LineThree LanguageIdentifier="?" LanguageLocaleIdentifier="?">?</naa:LineThree>
                           <!--Optional:-->
                           <naa:LineTwo LanguageIdentifier="?" LanguageLocaleIdentifier="?">?</naa:LineTwo>
                           <!--Optional:-->
                           <naa:PostOfficeBox LanguageIdentifier="?" LanguageLocaleIdentifier="?">?</naa:PostOfficeBox>
                           <!--Optional:-->
                           <naa:Postcode LanguageIdentifier="?" LanguageLocaleIdentifier="?">?</naa:Postcode>
                           <!--Optional:-->
                           <naa:StreetName LanguageIdentifier="?" LanguageLocaleIdentifier="?">?</naa:StreetName>
                           <!--Optional:-->
                           <naa:StreetSuffix codeName="?" codeListURI="?" codeListAgency="?" codeListName="?" codeListVersion="?">?</naa:StreetSuffix>
                           <!--Optional:-->
                           <naa:StreetType codeName="?" codeListURI="?" codeListAgency="?" codeListName="?" codeListVersion="?">?</naa:StreetType>
                           <!--Optional:-->
                           <naa:Usage codeName="?" codeListURI="?" codeListAgency="?" codeListName="?" codeListVersion="?">?</naa:Usage>
                           <!--Optional:-->
                           <naa:UsagePeriod ref="?">
                              <!--Optional:-->
                              <naa:Complete Format="?">?</naa:Complete>
                              <!--Optional:-->
                              <naa:Description LanguageIdentifier="?" LanguageLocaleIdentifier="?">?</naa:Description>
                              <!--Optional:-->
                              <naa:Duration UnitCode="?">?</naa:Duration>
                              <!--Optional:-->
                              <naa:End Format="?">?</naa:End>
                              <naa:Identification identificationSchemeName="?" identificationSchemeURI="?" identificationSchemeVersion="?" identificationSchemeAgency="?">?</naa:Identification>
                              <!--Optional:-->
                              <naa:Inclusive Format="?">?</naa:Inclusive>
                              <!--Optional:-->
                              <naa:Name LanguageIdentifier="?" LanguageLocaleIdentifier="?">?</naa:Name>
                              <!--Optional:-->
                              <naa:Sequence identificationSchemeName="?" identificationSchemeURI="?" identificationSchemeVersion="?" identificationSchemeAgency="?">?</naa:Sequence>
                              <naa:Start Format="?">?</naa:Start>
                           </naa:UsagePeriod>
                        </naa:PostalAddress>
                        <!--Zero or more repetitions:-->
                        <naa:Registration ref="?">
                           <!--Optional:-->
                           <naa:Category codeName="?" codeListURI="?" codeListAgency="?" codeListName="?" codeListVersion="?">?</naa:Category>
                           <!--Optional:-->
                           <naa:Country codeName="?" codeListURI="?" codeListAgency="?" codeListName="?" codeListVersion="?">?</naa:Country>
                           <naa:Identification identificationSchemeName="?" identificationSchemeURI="?" identificationSchemeVersion="?" identificationSchemeAgency="?">?</naa:Identification>
                           <!--Optional:-->
                           <naa:Licence identificationSchemeName="?" identificationSchemeURI="?" identificationSchemeVersion="?" identificationSchemeAgency="?">?</naa:Licence>
                           <!--Optional:-->
                           <naa:Recorded Format="?">?</naa:Recorded>
                           <!--Optional:-->
                           <naa:Type codeName="?" codeListURI="?" codeListAgency="?" codeListName="?" codeListVersion="?">?</naa:Type>
                           <!--Optional:-->
                           <naa:ValidityPeriod ref="?">
                              <!--Optional:-->
                              <naa:Complete Format="?">?</naa:Complete>
                              <!--Optional:-->
                              <naa:Description LanguageIdentifier="?" LanguageLocaleIdentifier="?">?</naa:Description>
                              <!--Optional:-->
                              <naa:Duration UnitCode="?">?</naa:Duration>
                              <!--Optional:-->
                              <naa:End Format="?">?</naa:End>
                              <naa:Identification identificationSchemeName="?" identificationSchemeURI="?" identificationSchemeVersion="?" identificationSchemeAgency="?">?</naa:Identification>
                              <!--Optional:-->
                              <naa:Inclusive Format="?">?</naa:Inclusive>
                              <!--Optional:-->
                              <naa:Name LanguageIdentifier="?" LanguageLocaleIdentifier="?">?</naa:Name>
                              <!--Optional:-->
                              <naa:Sequence identificationSchemeName="?" identificationSchemeURI="?" identificationSchemeVersion="?" identificationSchemeAgency="?">?</naa:Sequence>
                              <naa:Start Format="?">?</naa:Start>
                           </naa:ValidityPeriod>
                        </naa:Registration>
                        <!--Zero or more repetitions:-->
                        <naa:Status ref="?">
                           <naa:Code codeName="?" codeListURI="?" codeListAgency="?" codeListName="?" codeListVersion="?">?</naa:Code>
                           <!--Optional:-->
                           <naa:Description LanguageIdentifier="?" LanguageLocaleIdentifier="?">?</naa:Description>
                           <!--Optional:-->
                           <naa:ValidityPeriod ref="?">
                              <!--Optional:-->
                              <naa:Complete Format="?">?</naa:Complete>
                              <!--Optional:-->
                              <naa:Description LanguageIdentifier="?" LanguageLocaleIdentifier="?">?</naa:Description>
                              <!--Optional:-->
                              <naa:Duration UnitCode="?">?</naa:Duration>
                              <!--Optional:-->
                              <naa:End Format="?">?</naa:End>
                              <naa:Identification identificationSchemeName="?" identificationSchemeURI="?" identificationSchemeVersion="?" identificationSchemeAgency="?">?</naa:Identification>
                              <!--Optional:-->
                              <naa:Inclusive Format="?">?</naa:Inclusive>
                              <!--Optional:-->
                              <naa:Name LanguageIdentifier="?" LanguageLocaleIdentifier="?">?</naa:Name>
                              <!--Optional:-->
                              <naa:Sequence identificationSchemeName="?" identificationSchemeURI="?" identificationSchemeVersion="?" identificationSchemeAgency="?">?</naa:Sequence>
                              <naa:Start Format="?">?</naa:Start>
                           </naa:ValidityPeriod>
                        </naa:Status>
                        <!--Zero or more repetitions:-->
                        <naa:Telephone ref="?">
                           <!--Optional:-->
                           <naa:AreaCode codeName="?" codeListURI="?" codeListAgency="?" codeListName="?" codeListVersion="?">?</naa:AreaCode>
                           <!--Optional:-->
                           <naa:CountryCode codeName="?" codeListURI="?" codeListAgency="?" codeListName="?" codeListVersion="?">?</naa:CountryCode>
                           <!--Optional:-->
                           <naa:Extension LanguageIdentifier="?" LanguageLocaleIdentifier="?">?</naa:Extension>
                           <naa:Number identificationSchemeName="?" identificationSchemeURI="?" identificationSchemeVersion="?" identificationSchemeAgency="?">?</naa:Number>
                           <naa:Type codeName="?" codeListURI="?" codeListAgency="?" codeListName="?" codeListVersion="?">?</naa:Type>
                        </naa:Telephone>
                        <!--Optional:-->
                        <naa:Type codeName="?" codeListURI="?" codeListAgency="?" codeListName="?" codeListVersion="?">?</naa:Type>
                     </naa:Organisation>
                     <!--Optional:-->
                     <naa:Person ref="?">
                        <!--Optional:-->
                        <naa:Description LanguageIdentifier="?" LanguageLocaleIdentifier="?">?</naa:Description>
                        <naa:Identification identificationSchemeName="?" identificationSchemeURI="?" identificationSchemeVersion="?" identificationSchemeAgency="?">?</naa:Identification>
                        <!--Zero or more repetitions:-->
                        <naa:Internet ref="?">
                           <naa:Type codeName="?" codeListURI="?" codeListAgency="?" codeListName="?" codeListVersion="?">?</naa:Type>
                           <naa:URI>?</naa:URI>
                        </naa:Internet>
                        <!--1 or more repetitions:-->
                        <naa:PersonName ref="?">
                           <naa:Classification codeName="?" codeListURI="?" codeListAgency="?" codeListName="?" codeListVersion="?">?</naa:Classification>
                           <!--Optional:-->
                           <naa:FamilyName LanguageIdentifier="?" LanguageLocaleIdentifier="?">?</naa:FamilyName>
                           <!--Optional:-->
                           <naa:FamilyNamePrefix LanguageIdentifier="?" LanguageLocaleIdentifier="?">?</naa:FamilyNamePrefix>
                           <!--Optional:-->
                           <naa:GivenName LanguageIdentifier="?" LanguageLocaleIdentifier="?">?</naa:GivenName>
                           <!--Optional:-->
                           <naa:MiddleName LanguageIdentifier="?" LanguageLocaleIdentifier="?">?</naa:MiddleName>
                           <!--Optional:-->
                           <naa:Name LanguageIdentifier="?" LanguageLocaleIdentifier="?">?</naa:Name>
                           <!--Optional:-->
                           <naa:NameSuffix codeName="?" codeListURI="?" codeListAgency="?" codeListName="?" codeListVersion="?">?</naa:NameSuffix>
                           <!--Optional:-->
                           <naa:Salutation LanguageIdentifier="?" LanguageLocaleIdentifier="?">?</naa:Salutation>
                           <!--Optional:-->
                           <naa:Title codeName="?" codeListURI="?" codeListAgency="?" codeListName="?" codeListVersion="?">?</naa:Title>
                           <!--Optional:-->
                           <naa:ValidityPeriod ref="?">
                              <!--Optional:-->
                              <naa:Complete Format="?">?</naa:Complete>
                              <!--Optional:-->
                              <naa:Description LanguageIdentifier="?" LanguageLocaleIdentifier="?">?</naa:Description>
                              <!--Optional:-->
                              <naa:Duration UnitCode="?">?</naa:Duration>
                              <!--Optional:-->
                              <naa:End Format="?">?</naa:End>
                              <naa:Identification identificationSchemeName="?" identificationSchemeURI="?" identificationSchemeVersion="?" identificationSchemeAgency="?">?</naa:Identification>
                              <!--Optional:-->
                              <naa:Inclusive Format="?">?</naa:Inclusive>
                              <!--Optional:-->
                              <naa:Name LanguageIdentifier="?" LanguageLocaleIdentifier="?">?</naa:Name>
                              <!--Optional:-->
                              <naa:Sequence identificationSchemeName="?" identificationSchemeURI="?" identificationSchemeVersion="?" identificationSchemeAgency="?">?</naa:Sequence>
                              <naa:Start Format="?">?</naa:Start>
                           </naa:ValidityPeriod>
                        </naa:PersonName>
                        <!--Zero or more repetitions:-->
                        <naa:PostalAddress ref="?">
                           <!--Zero or more repetitions:-->
                           <naa:Address/>
                           <!--Optional:-->
                           <naa:BlockName LanguageIdentifier="?" LanguageLocaleIdentifier="?">?</naa:BlockName>
                           <!--Optional:-->
                           <naa:BuildingName LanguageIdentifier="?" LanguageLocaleIdentifier="?">?</naa:BuildingName>
                           <!--Optional:-->
                           <naa:BuildingNumber LanguageIdentifier="?" LanguageLocaleIdentifier="?">?</naa:BuildingNumber>
                           <!--Optional:-->
                           <naa:CityName LanguageIdentifier="?" LanguageLocaleIdentifier="?">?</naa:CityName>
                           <!--Optional:-->
                           <naa:Code codeName="?" codeListURI="?" codeListAgency="?" codeListName="?" codeListVersion="?">?</naa:Code>
                           <!--Optional:-->
                           <naa:CountryName codeName="?" codeListURI="?" codeListAgency="?" codeListName="?" codeListVersion="?">?</naa:CountryName>
                           <!--Optional:-->
                           <naa:CountrySubDivision codeName="?" codeListURI="?" codeListAgency="?" codeListName="?" codeListVersion="?">?</naa:CountrySubDivision>
                           <!--Zero or more repetitions:-->
                           <naa:Geocode ref="?">
                              <!--Optional:-->
                              <naa:AltimetricSystem codeName="?" codeListURI="?" codeListAgency="?" codeListName="?" codeListVersion="?">?</naa:AltimetricSystem>
                              <!--Optional:-->
                              <naa:Altitude Format="?">?</naa:Altitude>
                              <naa:Identification identificationSchemeName="?" identificationSchemeURI="?" identificationSchemeVersion="?" identificationSchemeAgency="?">?</naa:Identification>
                              <naa:Latitude Format="?">?</naa:Latitude>
                              <!--Optional:-->
                              <naa:LatitudeDirection codeName="?" codeListURI="?" codeListAgency="?" codeListName="?" codeListVersion="?">?</naa:LatitudeDirection>
                              <naa:Longitude Format="?">?</naa:Longitude>
                              <!--Optional:-->
                              <naa:LongitudeDirection codeName="?" codeListURI="?" codeListAgency="?" codeListName="?" codeListVersion="?">?</naa:LongitudeDirection>
                              <!--Optional:-->
                              <naa:System codeName="?" codeListURI="?" codeListAgency="?" codeListName="?" codeListVersion="?">?</naa:System>
                           </naa:Geocode>
                           <naa:Identification identificationSchemeName="?" identificationSchemeURI="?" identificationSchemeVersion="?" identificationSchemeAgency="?">?</naa:Identification>
                           <!--Optional:-->
                           <naa:LineFive LanguageIdentifier="?" LanguageLocaleIdentifier="?">?</naa:LineFive>
                           <!--Optional:-->
                           <naa:LineFour LanguageIdentifier="?" LanguageLocaleIdentifier="?">?</naa:LineFour>
                           <!--Optional:-->
                           <naa:LineOne LanguageIdentifier="?" LanguageLocaleIdentifier="?">?</naa:LineOne>
                           <!--Optional:-->
                           <naa:LineSix LanguageIdentifier="?" LanguageLocaleIdentifier="?">?</naa:LineSix>
                           <!--Optional:-->
                           <naa:LineThree LanguageIdentifier="?" LanguageLocaleIdentifier="?">?</naa:LineThree>
                           <!--Optional:-->
                           <naa:LineTwo LanguageIdentifier="?" LanguageLocaleIdentifier="?">?</naa:LineTwo>
                           <!--Optional:-->
                           <naa:PostOfficeBox LanguageIdentifier="?" LanguageLocaleIdentifier="?">?</naa:PostOfficeBox>
                           <!--Optional:-->
                           <naa:Postcode LanguageIdentifier="?" LanguageLocaleIdentifier="?">?</naa:Postcode>
                           <!--Optional:-->
                           <naa:StreetName LanguageIdentifier="?" LanguageLocaleIdentifier="?">?</naa:StreetName>
                           <!--Optional:-->
                           <naa:StreetSuffix codeName="?" codeListURI="?" codeListAgency="?" codeListName="?" codeListVersion="?">?</naa:StreetSuffix>
                           <!--Optional:-->
                           <naa:StreetType codeName="?" codeListURI="?" codeListAgency="?" codeListName="?" codeListVersion="?">?</naa:StreetType>
                           <!--Optional:-->
                           <naa:Usage codeName="?" codeListURI="?" codeListAgency="?" codeListName="?" codeListVersion="?">?</naa:Usage>
                           <!--Optional:-->
                           <naa:UsagePeriod ref="?">
                              <!--Optional:-->
                              <naa:Complete Format="?">?</naa:Complete>
                              <!--Optional:-->
                              <naa:Description LanguageIdentifier="?" LanguageLocaleIdentifier="?">?</naa:Description>
                              <!--Optional:-->
                              <naa:Duration UnitCode="?">?</naa:Duration>
                              <!--Optional:-->
                              <naa:End Format="?">?</naa:End>
                              <naa:Identification identificationSchemeName="?" identificationSchemeURI="?" identificationSchemeVersion="?" identificationSchemeAgency="?">?</naa:Identification>
                              <!--Optional:-->
                              <naa:Inclusive Format="?">?</naa:Inclusive>
                              <!--Optional:-->
                              <naa:Name LanguageIdentifier="?" LanguageLocaleIdentifier="?">?</naa:Name>
                              <!--Optional:-->
                              <naa:Sequence identificationSchemeName="?" identificationSchemeURI="?" identificationSchemeVersion="?" identificationSchemeAgency="?">?</naa:Sequence>
                              <naa:Start Format="?">?</naa:Start>
                           </naa:UsagePeriod>
                        </naa:PostalAddress>
                        <!--Zero or more repetitions:-->
                        <naa:Registration ref="?">
                           <!--Optional:-->
                           <naa:Category codeName="?" codeListURI="?" codeListAgency="?" codeListName="?" codeListVersion="?">?</naa:Category>
                           <!--Optional:-->
                           <naa:Country codeName="?" codeListURI="?" codeListAgency="?" codeListName="?" codeListVersion="?">?</naa:Country>
                           <naa:Identification identificationSchemeName="?" identificationSchemeURI="?" identificationSchemeVersion="?" identificationSchemeAgency="?">?</naa:Identification>
                           <!--Optional:-->
                           <naa:Licence identificationSchemeName="?" identificationSchemeURI="?" identificationSchemeVersion="?" identificationSchemeAgency="?">?</naa:Licence>
                           <!--Optional:-->
                           <naa:Recorded Format="?">?</naa:Recorded>
                           <!--Optional:-->
                           <naa:Type codeName="?" codeListURI="?" codeListAgency="?" codeListName="?" codeListVersion="?">?</naa:Type>
                           <!--Optional:-->
                           <naa:ValidityPeriod ref="?">
                              <!--Optional:-->
                              <naa:Complete Format="?">?</naa:Complete>
                              <!--Optional:-->
                              <naa:Description LanguageIdentifier="?" LanguageLocaleIdentifier="?">?</naa:Description>
                              <!--Optional:-->
                              <naa:Duration UnitCode="?">?</naa:Duration>
                              <!--Optional:-->
                              <naa:End Format="?">?</naa:End>
                              <naa:Identification identificationSchemeName="?" identificationSchemeURI="?" identificationSchemeVersion="?" identificationSchemeAgency="?">?</naa:Identification>
                              <!--Optional:-->
                              <naa:Inclusive Format="?">?</naa:Inclusive>
                              <!--Optional:-->
                              <naa:Name LanguageIdentifier="?" LanguageLocaleIdentifier="?">?</naa:Name>
                              <!--Optional:-->
                              <naa:Sequence identificationSchemeName="?" identificationSchemeURI="?" identificationSchemeVersion="?" identificationSchemeAgency="?">?</naa:Sequence>
                              <naa:Start Format="?">?</naa:Start>
                           </naa:ValidityPeriod>
                        </naa:Registration>
                        <!--Zero or more repetitions:-->
                        <naa:ResidentialAddress ref="?">
                           <!--Zero or more repetitions:-->
                           <naa:Address/>
                           <!--Optional:-->
                           <naa:BlockName LanguageIdentifier="?" LanguageLocaleIdentifier="?">?</naa:BlockName>
                           <!--Optional:-->
                           <naa:BuildingName LanguageIdentifier="?" LanguageLocaleIdentifier="?">?</naa:BuildingName>
                           <!--Optional:-->
                           <naa:BuildingNumber LanguageIdentifier="?" LanguageLocaleIdentifier="?">?</naa:BuildingNumber>
                           <!--Optional:-->
                           <naa:CityName LanguageIdentifier="?" LanguageLocaleIdentifier="?">?</naa:CityName>
                           <!--Optional:-->
                           <naa:Code codeName="?" codeListURI="?" codeListAgency="?" codeListName="?" codeListVersion="?">?</naa:Code>
                           <!--Optional:-->
                           <naa:CountryName codeName="?" codeListURI="?" codeListAgency="?" codeListName="?" codeListVersion="?">?</naa:CountryName>
                           <!--Optional:-->
                           <naa:CountrySubDivision codeName="?" codeListURI="?" codeListAgency="?" codeListName="?" codeListVersion="?">?</naa:CountrySubDivision>
                           <!--Zero or more repetitions:-->
                           <naa:Geocode ref="?">
                              <!--Optional:-->
                              <naa:AltimetricSystem codeName="?" codeListURI="?" codeListAgency="?" codeListName="?" codeListVersion="?">?</naa:AltimetricSystem>
                              <!--Optional:-->
                              <naa:Altitude Format="?">?</naa:Altitude>
                              <naa:Identification identificationSchemeName="?" identificationSchemeURI="?" identificationSchemeVersion="?" identificationSchemeAgency="?">?</naa:Identification>
                              <naa:Latitude Format="?">?</naa:Latitude>
                              <!--Optional:-->
                              <naa:LatitudeDirection codeName="?" codeListURI="?" codeListAgency="?" codeListName="?" codeListVersion="?">?</naa:LatitudeDirection>
                              <naa:Longitude Format="?">?</naa:Longitude>
                              <!--Optional:-->
                              <naa:LongitudeDirection codeName="?" codeListURI="?" codeListAgency="?" codeListName="?" codeListVersion="?">?</naa:LongitudeDirection>
                              <!--Optional:-->
                              <naa:System codeName="?" codeListURI="?" codeListAgency="?" codeListName="?" codeListVersion="?">?</naa:System>
                           </naa:Geocode>
                           <naa:Identification identificationSchemeName="?" identificationSchemeURI="?" identificationSchemeVersion="?" identificationSchemeAgency="?">?</naa:Identification>
                           <!--Optional:-->
                           <naa:LineFive LanguageIdentifier="?" LanguageLocaleIdentifier="?">?</naa:LineFive>
                           <!--Optional:-->
                           <naa:LineFour LanguageIdentifier="?" LanguageLocaleIdentifier="?">?</naa:LineFour>
                           <!--Optional:-->
                           <naa:LineOne LanguageIdentifier="?" LanguageLocaleIdentifier="?">?</naa:LineOne>
                           <!--Optional:-->
                           <naa:LineSix LanguageIdentifier="?" LanguageLocaleIdentifier="?">?</naa:LineSix>
                           <!--Optional:-->
                           <naa:LineThree LanguageIdentifier="?" LanguageLocaleIdentifier="?">?</naa:LineThree>
                           <!--Optional:-->
                           <naa:LineTwo LanguageIdentifier="?" LanguageLocaleIdentifier="?">?</naa:LineTwo>
                           <!--Optional:-->
                           <naa:PostOfficeBox LanguageIdentifier="?" LanguageLocaleIdentifier="?">?</naa:PostOfficeBox>
                           <!--Optional:-->
                           <naa:Postcode LanguageIdentifier="?" LanguageLocaleIdentifier="?">?</naa:Postcode>
                           <!--Optional:-->
                           <naa:StreetName LanguageIdentifier="?" LanguageLocaleIdentifier="?">?</naa:StreetName>
                           <!--Optional:-->
                           <naa:StreetSuffix codeName="?" codeListURI="?" codeListAgency="?" codeListName="?" codeListVersion="?">?</naa:StreetSuffix>
                           <!--Optional:-->
                           <naa:StreetType codeName="?" codeListURI="?" codeListAgency="?" codeListName="?" codeListVersion="?">?</naa:StreetType>
                           <!--Optional:-->
                           <naa:Usage codeName="?" codeListURI="?" codeListAgency="?" codeListName="?" codeListVersion="?">?</naa:Usage>
                           <!--Optional:-->
                           <naa:UsagePeriod ref="?">
                              <!--Optional:-->
                              <naa:Complete Format="?">?</naa:Complete>
                              <!--Optional:-->
                              <naa:Description LanguageIdentifier="?" LanguageLocaleIdentifier="?">?</naa:Description>
                              <!--Optional:-->
                              <naa:Duration UnitCode="?">?</naa:Duration>
                              <!--Optional:-->
                              <naa:End Format="?">?</naa:End>
                              <naa:Identification identificationSchemeName="?" identificationSchemeURI="?" identificationSchemeVersion="?" identificationSchemeAgency="?">?</naa:Identification>
                              <!--Optional:-->
                              <naa:Inclusive Format="?">?</naa:Inclusive>
                              <!--Optional:-->
                              <naa:Name LanguageIdentifier="?" LanguageLocaleIdentifier="?">?</naa:Name>
                              <!--Optional:-->
                              <naa:Sequence identificationSchemeName="?" identificationSchemeURI="?" identificationSchemeVersion="?" identificationSchemeAgency="?">?</naa:Sequence>
                              <naa:Start Format="?">?</naa:Start>
                           </naa:UsagePeriod>
                        </naa:ResidentialAddress>
                        <!--Zero or more repetitions:-->
                        <naa:Status ref="?">
                           <naa:Code codeName="?" codeListURI="?" codeListAgency="?" codeListName="?" codeListVersion="?">?</naa:Code>
                           <!--Optional:-->
                           <naa:Description LanguageIdentifier="?" LanguageLocaleIdentifier="?">?</naa:Description>
                           <!--Optional:-->
                           <naa:ValidityPeriod ref="?">
                              <!--Optional:-->
                              <naa:Complete Format="?">?</naa:Complete>
                              <!--Optional:-->
                              <naa:Description LanguageIdentifier="?" LanguageLocaleIdentifier="?">?</naa:Description>
                              <!--Optional:-->
                              <naa:Duration UnitCode="?">?</naa:Duration>
                              <!--Optional:-->
                              <naa:End Format="?">?</naa:End>
                              <naa:Identification identificationSchemeName="?" identificationSchemeURI="?" identificationSchemeVersion="?" identificationSchemeAgency="?">?</naa:Identification>
                              <!--Optional:-->
                              <naa:Inclusive Format="?">?</naa:Inclusive>
                              <!--Optional:-->
                              <naa:Name LanguageIdentifier="?" LanguageLocaleIdentifier="?">?</naa:Name>
                              <!--Optional:-->
                              <naa:Sequence identificationSchemeName="?" identificationSchemeURI="?" identificationSchemeVersion="?" identificationSchemeAgency="?">?</naa:Sequence>
                              <naa:Start Format="?">?</naa:Start>
                           </naa:ValidityPeriod>
                        </naa:Status>
                        <!--Zero or more repetitions:-->
                        <naa:Telephone ref="?">
                           <!--Optional:-->
                           <naa:AreaCode codeName="?" codeListURI="?" codeListAgency="?" codeListName="?" codeListVersion="?">?</naa:AreaCode>
                           <!--Optional:-->
                           <naa:CountryCode codeName="?" codeListURI="?" codeListAgency="?" codeListName="?" codeListVersion="?">?</naa:CountryCode>
                           <!--Optional:-->
                           <naa:Extension LanguageIdentifier="?" LanguageLocaleIdentifier="?">?</naa:Extension>
                           <naa:Number identificationSchemeName="?" identificationSchemeURI="?" identificationSchemeVersion="?" identificationSchemeAgency="?">?</naa:Number>
                           <naa:Type codeName="?" codeListURI="?" codeListAgency="?" codeListName="?" codeListVersion="?">?</naa:Type>
                        </naa:Telephone>
                     </naa:Person>
                     <naa:Identification identificationSchemeName="?" identificationSchemeURI="?" identificationSchemeVersion="?" identificationSchemeAgency="?">?</naa:Identification>
                     <!--Optional:-->
                     <naa:Language codeName="?" codeListURI="?" codeListAgency="?" codeListName="?" codeListVersion="?">?</naa:Language>
                     <naa:Name LanguageIdentifier="?" LanguageLocaleIdentifier="?">?</naa:Name>
                     <!--Optional:-->
                     <naa:Type LanguageIdentifier="?" LanguageLocaleIdentifier="?">?</naa:Type>
                  </da:Party>
                  <!--Optional:-->
                  <da:Type codeName="?" codeListURI="?" codeListAgency="?" codeListName="?" codeListVersion="?">?</da:Type>
               </da:PartyRole>
               <!--1 or more repetitions:-->
               <da:Type codeName="?" codeListURI="?" codeListAgency="?" codeListName="?" codeListVersion="?">?</da:Type>
            </da:Appeal>
            <da:ApplicationNumber identificationSchemeName="?" identificationSchemeURI="?" identificationSchemeVersion="?" identificationSchemeAgency="?">?</da:ApplicationNumber>
            <!--Zero or more repetitions:-->
            <da:Assessment ref="?">
               <!--Zero or more repetitions:-->
               <da:AssessmentIssue ref="?">
                  <!--Optional:-->
                  <da:AdvisedDate Format="?">?</da:AdvisedDate>
                  <!--Zero or more repetitions:-->
                  <da:Comments LanguageIdentifier="?" LanguageLocaleIdentifier="?">?</da:Comments>
                  <da:Description LanguageIdentifier="?" LanguageLocaleIdentifier="?">?</da:Description>
                  <da:Identification identificationSchemeName="?" identificationSchemeURI="?" identificationSchemeVersion="?" identificationSchemeAgency="?">?</da:Identification>
                  <da:ReportingPartyRole ref="?">
                     <!--Optional:-->
                     <da:DateTime Format="?">?</da:DateTime>
                     <!--1 or more repetitions:-->
                     <da:Party ref="?">
                        <!--Optional:-->
                        <naa:AccessRights codeName="?" codeListURI="?" codeListAgency="?" codeListName="?" codeListVersion="?">?</naa:AccessRights>
                        <!--Optional:-->
                        <naa:Description LanguageIdentifier="?" LanguageLocaleIdentifier="?">?</naa:Description>
                        <!--You have a CHOICE of the next 2 items at this level-->
                        <!--Optional:-->
                        <naa:Organisation ref="?">
                           <!--Zero or more repetitions:-->
                           <naa:Contact ref="?">
                              <!--Optional:-->
                              <naa:DepartmentName LanguageIdentifier="?" LanguageLocaleIdentifier="?">?</naa:DepartmentName>
                              <!--Optional:-->
                              <naa:Description LanguageIdentifier="?" LanguageLocaleIdentifier="?">?</naa:Description>
                              <naa:Identification identificationSchemeName="?" identificationSchemeURI="?" identificationSchemeVersion="?" identificationSchemeAgency="?">?</naa:Identification>
                              <!--Zero or more repetitions:-->
                              <naa:Internet ref="?">
                                 <naa:Type codeName="?" codeListURI="?" codeListAgency="?" codeListName="?" codeListVersion="?">?</naa:Type>
                                 <naa:URI>?</naa:URI>
                              </naa:Internet>
                              <!--Optional:-->
                              <naa:IsPrimary Format="?">?</naa:IsPrimary>
                              <!--Optional:-->
                              <naa:JobTitle LanguageIdentifier="?" LanguageLocaleIdentifier="?">?</naa:JobTitle>
                              <!--Optional:-->
                              <naa:PersonName ref="?">
                                 <naa:Classification codeName="?" codeListURI="?" codeListAgency="?" codeListName="?" codeListVersion="?">?</naa:Classification>
                                 <!--Optional:-->
                                 <naa:FamilyName LanguageIdentifier="?" LanguageLocaleIdentifier="?">?</naa:FamilyName>
                                 <!--Optional:-->
                                 <naa:FamilyNamePrefix LanguageIdentifier="?" LanguageLocaleIdentifier="?">?</naa:FamilyNamePrefix>
                                 <!--Optional:-->
                                 <naa:GivenName LanguageIdentifier="?" LanguageLocaleIdentifier="?">?</naa:GivenName>
                                 <!--Optional:-->
                                 <naa:MiddleName LanguageIdentifier="?" LanguageLocaleIdentifier="?">?</naa:MiddleName>
                                 <!--Optional:-->
                                 <naa:Name LanguageIdentifier="?" LanguageLocaleIdentifier="?">?</naa:Name>
                                 <!--Optional:-->
                                 <naa:NameSuffix codeName="?" codeListURI="?" codeListAgency="?" codeListName="?" codeListVersion="?">?</naa:NameSuffix>
                                 <!--Optional:-->
                                 <naa:Salutation LanguageIdentifier="?" LanguageLocaleIdentifier="?">?</naa:Salutation>
                                 <!--Optional:-->
                                 <naa:Title codeName="?" codeListURI="?" codeListAgency="?" codeListName="?" codeListVersion="?">?</naa:Title>
                                 <!--Optional:-->
                                 <naa:ValidityPeriod ref="?">
                                    <!--Optional:-->
                                    <naa:Complete Format="?">?</naa:Complete>
                                    <!--Optional:-->
                                    <naa:Description LanguageIdentifier="?" LanguageLocaleIdentifier="?">?</naa:Description>
                                    <!--Optional:-->
                                    <naa:Duration UnitCode="?">?</naa:Duration>
                                    <!--Optional:-->
                                    <naa:End Format="?">?</naa:End>
                                    <naa:Identification identificationSchemeName="?" identificationSchemeURI="?" identificationSchemeVersion="?" identificationSchemeAgency="?">?</naa:Identification>
                                    <!--Optional:-->
                                    <naa:Inclusive Format="?">?</naa:Inclusive>
                                    <!--Optional:-->
                                    <naa:Name LanguageIdentifier="?" LanguageLocaleIdentifier="?">?</naa:Name>
                                    <!--Optional:-->
                                    <naa:Sequence identificationSchemeName="?" identificationSchemeURI="?" identificationSchemeVersion="?" identificationSchemeAgency="?">?</naa:Sequence>
                                    <naa:Start Format="?">?</naa:Start>
                                 </naa:ValidityPeriod>
                              </naa:PersonName>
                              <!--Optional:-->
                              <naa:Responsibility LanguageIdentifier="?" LanguageLocaleIdentifier="?">?</naa:Responsibility>
                              <!--Zero or more repetitions:-->
                              <naa:Telephone ref="?">
                                 <!--Optional:-->
                                 <naa:AreaCode codeName="?" codeListURI="?" codeListAgency="?" codeListName="?" codeListVersion="?">?</naa:AreaCode>
                                 <!--Optional:-->
                                 <naa:CountryCode codeName="?" codeListURI="?" codeListAgency="?" codeListName="?" codeListVersion="?">?</naa:CountryCode>
                                 <!--Optional:-->
                                 <naa:Extension LanguageIdentifier="?" LanguageLocaleIdentifier="?">?</naa:Extension>
                                 <naa:Number identificationSchemeName="?" identificationSchemeURI="?" identificationSchemeVersion="?" identificationSchemeAgency="?">?</naa:Number>
                                 <naa:Type codeName="?" codeListURI="?" codeListAgency="?" codeListName="?" codeListVersion="?">?</naa:Type>
                              </naa:Telephone>
                              <!--Optional:-->
                              <naa:Type codeName="?" codeListURI="?" codeListAgency="?" codeListName="?" codeListVersion="?">?</naa:Type>
                           </naa:Contact>
                           <!--Optional:-->
                           <naa:Description LanguageIdentifier="?" LanguageLocaleIdentifier="?">?</naa:Description>
                           <naa:Identification identificationSchemeName="?" identificationSchemeURI="?" identificationSchemeVersion="?" identificationSchemeAgency="?">?</naa:Identification>
                           <!--Optional:-->
                           <naa:IndustryClassification codeName="?" codeListURI="?" codeListAgency="?" codeListName="?" codeListVersion="?">?</naa:IndustryClassification>
                           <!--Zero or more repetitions:-->
                           <naa:Internet ref="?">
                              <naa:Type codeName="?" codeListURI="?" codeListAgency="?" codeListName="?" codeListVersion="?">?</naa:Type>
                              <naa:URI>?</naa:URI>
                           </naa:Internet>
                           <!--Optional:-->
                           <naa:IsActive Format="?">?</naa:IsActive>
                           <!--Optional:-->
                           <naa:LegalClassification codeName="?" codeListURI="?" codeListAgency="?" codeListName="?" codeListVersion="?">?</naa:LegalClassification>
                           <!--Zero or more repetitions:-->
                           <naa:Organisation/>
                           <!--1 or more repetitions:-->
                           <naa:OrganisationName ref="?">
                              <naa:Classification codeName="?" codeListURI="?" codeListAgency="?" codeListName="?" codeListVersion="?">?</naa:Classification>
                              <naa:Name LanguageIdentifier="?" LanguageLocaleIdentifier="?">?</naa:Name>
                              <!--Optional:-->
                              <naa:ValidityPeriod ref="?">
                                 <!--Optional:-->
                                 <naa:Complete Format="?">?</naa:Complete>
                                 <!--Optional:-->
                                 <naa:Description LanguageIdentifier="?" LanguageLocaleIdentifier="?">?</naa:Description>
                                 <!--Optional:-->
                                 <naa:Duration UnitCode="?">?</naa:Duration>
                                 <!--Optional:-->
                                 <naa:End Format="?">?</naa:End>
                                 <naa:Identification identificationSchemeName="?" identificationSchemeURI="?" identificationSchemeVersion="?" identificationSchemeAgency="?">?</naa:Identification>
                                 <!--Optional:-->
                                 <naa:Inclusive Format="?">?</naa:Inclusive>
                                 <!--Optional:-->
                                 <naa:Name LanguageIdentifier="?" LanguageLocaleIdentifier="?">?</naa:Name>
                                 <!--Optional:-->
                                 <naa:Sequence identificationSchemeName="?" identificationSchemeURI="?" identificationSchemeVersion="?" identificationSchemeAgency="?">?</naa:Sequence>
                                 <naa:Start Format="?">?</naa:Start>
                              </naa:ValidityPeriod>
                           </naa:OrganisationName>
                           <!--Zero or more repetitions:-->
                           <naa:PhysicalAddress ref="?">
                              <!--Zero or more repetitions:-->
                              <naa:Address/>
                              <!--Optional:-->
                              <naa:BlockName LanguageIdentifier="?" LanguageLocaleIdentifier="?">?</naa:BlockName>
                              <!--Optional:-->
                              <naa:BuildingName LanguageIdentifier="?" LanguageLocaleIdentifier="?">?</naa:BuildingName>
                              <!--Optional:-->
                              <naa:BuildingNumber LanguageIdentifier="?" LanguageLocaleIdentifier="?">?</naa:BuildingNumber>
                              <!--Optional:-->
                              <naa:CityName LanguageIdentifier="?" LanguageLocaleIdentifier="?">?</naa:CityName>
                              <!--Optional:-->
                              <naa:Code codeName="?" codeListURI="?" codeListAgency="?" codeListName="?" codeListVersion="?">?</naa:Code>
                              <!--Optional:-->
                              <naa:CountryName codeName="?" codeListURI="?" codeListAgency="?" codeListName="?" codeListVersion="?">?</naa:CountryName>
                              <!--Optional:-->
                              <naa:CountrySubDivision codeName="?" codeListURI="?" codeListAgency="?" codeListName="?" codeListVersion="?">?</naa:CountrySubDivision>
                              <!--Zero or more repetitions:-->
                              <naa:Geocode ref="?">
                                 <!--Optional:-->
                                 <naa:AltimetricSystem codeName="?" codeListURI="?" codeListAgency="?" codeListName="?" codeListVersion="?">?</naa:AltimetricSystem>
                                 <!--Optional:-->
                                 <naa:Altitude Format="?">?</naa:Altitude>
                                 <naa:Identification identificationSchemeName="?" identificationSchemeURI="?" identificationSchemeVersion="?" identificationSchemeAgency="?">?</naa:Identification>
                                 <naa:Latitude Format="?">?</naa:Latitude>
                                 <!--Optional:-->
                                 <naa:LatitudeDirection codeName="?" codeListURI="?" codeListAgency="?" codeListName="?" codeListVersion="?">?</naa:LatitudeDirection>
                                 <naa:Longitude Format="?">?</naa:Longitude>
                                 <!--Optional:-->
                                 <naa:LongitudeDirection codeName="?" codeListURI="?" codeListAgency="?" codeListName="?" codeListVersion="?">?</naa:LongitudeDirection>
                                 <!--Optional:-->
                                 <naa:System codeName="?" codeListURI="?" codeListAgency="?" codeListName="?" codeListVersion="?">?</naa:System>
                              </naa:Geocode>
                              <naa:Identification identificationSchemeName="?" identificationSchemeURI="?" identificationSchemeVersion="?" identificationSchemeAgency="?">?</naa:Identification>
                              <!--Optional:-->
                              <naa:LineFive LanguageIdentifier="?" LanguageLocaleIdentifier="?">?</naa:LineFive>
                              <!--Optional:-->
                              <naa:LineFour LanguageIdentifier="?" LanguageLocaleIdentifier="?">?</naa:LineFour>
                              <!--Optional:-->
                              <naa:LineOne LanguageIdentifier="?" LanguageLocaleIdentifier="?">?</naa:LineOne>
                              <!--Optional:-->
                              <naa:LineSix LanguageIdentifier="?" LanguageLocaleIdentifier="?">?</naa:LineSix>
                              <!--Optional:-->
                              <naa:LineThree LanguageIdentifier="?" LanguageLocaleIdentifier="?">?</naa:LineThree>
                              <!--Optional:-->
                              <naa:LineTwo LanguageIdentifier="?" LanguageLocaleIdentifier="?">?</naa:LineTwo>
                              <!--Optional:-->
                              <naa:PostOfficeBox LanguageIdentifier="?" LanguageLocaleIdentifier="?">?</naa:PostOfficeBox>
                              <!--Optional:-->
                              <naa:Postcode LanguageIdentifier="?" LanguageLocaleIdentifier="?">?</naa:Postcode>
                              <!--Optional:-->
                              <naa:StreetName LanguageIdentifier="?" LanguageLocaleIdentifier="?">?</naa:StreetName>
                              <!--Optional:-->
                              <naa:StreetSuffix codeName="?" codeListURI="?" codeListAgency="?" codeListName="?" codeListVersion="?">?</naa:StreetSuffix>
                              <!--Optional:-->
                              <naa:StreetType codeName="?" codeListURI="?" codeListAgency="?" codeListName="?" codeListVersion="?">?</naa:StreetType>
                              <!--Optional:-->
                              <naa:Usage codeName="?" codeListURI="?" codeListAgency="?" codeListName="?" codeListVersion="?">?</naa:Usage>
                              <!--Optional:-->
                              <naa:UsagePeriod ref="?">
                                 <!--Optional:-->
                                 <naa:Complete Format="?">?</naa:Complete>
                                 <!--Optional:-->
                                 <naa:Description LanguageIdentifier="?" LanguageLocaleIdentifier="?">?</naa:Description>
                                 <!--Optional:-->
                                 <naa:Duration UnitCode="?">?</naa:Duration>
                                 <!--Optional:-->
                                 <naa:End Format="?">?</naa:End>
                                 <naa:Identification identificationSchemeName="?" identificationSchemeURI="?" identificationSchemeVersion="?" identificationSchemeAgency="?">?</naa:Identification>
                                 <!--Optional:-->
                                 <naa:Inclusive Format="?">?</naa:Inclusive>
                                 <!--Optional:-->
                                 <naa:Name LanguageIdentifier="?" LanguageLocaleIdentifier="?">?</naa:Name>
                                 <!--Optional:-->
                                 <naa:Sequence identificationSchemeName="?" identificationSchemeURI="?" identificationSchemeVersion="?" identificationSchemeAgency="?">?</naa:Sequence>
                                 <naa:Start Format="?">?</naa:Start>
                              </naa:UsagePeriod>
                           </naa:PhysicalAddress>
                           <!--Zero or more repetitions:-->
                           <naa:PostalAddress ref="?">
                              <!--Zero or more repetitions:-->
                              <naa:Address/>
                              <!--Optional:-->
                              <naa:BlockName LanguageIdentifier="?" LanguageLocaleIdentifier="?">?</naa:BlockName>
                              <!--Optional:-->
                              <naa:BuildingName LanguageIdentifier="?" LanguageLocaleIdentifier="?">?</naa:BuildingName>
                              <!--Optional:-->
                              <naa:BuildingNumber LanguageIdentifier="?" LanguageLocaleIdentifier="?">?</naa:BuildingNumber>
                              <!--Optional:-->
                              <naa:CityName LanguageIdentifier="?" LanguageLocaleIdentifier="?">?</naa:CityName>
                              <!--Optional:-->
                              <naa:Code codeName="?" codeListURI="?" codeListAgency="?" codeListName="?" codeListVersion="?">?</naa:Code>
                              <!--Optional:-->
                              <naa:CountryName codeName="?" codeListURI="?" codeListAgency="?" codeListName="?" codeListVersion="?">?</naa:CountryName>
                              <!--Optional:-->
                              <naa:CountrySubDivision codeName="?" codeListURI="?" codeListAgency="?" codeListName="?" codeListVersion="?">?</naa:CountrySubDivision>
                              <!--Zero or more repetitions:-->
                              <naa:Geocode ref="?">
                                 <!--Optional:-->
                                 <naa:AltimetricSystem codeName="?" codeListURI="?" codeListAgency="?" codeListName="?" codeListVersion="?">?</naa:AltimetricSystem>
                                 <!--Optional:-->
                                 <naa:Altitude Format="?">?</naa:Altitude>
                                 <naa:Identification identificationSchemeName="?" identificationSchemeURI="?" identificationSchemeVersion="?" identificationSchemeAgency="?">?</naa:Identification>
                                 <naa:Latitude Format="?">?</naa:Latitude>
                                 <!--Optional:-->
                                 <naa:LatitudeDirection codeName="?" codeListURI="?" codeListAgency="?" codeListName="?" codeListVersion="?">?</naa:LatitudeDirection>
                                 <naa:Longitude Format="?">?</naa:Longitude>
                                 <!--Optional:-->
                                 <naa:LongitudeDirection codeName="?" codeListURI="?" codeListAgency="?" codeListName="?" codeListVersion="?">?</naa:LongitudeDirection>
                                 <!--Optional:-->
                                 <naa:System codeName="?" codeListURI="?" codeListAgency="?" codeListName="?" codeListVersion="?">?</naa:System>
                              </naa:Geocode>
                              <naa:Identification identificationSchemeName="?" identificationSchemeURI="?" identificationSchemeVersion="?" identificationSchemeAgency="?">?</naa:Identification>
                              <!--Optional:-->
                              <naa:LineFive LanguageIdentifier="?" LanguageLocaleIdentifier="?">?</naa:LineFive>
                              <!--Optional:-->
                              <naa:LineFour LanguageIdentifier="?" LanguageLocaleIdentifier="?">?</naa:LineFour>
                              <!--Optional:-->
                              <naa:LineOne LanguageIdentifier="?" LanguageLocaleIdentifier="?">?</naa:LineOne>
                              <!--Optional:-->
                              <naa:LineSix LanguageIdentifier="?" LanguageLocaleIdentifier="?">?</naa:LineSix>
                              <!--Optional:-->
                              <naa:LineThree LanguageIdentifier="?" LanguageLocaleIdentifier="?">?</naa:LineThree>
                              <!--Optional:-->
                              <naa:LineTwo LanguageIdentifier="?" LanguageLocaleIdentifier="?">?</naa:LineTwo>
                              <!--Optional:-->
                              <naa:PostOfficeBox LanguageIdentifier="?" LanguageLocaleIdentifier="?">?</naa:PostOfficeBox>
                              <!--Optional:-->
                              <naa:Postcode LanguageIdentifier="?" LanguageLocaleIdentifier="?">?</naa:Postcode>
                              <!--Optional:-->
                              <naa:StreetName LanguageIdentifier="?" LanguageLocaleIdentifier="?">?</naa:StreetName>
                              <!--Optional:-->
                              <naa:StreetSuffix codeName="?" codeListURI="?" codeListAgency="?" codeListName="?" codeListVersion="?">?</naa:StreetSuffix>
                              <!--Optional:-->
                              <naa:StreetType codeName="?" codeListURI="?" codeListAgency="?" codeListName="?" codeListVersion="?">?</naa:StreetType>
                              <!--Optional:-->
                              <naa:Usage codeName="?" codeListURI="?" codeListAgency="?" codeListName="?" codeListVersion="?">?</naa:Usage>
                              <!--Optional:-->
                              <naa:UsagePeriod ref="?">
                                 <!--Optional:-->
                                 <naa:Complete Format="?">?</naa:Complete>
                                 <!--Optional:-->
                                 <naa:Description LanguageIdentifier="?" LanguageLocaleIdentifier="?">?</naa:Description>
                                 <!--Optional:-->
                                 <naa:Duration UnitCode="?">?</naa:Duration>
                                 <!--Optional:-->
                                 <naa:End Format="?">?</naa:End>
                                 <naa:Identification identificationSchemeName="?" identificationSchemeURI="?" identificationSchemeVersion="?" identificationSchemeAgency="?">?</naa:Identification>
                                 <!--Optional:-->
                                 <naa:Inclusive Format="?">?</naa:Inclusive>
                                 <!--Optional:-->
                                 <naa:Name LanguageIdentifier="?" LanguageLocaleIdentifier="?">?</naa:Name>
                                 <!--Optional:-->
                                 <naa:Sequence identificationSchemeName="?" identificationSchemeURI="?" identificationSchemeVersion="?" identificationSchemeAgency="?">?</naa:Sequence>
                                 <naa:Start Format="?">?</naa:Start>
                              </naa:UsagePeriod>
                           </naa:PostalAddress>
                           <!--Zero or more repetitions:-->
                           <naa:Registration ref="?">
                              <!--Optional:-->
                              <naa:Category codeName="?" codeListURI="?" codeListAgency="?" codeListName="?" codeListVersion="?">?</naa:Category>
                              <!--Optional:-->
                              <naa:Country codeName="?" codeListURI="?" codeListAgency="?" codeListName="?" codeListVersion="?">?</naa:Country>
                              <naa:Identification identificationSchemeName="?" identificationSchemeURI="?" identificationSchemeVersion="?" identificationSchemeAgency="?">?</naa:Identification>
                              <!--Optional:-->
                              <naa:Licence identificationSchemeName="?" identificationSchemeURI="?" identificationSchemeVersion="?" identificationSchemeAgency="?">?</naa:Licence>
                              <!--Optional:-->
                              <naa:Recorded Format="?">?</naa:Recorded>
                              <!--Optional:-->
                              <naa:Type codeName="?" codeListURI="?" codeListAgency="?" codeListName="?" codeListVersion="?">?</naa:Type>
                              <!--Optional:-->
                              <naa:ValidityPeriod ref="?">
                                 <!--Optional:-->
                                 <naa:Complete Format="?">?</naa:Complete>
                                 <!--Optional:-->
                                 <naa:Description LanguageIdentifier="?" LanguageLocaleIdentifier="?">?</naa:Description>
                                 <!--Optional:-->
                                 <naa:Duration UnitCode="?">?</naa:Duration>
                                 <!--Optional:-->
                                 <naa:End Format="?">?</naa:End>
                                 <naa:Identification identificationSchemeName="?" identificationSchemeURI="?" identificationSchemeVersion="?" identificationSchemeAgency="?">?</naa:Identification>
                                 <!--Optional:-->
                                 <naa:Inclusive Format="?">?</naa:Inclusive>
                                 <!--Optional:-->
                                 <naa:Name LanguageIdentifier="?" LanguageLocaleIdentifier="?">?</naa:Name>
                                 <!--Optional:-->
                                 <naa:Sequence identificationSchemeName="?" identificationSchemeURI="?" identificationSchemeVersion="?" identificationSchemeAgency="?">?</naa:Sequence>
                                 <naa:Start Format="?">?</naa:Start>
                              </naa:ValidityPeriod>
                           </naa:Registration>
                           <!--Zero or more repetitions:-->
                           <naa:Status ref="?">
                              <naa:Code codeName="?" codeListURI="?" codeListAgency="?" codeListName="?" codeListVersion="?">?</naa:Code>
                              <!--Optional:-->
                              <naa:Description LanguageIdentifier="?" LanguageLocaleIdentifier="?">?</naa:Description>
                              <!--Optional:-->
                              <naa:ValidityPeriod ref="?">
                                 <!--Optional:-->
                                 <naa:Complete Format="?">?</naa:Complete>
                                 <!--Optional:-->
                                 <naa:Description LanguageIdentifier="?" LanguageLocaleIdentifier="?">?</naa:Description>
                                 <!--Optional:-->
                                 <naa:Duration UnitCode="?">?</naa:Duration>
                                 <!--Optional:-->
                                 <naa:End Format="?">?</naa:End>
                                 <naa:Identification identificationSchemeName="?" identificationSchemeURI="?" identificationSchemeVersion="?" identificationSchemeAgency="?">?</naa:Identification>
                                 <!--Optional:-->
                                 <naa:Inclusive Format="?">?</naa:Inclusive>
                                 <!--Optional:-->
                                 <naa:Name LanguageIdentifier="?" LanguageLocaleIdentifier="?">?</naa:Name>
                                 <!--Optional:-->
                                 <naa:Sequence identificationSchemeName="?" identificationSchemeURI="?" identificationSchemeVersion="?" identificationSchemeAgency="?">?</naa:Sequence>
                                 <naa:Start Format="?">?</naa:Start>
                              </naa:ValidityPeriod>
                           </naa:Status>
                           <!--Zero or more repetitions:-->
                           <naa:Telephone ref="?">
                              <!--Optional:-->
                              <naa:AreaCode codeName="?" codeListURI="?" codeListAgency="?" codeListName="?" codeListVersion="?">?</naa:AreaCode>
                              <!--Optional:-->
                              <naa:CountryCode codeName="?" codeListURI="?" codeListAgency="?" codeListName="?" codeListVersion="?">?</naa:CountryCode>
                              <!--Optional:-->
                              <naa:Extension LanguageIdentifier="?" LanguageLocaleIdentifier="?">?</naa:Extension>
                              <naa:Number identificationSchemeName="?" identificationSchemeURI="?" identificationSchemeVersion="?" identificationSchemeAgency="?">?</naa:Number>
                              <naa:Type codeName="?" codeListURI="?" codeListAgency="?" codeListName="?" codeListVersion="?">?</naa:Type>
                           </naa:Telephone>
                           <!--Optional:-->
                           <naa:Type codeName="?" codeListURI="?" codeListAgency="?" codeListName="?" codeListVersion="?">?</naa:Type>
                        </naa:Organisation>
                        <!--Optional:-->
                        <naa:Person ref="?">
                           <!--Optional:-->
                           <naa:Description LanguageIdentifier="?" LanguageLocaleIdentifier="?">?</naa:Description>
                           <naa:Identification identificationSchemeName="?" identificationSchemeURI="?" identificationSchemeVersion="?" identificationSchemeAgency="?">?</naa:Identification>
                           <!--Zero or more repetitions:-->
                           <naa:Internet ref="?">
                              <naa:Type codeName="?" codeListURI="?" codeListAgency="?" codeListName="?" codeListVersion="?">?</naa:Type>
                              <naa:URI>?</naa:URI>
                           </naa:Internet>
                           <!--1 or more repetitions:-->
                           <naa:PersonName ref="?">
                              <naa:Classification codeName="?" codeListURI="?" codeListAgency="?" codeListName="?" codeListVersion="?">?</naa:Classification>
                              <!--Optional:-->
                              <naa:FamilyName LanguageIdentifier="?" LanguageLocaleIdentifier="?">?</naa:FamilyName>
                              <!--Optional:-->
                              <naa:FamilyNamePrefix LanguageIdentifier="?" LanguageLocaleIdentifier="?">?</naa:FamilyNamePrefix>
                              <!--Optional:-->
                              <naa:GivenName LanguageIdentifier="?" LanguageLocaleIdentifier="?">?</naa:GivenName>
                              <!--Optional:-->
                              <naa:MiddleName LanguageIdentifier="?" LanguageLocaleIdentifier="?">?</naa:MiddleName>
                              <!--Optional:-->
                              <naa:Name LanguageIdentifier="?" LanguageLocaleIdentifier="?">?</naa:Name>
                              <!--Optional:-->
                              <naa:NameSuffix codeName="?" codeListURI="?" codeListAgency="?" codeListName="?" codeListVersion="?">?</naa:NameSuffix>
                              <!--Optional:-->
                              <naa:Salutation LanguageIdentifier="?" LanguageLocaleIdentifier="?">?</naa:Salutation>
                              <!--Optional:-->
                              <naa:Title codeName="?" codeListURI="?" codeListAgency="?" codeListName="?" codeListVersion="?">?</naa:Title>
                              <!--Optional:-->
                              <naa:ValidityPeriod ref="?">
                                 <!--Optional:-->
                                 <naa:Complete Format="?">?</naa:Complete>
                                 <!--Optional:-->
                                 <naa:Description LanguageIdentifier="?" LanguageLocaleIdentifier="?">?</naa:Description>
                                 <!--Optional:-->
                                 <naa:Duration UnitCode="?">?</naa:Duration>
                                 <!--Optional:-->
                                 <naa:End Format="?">?</naa:End>
                                 <naa:Identification identificationSchemeName="?" identificationSchemeURI="?" identificationSchemeVersion="?" identificationSchemeAgency="?">?</naa:Identification>
                                 <!--Optional:-->
                                 <naa:Inclusive Format="?">?</naa:Inclusive>
                                 <!--Optional:-->
                                 <naa:Name LanguageIdentifier="?" LanguageLocaleIdentifier="?">?</naa:Name>
                                 <!--Optional:-->
                                 <naa:Sequence identificationSchemeName="?" identificationSchemeURI="?" identificationSchemeVersion="?" identificationSchemeAgency="?">?</naa:Sequence>
                                 <naa:Start Format="?">?</naa:Start>
                              </naa:ValidityPeriod>
                           </naa:PersonName>
                           <!--Zero or more repetitions:-->
                           <naa:PostalAddress ref="?">
                              <!--Zero or more repetitions:-->
                              <naa:Address/>
                              <!--Optional:-->
                              <naa:BlockName LanguageIdentifier="?" LanguageLocaleIdentifier="?">?</naa:BlockName>
                              <!--Optional:-->
                              <naa:BuildingName LanguageIdentifier="?" LanguageLocaleIdentifier="?">?</naa:BuildingName>
                              <!--Optional:-->
                              <naa:BuildingNumber LanguageIdentifier="?" LanguageLocaleIdentifier="?">?</naa:BuildingNumber>
                              <!--Optional:-->
                              <naa:CityName LanguageIdentifier="?" LanguageLocaleIdentifier="?">?</naa:CityName>
                              <!--Optional:-->
                              <naa:Code codeName="?" codeListURI="?" codeListAgency="?" codeListName="?" codeListVersion="?">?</naa:Code>
                              <!--Optional:-->
                              <naa:CountryName codeName="?" codeListURI="?" codeListAgency="?" codeListName="?" codeListVersion="?">?</naa:CountryName>
                              <!--Optional:-->
                              <naa:CountrySubDivision codeName="?" codeListURI="?" codeListAgency="?" codeListName="?" codeListVersion="?">?</naa:CountrySubDivision>
                              <!--Zero or more repetitions:-->
                              <naa:Geocode ref="?">
                                 <!--Optional:-->
                                 <naa:AltimetricSystem codeName="?" codeListURI="?" codeListAgency="?" codeListName="?" codeListVersion="?">?</naa:AltimetricSystem>
                                 <!--Optional:-->
                                 <naa:Altitude Format="?">?</naa:Altitude>
                                 <naa:Identification identificationSchemeName="?" identificationSchemeURI="?" identificationSchemeVersion="?" identificationSchemeAgency="?">?</naa:Identification>
                                 <naa:Latitude Format="?">?</naa:Latitude>
                                 <!--Optional:-->
                                 <naa:LatitudeDirection codeName="?" codeListURI="?" codeListAgency="?" codeListName="?" codeListVersion="?">?</naa:LatitudeDirection>
                                 <naa:Longitude Format="?">?</naa:Longitude>
                                 <!--Optional:-->
                                 <naa:LongitudeDirection codeName="?" codeListURI="?" codeListAgency="?" codeListName="?" codeListVersion="?">?</naa:LongitudeDirection>
                                 <!--Optional:-->
                                 <naa:System codeName="?" codeListURI="?" codeListAgency="?" codeListName="?" codeListVersion="?">?</naa:System>
                              </naa:Geocode>
                              <naa:Identification identificationSchemeName="?" identificationSchemeURI="?" identificationSchemeVersion="?" identificationSchemeAgency="?">?</naa:Identification>
                              <!--Optional:-->
                              <naa:LineFive LanguageIdentifier="?" LanguageLocaleIdentifier="?">?</naa:LineFive>
                              <!--Optional:-->
                              <naa:LineFour LanguageIdentifier="?" LanguageLocaleIdentifier="?">?</naa:LineFour>
                              <!--Optional:-->
                              <naa:LineOne LanguageIdentifier="?" LanguageLocaleIdentifier="?">?</naa:LineOne>
                              <!--Optional:-->
                              <naa:LineSix LanguageIdentifier="?" LanguageLocaleIdentifier="?">?</naa:LineSix>
                              <!--Optional:-->
                              <naa:LineThree LanguageIdentifier="?" LanguageLocaleIdentifier="?">?</naa:LineThree>
                              <!--Optional:-->
                              <naa:LineTwo LanguageIdentifier="?" LanguageLocaleIdentifier="?">?</naa:LineTwo>
                              <!--Optional:-->
                              <naa:PostOfficeBox LanguageIdentifier="?" LanguageLocaleIdentifier="?">?</naa:PostOfficeBox>
                              <!--Optional:-->
                              <naa:Postcode LanguageIdentifier="?" LanguageLocaleIdentifier="?">?</naa:Postcode>
                              <!--Optional:-->
                              <naa:StreetName LanguageIdentifier="?" LanguageLocaleIdentifier="?">?</naa:StreetName>
                              <!--Optional:-->
                              <naa:StreetSuffix codeName="?" codeListURI="?" codeListAgency="?" codeListName="?" codeListVersion="?">?</naa:StreetSuffix>
                              <!--Optional:-->
                              <naa:StreetType codeName="?" codeListURI="?" codeListAgency="?" codeListName="?" codeListVersion="?">?</naa:StreetType>
                              <!--Optional:-->
                              <naa:Usage codeName="?" codeListURI="?" codeListAgency="?" codeListName="?" codeListVersion="?">?</naa:Usage>
                              <!--Optional:-->
                              <naa:UsagePeriod ref="?">
                                 <!--Optional:-->
                                 <naa:Complete Format="?">?</naa:Complete>
                                 <!--Optional:-->
                                 <naa:Description LanguageIdentifier="?" LanguageLocaleIdentifier="?">?</naa:Description>
                                 <!--Optional:-->
                                 <naa:Duration UnitCode="?">?</naa:Duration>
                                 <!--Optional:-->
                                 <naa:End Format="?">?</naa:End>
                                 <naa:Identification identificationSchemeName="?" identificationSchemeURI="?" identificationSchemeVersion="?" identificationSchemeAgency="?">?</naa:Identification>
                                 <!--Optional:-->
                                 <naa:Inclusive Format="?">?</naa:Inclusive>
                                 <!--Optional:-->
                                 <naa:Name LanguageIdentifier="?" LanguageLocaleIdentifier="?">?</naa:Name>
                                 <!--Optional:-->
                                 <naa:Sequence identificationSchemeName="?" identificationSchemeURI="?" identificationSchemeVersion="?" identificationSchemeAgency="?">?</naa:Sequence>
                                 <naa:Start Format="?">?</naa:Start>
                              </naa:UsagePeriod>
                           </naa:PostalAddress>
                           <!--Zero or more repetitions:-->
                           <naa:Registration ref="?">
                              <!--Optional:-->
                              <naa:Category codeName="?" codeListURI="?" codeListAgency="?" codeListName="?" codeListVersion="?">?</naa:Category>
                              <!--Optional:-->
                              <naa:Country codeName="?" codeListURI="?" codeListAgency="?" codeListName="?" codeListVersion="?">?</naa:Country>
                              <naa:Identification identificationSchemeName="?" identificationSchemeURI="?" identificationSchemeVersion="?" identificationSchemeAgency="?">?</naa:Identification>
                              <!--Optional:-->
                              <naa:Licence identificationSchemeName="?" identificationSchemeURI="?" identificationSchemeVersion="?" identificationSchemeAgency="?">?</naa:Licence>
                              <!--Optional:-->
                              <naa:Recorded Format="?">?</naa:Recorded>
                              <!--Optional:-->
                              <naa:Type codeName="?" codeListURI="?" codeListAgency="?" codeListName="?" codeListVersion="?">?</naa:Type>
                              <!--Optional:-->
                              <naa:ValidityPeriod ref="?">
                                 <!--Optional:-->
                                 <naa:Complete Format="?">?</naa:Complete>
                                 <!--Optional:-->
                                 <naa:Description LanguageIdentifier="?" LanguageLocaleIdentifier="?">?</naa:Description>
                                 <!--Optional:-->
                                 <naa:Duration UnitCode="?">?</naa:Duration>
                                 <!--Optional:-->
                                 <naa:End Format="?">?</naa:End>
                                 <naa:Identification identificationSchemeName="?" identificationSchemeURI="?" identificationSchemeVersion="?" identificationSchemeAgency="?">?</naa:Identification>
                                 <!--Optional:-->
                                 <naa:Inclusive Format="?">?</naa:Inclusive>
                                 <!--Optional:-->
                                 <naa:Name LanguageIdentifier="?" LanguageLocaleIdentifier="?">?</naa:Name>
                                 <!--Optional:-->
                                 <naa:Sequence identificationSchemeName="?" identificationSchemeURI="?" identificationSchemeVersion="?" identificationSchemeAgency="?">?</naa:Sequence>
                                 <naa:Start Format="?">?</naa:Start>
                              </naa:ValidityPeriod>
                           </naa:Registration>
                           <!--Zero or more repetitions:-->
                           <naa:ResidentialAddress ref="?">
                              <!--Zero or more repetitions:-->
                              <naa:Address/>
                              <!--Optional:-->
                              <naa:BlockName LanguageIdentifier="?" LanguageLocaleIdentifier="?">?</naa:BlockName>
                              <!--Optional:-->
                              <naa:BuildingName LanguageIdentifier="?" LanguageLocaleIdentifier="?">?</naa:BuildingName>
                              <!--Optional:-->
                              <naa:BuildingNumber LanguageIdentifier="?" LanguageLocaleIdentifier="?">?</naa:BuildingNumber>
                              <!--Optional:-->
                              <naa:CityName LanguageIdentifier="?" LanguageLocaleIdentifier="?">?</naa:CityName>
                              <!--Optional:-->
                              <naa:Code codeName="?" codeListURI="?" codeListAgency="?" codeListName="?" codeListVersion="?">?</naa:Code>
                              <!--Optional:-->
                              <naa:CountryName codeName="?" codeListURI="?" codeListAgency="?" codeListName="?" codeListVersion="?">?</naa:CountryName>
                              <!--Optional:-->
                              <naa:CountrySubDivision codeName="?" codeListURI="?" codeListAgency="?" codeListName="?" codeListVersion="?">?</naa:CountrySubDivision>
                              <!--Zero or more repetitions:-->
                              <naa:Geocode ref="?">
                                 <!--Optional:-->
                                 <naa:AltimetricSystem codeName="?" codeListURI="?" codeListAgency="?" codeListName="?" codeListVersion="?">?</naa:AltimetricSystem>
                                 <!--Optional:-->
                                 <naa:Altitude Format="?">?</naa:Altitude>
                                 <naa:Identification identificationSchemeName="?" identificationSchemeURI="?" identificationSchemeVersion="?" identificationSchemeAgency="?">?</naa:Identification>
                                 <naa:Latitude Format="?">?</naa:Latitude>
                                 <!--Optional:-->
                                 <naa:LatitudeDirection codeName="?" codeListURI="?" codeListAgency="?" codeListName="?" codeListVersion="?">?</naa:LatitudeDirection>
                                 <naa:Longitude Format="?">?</naa:Longitude>
                                 <!--Optional:-->
                                 <naa:LongitudeDirection codeName="?" codeListURI="?" codeListAgency="?" codeListName="?" codeListVersion="?">?</naa:LongitudeDirection>
                                 <!--Optional:-->
                                 <naa:System codeName="?" codeListURI="?" codeListAgency="?" codeListName="?" codeListVersion="?">?</naa:System>
                              </naa:Geocode>
                              <naa:Identification identificationSchemeName="?" identificationSchemeURI="?" identificationSchemeVersion="?" identificationSchemeAgency="?">?</naa:Identification>
                              <!--Optional:-->
                              <naa:LineFive LanguageIdentifier="?" LanguageLocaleIdentifier="?">?</naa:LineFive>
                              <!--Optional:-->
                              <naa:LineFour LanguageIdentifier="?" LanguageLocaleIdentifier="?">?</naa:LineFour>
                              <!--Optional:-->
                              <naa:LineOne LanguageIdentifier="?" LanguageLocaleIdentifier="?">?</naa:LineOne>
                              <!--Optional:-->
                              <naa:LineSix LanguageIdentifier="?" LanguageLocaleIdentifier="?">?</naa:LineSix>
                              <!--Optional:-->
                              <naa:LineThree LanguageIdentifier="?" LanguageLocaleIdentifier="?">?</naa:LineThree>
                              <!--Optional:-->
                              <naa:LineTwo LanguageIdentifier="?" LanguageLocaleIdentifier="?">?</naa:LineTwo>
                              <!--Optional:-->
                              <naa:PostOfficeBox LanguageIdentifier="?" LanguageLocaleIdentifier="?">?</naa:PostOfficeBox>
                              <!--Optional:-->
                              <naa:Postcode LanguageIdentifier="?" LanguageLocaleIdentifier="?">?</naa:Postcode>
                              <!--Optional:-->
                              <naa:StreetName LanguageIdentifier="?" LanguageLocaleIdentifier="?">?</naa:StreetName>
                              <!--Optional:-->
                              <naa:StreetSuffix codeName="?" codeListURI="?" codeListAgency="?" codeListName="?" codeListVersion="?">?</naa:StreetSuffix>
                              <!--Optional:-->
                              <naa:StreetType codeName="?" codeListURI="?" codeListAgency="?" codeListName="?" codeListVersion="?">?</naa:StreetType>
                              <!--Optional:-->
                              <naa:Usage codeName="?" codeListURI="?" codeListAgency="?" codeListName="?" codeListVersion="?">?</naa:Usage>
                              <!--Optional:-->
                              <naa:UsagePeriod ref="?">
                                 <!--Optional:-->
                                 <naa:Complete Format="?">?</naa:Complete>
                                 <!--Optional:-->
                                 <naa:Description LanguageIdentifier="?" LanguageLocaleIdentifier="?">?</naa:Description>
                                 <!--Optional:-->
                                 <naa:Duration UnitCode="?">?</naa:Duration>
                                 <!--Optional:-->
                                 <naa:End Format="?">?</naa:End>
                                 <naa:Identification identificationSchemeName="?" identificationSchemeURI="?" identificationSchemeVersion="?" identificationSchemeAgency="?">?</naa:Identification>
                                 <!--Optional:-->
                                 <naa:Inclusive Format="?">?</naa:Inclusive>
                                 <!--Optional:-->
                                 <naa:Name LanguageIdentifier="?" LanguageLocaleIdentifier="?">?</naa:Name>
                                 <!--Optional:-->
                                 <naa:Sequence identificationSchemeName="?" identificationSchemeURI="?" identificationSchemeVersion="?" identificationSchemeAgency="?">?</naa:Sequence>
                                 <naa:Start Format="?">?</naa:Start>
                              </naa:UsagePeriod>
                           </naa:ResidentialAddress>
                           <!--Zero or more repetitions:-->
                           <naa:Status ref="?">
                              <naa:Code codeName="?" codeListURI="?" codeListAgency="?" codeListName="?" codeListVersion="?">?</naa:Code>
                              <!--Optional:-->
                              <naa:Description LanguageIdentifier="?" LanguageLocaleIdentifier="?">?</naa:Description>
                              <!--Optional:-->
                              <naa:ValidityPeriod ref="?">
                                 <!--Optional:-->
                                 <naa:Complete Format="?">?</naa:Complete>
                                 <!--Optional:-->
                                 <naa:Description LanguageIdentifier="?" LanguageLocaleIdentifier="?">?</naa:Description>
                                 <!--Optional:-->
                                 <naa:Duration UnitCode="?">?</naa:Duration>
                                 <!--Optional:-->
                                 <naa:End Format="?">?</naa:End>
                                 <naa:Identification identificationSchemeName="?" identificationSchemeURI="?" identificationSchemeVersion="?" identificationSchemeAgency="?">?</naa:Identification>
                                 <!--Optional:-->
                                 <naa:Inclusive Format="?">?</naa:Inclusive>
                                 <!--Optional:-->
                                 <naa:Name LanguageIdentifier="?" LanguageLocaleIdentifier="?">?</naa:Name>
                                 <!--Optional:-->
                                 <naa:Sequence identificationSchemeName="?" identificationSchemeURI="?" identificationSchemeVersion="?" identificationSchemeAgency="?">?</naa:Sequence>
                                 <naa:Start Format="?">?</naa:Start>
                              </naa:ValidityPeriod>
                           </naa:Status>
                           <!--Zero or more repetitions:-->
                           <naa:Telephone ref="?">
                              <!--Optional:-->
                              <naa:AreaCode codeName="?" codeListURI="?" codeListAgency="?" codeListName="?" codeListVersion="?">?</naa:AreaCode>
                              <!--Optional:-->
                              <naa:CountryCode codeName="?" codeListURI="?" codeListAgency="?" codeListName="?" codeListVersion="?">?</naa:CountryCode>
                              <!--Optional:-->
                              <naa:Extension LanguageIdentifier="?" LanguageLocaleIdentifier="?">?</naa:Extension>
                              <naa:Number identificationSchemeName="?" identificationSchemeURI="?" identificationSchemeVersion="?" identificationSchemeAgency="?">?</naa:Number>
                              <naa:Type codeName="?" codeListURI="?" codeListAgency="?" codeListName="?" codeListVersion="?">?</naa:Type>
                           </naa:Telephone>
                        </naa:Person>
                        <naa:Identification identificationSchemeName="?" identificationSchemeURI="?" identificationSchemeVersion="?" identificationSchemeAgency="?">?</naa:Identification>
                        <!--Optional:-->
                        <naa:Language codeName="?" codeListURI="?" codeListAgency="?" codeListName="?" codeListVersion="?">?</naa:Language>
                        <naa:Name LanguageIdentifier="?" LanguageLocaleIdentifier="?">?</naa:Name>
                        <!--Optional:-->
                        <naa:Type LanguageIdentifier="?" LanguageLocaleIdentifier="?">?</naa:Type>
                     </da:Party>
                     <!--Optional:-->
                     <da:Type codeName="?" codeListURI="?" codeListAgency="?" codeListName="?" codeListVersion="?">?</da:Type>
                  </da:ReportingPartyRole>
                  <da:ResponsiblePartyRole ref="?">
                     <!--Optional:-->
                     <da:DateTime Format="?">?</da:DateTime>
                     <!--1 or more repetitions:-->
                     <da:Party ref="?">
                        <!--Optional:-->
                        <naa:AccessRights codeName="?" codeListURI="?" codeListAgency="?" codeListName="?" codeListVersion="?">?</naa:AccessRights>
                        <!--Optional:-->
                        <naa:Description LanguageIdentifier="?" LanguageLocaleIdentifier="?">?</naa:Description>
                        <!--You have a CHOICE of the next 2 items at this level-->
                        <!--Optional:-->
                        <naa:Organisation ref="?">
                           <!--Zero or more repetitions:-->
                           <naa:Contact ref="?">
                              <!--Optional:-->
                              <naa:DepartmentName LanguageIdentifier="?" LanguageLocaleIdentifier="?">?</naa:DepartmentName>
                              <!--Optional:-->
                              <naa:Description LanguageIdentifier="?" LanguageLocaleIdentifier="?">?</naa:Description>
                              <naa:Identification identificationSchemeName="?" identificationSchemeURI="?" identificationSchemeVersion="?" identificationSchemeAgency="?">?</naa:Identification>
                              <!--Zero or more repetitions:-->
                              <naa:Internet ref="?">
                                 <naa:Type codeName="?" codeListURI="?" codeListAgency="?" codeListName="?" codeListVersion="?">?</naa:Type>
                                 <naa:URI>?</naa:URI>
                              </naa:Internet>
                              <!--Optional:-->
                              <naa:IsPrimary Format="?">?</naa:IsPrimary>
                              <!--Optional:-->
                              <naa:JobTitle LanguageIdentifier="?" LanguageLocaleIdentifier="?">?</naa:JobTitle>
                              <!--Optional:-->
                              <naa:PersonName ref="?">
                                 <naa:Classification codeName="?" codeListURI="?" codeListAgency="?" codeListName="?" codeListVersion="?">?</naa:Classification>
                                 <!--Optional:-->
                                 <naa:FamilyName LanguageIdentifier="?" LanguageLocaleIdentifier="?">?</naa:FamilyName>
                                 <!--Optional:-->
                                 <naa:FamilyNamePrefix LanguageIdentifier="?" LanguageLocaleIdentifier="?">?</naa:FamilyNamePrefix>
                                 <!--Optional:-->
                                 <naa:GivenName LanguageIdentifier="?" LanguageLocaleIdentifier="?">?</naa:GivenName>
                                 <!--Optional:-->
                                 <naa:MiddleName LanguageIdentifier="?" LanguageLocaleIdentifier="?">?</naa:MiddleName>
                                 <!--Optional:-->
                                 <naa:Name LanguageIdentifier="?" LanguageLocaleIdentifier="?">?</naa:Name>
                                 <!--Optional:-->
                                 <naa:NameSuffix codeName="?" codeListURI="?" codeListAgency="?" codeListName="?" codeListVersion="?">?</naa:NameSuffix>
                                 <!--Optional:-->
                                 <naa:Salutation LanguageIdentifier="?" LanguageLocaleIdentifier="?">?</naa:Salutation>
                                 <!--Optional:-->
                                 <naa:Title codeName="?" codeListURI="?" codeListAgency="?" codeListName="?" codeListVersion="?">?</naa:Title>
                                 <!--Optional:-->
                                 <naa:ValidityPeriod ref="?">
                                    <!--Optional:-->
                                    <naa:Complete Format="?">?</naa:Complete>
                                    <!--Optional:-->
                                    <naa:Description LanguageIdentifier="?" LanguageLocaleIdentifier="?">?</naa:Description>
                                    <!--Optional:-->
                                    <naa:Duration UnitCode="?">?</naa:Duration>
                                    <!--Optional:-->
                                    <naa:End Format="?">?</naa:End>
                                    <naa:Identification identificationSchemeName="?" identificationSchemeURI="?" identificationSchemeVersion="?" identificationSchemeAgency="?">?</naa:Identification>
                                    <!--Optional:-->
                                    <naa:Inclusive Format="?">?</naa:Inclusive>
                                    <!--Optional:-->
                                    <naa:Name LanguageIdentifier="?" LanguageLocaleIdentifier="?">?</naa:Name>
                                    <!--Optional:-->
                                    <naa:Sequence identificationSchemeName="?" identificationSchemeURI="?" identificationSchemeVersion="?" identificationSchemeAgency="?">?</naa:Sequence>
                                    <naa:Start Format="?">?</naa:Start>
                                 </naa:ValidityPeriod>
                              </naa:PersonName>
                              <!--Optional:-->
                              <naa:Responsibility LanguageIdentifier="?" LanguageLocaleIdentifier="?">?</naa:Responsibility>
                              <!--Zero or more repetitions:-->
                              <naa:Telephone ref="?">
                                 <!--Optional:-->
                                 <naa:AreaCode codeName="?" codeListURI="?" codeListAgency="?" codeListName="?" codeListVersion="?">?</naa:AreaCode>
                                 <!--Optional:-->
                                 <naa:CountryCode codeName="?" codeListURI="?" codeListAgency="?" codeListName="?" codeListVersion="?">?</naa:CountryCode>
                                 <!--Optional:-->
                                 <naa:Extension LanguageIdentifier="?" LanguageLocaleIdentifier="?">?</naa:Extension>
                                 <naa:Number identificationSchemeName="?" identificationSchemeURI="?" identificationSchemeVersion="?" identificationSchemeAgency="?">?</naa:Number>
                                 <naa:Type codeName="?" codeListURI="?" codeListAgency="?" codeListName="?" codeListVersion="?">?</naa:Type>
                              </naa:Telephone>
                              <!--Optional:-->
                              <naa:Type codeName="?" codeListURI="?" codeListAgency="?" codeListName="?" codeListVersion="?">?</naa:Type>
                           </naa:Contact>
                           <!--Optional:-->
                           <naa:Description LanguageIdentifier="?" LanguageLocaleIdentifier="?">?</naa:Description>
                           <naa:Identification identificationSchemeName="?" identificationSchemeURI="?" identificationSchemeVersion="?" identificationSchemeAgency="?">?</naa:Identification>
                           <!--Optional:-->
                           <naa:IndustryClassification codeName="?" codeListURI="?" codeListAgency="?" codeListName="?" codeListVersion="?">?</naa:IndustryClassification>
                           <!--Zero or more repetitions:-->
                           <naa:Internet ref="?">
                              <naa:Type codeName="?" codeListURI="?" codeListAgency="?" codeListName="?" codeListVersion="?">?</naa:Type>
                              <naa:URI>?</naa:URI>
                           </naa:Internet>
                           <!--Optional:-->
                           <naa:IsActive Format="?">?</naa:IsActive>
                           <!--Optional:-->
                           <naa:LegalClassification codeName="?" codeListURI="?" codeListAgency="?" codeListName="?" codeListVersion="?">?</naa:LegalClassification>
                           <!--Zero or more repetitions:-->
                           <naa:Organisation/>
                           <!--1 or more repetitions:-->
                           <naa:OrganisationName ref="?">
                              <naa:Classification codeName="?" codeListURI="?" codeListAgency="?" codeListName="?" codeListVersion="?">?</naa:Classification>
                              <naa:Name LanguageIdentifier="?" LanguageLocaleIdentifier="?">?</naa:Name>
                              <!--Optional:-->
                              <naa:ValidityPeriod ref="?">
                                 <!--Optional:-->
                                 <naa:Complete Format="?">?</naa:Complete>
                                 <!--Optional:-->
                                 <naa:Description LanguageIdentifier="?" LanguageLocaleIdentifier="?">?</naa:Description>
                                 <!--Optional:-->
                                 <naa:Duration UnitCode="?">?</naa:Duration>
                                 <!--Optional:-->
                                 <naa:End Format="?">?</naa:End>
                                 <naa:Identification identificationSchemeName="?" identificationSchemeURI="?" identificationSchemeVersion="?" identificationSchemeAgency="?">?</naa:Identification>
                                 <!--Optional:-->
                                 <naa:Inclusive Format="?">?</naa:Inclusive>
                                 <!--Optional:-->
                                 <naa:Name LanguageIdentifier="?" LanguageLocaleIdentifier="?">?</naa:Name>
                                 <!--Optional:-->
                                 <naa:Sequence identificationSchemeName="?" identificationSchemeURI="?" identificationSchemeVersion="?" identificationSchemeAgency="?">?</naa:Sequence>
                                 <naa:Start Format="?">?</naa:Start>
                              </naa:ValidityPeriod>
                           </naa:OrganisationName>
                           <!--Zero or more repetitions:-->
                           <naa:PhysicalAddress ref="?">
                              <!--Zero or more repetitions:-->
                              <naa:Address/>
                              <!--Optional:-->
                              <naa:BlockName LanguageIdentifier="?" LanguageLocaleIdentifier="?">?</naa:BlockName>
                              <!--Optional:-->
                              <naa:BuildingName LanguageIdentifier="?" LanguageLocaleIdentifier="?">?</naa:BuildingName>
                              <!--Optional:-->
                              <naa:BuildingNumber LanguageIdentifier="?" LanguageLocaleIdentifier="?">?</naa:BuildingNumber>
                              <!--Optional:-->
                              <naa:CityName LanguageIdentifier="?" LanguageLocaleIdentifier="?">?</naa:CityName>
                              <!--Optional:-->
                              <naa:Code codeName="?" codeListURI="?" codeListAgency="?" codeListName="?" codeListVersion="?">?</naa:Code>
                              <!--Optional:-->
                              <naa:CountryName codeName="?" codeListURI="?" codeListAgency="?" codeListName="?" codeListVersion="?">?</naa:CountryName>
                              <!--Optional:-->
                              <naa:CountrySubDivision codeName="?" codeListURI="?" codeListAgency="?" codeListName="?" codeListVersion="?">?</naa:CountrySubDivision>
                              <!--Zero or more repetitions:-->
                              <naa:Geocode ref="?">
                                 <!--Optional:-->
                                 <naa:AltimetricSystem codeName="?" codeListURI="?" codeListAgency="?" codeListName="?" codeListVersion="?">?</naa:AltimetricSystem>
                                 <!--Optional:-->
                                 <naa:Altitude Format="?">?</naa:Altitude>
                                 <naa:Identification identificationSchemeName="?" identificationSchemeURI="?" identificationSchemeVersion="?" identificationSchemeAgency="?">?</naa:Identification>
                                 <naa:Latitude Format="?">?</naa:Latitude>
                                 <!--Optional:-->
                                 <naa:LatitudeDirection codeName="?" codeListURI="?" codeListAgency="?" codeListName="?" codeListVersion="?">?</naa:LatitudeDirection>
                                 <naa:Longitude Format="?">?</naa:Longitude>
                                 <!--Optional:-->
                                 <naa:LongitudeDirection codeName="?" codeListURI="?" codeListAgency="?" codeListName="?" codeListVersion="?">?</naa:LongitudeDirection>
                                 <!--Optional:-->
                                 <naa:System codeName="?" codeListURI="?" codeListAgency="?" codeListName="?" codeListVersion="?">?</naa:System>
                              </naa:Geocode>
                              <naa:Identification identificationSchemeName="?" identificationSchemeURI="?" identificationSchemeVersion="?" identificationSchemeAgency="?">?</naa:Identification>
                              <!--Optional:-->
                              <naa:LineFive LanguageIdentifier="?" LanguageLocaleIdentifier="?">?</naa:LineFive>
                              <!--Optional:-->
                              <naa:LineFour LanguageIdentifier="?" LanguageLocaleIdentifier="?">?</naa:LineFour>
                              <!--Optional:-->
                              <naa:LineOne LanguageIdentifier="?" LanguageLocaleIdentifier="?">?</naa:LineOne>
                              <!--Optional:-->
                              <naa:LineSix LanguageIdentifier="?" LanguageLocaleIdentifier="?">?</naa:LineSix>
                              <!--Optional:-->
                              <naa:LineThree LanguageIdentifier="?" LanguageLocaleIdentifier="?">?</naa:LineThree>
                              <!--Optional:-->
                              <naa:LineTwo LanguageIdentifier="?" LanguageLocaleIdentifier="?">?</naa:LineTwo>
                              <!--Optional:-->
                              <naa:PostOfficeBox LanguageIdentifier="?" LanguageLocaleIdentifier="?">?</naa:PostOfficeBox>
                              <!--Optional:-->
                              <naa:Postcode LanguageIdentifier="?" LanguageLocaleIdentifier="?">?</naa:Postcode>
                              <!--Optional:-->
                              <naa:StreetName LanguageIdentifier="?" LanguageLocaleIdentifier="?">?</naa:StreetName>
                              <!--Optional:-->
                              <naa:StreetSuffix codeName="?" codeListURI="?" codeListAgency="?" codeListName="?" codeListVersion="?">?</naa:StreetSuffix>
                              <!--Optional:-->
                              <naa:StreetType codeName="?" codeListURI="?" codeListAgency="?" codeListName="?" codeListVersion="?">?</naa:StreetType>
                              <!--Optional:-->
                              <naa:Usage codeName="?" codeListURI="?" codeListAgency="?" codeListName="?" codeListVersion="?">?</naa:Usage>
                              <!--Optional:-->
                              <naa:UsagePeriod ref="?">
                                 <!--Optional:-->
                                 <naa:Complete Format="?">?</naa:Complete>
                                 <!--Optional:-->
                                 <naa:Description LanguageIdentifier="?" LanguageLocaleIdentifier="?">?</naa:Description>
                                 <!--Optional:-->
                                 <naa:Duration UnitCode="?">?</naa:Duration>
                                 <!--Optional:-->
                                 <naa:End Format="?">?</naa:End>
                                 <naa:Identification identificationSchemeName="?" identificationSchemeURI="?" identificationSchemeVersion="?" identificationSchemeAgency="?">?</naa:Identification>
                                 <!--Optional:-->
                                 <naa:Inclusive Format="?">?</naa:Inclusive>
                                 <!--Optional:-->
                                 <naa:Name LanguageIdentifier="?" LanguageLocaleIdentifier="?">?</naa:Name>
                                 <!--Optional:-->
                                 <naa:Sequence identificationSchemeName="?" identificationSchemeURI="?" identificationSchemeVersion="?" identificationSchemeAgency="?">?</naa:Sequence>
                                 <naa:Start Format="?">?</naa:Start>
                              </naa:UsagePeriod>
                           </naa:PhysicalAddress>
                           <!--Zero or more repetitions:-->
                           <naa:PostalAddress ref="?">
                              <!--Zero or more repetitions:-->
                              <naa:Address/>
                              <!--Optional:-->
                              <naa:BlockName LanguageIdentifier="?" LanguageLocaleIdentifier="?">?</naa:BlockName>
                              <!--Optional:-->
                              <naa:BuildingName LanguageIdentifier="?" LanguageLocaleIdentifier="?">?</naa:BuildingName>
                              <!--Optional:-->
                              <naa:BuildingNumber LanguageIdentifier="?" LanguageLocaleIdentifier="?">?</naa:BuildingNumber>
                              <!--Optional:-->
                              <naa:CityName LanguageIdentifier="?" LanguageLocaleIdentifier="?">?</naa:CityName>
                              <!--Optional:-->
                              <naa:Code codeName="?" codeListURI="?" codeListAgency="?" codeListName="?" codeListVersion="?">?</naa:Code>
                              <!--Optional:-->
                              <naa:CountryName codeName="?" codeListURI="?" codeListAgency="?" codeListName="?" codeListVersion="?">?</naa:CountryName>
                              <!--Optional:-->
                              <naa:CountrySubDivision codeName="?" codeListURI="?" codeListAgency="?" codeListName="?" codeListVersion="?">?</naa:CountrySubDivision>
                              <!--Zero or more repetitions:-->
                              <naa:Geocode ref="?">
                                 <!--Optional:-->
                                 <naa:AltimetricSystem codeName="?" codeListURI="?" codeListAgency="?" codeListName="?" codeListVersion="?">?</naa:AltimetricSystem>
                                 <!--Optional:-->
                                 <naa:Altitude Format="?">?</naa:Altitude>
                                 <naa:Identification identificationSchemeName="?" identificationSchemeURI="?" identificationSchemeVersion="?" identificationSchemeAgency="?">?</naa:Identification>
                                 <naa:Latitude Format="?">?</naa:Latitude>
                                 <!--Optional:-->
                                 <naa:LatitudeDirection codeName="?" codeListURI="?" codeListAgency="?" codeListName="?" codeListVersion="?">?</naa:LatitudeDirection>
                                 <naa:Longitude Format="?">?</naa:Longitude>
                                 <!--Optional:-->
                                 <naa:LongitudeDirection codeName="?" codeListURI="?" codeListAgency="?" codeListName="?" codeListVersion="?">?</naa:LongitudeDirection>
                                 <!--Optional:-->
                                 <naa:System codeName="?" codeListURI="?" codeListAgency="?" codeListName="?" codeListVersion="?">?</naa:System>
                              </naa:Geocode>
                              <naa:Identification identificationSchemeName="?" identificationSchemeURI="?" identificationSchemeVersion="?" identificationSchemeAgency="?">?</naa:Identification>
                              <!--Optional:-->
                              <naa:LineFive LanguageIdentifier="?" LanguageLocaleIdentifier="?">?</naa:LineFive>
                              <!--Optional:-->
                              <naa:LineFour LanguageIdentifier="?" LanguageLocaleIdentifier="?">?</naa:LineFour>
                              <!--Optional:-->
                              <naa:LineOne LanguageIdentifier="?" LanguageLocaleIdentifier="?">?</naa:LineOne>
                              <!--Optional:-->
                              <naa:LineSix LanguageIdentifier="?" LanguageLocaleIdentifier="?">?</naa:LineSix>
                              <!--Optional:-->
                              <naa:LineThree LanguageIdentifier="?" LanguageLocaleIdentifier="?">?</naa:LineThree>
                              <!--Optional:-->
                              <naa:LineTwo LanguageIdentifier="?" LanguageLocaleIdentifier="?">?</naa:LineTwo>
                              <!--Optional:-->
                              <naa:PostOfficeBox LanguageIdentifier="?" LanguageLocaleIdentifier="?">?</naa:PostOfficeBox>
                              <!--Optional:-->
                              <naa:Postcode LanguageIdentifier="?" LanguageLocaleIdentifier="?">?</naa:Postcode>
                              <!--Optional:-->
                              <naa:StreetName LanguageIdentifier="?" LanguageLocaleIdentifier="?">?</naa:StreetName>
                              <!--Optional:-->
                              <naa:StreetSuffix codeName="?" codeListURI="?" codeListAgency="?" codeListName="?" codeListVersion="?">?</naa:StreetSuffix>
                              <!--Optional:-->
                              <naa:StreetType codeName="?" codeListURI="?" codeListAgency="?" codeListName="?" codeListVersion="?">?</naa:StreetType>
                              <!--Optional:-->
                              <naa:Usage codeName="?" codeListURI="?" codeListAgency="?" codeListName="?" codeListVersion="?">?</naa:Usage>
                              <!--Optional:-->
                              <naa:UsagePeriod ref="?">
                                 <!--Optional:-->
                                 <naa:Complete Format="?">?</naa:Complete>
                                 <!--Optional:-->
                                 <naa:Description LanguageIdentifier="?" LanguageLocaleIdentifier="?">?</naa:Description>
                                 <!--Optional:-->
                                 <naa:Duration UnitCode="?">?</naa:Duration>
                                 <!--Optional:-->
                                 <naa:End Format="?">?</naa:End>
                                 <naa:Identification identificationSchemeName="?" identificationSchemeURI="?" identificationSchemeVersion="?" identificationSchemeAgency="?">?</naa:Identification>
                                 <!--Optional:-->
                                 <naa:Inclusive Format="?">?</naa:Inclusive>
                                 <!--Optional:-->
                                 <naa:Name LanguageIdentifier="?" LanguageLocaleIdentifier="?">?</naa:Name>
                                 <!--Optional:-->
                                 <naa:Sequence identificationSchemeName="?" identificationSchemeURI="?" identificationSchemeVersion="?" identificationSchemeAgency="?">?</naa:Sequence>
                                 <naa:Start Format="?">?</naa:Start>
                              </naa:UsagePeriod>
                           </naa:PostalAddress>
                           <!--Zero or more repetitions:-->
                           <naa:Registration ref="?">
                              <!--Optional:-->
                              <naa:Category codeName="?" codeListURI="?" codeListAgency="?" codeListName="?" codeListVersion="?">?</naa:Category>
                              <!--Optional:-->
                              <naa:Country codeName="?" codeListURI="?" codeListAgency="?" codeListName="?" codeListVersion="?">?</naa:Country>
                              <naa:Identification identificationSchemeName="?" identificationSchemeURI="?" identificationSchemeVersion="?" identificationSchemeAgency="?">?</naa:Identification>
                              <!--Optional:-->
                              <naa:Licence identificationSchemeName="?" identificationSchemeURI="?" identificationSchemeVersion="?" identificationSchemeAgency="?">?</naa:Licence>
                              <!--Optional:-->
                              <naa:Recorded Format="?">?</naa:Recorded>
                              <!--Optional:-->
                              <naa:Type codeName="?" codeListURI="?" codeListAgency="?" codeListName="?" codeListVersion="?">?</naa:Type>
                              <!--Optional:-->
                              <naa:ValidityPeriod ref="?">
                                 <!--Optional:-->
                                 <naa:Complete Format="?">?</naa:Complete>
                                 <!--Optional:-->
                                 <naa:Description LanguageIdentifier="?" LanguageLocaleIdentifier="?">?</naa:Description>
                                 <!--Optional:-->
                                 <naa:Duration UnitCode="?">?</naa:Duration>
                                 <!--Optional:-->
                                 <naa:End Format="?">?</naa:End>
                                 <naa:Identification identificationSchemeName="?" identificationSchemeURI="?" identificationSchemeVersion="?" identificationSchemeAgency="?">?</naa:Identification>
                                 <!--Optional:-->
                                 <naa:Inclusive Format="?">?</naa:Inclusive>
                                 <!--Optional:-->
                                 <naa:Name LanguageIdentifier="?" LanguageLocaleIdentifier="?">?</naa:Name>
                                 <!--Optional:-->
                                 <naa:Sequence identificationSchemeName="?" identificationSchemeURI="?" identificationSchemeVersion="?" identificationSchemeAgency="?">?</naa:Sequence>
                                 <naa:Start Format="?">?</naa:Start>
                              </naa:ValidityPeriod>
                           </naa:Registration>
                           <!--Zero or more repetitions:-->
                           <naa:Status ref="?">
                              <naa:Code codeName="?" codeListURI="?" codeListAgency="?" codeListName="?" codeListVersion="?">?</naa:Code>
                              <!--Optional:-->
                              <naa:Description LanguageIdentifier="?" LanguageLocaleIdentifier="?">?</naa:Description>
                              <!--Optional:-->
                              <naa:ValidityPeriod ref="?">
                                 <!--Optional:-->
                                 <naa:Complete Format="?">?</naa:Complete>
                                 <!--Optional:-->
                                 <naa:Description LanguageIdentifier="?" LanguageLocaleIdentifier="?">?</naa:Description>
                                 <!--Optional:-->
                                 <naa:Duration UnitCode="?">?</naa:Duration>
                                 <!--Optional:-->
                                 <naa:End Format="?">?</naa:End>
                                 <naa:Identification identificationSchemeName="?" identificationSchemeURI="?" identificationSchemeVersion="?" identificationSchemeAgency="?">?</naa:Identification>
                                 <!--Optional:-->
                                 <naa:Inclusive Format="?">?</naa:Inclusive>
                                 <!--Optional:-->
                                 <naa:Name LanguageIdentifier="?" LanguageLocaleIdentifier="?">?</naa:Name>
                                 <!--Optional:-->
                                 <naa:Sequence identificationSchemeName="?" identificationSchemeURI="?" identificationSchemeVersion="?" identificationSchemeAgency="?">?</naa:Sequence>
                                 <naa:Start Format="?">?</naa:Start>
                              </naa:ValidityPeriod>
                           </naa:Status>
                           <!--Zero or more repetitions:-->
                           <naa:Telephone ref="?">
                              <!--Optional:-->
                              <naa:AreaCode codeName="?" codeListURI="?" codeListAgency="?" codeListName="?" codeListVersion="?">?</naa:AreaCode>
                              <!--Optional:-->
                              <naa:CountryCode codeName="?" codeListURI="?" codeListAgency="?" codeListName="?" codeListVersion="?">?</naa:CountryCode>
                              <!--Optional:-->
                              <naa:Extension LanguageIdentifier="?" LanguageLocaleIdentifier="?">?</naa:Extension>
                              <naa:Number identificationSchemeName="?" identificationSchemeURI="?" identificationSchemeVersion="?" identificationSchemeAgency="?">?</naa:Number>
                              <naa:Type codeName="?" codeListURI="?" codeListAgency="?" codeListName="?" codeListVersion="?">?</naa:Type>
                           </naa:Telephone>
                           <!--Optional:-->
                           <naa:Type codeName="?" codeListURI="?" codeListAgency="?" codeListName="?" codeListVersion="?">?</naa:Type>
                        </naa:Organisation>
                        <!--Optional:-->
                        <naa:Person ref="?">
                           <!--Optional:-->
                           <naa:Description LanguageIdentifier="?" LanguageLocaleIdentifier="?">?</naa:Description>
                           <naa:Identification identificationSchemeName="?" identificationSchemeURI="?" identificationSchemeVersion="?" identificationSchemeAgency="?">?</naa:Identification>
                           <!--Zero or more repetitions:-->
                           <naa:Internet ref="?">
                              <naa:Type codeName="?" codeListURI="?" codeListAgency="?" codeListName="?" codeListVersion="?">?</naa:Type>
                              <naa:URI>?</naa:URI>
                           </naa:Internet>
                           <!--1 or more repetitions:-->
                           <naa:PersonName ref="?">
                              <naa:Classification codeName="?" codeListURI="?" codeListAgency="?" codeListName="?" codeListVersion="?">?</naa:Classification>
                              <!--Optional:-->
                              <naa:FamilyName LanguageIdentifier="?" LanguageLocaleIdentifier="?">?</naa:FamilyName>
                              <!--Optional:-->
                              <naa:FamilyNamePrefix LanguageIdentifier="?" LanguageLocaleIdentifier="?">?</naa:FamilyNamePrefix>
                              <!--Optional:-->
                              <naa:GivenName LanguageIdentifier="?" LanguageLocaleIdentifier="?">?</naa:GivenName>
                              <!--Optional:-->
                              <naa:MiddleName LanguageIdentifier="?" LanguageLocaleIdentifier="?">?</naa:MiddleName>
                              <!--Optional:-->
                              <naa:Name LanguageIdentifier="?" LanguageLocaleIdentifier="?">?</naa:Name>
                              <!--Optional:-->
                              <naa:NameSuffix codeName="?" codeListURI="?" codeListAgency="?" codeListName="?" codeListVersion="?">?</naa:NameSuffix>
                              <!--Optional:-->
                              <naa:Salutation LanguageIdentifier="?" LanguageLocaleIdentifier="?">?</naa:Salutation>
                              <!--Optional:-->
                              <naa:Title codeName="?" codeListURI="?" codeListAgency="?" codeListName="?" codeListVersion="?">?</naa:Title>
                              <!--Optional:-->
                              <naa:ValidityPeriod ref="?">
                                 <!--Optional:-->
                                 <naa:Complete Format="?">?</naa:Complete>
                                 <!--Optional:-->
                                 <naa:Description LanguageIdentifier="?" LanguageLocaleIdentifier="?">?</naa:Description>
                                 <!--Optional:-->
                                 <naa:Duration UnitCode="?">?</naa:Duration>
                                 <!--Optional:-->
                                 <naa:End Format="?">?</naa:End>
                                 <naa:Identification identificationSchemeName="?" identificationSchemeURI="?" identificationSchemeVersion="?" identificationSchemeAgency="?">?</naa:Identification>
                                 <!--Optional:-->
                                 <naa:Inclusive Format="?">?</naa:Inclusive>
                                 <!--Optional:-->
                                 <naa:Name LanguageIdentifier="?" LanguageLocaleIdentifier="?">?</naa:Name>
                                 <!--Optional:-->
                                 <naa:Sequence identificationSchemeName="?" identificationSchemeURI="?" identificationSchemeVersion="?" identificationSchemeAgency="?">?</naa:Sequence>
                                 <naa:Start Format="?">?</naa:Start>
                              </naa:ValidityPeriod>
                           </naa:PersonName>
                           <!--Zero or more repetitions:-->
                           <naa:PostalAddress ref="?">
                              <!--Zero or more repetitions:-->
                              <naa:Address/>
                              <!--Optional:-->
                              <naa:BlockName LanguageIdentifier="?" LanguageLocaleIdentifier="?">?</naa:BlockName>
                              <!--Optional:-->
                              <naa:BuildingName LanguageIdentifier="?" LanguageLocaleIdentifier="?">?</naa:BuildingName>
                              <!--Optional:-->
                              <naa:BuildingNumber LanguageIdentifier="?" LanguageLocaleIdentifier="?">?</naa:BuildingNumber>
                              <!--Optional:-->
                              <naa:CityName LanguageIdentifier="?" LanguageLocaleIdentifier="?">?</naa:CityName>
                              <!--Optional:-->
                              <naa:Code codeName="?" codeListURI="?" codeListAgency="?" codeListName="?" codeListVersion="?">?</naa:Code>
                              <!--Optional:-->
                              <naa:CountryName codeName="?" codeListURI="?" codeListAgency="?" codeListName="?" codeListVersion="?">?</naa:CountryName>
                              <!--Optional:-->
                              <naa:CountrySubDivision codeName="?" codeListURI="?" codeListAgency="?" codeListName="?" codeListVersion="?">?</naa:CountrySubDivision>
                              <!--Zero or more repetitions:-->
                              <naa:Geocode ref="?">
                                 <!--Optional:-->
                                 <naa:AltimetricSystem codeName="?" codeListURI="?" codeListAgency="?" codeListName="?" codeListVersion="?">?</naa:AltimetricSystem>
                                 <!--Optional:-->
                                 <naa:Altitude Format="?">?</naa:Altitude>
                                 <naa:Identification identificationSchemeName="?" identificationSchemeURI="?" identificationSchemeVersion="?" identificationSchemeAgency="?">?</naa:Identification>
                                 <naa:Latitude Format="?">?</naa:Latitude>
                                 <!--Optional:-->
                                 <naa:LatitudeDirection codeName="?" codeListURI="?" codeListAgency="?" codeListName="?" codeListVersion="?">?</naa:LatitudeDirection>
                                 <naa:Longitude Format="?">?</naa:Longitude>
                                 <!--Optional:-->
                                 <naa:LongitudeDirection codeName="?" codeListURI="?" codeListAgency="?" codeListName="?" codeListVersion="?">?</naa:LongitudeDirection>
                                 <!--Optional:-->
                                 <naa:System codeName="?" codeListURI="?" codeListAgency="?" codeListName="?" codeListVersion="?">?</naa:System>
                              </naa:Geocode>
                              <naa:Identification identificationSchemeName="?" identificationSchemeURI="?" identificationSchemeVersion="?" identificationSchemeAgency="?">?</naa:Identification>
                              <!--Optional:-->
                              <naa:LineFive LanguageIdentifier="?" LanguageLocaleIdentifier="?">?</naa:LineFive>
                              <!--Optional:-->
                              <naa:LineFour LanguageIdentifier="?" LanguageLocaleIdentifier="?">?</naa:LineFour>
                              <!--Optional:-->
                              <naa:LineOne LanguageIdentifier="?" LanguageLocaleIdentifier="?">?</naa:LineOne>
                              <!--Optional:-->
                              <naa:LineSix LanguageIdentifier="?" LanguageLocaleIdentifier="?">?</naa:LineSix>
                              <!--Optional:-->
                              <naa:LineThree LanguageIdentifier="?" LanguageLocaleIdentifier="?">?</naa:LineThree>
                              <!--Optional:-->
                              <naa:LineTwo LanguageIdentifier="?" LanguageLocaleIdentifier="?">?</naa:LineTwo>
                              <!--Optional:-->
                              <naa:PostOfficeBox LanguageIdentifier="?" LanguageLocaleIdentifier="?">?</naa:PostOfficeBox>
                              <!--Optional:-->
                              <naa:Postcode LanguageIdentifier="?" LanguageLocaleIdentifier="?">?</naa:Postcode>
                              <!--Optional:-->
                              <naa:StreetName LanguageIdentifier="?" LanguageLocaleIdentifier="?">?</naa:StreetName>
                              <!--Optional:-->
                              <naa:StreetSuffix codeName="?" codeListURI="?" codeListAgency="?" codeListName="?" codeListVersion="?">?</naa:StreetSuffix>
                              <!--Optional:-->
                              <naa:StreetType codeName="?" codeListURI="?" codeListAgency="?" codeListName="?" codeListVersion="?">?</naa:StreetType>
                              <!--Optional:-->
                              <naa:Usage codeName="?" codeListURI="?" codeListAgency="?" codeListName="?" codeListVersion="?">?</naa:Usage>
                              <!--Optional:-->
                              <naa:UsagePeriod ref="?">
                                 <!--Optional:-->
                                 <naa:Complete Format="?">?</naa:Complete>
                                 <!--Optional:-->
                                 <naa:Description LanguageIdentifier="?" LanguageLocaleIdentifier="?">?</naa:Description>
                                 <!--Optional:-->
                                 <naa:Duration UnitCode="?">?</naa:Duration>
                                 <!--Optional:-->
                                 <naa:End Format="?">?</naa:End>
                                 <naa:Identification identificationSchemeName="?" identificationSchemeURI="?" identificationSchemeVersion="?" identificationSchemeAgency="?">?</naa:Identification>
                                 <!--Optional:-->
                                 <naa:Inclusive Format="?">?</naa:Inclusive>
                                 <!--Optional:-->
                                 <naa:Name LanguageIdentifier="?" LanguageLocaleIdentifier="?">?</naa:Name>
                                 <!--Optional:-->
                                 <naa:Sequence identificationSchemeName="?" identificationSchemeURI="?" identificationSchemeVersion="?" identificationSchemeAgency="?">?</naa:Sequence>
                                 <naa:Start Format="?">?</naa:Start>
                              </naa:UsagePeriod>
                           </naa:PostalAddress>
                           <!--Zero or more repetitions:-->
                           <naa:Registration ref="?">
                              <!--Optional:-->
                              <naa:Category codeName="?" codeListURI="?" codeListAgency="?" codeListName="?" codeListVersion="?">?</naa:Category>
                              <!--Optional:-->
                              <naa:Country codeName="?" codeListURI="?" codeListAgency="?" codeListName="?" codeListVersion="?">?</naa:Country>
                              <naa:Identification identificationSchemeName="?" identificationSchemeURI="?" identificationSchemeVersion="?" identificationSchemeAgency="?">?</naa:Identification>
                              <!--Optional:-->
                              <naa:Licence identificationSchemeName="?" identificationSchemeURI="?" identificationSchemeVersion="?" identificationSchemeAgency="?">?</naa:Licence>
                              <!--Optional:-->
                              <naa:Recorded Format="?">?</naa:Recorded>
                              <!--Optional:-->
                              <naa:Type codeName="?" codeListURI="?" codeListAgency="?" codeListName="?" codeListVersion="?">?</naa:Type>
                              <!--Optional:-->
                              <naa:ValidityPeriod ref="?">
                                 <!--Optional:-->
                                 <naa:Complete Format="?">?</naa:Complete>
                                 <!--Optional:-->
                                 <naa:Description LanguageIdentifier="?" LanguageLocaleIdentifier="?">?</naa:Description>
                                 <!--Optional:-->
                                 <naa:Duration UnitCode="?">?</naa:Duration>
                                 <!--Optional:-->
                                 <naa:End Format="?">?</naa:End>
                                 <naa:Identification identificationSchemeName="?" identificationSchemeURI="?" identificationSchemeVersion="?" identificationSchemeAgency="?">?</naa:Identification>
                                 <!--Optional:-->
                                 <naa:Inclusive Format="?">?</naa:Inclusive>
                                 <!--Optional:-->
                                 <naa:Name LanguageIdentifier="?" LanguageLocaleIdentifier="?">?</naa:Name>
                                 <!--Optional:-->
                                 <naa:Sequence identificationSchemeName="?" identificationSchemeURI="?" identificationSchemeVersion="?" identificationSchemeAgency="?">?</naa:Sequence>
                                 <naa:Start Format="?">?</naa:Start>
                              </naa:ValidityPeriod>
                           </naa:Registration>
                           <!--Zero or more repetitions:-->
                           <naa:ResidentialAddress ref="?">
                              <!--Zero or more repetitions:-->
                              <naa:Address/>
                              <!--Optional:-->
                              <naa:BlockName LanguageIdentifier="?" LanguageLocaleIdentifier="?">?</naa:BlockName>
                              <!--Optional:-->
                              <naa:BuildingName LanguageIdentifier="?" LanguageLocaleIdentifier="?">?</naa:BuildingName>
                              <!--Optional:-->
                              <naa:BuildingNumber LanguageIdentifier="?" LanguageLocaleIdentifier="?">?</naa:BuildingNumber>
                              <!--Optional:-->
                              <naa:CityName LanguageIdentifier="?" LanguageLocaleIdentifier="?">?</naa:CityName>
                              <!--Optional:-->
                              <naa:Code codeName="?" codeListURI="?" codeListAgency="?" codeListName="?" codeListVersion="?">?</naa:Code>
                              <!--Optional:-->
                              <naa:CountryName codeName="?" codeListURI="?" codeListAgency="?" codeListName="?" codeListVersion="?">?</naa:CountryName>
                              <!--Optional:-->
                              <naa:CountrySubDivision codeName="?" codeListURI="?" codeListAgency="?" codeListName="?" codeListVersion="?">?</naa:CountrySubDivision>
                              <!--Zero or more repetitions:-->
                              <naa:Geocode ref="?">
                                 <!--Optional:-->
                                 <naa:AltimetricSystem codeName="?" codeListURI="?" codeListAgency="?" codeListName="?" codeListVersion="?">?</naa:AltimetricSystem>
                                 <!--Optional:-->
                                 <naa:Altitude Format="?">?</naa:Altitude>
                                 <naa:Identification identificationSchemeName="?" identificationSchemeURI="?" identificationSchemeVersion="?" identificationSchemeAgency="?">?</naa:Identification>
                                 <naa:Latitude Format="?">?</naa:Latitude>
                                 <!--Optional:-->
                                 <naa:LatitudeDirection codeName="?" codeListURI="?" codeListAgency="?" codeListName="?" codeListVersion="?">?</naa:LatitudeDirection>
                                 <naa:Longitude Format="?">?</naa:Longitude>
                                 <!--Optional:-->
                                 <naa:LongitudeDirection codeName="?" codeListURI="?" codeListAgency="?" codeListName="?" codeListVersion="?">?</naa:LongitudeDirection>
                                 <!--Optional:-->
                                 <naa:System codeName="?" codeListURI="?" codeListAgency="?" codeListName="?" codeListVersion="?">?</naa:System>
                              </naa:Geocode>
                              <naa:Identification identificationSchemeName="?" identificationSchemeURI="?" identificationSchemeVersion="?" identificationSchemeAgency="?">?</naa:Identification>
                              <!--Optional:-->
                              <naa:LineFive LanguageIdentifier="?" LanguageLocaleIdentifier="?">?</naa:LineFive>
                              <!--Optional:-->
                              <naa:LineFour LanguageIdentifier="?" LanguageLocaleIdentifier="?">?</naa:LineFour>
                              <!--Optional:-->
                              <naa:LineOne LanguageIdentifier="?" LanguageLocaleIdentifier="?">?</naa:LineOne>
                              <!--Optional:-->
                              <naa:LineSix LanguageIdentifier="?" LanguageLocaleIdentifier="?">?</naa:LineSix>
                              <!--Optional:-->
                              <naa:LineThree LanguageIdentifier="?" LanguageLocaleIdentifier="?">?</naa:LineThree>
                              <!--Optional:-->
                              <naa:LineTwo LanguageIdentifier="?" LanguageLocaleIdentifier="?">?</naa:LineTwo>
                              <!--Optional:-->
                              <naa:PostOfficeBox LanguageIdentifier="?" LanguageLocaleIdentifier="?">?</naa:PostOfficeBox>
                              <!--Optional:-->
                              <naa:Postcode LanguageIdentifier="?" LanguageLocaleIdentifier="?">?</naa:Postcode>
                              <!--Optional:-->
                              <naa:StreetName LanguageIdentifier="?" LanguageLocaleIdentifier="?">?</naa:StreetName>
                              <!--Optional:-->
                              <naa:StreetSuffix codeName="?" codeListURI="?" codeListAgency="?" codeListName="?" codeListVersion="?">?</naa:StreetSuffix>
                              <!--Optional:-->
                              <naa:StreetType codeName="?" codeListURI="?" codeListAgency="?" codeListName="?" codeListVersion="?">?</naa:StreetType>
                              <!--Optional:-->
                              <naa:Usage codeName="?" codeListURI="?" codeListAgency="?" codeListName="?" codeListVersion="?">?</naa:Usage>
                              <!--Optional:-->
                              <naa:UsagePeriod ref="?">
                                 <!--Optional:-->
                                 <naa:Complete Format="?">?</naa:Complete>
                                 <!--Optional:-->
                                 <naa:Description LanguageIdentifier="?" LanguageLocaleIdentifier="?">?</naa:Description>
                                 <!--Optional:-->
                                 <naa:Duration UnitCode="?">?</naa:Duration>
                                 <!--Optional:-->
                                 <naa:End Format="?">?</naa:End>
                                 <naa:Identification identificationSchemeName="?" identificationSchemeURI="?" identificationSchemeVersion="?" identificationSchemeAgency="?">?</naa:Identification>
                                 <!--Optional:-->
                                 <naa:Inclusive Format="?">?</naa:Inclusive>
                                 <!--Optional:-->
                                 <naa:Name LanguageIdentifier="?" LanguageLocaleIdentifier="?">?</naa:Name>
                                 <!--Optional:-->
                                 <naa:Sequence identificationSchemeName="?" identificationSchemeURI="?" identificationSchemeVersion="?" identificationSchemeAgency="?">?</naa:Sequence>
                                 <naa:Start Format="?">?</naa:Start>
                              </naa:UsagePeriod>
                           </naa:ResidentialAddress>
                           <!--Zero or more repetitions:-->
                           <naa:Status ref="?">
                              <naa:Code codeName="?" codeListURI="?" codeListAgency="?" codeListName="?" codeListVersion="?">?</naa:Code>
                              <!--Optional:-->
                              <naa:Description LanguageIdentifier="?" LanguageLocaleIdentifier="?">?</naa:Description>
                              <!--Optional:-->
                              <naa:ValidityPeriod ref="?">
                                 <!--Optional:-->
                                 <naa:Complete Format="?">?</naa:Complete>
                                 <!--Optional:-->
                                 <naa:Description LanguageIdentifier="?" LanguageLocaleIdentifier="?">?</naa:Description>
                                 <!--Optional:-->
                                 <naa:Duration UnitCode="?">?</naa:Duration>
                                 <!--Optional:-->
                                 <naa:End Format="?">?</naa:End>
                                 <naa:Identification identificationSchemeName="?" identificationSchemeURI="?" identificationSchemeVersion="?" identificationSchemeAgency="?">?</naa:Identification>
                                 <!--Optional:-->
                                 <naa:Inclusive Format="?">?</naa:Inclusive>
                                 <!--Optional:-->
                                 <naa:Name LanguageIdentifier="?" LanguageLocaleIdentifier="?">?</naa:Name>
                                 <!--Optional:-->
                                 <naa:Sequence identificationSchemeName="?" identificationSchemeURI="?" identificationSchemeVersion="?" identificationSchemeAgency="?">?</naa:Sequence>
                                 <naa:Start Format="?">?</naa:Start>
                              </naa:ValidityPeriod>
                           </naa:Status>
                           <!--Zero or more repetitions:-->
                           <naa:Telephone ref="?">
                              <!--Optional:-->
                              <naa:AreaCode codeName="?" codeListURI="?" codeListAgency="?" codeListName="?" codeListVersion="?">?</naa:AreaCode>
                              <!--Optional:-->
                              <naa:CountryCode codeName="?" codeListURI="?" codeListAgency="?" codeListName="?" codeListVersion="?">?</naa:CountryCode>
                              <!--Optional:-->
                              <naa:Extension LanguageIdentifier="?" LanguageLocaleIdentifier="?">?</naa:Extension>
                              <naa:Number identificationSchemeName="?" identificationSchemeURI="?" identificationSchemeVersion="?" identificationSchemeAgency="?">?</naa:Number>
                              <naa:Type codeName="?" codeListURI="?" codeListAgency="?" codeListName="?" codeListVersion="?">?</naa:Type>
                           </naa:Telephone>
                        </naa:Person>
                        <naa:Identification identificationSchemeName="?" identificationSchemeURI="?" identificationSchemeVersion="?" identificationSchemeAgency="?">?</naa:Identification>
                        <!--Optional:-->
                        <naa:Language codeName="?" codeListURI="?" codeListAgency="?" codeListName="?" codeListVersion="?">?</naa:Language>
                        <naa:Name LanguageIdentifier="?" LanguageLocaleIdentifier="?">?</naa:Name>
                        <!--Optional:-->
                        <naa:Type LanguageIdentifier="?" LanguageLocaleIdentifier="?">?</naa:Type>
                     </da:Party>
                     <!--Optional:-->
                     <da:Type codeName="?" codeListURI="?" codeListAgency="?" codeListName="?" codeListVersion="?">?</da:Type>
                  </da:ResponsiblePartyRole>
               </da:AssessmentIssue>
               <!--Zero or more repetitions:-->
               <da:Attachment ref="?">
                  <!--Zero or more repetitions:-->
                  <da:Contributor LanguageIdentifier="?" LanguageLocaleIdentifier="?">?</da:Contributor>
                  <!--Zero or more repetitions:-->
                  <da:Coverage LanguageIdentifier="?" LanguageLocaleIdentifier="?">?</da:Coverage>
                  <!--Zero or more repetitions:-->
                  <da:Creator LanguageIdentifier="?" LanguageLocaleIdentifier="?">?</da:Creator>
                  <!--Optional:-->
                  <da:Date Format="?">?</da:Date>
                  <!--Zero or more repetitions:-->
                  <da:Description LanguageIdentifier="?" LanguageLocaleIdentifier="?">?</da:Description>
                  <!--Optional:-->
                  <da:Format LanguageIdentifier="?" LanguageLocaleIdentifier="?">?</da:Format>
                  <da:Identification identificationSchemeName="?" identificationSchemeURI="?" identificationSchemeVersion="?" identificationSchemeAgency="?">?</da:Identification>
                  <!--Zero or more repetitions:-->
                  <da:Language LanguageIdentifier="?" LanguageLocaleIdentifier="?">?</da:Language>
                  <!--Zero or more repetitions:-->
                  <da:Publisher LanguageIdentifier="?" LanguageLocaleIdentifier="?">?</da:Publisher>
                  <!--Zero or more repetitions:-->
                  <da:Relation LanguageIdentifier="?" LanguageLocaleIdentifier="?">?</da:Relation>
                  <!--Zero or more repetitions:-->
                  <da:Rights LanguageIdentifier="?" LanguageLocaleIdentifier="?">?</da:Rights>
                  <!--Optional:-->
                  <da:Size UnitCode="?">?</da:Size>
                  <!--Zero or more repetitions:-->
                  <da:Source LanguageIdentifier="?" LanguageLocaleIdentifier="?">?</da:Source>
                  <!--Optional:-->
                  <da:Subject LanguageIdentifier="?" LanguageLocaleIdentifier="?">?</da:Subject>
                  <!--Optional:-->
                  <da:Title LanguageIdentifier="?" LanguageLocaleIdentifier="?">?</da:Title>
                  <!--Optional:-->
                  <da:Type LanguageIdentifier="?" LanguageLocaleIdentifier="?">?</da:Type>
                  <!--Optional:-->
                  <da:Version LanguageIdentifier="?" LanguageLocaleIdentifier="?">?</da:Version>
                  <!--You have a CHOICE of the next 2 items at this level-->
                  <!--Optional:-->
                  <da:Attachment Format="?" MimeCode="?" CharacterSetCode="?" EncodingCode="?" UniformResourceIdentifier="?" Filename="?">cid:480523375277</da:Attachment>
                  <!--Optional:-->
                  <da:URI>?</da:URI>
               </da:Attachment>
               <!--Optional:-->
               <da:ComplianceWithPlan LanguageIdentifier="?" LanguageLocaleIdentifier="?">?</da:ComplianceWithPlan>
               <!--Optional:-->
               <da:Effort LanguageIdentifier="?" LanguageLocaleIdentifier="?">?</da:Effort>
               <!--Zero or more repetitions:-->
               <da:PartyRole ref="?">
                  <!--Optional:-->
                  <da:DateTime Format="?">?</da:DateTime>
                  <!--1 or more repetitions:-->
                  <da:Party ref="?">
                     <!--Optional:-->
                     <naa:AccessRights codeName="?" codeListURI="?" codeListAgency="?" codeListName="?" codeListVersion="?">?</naa:AccessRights>
                     <!--Optional:-->
                     <naa:Description LanguageIdentifier="?" LanguageLocaleIdentifier="?">?</naa:Description>
                     <!--You have a CHOICE of the next 2 items at this level-->
                     <!--Optional:-->
                     <naa:Organisation ref="?">
                        <!--Zero or more repetitions:-->
                        <naa:Contact ref="?">
                           <!--Optional:-->
                           <naa:DepartmentName LanguageIdentifier="?" LanguageLocaleIdentifier="?">?</naa:DepartmentName>
                           <!--Optional:-->
                           <naa:Description LanguageIdentifier="?" LanguageLocaleIdentifier="?">?</naa:Description>
                           <naa:Identification identificationSchemeName="?" identificationSchemeURI="?" identificationSchemeVersion="?" identificationSchemeAgency="?">?</naa:Identification>
                           <!--Zero or more repetitions:-->
                           <naa:Internet ref="?">
                              <naa:Type codeName="?" codeListURI="?" codeListAgency="?" codeListName="?" codeListVersion="?">?</naa:Type>
                              <naa:URI>?</naa:URI>
                           </naa:Internet>
                           <!--Optional:-->
                           <naa:IsPrimary Format="?">?</naa:IsPrimary>
                           <!--Optional:-->
                           <naa:JobTitle LanguageIdentifier="?" LanguageLocaleIdentifier="?">?</naa:JobTitle>
                           <!--Optional:-->
                           <naa:PersonName ref="?">
                              <naa:Classification codeName="?" codeListURI="?" codeListAgency="?" codeListName="?" codeListVersion="?">?</naa:Classification>
                              <!--Optional:-->
                              <naa:FamilyName LanguageIdentifier="?" LanguageLocaleIdentifier="?">?</naa:FamilyName>
                              <!--Optional:-->
                              <naa:FamilyNamePrefix LanguageIdentifier="?" LanguageLocaleIdentifier="?">?</naa:FamilyNamePrefix>
                              <!--Optional:-->
                              <naa:GivenName LanguageIdentifier="?" LanguageLocaleIdentifier="?">?</naa:GivenName>
                              <!--Optional:-->
                              <naa:MiddleName LanguageIdentifier="?" LanguageLocaleIdentifier="?">?</naa:MiddleName>
                              <!--Optional:-->
                              <naa:Name LanguageIdentifier="?" LanguageLocaleIdentifier="?">?</naa:Name>
                              <!--Optional:-->
                              <naa:NameSuffix codeName="?" codeListURI="?" codeListAgency="?" codeListName="?" codeListVersion="?">?</naa:NameSuffix>
                              <!--Optional:-->
                              <naa:Salutation LanguageIdentifier="?" LanguageLocaleIdentifier="?">?</naa:Salutation>
                              <!--Optional:-->
                              <naa:Title codeName="?" codeListURI="?" codeListAgency="?" codeListName="?" codeListVersion="?">?</naa:Title>
                              <!--Optional:-->
                              <naa:ValidityPeriod ref="?">
                                 <!--Optional:-->
                                 <naa:Complete Format="?">?</naa:Complete>
                                 <!--Optional:-->
                                 <naa:Description LanguageIdentifier="?" LanguageLocaleIdentifier="?">?</naa:Description>
                                 <!--Optional:-->
                                 <naa:Duration UnitCode="?">?</naa:Duration>
                                 <!--Optional:-->
                                 <naa:End Format="?">?</naa:End>
                                 <naa:Identification identificationSchemeName="?" identificationSchemeURI="?" identificationSchemeVersion="?" identificationSchemeAgency="?">?</naa:Identification>
                                 <!--Optional:-->
                                 <naa:Inclusive Format="?">?</naa:Inclusive>
                                 <!--Optional:-->
                                 <naa:Name LanguageIdentifier="?" LanguageLocaleIdentifier="?">?</naa:Name>
                                 <!--Optional:-->
                                 <naa:Sequence identificationSchemeName="?" identificationSchemeURI="?" identificationSchemeVersion="?" identificationSchemeAgency="?">?</naa:Sequence>
                                 <naa:Start Format="?">?</naa:Start>
                              </naa:ValidityPeriod>
                           </naa:PersonName>
                           <!--Optional:-->
                           <naa:Responsibility LanguageIdentifier="?" LanguageLocaleIdentifier="?">?</naa:Responsibility>
                           <!--Zero or more repetitions:-->
                           <naa:Telephone ref="?">
                              <!--Optional:-->
                              <naa:AreaCode codeName="?" codeListURI="?" codeListAgency="?" codeListName="?" codeListVersion="?">?</naa:AreaCode>
                              <!--Optional:-->
                              <naa:CountryCode codeName="?" codeListURI="?" codeListAgency="?" codeListName="?" codeListVersion="?">?</naa:CountryCode>
                              <!--Optional:-->
                              <naa:Extension LanguageIdentifier="?" LanguageLocaleIdentifier="?">?</naa:Extension>
                              <naa:Number identificationSchemeName="?" identificationSchemeURI="?" identificationSchemeVersion="?" identificationSchemeAgency="?">?</naa:Number>
                              <naa:Type codeName="?" codeListURI="?" codeListAgency="?" codeListName="?" codeListVersion="?">?</naa:Type>
                           </naa:Telephone>
                           <!--Optional:-->
                           <naa:Type codeName="?" codeListURI="?" codeListAgency="?" codeListName="?" codeListVersion="?">?</naa:Type>
                        </naa:Contact>
                        <!--Optional:-->
                        <naa:Description LanguageIdentifier="?" LanguageLocaleIdentifier="?">?</naa:Description>
                        <naa:Identification identificationSchemeName="?" identificationSchemeURI="?" identificationSchemeVersion="?" identificationSchemeAgency="?">?</naa:Identification>
                        <!--Optional:-->
                        <naa:IndustryClassification codeName="?" codeListURI="?" codeListAgency="?" codeListName="?" codeListVersion="?">?</naa:IndustryClassification>
                        <!--Zero or more repetitions:-->
                        <naa:Internet ref="?">
                           <naa:Type codeName="?" codeListURI="?" codeListAgency="?" codeListName="?" codeListVersion="?">?</naa:Type>
                           <naa:URI>?</naa:URI>
                        </naa:Internet>
                        <!--Optional:-->
                        <naa:IsActive Format="?">?</naa:IsActive>
                        <!--Optional:-->
                        <naa:LegalClassification codeName="?" codeListURI="?" codeListAgency="?" codeListName="?" codeListVersion="?">?</naa:LegalClassification>
                        <!--Zero or more repetitions:-->
                        <naa:Organisation/>
                        <!--1 or more repetitions:-->
                        <naa:OrganisationName ref="?">
                           <naa:Classification codeName="?" codeListURI="?" codeListAgency="?" codeListName="?" codeListVersion="?">?</naa:Classification>
                           <naa:Name LanguageIdentifier="?" LanguageLocaleIdentifier="?">?</naa:Name>
                           <!--Optional:-->
                           <naa:ValidityPeriod ref="?">
                              <!--Optional:-->
                              <naa:Complete Format="?">?</naa:Complete>
                              <!--Optional:-->
                              <naa:Description LanguageIdentifier="?" LanguageLocaleIdentifier="?">?</naa:Description>
                              <!--Optional:-->
                              <naa:Duration UnitCode="?">?</naa:Duration>
                              <!--Optional:-->
                              <naa:End Format="?">?</naa:End>
                              <naa:Identification identificationSchemeName="?" identificationSchemeURI="?" identificationSchemeVersion="?" identificationSchemeAgency="?">?</naa:Identification>
                              <!--Optional:-->
                              <naa:Inclusive Format="?">?</naa:Inclusive>
                              <!--Optional:-->
                              <naa:Name LanguageIdentifier="?" LanguageLocaleIdentifier="?">?</naa:Name>
                              <!--Optional:-->
                              <naa:Sequence identificationSchemeName="?" identificationSchemeURI="?" identificationSchemeVersion="?" identificationSchemeAgency="?">?</naa:Sequence>
                              <naa:Start Format="?">?</naa:Start>
                           </naa:ValidityPeriod>
                        </naa:OrganisationName>
                        <!--Zero or more repetitions:-->
                        <naa:PhysicalAddress ref="?">
                           <!--Zero or more repetitions:-->
                           <naa:Address/>
                           <!--Optional:-->
                           <naa:BlockName LanguageIdentifier="?" LanguageLocaleIdentifier="?">?</naa:BlockName>
                           <!--Optional:-->
                           <naa:BuildingName LanguageIdentifier="?" LanguageLocaleIdentifier="?">?</naa:BuildingName>
                           <!--Optional:-->
                           <naa:BuildingNumber LanguageIdentifier="?" LanguageLocaleIdentifier="?">?</naa:BuildingNumber>
                           <!--Optional:-->
                           <naa:CityName LanguageIdentifier="?" LanguageLocaleIdentifier="?">?</naa:CityName>
                           <!--Optional:-->
                           <naa:Code codeName="?" codeListURI="?" codeListAgency="?" codeListName="?" codeListVersion="?">?</naa:Code>
                           <!--Optional:-->
                           <naa:CountryName codeName="?" codeListURI="?" codeListAgency="?" codeListName="?" codeListVersion="?">?</naa:CountryName>
                           <!--Optional:-->
                           <naa:CountrySubDivision codeName="?" codeListURI="?" codeListAgency="?" codeListName="?" codeListVersion="?">?</naa:CountrySubDivision>
                           <!--Zero or more repetitions:-->
                           <naa:Geocode ref="?">
                              <!--Optional:-->
                              <naa:AltimetricSystem codeName="?" codeListURI="?" codeListAgency="?" codeListName="?" codeListVersion="?">?</naa:AltimetricSystem>
                              <!--Optional:-->
                              <naa:Altitude Format="?">?</naa:Altitude>
                              <naa:Identification identificationSchemeName="?" identificationSchemeURI="?" identificationSchemeVersion="?" identificationSchemeAgency="?">?</naa:Identification>
                              <naa:Latitude Format="?">?</naa:Latitude>
                              <!--Optional:-->
                              <naa:LatitudeDirection codeName="?" codeListURI="?" codeListAgency="?" codeListName="?" codeListVersion="?">?</naa:LatitudeDirection>
                              <naa:Longitude Format="?">?</naa:Longitude>
                              <!--Optional:-->
                              <naa:LongitudeDirection codeName="?" codeListURI="?" codeListAgency="?" codeListName="?" codeListVersion="?">?</naa:LongitudeDirection>
                              <!--Optional:-->
                              <naa:System codeName="?" codeListURI="?" codeListAgency="?" codeListName="?" codeListVersion="?">?</naa:System>
                           </naa:Geocode>
                           <naa:Identification identificationSchemeName="?" identificationSchemeURI="?" identificationSchemeVersion="?" identificationSchemeAgency="?">?</naa:Identification>
                           <!--Optional:-->
                           <naa:LineFive LanguageIdentifier="?" LanguageLocaleIdentifier="?">?</naa:LineFive>
                           <!--Optional:-->
                           <naa:LineFour LanguageIdentifier="?" LanguageLocaleIdentifier="?">?</naa:LineFour>
                           <!--Optional:-->
                           <naa:LineOne LanguageIdentifier="?" LanguageLocaleIdentifier="?">?</naa:LineOne>
                           <!--Optional:-->
                           <naa:LineSix LanguageIdentifier="?" LanguageLocaleIdentifier="?">?</naa:LineSix>
                           <!--Optional:-->
                           <naa:LineThree LanguageIdentifier="?" LanguageLocaleIdentifier="?">?</naa:LineThree>
                           <!--Optional:-->
                           <naa:LineTwo LanguageIdentifier="?" LanguageLocaleIdentifier="?">?</naa:LineTwo>
                           <!--Optional:-->
                           <naa:PostOfficeBox LanguageIdentifier="?" LanguageLocaleIdentifier="?">?</naa:PostOfficeBox>
                           <!--Optional:-->
                           <naa:Postcode LanguageIdentifier="?" LanguageLocaleIdentifier="?">?</naa:Postcode>
                           <!--Optional:-->
                           <naa:StreetName LanguageIdentifier="?" LanguageLocaleIdentifier="?">?</naa:StreetName>
                           <!--Optional:-->
                           <naa:StreetSuffix codeName="?" codeListURI="?" codeListAgency="?" codeListName="?" codeListVersion="?">?</naa:StreetSuffix>
                           <!--Optional:-->
                           <naa:StreetType codeName="?" codeListURI="?" codeListAgency="?" codeListName="?" codeListVersion="?">?</naa:StreetType>
                           <!--Optional:-->
                           <naa:Usage codeName="?" codeListURI="?" codeListAgency="?" codeListName="?" codeListVersion="?">?</naa:Usage>
                           <!--Optional:-->
                           <naa:UsagePeriod ref="?">
                              <!--Optional:-->
                              <naa:Complete Format="?">?</naa:Complete>
                              <!--Optional:-->
                              <naa:Description LanguageIdentifier="?" LanguageLocaleIdentifier="?">?</naa:Description>
                              <!--Optional:-->
                              <naa:Duration UnitCode="?">?</naa:Duration>
                              <!--Optional:-->
                              <naa:End Format="?">?</naa:End>
                              <naa:Identification identificationSchemeName="?" identificationSchemeURI="?" identificationSchemeVersion="?" identificationSchemeAgency="?">?</naa:Identification>
                              <!--Optional:-->
                              <naa:Inclusive Format="?">?</naa:Inclusive>
                              <!--Optional:-->
                              <naa:Name LanguageIdentifier="?" LanguageLocaleIdentifier="?">?</naa:Name>
                              <!--Optional:-->
                              <naa:Sequence identificationSchemeName="?" identificationSchemeURI="?" identificationSchemeVersion="?" identificationSchemeAgency="?">?</naa:Sequence>
                              <naa:Start Format="?">?</naa:Start>
                           </naa:UsagePeriod>
                        </naa:PhysicalAddress>
                        <!--Zero or more repetitions:-->
                        <naa:PostalAddress ref="?">
                           <!--Zero or more repetitions:-->
                           <naa:Address/>
                           <!--Optional:-->
                           <naa:BlockName LanguageIdentifier="?" LanguageLocaleIdentifier="?">?</naa:BlockName>
                           <!--Optional:-->
                           <naa:BuildingName LanguageIdentifier="?" LanguageLocaleIdentifier="?">?</naa:BuildingName>
                           <!--Optional:-->
                           <naa:BuildingNumber LanguageIdentifier="?" LanguageLocaleIdentifier="?">?</naa:BuildingNumber>
                           <!--Optional:-->
                           <naa:CityName LanguageIdentifier="?" LanguageLocaleIdentifier="?">?</naa:CityName>
                           <!--Optional:-->
                           <naa:Code codeName="?" codeListURI="?" codeListAgency="?" codeListName="?" codeListVersion="?">?</naa:Code>
                           <!--Optional:-->
                           <naa:CountryName codeName="?" codeListURI="?" codeListAgency="?" codeListName="?" codeListVersion="?">?</naa:CountryName>
                           <!--Optional:-->
                           <naa:CountrySubDivision codeName="?" codeListURI="?" codeListAgency="?" codeListName="?" codeListVersion="?">?</naa:CountrySubDivision>
                           <!--Zero or more repetitions:-->
                           <naa:Geocode ref="?">
                              <!--Optional:-->
                              <naa:AltimetricSystem codeName="?" codeListURI="?" codeListAgency="?" codeListName="?" codeListVersion="?">?</naa:AltimetricSystem>
                              <!--Optional:-->
                              <naa:Altitude Format="?">?</naa:Altitude>
                              <naa:Identification identificationSchemeName="?" identificationSchemeURI="?" identificationSchemeVersion="?" identificationSchemeAgency="?">?</naa:Identification>
                              <naa:Latitude Format="?">?</naa:Latitude>
                              <!--Optional:-->
                              <naa:LatitudeDirection codeName="?" codeListURI="?" codeListAgency="?" codeListName="?" codeListVersion="?">?</naa:LatitudeDirection>
                              <naa:Longitude Format="?">?</naa:Longitude>
                              <!--Optional:-->
                              <naa:LongitudeDirection codeName="?" codeListURI="?" codeListAgency="?" codeListName="?" codeListVersion="?">?</naa:LongitudeDirection>
                              <!--Optional:-->
                              <naa:System codeName="?" codeListURI="?" codeListAgency="?" codeListName="?" codeListVersion="?">?</naa:System>
                           </naa:Geocode>
                           <naa:Identification identificationSchemeName="?" identificationSchemeURI="?" identificationSchemeVersion="?" identificationSchemeAgency="?">?</naa:Identification>
                           <!--Optional:-->
                           <naa:LineFive LanguageIdentifier="?" LanguageLocaleIdentifier="?">?</naa:LineFive>
                           <!--Optional:-->
                           <naa:LineFour LanguageIdentifier="?" LanguageLocaleIdentifier="?">?</naa:LineFour>
                           <!--Optional:-->
                           <naa:LineOne LanguageIdentifier="?" LanguageLocaleIdentifier="?">?</naa:LineOne>
                           <!--Optional:-->
                           <naa:LineSix LanguageIdentifier="?" LanguageLocaleIdentifier="?">?</naa:LineSix>
                           <!--Optional:-->
                           <naa:LineThree LanguageIdentifier="?" LanguageLocaleIdentifier="?">?</naa:LineThree>
                           <!--Optional:-->
                           <naa:LineTwo LanguageIdentifier="?" LanguageLocaleIdentifier="?">?</naa:LineTwo>
                           <!--Optional:-->
                           <naa:PostOfficeBox LanguageIdentifier="?" LanguageLocaleIdentifier="?">?</naa:PostOfficeBox>
                           <!--Optional:-->
                           <naa:Postcode LanguageIdentifier="?" LanguageLocaleIdentifier="?">?</naa:Postcode>
                           <!--Optional:-->
                           <naa:StreetName LanguageIdentifier="?" LanguageLocaleIdentifier="?">?</naa:StreetName>
                           <!--Optional:-->
                           <naa:StreetSuffix codeName="?" codeListURI="?" codeListAgency="?" codeListName="?" codeListVersion="?">?</naa:StreetSuffix>
                           <!--Optional:-->
                           <naa:StreetType codeName="?" codeListURI="?" codeListAgency="?" codeListName="?" codeListVersion="?">?</naa:StreetType>
                           <!--Optional:-->
                           <naa:Usage codeName="?" codeListURI="?" codeListAgency="?" codeListName="?" codeListVersion="?">?</naa:Usage>
                           <!--Optional:-->
                           <naa:UsagePeriod ref="?">
                              <!--Optional:-->
                              <naa:Complete Format="?">?</naa:Complete>
                              <!--Optional:-->
                              <naa:Description LanguageIdentifier="?" LanguageLocaleIdentifier="?">?</naa:Description>
                              <!--Optional:-->
                              <naa:Duration UnitCode="?">?</naa:Duration>
                              <!--Optional:-->
                              <naa:End Format="?">?</naa:End>
                              <naa:Identification identificationSchemeName="?" identificationSchemeURI="?" identificationSchemeVersion="?" identificationSchemeAgency="?">?</naa:Identification>
                              <!--Optional:-->
                              <naa:Inclusive Format="?">?</naa:Inclusive>
                              <!--Optional:-->
                              <naa:Name LanguageIdentifier="?" LanguageLocaleIdentifier="?">?</naa:Name>
                              <!--Optional:-->
                              <naa:Sequence identificationSchemeName="?" identificationSchemeURI="?" identificationSchemeVersion="?" identificationSchemeAgency="?">?</naa:Sequence>
                              <naa:Start Format="?">?</naa:Start>
                           </naa:UsagePeriod>
                        </naa:PostalAddress>
                        <!--Zero or more repetitions:-->
                        <naa:Registration ref="?">
                           <!--Optional:-->
                           <naa:Category codeName="?" codeListURI="?" codeListAgency="?" codeListName="?" codeListVersion="?">?</naa:Category>
                           <!--Optional:-->
                           <naa:Country codeName="?" codeListURI="?" codeListAgency="?" codeListName="?" codeListVersion="?">?</naa:Country>
                           <naa:Identification identificationSchemeName="?" identificationSchemeURI="?" identificationSchemeVersion="?" identificationSchemeAgency="?">?</naa:Identification>
                           <!--Optional:-->
                           <naa:Licence identificationSchemeName="?" identificationSchemeURI="?" identificationSchemeVersion="?" identificationSchemeAgency="?">?</naa:Licence>
                           <!--Optional:-->
                           <naa:Recorded Format="?">?</naa:Recorded>
                           <!--Optional:-->
                           <naa:Type codeName="?" codeListURI="?" codeListAgency="?" codeListName="?" codeListVersion="?">?</naa:Type>
                           <!--Optional:-->
                           <naa:ValidityPeriod ref="?">
                              <!--Optional:-->
                              <naa:Complete Format="?">?</naa:Complete>
                              <!--Optional:-->
                              <naa:Description LanguageIdentifier="?" LanguageLocaleIdentifier="?">?</naa:Description>
                              <!--Optional:-->
                              <naa:Duration UnitCode="?">?</naa:Duration>
                              <!--Optional:-->
                              <naa:End Format="?">?</naa:End>
                              <naa:Identification identificationSchemeName="?" identificationSchemeURI="?" identificationSchemeVersion="?" identificationSchemeAgency="?">?</naa:Identification>
                              <!--Optional:-->
                              <naa:Inclusive Format="?">?</naa:Inclusive>
                              <!--Optional:-->
                              <naa:Name LanguageIdentifier="?" LanguageLocaleIdentifier="?">?</naa:Name>
                              <!--Optional:-->
                              <naa:Sequence identificationSchemeName="?" identificationSchemeURI="?" identificationSchemeVersion="?" identificationSchemeAgency="?">?</naa:Sequence>
                              <naa:Start Format="?">?</naa:Start>
                           </naa:ValidityPeriod>
                        </naa:Registration>
                        <!--Zero or more repetitions:-->
                        <naa:Status ref="?">
                           <naa:Code codeName="?" codeListURI="?" codeListAgency="?" codeListName="?" codeListVersion="?">?</naa:Code>
                           <!--Optional:-->
                           <naa:Description LanguageIdentifier="?" LanguageLocaleIdentifier="?">?</naa:Description>
                           <!--Optional:-->
                           <naa:ValidityPeriod ref="?">
                              <!--Optional:-->
                              <naa:Complete Format="?">?</naa:Complete>
                              <!--Optional:-->
                              <naa:Description LanguageIdentifier="?" LanguageLocaleIdentifier="?">?</naa:Description>
                              <!--Optional:-->
                              <naa:Duration UnitCode="?">?</naa:Duration>
                              <!--Optional:-->
                              <naa:End Format="?">?</naa:End>
                              <naa:Identification identificationSchemeName="?" identificationSchemeURI="?" identificationSchemeVersion="?" identificationSchemeAgency="?">?</naa:Identification>
                              <!--Optional:-->
                              <naa:Inclusive Format="?">?</naa:Inclusive>
                              <!--Optional:-->
                              <naa:Name LanguageIdentifier="?" LanguageLocaleIdentifier="?">?</naa:Name>
                              <!--Optional:-->
                              <naa:Sequence identificationSchemeName="?" identificationSchemeURI="?" identificationSchemeVersion="?" identificationSchemeAgency="?">?</naa:Sequence>
                              <naa:Start Format="?">?</naa:Start>
                           </naa:ValidityPeriod>
                        </naa:Status>
                        <!--Zero or more repetitions:-->
                        <naa:Telephone ref="?">
                           <!--Optional:-->
                           <naa:AreaCode codeName="?" codeListURI="?" codeListAgency="?" codeListName="?" codeListVersion="?">?</naa:AreaCode>
                           <!--Optional:-->
                           <naa:CountryCode codeName="?" codeListURI="?" codeListAgency="?" codeListName="?" codeListVersion="?">?</naa:CountryCode>
                           <!--Optional:-->
                           <naa:Extension LanguageIdentifier="?" LanguageLocaleIdentifier="?">?</naa:Extension>
                           <naa:Number identificationSchemeName="?" identificationSchemeURI="?" identificationSchemeVersion="?" identificationSchemeAgency="?">?</naa:Number>
                           <naa:Type codeName="?" codeListURI="?" codeListAgency="?" codeListName="?" codeListVersion="?">?</naa:Type>
                        </naa:Telephone>
                        <!--Optional:-->
                        <naa:Type codeName="?" codeListURI="?" codeListAgency="?" codeListName="?" codeListVersion="?">?</naa:Type>
                     </naa:Organisation>
                     <!--Optional:-->
                     <naa:Person ref="?">
                        <!--Optional:-->
                        <naa:Description LanguageIdentifier="?" LanguageLocaleIdentifier="?">?</naa:Description>
                        <naa:Identification identificationSchemeName="?" identificationSchemeURI="?" identificationSchemeVersion="?" identificationSchemeAgency="?">?</naa:Identification>
                        <!--Zero or more repetitions:-->
                        <naa:Internet ref="?">
                           <naa:Type codeName="?" codeListURI="?" codeListAgency="?" codeListName="?" codeListVersion="?">?</naa:Type>
                           <naa:URI>?</naa:URI>
                        </naa:Internet>
                        <!--1 or more repetitions:-->
                        <naa:PersonName ref="?">
                           <naa:Classification codeName="?" codeListURI="?" codeListAgency="?" codeListName="?" codeListVersion="?">?</naa:Classification>
                           <!--Optional:-->
                           <naa:FamilyName LanguageIdentifier="?" LanguageLocaleIdentifier="?">?</naa:FamilyName>
                           <!--Optional:-->
                           <naa:FamilyNamePrefix LanguageIdentifier="?" LanguageLocaleIdentifier="?">?</naa:FamilyNamePrefix>
                           <!--Optional:-->
                           <naa:GivenName LanguageIdentifier="?" LanguageLocaleIdentifier="?">?</naa:GivenName>
                           <!--Optional:-->
                           <naa:MiddleName LanguageIdentifier="?" LanguageLocaleIdentifier="?">?</naa:MiddleName>
                           <!--Optional:-->
                           <naa:Name LanguageIdentifier="?" LanguageLocaleIdentifier="?">?</naa:Name>
                           <!--Optional:-->
                           <naa:NameSuffix codeName="?" codeListURI="?" codeListAgency="?" codeListName="?" codeListVersion="?">?</naa:NameSuffix>
                           <!--Optional:-->
                           <naa:Salutation LanguageIdentifier="?" LanguageLocaleIdentifier="?">?</naa:Salutation>
                           <!--Optional:-->
                           <naa:Title codeName="?" codeListURI="?" codeListAgency="?" codeListName="?" codeListVersion="?">?</naa:Title>
                           <!--Optional:-->
                           <naa:ValidityPeriod ref="?">
                              <!--Optional:-->
                              <naa:Complete Format="?">?</naa:Complete>
                              <!--Optional:-->
                              <naa:Description LanguageIdentifier="?" LanguageLocaleIdentifier="?">?</naa:Description>
                              <!--Optional:-->
                              <naa:Duration UnitCode="?">?</naa:Duration>
                              <!--Optional:-->
                              <naa:End Format="?">?</naa:End>
                              <naa:Identification identificationSchemeName="?" identificationSchemeURI="?" identificationSchemeVersion="?" identificationSchemeAgency="?">?</naa:Identification>
                              <!--Optional:-->
                              <naa:Inclusive Format="?">?</naa:Inclusive>
                              <!--Optional:-->
                              <naa:Name LanguageIdentifier="?" LanguageLocaleIdentifier="?">?</naa:Name>
                              <!--Optional:-->
                              <naa:Sequence identificationSchemeName="?" identificationSchemeURI="?" identificationSchemeVersion="?" identificationSchemeAgency="?">?</naa:Sequence>
                              <naa:Start Format="?">?</naa:Start>
                           </naa:ValidityPeriod>
                        </naa:PersonName>
                        <!--Zero or more repetitions:-->
                        <naa:PostalAddress ref="?">
                           <!--Zero or more repetitions:-->
                           <naa:Address/>
                           <!--Optional:-->
                           <naa:BlockName LanguageIdentifier="?" LanguageLocaleIdentifier="?">?</naa:BlockName>
                           <!--Optional:-->
                           <naa:BuildingName LanguageIdentifier="?" LanguageLocaleIdentifier="?">?</naa:BuildingName>
                           <!--Optional:-->
                           <naa:BuildingNumber LanguageIdentifier="?" LanguageLocaleIdentifier="?">?</naa:BuildingNumber>
                           <!--Optional:-->
                           <naa:CityName LanguageIdentifier="?" LanguageLocaleIdentifier="?">?</naa:CityName>
                           <!--Optional:-->
                           <naa:Code codeName="?" codeListURI="?" codeListAgency="?" codeListName="?" codeListVersion="?">?</naa:Code>
                           <!--Optional:-->
                           <naa:CountryName codeName="?" codeListURI="?" codeListAgency="?" codeListName="?" codeListVersion="?">?</naa:CountryName>
                           <!--Optional:-->
                           <naa:CountrySubDivision codeName="?" codeListURI="?" codeListAgency="?" codeListName="?" codeListVersion="?">?</naa:CountrySubDivision>
                           <!--Zero or more repetitions:-->
                           <naa:Geocode ref="?">
                              <!--Optional:-->
                              <naa:AltimetricSystem codeName="?" codeListURI="?" codeListAgency="?" codeListName="?" codeListVersion="?">?</naa:AltimetricSystem>
                              <!--Optional:-->
                              <naa:Altitude Format="?">?</naa:Altitude>
                              <naa:Identification identificationSchemeName="?" identificationSchemeURI="?" identificationSchemeVersion="?" identificationSchemeAgency="?">?</naa:Identification>
                              <naa:Latitude Format="?">?</naa:Latitude>
                              <!--Optional:-->
                              <naa:LatitudeDirection codeName="?" codeListURI="?" codeListAgency="?" codeListName="?" codeListVersion="?">?</naa:LatitudeDirection>
                              <naa:Longitude Format="?">?</naa:Longitude>
                              <!--Optional:-->
                              <naa:LongitudeDirection codeName="?" codeListURI="?" codeListAgency="?" codeListName="?" codeListVersion="?">?</naa:LongitudeDirection>
                              <!--Optional:-->
                              <naa:System codeName="?" codeListURI="?" codeListAgency="?" codeListName="?" codeListVersion="?">?</naa:System>
                           </naa:Geocode>
                           <naa:Identification identificationSchemeName="?" identificationSchemeURI="?" identificationSchemeVersion="?" identificationSchemeAgency="?">?</naa:Identification>
                           <!--Optional:-->
                           <naa:LineFive LanguageIdentifier="?" LanguageLocaleIdentifier="?">?</naa:LineFive>
                           <!--Optional:-->
                           <naa:LineFour LanguageIdentifier="?" LanguageLocaleIdentifier="?">?</naa:LineFour>
                           <!--Optional:-->
                           <naa:LineOne LanguageIdentifier="?" LanguageLocaleIdentifier="?">?</naa:LineOne>
                           <!--Optional:-->
                           <naa:LineSix LanguageIdentifier="?" LanguageLocaleIdentifier="?">?</naa:LineSix>
                           <!--Optional:-->
                           <naa:LineThree LanguageIdentifier="?" LanguageLocaleIdentifier="?">?</naa:LineThree>
                           <!--Optional:-->
                           <naa:LineTwo LanguageIdentifier="?" LanguageLocaleIdentifier="?">?</naa:LineTwo>
                           <!--Optional:-->
                           <naa:PostOfficeBox LanguageIdentifier="?" LanguageLocaleIdentifier="?">?</naa:PostOfficeBox>
                           <!--Optional:-->
                           <naa:Postcode LanguageIdentifier="?" LanguageLocaleIdentifier="?">?</naa:Postcode>
                           <!--Optional:-->
                           <naa:StreetName LanguageIdentifier="?" LanguageLocaleIdentifier="?">?</naa:StreetName>
                           <!--Optional:-->
                           <naa:StreetSuffix codeName="?" codeListURI="?" codeListAgency="?" codeListName="?" codeListVersion="?">?</naa:StreetSuffix>
                           <!--Optional:-->
                           <naa:StreetType codeName="?" codeListURI="?" codeListAgency="?" codeListName="?" codeListVersion="?">?</naa:StreetType>
                           <!--Optional:-->
                           <naa:Usage codeName="?" codeListURI="?" codeListAgency="?" codeListName="?" codeListVersion="?">?</naa:Usage>
                           <!--Optional:-->
                           <naa:UsagePeriod ref="?">
                              <!--Optional:-->
                              <naa:Complete Format="?">?</naa:Complete>
                              <!--Optional:-->
                              <naa:Description LanguageIdentifier="?" LanguageLocaleIdentifier="?">?</naa:Description>
                              <!--Optional:-->
                              <naa:Duration UnitCode="?">?</naa:Duration>
                              <!--Optional:-->
                              <naa:End Format="?">?</naa:End>
                              <naa:Identification identificationSchemeName="?" identificationSchemeURI="?" identificationSchemeVersion="?" identificationSchemeAgency="?">?</naa:Identification>
                              <!--Optional:-->
                              <naa:Inclusive Format="?">?</naa:Inclusive>
                              <!--Optional:-->
                              <naa:Name LanguageIdentifier="?" LanguageLocaleIdentifier="?">?</naa:Name>
                              <!--Optional:-->
                              <naa:Sequence identificationSchemeName="?" identificationSchemeURI="?" identificationSchemeVersion="?" identificationSchemeAgency="?">?</naa:Sequence>
                              <naa:Start Format="?">?</naa:Start>
                           </naa:UsagePeriod>
                        </naa:PostalAddress>
                        <!--Zero or more repetitions:-->
                        <naa:Registration ref="?">
                           <!--Optional:-->
                           <naa:Category codeName="?" codeListURI="?" codeListAgency="?" codeListName="?" codeListVersion="?">?</naa:Category>
                           <!--Optional:-->
                           <naa:Country codeName="?" codeListURI="?" codeListAgency="?" codeListName="?" codeListVersion="?">?</naa:Country>
                           <naa:Identification identificationSchemeName="?" identificationSchemeURI="?" identificationSchemeVersion="?" identificationSchemeAgency="?">?</naa:Identification>
                           <!--Optional:-->
                           <naa:Licence identificationSchemeName="?" identificationSchemeURI="?" identificationSchemeVersion="?" identificationSchemeAgency="?">?</naa:Licence>
                           <!--Optional:-->
                           <naa:Recorded Format="?">?</naa:Recorded>
                           <!--Optional:-->
                           <naa:Type codeName="?" codeListURI="?" codeListAgency="?" codeListName="?" codeListVersion="?">?</naa:Type>
                           <!--Optional:-->
                           <naa:ValidityPeriod ref="?">
                              <!--Optional:-->
                              <naa:Complete Format="?">?</naa:Complete>
                              <!--Optional:-->
                              <naa:Description LanguageIdentifier="?" LanguageLocaleIdentifier="?">?</naa:Description>
                              <!--Optional:-->
                              <naa:Duration UnitCode="?">?</naa:Duration>
                              <!--Optional:-->
                              <naa:End Format="?">?</naa:End>
                              <naa:Identification identificationSchemeName="?" identificationSchemeURI="?" identificationSchemeVersion="?" identificationSchemeAgency="?">?</naa:Identification>
                              <!--Optional:-->
                              <naa:Inclusive Format="?">?</naa:Inclusive>
                              <!--Optional:-->
                              <naa:Name LanguageIdentifier="?" LanguageLocaleIdentifier="?">?</naa:Name>
                              <!--Optional:-->
                              <naa:Sequence identificationSchemeName="?" identificationSchemeURI="?" identificationSchemeVersion="?" identificationSchemeAgency="?">?</naa:Sequence>
                              <naa:Start Format="?">?</naa:Start>
                           </naa:ValidityPeriod>
                        </naa:Registration>
                        <!--Zero or more repetitions:-->
                        <naa:ResidentialAddress ref="?">
                           <!--Zero or more repetitions:-->
                           <naa:Address/>
                           <!--Optional:-->
                           <naa:BlockName LanguageIdentifier="?" LanguageLocaleIdentifier="?">?</naa:BlockName>
                           <!--Optional:-->
                           <naa:BuildingName LanguageIdentifier="?" LanguageLocaleIdentifier="?">?</naa:BuildingName>
                           <!--Optional:-->
                           <naa:BuildingNumber LanguageIdentifier="?" LanguageLocaleIdentifier="?">?</naa:BuildingNumber>
                           <!--Optional:-->
                           <naa:CityName LanguageIdentifier="?" LanguageLocaleIdentifier="?">?</naa:CityName>
                           <!--Optional:-->
                           <naa:Code codeName="?" codeListURI="?" codeListAgency="?" codeListName="?" codeListVersion="?">?</naa:Code>
                           <!--Optional:-->
                           <naa:CountryName codeName="?" codeListURI="?" codeListAgency="?" codeListName="?" codeListVersion="?">?</naa:CountryName>
                           <!--Optional:-->
                           <naa:CountrySubDivision codeName="?" codeListURI="?" codeListAgency="?" codeListName="?" codeListVersion="?">?</naa:CountrySubDivision>
                           <!--Zero or more repetitions:-->
                           <naa:Geocode ref="?">
                              <!--Optional:-->
                              <naa:AltimetricSystem codeName="?" codeListURI="?" codeListAgency="?" codeListName="?" codeListVersion="?">?</naa:AltimetricSystem>
                              <!--Optional:-->
                              <naa:Altitude Format="?">?</naa:Altitude>
                              <naa:Identification identificationSchemeName="?" identificationSchemeURI="?" identificationSchemeVersion="?" identificationSchemeAgency="?">?</naa:Identification>
                              <naa:Latitude Format="?">?</naa:Latitude>
                              <!--Optional:-->
                              <naa:LatitudeDirection codeName="?" codeListURI="?" codeListAgency="?" codeListName="?" codeListVersion="?">?</naa:LatitudeDirection>
                              <naa:Longitude Format="?">?</naa:Longitude>
                              <!--Optional:-->
                              <naa:LongitudeDirection codeName="?" codeListURI="?" codeListAgency="?" codeListName="?" codeListVersion="?">?</naa:LongitudeDirection>
                              <!--Optional:-->
                              <naa:System codeName="?" codeListURI="?" codeListAgency="?" codeListName="?" codeListVersion="?">?</naa:System>
                           </naa:Geocode>
                           <naa:Identification identificationSchemeName="?" identificationSchemeURI="?" identificationSchemeVersion="?" identificationSchemeAgency="?">?</naa:Identification>
                           <!--Optional:-->
                           <naa:LineFive LanguageIdentifier="?" LanguageLocaleIdentifier="?">?</naa:LineFive>
                           <!--Optional:-->
                           <naa:LineFour LanguageIdentifier="?" LanguageLocaleIdentifier="?">?</naa:LineFour>
                           <!--Optional:-->
                           <naa:LineOne LanguageIdentifier="?" LanguageLocaleIdentifier="?">?</naa:LineOne>
                           <!--Optional:-->
                           <naa:LineSix LanguageIdentifier="?" LanguageLocaleIdentifier="?">?</naa:LineSix>
                           <!--Optional:-->
                           <naa:LineThree LanguageIdentifier="?" LanguageLocaleIdentifier="?">?</naa:LineThree>
                           <!--Optional:-->
                           <naa:LineTwo LanguageIdentifier="?" LanguageLocaleIdentifier="?">?</naa:LineTwo>
                           <!--Optional:-->
                           <naa:PostOfficeBox LanguageIdentifier="?" LanguageLocaleIdentifier="?">?</naa:PostOfficeBox>
                           <!--Optional:-->
                           <naa:Postcode LanguageIdentifier="?" LanguageLocaleIdentifier="?">?</naa:Postcode>
                           <!--Optional:-->
                           <naa:StreetName LanguageIdentifier="?" LanguageLocaleIdentifier="?">?</naa:StreetName>
                           <!--Optional:-->
                           <naa:StreetSuffix codeName="?" codeListURI="?" codeListAgency="?" codeListName="?" codeListVersion="?">?</naa:StreetSuffix>
                           <!--Optional:-->
                           <naa:StreetType codeName="?" codeListURI="?" codeListAgency="?" codeListName="?" codeListVersion="?">?</naa:StreetType>
                           <!--Optional:-->
                           <naa:Usage codeName="?" codeListURI="?" codeListAgency="?" codeListName="?" codeListVersion="?">?</naa:Usage>
                           <!--Optional:-->
                           <naa:UsagePeriod ref="?">
                              <!--Optional:-->
                              <naa:Complete Format="?">?</naa:Complete>
                              <!--Optional:-->
                              <naa:Description LanguageIdentifier="?" LanguageLocaleIdentifier="?">?</naa:Description>
                              <!--Optional:-->
                              <naa:Duration UnitCode="?">?</naa:Duration>
                              <!--Optional:-->
                              <naa:End Format="?">?</naa:End>
                              <naa:Identification identificationSchemeName="?" identificationSchemeURI="?" identificationSchemeVersion="?" identificationSchemeAgency="?">?</naa:Identification>
                              <!--Optional:-->
                              <naa:Inclusive Format="?">?</naa:Inclusive>
                              <!--Optional:-->
                              <naa:Name LanguageIdentifier="?" LanguageLocaleIdentifier="?">?</naa:Name>
                              <!--Optional:-->
                              <naa:Sequence identificationSchemeName="?" identificationSchemeURI="?" identificationSchemeVersion="?" identificationSchemeAgency="?">?</naa:Sequence>
                              <naa:Start Format="?">?</naa:Start>
                           </naa:UsagePeriod>
                        </naa:ResidentialAddress>
                        <!--Zero or more repetitions:-->
                        <naa:Status ref="?">
                           <naa:Code codeName="?" codeListURI="?" codeListAgency="?" codeListName="?" codeListVersion="?">?</naa:Code>
                           <!--Optional:-->
                           <naa:Description LanguageIdentifier="?" LanguageLocaleIdentifier="?">?</naa:Description>
                           <!--Optional:-->
                           <naa:ValidityPeriod ref="?">
                              <!--Optional:-->
                              <naa:Complete Format="?">?</naa:Complete>
                              <!--Optional:-->
                              <naa:Description LanguageIdentifier="?" LanguageLocaleIdentifier="?">?</naa:Description>
                              <!--Optional:-->
                              <naa:Duration UnitCode="?">?</naa:Duration>
                              <!--Optional:-->
                              <naa:End Format="?">?</naa:End>
                              <naa:Identification identificationSchemeName="?" identificationSchemeURI="?" identificationSchemeVersion="?" identificationSchemeAgency="?">?</naa:Identification>
                              <!--Optional:-->
                              <naa:Inclusive Format="?">?</naa:Inclusive>
                              <!--Optional:-->
                              <naa:Name LanguageIdentifier="?" LanguageLocaleIdentifier="?">?</naa:Name>
                              <!--Optional:-->
                              <naa:Sequence identificationSchemeName="?" identificationSchemeURI="?" identificationSchemeVersion="?" identificationSchemeAgency="?">?</naa:Sequence>
                              <naa:Start Format="?">?</naa:Start>
                           </naa:ValidityPeriod>
                        </naa:Status>
                        <!--Zero or more repetitions:-->
                        <naa:Telephone ref="?">
                           <!--Optional:-->
                           <naa:AreaCode codeName="?" codeListURI="?" codeListAgency="?" codeListName="?" codeListVersion="?">?</naa:AreaCode>
                           <!--Optional:-->
                           <naa:CountryCode codeName="?" codeListURI="?" codeListAgency="?" codeListName="?" codeListVersion="?">?</naa:CountryCode>
                           <!--Optional:-->
                           <naa:Extension LanguageIdentifier="?" LanguageLocaleIdentifier="?">?</naa:Extension>
                           <naa:Number identificationSchemeName="?" identificationSchemeURI="?" identificationSchemeVersion="?" identificationSchemeAgency="?">?</naa:Number>
                           <naa:Type codeName="?" codeListURI="?" codeListAgency="?" codeListName="?" codeListVersion="?">?</naa:Type>
                        </naa:Telephone>
                     </naa:Person>
                     <naa:Identification identificationSchemeName="?" identificationSchemeURI="?" identificationSchemeVersion="?" identificationSchemeAgency="?">?</naa:Identification>
                     <!--Optional:-->
                     <naa:Language codeName="?" codeListURI="?" codeListAgency="?" codeListName="?" codeListVersion="?">?</naa:Language>
                     <naa:Name LanguageIdentifier="?" LanguageLocaleIdentifier="?">?</naa:Name>
                     <!--Optional:-->
                     <naa:Type LanguageIdentifier="?" LanguageLocaleIdentifier="?">?</naa:Type>
                  </da:Party>
                  <!--Optional:-->
                  <da:Type codeName="?" codeListURI="?" codeListAgency="?" codeListName="?" codeListVersion="?">?</da:Type>
               </da:PartyRole>
            </da:Assessment>
            <!--Zero or more repetitions:-->
            <da:Attachment ref="?">
               <!--Zero or more repetitions:-->
               <da:Contributor LanguageIdentifier="?" LanguageLocaleIdentifier="?">?</da:Contributor>
               <!--Zero or more repetitions:-->
               <da:Coverage LanguageIdentifier="?" LanguageLocaleIdentifier="?">?</da:Coverage>
               <!--Zero or more repetitions:-->
               <da:Creator LanguageIdentifier="?" LanguageLocaleIdentifier="?">?</da:Creator>
               <!--Optional:-->
               <da:Date Format="?">?</da:Date>
               <!--Zero or more repetitions:-->
               <da:Description LanguageIdentifier="?" LanguageLocaleIdentifier="?">?</da:Description>
               <!--Optional:-->
               <da:Format LanguageIdentifier="?" LanguageLocaleIdentifier="?">?</da:Format>
               <da:Identification identificationSchemeName="?" identificationSchemeURI="?" identificationSchemeVersion="?" identificationSchemeAgency="?">?</da:Identification>
               <!--Zero or more repetitions:-->
               <da:Language LanguageIdentifier="?" LanguageLocaleIdentifier="?">?</da:Language>
               <!--Zero or more repetitions:-->
               <da:Publisher LanguageIdentifier="?" LanguageLocaleIdentifier="?">?</da:Publisher>
               <!--Zero or more repetitions:-->
               <da:Relation LanguageIdentifier="?" LanguageLocaleIdentifier="?">?</da:Relation>
               <!--Zero or more repetitions:-->
               <da:Rights LanguageIdentifier="?" LanguageLocaleIdentifier="?">?</da:Rights>
               <!--Optional:-->
               <da:Size UnitCode="?">?</da:Size>
               <!--Zero or more repetitions:-->
               <da:Source LanguageIdentifier="?" LanguageLocaleIdentifier="?">?</da:Source>
               <!--Optional:-->
               <da:Subject LanguageIdentifier="?" LanguageLocaleIdentifier="?">?</da:Subject>
               <!--Optional:-->
               <da:Title LanguageIdentifier="?" LanguageLocaleIdentifier="?">?</da:Title>
               <!--Optional:-->
               <da:Type LanguageIdentifier="?" LanguageLocaleIdentifier="?">?</da:Type>
               <!--Optional:-->
               <da:Version LanguageIdentifier="?" LanguageLocaleIdentifier="?">?</da:Version>
               <!--You have a CHOICE of the next 2 items at this level-->
               <!--Optional:-->
               <da:Attachment Format="?" MimeCode="?" CharacterSetCode="?" EncodingCode="?" UniformResourceIdentifier="?" Filename="?">cid:1214304183854</da:Attachment>
               <!--Optional:-->
               <da:URI>?</da:URI>
            </da:Attachment>
            <!--Zero or more repetitions:-->
            <da:Authorisation ref="?">
               <!--Zero or more repetitions:-->
               <da:Attachment ref="?">
                  <!--Zero or more repetitions:-->
                  <da:Contributor LanguageIdentifier="?" LanguageLocaleIdentifier="?">?</da:Contributor>
                  <!--Zero or more repetitions:-->
                  <da:Coverage LanguageIdentifier="?" LanguageLocaleIdentifier="?">?</da:Coverage>
                  <!--Zero or more repetitions:-->
                  <da:Creator LanguageIdentifier="?" LanguageLocaleIdentifier="?">?</da:Creator>
                  <!--Optional:-->
                  <da:Date Format="?">?</da:Date>
                  <!--Zero or more repetitions:-->
                  <da:Description LanguageIdentifier="?" LanguageLocaleIdentifier="?">?</da:Description>
                  <!--Optional:-->
                  <da:Format LanguageIdentifier="?" LanguageLocaleIdentifier="?">?</da:Format>
                  <da:Identification identificationSchemeName="?" identificationSchemeURI="?" identificationSchemeVersion="?" identificationSchemeAgency="?">?</da:Identification>
                  <!--Zero or more repetitions:-->
                  <da:Language LanguageIdentifier="?" LanguageLocaleIdentifier="?">?</da:Language>
                  <!--Zero or more repetitions:-->
                  <da:Publisher LanguageIdentifier="?" LanguageLocaleIdentifier="?">?</da:Publisher>
                  <!--Zero or more repetitions:-->
                  <da:Relation LanguageIdentifier="?" LanguageLocaleIdentifier="?">?</da:Relation>
                  <!--Zero or more repetitions:-->
                  <da:Rights LanguageIdentifier="?" LanguageLocaleIdentifier="?">?</da:Rights>
                  <!--Optional:-->
                  <da:Size UnitCode="?">?</da:Size>
                  <!--Zero or more repetitions:-->
                  <da:Source LanguageIdentifier="?" LanguageLocaleIdentifier="?">?</da:Source>
                  <!--Optional:-->
                  <da:Subject LanguageIdentifier="?" LanguageLocaleIdentifier="?">?</da:Subject>
                  <!--Optional:-->
                  <da:Title LanguageIdentifier="?" LanguageLocaleIdentifier="?">?</da:Title>
                  <!--Optional:-->
                  <da:Type LanguageIdentifier="?" LanguageLocaleIdentifier="?">?</da:Type>
                  <!--Optional:-->
                  <da:Version LanguageIdentifier="?" LanguageLocaleIdentifier="?">?</da:Version>
                  <!--You have a CHOICE of the next 2 items at this level-->
                  <!--Optional:-->
                  <da:Attachment Format="?" MimeCode="?" CharacterSetCode="?" EncodingCode="?" UniformResourceIdentifier="?" Filename="?">cid:489469389601</da:Attachment>
                  <!--Optional:-->
                  <da:URI>?</da:URI>
               </da:Attachment>
               <!--Optional:-->
               <da:Date Format="?">?</da:Date>
               <!--1 or more repetitions:-->
               <da:PartyRole ref="?">
                  <!--Optional:-->
                  <da:DateTime Format="?">?</da:DateTime>
                  <!--1 or more repetitions:-->
                  <da:Party ref="?">
                     <!--Optional:-->
                     <naa:AccessRights codeName="?" codeListURI="?" codeListAgency="?" codeListName="?" codeListVersion="?">?</naa:AccessRights>
                     <!--Optional:-->
                     <naa:Description LanguageIdentifier="?" LanguageLocaleIdentifier="?">?</naa:Description>
                     <!--You have a CHOICE of the next 2 items at this level-->
                     <!--Optional:-->
                     <naa:Organisation ref="?">
                        <!--Zero or more repetitions:-->
                        <naa:Contact ref="?">
                           <!--Optional:-->
                           <naa:DepartmentName LanguageIdentifier="?" LanguageLocaleIdentifier="?">?</naa:DepartmentName>
                           <!--Optional:-->
                           <naa:Description LanguageIdentifier="?" LanguageLocaleIdentifier="?">?</naa:Description>
                           <naa:Identification identificationSchemeName="?" identificationSchemeURI="?" identificationSchemeVersion="?" identificationSchemeAgency="?">?</naa:Identification>
                           <!--Zero or more repetitions:-->
                           <naa:Internet ref="?">
                              <naa:Type codeName="?" codeListURI="?" codeListAgency="?" codeListName="?" codeListVersion="?">?</naa:Type>
                              <naa:URI>?</naa:URI>
                           </naa:Internet>
                           <!--Optional:-->
                           <naa:IsPrimary Format="?">?</naa:IsPrimary>
                           <!--Optional:-->
                           <naa:JobTitle LanguageIdentifier="?" LanguageLocaleIdentifier="?">?</naa:JobTitle>
                           <!--Optional:-->
                           <naa:PersonName ref="?">
                              <naa:Classification codeName="?" codeListURI="?" codeListAgency="?" codeListName="?" codeListVersion="?">?</naa:Classification>
                              <!--Optional:-->
                              <naa:FamilyName LanguageIdentifier="?" LanguageLocaleIdentifier="?">?</naa:FamilyName>
                              <!--Optional:-->
                              <naa:FamilyNamePrefix LanguageIdentifier="?" LanguageLocaleIdentifier="?">?</naa:FamilyNamePrefix>
                              <!--Optional:-->
                              <naa:GivenName LanguageIdentifier="?" LanguageLocaleIdentifier="?">?</naa:GivenName>
                              <!--Optional:-->
                              <naa:MiddleName LanguageIdentifier="?" LanguageLocaleIdentifier="?">?</naa:MiddleName>
                              <!--Optional:-->
                              <naa:Name LanguageIdentifier="?" LanguageLocaleIdentifier="?">?</naa:Name>
                              <!--Optional:-->
                              <naa:NameSuffix codeName="?" codeListURI="?" codeListAgency="?" codeListName="?" codeListVersion="?">?</naa:NameSuffix>
                              <!--Optional:-->
                              <naa:Salutation LanguageIdentifier="?" LanguageLocaleIdentifier="?">?</naa:Salutation>
                              <!--Optional:-->
                              <naa:Title codeName="?" codeListURI="?" codeListAgency="?" codeListName="?" codeListVersion="?">?</naa:Title>
                              <!--Optional:-->
                              <naa:ValidityPeriod ref="?">
                                 <!--Optional:-->
                                 <naa:Complete Format="?">?</naa:Complete>
                                 <!--Optional:-->
                                 <naa:Description LanguageIdentifier="?" LanguageLocaleIdentifier="?">?</naa:Description>
                                 <!--Optional:-->
                                 <naa:Duration UnitCode="?">?</naa:Duration>
                                 <!--Optional:-->
                                 <naa:End Format="?">?</naa:End>
                                 <naa:Identification identificationSchemeName="?" identificationSchemeURI="?" identificationSchemeVersion="?" identificationSchemeAgency="?">?</naa:Identification>
                                 <!--Optional:-->
                                 <naa:Inclusive Format="?">?</naa:Inclusive>
                                 <!--Optional:-->
                                 <naa:Name LanguageIdentifier="?" LanguageLocaleIdentifier="?">?</naa:Name>
                                 <!--Optional:-->
                                 <naa:Sequence identificationSchemeName="?" identificationSchemeURI="?" identificationSchemeVersion="?" identificationSchemeAgency="?">?</naa:Sequence>
                                 <naa:Start Format="?">?</naa:Start>
                              </naa:ValidityPeriod>
                           </naa:PersonName>
                           <!--Optional:-->
                           <naa:Responsibility LanguageIdentifier="?" LanguageLocaleIdentifier="?">?</naa:Responsibility>
                           <!--Zero or more repetitions:-->
                           <naa:Telephone ref="?">
                              <!--Optional:-->
                              <naa:AreaCode codeName="?" codeListURI="?" codeListAgency="?" codeListName="?" codeListVersion="?">?</naa:AreaCode>
                              <!--Optional:-->
                              <naa:CountryCode codeName="?" codeListURI="?" codeListAgency="?" codeListName="?" codeListVersion="?">?</naa:CountryCode>
                              <!--Optional:-->
                              <naa:Extension LanguageIdentifier="?" LanguageLocaleIdentifier="?">?</naa:Extension>
                              <naa:Number identificationSchemeName="?" identificationSchemeURI="?" identificationSchemeVersion="?" identificationSchemeAgency="?">?</naa:Number>
                              <naa:Type codeName="?" codeListURI="?" codeListAgency="?" codeListName="?" codeListVersion="?">?</naa:Type>
                           </naa:Telephone>
                           <!--Optional:-->
                           <naa:Type codeName="?" codeListURI="?" codeListAgency="?" codeListName="?" codeListVersion="?">?</naa:Type>
                        </naa:Contact>
                        <!--Optional:-->
                        <naa:Description LanguageIdentifier="?" LanguageLocaleIdentifier="?">?</naa:Description>
                        <naa:Identification identificationSchemeName="?" identificationSchemeURI="?" identificationSchemeVersion="?" identificationSchemeAgency="?">?</naa:Identification>
                        <!--Optional:-->
                        <naa:IndustryClassification codeName="?" codeListURI="?" codeListAgency="?" codeListName="?" codeListVersion="?">?</naa:IndustryClassification>
                        <!--Zero or more repetitions:-->
                        <naa:Internet ref="?">
                           <naa:Type codeName="?" codeListURI="?" codeListAgency="?" codeListName="?" codeListVersion="?">?</naa:Type>
                           <naa:URI>?</naa:URI>
                        </naa:Internet>
                        <!--Optional:-->
                        <naa:IsActive Format="?">?</naa:IsActive>
                        <!--Optional:-->
                        <naa:LegalClassification codeName="?" codeListURI="?" codeListAgency="?" codeListName="?" codeListVersion="?">?</naa:LegalClassification>
                        <!--Zero or more repetitions:-->
                        <naa:Organisation/>
                        <!--1 or more repetitions:-->
                        <naa:OrganisationName ref="?">
                           <naa:Classification codeName="?" codeListURI="?" codeListAgency="?" codeListName="?" codeListVersion="?">?</naa:Classification>
                           <naa:Name LanguageIdentifier="?" LanguageLocaleIdentifier="?">?</naa:Name>
                           <!--Optional:-->
                           <naa:ValidityPeriod ref="?">
                              <!--Optional:-->
                              <naa:Complete Format="?">?</naa:Complete>
                              <!--Optional:-->
                              <naa:Description LanguageIdentifier="?" LanguageLocaleIdentifier="?">?</naa:Description>
                              <!--Optional:-->
                              <naa:Duration UnitCode="?">?</naa:Duration>
                              <!--Optional:-->
                              <naa:End Format="?">?</naa:End>
                              <naa:Identification identificationSchemeName="?" identificationSchemeURI="?" identificationSchemeVersion="?" identificationSchemeAgency="?">?</naa:Identification>
                              <!--Optional:-->
                              <naa:Inclusive Format="?">?</naa:Inclusive>
                              <!--Optional:-->
                              <naa:Name LanguageIdentifier="?" LanguageLocaleIdentifier="?">?</naa:Name>
                              <!--Optional:-->
                              <naa:Sequence identificationSchemeName="?" identificationSchemeURI="?" identificationSchemeVersion="?" identificationSchemeAgency="?">?</naa:Sequence>
                              <naa:Start Format="?">?</naa:Start>
                           </naa:ValidityPeriod>
                        </naa:OrganisationName>
                        <!--Zero or more repetitions:-->
                        <naa:PhysicalAddress ref="?">
                           <!--Zero or more repetitions:-->
                           <naa:Address/>
                           <!--Optional:-->
                           <naa:BlockName LanguageIdentifier="?" LanguageLocaleIdentifier="?">?</naa:BlockName>
                           <!--Optional:-->
                           <naa:BuildingName LanguageIdentifier="?" LanguageLocaleIdentifier="?">?</naa:BuildingName>
                           <!--Optional:-->
                           <naa:BuildingNumber LanguageIdentifier="?" LanguageLocaleIdentifier="?">?</naa:BuildingNumber>
                           <!--Optional:-->
                           <naa:CityName LanguageIdentifier="?" LanguageLocaleIdentifier="?">?</naa:CityName>
                           <!--Optional:-->
                           <naa:Code codeName="?" codeListURI="?" codeListAgency="?" codeListName="?" codeListVersion="?">?</naa:Code>
                           <!--Optional:-->
                           <naa:CountryName codeName="?" codeListURI="?" codeListAgency="?" codeListName="?" codeListVersion="?">?</naa:CountryName>
                           <!--Optional:-->
                           <naa:CountrySubDivision codeName="?" codeListURI="?" codeListAgency="?" codeListName="?" codeListVersion="?">?</naa:CountrySubDivision>
                           <!--Zero or more repetitions:-->
                           <naa:Geocode ref="?">
                              <!--Optional:-->
                              <naa:AltimetricSystem codeName="?" codeListURI="?" codeListAgency="?" codeListName="?" codeListVersion="?">?</naa:AltimetricSystem>
                              <!--Optional:-->
                              <naa:Altitude Format="?">?</naa:Altitude>
                              <naa:Identification identificationSchemeName="?" identificationSchemeURI="?" identificationSchemeVersion="?" identificationSchemeAgency="?">?</naa:Identification>
                              <naa:Latitude Format="?">?</naa:Latitude>
                              <!--Optional:-->
                              <naa:LatitudeDirection codeName="?" codeListURI="?" codeListAgency="?" codeListName="?" codeListVersion="?">?</naa:LatitudeDirection>
                              <naa:Longitude Format="?">?</naa:Longitude>
                              <!--Optional:-->
                              <naa:LongitudeDirection codeName="?" codeListURI="?" codeListAgency="?" codeListName="?" codeListVersion="?">?</naa:LongitudeDirection>
                              <!--Optional:-->
                              <naa:System codeName="?" codeListURI="?" codeListAgency="?" codeListName="?" codeListVersion="?">?</naa:System>
                           </naa:Geocode>
                           <naa:Identification identificationSchemeName="?" identificationSchemeURI="?" identificationSchemeVersion="?" identificationSchemeAgency="?">?</naa:Identification>
                           <!--Optional:-->
                           <naa:LineFive LanguageIdentifier="?" LanguageLocaleIdentifier="?">?</naa:LineFive>
                           <!--Optional:-->
                           <naa:LineFour LanguageIdentifier="?" LanguageLocaleIdentifier="?">?</naa:LineFour>
                           <!--Optional:-->
                           <naa:LineOne LanguageIdentifier="?" LanguageLocaleIdentifier="?">?</naa:LineOne>
                           <!--Optional:-->
                           <naa:LineSix LanguageIdentifier="?" LanguageLocaleIdentifier="?">?</naa:LineSix>
                           <!--Optional:-->
                           <naa:LineThree LanguageIdentifier="?" LanguageLocaleIdentifier="?">?</naa:LineThree>
                           <!--Optional:-->
                           <naa:LineTwo LanguageIdentifier="?" LanguageLocaleIdentifier="?">?</naa:LineTwo>
                           <!--Optional:-->
                           <naa:PostOfficeBox LanguageIdentifier="?" LanguageLocaleIdentifier="?">?</naa:PostOfficeBox>
                           <!--Optional:-->
                           <naa:Postcode LanguageIdentifier="?" LanguageLocaleIdentifier="?">?</naa:Postcode>
                           <!--Optional:-->
                           <naa:StreetName LanguageIdentifier="?" LanguageLocaleIdentifier="?">?</naa:StreetName>
                           <!--Optional:-->
                           <naa:StreetSuffix codeName="?" codeListURI="?" codeListAgency="?" codeListName="?" codeListVersion="?">?</naa:StreetSuffix>
                           <!--Optional:-->
                           <naa:StreetType codeName="?" codeListURI="?" codeListAgency="?" codeListName="?" codeListVersion="?">?</naa:StreetType>
                           <!--Optional:-->
                           <naa:Usage codeName="?" codeListURI="?" codeListAgency="?" codeListName="?" codeListVersion="?">?</naa:Usage>
                           <!--Optional:-->
                           <naa:UsagePeriod ref="?">
                              <!--Optional:-->
                              <naa:Complete Format="?">?</naa:Complete>
                              <!--Optional:-->
                              <naa:Description LanguageIdentifier="?" LanguageLocaleIdentifier="?">?</naa:Description>
                              <!--Optional:-->
                              <naa:Duration UnitCode="?">?</naa:Duration>
                              <!--Optional:-->
                              <naa:End Format="?">?</naa:End>
                              <naa:Identification identificationSchemeName="?" identificationSchemeURI="?" identificationSchemeVersion="?" identificationSchemeAgency="?">?</naa:Identification>
                              <!--Optional:-->
                              <naa:Inclusive Format="?">?</naa:Inclusive>
                              <!--Optional:-->
                              <naa:Name LanguageIdentifier="?" LanguageLocaleIdentifier="?">?</naa:Name>
                              <!--Optional:-->
                              <naa:Sequence identificationSchemeName="?" identificationSchemeURI="?" identificationSchemeVersion="?" identificationSchemeAgency="?">?</naa:Sequence>
                              <naa:Start Format="?">?</naa:Start>
                           </naa:UsagePeriod>
                        </naa:PhysicalAddress>
                        <!--Zero or more repetitions:-->
                        <naa:PostalAddress ref="?">
                           <!--Zero or more repetitions:-->
                           <naa:Address/>
                           <!--Optional:-->
                           <naa:BlockName LanguageIdentifier="?" LanguageLocaleIdentifier="?">?</naa:BlockName>
                           <!--Optional:-->
                           <naa:BuildingName LanguageIdentifier="?" LanguageLocaleIdentifier="?">?</naa:BuildingName>
                           <!--Optional:-->
                           <naa:BuildingNumber LanguageIdentifier="?" LanguageLocaleIdentifier="?">?</naa:BuildingNumber>
                           <!--Optional:-->
                           <naa:CityName LanguageIdentifier="?" LanguageLocaleIdentifier="?">?</naa:CityName>
                           <!--Optional:-->
                           <naa:Code codeName="?" codeListURI="?" codeListAgency="?" codeListName="?" codeListVersion="?">?</naa:Code>
                           <!--Optional:-->
                           <naa:CountryName codeName="?" codeListURI="?" codeListAgency="?" codeListName="?" codeListVersion="?">?</naa:CountryName>
                           <!--Optional:-->
                           <naa:CountrySubDivision codeName="?" codeListURI="?" codeListAgency="?" codeListName="?" codeListVersion="?">?</naa:CountrySubDivision>
                           <!--Zero or more repetitions:-->
                           <naa:Geocode ref="?">
                              <!--Optional:-->
                              <naa:AltimetricSystem codeName="?" codeListURI="?" codeListAgency="?" codeListName="?" codeListVersion="?">?</naa:AltimetricSystem>
                              <!--Optional:-->
                              <naa:Altitude Format="?">?</naa:Altitude>
                              <naa:Identification identificationSchemeName="?" identificationSchemeURI="?" identificationSchemeVersion="?" identificationSchemeAgency="?">?</naa:Identification>
                              <naa:Latitude Format="?">?</naa:Latitude>
                              <!--Optional:-->
                              <naa:LatitudeDirection codeName="?" codeListURI="?" codeListAgency="?" codeListName="?" codeListVersion="?">?</naa:LatitudeDirection>
                              <naa:Longitude Format="?">?</naa:Longitude>
                              <!--Optional:-->
                              <naa:LongitudeDirection codeName="?" codeListURI="?" codeListAgency="?" codeListName="?" codeListVersion="?">?</naa:LongitudeDirection>
                              <!--Optional:-->
                              <naa:System codeName="?" codeListURI="?" codeListAgency="?" codeListName="?" codeListVersion="?">?</naa:System>
                           </naa:Geocode>
                           <naa:Identification identificationSchemeName="?" identificationSchemeURI="?" identificationSchemeVersion="?" identificationSchemeAgency="?">?</naa:Identification>
                           <!--Optional:-->
                           <naa:LineFive LanguageIdentifier="?" LanguageLocaleIdentifier="?">?</naa:LineFive>
                           <!--Optional:-->
                           <naa:LineFour LanguageIdentifier="?" LanguageLocaleIdentifier="?">?</naa:LineFour>
                           <!--Optional:-->
                           <naa:LineOne LanguageIdentifier="?" LanguageLocaleIdentifier="?">?</naa:LineOne>
                           <!--Optional:-->
                           <naa:LineSix LanguageIdentifier="?" LanguageLocaleIdentifier="?">?</naa:LineSix>
                           <!--Optional:-->
                           <naa:LineThree LanguageIdentifier="?" LanguageLocaleIdentifier="?">?</naa:LineThree>
                           <!--Optional:-->
                           <naa:LineTwo LanguageIdentifier="?" LanguageLocaleIdentifier="?">?</naa:LineTwo>
                           <!--Optional:-->
                           <naa:PostOfficeBox LanguageIdentifier="?" LanguageLocaleIdentifier="?">?</naa:PostOfficeBox>
                           <!--Optional:-->
                           <naa:Postcode LanguageIdentifier="?" LanguageLocaleIdentifier="?">?</naa:Postcode>
                           <!--Optional:-->
                           <naa:StreetName LanguageIdentifier="?" LanguageLocaleIdentifier="?">?</naa:StreetName>
                           <!--Optional:-->
                           <naa:StreetSuffix codeName="?" codeListURI="?" codeListAgency="?" codeListName="?" codeListVersion="?">?</naa:StreetSuffix>
                           <!--Optional:-->
                           <naa:StreetType codeName="?" codeListURI="?" codeListAgency="?" codeListName="?" codeListVersion="?">?</naa:StreetType>
                           <!--Optional:-->
                           <naa:Usage codeName="?" codeListURI="?" codeListAgency="?" codeListName="?" codeListVersion="?">?</naa:Usage>
                           <!--Optional:-->
                           <naa:UsagePeriod ref="?">
                              <!--Optional:-->
                              <naa:Complete Format="?">?</naa:Complete>
                              <!--Optional:-->
                              <naa:Description LanguageIdentifier="?" LanguageLocaleIdentifier="?">?</naa:Description>
                              <!--Optional:-->
                              <naa:Duration UnitCode="?">?</naa:Duration>
                              <!--Optional:-->
                              <naa:End Format="?">?</naa:End>
                              <naa:Identification identificationSchemeName="?" identificationSchemeURI="?" identificationSchemeVersion="?" identificationSchemeAgency="?">?</naa:Identification>
                              <!--Optional:-->
                              <naa:Inclusive Format="?">?</naa:Inclusive>
                              <!--Optional:-->
                              <naa:Name LanguageIdentifier="?" LanguageLocaleIdentifier="?">?</naa:Name>
                              <!--Optional:-->
                              <naa:Sequence identificationSchemeName="?" identificationSchemeURI="?" identificationSchemeVersion="?" identificationSchemeAgency="?">?</naa:Sequence>
                              <naa:Start Format="?">?</naa:Start>
                           </naa:UsagePeriod>
                        </naa:PostalAddress>
                        <!--Zero or more repetitions:-->
                        <naa:Registration ref="?">
                           <!--Optional:-->
                           <naa:Category codeName="?" codeListURI="?" codeListAgency="?" codeListName="?" codeListVersion="?">?</naa:Category>
                           <!--Optional:-->
                           <naa:Country codeName="?" codeListURI="?" codeListAgency="?" codeListName="?" codeListVersion="?">?</naa:Country>
                           <naa:Identification identificationSchemeName="?" identificationSchemeURI="?" identificationSchemeVersion="?" identificationSchemeAgency="?">?</naa:Identification>
                           <!--Optional:-->
                           <naa:Licence identificationSchemeName="?" identificationSchemeURI="?" identificationSchemeVersion="?" identificationSchemeAgency="?">?</naa:Licence>
                           <!--Optional:-->
                           <naa:Recorded Format="?">?</naa:Recorded>
                           <!--Optional:-->
                           <naa:Type codeName="?" codeListURI="?" codeListAgency="?" codeListName="?" codeListVersion="?">?</naa:Type>
                           <!--Optional:-->
                           <naa:ValidityPeriod ref="?">
                              <!--Optional:-->
                              <naa:Complete Format="?">?</naa:Complete>
                              <!--Optional:-->
                              <naa:Description LanguageIdentifier="?" LanguageLocaleIdentifier="?">?</naa:Description>
                              <!--Optional:-->
                              <naa:Duration UnitCode="?">?</naa:Duration>
                              <!--Optional:-->
                              <naa:End Format="?">?</naa:End>
                              <naa:Identification identificationSchemeName="?" identificationSchemeURI="?" identificationSchemeVersion="?" identificationSchemeAgency="?">?</naa:Identification>
                              <!--Optional:-->
                              <naa:Inclusive Format="?">?</naa:Inclusive>
                              <!--Optional:-->
                              <naa:Name LanguageIdentifier="?" LanguageLocaleIdentifier="?">?</naa:Name>
                              <!--Optional:-->
                              <naa:Sequence identificationSchemeName="?" identificationSchemeURI="?" identificationSchemeVersion="?" identificationSchemeAgency="?">?</naa:Sequence>
                              <naa:Start Format="?">?</naa:Start>
                           </naa:ValidityPeriod>
                        </naa:Registration>
                        <!--Zero or more repetitions:-->
                        <naa:Status ref="?">
                           <naa:Code codeName="?" codeListURI="?" codeListAgency="?" codeListName="?" codeListVersion="?">?</naa:Code>
                           <!--Optional:-->
                           <naa:Description LanguageIdentifier="?" LanguageLocaleIdentifier="?">?</naa:Description>
                           <!--Optional:-->
                           <naa:ValidityPeriod ref="?">
                              <!--Optional:-->
                              <naa:Complete Format="?">?</naa:Complete>
                              <!--Optional:-->
                              <naa:Description LanguageIdentifier="?" LanguageLocaleIdentifier="?">?</naa:Description>
                              <!--Optional:-->
                              <naa:Duration UnitCode="?">?</naa:Duration>
                              <!--Optional:-->
                              <naa:End Format="?">?</naa:End>
                              <naa:Identification identificationSchemeName="?" identificationSchemeURI="?" identificationSchemeVersion="?" identificationSchemeAgency="?">?</naa:Identification>
                              <!--Optional:-->
                              <naa:Inclusive Format="?">?</naa:Inclusive>
                              <!--Optional:-->
                              <naa:Name LanguageIdentifier="?" LanguageLocaleIdentifier="?">?</naa:Name>
                              <!--Optional:-->
                              <naa:Sequence identificationSchemeName="?" identificationSchemeURI="?" identificationSchemeVersion="?" identificationSchemeAgency="?">?</naa:Sequence>
                              <naa:Start Format="?">?</naa:Start>
                           </naa:ValidityPeriod>
                        </naa:Status>
                        <!--Zero or more repetitions:-->
                        <naa:Telephone ref="?">
                           <!--Optional:-->
                           <naa:AreaCode codeName="?" codeListURI="?" codeListAgency="?" codeListName="?" codeListVersion="?">?</naa:AreaCode>
                           <!--Optional:-->
                           <naa:CountryCode codeName="?" codeListURI="?" codeListAgency="?" codeListName="?" codeListVersion="?">?</naa:CountryCode>
                           <!--Optional:-->
                           <naa:Extension LanguageIdentifier="?" LanguageLocaleIdentifier="?">?</naa:Extension>
                           <naa:Number identificationSchemeName="?" identificationSchemeURI="?" identificationSchemeVersion="?" identificationSchemeAgency="?">?</naa:Number>
                           <naa:Type codeName="?" codeListURI="?" codeListAgency="?" codeListName="?" codeListVersion="?">?</naa:Type>
                        </naa:Telephone>
                        <!--Optional:-->
                        <naa:Type codeName="?" codeListURI="?" codeListAgency="?" codeListName="?" codeListVersion="?">?</naa:Type>
                     </naa:Organisation>
                     <!--Optional:-->
                     <naa:Person ref="?">
                        <!--Optional:-->
                        <naa:Description LanguageIdentifier="?" LanguageLocaleIdentifier="?">?</naa:Description>
                        <naa:Identification identificationSchemeName="?" identificationSchemeURI="?" identificationSchemeVersion="?" identificationSchemeAgency="?">?</naa:Identification>
                        <!--Zero or more repetitions:-->
                        <naa:Internet ref="?">
                           <naa:Type codeName="?" codeListURI="?" codeListAgency="?" codeListName="?" codeListVersion="?">?</naa:Type>
                           <naa:URI>?</naa:URI>
                        </naa:Internet>
                        <!--1 or more repetitions:-->
                        <naa:PersonName ref="?">
                           <naa:Classification codeName="?" codeListURI="?" codeListAgency="?" codeListName="?" codeListVersion="?">?</naa:Classification>
                           <!--Optional:-->
                           <naa:FamilyName LanguageIdentifier="?" LanguageLocaleIdentifier="?">?</naa:FamilyName>
                           <!--Optional:-->
                           <naa:FamilyNamePrefix LanguageIdentifier="?" LanguageLocaleIdentifier="?">?</naa:FamilyNamePrefix>
                           <!--Optional:-->
                           <naa:GivenName LanguageIdentifier="?" LanguageLocaleIdentifier="?">?</naa:GivenName>
                           <!--Optional:-->
                           <naa:MiddleName LanguageIdentifier="?" LanguageLocaleIdentifier="?">?</naa:MiddleName>
                           <!--Optional:-->
                           <naa:Name LanguageIdentifier="?" LanguageLocaleIdentifier="?">?</naa:Name>
                           <!--Optional:-->
                           <naa:NameSuffix codeName="?" codeListURI="?" codeListAgency="?" codeListName="?" codeListVersion="?">?</naa:NameSuffix>
                           <!--Optional:-->
                           <naa:Salutation LanguageIdentifier="?" LanguageLocaleIdentifier="?">?</naa:Salutation>
                           <!--Optional:-->
                           <naa:Title codeName="?" codeListURI="?" codeListAgency="?" codeListName="?" codeListVersion="?">?</naa:Title>
                           <!--Optional:-->
                           <naa:ValidityPeriod ref="?">
                              <!--Optional:-->
                              <naa:Complete Format="?">?</naa:Complete>
                              <!--Optional:-->
                              <naa:Description LanguageIdentifier="?" LanguageLocaleIdentifier="?">?</naa:Description>
                              <!--Optional:-->
                              <naa:Duration UnitCode="?">?</naa:Duration>
                              <!--Optional:-->
                              <naa:End Format="?">?</naa:End>
                              <naa:Identification identificationSchemeName="?" identificationSchemeURI="?" identificationSchemeVersion="?" identificationSchemeAgency="?">?</naa:Identification>
                              <!--Optional:-->
                              <naa:Inclusive Format="?">?</naa:Inclusive>
                              <!--Optional:-->
                              <naa:Name LanguageIdentifier="?" LanguageLocaleIdentifier="?">?</naa:Name>
                              <!--Optional:-->
                              <naa:Sequence identificationSchemeName="?" identificationSchemeURI="?" identificationSchemeVersion="?" identificationSchemeAgency="?">?</naa:Sequence>
                              <naa:Start Format="?">?</naa:Start>
                           </naa:ValidityPeriod>
                        </naa:PersonName>
                        <!--Zero or more repetitions:-->
                        <naa:PostalAddress ref="?">
                           <!--Zero or more repetitions:-->
                           <naa:Address/>
                           <!--Optional:-->
                           <naa:BlockName LanguageIdentifier="?" LanguageLocaleIdentifier="?">?</naa:BlockName>
                           <!--Optional:-->
                           <naa:BuildingName LanguageIdentifier="?" LanguageLocaleIdentifier="?">?</naa:BuildingName>
                           <!--Optional:-->
                           <naa:BuildingNumber LanguageIdentifier="?" LanguageLocaleIdentifier="?">?</naa:BuildingNumber>
                           <!--Optional:-->
                           <naa:CityName LanguageIdentifier="?" LanguageLocaleIdentifier="?">?</naa:CityName>
                           <!--Optional:-->
                           <naa:Code codeName="?" codeListURI="?" codeListAgency="?" codeListName="?" codeListVersion="?">?</naa:Code>
                           <!--Optional:-->
                           <naa:CountryName codeName="?" codeListURI="?" codeListAgency="?" codeListName="?" codeListVersion="?">?</naa:CountryName>
                           <!--Optional:-->
                           <naa:CountrySubDivision codeName="?" codeListURI="?" codeListAgency="?" codeListName="?" codeListVersion="?">?</naa:CountrySubDivision>
                           <!--Zero or more repetitions:-->
                           <naa:Geocode ref="?">
                              <!--Optional:-->
                              <naa:AltimetricSystem codeName="?" codeListURI="?" codeListAgency="?" codeListName="?" codeListVersion="?">?</naa:AltimetricSystem>
                              <!--Optional:-->
                              <naa:Altitude Format="?">?</naa:Altitude>
                              <naa:Identification identificationSchemeName="?" identificationSchemeURI="?" identificationSchemeVersion="?" identificationSchemeAgency="?">?</naa:Identification>
                              <naa:Latitude Format="?">?</naa:Latitude>
                              <!--Optional:-->
                              <naa:LatitudeDirection codeName="?" codeListURI="?" codeListAgency="?" codeListName="?" codeListVersion="?">?</naa:LatitudeDirection>
                              <naa:Longitude Format="?">?</naa:Longitude>
                              <!--Optional:-->
                              <naa:LongitudeDirection codeName="?" codeListURI="?" codeListAgency="?" codeListName="?" codeListVersion="?">?</naa:LongitudeDirection>
                              <!--Optional:-->
                              <naa:System codeName="?" codeListURI="?" codeListAgency="?" codeListName="?" codeListVersion="?">?</naa:System>
                           </naa:Geocode>
                           <naa:Identification identificationSchemeName="?" identificationSchemeURI="?" identificationSchemeVersion="?" identificationSchemeAgency="?">?</naa:Identification>
                           <!--Optional:-->
                           <naa:LineFive LanguageIdentifier="?" LanguageLocaleIdentifier="?">?</naa:LineFive>
                           <!--Optional:-->
                           <naa:LineFour LanguageIdentifier="?" LanguageLocaleIdentifier="?">?</naa:LineFour>
                           <!--Optional:-->
                           <naa:LineOne LanguageIdentifier="?" LanguageLocaleIdentifier="?">?</naa:LineOne>
                           <!--Optional:-->
                           <naa:LineSix LanguageIdentifier="?" LanguageLocaleIdentifier="?">?</naa:LineSix>
                           <!--Optional:-->
                           <naa:LineThree LanguageIdentifier="?" LanguageLocaleIdentifier="?">?</naa:LineThree>
                           <!--Optional:-->
                           <naa:LineTwo LanguageIdentifier="?" LanguageLocaleIdentifier="?">?</naa:LineTwo>
                           <!--Optional:-->
                           <naa:PostOfficeBox LanguageIdentifier="?" LanguageLocaleIdentifier="?">?</naa:PostOfficeBox>
                           <!--Optional:-->
                           <naa:Postcode LanguageIdentifier="?" LanguageLocaleIdentifier="?">?</naa:Postcode>
                           <!--Optional:-->
                           <naa:StreetName LanguageIdentifier="?" LanguageLocaleIdentifier="?">?</naa:StreetName>
                           <!--Optional:-->
                           <naa:StreetSuffix codeName="?" codeListURI="?" codeListAgency="?" codeListName="?" codeListVersion="?">?</naa:StreetSuffix>
                           <!--Optional:-->
                           <naa:StreetType codeName="?" codeListURI="?" codeListAgency="?" codeListName="?" codeListVersion="?">?</naa:StreetType>
                           <!--Optional:-->
                           <naa:Usage codeName="?" codeListURI="?" codeListAgency="?" codeListName="?" codeListVersion="?">?</naa:Usage>
                           <!--Optional:-->
                           <naa:UsagePeriod ref="?">
                              <!--Optional:-->
                              <naa:Complete Format="?">?</naa:Complete>
                              <!--Optional:-->
                              <naa:Description LanguageIdentifier="?" LanguageLocaleIdentifier="?">?</naa:Description>
                              <!--Optional:-->
                              <naa:Duration UnitCode="?">?</naa:Duration>
                              <!--Optional:-->
                              <naa:End Format="?">?</naa:End>
                              <naa:Identification identificationSchemeName="?" identificationSchemeURI="?" identificationSchemeVersion="?" identificationSchemeAgency="?">?</naa:Identification>
                              <!--Optional:-->
                              <naa:Inclusive Format="?">?</naa:Inclusive>
                              <!--Optional:-->
                              <naa:Name LanguageIdentifier="?" LanguageLocaleIdentifier="?">?</naa:Name>
                              <!--Optional:-->
                              <naa:Sequence identificationSchemeName="?" identificationSchemeURI="?" identificationSchemeVersion="?" identificationSchemeAgency="?">?</naa:Sequence>
                              <naa:Start Format="?">?</naa:Start>
                           </naa:UsagePeriod>
                        </naa:PostalAddress>
                        <!--Zero or more repetitions:-->
                        <naa:Registration ref="?">
                           <!--Optional:-->
                           <naa:Category codeName="?" codeListURI="?" codeListAgency="?" codeListName="?" codeListVersion="?">?</naa:Category>
                           <!--Optional:-->
                           <naa:Country codeName="?" codeListURI="?" codeListAgency="?" codeListName="?" codeListVersion="?">?</naa:Country>
                           <naa:Identification identificationSchemeName="?" identificationSchemeURI="?" identificationSchemeVersion="?" identificationSchemeAgency="?">?</naa:Identification>
                           <!--Optional:-->
                           <naa:Licence identificationSchemeName="?" identificationSchemeURI="?" identificationSchemeVersion="?" identificationSchemeAgency="?">?</naa:Licence>
                           <!--Optional:-->
                           <naa:Recorded Format="?">?</naa:Recorded>
                           <!--Optional:-->
                           <naa:Type codeName="?" codeListURI="?" codeListAgency="?" codeListName="?" codeListVersion="?">?</naa:Type>
                           <!--Optional:-->
                           <naa:ValidityPeriod ref="?">
                              <!--Optional:-->
                              <naa:Complete Format="?">?</naa:Complete>
                              <!--Optional:-->
                              <naa:Description LanguageIdentifier="?" LanguageLocaleIdentifier="?">?</naa:Description>
                              <!--Optional:-->
                              <naa:Duration UnitCode="?">?</naa:Duration>
                              <!--Optional:-->
                              <naa:End Format="?">?</naa:End>
                              <naa:Identification identificationSchemeName="?" identificationSchemeURI="?" identificationSchemeVersion="?" identificationSchemeAgency="?">?</naa:Identification>
                              <!--Optional:-->
                              <naa:Inclusive Format="?">?</naa:Inclusive>
                              <!--Optional:-->
                              <naa:Name LanguageIdentifier="?" LanguageLocaleIdentifier="?">?</naa:Name>
                              <!--Optional:-->
                              <naa:Sequence identificationSchemeName="?" identificationSchemeURI="?" identificationSchemeVersion="?" identificationSchemeAgency="?">?</naa:Sequence>
                              <naa:Start Format="?">?</naa:Start>
                           </naa:ValidityPeriod>
                        </naa:Registration>
                        <!--Zero or more repetitions:-->
                        <naa:ResidentialAddress ref="?">
                           <!--Zero or more repetitions:-->
                           <naa:Address/>
                           <!--Optional:-->
                           <naa:BlockName LanguageIdentifier="?" LanguageLocaleIdentifier="?">?</naa:BlockName>
                           <!--Optional:-->
                           <naa:BuildingName LanguageIdentifier="?" LanguageLocaleIdentifier="?">?</naa:BuildingName>
                           <!--Optional:-->
                           <naa:BuildingNumber LanguageIdentifier="?" LanguageLocaleIdentifier="?">?</naa:BuildingNumber>
                           <!--Optional:-->
                           <naa:CityName LanguageIdentifier="?" LanguageLocaleIdentifier="?">?</naa:CityName>
                           <!--Optional:-->
                           <naa:Code codeName="?" codeListURI="?" codeListAgency="?" codeListName="?" codeListVersion="?">?</naa:Code>
                           <!--Optional:-->
                           <naa:CountryName codeName="?" codeListURI="?" codeListAgency="?" codeListName="?" codeListVersion="?">?</naa:CountryName>
                           <!--Optional:-->
                           <naa:CountrySubDivision codeName="?" codeListURI="?" codeListAgency="?" codeListName="?" codeListVersion="?">?</naa:CountrySubDivision>
                           <!--Zero or more repetitions:-->
                           <naa:Geocode ref="?">
                              <!--Optional:-->
                              <naa:AltimetricSystem codeName="?" codeListURI="?" codeListAgency="?" codeListName="?" codeListVersion="?">?</naa:AltimetricSystem>
                              <!--Optional:-->
                              <naa:Altitude Format="?">?</naa:Altitude>
                              <naa:Identification identificationSchemeName="?" identificationSchemeURI="?" identificationSchemeVersion="?" identificationSchemeAgency="?">?</naa:Identification>
                              <naa:Latitude Format="?">?</naa:Latitude>
                              <!--Optional:-->
                              <naa:LatitudeDirection codeName="?" codeListURI="?" codeListAgency="?" codeListName="?" codeListVersion="?">?</naa:LatitudeDirection>
                              <naa:Longitude Format="?">?</naa:Longitude>
                              <!--Optional:-->
                              <naa:LongitudeDirection codeName="?" codeListURI="?" codeListAgency="?" codeListName="?" codeListVersion="?">?</naa:LongitudeDirection>
                              <!--Optional:-->
                              <naa:System codeName="?" codeListURI="?" codeListAgency="?" codeListName="?" codeListVersion="?">?</naa:System>
                           </naa:Geocode>
                           <naa:Identification identificationSchemeName="?" identificationSchemeURI="?" identificationSchemeVersion="?" identificationSchemeAgency="?">?</naa:Identification>
                           <!--Optional:-->
                           <naa:LineFive LanguageIdentifier="?" LanguageLocaleIdentifier="?">?</naa:LineFive>
                           <!--Optional:-->
                           <naa:LineFour LanguageIdentifier="?" LanguageLocaleIdentifier="?">?</naa:LineFour>
                           <!--Optional:-->
                           <naa:LineOne LanguageIdentifier="?" LanguageLocaleIdentifier="?">?</naa:LineOne>
                           <!--Optional:-->
                           <naa:LineSix LanguageIdentifier="?" LanguageLocaleIdentifier="?">?</naa:LineSix>
                           <!--Optional:-->
                           <naa:LineThree LanguageIdentifier="?" LanguageLocaleIdentifier="?">?</naa:LineThree>
                           <!--Optional:-->
                           <naa:LineTwo LanguageIdentifier="?" LanguageLocaleIdentifier="?">?</naa:LineTwo>
                           <!--Optional:-->
                           <naa:PostOfficeBox LanguageIdentifier="?" LanguageLocaleIdentifier="?">?</naa:PostOfficeBox>
                           <!--Optional:-->
                           <naa:Postcode LanguageIdentifier="?" LanguageLocaleIdentifier="?">?</naa:Postcode>
                           <!--Optional:-->
                           <naa:StreetName LanguageIdentifier="?" LanguageLocaleIdentifier="?">?</naa:StreetName>
                           <!--Optional:-->
                           <naa:StreetSuffix codeName="?" codeListURI="?" codeListAgency="?" codeListName="?" codeListVersion="?">?</naa:StreetSuffix>
                           <!--Optional:-->
                           <naa:StreetType codeName="?" codeListURI="?" codeListAgency="?" codeListName="?" codeListVersion="?">?</naa:StreetType>
                           <!--Optional:-->
                           <naa:Usage codeName="?" codeListURI="?" codeListAgency="?" codeListName="?" codeListVersion="?">?</naa:Usage>
                           <!--Optional:-->
                           <naa:UsagePeriod ref="?">
                              <!--Optional:-->
                              <naa:Complete Format="?">?</naa:Complete>
                              <!--Optional:-->
                              <naa:Description LanguageIdentifier="?" LanguageLocaleIdentifier="?">?</naa:Description>
                              <!--Optional:-->
                              <naa:Duration UnitCode="?">?</naa:Duration>
                              <!--Optional:-->
                              <naa:End Format="?">?</naa:End>
                              <naa:Identification identificationSchemeName="?" identificationSchemeURI="?" identificationSchemeVersion="?" identificationSchemeAgency="?">?</naa:Identification>
                              <!--Optional:-->
                              <naa:Inclusive Format="?">?</naa:Inclusive>
                              <!--Optional:-->
                              <naa:Name LanguageIdentifier="?" LanguageLocaleIdentifier="?">?</naa:Name>
                              <!--Optional:-->
                              <naa:Sequence identificationSchemeName="?" identificationSchemeURI="?" identificationSchemeVersion="?" identificationSchemeAgency="?">?</naa:Sequence>
                              <naa:Start Format="?">?</naa:Start>
                           </naa:UsagePeriod>
                        </naa:ResidentialAddress>
                        <!--Zero or more repetitions:-->
                        <naa:Status ref="?">
                           <naa:Code codeName="?" codeListURI="?" codeListAgency="?" codeListName="?" codeListVersion="?">?</naa:Code>
                           <!--Optional:-->
                           <naa:Description LanguageIdentifier="?" LanguageLocaleIdentifier="?">?</naa:Description>
                           <!--Optional:-->
                           <naa:ValidityPeriod ref="?">
                              <!--Optional:-->
                              <naa:Complete Format="?">?</naa:Complete>
                              <!--Optional:-->
                              <naa:Description LanguageIdentifier="?" LanguageLocaleIdentifier="?">?</naa:Description>
                              <!--Optional:-->
                              <naa:Duration UnitCode="?">?</naa:Duration>
                              <!--Optional:-->
                              <naa:End Format="?">?</naa:End>
                              <naa:Identification identificationSchemeName="?" identificationSchemeURI="?" identificationSchemeVersion="?" identificationSchemeAgency="?">?</naa:Identification>
                              <!--Optional:-->
                              <naa:Inclusive Format="?">?</naa:Inclusive>
                              <!--Optional:-->
                              <naa:Name LanguageIdentifier="?" LanguageLocaleIdentifier="?">?</naa:Name>
                              <!--Optional:-->
                              <naa:Sequence identificationSchemeName="?" identificationSchemeURI="?" identificationSchemeVersion="?" identificationSchemeAgency="?">?</naa:Sequence>
                              <naa:Start Format="?">?</naa:Start>
                           </naa:ValidityPeriod>
                        </naa:Status>
                        <!--Zero or more repetitions:-->
                        <naa:Telephone ref="?">
                           <!--Optional:-->
                           <naa:AreaCode codeName="?" codeListURI="?" codeListAgency="?" codeListName="?" codeListVersion="?">?</naa:AreaCode>
                           <!--Optional:-->
                           <naa:CountryCode codeName="?" codeListURI="?" codeListAgency="?" codeListName="?" codeListVersion="?">?</naa:CountryCode>
                           <!--Optional:-->
                           <naa:Extension LanguageIdentifier="?" LanguageLocaleIdentifier="?">?</naa:Extension>
                           <naa:Number identificationSchemeName="?" identificationSchemeURI="?" identificationSchemeVersion="?" identificationSchemeAgency="?">?</naa:Number>
                           <naa:Type codeName="?" codeListURI="?" codeListAgency="?" codeListName="?" codeListVersion="?">?</naa:Type>
                        </naa:Telephone>
                     </naa:Person>
                     <naa:Identification identificationSchemeName="?" identificationSchemeURI="?" identificationSchemeVersion="?" identificationSchemeAgency="?">?</naa:Identification>
                     <!--Optional:-->
                     <naa:Language codeName="?" codeListURI="?" codeListAgency="?" codeListName="?" codeListVersion="?">?</naa:Language>
                     <naa:Name LanguageIdentifier="?" LanguageLocaleIdentifier="?">?</naa:Name>
                     <!--Optional:-->
                     <naa:Type LanguageIdentifier="?" LanguageLocaleIdentifier="?">?</naa:Type>
                  </da:Party>
                  <!--Optional:-->
                  <da:Type codeName="?" codeListURI="?" codeListAgency="?" codeListName="?" codeListVersion="?">?</da:Type>
               </da:PartyRole>
               <!--Optional:-->
               <da:Type codeName="?" codeListURI="?" codeListAgency="?" codeListName="?" codeListVersion="?">?</da:Type>
            </da:Authorisation>
            <!--Zero or more repetitions:-->
            <da:Comments LanguageIdentifier="?" LanguageLocaleIdentifier="?">?</da:Comments>
            <!--Optional:-->
            <da:CreatedDate Format="?">?</da:CreatedDate>
            <!--Zero or more repetitions:-->
            <da:Determination ref="?">
               <!--Zero or more repetitions:-->
               <da:Attachment ref="?">
                  <!--Zero or more repetitions:-->
                  <da:Contributor LanguageIdentifier="?" LanguageLocaleIdentifier="?">?</da:Contributor>
                  <!--Zero or more repetitions:-->
                  <da:Coverage LanguageIdentifier="?" LanguageLocaleIdentifier="?">?</da:Coverage>
                  <!--Zero or more repetitions:-->
                  <da:Creator LanguageIdentifier="?" LanguageLocaleIdentifier="?">?</da:Creator>
                  <!--Optional:-->
                  <da:Date Format="?">?</da:Date>
                  <!--Zero or more repetitions:-->
                  <da:Description LanguageIdentifier="?" LanguageLocaleIdentifier="?">?</da:Description>
                  <!--Optional:-->
                  <da:Format LanguageIdentifier="?" LanguageLocaleIdentifier="?">?</da:Format>
                  <da:Identification identificationSchemeName="?" identificationSchemeURI="?" identificationSchemeVersion="?" identificationSchemeAgency="?">?</da:Identification>
                  <!--Zero or more repetitions:-->
                  <da:Language LanguageIdentifier="?" LanguageLocaleIdentifier="?">?</da:Language>
                  <!--Zero or more repetitions:-->
                  <da:Publisher LanguageIdentifier="?" LanguageLocaleIdentifier="?">?</da:Publisher>
                  <!--Zero or more repetitions:-->
                  <da:Relation LanguageIdentifier="?" LanguageLocaleIdentifier="?">?</da:Relation>
                  <!--Zero or more repetitions:-->
                  <da:Rights LanguageIdentifier="?" LanguageLocaleIdentifier="?">?</da:Rights>
                  <!--Optional:-->
                  <da:Size UnitCode="?">?</da:Size>
                  <!--Zero or more repetitions:-->
                  <da:Source LanguageIdentifier="?" LanguageLocaleIdentifier="?">?</da:Source>
                  <!--Optional:-->
                  <da:Subject LanguageIdentifier="?" LanguageLocaleIdentifier="?">?</da:Subject>
                  <!--Optional:-->
                  <da:Title LanguageIdentifier="?" LanguageLocaleIdentifier="?">?</da:Title>
                  <!--Optional:-->
                  <da:Type LanguageIdentifier="?" LanguageLocaleIdentifier="?">?</da:Type>
                  <!--Optional:-->
                  <da:Version LanguageIdentifier="?" LanguageLocaleIdentifier="?">?</da:Version>
                  <!--You have a CHOICE of the next 2 items at this level-->
                  <!--Optional:-->
                  <da:Attachment Format="?" MimeCode="?" CharacterSetCode="?" EncodingCode="?" UniformResourceIdentifier="?" Filename="?">cid:507384109160</da:Attachment>
                  <!--Optional:-->
                  <da:URI>?</da:URI>
               </da:Attachment>
               <!--Zero or more repetitions:-->
               <da:Comments LanguageIdentifier="?" LanguageLocaleIdentifier="?">?</da:Comments>
               <!--Zero or more repetitions:-->
               <da:Condition ref="?">
                  <da:Classification codeName="?" codeListURI="?" codeListAgency="?" codeListName="?" codeListVersion="?">?</da:Classification>
                  <!--Optional:-->
                  <da:ConditionReference identificationSchemeName="?" identificationSchemeURI="?" identificationSchemeVersion="?" identificationSchemeAgency="?">?</da:ConditionReference>
                  <!--Optional:-->
                  <da:Detail LanguageIdentifier="?" LanguageLocaleIdentifier="?">?</da:Detail>
                  <da:Identification identificationSchemeName="?" identificationSchemeURI="?" identificationSchemeVersion="?" identificationSchemeAgency="?">?</da:Identification>
                  <!--Optional:-->
                  <da:Type codeName="?" codeListURI="?" codeListAgency="?" codeListName="?" codeListVersion="?">?</da:Type>
               </da:Condition>
               <!--Optional:-->
               <da:DeterminationDate Format="?">?</da:DeterminationDate>
               <da:Identification identificationSchemeName="?" identificationSchemeURI="?" identificationSchemeVersion="?" identificationSchemeAgency="?">?</da:Identification>
               <!--1 or more repetitions:-->
               <da:PartyRole ref="?">
                  <!--Optional:-->
                  <da:DateTime Format="?">?</da:DateTime>
                  <!--1 or more repetitions:-->
                  <da:Party ref="?">
                     <!--Optional:-->
                     <naa:AccessRights codeName="?" codeListURI="?" codeListAgency="?" codeListName="?" codeListVersion="?">?</naa:AccessRights>
                     <!--Optional:-->
                     <naa:Description LanguageIdentifier="?" LanguageLocaleIdentifier="?">?</naa:Description>
                     <!--You have a CHOICE of the next 2 items at this level-->
                     <!--Optional:-->
                     <naa:Organisation ref="?">
                        <!--Zero or more repetitions:-->
                        <naa:Contact ref="?">
                           <!--Optional:-->
                           <naa:DepartmentName LanguageIdentifier="?" LanguageLocaleIdentifier="?">?</naa:DepartmentName>
                           <!--Optional:-->
                           <naa:Description LanguageIdentifier="?" LanguageLocaleIdentifier="?">?</naa:Description>
                           <naa:Identification identificationSchemeName="?" identificationSchemeURI="?" identificationSchemeVersion="?" identificationSchemeAgency="?">?</naa:Identification>
                           <!--Zero or more repetitions:-->
                           <naa:Internet ref="?">
                              <naa:Type codeName="?" codeListURI="?" codeListAgency="?" codeListName="?" codeListVersion="?">?</naa:Type>
                              <naa:URI>?</naa:URI>
                           </naa:Internet>
                           <!--Optional:-->
                           <naa:IsPrimary Format="?">?</naa:IsPrimary>
                           <!--Optional:-->
                           <naa:JobTitle LanguageIdentifier="?" LanguageLocaleIdentifier="?">?</naa:JobTitle>
                           <!--Optional:-->
                           <naa:PersonName ref="?">
                              <naa:Classification codeName="?" codeListURI="?" codeListAgency="?" codeListName="?" codeListVersion="?">?</naa:Classification>
                              <!--Optional:-->
                              <naa:FamilyName LanguageIdentifier="?" LanguageLocaleIdentifier="?">?</naa:FamilyName>
                              <!--Optional:-->
                              <naa:FamilyNamePrefix LanguageIdentifier="?" LanguageLocaleIdentifier="?">?</naa:FamilyNamePrefix>
                              <!--Optional:-->
                              <naa:GivenName LanguageIdentifier="?" LanguageLocaleIdentifier="?">?</naa:GivenName>
                              <!--Optional:-->
                              <naa:MiddleName LanguageIdentifier="?" LanguageLocaleIdentifier="?">?</naa:MiddleName>
                              <!--Optional:-->
                              <naa:Name LanguageIdentifier="?" LanguageLocaleIdentifier="?">?</naa:Name>
                              <!--Optional:-->
                              <naa:NameSuffix codeName="?" codeListURI="?" codeListAgency="?" codeListName="?" codeListVersion="?">?</naa:NameSuffix>
                              <!--Optional:-->
                              <naa:Salutation LanguageIdentifier="?" LanguageLocaleIdentifier="?">?</naa:Salutation>
                              <!--Optional:-->
                              <naa:Title codeName="?" codeListURI="?" codeListAgency="?" codeListName="?" codeListVersion="?">?</naa:Title>
                              <!--Optional:-->
                              <naa:ValidityPeriod ref="?">
                                 <!--Optional:-->
                                 <naa:Complete Format="?">?</naa:Complete>
                                 <!--Optional:-->
                                 <naa:Description LanguageIdentifier="?" LanguageLocaleIdentifier="?">?</naa:Description>
                                 <!--Optional:-->
                                 <naa:Duration UnitCode="?">?</naa:Duration>
                                 <!--Optional:-->
                                 <naa:End Format="?">?</naa:End>
                                 <naa:Identification identificationSchemeName="?" identificationSchemeURI="?" identificationSchemeVersion="?" identificationSchemeAgency="?">?</naa:Identification>
                                 <!--Optional:-->
                                 <naa:Inclusive Format="?">?</naa:Inclusive>
                                 <!--Optional:-->
                                 <naa:Name LanguageIdentifier="?" LanguageLocaleIdentifier="?">?</naa:Name>
                                 <!--Optional:-->
                                 <naa:Sequence identificationSchemeName="?" identificationSchemeURI="?" identificationSchemeVersion="?" identificationSchemeAgency="?">?</naa:Sequence>
                                 <naa:Start Format="?">?</naa:Start>
                              </naa:ValidityPeriod>
                           </naa:PersonName>
                           <!--Optional:-->
                           <naa:Responsibility LanguageIdentifier="?" LanguageLocaleIdentifier="?">?</naa:Responsibility>
                           <!--Zero or more repetitions:-->
                           <naa:Telephone ref="?">
                              <!--Optional:-->
                              <naa:AreaCode codeName="?" codeListURI="?" codeListAgency="?" codeListName="?" codeListVersion="?">?</naa:AreaCode>
                              <!--Optional:-->
                              <naa:CountryCode codeName="?" codeListURI="?" codeListAgency="?" codeListName="?" codeListVersion="?">?</naa:CountryCode>
                              <!--Optional:-->
                              <naa:Extension LanguageIdentifier="?" LanguageLocaleIdentifier="?">?</naa:Extension>
                              <naa:Number identificationSchemeName="?" identificationSchemeURI="?" identificationSchemeVersion="?" identificationSchemeAgency="?">?</naa:Number>
                              <naa:Type codeName="?" codeListURI="?" codeListAgency="?" codeListName="?" codeListVersion="?">?</naa:Type>
                           </naa:Telephone>
                           <!--Optional:-->
                           <naa:Type codeName="?" codeListURI="?" codeListAgency="?" codeListName="?" codeListVersion="?">?</naa:Type>
                        </naa:Contact>
                        <!--Optional:-->
                        <naa:Description LanguageIdentifier="?" LanguageLocaleIdentifier="?">?</naa:Description>
                        <naa:Identification identificationSchemeName="?" identificationSchemeURI="?" identificationSchemeVersion="?" identificationSchemeAgency="?">?</naa:Identification>
                        <!--Optional:-->
                        <naa:IndustryClassification codeName="?" codeListURI="?" codeListAgency="?" codeListName="?" codeListVersion="?">?</naa:IndustryClassification>
                        <!--Zero or more repetitions:-->
                        <naa:Internet ref="?">
                           <naa:Type codeName="?" codeListURI="?" codeListAgency="?" codeListName="?" codeListVersion="?">?</naa:Type>
                           <naa:URI>?</naa:URI>
                        </naa:Internet>
                        <!--Optional:-->
                        <naa:IsActive Format="?">?</naa:IsActive>
                        <!--Optional:-->
                        <naa:LegalClassification codeName="?" codeListURI="?" codeListAgency="?" codeListName="?" codeListVersion="?">?</naa:LegalClassification>
                        <!--Zero or more repetitions:-->
                        <naa:Organisation/>
                        <!--1 or more repetitions:-->
                        <naa:OrganisationName ref="?">
                           <naa:Classification codeName="?" codeListURI="?" codeListAgency="?" codeListName="?" codeListVersion="?">?</naa:Classification>
                           <naa:Name LanguageIdentifier="?" LanguageLocaleIdentifier="?">?</naa:Name>
                           <!--Optional:-->
                           <naa:ValidityPeriod ref="?">
                              <!--Optional:-->
                              <naa:Complete Format="?">?</naa:Complete>
                              <!--Optional:-->
                              <naa:Description LanguageIdentifier="?" LanguageLocaleIdentifier="?">?</naa:Description>
                              <!--Optional:-->
                              <naa:Duration UnitCode="?">?</naa:Duration>
                              <!--Optional:-->
                              <naa:End Format="?">?</naa:End>
                              <naa:Identification identificationSchemeName="?" identificationSchemeURI="?" identificationSchemeVersion="?" identificationSchemeAgency="?">?</naa:Identification>
                              <!--Optional:-->
                              <naa:Inclusive Format="?">?</naa:Inclusive>
                              <!--Optional:-->
                              <naa:Name LanguageIdentifier="?" LanguageLocaleIdentifier="?">?</naa:Name>
                              <!--Optional:-->
                              <naa:Sequence identificationSchemeName="?" identificationSchemeURI="?" identificationSchemeVersion="?" identificationSchemeAgency="?">?</naa:Sequence>
                              <naa:Start Format="?">?</naa:Start>
                           </naa:ValidityPeriod>
                        </naa:OrganisationName>
                        <!--Zero or more repetitions:-->
                        <naa:PhysicalAddress ref="?">
                           <!--Zero or more repetitions:-->
                           <naa:Address/>
                           <!--Optional:-->
                           <naa:BlockName LanguageIdentifier="?" LanguageLocaleIdentifier="?">?</naa:BlockName>
                           <!--Optional:-->
                           <naa:BuildingName LanguageIdentifier="?" LanguageLocaleIdentifier="?">?</naa:BuildingName>
                           <!--Optional:-->
                           <naa:BuildingNumber LanguageIdentifier="?" LanguageLocaleIdentifier="?">?</naa:BuildingNumber>
                           <!--Optional:-->
                           <naa:CityName LanguageIdentifier="?" LanguageLocaleIdentifier="?">?</naa:CityName>
                           <!--Optional:-->
                           <naa:Code codeName="?" codeListURI="?" codeListAgency="?" codeListName="?" codeListVersion="?">?</naa:Code>
                           <!--Optional:-->
                           <naa:CountryName codeName="?" codeListURI="?" codeListAgency="?" codeListName="?" codeListVersion="?">?</naa:CountryName>
                           <!--Optional:-->
                           <naa:CountrySubDivision codeName="?" codeListURI="?" codeListAgency="?" codeListName="?" codeListVersion="?">?</naa:CountrySubDivision>
                           <!--Zero or more repetitions:-->
                           <naa:Geocode ref="?">
                              <!--Optional:-->
                              <naa:AltimetricSystem codeName="?" codeListURI="?" codeListAgency="?" codeListName="?" codeListVersion="?">?</naa:AltimetricSystem>
                              <!--Optional:-->
                              <naa:Altitude Format="?">?</naa:Altitude>
                              <naa:Identification identificationSchemeName="?" identificationSchemeURI="?" identificationSchemeVersion="?" identificationSchemeAgency="?">?</naa:Identification>
                              <naa:Latitude Format="?">?</naa:Latitude>
                              <!--Optional:-->
                              <naa:LatitudeDirection codeName="?" codeListURI="?" codeListAgency="?" codeListName="?" codeListVersion="?">?</naa:LatitudeDirection>
                              <naa:Longitude Format="?">?</naa:Longitude>
                              <!--Optional:-->
                              <naa:LongitudeDirection codeName="?" codeListURI="?" codeListAgency="?" codeListName="?" codeListVersion="?">?</naa:LongitudeDirection>
                              <!--Optional:-->
                              <naa:System codeName="?" codeListURI="?" codeListAgency="?" codeListName="?" codeListVersion="?">?</naa:System>
                           </naa:Geocode>
                           <naa:Identification identificationSchemeName="?" identificationSchemeURI="?" identificationSchemeVersion="?" identificationSchemeAgency="?">?</naa:Identification>
                           <!--Optional:-->
                           <naa:LineFive LanguageIdentifier="?" LanguageLocaleIdentifier="?">?</naa:LineFive>
                           <!--Optional:-->
                           <naa:LineFour LanguageIdentifier="?" LanguageLocaleIdentifier="?">?</naa:LineFour>
                           <!--Optional:-->
                           <naa:LineOne LanguageIdentifier="?" LanguageLocaleIdentifier="?">?</naa:LineOne>
                           <!--Optional:-->
                           <naa:LineSix LanguageIdentifier="?" LanguageLocaleIdentifier="?">?</naa:LineSix>
                           <!--Optional:-->
                           <naa:LineThree LanguageIdentifier="?" LanguageLocaleIdentifier="?">?</naa:LineThree>
                           <!--Optional:-->
                           <naa:LineTwo LanguageIdentifier="?" LanguageLocaleIdentifier="?">?</naa:LineTwo>
                           <!--Optional:-->
                           <naa:PostOfficeBox LanguageIdentifier="?" LanguageLocaleIdentifier="?">?</naa:PostOfficeBox>
                           <!--Optional:-->
                           <naa:Postcode LanguageIdentifier="?" LanguageLocaleIdentifier="?">?</naa:Postcode>
                           <!--Optional:-->
                           <naa:StreetName LanguageIdentifier="?" LanguageLocaleIdentifier="?">?</naa:StreetName>
                           <!--Optional:-->
                           <naa:StreetSuffix codeName="?" codeListURI="?" codeListAgency="?" codeListName="?" codeListVersion="?">?</naa:StreetSuffix>
                           <!--Optional:-->
                           <naa:StreetType codeName="?" codeListURI="?" codeListAgency="?" codeListName="?" codeListVersion="?">?</naa:StreetType>
                           <!--Optional:-->
                           <naa:Usage codeName="?" codeListURI="?" codeListAgency="?" codeListName="?" codeListVersion="?">?</naa:Usage>
                           <!--Optional:-->
                           <naa:UsagePeriod ref="?">
                              <!--Optional:-->
                              <naa:Complete Format="?">?</naa:Complete>
                              <!--Optional:-->
                              <naa:Description LanguageIdentifier="?" LanguageLocaleIdentifier="?">?</naa:Description>
                              <!--Optional:-->
                              <naa:Duration UnitCode="?">?</naa:Duration>
                              <!--Optional:-->
                              <naa:End Format="?">?</naa:End>
                              <naa:Identification identificationSchemeName="?" identificationSchemeURI="?" identificationSchemeVersion="?" identificationSchemeAgency="?">?</naa:Identification>
                              <!--Optional:-->
                              <naa:Inclusive Format="?">?</naa:Inclusive>
                              <!--Optional:-->
                              <naa:Name LanguageIdentifier="?" LanguageLocaleIdentifier="?">?</naa:Name>
                              <!--Optional:-->
                              <naa:Sequence identificationSchemeName="?" identificationSchemeURI="?" identificationSchemeVersion="?" identificationSchemeAgency="?">?</naa:Sequence>
                              <naa:Start Format="?">?</naa:Start>
                           </naa:UsagePeriod>
                        </naa:PhysicalAddress>
                        <!--Zero or more repetitions:-->
                        <naa:PostalAddress ref="?">
                           <!--Zero or more repetitions:-->
                           <naa:Address/>
                           <!--Optional:-->
                           <naa:BlockName LanguageIdentifier="?" LanguageLocaleIdentifier="?">?</naa:BlockName>
                           <!--Optional:-->
                           <naa:BuildingName LanguageIdentifier="?" LanguageLocaleIdentifier="?">?</naa:BuildingName>
                           <!--Optional:-->
                           <naa:BuildingNumber LanguageIdentifier="?" LanguageLocaleIdentifier="?">?</naa:BuildingNumber>
                           <!--Optional:-->
                           <naa:CityName LanguageIdentifier="?" LanguageLocaleIdentifier="?">?</naa:CityName>
                           <!--Optional:-->
                           <naa:Code codeName="?" codeListURI="?" codeListAgency="?" codeListName="?" codeListVersion="?">?</naa:Code>
                           <!--Optional:-->
                           <naa:CountryName codeName="?" codeListURI="?" codeListAgency="?" codeListName="?" codeListVersion="?">?</naa:CountryName>
                           <!--Optional:-->
                           <naa:CountrySubDivision codeName="?" codeListURI="?" codeListAgency="?" codeListName="?" codeListVersion="?">?</naa:CountrySubDivision>
                           <!--Zero or more repetitions:-->
                           <naa:Geocode ref="?">
                              <!--Optional:-->
                              <naa:AltimetricSystem codeName="?" codeListURI="?" codeListAgency="?" codeListName="?" codeListVersion="?">?</naa:AltimetricSystem>
                              <!--Optional:-->
                              <naa:Altitude Format="?">?</naa:Altitude>
                              <naa:Identification identificationSchemeName="?" identificationSchemeURI="?" identificationSchemeVersion="?" identificationSchemeAgency="?">?</naa:Identification>
                              <naa:Latitude Format="?">?</naa:Latitude>
                              <!--Optional:-->
                              <naa:LatitudeDirection codeName="?" codeListURI="?" codeListAgency="?" codeListName="?" codeListVersion="?">?</naa:LatitudeDirection>
                              <naa:Longitude Format="?">?</naa:Longitude>
                              <!--Optional:-->
                              <naa:LongitudeDirection codeName="?" codeListURI="?" codeListAgency="?" codeListName="?" codeListVersion="?">?</naa:LongitudeDirection>
                              <!--Optional:-->
                              <naa:System codeName="?" codeListURI="?" codeListAgency="?" codeListName="?" codeListVersion="?">?</naa:System>
                           </naa:Geocode>
                           <naa:Identification identificationSchemeName="?" identificationSchemeURI="?" identificationSchemeVersion="?" identificationSchemeAgency="?">?</naa:Identification>
                           <!--Optional:-->
                           <naa:LineFive LanguageIdentifier="?" LanguageLocaleIdentifier="?">?</naa:LineFive>
                           <!--Optional:-->
                           <naa:LineFour LanguageIdentifier="?" LanguageLocaleIdentifier="?">?</naa:LineFour>
                           <!--Optional:-->
                           <naa:LineOne LanguageIdentifier="?" LanguageLocaleIdentifier="?">?</naa:LineOne>
                           <!--Optional:-->
                           <naa:LineSix LanguageIdentifier="?" LanguageLocaleIdentifier="?">?</naa:LineSix>
                           <!--Optional:-->
                           <naa:LineThree LanguageIdentifier="?" LanguageLocaleIdentifier="?">?</naa:LineThree>
                           <!--Optional:-->
                           <naa:LineTwo LanguageIdentifier="?" LanguageLocaleIdentifier="?">?</naa:LineTwo>
                           <!--Optional:-->
                           <naa:PostOfficeBox LanguageIdentifier="?" LanguageLocaleIdentifier="?">?</naa:PostOfficeBox>
                           <!--Optional:-->
                           <naa:Postcode LanguageIdentifier="?" LanguageLocaleIdentifier="?">?</naa:Postcode>
                           <!--Optional:-->
                           <naa:StreetName LanguageIdentifier="?" LanguageLocaleIdentifier="?">?</naa:StreetName>
                           <!--Optional:-->
                           <naa:StreetSuffix codeName="?" codeListURI="?" codeListAgency="?" codeListName="?" codeListVersion="?">?</naa:StreetSuffix>
                           <!--Optional:-->
                           <naa:StreetType codeName="?" codeListURI="?" codeListAgency="?" codeListName="?" codeListVersion="?">?</naa:StreetType>
                           <!--Optional:-->
                           <naa:Usage codeName="?" codeListURI="?" codeListAgency="?" codeListName="?" codeListVersion="?">?</naa:Usage>
                           <!--Optional:-->
                           <naa:UsagePeriod ref="?">
                              <!--Optional:-->
                              <naa:Complete Format="?">?</naa:Complete>
                              <!--Optional:-->
                              <naa:Description LanguageIdentifier="?" LanguageLocaleIdentifier="?">?</naa:Description>
                              <!--Optional:-->
                              <naa:Duration UnitCode="?">?</naa:Duration>
                              <!--Optional:-->
                              <naa:End Format="?">?</naa:End>
                              <naa:Identification identificationSchemeName="?" identificationSchemeURI="?" identificationSchemeVersion="?" identificationSchemeAgency="?">?</naa:Identification>
                              <!--Optional:-->
                              <naa:Inclusive Format="?">?</naa:Inclusive>
                              <!--Optional:-->
                              <naa:Name LanguageIdentifier="?" LanguageLocaleIdentifier="?">?</naa:Name>
                              <!--Optional:-->
                              <naa:Sequence identificationSchemeName="?" identificationSchemeURI="?" identificationSchemeVersion="?" identificationSchemeAgency="?">?</naa:Sequence>
                              <naa:Start Format="?">?</naa:Start>
                           </naa:UsagePeriod>
                        </naa:PostalAddress>
                        <!--Zero or more repetitions:-->
                        <naa:Registration ref="?">
                           <!--Optional:-->
                           <naa:Category codeName="?" codeListURI="?" codeListAgency="?" codeListName="?" codeListVersion="?">?</naa:Category>
                           <!--Optional:-->
                           <naa:Country codeName="?" codeListURI="?" codeListAgency="?" codeListName="?" codeListVersion="?">?</naa:Country>
                           <naa:Identification identificationSchemeName="?" identificationSchemeURI="?" identificationSchemeVersion="?" identificationSchemeAgency="?">?</naa:Identification>
                           <!--Optional:-->
                           <naa:Licence identificationSchemeName="?" identificationSchemeURI="?" identificationSchemeVersion="?" identificationSchemeAgency="?">?</naa:Licence>
                           <!--Optional:-->
                           <naa:Recorded Format="?">?</naa:Recorded>
                           <!--Optional:-->
                           <naa:Type codeName="?" codeListURI="?" codeListAgency="?" codeListName="?" codeListVersion="?">?</naa:Type>
                           <!--Optional:-->
                           <naa:ValidityPeriod ref="?">
                              <!--Optional:-->
                              <naa:Complete Format="?">?</naa:Complete>
                              <!--Optional:-->
                              <naa:Description LanguageIdentifier="?" LanguageLocaleIdentifier="?">?</naa:Description>
                              <!--Optional:-->
                              <naa:Duration UnitCode="?">?</naa:Duration>
                              <!--Optional:-->
                              <naa:End Format="?">?</naa:End>
                              <naa:Identification identificationSchemeName="?" identificationSchemeURI="?" identificationSchemeVersion="?" identificationSchemeAgency="?">?</naa:Identification>
                              <!--Optional:-->
                              <naa:Inclusive Format="?">?</naa:Inclusive>
                              <!--Optional:-->
                              <naa:Name LanguageIdentifier="?" LanguageLocaleIdentifier="?">?</naa:Name>
                              <!--Optional:-->
                              <naa:Sequence identificationSchemeName="?" identificationSchemeURI="?" identificationSchemeVersion="?" identificationSchemeAgency="?">?</naa:Sequence>
                              <naa:Start Format="?">?</naa:Start>
                           </naa:ValidityPeriod>
                        </naa:Registration>
                        <!--Zero or more repetitions:-->
                        <naa:Status ref="?">
                           <naa:Code codeName="?" codeListURI="?" codeListAgency="?" codeListName="?" codeListVersion="?">?</naa:Code>
                           <!--Optional:-->
                           <naa:Description LanguageIdentifier="?" LanguageLocaleIdentifier="?">?</naa:Description>
                           <!--Optional:-->
                           <naa:ValidityPeriod ref="?">
                              <!--Optional:-->
                              <naa:Complete Format="?">?</naa:Complete>
                              <!--Optional:-->
                              <naa:Description LanguageIdentifier="?" LanguageLocaleIdentifier="?">?</naa:Description>
                              <!--Optional:-->
                              <naa:Duration UnitCode="?">?</naa:Duration>
                              <!--Optional:-->
                              <naa:End Format="?">?</naa:End>
                              <naa:Identification identificationSchemeName="?" identificationSchemeURI="?" identificationSchemeVersion="?" identificationSchemeAgency="?">?</naa:Identification>
                              <!--Optional:-->
                              <naa:Inclusive Format="?">?</naa:Inclusive>
                              <!--Optional:-->
                              <naa:Name LanguageIdentifier="?" LanguageLocaleIdentifier="?">?</naa:Name>
                              <!--Optional:-->
                              <naa:Sequence identificationSchemeName="?" identificationSchemeURI="?" identificationSchemeVersion="?" identificationSchemeAgency="?">?</naa:Sequence>
                              <naa:Start Format="?">?</naa:Start>
                           </naa:ValidityPeriod>
                        </naa:Status>
                        <!--Zero or more repetitions:-->
                        <naa:Telephone ref="?">
                           <!--Optional:-->
                           <naa:AreaCode codeName="?" codeListURI="?" codeListAgency="?" codeListName="?" codeListVersion="?">?</naa:AreaCode>
                           <!--Optional:-->
                           <naa:CountryCode codeName="?" codeListURI="?" codeListAgency="?" codeListName="?" codeListVersion="?">?</naa:CountryCode>
                           <!--Optional:-->
                           <naa:Extension LanguageIdentifier="?" LanguageLocaleIdentifier="?">?</naa:Extension>
                           <naa:Number identificationSchemeName="?" identificationSchemeURI="?" identificationSchemeVersion="?" identificationSchemeAgency="?">?</naa:Number>
                           <naa:Type codeName="?" codeListURI="?" codeListAgency="?" codeListName="?" codeListVersion="?">?</naa:Type>
                        </naa:Telephone>
                        <!--Optional:-->
                        <naa:Type codeName="?" codeListURI="?" codeListAgency="?" codeListName="?" codeListVersion="?">?</naa:Type>
                     </naa:Organisation>
                     <!--Optional:-->
                     <naa:Person ref="?">
                        <!--Optional:-->
                        <naa:Description LanguageIdentifier="?" LanguageLocaleIdentifier="?">?</naa:Description>
                        <naa:Identification identificationSchemeName="?" identificationSchemeURI="?" identificationSchemeVersion="?" identificationSchemeAgency="?">?</naa:Identification>
                        <!--Zero or more repetitions:-->
                        <naa:Internet ref="?">
                           <naa:Type codeName="?" codeListURI="?" codeListAgency="?" codeListName="?" codeListVersion="?">?</naa:Type>
                           <naa:URI>?</naa:URI>
                        </naa:Internet>
                        <!--1 or more repetitions:-->
                        <naa:PersonName ref="?">
                           <naa:Classification codeName="?" codeListURI="?" codeListAgency="?" codeListName="?" codeListVersion="?">?</naa:Classification>
                           <!--Optional:-->
                           <naa:FamilyName LanguageIdentifier="?" LanguageLocaleIdentifier="?">?</naa:FamilyName>
                           <!--Optional:-->
                           <naa:FamilyNamePrefix LanguageIdentifier="?" LanguageLocaleIdentifier="?">?</naa:FamilyNamePrefix>
                           <!--Optional:-->
                           <naa:GivenName LanguageIdentifier="?" LanguageLocaleIdentifier="?">?</naa:GivenName>
                           <!--Optional:-->
                           <naa:MiddleName LanguageIdentifier="?" LanguageLocaleIdentifier="?">?</naa:MiddleName>
                           <!--Optional:-->
                           <naa:Name LanguageIdentifier="?" LanguageLocaleIdentifier="?">?</naa:Name>
                           <!--Optional:-->
                           <naa:NameSuffix codeName="?" codeListURI="?" codeListAgency="?" codeListName="?" codeListVersion="?">?</naa:NameSuffix>
                           <!--Optional:-->
                           <naa:Salutation LanguageIdentifier="?" LanguageLocaleIdentifier="?">?</naa:Salutation>
                           <!--Optional:-->
                           <naa:Title codeName="?" codeListURI="?" codeListAgency="?" codeListName="?" codeListVersion="?">?</naa:Title>
                           <!--Optional:-->
                           <naa:ValidityPeriod ref="?">
                              <!--Optional:-->
                              <naa:Complete Format="?">?</naa:Complete>
                              <!--Optional:-->
                              <naa:Description LanguageIdentifier="?" LanguageLocaleIdentifier="?">?</naa:Description>
                              <!--Optional:-->
                              <naa:Duration UnitCode="?">?</naa:Duration>
                              <!--Optional:-->
                              <naa:End Format="?">?</naa:End>
                              <naa:Identification identificationSchemeName="?" identificationSchemeURI="?" identificationSchemeVersion="?" identificationSchemeAgency="?">?</naa:Identification>
                              <!--Optional:-->
                              <naa:Inclusive Format="?">?</naa:Inclusive>
                              <!--Optional:-->
                              <naa:Name LanguageIdentifier="?" LanguageLocaleIdentifier="?">?</naa:Name>
                              <!--Optional:-->
                              <naa:Sequence identificationSchemeName="?" identificationSchemeURI="?" identificationSchemeVersion="?" identificationSchemeAgency="?">?</naa:Sequence>
                              <naa:Start Format="?">?</naa:Start>
                           </naa:ValidityPeriod>
                        </naa:PersonName>
                        <!--Zero or more repetitions:-->
                        <naa:PostalAddress ref="?">
                           <!--Zero or more repetitions:-->
                           <naa:Address/>
                           <!--Optional:-->
                           <naa:BlockName LanguageIdentifier="?" LanguageLocaleIdentifier="?">?</naa:BlockName>
                           <!--Optional:-->
                           <naa:BuildingName LanguageIdentifier="?" LanguageLocaleIdentifier="?">?</naa:BuildingName>
                           <!--Optional:-->
                           <naa:BuildingNumber LanguageIdentifier="?" LanguageLocaleIdentifier="?">?</naa:BuildingNumber>
                           <!--Optional:-->
                           <naa:CityName LanguageIdentifier="?" LanguageLocaleIdentifier="?">?</naa:CityName>
                           <!--Optional:-->
                           <naa:Code codeName="?" codeListURI="?" codeListAgency="?" codeListName="?" codeListVersion="?">?</naa:Code>
                           <!--Optional:-->
                           <naa:CountryName codeName="?" codeListURI="?" codeListAgency="?" codeListName="?" codeListVersion="?">?</naa:CountryName>
                           <!--Optional:-->
                           <naa:CountrySubDivision codeName="?" codeListURI="?" codeListAgency="?" codeListName="?" codeListVersion="?">?</naa:CountrySubDivision>
                           <!--Zero or more repetitions:-->
                           <naa:Geocode ref="?">
                              <!--Optional:-->
                              <naa:AltimetricSystem codeName="?" codeListURI="?" codeListAgency="?" codeListName="?" codeListVersion="?">?</naa:AltimetricSystem>
                              <!--Optional:-->
                              <naa:Altitude Format="?">?</naa:Altitude>
                              <naa:Identification identificationSchemeName="?" identificationSchemeURI="?" identificationSchemeVersion="?" identificationSchemeAgency="?">?</naa:Identification>
                              <naa:Latitude Format="?">?</naa:Latitude>
                              <!--Optional:-->
                              <naa:LatitudeDirection codeName="?" codeListURI="?" codeListAgency="?" codeListName="?" codeListVersion="?">?</naa:LatitudeDirection>
                              <naa:Longitude Format="?">?</naa:Longitude>
                              <!--Optional:-->
                              <naa:LongitudeDirection codeName="?" codeListURI="?" codeListAgency="?" codeListName="?" codeListVersion="?">?</naa:LongitudeDirection>
                              <!--Optional:-->
                              <naa:System codeName="?" codeListURI="?" codeListAgency="?" codeListName="?" codeListVersion="?">?</naa:System>
                           </naa:Geocode>
                           <naa:Identification identificationSchemeName="?" identificationSchemeURI="?" identificationSchemeVersion="?" identificationSchemeAgency="?">?</naa:Identification>
                           <!--Optional:-->
                           <naa:LineFive LanguageIdentifier="?" LanguageLocaleIdentifier="?">?</naa:LineFive>
                           <!--Optional:-->
                           <naa:LineFour LanguageIdentifier="?" LanguageLocaleIdentifier="?">?</naa:LineFour>
                           <!--Optional:-->
                           <naa:LineOne LanguageIdentifier="?" LanguageLocaleIdentifier="?">?</naa:LineOne>
                           <!--Optional:-->
                           <naa:LineSix LanguageIdentifier="?" LanguageLocaleIdentifier="?">?</naa:LineSix>
                           <!--Optional:-->
                           <naa:LineThree LanguageIdentifier="?" LanguageLocaleIdentifier="?">?</naa:LineThree>
                           <!--Optional:-->
                           <naa:LineTwo LanguageIdentifier="?" LanguageLocaleIdentifier="?">?</naa:LineTwo>
                           <!--Optional:-->
                           <naa:PostOfficeBox LanguageIdentifier="?" LanguageLocaleIdentifier="?">?</naa:PostOfficeBox>
                           <!--Optional:-->
                           <naa:Postcode LanguageIdentifier="?" LanguageLocaleIdentifier="?">?</naa:Postcode>
                           <!--Optional:-->
                           <naa:StreetName LanguageIdentifier="?" LanguageLocaleIdentifier="?">?</naa:StreetName>
                           <!--Optional:-->
                           <naa:StreetSuffix codeName="?" codeListURI="?" codeListAgency="?" codeListName="?" codeListVersion="?">?</naa:StreetSuffix>
                           <!--Optional:-->
                           <naa:StreetType codeName="?" codeListURI="?" codeListAgency="?" codeListName="?" codeListVersion="?">?</naa:StreetType>
                           <!--Optional:-->
                           <naa:Usage codeName="?" codeListURI="?" codeListAgency="?" codeListName="?" codeListVersion="?">?</naa:Usage>
                           <!--Optional:-->
                           <naa:UsagePeriod ref="?">
                              <!--Optional:-->
                              <naa:Complete Format="?">?</naa:Complete>
                              <!--Optional:-->
                              <naa:Description LanguageIdentifier="?" LanguageLocaleIdentifier="?">?</naa:Description>
                              <!--Optional:-->
                              <naa:Duration UnitCode="?">?</naa:Duration>
                              <!--Optional:-->
                              <naa:End Format="?">?</naa:End>
                              <naa:Identification identificationSchemeName="?" identificationSchemeURI="?" identificationSchemeVersion="?" identificationSchemeAgency="?">?</naa:Identification>
                              <!--Optional:-->
                              <naa:Inclusive Format="?">?</naa:Inclusive>
                              <!--Optional:-->
                              <naa:Name LanguageIdentifier="?" LanguageLocaleIdentifier="?">?</naa:Name>
                              <!--Optional:-->
                              <naa:Sequence identificationSchemeName="?" identificationSchemeURI="?" identificationSchemeVersion="?" identificationSchemeAgency="?">?</naa:Sequence>
                              <naa:Start Format="?">?</naa:Start>
                           </naa:UsagePeriod>
                        </naa:PostalAddress>
                        <!--Zero or more repetitions:-->
                        <naa:Registration ref="?">
                           <!--Optional:-->
                           <naa:Category codeName="?" codeListURI="?" codeListAgency="?" codeListName="?" codeListVersion="?">?</naa:Category>
                           <!--Optional:-->
                           <naa:Country codeName="?" codeListURI="?" codeListAgency="?" codeListName="?" codeListVersion="?">?</naa:Country>
                           <naa:Identification identificationSchemeName="?" identificationSchemeURI="?" identificationSchemeVersion="?" identificationSchemeAgency="?">?</naa:Identification>
                           <!--Optional:-->
                           <naa:Licence identificationSchemeName="?" identificationSchemeURI="?" identificationSchemeVersion="?" identificationSchemeAgency="?">?</naa:Licence>
                           <!--Optional:-->
                           <naa:Recorded Format="?">?</naa:Recorded>
                           <!--Optional:-->
                           <naa:Type codeName="?" codeListURI="?" codeListAgency="?" codeListName="?" codeListVersion="?">?</naa:Type>
                           <!--Optional:-->
                           <naa:ValidityPeriod ref="?">
                              <!--Optional:-->
                              <naa:Complete Format="?">?</naa:Complete>
                              <!--Optional:-->
                              <naa:Description LanguageIdentifier="?" LanguageLocaleIdentifier="?">?</naa:Description>
                              <!--Optional:-->
                              <naa:Duration UnitCode="?">?</naa:Duration>
                              <!--Optional:-->
                              <naa:End Format="?">?</naa:End>
                              <naa:Identification identificationSchemeName="?" identificationSchemeURI="?" identificationSchemeVersion="?" identificationSchemeAgency="?">?</naa:Identification>
                              <!--Optional:-->
                              <naa:Inclusive Format="?">?</naa:Inclusive>
                              <!--Optional:-->
                              <naa:Name LanguageIdentifier="?" LanguageLocaleIdentifier="?">?</naa:Name>
                              <!--Optional:-->
                              <naa:Sequence identificationSchemeName="?" identificationSchemeURI="?" identificationSchemeVersion="?" identificationSchemeAgency="?">?</naa:Sequence>
                              <naa:Start Format="?">?</naa:Start>
                           </naa:ValidityPeriod>
                        </naa:Registration>
                        <!--Zero or more repetitions:-->
                        <naa:ResidentialAddress ref="?">
                           <!--Zero or more repetitions:-->
                           <naa:Address/>
                           <!--Optional:-->
                           <naa:BlockName LanguageIdentifier="?" LanguageLocaleIdentifier="?">?</naa:BlockName>
                           <!--Optional:-->
                           <naa:BuildingName LanguageIdentifier="?" LanguageLocaleIdentifier="?">?</naa:BuildingName>
                           <!--Optional:-->
                           <naa:BuildingNumber LanguageIdentifier="?" LanguageLocaleIdentifier="?">?</naa:BuildingNumber>
                           <!--Optional:-->
                           <naa:CityName LanguageIdentifier="?" LanguageLocaleIdentifier="?">?</naa:CityName>
                           <!--Optional:-->
                           <naa:Code codeName="?" codeListURI="?" codeListAgency="?" codeListName="?" codeListVersion="?">?</naa:Code>
                           <!--Optional:-->
                           <naa:CountryName codeName="?" codeListURI="?" codeListAgency="?" codeListName="?" codeListVersion="?">?</naa:CountryName>
                           <!--Optional:-->
                           <naa:CountrySubDivision codeName="?" codeListURI="?" codeListAgency="?" codeListName="?" codeListVersion="?">?</naa:CountrySubDivision>
                           <!--Zero or more repetitions:-->
                           <naa:Geocode ref="?">
                              <!--Optional:-->
                              <naa:AltimetricSystem codeName="?" codeListURI="?" codeListAgency="?" codeListName="?" codeListVersion="?">?</naa:AltimetricSystem>
                              <!--Optional:-->
                              <naa:Altitude Format="?">?</naa:Altitude>
                              <naa:Identification identificationSchemeName="?" identificationSchemeURI="?" identificationSchemeVersion="?" identificationSchemeAgency="?">?</naa:Identification>
                              <naa:Latitude Format="?">?</naa:Latitude>
                              <!--Optional:-->
                              <naa:LatitudeDirection codeName="?" codeListURI="?" codeListAgency="?" codeListName="?" codeListVersion="?">?</naa:LatitudeDirection>
                              <naa:Longitude Format="?">?</naa:Longitude>
                              <!--Optional:-->
                              <naa:LongitudeDirection codeName="?" codeListURI="?" codeListAgency="?" codeListName="?" codeListVersion="?">?</naa:LongitudeDirection>
                              <!--Optional:-->
                              <naa:System codeName="?" codeListURI="?" codeListAgency="?" codeListName="?" codeListVersion="?">?</naa:System>
                           </naa:Geocode>
                           <naa:Identification identificationSchemeName="?" identificationSchemeURI="?" identificationSchemeVersion="?" identificationSchemeAgency="?">?</naa:Identification>
                           <!--Optional:-->
                           <naa:LineFive LanguageIdentifier="?" LanguageLocaleIdentifier="?">?</naa:LineFive>
                           <!--Optional:-->
                           <naa:LineFour LanguageIdentifier="?" LanguageLocaleIdentifier="?">?</naa:LineFour>
                           <!--Optional:-->
                           <naa:LineOne LanguageIdentifier="?" LanguageLocaleIdentifier="?">?</naa:LineOne>
                           <!--Optional:-->
                           <naa:LineSix LanguageIdentifier="?" LanguageLocaleIdentifier="?">?</naa:LineSix>
                           <!--Optional:-->
                           <naa:LineThree LanguageIdentifier="?" LanguageLocaleIdentifier="?">?</naa:LineThree>
                           <!--Optional:-->
                           <naa:LineTwo LanguageIdentifier="?" LanguageLocaleIdentifier="?">?</naa:LineTwo>
                           <!--Optional:-->
                           <naa:PostOfficeBox LanguageIdentifier="?" LanguageLocaleIdentifier="?">?</naa:PostOfficeBox>
                           <!--Optional:-->
                           <naa:Postcode LanguageIdentifier="?" LanguageLocaleIdentifier="?">?</naa:Postcode>
                           <!--Optional:-->
                           <naa:StreetName LanguageIdentifier="?" LanguageLocaleIdentifier="?">?</naa:StreetName>
                           <!--Optional:-->
                           <naa:StreetSuffix codeName="?" codeListURI="?" codeListAgency="?" codeListName="?" codeListVersion="?">?</naa:StreetSuffix>
                           <!--Optional:-->
                           <naa:StreetType codeName="?" codeListURI="?" codeListAgency="?" codeListName="?" codeListVersion="?">?</naa:StreetType>
                           <!--Optional:-->
                           <naa:Usage codeName="?" codeListURI="?" codeListAgency="?" codeListName="?" codeListVersion="?">?</naa:Usage>
                           <!--Optional:-->
                           <naa:UsagePeriod ref="?">
                              <!--Optional:-->
                              <naa:Complete Format="?">?</naa:Complete>
                              <!--Optional:-->
                              <naa:Description LanguageIdentifier="?" LanguageLocaleIdentifier="?">?</naa:Description>
                              <!--Optional:-->
                              <naa:Duration UnitCode="?">?</naa:Duration>
                              <!--Optional:-->
                              <naa:End Format="?">?</naa:End>
                              <naa:Identification identificationSchemeName="?" identificationSchemeURI="?" identificationSchemeVersion="?" identificationSchemeAgency="?">?</naa:Identification>
                              <!--Optional:-->
                              <naa:Inclusive Format="?">?</naa:Inclusive>
                              <!--Optional:-->
                              <naa:Name LanguageIdentifier="?" LanguageLocaleIdentifier="?">?</naa:Name>
                              <!--Optional:-->
                              <naa:Sequence identificationSchemeName="?" identificationSchemeURI="?" identificationSchemeVersion="?" identificationSchemeAgency="?">?</naa:Sequence>
                              <naa:Start Format="?">?</naa:Start>
                           </naa:UsagePeriod>
                        </naa:ResidentialAddress>
                        <!--Zero or more repetitions:-->
                        <naa:Status ref="?">
                           <naa:Code codeName="?" codeListURI="?" codeListAgency="?" codeListName="?" codeListVersion="?">?</naa:Code>
                           <!--Optional:-->
                           <naa:Description LanguageIdentifier="?" LanguageLocaleIdentifier="?">?</naa:Description>
                           <!--Optional:-->
                           <naa:ValidityPeriod ref="?">
                              <!--Optional:-->
                              <naa:Complete Format="?">?</naa:Complete>
                              <!--Optional:-->
                              <naa:Description LanguageIdentifier="?" LanguageLocaleIdentifier="?">?</naa:Description>
                              <!--Optional:-->
                              <naa:Duration UnitCode="?">?</naa:Duration>
                              <!--Optional:-->
                              <naa:End Format="?">?</naa:End>
                              <naa:Identification identificationSchemeName="?" identificationSchemeURI="?" identificationSchemeVersion="?" identificationSchemeAgency="?">?</naa:Identification>
                              <!--Optional:-->
                              <naa:Inclusive Format="?">?</naa:Inclusive>
                              <!--Optional:-->
                              <naa:Name LanguageIdentifier="?" LanguageLocaleIdentifier="?">?</naa:Name>
                              <!--Optional:-->
                              <naa:Sequence identificationSchemeName="?" identificationSchemeURI="?" identificationSchemeVersion="?" identificationSchemeAgency="?">?</naa:Sequence>
                              <naa:Start Format="?">?</naa:Start>
                           </naa:ValidityPeriod>
                        </naa:Status>
                        <!--Zero or more repetitions:-->
                        <naa:Telephone ref="?">
                           <!--Optional:-->
                           <naa:AreaCode codeName="?" codeListURI="?" codeListAgency="?" codeListName="?" codeListVersion="?">?</naa:AreaCode>
                           <!--Optional:-->
                           <naa:CountryCode codeName="?" codeListURI="?" codeListAgency="?" codeListName="?" codeListVersion="?">?</naa:CountryCode>
                           <!--Optional:-->
                           <naa:Extension LanguageIdentifier="?" LanguageLocaleIdentifier="?">?</naa:Extension>
                           <naa:Number identificationSchemeName="?" identificationSchemeURI="?" identificationSchemeVersion="?" identificationSchemeAgency="?">?</naa:Number>
                           <naa:Type codeName="?" codeListURI="?" codeListAgency="?" codeListName="?" codeListVersion="?">?</naa:Type>
                        </naa:Telephone>
                     </naa:Person>
                     <naa:Identification identificationSchemeName="?" identificationSchemeURI="?" identificationSchemeVersion="?" identificationSchemeAgency="?">?</naa:Identification>
                     <!--Optional:-->
                     <naa:Language codeName="?" codeListURI="?" codeListAgency="?" codeListName="?" codeListVersion="?">?</naa:Language>
                     <naa:Name LanguageIdentifier="?" LanguageLocaleIdentifier="?">?</naa:Name>
                     <!--Optional:-->
                     <naa:Type LanguageIdentifier="?" LanguageLocaleIdentifier="?">?</naa:Type>
                  </da:Party>
                  <!--Optional:-->
                  <da:Type codeName="?" codeListURI="?" codeListAgency="?" codeListName="?" codeListVersion="?">?</da:Type>
               </da:PartyRole>
               <!--Zero or more repetitions:-->
               <da:Period ref="?">
                  <!--Optional:-->
                  <naa:Complete Format="?">?</naa:Complete>
                  <!--Optional:-->
                  <naa:Description LanguageIdentifier="?" LanguageLocaleIdentifier="?">?</naa:Description>
                  <!--Optional:-->
                  <naa:Duration UnitCode="?">?</naa:Duration>
                  <!--Optional:-->
                  <naa:End Format="?">?</naa:End>
                  <naa:Identification identificationSchemeName="?" identificationSchemeURI="?" identificationSchemeVersion="?" identificationSchemeAgency="?">?</naa:Identification>
                  <!--Optional:-->
                  <naa:Inclusive Format="?">?</naa:Inclusive>
                  <!--Optional:-->
                  <naa:Name LanguageIdentifier="?" LanguageLocaleIdentifier="?">?</naa:Name>
                  <!--Optional:-->
                  <naa:Sequence identificationSchemeName="?" identificationSchemeURI="?" identificationSchemeVersion="?" identificationSchemeAgency="?">?</naa:Sequence>
                  <naa:Start Format="?">?</naa:Start>
               </da:Period>
               <!--Optional:-->
               <da:SystemRecordedDate Format="?">?</da:SystemRecordedDate>
               <!--Optional:-->
               <da:Type codeName="?" codeListURI="?" codeListAgency="?" codeListName="?" codeListVersion="?">?</da:Type>
            </da:Determination>
            <!--Zero or more repetitions:-->
            <da:Event ref="?">
               <da:DateTime Format="?">?</da:DateTime>
               <!--Optional:-->
               <da:Description LanguageIdentifier="?" LanguageLocaleIdentifier="?">?</da:Description>
               <da:EventCode codeName="?" codeListURI="?" codeListAgency="?" codeListName="?" codeListVersion="?">?</da:EventCode>
               <!--Zero or more repetitions:-->
               <da:Period ref="?">
                  <!--Optional:-->
                  <naa:Complete Format="?">?</naa:Complete>
                  <!--Optional:-->
                  <naa:Description LanguageIdentifier="?" LanguageLocaleIdentifier="?">?</naa:Description>
                  <!--Optional:-->
                  <naa:Duration UnitCode="?">?</naa:Duration>
                  <!--Optional:-->
                  <naa:End Format="?">?</naa:End>
                  <naa:Identification identificationSchemeName="?" identificationSchemeURI="?" identificationSchemeVersion="?" identificationSchemeAgency="?">?</naa:Identification>
                  <!--Optional:-->
                  <naa:Inclusive Format="?">?</naa:Inclusive>
                  <!--Optional:-->
                  <naa:Name LanguageIdentifier="?" LanguageLocaleIdentifier="?">?</naa:Name>
                  <!--Optional:-->
                  <naa:Sequence identificationSchemeName="?" identificationSchemeURI="?" identificationSchemeVersion="?" identificationSchemeAgency="?">?</naa:Sequence>
                  <naa:Start Format="?">?</naa:Start>
               </da:Period>
            </da:Event>
            <!--Zero or more repetitions:-->
            <da:FeeOrLevy ref="?">
               <!--Optional:-->
               <da:DateDue Format="?">?</da:DateDue>
               <!--Optional:-->
               <da:Description LanguageIdentifier="?" LanguageLocaleIdentifier="?">?</da:Description>
               <da:Identification identificationSchemeName="?" identificationSchemeURI="?" identificationSchemeVersion="?" identificationSchemeAgency="?">?</da:Identification>
               <!--Zero or more repetitions:-->
               <da:Payment ref="?">
                  <da:AmountPaid CurrencyCode="?">?</da:AmountPaid>
                  <da:CreationDate Format="?">?</da:CreationDate>
                  <da:DatePaid Format="?">?</da:DatePaid>
                  <!--Optional:-->
                  <da:DiscountPercent Format="?">?</da:DiscountPercent>
                  <da:Identification identificationSchemeName="?" identificationSchemeURI="?" identificationSchemeVersion="?" identificationSchemeAgency="?">?</da:Identification>
                  <!--Optional:-->
                  <da:InstructionCode LanguageIdentifier="?" LanguageLocaleIdentifier="?">?</da:InstructionCode>
                  <!--Optional:-->
                  <da:PayeeName LanguageIdentifier="?" LanguageLocaleIdentifier="?">?</da:PayeeName>
                  <!--Optional:-->
                  <da:PaymentMethod codeName="?" codeListURI="?" codeListAgency="?" codeListName="?" codeListVersion="?">?</da:PaymentMethod>
                  <!--Optional:-->
                  <da:PenaltyPercent Format="?">?</da:PenaltyPercent>
                  <!--Optional:-->
                  <da:PriorityCode LanguageIdentifier="?" LanguageLocaleIdentifier="?">?</da:PriorityCode>
                  <!--Optional:-->
                  <da:ReasonCode LanguageIdentifier="?" LanguageLocaleIdentifier="?">?</da:ReasonCode>
                  <!--Optional:-->
                  <da:ReceiptNumber LanguageIdentifier="?" LanguageLocaleIdentifier="?">?</da:ReceiptNumber>
                  <!--Optional:-->
                  <da:StatusCode LanguageIdentifier="?" LanguageLocaleIdentifier="?">?</da:StatusCode>
                  <!--Optional:-->
                  <da:TaxAmount CurrencyCode="?">?</da:TaxAmount>
                  <!--Optional:-->
                  <da:TaxInvoiceNumber LanguageIdentifier="?" LanguageLocaleIdentifier="?">?</da:TaxInvoiceNumber>
               </da:Payment>
               <da:ValuePayable CurrencyCode="?">?</da:ValuePayable>
            </da:FeeOrLevy>
            <!--Optional:-->
            <da:LastUpdated Format="?">?</da:LastUpdated>
            <!--Optional:-->
            <da:LodgementDate Format="?">?</da:LodgementDate>
            <!--Optional:-->
            <da:NationalApplicationNumber identificationSchemeName="?" identificationSchemeURI="?" identificationSchemeVersion="?" identificationSchemeAgency="?">?</da:NationalApplicationNumber>
            <!--Zero or more repetitions:-->
            <da:PartyRole ref="?">
               <!--Optional:-->
               <da:DateTime Format="?">?</da:DateTime>
               <!--1 or more repetitions:-->
               <da:Party ref="?">
                  <!--Optional:-->
                  <naa:AccessRights codeName="?" codeListURI="?" codeListAgency="?" codeListName="?" codeListVersion="?">?</naa:AccessRights>
                  <!--Optional:-->
                  <naa:Description LanguageIdentifier="?" LanguageLocaleIdentifier="?">?</naa:Description>
                  <!--You have a CHOICE of the next 2 items at this level-->
                  <!--Optional:-->
                  <naa:Organisation ref="?">
                     <!--Zero or more repetitions:-->
                     <naa:Contact ref="?">
                        <!--Optional:-->
                        <naa:DepartmentName LanguageIdentifier="?" LanguageLocaleIdentifier="?">?</naa:DepartmentName>
                        <!--Optional:-->
                        <naa:Description LanguageIdentifier="?" LanguageLocaleIdentifier="?">?</naa:Description>
                        <naa:Identification identificationSchemeName="?" identificationSchemeURI="?" identificationSchemeVersion="?" identificationSchemeAgency="?">?</naa:Identification>
                        <!--Zero or more repetitions:-->
                        <naa:Internet ref="?">
                           <naa:Type codeName="?" codeListURI="?" codeListAgency="?" codeListName="?" codeListVersion="?">?</naa:Type>
                           <naa:URI>?</naa:URI>
                        </naa:Internet>
                        <!--Optional:-->
                        <naa:IsPrimary Format="?">?</naa:IsPrimary>
                        <!--Optional:-->
                        <naa:JobTitle LanguageIdentifier="?" LanguageLocaleIdentifier="?">?</naa:JobTitle>
                        <!--Optional:-->
                        <naa:PersonName ref="?">
                           <naa:Classification codeName="?" codeListURI="?" codeListAgency="?" codeListName="?" codeListVersion="?">?</naa:Classification>
                           <!--Optional:-->
                           <naa:FamilyName LanguageIdentifier="?" LanguageLocaleIdentifier="?">?</naa:FamilyName>
                           <!--Optional:-->
                           <naa:FamilyNamePrefix LanguageIdentifier="?" LanguageLocaleIdentifier="?">?</naa:FamilyNamePrefix>
                           <!--Optional:-->
                           <naa:GivenName LanguageIdentifier="?" LanguageLocaleIdentifier="?">?</naa:GivenName>
                           <!--Optional:-->
                           <naa:MiddleName LanguageIdentifier="?" LanguageLocaleIdentifier="?">?</naa:MiddleName>
                           <!--Optional:-->
                           <naa:Name LanguageIdentifier="?" LanguageLocaleIdentifier="?">?</naa:Name>
                           <!--Optional:-->
                           <naa:NameSuffix codeName="?" codeListURI="?" codeListAgency="?" codeListName="?" codeListVersion="?">?</naa:NameSuffix>
                           <!--Optional:-->
                           <naa:Salutation LanguageIdentifier="?" LanguageLocaleIdentifier="?">?</naa:Salutation>
                           <!--Optional:-->
                           <naa:Title codeName="?" codeListURI="?" codeListAgency="?" codeListName="?" codeListVersion="?">?</naa:Title>
                           <!--Optional:-->
                           <naa:ValidityPeriod ref="?">
                              <!--Optional:-->
                              <naa:Complete Format="?">?</naa:Complete>
                              <!--Optional:-->
                              <naa:Description LanguageIdentifier="?" LanguageLocaleIdentifier="?">?</naa:Description>
                              <!--Optional:-->
                              <naa:Duration UnitCode="?">?</naa:Duration>
                              <!--Optional:-->
                              <naa:End Format="?">?</naa:End>
                              <naa:Identification identificationSchemeName="?" identificationSchemeURI="?" identificationSchemeVersion="?" identificationSchemeAgency="?">?</naa:Identification>
                              <!--Optional:-->
                              <naa:Inclusive Format="?">?</naa:Inclusive>
                              <!--Optional:-->
                              <naa:Name LanguageIdentifier="?" LanguageLocaleIdentifier="?">?</naa:Name>
                              <!--Optional:-->
                              <naa:Sequence identificationSchemeName="?" identificationSchemeURI="?" identificationSchemeVersion="?" identificationSchemeAgency="?">?</naa:Sequence>
                              <naa:Start Format="?">?</naa:Start>
                           </naa:ValidityPeriod>
                        </naa:PersonName>
                        <!--Optional:-->
                        <naa:Responsibility LanguageIdentifier="?" LanguageLocaleIdentifier="?">?</naa:Responsibility>
                        <!--Zero or more repetitions:-->
                        <naa:Telephone ref="?">
                           <!--Optional:-->
                           <naa:AreaCode codeName="?" codeListURI="?" codeListAgency="?" codeListName="?" codeListVersion="?">?</naa:AreaCode>
                           <!--Optional:-->
                           <naa:CountryCode codeName="?" codeListURI="?" codeListAgency="?" codeListName="?" codeListVersion="?">?</naa:CountryCode>
                           <!--Optional:-->
                           <naa:Extension LanguageIdentifier="?" LanguageLocaleIdentifier="?">?</naa:Extension>
                           <naa:Number identificationSchemeName="?" identificationSchemeURI="?" identificationSchemeVersion="?" identificationSchemeAgency="?">?</naa:Number>
                           <naa:Type codeName="?" codeListURI="?" codeListAgency="?" codeListName="?" codeListVersion="?">?</naa:Type>
                        </naa:Telephone>
                        <!--Optional:-->
                        <naa:Type codeName="?" codeListURI="?" codeListAgency="?" codeListName="?" codeListVersion="?">?</naa:Type>
                     </naa:Contact>
                     <!--Optional:-->
                     <naa:Description LanguageIdentifier="?" LanguageLocaleIdentifier="?">?</naa:Description>
                     <naa:Identification identificationSchemeName="?" identificationSchemeURI="?" identificationSchemeVersion="?" identificationSchemeAgency="?">?</naa:Identification>
                     <!--Optional:-->
                     <naa:IndustryClassification codeName="?" codeListURI="?" codeListAgency="?" codeListName="?" codeListVersion="?">?</naa:IndustryClassification>
                     <!--Zero or more repetitions:-->
                     <naa:Internet ref="?">
                        <naa:Type codeName="?" codeListURI="?" codeListAgency="?" codeListName="?" codeListVersion="?">?</naa:Type>
                        <naa:URI>?</naa:URI>
                     </naa:Internet>
                     <!--Optional:-->
                     <naa:IsActive Format="?">?</naa:IsActive>
                     <!--Optional:-->
                     <naa:LegalClassification codeName="?" codeListURI="?" codeListAgency="?" codeListName="?" codeListVersion="?">?</naa:LegalClassification>
                     <!--Zero or more repetitions:-->
                     <naa:Organisation/>
                     <!--1 or more repetitions:-->
                     <naa:OrganisationName ref="?">
                        <naa:Classification codeName="?" codeListURI="?" codeListAgency="?" codeListName="?" codeListVersion="?">?</naa:Classification>
                        <naa:Name LanguageIdentifier="?" LanguageLocaleIdentifier="?">?</naa:Name>
                        <!--Optional:-->
                        <naa:ValidityPeriod ref="?">
                           <!--Optional:-->
                           <naa:Complete Format="?">?</naa:Complete>
                           <!--Optional:-->
                           <naa:Description LanguageIdentifier="?" LanguageLocaleIdentifier="?">?</naa:Description>
                           <!--Optional:-->
                           <naa:Duration UnitCode="?">?</naa:Duration>
                           <!--Optional:-->
                           <naa:End Format="?">?</naa:End>
                           <naa:Identification identificationSchemeName="?" identificationSchemeURI="?" identificationSchemeVersion="?" identificationSchemeAgency="?">?</naa:Identification>
                           <!--Optional:-->
                           <naa:Inclusive Format="?">?</naa:Inclusive>
                           <!--Optional:-->
                           <naa:Name LanguageIdentifier="?" LanguageLocaleIdentifier="?">?</naa:Name>
                           <!--Optional:-->
                           <naa:Sequence identificationSchemeName="?" identificationSchemeURI="?" identificationSchemeVersion="?" identificationSchemeAgency="?">?</naa:Sequence>
                           <naa:Start Format="?">?</naa:Start>
                        </naa:ValidityPeriod>
                     </naa:OrganisationName>
                     <!--Zero or more repetitions:-->
                     <naa:PhysicalAddress ref="?">
                        <!--Zero or more repetitions:-->
                        <naa:Address/>
                        <!--Optional:-->
                        <naa:BlockName LanguageIdentifier="?" LanguageLocaleIdentifier="?">?</naa:BlockName>
                        <!--Optional:-->
                        <naa:BuildingName LanguageIdentifier="?" LanguageLocaleIdentifier="?">?</naa:BuildingName>
                        <!--Optional:-->
                        <naa:BuildingNumber LanguageIdentifier="?" LanguageLocaleIdentifier="?">?</naa:BuildingNumber>
                        <!--Optional:-->
                        <naa:CityName LanguageIdentifier="?" LanguageLocaleIdentifier="?">?</naa:CityName>
                        <!--Optional:-->
                        <naa:Code codeName="?" codeListURI="?" codeListAgency="?" codeListName="?" codeListVersion="?">?</naa:Code>
                        <!--Optional:-->
                        <naa:CountryName codeName="?" codeListURI="?" codeListAgency="?" codeListName="?" codeListVersion="?">?</naa:CountryName>
                        <!--Optional:-->
                        <naa:CountrySubDivision codeName="?" codeListURI="?" codeListAgency="?" codeListName="?" codeListVersion="?">?</naa:CountrySubDivision>
                        <!--Zero or more repetitions:-->
                        <naa:Geocode ref="?">
                           <!--Optional:-->
                           <naa:AltimetricSystem codeName="?" codeListURI="?" codeListAgency="?" codeListName="?" codeListVersion="?">?</naa:AltimetricSystem>
                           <!--Optional:-->
                           <naa:Altitude Format="?">?</naa:Altitude>
                           <naa:Identification identificationSchemeName="?" identificationSchemeURI="?" identificationSchemeVersion="?" identificationSchemeAgency="?">?</naa:Identification>
                           <naa:Latitude Format="?">?</naa:Latitude>
                           <!--Optional:-->
                           <naa:LatitudeDirection codeName="?" codeListURI="?" codeListAgency="?" codeListName="?" codeListVersion="?">?</naa:LatitudeDirection>
                           <naa:Longitude Format="?">?</naa:Longitude>
                           <!--Optional:-->
                           <naa:LongitudeDirection codeName="?" codeListURI="?" codeListAgency="?" codeListName="?" codeListVersion="?">?</naa:LongitudeDirection>
                           <!--Optional:-->
                           <naa:System codeName="?" codeListURI="?" codeListAgency="?" codeListName="?" codeListVersion="?">?</naa:System>
                        </naa:Geocode>
                        <naa:Identification identificationSchemeName="?" identificationSchemeURI="?" identificationSchemeVersion="?" identificationSchemeAgency="?">?</naa:Identification>
                        <!--Optional:-->
                        <naa:LineFive LanguageIdentifier="?" LanguageLocaleIdentifier="?">?</naa:LineFive>
                        <!--Optional:-->
                        <naa:LineFour LanguageIdentifier="?" LanguageLocaleIdentifier="?">?</naa:LineFour>
                        <!--Optional:-->
                        <naa:LineOne LanguageIdentifier="?" LanguageLocaleIdentifier="?">?</naa:LineOne>
                        <!--Optional:-->
                        <naa:LineSix LanguageIdentifier="?" LanguageLocaleIdentifier="?">?</naa:LineSix>
                        <!--Optional:-->
                        <naa:LineThree LanguageIdentifier="?" LanguageLocaleIdentifier="?">?</naa:LineThree>
                        <!--Optional:-->
                        <naa:LineTwo LanguageIdentifier="?" LanguageLocaleIdentifier="?">?</naa:LineTwo>
                        <!--Optional:-->
                        <naa:PostOfficeBox LanguageIdentifier="?" LanguageLocaleIdentifier="?">?</naa:PostOfficeBox>
                        <!--Optional:-->
                        <naa:Postcode LanguageIdentifier="?" LanguageLocaleIdentifier="?">?</naa:Postcode>
                        <!--Optional:-->
                        <naa:StreetName LanguageIdentifier="?" LanguageLocaleIdentifier="?">?</naa:StreetName>
                        <!--Optional:-->
                        <naa:StreetSuffix codeName="?" codeListURI="?" codeListAgency="?" codeListName="?" codeListVersion="?">?</naa:StreetSuffix>
                        <!--Optional:-->
                        <naa:StreetType codeName="?" codeListURI="?" codeListAgency="?" codeListName="?" codeListVersion="?">?</naa:StreetType>
                        <!--Optional:-->
                        <naa:Usage codeName="?" codeListURI="?" codeListAgency="?" codeListName="?" codeListVersion="?">?</naa:Usage>
                        <!--Optional:-->
                        <naa:UsagePeriod ref="?">
                           <!--Optional:-->
                           <naa:Complete Format="?">?</naa:Complete>
                           <!--Optional:-->
                           <naa:Description LanguageIdentifier="?" LanguageLocaleIdentifier="?">?</naa:Description>
                           <!--Optional:-->
                           <naa:Duration UnitCode="?">?</naa:Duration>
                           <!--Optional:-->
                           <naa:End Format="?">?</naa:End>
                           <naa:Identification identificationSchemeName="?" identificationSchemeURI="?" identificationSchemeVersion="?" identificationSchemeAgency="?">?</naa:Identification>
                           <!--Optional:-->
                           <naa:Inclusive Format="?">?</naa:Inclusive>
                           <!--Optional:-->
                           <naa:Name LanguageIdentifier="?" LanguageLocaleIdentifier="?">?</naa:Name>
                           <!--Optional:-->
                           <naa:Sequence identificationSchemeName="?" identificationSchemeURI="?" identificationSchemeVersion="?" identificationSchemeAgency="?">?</naa:Sequence>
                           <naa:Start Format="?">?</naa:Start>
                        </naa:UsagePeriod>
                     </naa:PhysicalAddress>
                     <!--Zero or more repetitions:-->
                     <naa:PostalAddress ref="?">
                        <!--Zero or more repetitions:-->
                        <naa:Address/>
                        <!--Optional:-->
                        <naa:BlockName LanguageIdentifier="?" LanguageLocaleIdentifier="?">?</naa:BlockName>
                        <!--Optional:-->
                        <naa:BuildingName LanguageIdentifier="?" LanguageLocaleIdentifier="?">?</naa:BuildingName>
                        <!--Optional:-->
                        <naa:BuildingNumber LanguageIdentifier="?" LanguageLocaleIdentifier="?">?</naa:BuildingNumber>
                        <!--Optional:-->
                        <naa:CityName LanguageIdentifier="?" LanguageLocaleIdentifier="?">?</naa:CityName>
                        <!--Optional:-->
                        <naa:Code codeName="?" codeListURI="?" codeListAgency="?" codeListName="?" codeListVersion="?">?</naa:Code>
                        <!--Optional:-->
                        <naa:CountryName codeName="?" codeListURI="?" codeListAgency="?" codeListName="?" codeListVersion="?">?</naa:CountryName>
                        <!--Optional:-->
                        <naa:CountrySubDivision codeName="?" codeListURI="?" codeListAgency="?" codeListName="?" codeListVersion="?">?</naa:CountrySubDivision>
                        <!--Zero or more repetitions:-->
                        <naa:Geocode ref="?">
                           <!--Optional:-->
                           <naa:AltimetricSystem codeName="?" codeListURI="?" codeListAgency="?" codeListName="?" codeListVersion="?">?</naa:AltimetricSystem>
                           <!--Optional:-->
                           <naa:Altitude Format="?">?</naa:Altitude>
                           <naa:Identification identificationSchemeName="?" identificationSchemeURI="?" identificationSchemeVersion="?" identificationSchemeAgency="?">?</naa:Identification>
                           <naa:Latitude Format="?">?</naa:Latitude>
                           <!--Optional:-->
                           <naa:LatitudeDirection codeName="?" codeListURI="?" codeListAgency="?" codeListName="?" codeListVersion="?">?</naa:LatitudeDirection>
                           <naa:Longitude Format="?">?</naa:Longitude>
                           <!--Optional:-->
                           <naa:LongitudeDirection codeName="?" codeListURI="?" codeListAgency="?" codeListName="?" codeListVersion="?">?</naa:LongitudeDirection>
                           <!--Optional:-->
                           <naa:System codeName="?" codeListURI="?" codeListAgency="?" codeListName="?" codeListVersion="?">?</naa:System>
                        </naa:Geocode>
                        <naa:Identification identificationSchemeName="?" identificationSchemeURI="?" identificationSchemeVersion="?" identificationSchemeAgency="?">?</naa:Identification>
                        <!--Optional:-->
                        <naa:LineFive LanguageIdentifier="?" LanguageLocaleIdentifier="?">?</naa:LineFive>
                        <!--Optional:-->
                        <naa:LineFour LanguageIdentifier="?" LanguageLocaleIdentifier="?">?</naa:LineFour>
                        <!--Optional:-->
                        <naa:LineOne LanguageIdentifier="?" LanguageLocaleIdentifier="?">?</naa:LineOne>
                        <!--Optional:-->
                        <naa:LineSix LanguageIdentifier="?" LanguageLocaleIdentifier="?">?</naa:LineSix>
                        <!--Optional:-->
                        <naa:LineThree LanguageIdentifier="?" LanguageLocaleIdentifier="?">?</naa:LineThree>
                        <!--Optional:-->
                        <naa:LineTwo LanguageIdentifier="?" LanguageLocaleIdentifier="?">?</naa:LineTwo>
                        <!--Optional:-->
                        <naa:PostOfficeBox LanguageIdentifier="?" LanguageLocaleIdentifier="?">?</naa:PostOfficeBox>
                        <!--Optional:-->
                        <naa:Postcode LanguageIdentifier="?" LanguageLocaleIdentifier="?">?</naa:Postcode>
                        <!--Optional:-->
                        <naa:StreetName LanguageIdentifier="?" LanguageLocaleIdentifier="?">?</naa:StreetName>
                        <!--Optional:-->
                        <naa:StreetSuffix codeName="?" codeListURI="?" codeListAgency="?" codeListName="?" codeListVersion="?">?</naa:StreetSuffix>
                        <!--Optional:-->
                        <naa:StreetType codeName="?" codeListURI="?" codeListAgency="?" codeListName="?" codeListVersion="?">?</naa:StreetType>
                        <!--Optional:-->
                        <naa:Usage codeName="?" codeListURI="?" codeListAgency="?" codeListName="?" codeListVersion="?">?</naa:Usage>
                        <!--Optional:-->
                        <naa:UsagePeriod ref="?">
                           <!--Optional:-->
                           <naa:Complete Format="?">?</naa:Complete>
                           <!--Optional:-->
                           <naa:Description LanguageIdentifier="?" LanguageLocaleIdentifier="?">?</naa:Description>
                           <!--Optional:-->
                           <naa:Duration UnitCode="?">?</naa:Duration>
                           <!--Optional:-->
                           <naa:End Format="?">?</naa:End>
                           <naa:Identification identificationSchemeName="?" identificationSchemeURI="?" identificationSchemeVersion="?" identificationSchemeAgency="?">?</naa:Identification>
                           <!--Optional:-->
                           <naa:Inclusive Format="?">?</naa:Inclusive>
                           <!--Optional:-->
                           <naa:Name LanguageIdentifier="?" LanguageLocaleIdentifier="?">?</naa:Name>
                           <!--Optional:-->
                           <naa:Sequence identificationSchemeName="?" identificationSchemeURI="?" identificationSchemeVersion="?" identificationSchemeAgency="?">?</naa:Sequence>
                           <naa:Start Format="?">?</naa:Start>
                        </naa:UsagePeriod>
                     </naa:PostalAddress>
                     <!--Zero or more repetitions:-->
                     <naa:Registration ref="?">
                        <!--Optional:-->
                        <naa:Category codeName="?" codeListURI="?" codeListAgency="?" codeListName="?" codeListVersion="?">?</naa:Category>
                        <!--Optional:-->
                        <naa:Country codeName="?" codeListURI="?" codeListAgency="?" codeListName="?" codeListVersion="?">?</naa:Country>
                        <naa:Identification identificationSchemeName="?" identificationSchemeURI="?" identificationSchemeVersion="?" identificationSchemeAgency="?">?</naa:Identification>
                        <!--Optional:-->
                        <naa:Licence identificationSchemeName="?" identificationSchemeURI="?" identificationSchemeVersion="?" identificationSchemeAgency="?">?</naa:Licence>
                        <!--Optional:-->
                        <naa:Recorded Format="?">?</naa:Recorded>
                        <!--Optional:-->
                        <naa:Type codeName="?" codeListURI="?" codeListAgency="?" codeListName="?" codeListVersion="?">?</naa:Type>
                        <!--Optional:-->
                        <naa:ValidityPeriod ref="?">
                           <!--Optional:-->
                           <naa:Complete Format="?">?</naa:Complete>
                           <!--Optional:-->
                           <naa:Description LanguageIdentifier="?" LanguageLocaleIdentifier="?">?</naa:Description>
                           <!--Optional:-->
                           <naa:Duration UnitCode="?">?</naa:Duration>
                           <!--Optional:-->
                           <naa:End Format="?">?</naa:End>
                           <naa:Identification identificationSchemeName="?" identificationSchemeURI="?" identificationSchemeVersion="?" identificationSchemeAgency="?">?</naa:Identification>
                           <!--Optional:-->
                           <naa:Inclusive Format="?">?</naa:Inclusive>
                           <!--Optional:-->
                           <naa:Name LanguageIdentifier="?" LanguageLocaleIdentifier="?">?</naa:Name>
                           <!--Optional:-->
                           <naa:Sequence identificationSchemeName="?" identificationSchemeURI="?" identificationSchemeVersion="?" identificationSchemeAgency="?">?</naa:Sequence>
                           <naa:Start Format="?">?</naa:Start>
                        </naa:ValidityPeriod>
                     </naa:Registration>
                     <!--Zero or more repetitions:-->
                     <naa:Status ref="?">
                        <naa:Code codeName="?" codeListURI="?" codeListAgency="?" codeListName="?" codeListVersion="?">?</naa:Code>
                        <!--Optional:-->
                        <naa:Description LanguageIdentifier="?" LanguageLocaleIdentifier="?">?</naa:Description>
                        <!--Optional:-->
                        <naa:ValidityPeriod ref="?">
                           <!--Optional:-->
                           <naa:Complete Format="?">?</naa:Complete>
                           <!--Optional:-->
                           <naa:Description LanguageIdentifier="?" LanguageLocaleIdentifier="?">?</naa:Description>
                           <!--Optional:-->
                           <naa:Duration UnitCode="?">?</naa:Duration>
                           <!--Optional:-->
                           <naa:End Format="?">?</naa:End>
                           <naa:Identification identificationSchemeName="?" identificationSchemeURI="?" identificationSchemeVersion="?" identificationSchemeAgency="?">?</naa:Identification>
                           <!--Optional:-->
                           <naa:Inclusive Format="?">?</naa:Inclusive>
                           <!--Optional:-->
                           <naa:Name LanguageIdentifier="?" LanguageLocaleIdentifier="?">?</naa:Name>
                           <!--Optional:-->
                           <naa:Sequence identificationSchemeName="?" identificationSchemeURI="?" identificationSchemeVersion="?" identificationSchemeAgency="?">?</naa:Sequence>
                           <naa:Start Format="?">?</naa:Start>
                        </naa:ValidityPeriod>
                     </naa:Status>
                     <!--Zero or more repetitions:-->
                     <naa:Telephone ref="?">
                        <!--Optional:-->
                        <naa:AreaCode codeName="?" codeListURI="?" codeListAgency="?" codeListName="?" codeListVersion="?">?</naa:AreaCode>
                        <!--Optional:-->
                        <naa:CountryCode codeName="?" codeListURI="?" codeListAgency="?" codeListName="?" codeListVersion="?">?</naa:CountryCode>
                        <!--Optional:-->
                        <naa:Extension LanguageIdentifier="?" LanguageLocaleIdentifier="?">?</naa:Extension>
                        <naa:Number identificationSchemeName="?" identificationSchemeURI="?" identificationSchemeVersion="?" identificationSchemeAgency="?">?</naa:Number>
                        <naa:Type codeName="?" codeListURI="?" codeListAgency="?" codeListName="?" codeListVersion="?">?</naa:Type>
                     </naa:Telephone>
                     <!--Optional:-->
                     <naa:Type codeName="?" codeListURI="?" codeListAgency="?" codeListName="?" codeListVersion="?">?</naa:Type>
                  </naa:Organisation>
                  <!--Optional:-->
                  <naa:Person ref="?">
                     <!--Optional:-->
                     <naa:Description LanguageIdentifier="?" LanguageLocaleIdentifier="?">?</naa:Description>
                     <naa:Identification identificationSchemeName="?" identificationSchemeURI="?" identificationSchemeVersion="?" identificationSchemeAgency="?">?</naa:Identification>
                     <!--Zero or more repetitions:-->
                     <naa:Internet ref="?">
                        <naa:Type codeName="?" codeListURI="?" codeListAgency="?" codeListName="?" codeListVersion="?">?</naa:Type>
                        <naa:URI>?</naa:URI>
                     </naa:Internet>
                     <!--1 or more repetitions:-->
                     <naa:PersonName ref="?">
                        <naa:Classification codeName="?" codeListURI="?" codeListAgency="?" codeListName="?" codeListVersion="?">?</naa:Classification>
                        <!--Optional:-->
                        <naa:FamilyName LanguageIdentifier="?" LanguageLocaleIdentifier="?">?</naa:FamilyName>
                        <!--Optional:-->
                        <naa:FamilyNamePrefix LanguageIdentifier="?" LanguageLocaleIdentifier="?">?</naa:FamilyNamePrefix>
                        <!--Optional:-->
                        <naa:GivenName LanguageIdentifier="?" LanguageLocaleIdentifier="?">?</naa:GivenName>
                        <!--Optional:-->
                        <naa:MiddleName LanguageIdentifier="?" LanguageLocaleIdentifier="?">?</naa:MiddleName>
                        <!--Optional:-->
                        <naa:Name LanguageIdentifier="?" LanguageLocaleIdentifier="?">?</naa:Name>
                        <!--Optional:-->
                        <naa:NameSuffix codeName="?" codeListURI="?" codeListAgency="?" codeListName="?" codeListVersion="?">?</naa:NameSuffix>
                        <!--Optional:-->
                        <naa:Salutation LanguageIdentifier="?" LanguageLocaleIdentifier="?">?</naa:Salutation>
                        <!--Optional:-->
                        <naa:Title codeName="?" codeListURI="?" codeListAgency="?" codeListName="?" codeListVersion="?">?</naa:Title>
                        <!--Optional:-->
                        <naa:ValidityPeriod ref="?">
                           <!--Optional:-->
                           <naa:Complete Format="?">?</naa:Complete>
                           <!--Optional:-->
                           <naa:Description LanguageIdentifier="?" LanguageLocaleIdentifier="?">?</naa:Description>
                           <!--Optional:-->
                           <naa:Duration UnitCode="?">?</naa:Duration>
                           <!--Optional:-->
                           <naa:End Format="?">?</naa:End>
                           <naa:Identification identificationSchemeName="?" identificationSchemeURI="?" identificationSchemeVersion="?" identificationSchemeAgency="?">?</naa:Identification>
                           <!--Optional:-->
                           <naa:Inclusive Format="?">?</naa:Inclusive>
                           <!--Optional:-->
                           <naa:Name LanguageIdentifier="?" LanguageLocaleIdentifier="?">?</naa:Name>
                           <!--Optional:-->
                           <naa:Sequence identificationSchemeName="?" identificationSchemeURI="?" identificationSchemeVersion="?" identificationSchemeAgency="?">?</naa:Sequence>
                           <naa:Start Format="?">?</naa:Start>
                        </naa:ValidityPeriod>
                     </naa:PersonName>
                     <!--Zero or more repetitions:-->
                     <naa:PostalAddress ref="?">
                        <!--Zero or more repetitions:-->
                        <naa:Address/>
                        <!--Optional:-->
                        <naa:BlockName LanguageIdentifier="?" LanguageLocaleIdentifier="?">?</naa:BlockName>
                        <!--Optional:-->
                        <naa:BuildingName LanguageIdentifier="?" LanguageLocaleIdentifier="?">?</naa:BuildingName>
                        <!--Optional:-->
                        <naa:BuildingNumber LanguageIdentifier="?" LanguageLocaleIdentifier="?">?</naa:BuildingNumber>
                        <!--Optional:-->
                        <naa:CityName LanguageIdentifier="?" LanguageLocaleIdentifier="?">?</naa:CityName>
                        <!--Optional:-->
                        <naa:Code codeName="?" codeListURI="?" codeListAgency="?" codeListName="?" codeListVersion="?">?</naa:Code>
                        <!--Optional:-->
                        <naa:CountryName codeName="?" codeListURI="?" codeListAgency="?" codeListName="?" codeListVersion="?">?</naa:CountryName>
                        <!--Optional:-->
                        <naa:CountrySubDivision codeName="?" codeListURI="?" codeListAgency="?" codeListName="?" codeListVersion="?">?</naa:CountrySubDivision>
                        <!--Zero or more repetitions:-->
                        <naa:Geocode ref="?">
                           <!--Optional:-->
                           <naa:AltimetricSystem codeName="?" codeListURI="?" codeListAgency="?" codeListName="?" codeListVersion="?">?</naa:AltimetricSystem>
                           <!--Optional:-->
                           <naa:Altitude Format="?">?</naa:Altitude>
                           <naa:Identification identificationSchemeName="?" identificationSchemeURI="?" identificationSchemeVersion="?" identificationSchemeAgency="?">?</naa:Identification>
                           <naa:Latitude Format="?">?</naa:Latitude>
                           <!--Optional:-->
                           <naa:LatitudeDirection codeName="?" codeListURI="?" codeListAgency="?" codeListName="?" codeListVersion="?">?</naa:LatitudeDirection>
                           <naa:Longitude Format="?">?</naa:Longitude>
                           <!--Optional:-->
                           <naa:LongitudeDirection codeName="?" codeListURI="?" codeListAgency="?" codeListName="?" codeListVersion="?">?</naa:LongitudeDirection>
                           <!--Optional:-->
                           <naa:System codeName="?" codeListURI="?" codeListAgency="?" codeListName="?" codeListVersion="?">?</naa:System>
                        </naa:Geocode>
                        <naa:Identification identificationSchemeName="?" identificationSchemeURI="?" identificationSchemeVersion="?" identificationSchemeAgency="?">?</naa:Identification>
                        <!--Optional:-->
                        <naa:LineFive LanguageIdentifier="?" LanguageLocaleIdentifier="?">?</naa:LineFive>
                        <!--Optional:-->
                        <naa:LineFour LanguageIdentifier="?" LanguageLocaleIdentifier="?">?</naa:LineFour>
                        <!--Optional:-->
                        <naa:LineOne LanguageIdentifier="?" LanguageLocaleIdentifier="?">?</naa:LineOne>
                        <!--Optional:-->
                        <naa:LineSix LanguageIdentifier="?" LanguageLocaleIdentifier="?">?</naa:LineSix>
                        <!--Optional:-->
                        <naa:LineThree LanguageIdentifier="?" LanguageLocaleIdentifier="?">?</naa:LineThree>
                        <!--Optional:-->
                        <naa:LineTwo LanguageIdentifier="?" LanguageLocaleIdentifier="?">?</naa:LineTwo>
                        <!--Optional:-->
                        <naa:PostOfficeBox LanguageIdentifier="?" LanguageLocaleIdentifier="?">?</naa:PostOfficeBox>
                        <!--Optional:-->
                        <naa:Postcode LanguageIdentifier="?" LanguageLocaleIdentifier="?">?</naa:Postcode>
                        <!--Optional:-->
                        <naa:StreetName LanguageIdentifier="?" LanguageLocaleIdentifier="?">?</naa:StreetName>
                        <!--Optional:-->
                        <naa:StreetSuffix codeName="?" codeListURI="?" codeListAgency="?" codeListName="?" codeListVersion="?">?</naa:StreetSuffix>
                        <!--Optional:-->
                        <naa:StreetType codeName="?" codeListURI="?" codeListAgency="?" codeListName="?" codeListVersion="?">?</naa:StreetType>
                        <!--Optional:-->
                        <naa:Usage codeName="?" codeListURI="?" codeListAgency="?" codeListName="?" codeListVersion="?">?</naa:Usage>
                        <!--Optional:-->
                        <naa:UsagePeriod ref="?">
                           <!--Optional:-->
                           <naa:Complete Format="?">?</naa:Complete>
                           <!--Optional:-->
                           <naa:Description LanguageIdentifier="?" LanguageLocaleIdentifier="?">?</naa:Description>
                           <!--Optional:-->
                           <naa:Duration UnitCode="?">?</naa:Duration>
                           <!--Optional:-->
                           <naa:End Format="?">?</naa:End>
                           <naa:Identification identificationSchemeName="?" identificationSchemeURI="?" identificationSchemeVersion="?" identificationSchemeAgency="?">?</naa:Identification>
                           <!--Optional:-->
                           <naa:Inclusive Format="?">?</naa:Inclusive>
                           <!--Optional:-->
                           <naa:Name LanguageIdentifier="?" LanguageLocaleIdentifier="?">?</naa:Name>
                           <!--Optional:-->
                           <naa:Sequence identificationSchemeName="?" identificationSchemeURI="?" identificationSchemeVersion="?" identificationSchemeAgency="?">?</naa:Sequence>
                           <naa:Start Format="?">?</naa:Start>
                        </naa:UsagePeriod>
                     </naa:PostalAddress>
                     <!--Zero or more repetitions:-->
                     <naa:Registration ref="?">
                        <!--Optional:-->
                        <naa:Category codeName="?" codeListURI="?" codeListAgency="?" codeListName="?" codeListVersion="?">?</naa:Category>
                        <!--Optional:-->
                        <naa:Country codeName="?" codeListURI="?" codeListAgency="?" codeListName="?" codeListVersion="?">?</naa:Country>
                        <naa:Identification identificationSchemeName="?" identificationSchemeURI="?" identificationSchemeVersion="?" identificationSchemeAgency="?">?</naa:Identification>
                        <!--Optional:-->
                        <naa:Licence identificationSchemeName="?" identificationSchemeURI="?" identificationSchemeVersion="?" identificationSchemeAgency="?">?</naa:Licence>
                        <!--Optional:-->
                        <naa:Recorded Format="?">?</naa:Recorded>
                        <!--Optional:-->
                        <naa:Type codeName="?" codeListURI="?" codeListAgency="?" codeListName="?" codeListVersion="?">?</naa:Type>
                        <!--Optional:-->
                        <naa:ValidityPeriod ref="?">
                           <!--Optional:-->
                           <naa:Complete Format="?">?</naa:Complete>
                           <!--Optional:-->
                           <naa:Description LanguageIdentifier="?" LanguageLocaleIdentifier="?">?</naa:Description>
                           <!--Optional:-->
                           <naa:Duration UnitCode="?">?</naa:Duration>
                           <!--Optional:-->
                           <naa:End Format="?">?</naa:End>
                           <naa:Identification identificationSchemeName="?" identificationSchemeURI="?" identificationSchemeVersion="?" identificationSchemeAgency="?">?</naa:Identification>
                           <!--Optional:-->
                           <naa:Inclusive Format="?">?</naa:Inclusive>
                           <!--Optional:-->
                           <naa:Name LanguageIdentifier="?" LanguageLocaleIdentifier="?">?</naa:Name>
                           <!--Optional:-->
                           <naa:Sequence identificationSchemeName="?" identificationSchemeURI="?" identificationSchemeVersion="?" identificationSchemeAgency="?">?</naa:Sequence>
                           <naa:Start Format="?">?</naa:Start>
                        </naa:ValidityPeriod>
                     </naa:Registration>
                     <!--Zero or more repetitions:-->
                     <naa:ResidentialAddress ref="?">
                        <!--Zero or more repetitions:-->
                        <naa:Address/>
                        <!--Optional:-->
                        <naa:BlockName LanguageIdentifier="?" LanguageLocaleIdentifier="?">?</naa:BlockName>
                        <!--Optional:-->
                        <naa:BuildingName LanguageIdentifier="?" LanguageLocaleIdentifier="?">?</naa:BuildingName>
                        <!--Optional:-->
                        <naa:BuildingNumber LanguageIdentifier="?" LanguageLocaleIdentifier="?">?</naa:BuildingNumber>
                        <!--Optional:-->
                        <naa:CityName LanguageIdentifier="?" LanguageLocaleIdentifier="?">?</naa:CityName>
                        <!--Optional:-->
                        <naa:Code codeName="?" codeListURI="?" codeListAgency="?" codeListName="?" codeListVersion="?">?</naa:Code>
                        <!--Optional:-->
                        <naa:CountryName codeName="?" codeListURI="?" codeListAgency="?" codeListName="?" codeListVersion="?">?</naa:CountryName>
                        <!--Optional:-->
                        <naa:CountrySubDivision codeName="?" codeListURI="?" codeListAgency="?" codeListName="?" codeListVersion="?">?</naa:CountrySubDivision>
                        <!--Zero or more repetitions:-->
                        <naa:Geocode ref="?">
                           <!--Optional:-->
                           <naa:AltimetricSystem codeName="?" codeListURI="?" codeListAgency="?" codeListName="?" codeListVersion="?">?</naa:AltimetricSystem>
                           <!--Optional:-->
                           <naa:Altitude Format="?">?</naa:Altitude>
                           <naa:Identification identificationSchemeName="?" identificationSchemeURI="?" identificationSchemeVersion="?" identificationSchemeAgency="?">?</naa:Identification>
                           <naa:Latitude Format="?">?</naa:Latitude>
                           <!--Optional:-->
                           <naa:LatitudeDirection codeName="?" codeListURI="?" codeListAgency="?" codeListName="?" codeListVersion="?">?</naa:LatitudeDirection>
                           <naa:Longitude Format="?">?</naa:Longitude>
                           <!--Optional:-->
                           <naa:LongitudeDirection codeName="?" codeListURI="?" codeListAgency="?" codeListName="?" codeListVersion="?">?</naa:LongitudeDirection>
                           <!--Optional:-->
                           <naa:System codeName="?" codeListURI="?" codeListAgency="?" codeListName="?" codeListVersion="?">?</naa:System>
                        </naa:Geocode>
                        <naa:Identification identificationSchemeName="?" identificationSchemeURI="?" identificationSchemeVersion="?" identificationSchemeAgency="?">?</naa:Identification>
                        <!--Optional:-->
                        <naa:LineFive LanguageIdentifier="?" LanguageLocaleIdentifier="?">?</naa:LineFive>
                        <!--Optional:-->
                        <naa:LineFour LanguageIdentifier="?" LanguageLocaleIdentifier="?">?</naa:LineFour>
                        <!--Optional:-->
                        <naa:LineOne LanguageIdentifier="?" LanguageLocaleIdentifier="?">?</naa:LineOne>
                        <!--Optional:-->
                        <naa:LineSix LanguageIdentifier="?" LanguageLocaleIdentifier="?">?</naa:LineSix>
                        <!--Optional:-->
                        <naa:LineThree LanguageIdentifier="?" LanguageLocaleIdentifier="?">?</naa:LineThree>
                        <!--Optional:-->
                        <naa:LineTwo LanguageIdentifier="?" LanguageLocaleIdentifier="?">?</naa:LineTwo>
                        <!--Optional:-->
                        <naa:PostOfficeBox LanguageIdentifier="?" LanguageLocaleIdentifier="?">?</naa:PostOfficeBox>
                        <!--Optional:-->
                        <naa:Postcode LanguageIdentifier="?" LanguageLocaleIdentifier="?">?</naa:Postcode>
                        <!--Optional:-->
                        <naa:StreetName LanguageIdentifier="?" LanguageLocaleIdentifier="?">?</naa:StreetName>
                        <!--Optional:-->
                        <naa:StreetSuffix codeName="?" codeListURI="?" codeListAgency="?" codeListName="?" codeListVersion="?">?</naa:StreetSuffix>
                        <!--Optional:-->
                        <naa:StreetType codeName="?" codeListURI="?" codeListAgency="?" codeListName="?" codeListVersion="?">?</naa:StreetType>
                        <!--Optional:-->
                        <naa:Usage codeName="?" codeListURI="?" codeListAgency="?" codeListName="?" codeListVersion="?">?</naa:Usage>
                        <!--Optional:-->
                        <naa:UsagePeriod ref="?">
                           <!--Optional:-->
                           <naa:Complete Format="?">?</naa:Complete>
                           <!--Optional:-->
                           <naa:Description LanguageIdentifier="?" LanguageLocaleIdentifier="?">?</naa:Description>
                           <!--Optional:-->
                           <naa:Duration UnitCode="?">?</naa:Duration>
                           <!--Optional:-->
                           <naa:End Format="?">?</naa:End>
                           <naa:Identification identificationSchemeName="?" identificationSchemeURI="?" identificationSchemeVersion="?" identificationSchemeAgency="?">?</naa:Identification>
                           <!--Optional:-->
                           <naa:Inclusive Format="?">?</naa:Inclusive>
                           <!--Optional:-->
                           <naa:Name LanguageIdentifier="?" LanguageLocaleIdentifier="?">?</naa:Name>
                           <!--Optional:-->
                           <naa:Sequence identificationSchemeName="?" identificationSchemeURI="?" identificationSchemeVersion="?" identificationSchemeAgency="?">?</naa:Sequence>
                           <naa:Start Format="?">?</naa:Start>
                        </naa:UsagePeriod>
                     </naa:ResidentialAddress>
                     <!--Zero or more repetitions:-->
                     <naa:Status ref="?">
                        <naa:Code codeName="?" codeListURI="?" codeListAgency="?" codeListName="?" codeListVersion="?">?</naa:Code>
                        <!--Optional:-->
                        <naa:Description LanguageIdentifier="?" LanguageLocaleIdentifier="?">?</naa:Description>
                        <!--Optional:-->
                        <naa:ValidityPeriod ref="?">
                           <!--Optional:-->
                           <naa:Complete Format="?">?</naa:Complete>
                           <!--Optional:-->
                           <naa:Description LanguageIdentifier="?" LanguageLocaleIdentifier="?">?</naa:Description>
                           <!--Optional:-->
                           <naa:Duration UnitCode="?">?</naa:Duration>
                           <!--Optional:-->
                           <naa:End Format="?">?</naa:End>
                           <naa:Identification identificationSchemeName="?" identificationSchemeURI="?" identificationSchemeVersion="?" identificationSchemeAgency="?">?</naa:Identification>
                           <!--Optional:-->
                           <naa:Inclusive Format="?">?</naa:Inclusive>
                           <!--Optional:-->
                           <naa:Name LanguageIdentifier="?" LanguageLocaleIdentifier="?">?</naa:Name>
                           <!--Optional:-->
                           <naa:Sequence identificationSchemeName="?" identificationSchemeURI="?" identificationSchemeVersion="?" identificationSchemeAgency="?">?</naa:Sequence>
                           <naa:Start Format="?">?</naa:Start>
                        </naa:ValidityPeriod>
                     </naa:Status>
                     <!--Zero or more repetitions:-->
                     <naa:Telephone ref="?">
                        <!--Optional:-->
                        <naa:AreaCode codeName="?" codeListURI="?" codeListAgency="?" codeListName="?" codeListVersion="?">?</naa:AreaCode>
                        <!--Optional:-->
                        <naa:CountryCode codeName="?" codeListURI="?" codeListAgency="?" codeListName="?" codeListVersion="?">?</naa:CountryCode>
                        <!--Optional:-->
                        <naa:Extension LanguageIdentifier="?" LanguageLocaleIdentifier="?">?</naa:Extension>
                        <naa:Number identificationSchemeName="?" identificationSchemeURI="?" identificationSchemeVersion="?" identificationSchemeAgency="?">?</naa:Number>
                        <naa:Type codeName="?" codeListURI="?" codeListAgency="?" codeListName="?" codeListVersion="?">?</naa:Type>
                     </naa:Telephone>
                  </naa:Person>
                  <naa:Identification identificationSchemeName="?" identificationSchemeURI="?" identificationSchemeVersion="?" identificationSchemeAgency="?">?</naa:Identification>
                  <!--Optional:-->
                  <naa:Language codeName="?" codeListURI="?" codeListAgency="?" codeListName="?" codeListVersion="?">?</naa:Language>
                  <naa:Name LanguageIdentifier="?" LanguageLocaleIdentifier="?">?</naa:Name>
                  <!--Optional:-->
                  <naa:Type LanguageIdentifier="?" LanguageLocaleIdentifier="?">?</naa:Type>
               </da:Party>
               <!--Optional:-->
               <da:Type codeName="?" codeListURI="?" codeListAgency="?" codeListName="?" codeListVersion="?">?</da:Type>
            </da:PartyRole>
            <!--Zero or more repetitions:-->
            <da:Payment ref="?">
               <da:AmountPaid CurrencyCode="?">?</da:AmountPaid>
               <da:CreationDate Format="?">?</da:CreationDate>
               <da:DatePaid Format="?">?</da:DatePaid>
               <!--Optional:-->
               <da:DiscountPercent Format="?">?</da:DiscountPercent>
               <da:Identification identificationSchemeName="?" identificationSchemeURI="?" identificationSchemeVersion="?" identificationSchemeAgency="?">?</da:Identification>
               <!--Optional:-->
               <da:InstructionCode LanguageIdentifier="?" LanguageLocaleIdentifier="?">?</da:InstructionCode>
               <!--Optional:-->
               <da:PayeeName LanguageIdentifier="?" LanguageLocaleIdentifier="?">?</da:PayeeName>
               <!--Optional:-->
               <da:PaymentMethod codeName="?" codeListURI="?" codeListAgency="?" codeListName="?" codeListVersion="?">?</da:PaymentMethod>
               <!--Optional:-->
               <da:PenaltyPercent Format="?">?</da:PenaltyPercent>
               <!--Optional:-->
               <da:PriorityCode LanguageIdentifier="?" LanguageLocaleIdentifier="?">?</da:PriorityCode>
               <!--Optional:-->
               <da:ReasonCode LanguageIdentifier="?" LanguageLocaleIdentifier="?">?</da:ReasonCode>
               <!--Optional:-->
               <da:ReceiptNumber LanguageIdentifier="?" LanguageLocaleIdentifier="?">?</da:ReceiptNumber>
               <!--Optional:-->
               <da:StatusCode LanguageIdentifier="?" LanguageLocaleIdentifier="?">?</da:StatusCode>
               <!--Optional:-->
               <da:TaxAmount CurrencyCode="?">?</da:TaxAmount>
               <!--Optional:-->
               <da:TaxInvoiceNumber LanguageIdentifier="?" LanguageLocaleIdentifier="?">?</da:TaxInvoiceNumber>
            </da:Payment>
            <!--Zero or more repetitions:-->
            <da:PublicInspection ref="?">
               <da:Indicator codeName="?" codeListURI="?" codeListAgency="?" codeListName="?" codeListVersion="?">?</da:Indicator>
            </da:PublicInspection>
            <!--Zero or more repetitions:-->
            <da:PublicNotificationObligation ref="?">
               <!--Zero or more repetitions:-->
               <da:Attachment ref="?">
                  <!--Zero or more repetitions:-->
                  <da:Contributor LanguageIdentifier="?" LanguageLocaleIdentifier="?">?</da:Contributor>
                  <!--Zero or more repetitions:-->
                  <da:Coverage LanguageIdentifier="?" LanguageLocaleIdentifier="?">?</da:Coverage>
                  <!--Zero or more repetitions:-->
                  <da:Creator LanguageIdentifier="?" LanguageLocaleIdentifier="?">?</da:Creator>
                  <!--Optional:-->
                  <da:Date Format="?">?</da:Date>
                  <!--Zero or more repetitions:-->
                  <da:Description LanguageIdentifier="?" LanguageLocaleIdentifier="?">?</da:Description>
                  <!--Optional:-->
                  <da:Format LanguageIdentifier="?" LanguageLocaleIdentifier="?">?</da:Format>
                  <da:Identification identificationSchemeName="?" identificationSchemeURI="?" identificationSchemeVersion="?" identificationSchemeAgency="?">?</da:Identification>
                  <!--Zero or more repetitions:-->
                  <da:Language LanguageIdentifier="?" LanguageLocaleIdentifier="?">?</da:Language>
                  <!--Zero or more repetitions:-->
                  <da:Publisher LanguageIdentifier="?" LanguageLocaleIdentifier="?">?</da:Publisher>
                  <!--Zero or more repetitions:-->
                  <da:Relation LanguageIdentifier="?" LanguageLocaleIdentifier="?">?</da:Relation>
                  <!--Zero or more repetitions:-->
                  <da:Rights LanguageIdentifier="?" LanguageLocaleIdentifier="?">?</da:Rights>
                  <!--Optional:-->
                  <da:Size UnitCode="?">?</da:Size>
                  <!--Zero or more repetitions:-->
                  <da:Source LanguageIdentifier="?" LanguageLocaleIdentifier="?">?</da:Source>
                  <!--Optional:-->
                  <da:Subject LanguageIdentifier="?" LanguageLocaleIdentifier="?">?</da:Subject>
                  <!--Optional:-->
                  <da:Title LanguageIdentifier="?" LanguageLocaleIdentifier="?">?</da:Title>
                  <!--Optional:-->
                  <da:Type LanguageIdentifier="?" LanguageLocaleIdentifier="?">?</da:Type>
                  <!--Optional:-->
                  <da:Version LanguageIdentifier="?" LanguageLocaleIdentifier="?">?</da:Version>
                  <!--You have a CHOICE of the next 2 items at this level-->
                  <!--Optional:-->
                  <da:Attachment Format="?" MimeCode="?" CharacterSetCode="?" EncodingCode="?" UniformResourceIdentifier="?" Filename="?">cid:76786965431</da:Attachment>
                  <!--Optional:-->
                  <da:URI>?</da:URI>
               </da:Attachment>
               <!--Optional:-->
               <da:ComplianceDate Format="?">?</da:ComplianceDate>
               <!--Optional:-->
               <da:Description LanguageIdentifier="?" LanguageLocaleIdentifier="?">?</da:Description>
               <da:Identification identificationSchemeName="?" identificationSchemeURI="?" identificationSchemeVersion="?" identificationSchemeAgency="?">?</da:Identification>
               <!--Zero or more repetitions:-->
               <da:PartyRole ref="?">
                  <!--Optional:-->
                  <da:DateTime Format="?">?</da:DateTime>
                  <!--1 or more repetitions:-->
                  <da:Party ref="?">
                     <!--Optional:-->
                     <naa:AccessRights codeName="?" codeListURI="?" codeListAgency="?" codeListName="?" codeListVersion="?">?</naa:AccessRights>
                     <!--Optional:-->
                     <naa:Description LanguageIdentifier="?" LanguageLocaleIdentifier="?">?</naa:Description>
                     <!--You have a CHOICE of the next 2 items at this level-->
                     <!--Optional:-->
                     <naa:Organisation ref="?">
                        <!--Zero or more repetitions:-->
                        <naa:Contact ref="?">
                           <!--Optional:-->
                           <naa:DepartmentName LanguageIdentifier="?" LanguageLocaleIdentifier="?">?</naa:DepartmentName>
                           <!--Optional:-->
                           <naa:Description LanguageIdentifier="?" LanguageLocaleIdentifier="?">?</naa:Description>
                           <naa:Identification identificationSchemeName="?" identificationSchemeURI="?" identificationSchemeVersion="?" identificationSchemeAgency="?">?</naa:Identification>
                           <!--Zero or more repetitions:-->
                           <naa:Internet ref="?">
                              <naa:Type codeName="?" codeListURI="?" codeListAgency="?" codeListName="?" codeListVersion="?">?</naa:Type>
                              <naa:URI>?</naa:URI>
                           </naa:Internet>
                           <!--Optional:-->
                           <naa:IsPrimary Format="?">?</naa:IsPrimary>
                           <!--Optional:-->
                           <naa:JobTitle LanguageIdentifier="?" LanguageLocaleIdentifier="?">?</naa:JobTitle>
                           <!--Optional:-->
                           <naa:PersonName ref="?">
                              <naa:Classification codeName="?" codeListURI="?" codeListAgency="?" codeListName="?" codeListVersion="?">?</naa:Classification>
                              <!--Optional:-->
                              <naa:FamilyName LanguageIdentifier="?" LanguageLocaleIdentifier="?">?</naa:FamilyName>
                              <!--Optional:-->
                              <naa:FamilyNamePrefix LanguageIdentifier="?" LanguageLocaleIdentifier="?">?</naa:FamilyNamePrefix>
                              <!--Optional:-->
                              <naa:GivenName LanguageIdentifier="?" LanguageLocaleIdentifier="?">?</naa:GivenName>
                              <!--Optional:-->
                              <naa:MiddleName LanguageIdentifier="?" LanguageLocaleIdentifier="?">?</naa:MiddleName>
                              <!--Optional:-->
                              <naa:Name LanguageIdentifier="?" LanguageLocaleIdentifier="?">?</naa:Name>
                              <!--Optional:-->
                              <naa:NameSuffix codeName="?" codeListURI="?" codeListAgency="?" codeListName="?" codeListVersion="?">?</naa:NameSuffix>
                              <!--Optional:-->
                              <naa:Salutation LanguageIdentifier="?" LanguageLocaleIdentifier="?">?</naa:Salutation>
                              <!--Optional:-->
                              <naa:Title codeName="?" codeListURI="?" codeListAgency="?" codeListName="?" codeListVersion="?">?</naa:Title>
                              <!--Optional:-->
                              <naa:ValidityPeriod ref="?">
                                 <!--Optional:-->
                                 <naa:Complete Format="?">?</naa:Complete>
                                 <!--Optional:-->
                                 <naa:Description LanguageIdentifier="?" LanguageLocaleIdentifier="?">?</naa:Description>
                                 <!--Optional:-->
                                 <naa:Duration UnitCode="?">?</naa:Duration>
                                 <!--Optional:-->
                                 <naa:End Format="?">?</naa:End>
                                 <naa:Identification identificationSchemeName="?" identificationSchemeURI="?" identificationSchemeVersion="?" identificationSchemeAgency="?">?</naa:Identification>
                                 <!--Optional:-->
                                 <naa:Inclusive Format="?">?</naa:Inclusive>
                                 <!--Optional:-->
                                 <naa:Name LanguageIdentifier="?" LanguageLocaleIdentifier="?">?</naa:Name>
                                 <!--Optional:-->
                                 <naa:Sequence identificationSchemeName="?" identificationSchemeURI="?" identificationSchemeVersion="?" identificationSchemeAgency="?">?</naa:Sequence>
                                 <naa:Start Format="?">?</naa:Start>
                              </naa:ValidityPeriod>
                           </naa:PersonName>
                           <!--Optional:-->
                           <naa:Responsibility LanguageIdentifier="?" LanguageLocaleIdentifier="?">?</naa:Responsibility>
                           <!--Zero or more repetitions:-->
                           <naa:Telephone ref="?">
                              <!--Optional:-->
                              <naa:AreaCode codeName="?" codeListURI="?" codeListAgency="?" codeListName="?" codeListVersion="?">?</naa:AreaCode>
                              <!--Optional:-->
                              <naa:CountryCode codeName="?" codeListURI="?" codeListAgency="?" codeListName="?" codeListVersion="?">?</naa:CountryCode>
                              <!--Optional:-->
                              <naa:Extension LanguageIdentifier="?" LanguageLocaleIdentifier="?">?</naa:Extension>
                              <naa:Number identificationSchemeName="?" identificationSchemeURI="?" identificationSchemeVersion="?" identificationSchemeAgency="?">?</naa:Number>
                              <naa:Type codeName="?" codeListURI="?" codeListAgency="?" codeListName="?" codeListVersion="?">?</naa:Type>
                           </naa:Telephone>
                           <!--Optional:-->
                           <naa:Type codeName="?" codeListURI="?" codeListAgency="?" codeListName="?" codeListVersion="?">?</naa:Type>
                        </naa:Contact>
                        <!--Optional:-->
                        <naa:Description LanguageIdentifier="?" LanguageLocaleIdentifier="?">?</naa:Description>
                        <naa:Identification identificationSchemeName="?" identificationSchemeURI="?" identificationSchemeVersion="?" identificationSchemeAgency="?">?</naa:Identification>
                        <!--Optional:-->
                        <naa:IndustryClassification codeName="?" codeListURI="?" codeListAgency="?" codeListName="?" codeListVersion="?">?</naa:IndustryClassification>
                        <!--Zero or more repetitions:-->
                        <naa:Internet ref="?">
                           <naa:Type codeName="?" codeListURI="?" codeListAgency="?" codeListName="?" codeListVersion="?">?</naa:Type>
                           <naa:URI>?</naa:URI>
                        </naa:Internet>
                        <!--Optional:-->
                        <naa:IsActive Format="?">?</naa:IsActive>
                        <!--Optional:-->
                        <naa:LegalClassification codeName="?" codeListURI="?" codeListAgency="?" codeListName="?" codeListVersion="?">?</naa:LegalClassification>
                        <!--Zero or more repetitions:-->
                        <naa:Organisation/>
                        <!--1 or more repetitions:-->
                        <naa:OrganisationName ref="?">
                           <naa:Classification codeName="?" codeListURI="?" codeListAgency="?" codeListName="?" codeListVersion="?">?</naa:Classification>
                           <naa:Name LanguageIdentifier="?" LanguageLocaleIdentifier="?">?</naa:Name>
                           <!--Optional:-->
                           <naa:ValidityPeriod ref="?">
                              <!--Optional:-->
                              <naa:Complete Format="?">?</naa:Complete>
                              <!--Optional:-->
                              <naa:Description LanguageIdentifier="?" LanguageLocaleIdentifier="?">?</naa:Description>
                              <!--Optional:-->
                              <naa:Duration UnitCode="?">?</naa:Duration>
                              <!--Optional:-->
                              <naa:End Format="?">?</naa:End>
                              <naa:Identification identificationSchemeName="?" identificationSchemeURI="?" identificationSchemeVersion="?" identificationSchemeAgency="?">?</naa:Identification>
                              <!--Optional:-->
                              <naa:Inclusive Format="?">?</naa:Inclusive>
                              <!--Optional:-->
                              <naa:Name LanguageIdentifier="?" LanguageLocaleIdentifier="?">?</naa:Name>
                              <!--Optional:-->
                              <naa:Sequence identificationSchemeName="?" identificationSchemeURI="?" identificationSchemeVersion="?" identificationSchemeAgency="?">?</naa:Sequence>
                              <naa:Start Format="?">?</naa:Start>
                           </naa:ValidityPeriod>
                        </naa:OrganisationName>
                        <!--Zero or more repetitions:-->
                        <naa:PhysicalAddress ref="?">
                           <!--Zero or more repetitions:-->
                           <naa:Address/>
                           <!--Optional:-->
                           <naa:BlockName LanguageIdentifier="?" LanguageLocaleIdentifier="?">?</naa:BlockName>
                           <!--Optional:-->
                           <naa:BuildingName LanguageIdentifier="?" LanguageLocaleIdentifier="?">?</naa:BuildingName>
                           <!--Optional:-->
                           <naa:BuildingNumber LanguageIdentifier="?" LanguageLocaleIdentifier="?">?</naa:BuildingNumber>
                           <!--Optional:-->
                           <naa:CityName LanguageIdentifier="?" LanguageLocaleIdentifier="?">?</naa:CityName>
                           <!--Optional:-->
                           <naa:Code codeName="?" codeListURI="?" codeListAgency="?" codeListName="?" codeListVersion="?">?</naa:Code>
                           <!--Optional:-->
                           <naa:CountryName codeName="?" codeListURI="?" codeListAgency="?" codeListName="?" codeListVersion="?">?</naa:CountryName>
                           <!--Optional:-->
                           <naa:CountrySubDivision codeName="?" codeListURI="?" codeListAgency="?" codeListName="?" codeListVersion="?">?</naa:CountrySubDivision>
                           <!--Zero or more repetitions:-->
                           <naa:Geocode ref="?">
                              <!--Optional:-->
                              <naa:AltimetricSystem codeName="?" codeListURI="?" codeListAgency="?" codeListName="?" codeListVersion="?">?</naa:AltimetricSystem>
                              <!--Optional:-->
                              <naa:Altitude Format="?">?</naa:Altitude>
                              <naa:Identification identificationSchemeName="?" identificationSchemeURI="?" identificationSchemeVersion="?" identificationSchemeAgency="?">?</naa:Identification>
                              <naa:Latitude Format="?">?</naa:Latitude>
                              <!--Optional:-->
                              <naa:LatitudeDirection codeName="?" codeListURI="?" codeListAgency="?" codeListName="?" codeListVersion="?">?</naa:LatitudeDirection>
                              <naa:Longitude Format="?">?</naa:Longitude>
                              <!--Optional:-->
                              <naa:LongitudeDirection codeName="?" codeListURI="?" codeListAgency="?" codeListName="?" codeListVersion="?">?</naa:LongitudeDirection>
                              <!--Optional:-->
                              <naa:System codeName="?" codeListURI="?" codeListAgency="?" codeListName="?" codeListVersion="?">?</naa:System>
                           </naa:Geocode>
                           <naa:Identification identificationSchemeName="?" identificationSchemeURI="?" identificationSchemeVersion="?" identificationSchemeAgency="?">?</naa:Identification>
                           <!--Optional:-->
                           <naa:LineFive LanguageIdentifier="?" LanguageLocaleIdentifier="?">?</naa:LineFive>
                           <!--Optional:-->
                           <naa:LineFour LanguageIdentifier="?" LanguageLocaleIdentifier="?">?</naa:LineFour>
                           <!--Optional:-->
                           <naa:LineOne LanguageIdentifier="?" LanguageLocaleIdentifier="?">?</naa:LineOne>
                           <!--Optional:-->
                           <naa:LineSix LanguageIdentifier="?" LanguageLocaleIdentifier="?">?</naa:LineSix>
                           <!--Optional:-->
                           <naa:LineThree LanguageIdentifier="?" LanguageLocaleIdentifier="?">?</naa:LineThree>
                           <!--Optional:-->
                           <naa:LineTwo LanguageIdentifier="?" LanguageLocaleIdentifier="?">?</naa:LineTwo>
                           <!--Optional:-->
                           <naa:PostOfficeBox LanguageIdentifier="?" LanguageLocaleIdentifier="?">?</naa:PostOfficeBox>
                           <!--Optional:-->
                           <naa:Postcode LanguageIdentifier="?" LanguageLocaleIdentifier="?">?</naa:Postcode>
                           <!--Optional:-->
                           <naa:StreetName LanguageIdentifier="?" LanguageLocaleIdentifier="?">?</naa:StreetName>
                           <!--Optional:-->
                           <naa:StreetSuffix codeName="?" codeListURI="?" codeListAgency="?" codeListName="?" codeListVersion="?">?</naa:StreetSuffix>
                           <!--Optional:-->
                           <naa:StreetType codeName="?" codeListURI="?" codeListAgency="?" codeListName="?" codeListVersion="?">?</naa:StreetType>
                           <!--Optional:-->
                           <naa:Usage codeName="?" codeListURI="?" codeListAgency="?" codeListName="?" codeListVersion="?">?</naa:Usage>
                           <!--Optional:-->
                           <naa:UsagePeriod ref="?">
                              <!--Optional:-->
                              <naa:Complete Format="?">?</naa:Complete>
                              <!--Optional:-->
                              <naa:Description LanguageIdentifier="?" LanguageLocaleIdentifier="?">?</naa:Description>
                              <!--Optional:-->
                              <naa:Duration UnitCode="?">?</naa:Duration>
                              <!--Optional:-->
                              <naa:End Format="?">?</naa:End>
                              <naa:Identification identificationSchemeName="?" identificationSchemeURI="?" identificationSchemeVersion="?" identificationSchemeAgency="?">?</naa:Identification>
                              <!--Optional:-->
                              <naa:Inclusive Format="?">?</naa:Inclusive>
                              <!--Optional:-->
                              <naa:Name LanguageIdentifier="?" LanguageLocaleIdentifier="?">?</naa:Name>
                              <!--Optional:-->
                              <naa:Sequence identificationSchemeName="?" identificationSchemeURI="?" identificationSchemeVersion="?" identificationSchemeAgency="?">?</naa:Sequence>
                              <naa:Start Format="?">?</naa:Start>
                           </naa:UsagePeriod>
                        </naa:PhysicalAddress>
                        <!--Zero or more repetitions:-->
                        <naa:PostalAddress ref="?">
                           <!--Zero or more repetitions:-->
                           <naa:Address/>
                           <!--Optional:-->
                           <naa:BlockName LanguageIdentifier="?" LanguageLocaleIdentifier="?">?</naa:BlockName>
                           <!--Optional:-->
                           <naa:BuildingName LanguageIdentifier="?" LanguageLocaleIdentifier="?">?</naa:BuildingName>
                           <!--Optional:-->
                           <naa:BuildingNumber LanguageIdentifier="?" LanguageLocaleIdentifier="?">?</naa:BuildingNumber>
                           <!--Optional:-->
                           <naa:CityName LanguageIdentifier="?" LanguageLocaleIdentifier="?">?</naa:CityName>
                           <!--Optional:-->
                           <naa:Code codeName="?" codeListURI="?" codeListAgency="?" codeListName="?" codeListVersion="?">?</naa:Code>
                           <!--Optional:-->
                           <naa:CountryName codeName="?" codeListURI="?" codeListAgency="?" codeListName="?" codeListVersion="?">?</naa:CountryName>
                           <!--Optional:-->
                           <naa:CountrySubDivision codeName="?" codeListURI="?" codeListAgency="?" codeListName="?" codeListVersion="?">?</naa:CountrySubDivision>
                           <!--Zero or more repetitions:-->
                           <naa:Geocode ref="?">
                              <!--Optional:-->
                              <naa:AltimetricSystem codeName="?" codeListURI="?" codeListAgency="?" codeListName="?" codeListVersion="?">?</naa:AltimetricSystem>
                              <!--Optional:-->
                              <naa:Altitude Format="?">?</naa:Altitude>
                              <naa:Identification identificationSchemeName="?" identificationSchemeURI="?" identificationSchemeVersion="?" identificationSchemeAgency="?">?</naa:Identification>
                              <naa:Latitude Format="?">?</naa:Latitude>
                              <!--Optional:-->
                              <naa:LatitudeDirection codeName="?" codeListURI="?" codeListAgency="?" codeListName="?" codeListVersion="?">?</naa:LatitudeDirection>
                              <naa:Longitude Format="?">?</naa:Longitude>
                              <!--Optional:-->
                              <naa:LongitudeDirection codeName="?" codeListURI="?" codeListAgency="?" codeListName="?" codeListVersion="?">?</naa:LongitudeDirection>
                              <!--Optional:-->
                              <naa:System codeName="?" codeListURI="?" codeListAgency="?" codeListName="?" codeListVersion="?">?</naa:System>
                           </naa:Geocode>
                           <naa:Identification identificationSchemeName="?" identificationSchemeURI="?" identificationSchemeVersion="?" identificationSchemeAgency="?">?</naa:Identification>
                           <!--Optional:-->
                           <naa:LineFive LanguageIdentifier="?" LanguageLocaleIdentifier="?">?</naa:LineFive>
                           <!--Optional:-->
                           <naa:LineFour LanguageIdentifier="?" LanguageLocaleIdentifier="?">?</naa:LineFour>
                           <!--Optional:-->
                           <naa:LineOne LanguageIdentifier="?" LanguageLocaleIdentifier="?">?</naa:LineOne>
                           <!--Optional:-->
                           <naa:LineSix LanguageIdentifier="?" LanguageLocaleIdentifier="?">?</naa:LineSix>
                           <!--Optional:-->
                           <naa:LineThree LanguageIdentifier="?" LanguageLocaleIdentifier="?">?</naa:LineThree>
                           <!--Optional:-->
                           <naa:LineTwo LanguageIdentifier="?" LanguageLocaleIdentifier="?">?</naa:LineTwo>
                           <!--Optional:-->
                           <naa:PostOfficeBox LanguageIdentifier="?" LanguageLocaleIdentifier="?">?</naa:PostOfficeBox>
                           <!--Optional:-->
                           <naa:Postcode LanguageIdentifier="?" LanguageLocaleIdentifier="?">?</naa:Postcode>
                           <!--Optional:-->
                           <naa:StreetName LanguageIdentifier="?" LanguageLocaleIdentifier="?">?</naa:StreetName>
                           <!--Optional:-->
                           <naa:StreetSuffix codeName="?" codeListURI="?" codeListAgency="?" codeListName="?" codeListVersion="?">?</naa:StreetSuffix>
                           <!--Optional:-->
                           <naa:StreetType codeName="?" codeListURI="?" codeListAgency="?" codeListName="?" codeListVersion="?">?</naa:StreetType>
                           <!--Optional:-->
                           <naa:Usage codeName="?" codeListURI="?" codeListAgency="?" codeListName="?" codeListVersion="?">?</naa:Usage>
                           <!--Optional:-->
                           <naa:UsagePeriod ref="?">
                              <!--Optional:-->
                              <naa:Complete Format="?">?</naa:Complete>
                              <!--Optional:-->
                              <naa:Description LanguageIdentifier="?" LanguageLocaleIdentifier="?">?</naa:Description>
                              <!--Optional:-->
                              <naa:Duration UnitCode="?">?</naa:Duration>
                              <!--Optional:-->
                              <naa:End Format="?">?</naa:End>
                              <naa:Identification identificationSchemeName="?" identificationSchemeURI="?" identificationSchemeVersion="?" identificationSchemeAgency="?">?</naa:Identification>
                              <!--Optional:-->
                              <naa:Inclusive Format="?">?</naa:Inclusive>
                              <!--Optional:-->
                              <naa:Name LanguageIdentifier="?" LanguageLocaleIdentifier="?">?</naa:Name>
                              <!--Optional:-->
                              <naa:Sequence identificationSchemeName="?" identificationSchemeURI="?" identificationSchemeVersion="?" identificationSchemeAgency="?">?</naa:Sequence>
                              <naa:Start Format="?">?</naa:Start>
                           </naa:UsagePeriod>
                        </naa:PostalAddress>
                        <!--Zero or more repetitions:-->
                        <naa:Registration ref="?">
                           <!--Optional:-->
                           <naa:Category codeName="?" codeListURI="?" codeListAgency="?" codeListName="?" codeListVersion="?">?</naa:Category>
                           <!--Optional:-->
                           <naa:Country codeName="?" codeListURI="?" codeListAgency="?" codeListName="?" codeListVersion="?">?</naa:Country>
                           <naa:Identification identificationSchemeName="?" identificationSchemeURI="?" identificationSchemeVersion="?" identificationSchemeAgency="?">?</naa:Identification>
                           <!--Optional:-->
                           <naa:Licence identificationSchemeName="?" identificationSchemeURI="?" identificationSchemeVersion="?" identificationSchemeAgency="?">?</naa:Licence>
                           <!--Optional:-->
                           <naa:Recorded Format="?">?</naa:Recorded>
                           <!--Optional:-->
                           <naa:Type codeName="?" codeListURI="?" codeListAgency="?" codeListName="?" codeListVersion="?">?</naa:Type>
                           <!--Optional:-->
                           <naa:ValidityPeriod ref="?">
                              <!--Optional:-->
                              <naa:Complete Format="?">?</naa:Complete>
                              <!--Optional:-->
                              <naa:Description LanguageIdentifier="?" LanguageLocaleIdentifier="?">?</naa:Description>
                              <!--Optional:-->
                              <naa:Duration UnitCode="?">?</naa:Duration>
                              <!--Optional:-->
                              <naa:End Format="?">?</naa:End>
                              <naa:Identification identificationSchemeName="?" identificationSchemeURI="?" identificationSchemeVersion="?" identificationSchemeAgency="?">?</naa:Identification>
                              <!--Optional:-->
                              <naa:Inclusive Format="?">?</naa:Inclusive>
                              <!--Optional:-->
                              <naa:Name LanguageIdentifier="?" LanguageLocaleIdentifier="?">?</naa:Name>
                              <!--Optional:-->
                              <naa:Sequence identificationSchemeName="?" identificationSchemeURI="?" identificationSchemeVersion="?" identificationSchemeAgency="?">?</naa:Sequence>
                              <naa:Start Format="?">?</naa:Start>
                           </naa:ValidityPeriod>
                        </naa:Registration>
                        <!--Zero or more repetitions:-->
                        <naa:Status ref="?">
                           <naa:Code codeName="?" codeListURI="?" codeListAgency="?" codeListName="?" codeListVersion="?">?</naa:Code>
                           <!--Optional:-->
                           <naa:Description LanguageIdentifier="?" LanguageLocaleIdentifier="?">?</naa:Description>
                           <!--Optional:-->
                           <naa:ValidityPeriod ref="?">
                              <!--Optional:-->
                              <naa:Complete Format="?">?</naa:Complete>
                              <!--Optional:-->
                              <naa:Description LanguageIdentifier="?" LanguageLocaleIdentifier="?">?</naa:Description>
                              <!--Optional:-->
                              <naa:Duration UnitCode="?">?</naa:Duration>
                              <!--Optional:-->
                              <naa:End Format="?">?</naa:End>
                              <naa:Identification identificationSchemeName="?" identificationSchemeURI="?" identificationSchemeVersion="?" identificationSchemeAgency="?">?</naa:Identification>
                              <!--Optional:-->
                              <naa:Inclusive Format="?">?</naa:Inclusive>
                              <!--Optional:-->
                              <naa:Name LanguageIdentifier="?" LanguageLocaleIdentifier="?">?</naa:Name>
                              <!--Optional:-->
                              <naa:Sequence identificationSchemeName="?" identificationSchemeURI="?" identificationSchemeVersion="?" identificationSchemeAgency="?">?</naa:Sequence>
                              <naa:Start Format="?">?</naa:Start>
                           </naa:ValidityPeriod>
                        </naa:Status>
                        <!--Zero or more repetitions:-->
                        <naa:Telephone ref="?">
                           <!--Optional:-->
                           <naa:AreaCode codeName="?" codeListURI="?" codeListAgency="?" codeListName="?" codeListVersion="?">?</naa:AreaCode>
                           <!--Optional:-->
                           <naa:CountryCode codeName="?" codeListURI="?" codeListAgency="?" codeListName="?" codeListVersion="?">?</naa:CountryCode>
                           <!--Optional:-->
                           <naa:Extension LanguageIdentifier="?" LanguageLocaleIdentifier="?">?</naa:Extension>
                           <naa:Number identificationSchemeName="?" identificationSchemeURI="?" identificationSchemeVersion="?" identificationSchemeAgency="?">?</naa:Number>
                           <naa:Type codeName="?" codeListURI="?" codeListAgency="?" codeListName="?" codeListVersion="?">?</naa:Type>
                        </naa:Telephone>
                        <!--Optional:-->
                        <naa:Type codeName="?" codeListURI="?" codeListAgency="?" codeListName="?" codeListVersion="?">?</naa:Type>
                     </naa:Organisation>
                     <!--Optional:-->
                     <naa:Person ref="?">
                        <!--Optional:-->
                        <naa:Description LanguageIdentifier="?" LanguageLocaleIdentifier="?">?</naa:Description>
                        <naa:Identification identificationSchemeName="?" identificationSchemeURI="?" identificationSchemeVersion="?" identificationSchemeAgency="?">?</naa:Identification>
                        <!--Zero or more repetitions:-->
                        <naa:Internet ref="?">
                           <naa:Type codeName="?" codeListURI="?" codeListAgency="?" codeListName="?" codeListVersion="?">?</naa:Type>
                           <naa:URI>?</naa:URI>
                        </naa:Internet>
                        <!--1 or more repetitions:-->
                        <naa:PersonName ref="?">
                           <naa:Classification codeName="?" codeListURI="?" codeListAgency="?" codeListName="?" codeListVersion="?">?</naa:Classification>
                           <!--Optional:-->
                           <naa:FamilyName LanguageIdentifier="?" LanguageLocaleIdentifier="?">?</naa:FamilyName>
                           <!--Optional:-->
                           <naa:FamilyNamePrefix LanguageIdentifier="?" LanguageLocaleIdentifier="?">?</naa:FamilyNamePrefix>
                           <!--Optional:-->
                           <naa:GivenName LanguageIdentifier="?" LanguageLocaleIdentifier="?">?</naa:GivenName>
                           <!--Optional:-->
                           <naa:MiddleName LanguageIdentifier="?" LanguageLocaleIdentifier="?">?</naa:MiddleName>
                           <!--Optional:-->
                           <naa:Name LanguageIdentifier="?" LanguageLocaleIdentifier="?">?</naa:Name>
                           <!--Optional:-->
                           <naa:NameSuffix codeName="?" codeListURI="?" codeListAgency="?" codeListName="?" codeListVersion="?">?</naa:NameSuffix>
                           <!--Optional:-->
                           <naa:Salutation LanguageIdentifier="?" LanguageLocaleIdentifier="?">?</naa:Salutation>
                           <!--Optional:-->
                           <naa:Title codeName="?" codeListURI="?" codeListAgency="?" codeListName="?" codeListVersion="?">?</naa:Title>
                           <!--Optional:-->
                           <naa:ValidityPeriod ref="?">
                              <!--Optional:-->
                              <naa:Complete Format="?">?</naa:Complete>
                              <!--Optional:-->
                              <naa:Description LanguageIdentifier="?" LanguageLocaleIdentifier="?">?</naa:Description>
                              <!--Optional:-->
                              <naa:Duration UnitCode="?">?</naa:Duration>
                              <!--Optional:-->
                              <naa:End Format="?">?</naa:End>
                              <naa:Identification identificationSchemeName="?" identificationSchemeURI="?" identificationSchemeVersion="?" identificationSchemeAgency="?">?</naa:Identification>
                              <!--Optional:-->
                              <naa:Inclusive Format="?">?</naa:Inclusive>
                              <!--Optional:-->
                              <naa:Name LanguageIdentifier="?" LanguageLocaleIdentifier="?">?</naa:Name>
                              <!--Optional:-->
                              <naa:Sequence identificationSchemeName="?" identificationSchemeURI="?" identificationSchemeVersion="?" identificationSchemeAgency="?">?</naa:Sequence>
                              <naa:Start Format="?">?</naa:Start>
                           </naa:ValidityPeriod>
                        </naa:PersonName>
                        <!--Zero or more repetitions:-->
                        <naa:PostalAddress ref="?">
                           <!--Zero or more repetitions:-->
                           <naa:Address/>
                           <!--Optional:-->
                           <naa:BlockName LanguageIdentifier="?" LanguageLocaleIdentifier="?">?</naa:BlockName>
                           <!--Optional:-->
                           <naa:BuildingName LanguageIdentifier="?" LanguageLocaleIdentifier="?">?</naa:BuildingName>
                           <!--Optional:-->
                           <naa:BuildingNumber LanguageIdentifier="?" LanguageLocaleIdentifier="?">?</naa:BuildingNumber>
                           <!--Optional:-->
                           <naa:CityName LanguageIdentifier="?" LanguageLocaleIdentifier="?">?</naa:CityName>
                           <!--Optional:-->
                           <naa:Code codeName="?" codeListURI="?" codeListAgency="?" codeListName="?" codeListVersion="?">?</naa:Code>
                           <!--Optional:-->
                           <naa:CountryName codeName="?" codeListURI="?" codeListAgency="?" codeListName="?" codeListVersion="?">?</naa:CountryName>
                           <!--Optional:-->
                           <naa:CountrySubDivision codeName="?" codeListURI="?" codeListAgency="?" codeListName="?" codeListVersion="?">?</naa:CountrySubDivision>
                           <!--Zero or more repetitions:-->
                           <naa:Geocode ref="?">
                              <!--Optional:-->
                              <naa:AltimetricSystem codeName="?" codeListURI="?" codeListAgency="?" codeListName="?" codeListVersion="?">?</naa:AltimetricSystem>
                              <!--Optional:-->
                              <naa:Altitude Format="?">?</naa:Altitude>
                              <naa:Identification identificationSchemeName="?" identificationSchemeURI="?" identificationSchemeVersion="?" identificationSchemeAgency="?">?</naa:Identification>
                              <naa:Latitude Format="?">?</naa:Latitude>
                              <!--Optional:-->
                              <naa:LatitudeDirection codeName="?" codeListURI="?" codeListAgency="?" codeListName="?" codeListVersion="?">?</naa:LatitudeDirection>
                              <naa:Longitude Format="?">?</naa:Longitude>
                              <!--Optional:-->
                              <naa:LongitudeDirection codeName="?" codeListURI="?" codeListAgency="?" codeListName="?" codeListVersion="?">?</naa:LongitudeDirection>
                              <!--Optional:-->
                              <naa:System codeName="?" codeListURI="?" codeListAgency="?" codeListName="?" codeListVersion="?">?</naa:System>
                           </naa:Geocode>
                           <naa:Identification identificationSchemeName="?" identificationSchemeURI="?" identificationSchemeVersion="?" identificationSchemeAgency="?">?</naa:Identification>
                           <!--Optional:-->
                           <naa:LineFive LanguageIdentifier="?" LanguageLocaleIdentifier="?">?</naa:LineFive>
                           <!--Optional:-->
                           <naa:LineFour LanguageIdentifier="?" LanguageLocaleIdentifier="?">?</naa:LineFour>
                           <!--Optional:-->
                           <naa:LineOne LanguageIdentifier="?" LanguageLocaleIdentifier="?">?</naa:LineOne>
                           <!--Optional:-->
                           <naa:LineSix LanguageIdentifier="?" LanguageLocaleIdentifier="?">?</naa:LineSix>
                           <!--Optional:-->
                           <naa:LineThree LanguageIdentifier="?" LanguageLocaleIdentifier="?">?</naa:LineThree>
                           <!--Optional:-->
                           <naa:LineTwo LanguageIdentifier="?" LanguageLocaleIdentifier="?">?</naa:LineTwo>
                           <!--Optional:-->
                           <naa:PostOfficeBox LanguageIdentifier="?" LanguageLocaleIdentifier="?">?</naa:PostOfficeBox>
                           <!--Optional:-->
                           <naa:Postcode LanguageIdentifier="?" LanguageLocaleIdentifier="?">?</naa:Postcode>
                           <!--Optional:-->
                           <naa:StreetName LanguageIdentifier="?" LanguageLocaleIdentifier="?">?</naa:StreetName>
                           <!--Optional:-->
                           <naa:StreetSuffix codeName="?" codeListURI="?" codeListAgency="?" codeListName="?" codeListVersion="?">?</naa:StreetSuffix>
                           <!--Optional:-->
                           <naa:StreetType codeName="?" codeListURI="?" codeListAgency="?" codeListName="?" codeListVersion="?">?</naa:StreetType>
                           <!--Optional:-->
                           <naa:Usage codeName="?" codeListURI="?" codeListAgency="?" codeListName="?" codeListVersion="?">?</naa:Usage>
                           <!--Optional:-->
                           <naa:UsagePeriod ref="?">
                              <!--Optional:-->
                              <naa:Complete Format="?">?</naa:Complete>
                              <!--Optional:-->
                              <naa:Description LanguageIdentifier="?" LanguageLocaleIdentifier="?">?</naa:Description>
                              <!--Optional:-->
                              <naa:Duration UnitCode="?">?</naa:Duration>
                              <!--Optional:-->
                              <naa:End Format="?">?</naa:End>
                              <naa:Identification identificationSchemeName="?" identificationSchemeURI="?" identificationSchemeVersion="?" identificationSchemeAgency="?">?</naa:Identification>
                              <!--Optional:-->
                              <naa:Inclusive Format="?">?</naa:Inclusive>
                              <!--Optional:-->
                              <naa:Name LanguageIdentifier="?" LanguageLocaleIdentifier="?">?</naa:Name>
                              <!--Optional:-->
                              <naa:Sequence identificationSchemeName="?" identificationSchemeURI="?" identificationSchemeVersion="?" identificationSchemeAgency="?">?</naa:Sequence>
                              <naa:Start Format="?">?</naa:Start>
                           </naa:UsagePeriod>
                        </naa:PostalAddress>
                        <!--Zero or more repetitions:-->
                        <naa:Registration ref="?">
                           <!--Optional:-->
                           <naa:Category codeName="?" codeListURI="?" codeListAgency="?" codeListName="?" codeListVersion="?">?</naa:Category>
                           <!--Optional:-->
                           <naa:Country codeName="?" codeListURI="?" codeListAgency="?" codeListName="?" codeListVersion="?">?</naa:Country>
                           <naa:Identification identificationSchemeName="?" identificationSchemeURI="?" identificationSchemeVersion="?" identificationSchemeAgency="?">?</naa:Identification>
                           <!--Optional:-->
                           <naa:Licence identificationSchemeName="?" identificationSchemeURI="?" identificationSchemeVersion="?" identificationSchemeAgency="?">?</naa:Licence>
                           <!--Optional:-->
                           <naa:Recorded Format="?">?</naa:Recorded>
                           <!--Optional:-->
                           <naa:Type codeName="?" codeListURI="?" codeListAgency="?" codeListName="?" codeListVersion="?">?</naa:Type>
                           <!--Optional:-->
                           <naa:ValidityPeriod ref="?">
                              <!--Optional:-->
                              <naa:Complete Format="?">?</naa:Complete>
                              <!--Optional:-->
                              <naa:Description LanguageIdentifier="?" LanguageLocaleIdentifier="?">?</naa:Description>
                              <!--Optional:-->
                              <naa:Duration UnitCode="?">?</naa:Duration>
                              <!--Optional:-->
                              <naa:End Format="?">?</naa:End>
                              <naa:Identification identificationSchemeName="?" identificationSchemeURI="?" identificationSchemeVersion="?" identificationSchemeAgency="?">?</naa:Identification>
                              <!--Optional:-->
                              <naa:Inclusive Format="?">?</naa:Inclusive>
                              <!--Optional:-->
                              <naa:Name LanguageIdentifier="?" LanguageLocaleIdentifier="?">?</naa:Name>
                              <!--Optional:-->
                              <naa:Sequence identificationSchemeName="?" identificationSchemeURI="?" identificationSchemeVersion="?" identificationSchemeAgency="?">?</naa:Sequence>
                              <naa:Start Format="?">?</naa:Start>
                           </naa:ValidityPeriod>
                        </naa:Registration>
                        <!--Zero or more repetitions:-->
                        <naa:ResidentialAddress ref="?">
                           <!--Zero or more repetitions:-->
                           <naa:Address/>
                           <!--Optional:-->
                           <naa:BlockName LanguageIdentifier="?" LanguageLocaleIdentifier="?">?</naa:BlockName>
                           <!--Optional:-->
                           <naa:BuildingName LanguageIdentifier="?" LanguageLocaleIdentifier="?">?</naa:BuildingName>
                           <!--Optional:-->
                           <naa:BuildingNumber LanguageIdentifier="?" LanguageLocaleIdentifier="?">?</naa:BuildingNumber>
                           <!--Optional:-->
                           <naa:CityName LanguageIdentifier="?" LanguageLocaleIdentifier="?">?</naa:CityName>
                           <!--Optional:-->
                           <naa:Code codeName="?" codeListURI="?" codeListAgency="?" codeListName="?" codeListVersion="?">?</naa:Code>
                           <!--Optional:-->
                           <naa:CountryName codeName="?" codeListURI="?" codeListAgency="?" codeListName="?" codeListVersion="?">?</naa:CountryName>
                           <!--Optional:-->
                           <naa:CountrySubDivision codeName="?" codeListURI="?" codeListAgency="?" codeListName="?" codeListVersion="?">?</naa:CountrySubDivision>
                           <!--Zero or more repetitions:-->
                           <naa:Geocode ref="?">
                              <!--Optional:-->
                              <naa:AltimetricSystem codeName="?" codeListURI="?" codeListAgency="?" codeListName="?" codeListVersion="?">?</naa:AltimetricSystem>
                              <!--Optional:-->
                              <naa:Altitude Format="?">?</naa:Altitude>
                              <naa:Identification identificationSchemeName="?" identificationSchemeURI="?" identificationSchemeVersion="?" identificationSchemeAgency="?">?</naa:Identification>
                              <naa:Latitude Format="?">?</naa:Latitude>
                              <!--Optional:-->
                              <naa:LatitudeDirection codeName="?" codeListURI="?" codeListAgency="?" codeListName="?" codeListVersion="?">?</naa:LatitudeDirection>
                              <naa:Longitude Format="?">?</naa:Longitude>
                              <!--Optional:-->
                              <naa:LongitudeDirection codeName="?" codeListURI="?" codeListAgency="?" codeListName="?" codeListVersion="?">?</naa:LongitudeDirection>
                              <!--Optional:-->
                              <naa:System codeName="?" codeListURI="?" codeListAgency="?" codeListName="?" codeListVersion="?">?</naa:System>
                           </naa:Geocode>
                           <naa:Identification identificationSchemeName="?" identificationSchemeURI="?" identificationSchemeVersion="?" identificationSchemeAgency="?">?</naa:Identification>
                           <!--Optional:-->
                           <naa:LineFive LanguageIdentifier="?" LanguageLocaleIdentifier="?">?</naa:LineFive>
                           <!--Optional:-->
                           <naa:LineFour LanguageIdentifier="?" LanguageLocaleIdentifier="?">?</naa:LineFour>
                           <!--Optional:-->
                           <naa:LineOne LanguageIdentifier="?" LanguageLocaleIdentifier="?">?</naa:LineOne>
                           <!--Optional:-->
                           <naa:LineSix LanguageIdentifier="?" LanguageLocaleIdentifier="?">?</naa:LineSix>
                           <!--Optional:-->
                           <naa:LineThree LanguageIdentifier="?" LanguageLocaleIdentifier="?">?</naa:LineThree>
                           <!--Optional:-->
                           <naa:LineTwo LanguageIdentifier="?" LanguageLocaleIdentifier="?">?</naa:LineTwo>
                           <!--Optional:-->
                           <naa:PostOfficeBox LanguageIdentifier="?" LanguageLocaleIdentifier="?">?</naa:PostOfficeBox>
                           <!--Optional:-->
                           <naa:Postcode LanguageIdentifier="?" LanguageLocaleIdentifier="?">?</naa:Postcode>
                           <!--Optional:-->
                           <naa:StreetName LanguageIdentifier="?" LanguageLocaleIdentifier="?">?</naa:StreetName>
                           <!--Optional:-->
                           <naa:StreetSuffix codeName="?" codeListURI="?" codeListAgency="?" codeListName="?" codeListVersion="?">?</naa:StreetSuffix>
                           <!--Optional:-->
                           <naa:StreetType codeName="?" codeListURI="?" codeListAgency="?" codeListName="?" codeListVersion="?">?</naa:StreetType>
                           <!--Optional:-->
                           <naa:Usage codeName="?" codeListURI="?" codeListAgency="?" codeListName="?" codeListVersion="?">?</naa:Usage>
                           <!--Optional:-->
                           <naa:UsagePeriod ref="?">
                              <!--Optional:-->
                              <naa:Complete Format="?">?</naa:Complete>
                              <!--Optional:-->
                              <naa:Description LanguageIdentifier="?" LanguageLocaleIdentifier="?">?</naa:Description>
                              <!--Optional:-->
                              <naa:Duration UnitCode="?">?</naa:Duration>
                              <!--Optional:-->
                              <naa:End Format="?">?</naa:End>
                              <naa:Identification identificationSchemeName="?" identificationSchemeURI="?" identificationSchemeVersion="?" identificationSchemeAgency="?">?</naa:Identification>
                              <!--Optional:-->
                              <naa:Inclusive Format="?">?</naa:Inclusive>
                              <!--Optional:-->
                              <naa:Name LanguageIdentifier="?" LanguageLocaleIdentifier="?">?</naa:Name>
                              <!--Optional:-->
                              <naa:Sequence identificationSchemeName="?" identificationSchemeURI="?" identificationSchemeVersion="?" identificationSchemeAgency="?">?</naa:Sequence>
                              <naa:Start Format="?">?</naa:Start>
                           </naa:UsagePeriod>
                        </naa:ResidentialAddress>
                        <!--Zero or more repetitions:-->
                        <naa:Status ref="?">
                           <naa:Code codeName="?" codeListURI="?" codeListAgency="?" codeListName="?" codeListVersion="?">?</naa:Code>
                           <!--Optional:-->
                           <naa:Description LanguageIdentifier="?" LanguageLocaleIdentifier="?">?</naa:Description>
                           <!--Optional:-->
                           <naa:ValidityPeriod ref="?">
                              <!--Optional:-->
                              <naa:Complete Format="?">?</naa:Complete>
                              <!--Optional:-->
                              <naa:Description LanguageIdentifier="?" LanguageLocaleIdentifier="?">?</naa:Description>
                              <!--Optional:-->
                              <naa:Duration UnitCode="?">?</naa:Duration>
                              <!--Optional:-->
                              <naa:End Format="?">?</naa:End>
                              <naa:Identification identificationSchemeName="?" identificationSchemeURI="?" identificationSchemeVersion="?" identificationSchemeAgency="?">?</naa:Identification>
                              <!--Optional:-->
                              <naa:Inclusive Format="?">?</naa:Inclusive>
                              <!--Optional:-->
                              <naa:Name LanguageIdentifier="?" LanguageLocaleIdentifier="?">?</naa:Name>
                              <!--Optional:-->
                              <naa:Sequence identificationSchemeName="?" identificationSchemeURI="?" identificationSchemeVersion="?" identificationSchemeAgency="?">?</naa:Sequence>
                              <naa:Start Format="?">?</naa:Start>
                           </naa:ValidityPeriod>
                        </naa:Status>
                        <!--Zero or more repetitions:-->
                        <naa:Telephone ref="?">
                           <!--Optional:-->
                           <naa:AreaCode codeName="?" codeListURI="?" codeListAgency="?" codeListName="?" codeListVersion="?">?</naa:AreaCode>
                           <!--Optional:-->
                           <naa:CountryCode codeName="?" codeListURI="?" codeListAgency="?" codeListName="?" codeListVersion="?">?</naa:CountryCode>
                           <!--Optional:-->
                           <naa:Extension LanguageIdentifier="?" LanguageLocaleIdentifier="?">?</naa:Extension>
                           <naa:Number identificationSchemeName="?" identificationSchemeURI="?" identificationSchemeVersion="?" identificationSchemeAgency="?">?</naa:Number>
                           <naa:Type codeName="?" codeListURI="?" codeListAgency="?" codeListName="?" codeListVersion="?">?</naa:Type>
                        </naa:Telephone>
                     </naa:Person>
                     <naa:Identification identificationSchemeName="?" identificationSchemeURI="?" identificationSchemeVersion="?" identificationSchemeAgency="?">?</naa:Identification>
                     <!--Optional:-->
                     <naa:Language codeName="?" codeListURI="?" codeListAgency="?" codeListName="?" codeListVersion="?">?</naa:Language>
                     <naa:Name LanguageIdentifier="?" LanguageLocaleIdentifier="?">?</naa:Name>
                     <!--Optional:-->
                     <naa:Type LanguageIdentifier="?" LanguageLocaleIdentifier="?">?</naa:Type>
                  </da:Party>
                  <!--Optional:-->
                  <da:Type codeName="?" codeListURI="?" codeListAgency="?" codeListName="?" codeListVersion="?">?</da:Type>
               </da:PartyRole>
               <!--Zero or more repetitions:-->
               <da:Period ref="?">
                  <!--Optional:-->
                  <naa:Complete Format="?">?</naa:Complete>
                  <!--Optional:-->
                  <naa:Description LanguageIdentifier="?" LanguageLocaleIdentifier="?">?</naa:Description>
                  <!--Optional:-->
                  <naa:Duration UnitCode="?">?</naa:Duration>
                  <!--Optional:-->
                  <naa:End Format="?">?</naa:End>
                  <naa:Identification identificationSchemeName="?" identificationSchemeURI="?" identificationSchemeVersion="?" identificationSchemeAgency="?">?</naa:Identification>
                  <!--Optional:-->
                  <naa:Inclusive Format="?">?</naa:Inclusive>
                  <!--Optional:-->
                  <naa:Name LanguageIdentifier="?" LanguageLocaleIdentifier="?">?</naa:Name>
                  <!--Optional:-->
                  <naa:Sequence identificationSchemeName="?" identificationSchemeURI="?" identificationSchemeVersion="?" identificationSchemeAgency="?">?</naa:Sequence>
                  <naa:Start Format="?">?</naa:Start>
               </da:Period>
               <!--Zero or more repetitions:-->
               <da:PublicOpinion ref="?">
                  <!--Zero or more repetitions:-->
                  <da:Attachment ref="?">
                     <!--Zero or more repetitions:-->
                     <da:Contributor LanguageIdentifier="?" LanguageLocaleIdentifier="?">?</da:Contributor>
                     <!--Zero or more repetitions:-->
                     <da:Coverage LanguageIdentifier="?" LanguageLocaleIdentifier="?">?</da:Coverage>
                     <!--Zero or more repetitions:-->
                     <da:Creator LanguageIdentifier="?" LanguageLocaleIdentifier="?">?</da:Creator>
                     <!--Optional:-->
                     <da:Date Format="?">?</da:Date>
                     <!--Zero or more repetitions:-->
                     <da:Description LanguageIdentifier="?" LanguageLocaleIdentifier="?">?</da:Description>
                     <!--Optional:-->
                     <da:Format LanguageIdentifier="?" LanguageLocaleIdentifier="?">?</da:Format>
                     <da:Identification identificationSchemeName="?" identificationSchemeURI="?" identificationSchemeVersion="?" identificationSchemeAgency="?">?</da:Identification>
                     <!--Zero or more repetitions:-->
                     <da:Language LanguageIdentifier="?" LanguageLocaleIdentifier="?">?</da:Language>
                     <!--Zero or more repetitions:-->
                     <da:Publisher LanguageIdentifier="?" LanguageLocaleIdentifier="?">?</da:Publisher>
                     <!--Zero or more repetitions:-->
                     <da:Relation LanguageIdentifier="?" LanguageLocaleIdentifier="?">?</da:Relation>
                     <!--Zero or more repetitions:-->
                     <da:Rights LanguageIdentifier="?" LanguageLocaleIdentifier="?">?</da:Rights>
                     <!--Optional:-->
                     <da:Size UnitCode="?">?</da:Size>
                     <!--Zero or more repetitions:-->
                     <da:Source LanguageIdentifier="?" LanguageLocaleIdentifier="?">?</da:Source>
                     <!--Optional:-->
                     <da:Subject LanguageIdentifier="?" LanguageLocaleIdentifier="?">?</da:Subject>
                     <!--Optional:-->
                     <da:Title LanguageIdentifier="?" LanguageLocaleIdentifier="?">?</da:Title>
                     <!--Optional:-->
                     <da:Type LanguageIdentifier="?" LanguageLocaleIdentifier="?">?</da:Type>
                     <!--Optional:-->
                     <da:Version LanguageIdentifier="?" LanguageLocaleIdentifier="?">?</da:Version>
                     <!--You have a CHOICE of the next 2 items at this level-->
                     <!--Optional:-->
                     <da:Attachment Format="?" MimeCode="?" CharacterSetCode="?" EncodingCode="?" UniformResourceIdentifier="?" Filename="?">cid:79030824553</da:Attachment>
                     <!--Optional:-->
                     <da:URI>?</da:URI>
                  </da:Attachment>
                  <!--Optional:-->
                  <da:Comments LanguageIdentifier="?" LanguageLocaleIdentifier="?">?</da:Comments>
                  <da:Reported Format="?">?</da:Reported>
               </da:PublicOpinion>
               <da:Type codeName="?" codeListURI="?" codeListAgency="?" codeListName="?" codeListVersion="?">?</da:Type>
            </da:PublicNotificationObligation>
            <!--Zero or more repetitions:-->
            <da:ReasonDetails ref="?">
               <!--Optional:-->
               <da:DateTime Format="?">?</da:DateTime>
               <!--Optional:-->
               <da:Description LanguageIdentifier="?" LanguageLocaleIdentifier="?">?</da:Description>
               <da:ReasonCode codeName="?" codeListURI="?" codeListAgency="?" codeListName="?" codeListVersion="?">?</da:ReasonCode>
               <!--Zero or more repetitions:-->
               <da:ReasonText LanguageIdentifier="?" LanguageLocaleIdentifier="?">?</da:ReasonText>
            </da:ReasonDetails>
            <!--Zero or more repetitions:-->
            <da:ReferencedApplication ref="?">
               <da:ApplicationNumber identificationSchemeName="?" identificationSchemeURI="?" identificationSchemeVersion="?" identificationSchemeAgency="?">?</da:ApplicationNumber>
               <!--Optional:-->
               <da:Type codeName="?" codeListURI="?" codeListAgency="?" codeListName="?" codeListVersion="?">?</da:Type>
            </da:ReferencedApplication>
            <!--Zero or more repetitions:-->
            <da:ReferralObligation ref="?">
               <!--Optional:-->
               <da:Classification codeName="?" codeListURI="?" codeListAgency="?" codeListName="?" codeListVersion="?">?</da:Classification>
               <!--Optional:-->
               <da:ComplianceDate Format="?">?</da:ComplianceDate>
               <!--Zero or more repetitions:-->
               <da:Description LanguageIdentifier="?" LanguageLocaleIdentifier="?">?</da:Description>
               <da:Identification identificationSchemeName="?" identificationSchemeURI="?" identificationSchemeVersion="?" identificationSchemeAgency="?">?</da:Identification>
               <!--Zero or more repetitions:-->
               <da:Period ref="?">
                  <!--Optional:-->
                  <naa:Complete Format="?">?</naa:Complete>
                  <!--Optional:-->
                  <naa:Description LanguageIdentifier="?" LanguageLocaleIdentifier="?">?</naa:Description>
                  <!--Optional:-->
                  <naa:Duration UnitCode="?">?</naa:Duration>
                  <!--Optional:-->
                  <naa:End Format="?">?</naa:End>
                  <naa:Identification identificationSchemeName="?" identificationSchemeURI="?" identificationSchemeVersion="?" identificationSchemeAgency="?">?</naa:Identification>
                  <!--Optional:-->
                  <naa:Inclusive Format="?">?</naa:Inclusive>
                  <!--Optional:-->
                  <naa:Name LanguageIdentifier="?" LanguageLocaleIdentifier="?">?</naa:Name>
                  <!--Optional:-->
                  <naa:Sequence identificationSchemeName="?" identificationSchemeURI="?" identificationSchemeVersion="?" identificationSchemeAgency="?">?</naa:Sequence>
                  <naa:Start Format="?">?</naa:Start>
               </da:Period>
               <!--Zero or more repetitions:-->
               <da:ReferralAuthorityPartyRole ref="?">
                  <!--Optional:-->
                  <da:DateTime Format="?">?</da:DateTime>
                  <!--1 or more repetitions:-->
                  <da:Party ref="?">
                     <!--Optional:-->
                     <naa:AccessRights codeName="?" codeListURI="?" codeListAgency="?" codeListName="?" codeListVersion="?">?</naa:AccessRights>
                     <!--Optional:-->
                     <naa:Description LanguageIdentifier="?" LanguageLocaleIdentifier="?">?</naa:Description>
                     <!--You have a CHOICE of the next 2 items at this level-->
                     <!--Optional:-->
                     <naa:Organisation ref="?">
                        <!--Zero or more repetitions:-->
                        <naa:Contact ref="?">
                           <!--Optional:-->
                           <naa:DepartmentName LanguageIdentifier="?" LanguageLocaleIdentifier="?">?</naa:DepartmentName>
                           <!--Optional:-->
                           <naa:Description LanguageIdentifier="?" LanguageLocaleIdentifier="?">?</naa:Description>
                           <naa:Identification identificationSchemeName="?" identificationSchemeURI="?" identificationSchemeVersion="?" identificationSchemeAgency="?">?</naa:Identification>
                           <!--Zero or more repetitions:-->
                           <naa:Internet ref="?">
                              <naa:Type codeName="?" codeListURI="?" codeListAgency="?" codeListName="?" codeListVersion="?">?</naa:Type>
                              <naa:URI>?</naa:URI>
                           </naa:Internet>
                           <!--Optional:-->
                           <naa:IsPrimary Format="?">?</naa:IsPrimary>
                           <!--Optional:-->
                           <naa:JobTitle LanguageIdentifier="?" LanguageLocaleIdentifier="?">?</naa:JobTitle>
                           <!--Optional:-->
                           <naa:PersonName ref="?">
                              <naa:Classification codeName="?" codeListURI="?" codeListAgency="?" codeListName="?" codeListVersion="?">?</naa:Classification>
                              <!--Optional:-->
                              <naa:FamilyName LanguageIdentifier="?" LanguageLocaleIdentifier="?">?</naa:FamilyName>
                              <!--Optional:-->
                              <naa:FamilyNamePrefix LanguageIdentifier="?" LanguageLocaleIdentifier="?">?</naa:FamilyNamePrefix>
                              <!--Optional:-->
                              <naa:GivenName LanguageIdentifier="?" LanguageLocaleIdentifier="?">?</naa:GivenName>
                              <!--Optional:-->
                              <naa:MiddleName LanguageIdentifier="?" LanguageLocaleIdentifier="?">?</naa:MiddleName>
                              <!--Optional:-->
                              <naa:Name LanguageIdentifier="?" LanguageLocaleIdentifier="?">?</naa:Name>
                              <!--Optional:-->
                              <naa:NameSuffix codeName="?" codeListURI="?" codeListAgency="?" codeListName="?" codeListVersion="?">?</naa:NameSuffix>
                              <!--Optional:-->
                              <naa:Salutation LanguageIdentifier="?" LanguageLocaleIdentifier="?">?</naa:Salutation>
                              <!--Optional:-->
                              <naa:Title codeName="?" codeListURI="?" codeListAgency="?" codeListName="?" codeListVersion="?">?</naa:Title>
                              <!--Optional:-->
                              <naa:ValidityPeriod ref="?">
                                 <!--Optional:-->
                                 <naa:Complete Format="?">?</naa:Complete>
                                 <!--Optional:-->
                                 <naa:Description LanguageIdentifier="?" LanguageLocaleIdentifier="?">?</naa:Description>
                                 <!--Optional:-->
                                 <naa:Duration UnitCode="?">?</naa:Duration>
                                 <!--Optional:-->
                                 <naa:End Format="?">?</naa:End>
                                 <naa:Identification identificationSchemeName="?" identificationSchemeURI="?" identificationSchemeVersion="?" identificationSchemeAgency="?">?</naa:Identification>
                                 <!--Optional:-->
                                 <naa:Inclusive Format="?">?</naa:Inclusive>
                                 <!--Optional:-->
                                 <naa:Name LanguageIdentifier="?" LanguageLocaleIdentifier="?">?</naa:Name>
                                 <!--Optional:-->
                                 <naa:Sequence identificationSchemeName="?" identificationSchemeURI="?" identificationSchemeVersion="?" identificationSchemeAgency="?">?</naa:Sequence>
                                 <naa:Start Format="?">?</naa:Start>
                              </naa:ValidityPeriod>
                           </naa:PersonName>
                           <!--Optional:-->
                           <naa:Responsibility LanguageIdentifier="?" LanguageLocaleIdentifier="?">?</naa:Responsibility>
                           <!--Zero or more repetitions:-->
                           <naa:Telephone ref="?">
                              <!--Optional:-->
                              <naa:AreaCode codeName="?" codeListURI="?" codeListAgency="?" codeListName="?" codeListVersion="?">?</naa:AreaCode>
                              <!--Optional:-->
                              <naa:CountryCode codeName="?" codeListURI="?" codeListAgency="?" codeListName="?" codeListVersion="?">?</naa:CountryCode>
                              <!--Optional:-->
                              <naa:Extension LanguageIdentifier="?" LanguageLocaleIdentifier="?">?</naa:Extension>
                              <naa:Number identificationSchemeName="?" identificationSchemeURI="?" identificationSchemeVersion="?" identificationSchemeAgency="?">?</naa:Number>
                              <naa:Type codeName="?" codeListURI="?" codeListAgency="?" codeListName="?" codeListVersion="?">?</naa:Type>
                           </naa:Telephone>
                           <!--Optional:-->
                           <naa:Type codeName="?" codeListURI="?" codeListAgency="?" codeListName="?" codeListVersion="?">?</naa:Type>
                        </naa:Contact>
                        <!--Optional:-->
                        <naa:Description LanguageIdentifier="?" LanguageLocaleIdentifier="?">?</naa:Description>
                        <naa:Identification identificationSchemeName="?" identificationSchemeURI="?" identificationSchemeVersion="?" identificationSchemeAgency="?">?</naa:Identification>
                        <!--Optional:-->
                        <naa:IndustryClassification codeName="?" codeListURI="?" codeListAgency="?" codeListName="?" codeListVersion="?">?</naa:IndustryClassification>
                        <!--Zero or more repetitions:-->
                        <naa:Internet ref="?">
                           <naa:Type codeName="?" codeListURI="?" codeListAgency="?" codeListName="?" codeListVersion="?">?</naa:Type>
                           <naa:URI>?</naa:URI>
                        </naa:Internet>
                        <!--Optional:-->
                        <naa:IsActive Format="?">?</naa:IsActive>
                        <!--Optional:-->
                        <naa:LegalClassification codeName="?" codeListURI="?" codeListAgency="?" codeListName="?" codeListVersion="?">?</naa:LegalClassification>
                        <!--Zero or more repetitions:-->
                        <naa:Organisation/>
                        <!--1 or more repetitions:-->
                        <naa:OrganisationName ref="?">
                           <naa:Classification codeName="?" codeListURI="?" codeListAgency="?" codeListName="?" codeListVersion="?">?</naa:Classification>
                           <naa:Name LanguageIdentifier="?" LanguageLocaleIdentifier="?">?</naa:Name>
                           <!--Optional:-->
                           <naa:ValidityPeriod ref="?">
                              <!--Optional:-->
                              <naa:Complete Format="?">?</naa:Complete>
                              <!--Optional:-->
                              <naa:Description LanguageIdentifier="?" LanguageLocaleIdentifier="?">?</naa:Description>
                              <!--Optional:-->
                              <naa:Duration UnitCode="?">?</naa:Duration>
                              <!--Optional:-->
                              <naa:End Format="?">?</naa:End>
                              <naa:Identification identificationSchemeName="?" identificationSchemeURI="?" identificationSchemeVersion="?" identificationSchemeAgency="?">?</naa:Identification>
                              <!--Optional:-->
                              <naa:Inclusive Format="?">?</naa:Inclusive>
                              <!--Optional:-->
                              <naa:Name LanguageIdentifier="?" LanguageLocaleIdentifier="?">?</naa:Name>
                              <!--Optional:-->
                              <naa:Sequence identificationSchemeName="?" identificationSchemeURI="?" identificationSchemeVersion="?" identificationSchemeAgency="?">?</naa:Sequence>
                              <naa:Start Format="?">?</naa:Start>
                           </naa:ValidityPeriod>
                        </naa:OrganisationName>
                        <!--Zero or more repetitions:-->
                        <naa:PhysicalAddress ref="?">
                           <!--Zero or more repetitions:-->
                           <naa:Address/>
                           <!--Optional:-->
                           <naa:BlockName LanguageIdentifier="?" LanguageLocaleIdentifier="?">?</naa:BlockName>
                           <!--Optional:-->
                           <naa:BuildingName LanguageIdentifier="?" LanguageLocaleIdentifier="?">?</naa:BuildingName>
                           <!--Optional:-->
                           <naa:BuildingNumber LanguageIdentifier="?" LanguageLocaleIdentifier="?">?</naa:BuildingNumber>
                           <!--Optional:-->
                           <naa:CityName LanguageIdentifier="?" LanguageLocaleIdentifier="?">?</naa:CityName>
                           <!--Optional:-->
                           <naa:Code codeName="?" codeListURI="?" codeListAgency="?" codeListName="?" codeListVersion="?">?</naa:Code>
                           <!--Optional:-->
                           <naa:CountryName codeName="?" codeListURI="?" codeListAgency="?" codeListName="?" codeListVersion="?">?</naa:CountryName>
                           <!--Optional:-->
                           <naa:CountrySubDivision codeName="?" codeListURI="?" codeListAgency="?" codeListName="?" codeListVersion="?">?</naa:CountrySubDivision>
                           <!--Zero or more repetitions:-->
                           <naa:Geocode ref="?">
                              <!--Optional:-->
                              <naa:AltimetricSystem codeName="?" codeListURI="?" codeListAgency="?" codeListName="?" codeListVersion="?">?</naa:AltimetricSystem>
                              <!--Optional:-->
                              <naa:Altitude Format="?">?</naa:Altitude>
                              <naa:Identification identificationSchemeName="?" identificationSchemeURI="?" identificationSchemeVersion="?" identificationSchemeAgency="?">?</naa:Identification>
                              <naa:Latitude Format="?">?</naa:Latitude>
                              <!--Optional:-->
                              <naa:LatitudeDirection codeName="?" codeListURI="?" codeListAgency="?" codeListName="?" codeListVersion="?">?</naa:LatitudeDirection>
                              <naa:Longitude Format="?">?</naa:Longitude>
                              <!--Optional:-->
                              <naa:LongitudeDirection codeName="?" codeListURI="?" codeListAgency="?" codeListName="?" codeListVersion="?">?</naa:LongitudeDirection>
                              <!--Optional:-->
                              <naa:System codeName="?" codeListURI="?" codeListAgency="?" codeListName="?" codeListVersion="?">?</naa:System>
                           </naa:Geocode>
                           <naa:Identification identificationSchemeName="?" identificationSchemeURI="?" identificationSchemeVersion="?" identificationSchemeAgency="?">?</naa:Identification>
                           <!--Optional:-->
                           <naa:LineFive LanguageIdentifier="?" LanguageLocaleIdentifier="?">?</naa:LineFive>
                           <!--Optional:-->
                           <naa:LineFour LanguageIdentifier="?" LanguageLocaleIdentifier="?">?</naa:LineFour>
                           <!--Optional:-->
                           <naa:LineOne LanguageIdentifier="?" LanguageLocaleIdentifier="?">?</naa:LineOne>
                           <!--Optional:-->
                           <naa:LineSix LanguageIdentifier="?" LanguageLocaleIdentifier="?">?</naa:LineSix>
                           <!--Optional:-->
                           <naa:LineThree LanguageIdentifier="?" LanguageLocaleIdentifier="?">?</naa:LineThree>
                           <!--Optional:-->
                           <naa:LineTwo LanguageIdentifier="?" LanguageLocaleIdentifier="?">?</naa:LineTwo>
                           <!--Optional:-->
                           <naa:PostOfficeBox LanguageIdentifier="?" LanguageLocaleIdentifier="?">?</naa:PostOfficeBox>
                           <!--Optional:-->
                           <naa:Postcode LanguageIdentifier="?" LanguageLocaleIdentifier="?">?</naa:Postcode>
                           <!--Optional:-->
                           <naa:StreetName LanguageIdentifier="?" LanguageLocaleIdentifier="?">?</naa:StreetName>
                           <!--Optional:-->
                           <naa:StreetSuffix codeName="?" codeListURI="?" codeListAgency="?" codeListName="?" codeListVersion="?">?</naa:StreetSuffix>
                           <!--Optional:-->
                           <naa:StreetType codeName="?" codeListURI="?" codeListAgency="?" codeListName="?" codeListVersion="?">?</naa:StreetType>
                           <!--Optional:-->
                           <naa:Usage codeName="?" codeListURI="?" codeListAgency="?" codeListName="?" codeListVersion="?">?</naa:Usage>
                           <!--Optional:-->
                           <naa:UsagePeriod ref="?">
                              <!--Optional:-->
                              <naa:Complete Format="?">?</naa:Complete>
                              <!--Optional:-->
                              <naa:Description LanguageIdentifier="?" LanguageLocaleIdentifier="?">?</naa:Description>
                              <!--Optional:-->
                              <naa:Duration UnitCode="?">?</naa:Duration>
                              <!--Optional:-->
                              <naa:End Format="?">?</naa:End>
                              <naa:Identification identificationSchemeName="?" identificationSchemeURI="?" identificationSchemeVersion="?" identificationSchemeAgency="?">?</naa:Identification>
                              <!--Optional:-->
                              <naa:Inclusive Format="?">?</naa:Inclusive>
                              <!--Optional:-->
                              <naa:Name LanguageIdentifier="?" LanguageLocaleIdentifier="?">?</naa:Name>
                              <!--Optional:-->
                              <naa:Sequence identificationSchemeName="?" identificationSchemeURI="?" identificationSchemeVersion="?" identificationSchemeAgency="?">?</naa:Sequence>
                              <naa:Start Format="?">?</naa:Start>
                           </naa:UsagePeriod>
                        </naa:PhysicalAddress>
                        <!--Zero or more repetitions:-->
                        <naa:PostalAddress ref="?">
                           <!--Zero or more repetitions:-->
                           <naa:Address/>
                           <!--Optional:-->
                           <naa:BlockName LanguageIdentifier="?" LanguageLocaleIdentifier="?">?</naa:BlockName>
                           <!--Optional:-->
                           <naa:BuildingName LanguageIdentifier="?" LanguageLocaleIdentifier="?">?</naa:BuildingName>
                           <!--Optional:-->
                           <naa:BuildingNumber LanguageIdentifier="?" LanguageLocaleIdentifier="?">?</naa:BuildingNumber>
                           <!--Optional:-->
                           <naa:CityName LanguageIdentifier="?" LanguageLocaleIdentifier="?">?</naa:CityName>
                           <!--Optional:-->
                           <naa:Code codeName="?" codeListURI="?" codeListAgency="?" codeListName="?" codeListVersion="?">?</naa:Code>
                           <!--Optional:-->
                           <naa:CountryName codeName="?" codeListURI="?" codeListAgency="?" codeListName="?" codeListVersion="?">?</naa:CountryName>
                           <!--Optional:-->
                           <naa:CountrySubDivision codeName="?" codeListURI="?" codeListAgency="?" codeListName="?" codeListVersion="?">?</naa:CountrySubDivision>
                           <!--Zero or more repetitions:-->
                           <naa:Geocode ref="?">
                              <!--Optional:-->
                              <naa:AltimetricSystem codeName="?" codeListURI="?" codeListAgency="?" codeListName="?" codeListVersion="?">?</naa:AltimetricSystem>
                              <!--Optional:-->
                              <naa:Altitude Format="?">?</naa:Altitude>
                              <naa:Identification identificationSchemeName="?" identificationSchemeURI="?" identificationSchemeVersion="?" identificationSchemeAgency="?">?</naa:Identification>
                              <naa:Latitude Format="?">?</naa:Latitude>
                              <!--Optional:-->
                              <naa:LatitudeDirection codeName="?" codeListURI="?" codeListAgency="?" codeListName="?" codeListVersion="?">?</naa:LatitudeDirection>
                              <naa:Longitude Format="?">?</naa:Longitude>
                              <!--Optional:-->
                              <naa:LongitudeDirection codeName="?" codeListURI="?" codeListAgency="?" codeListName="?" codeListVersion="?">?</naa:LongitudeDirection>
                              <!--Optional:-->
                              <naa:System codeName="?" codeListURI="?" codeListAgency="?" codeListName="?" codeListVersion="?">?</naa:System>
                           </naa:Geocode>
                           <naa:Identification identificationSchemeName="?" identificationSchemeURI="?" identificationSchemeVersion="?" identificationSchemeAgency="?">?</naa:Identification>
                           <!--Optional:-->
                           <naa:LineFive LanguageIdentifier="?" LanguageLocaleIdentifier="?">?</naa:LineFive>
                           <!--Optional:-->
                           <naa:LineFour LanguageIdentifier="?" LanguageLocaleIdentifier="?">?</naa:LineFour>
                           <!--Optional:-->
                           <naa:LineOne LanguageIdentifier="?" LanguageLocaleIdentifier="?">?</naa:LineOne>
                           <!--Optional:-->
                           <naa:LineSix LanguageIdentifier="?" LanguageLocaleIdentifier="?">?</naa:LineSix>
                           <!--Optional:-->
                           <naa:LineThree LanguageIdentifier="?" LanguageLocaleIdentifier="?">?</naa:LineThree>
                           <!--Optional:-->
                           <naa:LineTwo LanguageIdentifier="?" LanguageLocaleIdentifier="?">?</naa:LineTwo>
                           <!--Optional:-->
                           <naa:PostOfficeBox LanguageIdentifier="?" LanguageLocaleIdentifier="?">?</naa:PostOfficeBox>
                           <!--Optional:-->
                           <naa:Postcode LanguageIdentifier="?" LanguageLocaleIdentifier="?">?</naa:Postcode>
                           <!--Optional:-->
                           <naa:StreetName LanguageIdentifier="?" LanguageLocaleIdentifier="?">?</naa:StreetName>
                           <!--Optional:-->
                           <naa:StreetSuffix codeName="?" codeListURI="?" codeListAgency="?" codeListName="?" codeListVersion="?">?</naa:StreetSuffix>
                           <!--Optional:-->
                           <naa:StreetType codeName="?" codeListURI="?" codeListAgency="?" codeListName="?" codeListVersion="?">?</naa:StreetType>
                           <!--Optional:-->
                           <naa:Usage codeName="?" codeListURI="?" codeListAgency="?" codeListName="?" codeListVersion="?">?</naa:Usage>
                           <!--Optional:-->
                           <naa:UsagePeriod ref="?">
                              <!--Optional:-->
                              <naa:Complete Format="?">?</naa:Complete>
                              <!--Optional:-->
                              <naa:Description LanguageIdentifier="?" LanguageLocaleIdentifier="?">?</naa:Description>
                              <!--Optional:-->
                              <naa:Duration UnitCode="?">?</naa:Duration>
                              <!--Optional:-->
                              <naa:End Format="?">?</naa:End>
                              <naa:Identification identificationSchemeName="?" identificationSchemeURI="?" identificationSchemeVersion="?" identificationSchemeAgency="?">?</naa:Identification>
                              <!--Optional:-->
                              <naa:Inclusive Format="?">?</naa:Inclusive>
                              <!--Optional:-->
                              <naa:Name LanguageIdentifier="?" LanguageLocaleIdentifier="?">?</naa:Name>
                              <!--Optional:-->
                              <naa:Sequence identificationSchemeName="?" identificationSchemeURI="?" identificationSchemeVersion="?" identificationSchemeAgency="?">?</naa:Sequence>
                              <naa:Start Format="?">?</naa:Start>
                           </naa:UsagePeriod>
                        </naa:PostalAddress>
                        <!--Zero or more repetitions:-->
                        <naa:Registration ref="?">
                           <!--Optional:-->
                           <naa:Category codeName="?" codeListURI="?" codeListAgency="?" codeListName="?" codeListVersion="?">?</naa:Category>
                           <!--Optional:-->
                           <naa:Country codeName="?" codeListURI="?" codeListAgency="?" codeListName="?" codeListVersion="?">?</naa:Country>
                           <naa:Identification identificationSchemeName="?" identificationSchemeURI="?" identificationSchemeVersion="?" identificationSchemeAgency="?">?</naa:Identification>
                           <!--Optional:-->
                           <naa:Licence identificationSchemeName="?" identificationSchemeURI="?" identificationSchemeVersion="?" identificationSchemeAgency="?">?</naa:Licence>
                           <!--Optional:-->
                           <naa:Recorded Format="?">?</naa:Recorded>
                           <!--Optional:-->
                           <naa:Type codeName="?" codeListURI="?" codeListAgency="?" codeListName="?" codeListVersion="?">?</naa:Type>
                           <!--Optional:-->
                           <naa:ValidityPeriod ref="?">
                              <!--Optional:-->
                              <naa:Complete Format="?">?</naa:Complete>
                              <!--Optional:-->
                              <naa:Description LanguageIdentifier="?" LanguageLocaleIdentifier="?">?</naa:Description>
                              <!--Optional:-->
                              <naa:Duration UnitCode="?">?</naa:Duration>
                              <!--Optional:-->
                              <naa:End Format="?">?</naa:End>
                              <naa:Identification identificationSchemeName="?" identificationSchemeURI="?" identificationSchemeVersion="?" identificationSchemeAgency="?">?</naa:Identification>
                              <!--Optional:-->
                              <naa:Inclusive Format="?">?</naa:Inclusive>
                              <!--Optional:-->
                              <naa:Name LanguageIdentifier="?" LanguageLocaleIdentifier="?">?</naa:Name>
                              <!--Optional:-->
                              <naa:Sequence identificationSchemeName="?" identificationSchemeURI="?" identificationSchemeVersion="?" identificationSchemeAgency="?">?</naa:Sequence>
                              <naa:Start Format="?">?</naa:Start>
                           </naa:ValidityPeriod>
                        </naa:Registration>
                        <!--Zero or more repetitions:-->
                        <naa:Status ref="?">
                           <naa:Code codeName="?" codeListURI="?" codeListAgency="?" codeListName="?" codeListVersion="?">?</naa:Code>
                           <!--Optional:-->
                           <naa:Description LanguageIdentifier="?" LanguageLocaleIdentifier="?">?</naa:Description>
                           <!--Optional:-->
                           <naa:ValidityPeriod ref="?">
                              <!--Optional:-->
                              <naa:Complete Format="?">?</naa:Complete>
                              <!--Optional:-->
                              <naa:Description LanguageIdentifier="?" LanguageLocaleIdentifier="?">?</naa:Description>
                              <!--Optional:-->
                              <naa:Duration UnitCode="?">?</naa:Duration>
                              <!--Optional:-->
                              <naa:End Format="?">?</naa:End>
                              <naa:Identification identificationSchemeName="?" identificationSchemeURI="?" identificationSchemeVersion="?" identificationSchemeAgency="?">?</naa:Identification>
                              <!--Optional:-->
                              <naa:Inclusive Format="?">?</naa:Inclusive>
                              <!--Optional:-->
                              <naa:Name LanguageIdentifier="?" LanguageLocaleIdentifier="?">?</naa:Name>
                              <!--Optional:-->
                              <naa:Sequence identificationSchemeName="?" identificationSchemeURI="?" identificationSchemeVersion="?" identificationSchemeAgency="?">?</naa:Sequence>
                              <naa:Start Format="?">?</naa:Start>
                           </naa:ValidityPeriod>
                        </naa:Status>
                        <!--Zero or more repetitions:-->
                        <naa:Telephone ref="?">
                           <!--Optional:-->
                           <naa:AreaCode codeName="?" codeListURI="?" codeListAgency="?" codeListName="?" codeListVersion="?">?</naa:AreaCode>
                           <!--Optional:-->
                           <naa:CountryCode codeName="?" codeListURI="?" codeListAgency="?" codeListName="?" codeListVersion="?">?</naa:CountryCode>
                           <!--Optional:-->
                           <naa:Extension LanguageIdentifier="?" LanguageLocaleIdentifier="?">?</naa:Extension>
                           <naa:Number identificationSchemeName="?" identificationSchemeURI="?" identificationSchemeVersion="?" identificationSchemeAgency="?">?</naa:Number>
                           <naa:Type codeName="?" codeListURI="?" codeListAgency="?" codeListName="?" codeListVersion="?">?</naa:Type>
                        </naa:Telephone>
                        <!--Optional:-->
                        <naa:Type codeName="?" codeListURI="?" codeListAgency="?" codeListName="?" codeListVersion="?">?</naa:Type>
                     </naa:Organisation>
                     <!--Optional:-->
                     <naa:Person ref="?">
                        <!--Optional:-->
                        <naa:Description LanguageIdentifier="?" LanguageLocaleIdentifier="?">?</naa:Description>
                        <naa:Identification identificationSchemeName="?" identificationSchemeURI="?" identificationSchemeVersion="?" identificationSchemeAgency="?">?</naa:Identification>
                        <!--Zero or more repetitions:-->
                        <naa:Internet ref="?">
                           <naa:Type codeName="?" codeListURI="?" codeListAgency="?" codeListName="?" codeListVersion="?">?</naa:Type>
                           <naa:URI>?</naa:URI>
                        </naa:Internet>
                        <!--1 or more repetitions:-->
                        <naa:PersonName ref="?">
                           <naa:Classification codeName="?" codeListURI="?" codeListAgency="?" codeListName="?" codeListVersion="?">?</naa:Classification>
                           <!--Optional:-->
                           <naa:FamilyName LanguageIdentifier="?" LanguageLocaleIdentifier="?">?</naa:FamilyName>
                           <!--Optional:-->
                           <naa:FamilyNamePrefix LanguageIdentifier="?" LanguageLocaleIdentifier="?">?</naa:FamilyNamePrefix>
                           <!--Optional:-->
                           <naa:GivenName LanguageIdentifier="?" LanguageLocaleIdentifier="?">?</naa:GivenName>
                           <!--Optional:-->
                           <naa:MiddleName LanguageIdentifier="?" LanguageLocaleIdentifier="?">?</naa:MiddleName>
                           <!--Optional:-->
                           <naa:Name LanguageIdentifier="?" LanguageLocaleIdentifier="?">?</naa:Name>
                           <!--Optional:-->
                           <naa:NameSuffix codeName="?" codeListURI="?" codeListAgency="?" codeListName="?" codeListVersion="?">?</naa:NameSuffix>
                           <!--Optional:-->
                           <naa:Salutation LanguageIdentifier="?" LanguageLocaleIdentifier="?">?</naa:Salutation>
                           <!--Optional:-->
                           <naa:Title codeName="?" codeListURI="?" codeListAgency="?" codeListName="?" codeListVersion="?">?</naa:Title>
                           <!--Optional:-->
                           <naa:ValidityPeriod ref="?">
                              <!--Optional:-->
                              <naa:Complete Format="?">?</naa:Complete>
                              <!--Optional:-->
                              <naa:Description LanguageIdentifier="?" LanguageLocaleIdentifier="?">?</naa:Description>
                              <!--Optional:-->
                              <naa:Duration UnitCode="?">?</naa:Duration>
                              <!--Optional:-->
                              <naa:End Format="?">?</naa:End>
                              <naa:Identification identificationSchemeName="?" identificationSchemeURI="?" identificationSchemeVersion="?" identificationSchemeAgency="?">?</naa:Identification>
                              <!--Optional:-->
                              <naa:Inclusive Format="?">?</naa:Inclusive>
                              <!--Optional:-->
                              <naa:Name LanguageIdentifier="?" LanguageLocaleIdentifier="?">?</naa:Name>
                              <!--Optional:-->
                              <naa:Sequence identificationSchemeName="?" identificationSchemeURI="?" identificationSchemeVersion="?" identificationSchemeAgency="?">?</naa:Sequence>
                              <naa:Start Format="?">?</naa:Start>
                           </naa:ValidityPeriod>
                        </naa:PersonName>
                        <!--Zero or more repetitions:-->
                        <naa:PostalAddress ref="?">
                           <!--Zero or more repetitions:-->
                           <naa:Address/>
                           <!--Optional:-->
                           <naa:BlockName LanguageIdentifier="?" LanguageLocaleIdentifier="?">?</naa:BlockName>
                           <!--Optional:-->
                           <naa:BuildingName LanguageIdentifier="?" LanguageLocaleIdentifier="?">?</naa:BuildingName>
                           <!--Optional:-->
                           <naa:BuildingNumber LanguageIdentifier="?" LanguageLocaleIdentifier="?">?</naa:BuildingNumber>
                           <!--Optional:-->
                           <naa:CityName LanguageIdentifier="?" LanguageLocaleIdentifier="?">?</naa:CityName>
                           <!--Optional:-->
                           <naa:Code codeName="?" codeListURI="?" codeListAgency="?" codeListName="?" codeListVersion="?">?</naa:Code>
                           <!--Optional:-->
                           <naa:CountryName codeName="?" codeListURI="?" codeListAgency="?" codeListName="?" codeListVersion="?">?</naa:CountryName>
                           <!--Optional:-->
                           <naa:CountrySubDivision codeName="?" codeListURI="?" codeListAgency="?" codeListName="?" codeListVersion="?">?</naa:CountrySubDivision>
                           <!--Zero or more repetitions:-->
                           <naa:Geocode ref="?">
                              <!--Optional:-->
                              <naa:AltimetricSystem codeName="?" codeListURI="?" codeListAgency="?" codeListName="?" codeListVersion="?">?</naa:AltimetricSystem>
                              <!--Optional:-->
                              <naa:Altitude Format="?">?</naa:Altitude>
                              <naa:Identification identificationSchemeName="?" identificationSchemeURI="?" identificationSchemeVersion="?" identificationSchemeAgency="?">?</naa:Identification>
                              <naa:Latitude Format="?">?</naa:Latitude>
                              <!--Optional:-->
                              <naa:LatitudeDirection codeName="?" codeListURI="?" codeListAgency="?" codeListName="?" codeListVersion="?">?</naa:LatitudeDirection>
                              <naa:Longitude Format="?">?</naa:Longitude>
                              <!--Optional:-->
                              <naa:LongitudeDirection codeName="?" codeListURI="?" codeListAgency="?" codeListName="?" codeListVersion="?">?</naa:LongitudeDirection>
                              <!--Optional:-->
                              <naa:System codeName="?" codeListURI="?" codeListAgency="?" codeListName="?" codeListVersion="?">?</naa:System>
                           </naa:Geocode>
                           <naa:Identification identificationSchemeName="?" identificationSchemeURI="?" identificationSchemeVersion="?" identificationSchemeAgency="?">?</naa:Identification>
                           <!--Optional:-->
                           <naa:LineFive LanguageIdentifier="?" LanguageLocaleIdentifier="?">?</naa:LineFive>
                           <!--Optional:-->
                           <naa:LineFour LanguageIdentifier="?" LanguageLocaleIdentifier="?">?</naa:LineFour>
                           <!--Optional:-->
                           <naa:LineOne LanguageIdentifier="?" LanguageLocaleIdentifier="?">?</naa:LineOne>
                           <!--Optional:-->
                           <naa:LineSix LanguageIdentifier="?" LanguageLocaleIdentifier="?">?</naa:LineSix>
                           <!--Optional:-->
                           <naa:LineThree LanguageIdentifier="?" LanguageLocaleIdentifier="?">?</naa:LineThree>
                           <!--Optional:-->
                           <naa:LineTwo LanguageIdentifier="?" LanguageLocaleIdentifier="?">?</naa:LineTwo>
                           <!--Optional:-->
                           <naa:PostOfficeBox LanguageIdentifier="?" LanguageLocaleIdentifier="?">?</naa:PostOfficeBox>
                           <!--Optional:-->
                           <naa:Postcode LanguageIdentifier="?" LanguageLocaleIdentifier="?">?</naa:Postcode>
                           <!--Optional:-->
                           <naa:StreetName LanguageIdentifier="?" LanguageLocaleIdentifier="?">?</naa:StreetName>
                           <!--Optional:-->
                           <naa:StreetSuffix codeName="?" codeListURI="?" codeListAgency="?" codeListName="?" codeListVersion="?">?</naa:StreetSuffix>
                           <!--Optional:-->
                           <naa:StreetType codeName="?" codeListURI="?" codeListAgency="?" codeListName="?" codeListVersion="?">?</naa:StreetType>
                           <!--Optional:-->
                           <naa:Usage codeName="?" codeListURI="?" codeListAgency="?" codeListName="?" codeListVersion="?">?</naa:Usage>
                           <!--Optional:-->
                           <naa:UsagePeriod ref="?">
                              <!--Optional:-->
                              <naa:Complete Format="?">?</naa:Complete>
                              <!--Optional:-->
                              <naa:Description LanguageIdentifier="?" LanguageLocaleIdentifier="?">?</naa:Description>
                              <!--Optional:-->
                              <naa:Duration UnitCode="?">?</naa:Duration>
                              <!--Optional:-->
                              <naa:End Format="?">?</naa:End>
                              <naa:Identification identificationSchemeName="?" identificationSchemeURI="?" identificationSchemeVersion="?" identificationSchemeAgency="?">?</naa:Identification>
                              <!--Optional:-->
                              <naa:Inclusive Format="?">?</naa:Inclusive>
                              <!--Optional:-->
                              <naa:Name LanguageIdentifier="?" LanguageLocaleIdentifier="?">?</naa:Name>
                              <!--Optional:-->
                              <naa:Sequence identificationSchemeName="?" identificationSchemeURI="?" identificationSchemeVersion="?" identificationSchemeAgency="?">?</naa:Sequence>
                              <naa:Start Format="?">?</naa:Start>
                           </naa:UsagePeriod>
                        </naa:PostalAddress>
                        <!--Zero or more repetitions:-->
                        <naa:Registration ref="?">
                           <!--Optional:-->
                           <naa:Category codeName="?" codeListURI="?" codeListAgency="?" codeListName="?" codeListVersion="?">?</naa:Category>
                           <!--Optional:-->
                           <naa:Country codeName="?" codeListURI="?" codeListAgency="?" codeListName="?" codeListVersion="?">?</naa:Country>
                           <naa:Identification identificationSchemeName="?" identificationSchemeURI="?" identificationSchemeVersion="?" identificationSchemeAgency="?">?</naa:Identification>
                           <!--Optional:-->
                           <naa:Licence identificationSchemeName="?" identificationSchemeURI="?" identificationSchemeVersion="?" identificationSchemeAgency="?">?</naa:Licence>
                           <!--Optional:-->
                           <naa:Recorded Format="?">?</naa:Recorded>
                           <!--Optional:-->
                           <naa:Type codeName="?" codeListURI="?" codeListAgency="?" codeListName="?" codeListVersion="?">?</naa:Type>
                           <!--Optional:-->
                           <naa:ValidityPeriod ref="?">
                              <!--Optional:-->
                              <naa:Complete Format="?">?</naa:Complete>
                              <!--Optional:-->
                              <naa:Description LanguageIdentifier="?" LanguageLocaleIdentifier="?">?</naa:Description>
                              <!--Optional:-->
                              <naa:Duration UnitCode="?">?</naa:Duration>
                              <!--Optional:-->
                              <naa:End Format="?">?</naa:End>
                              <naa:Identification identificationSchemeName="?" identificationSchemeURI="?" identificationSchemeVersion="?" identificationSchemeAgency="?">?</naa:Identification>
                              <!--Optional:-->
                              <naa:Inclusive Format="?">?</naa:Inclusive>
                              <!--Optional:-->
                              <naa:Name LanguageIdentifier="?" LanguageLocaleIdentifier="?">?</naa:Name>
                              <!--Optional:-->
                              <naa:Sequence identificationSchemeName="?" identificationSchemeURI="?" identificationSchemeVersion="?" identificationSchemeAgency="?">?</naa:Sequence>
                              <naa:Start Format="?">?</naa:Start>
                           </naa:ValidityPeriod>
                        </naa:Registration>
                        <!--Zero or more repetitions:-->
                        <naa:ResidentialAddress ref="?">
                           <!--Zero or more repetitions:-->
                           <naa:Address/>
                           <!--Optional:-->
                           <naa:BlockName LanguageIdentifier="?" LanguageLocaleIdentifier="?">?</naa:BlockName>
                           <!--Optional:-->
                           <naa:BuildingName LanguageIdentifier="?" LanguageLocaleIdentifier="?">?</naa:BuildingName>
                           <!--Optional:-->
                           <naa:BuildingNumber LanguageIdentifier="?" LanguageLocaleIdentifier="?">?</naa:BuildingNumber>
                           <!--Optional:-->
                           <naa:CityName LanguageIdentifier="?" LanguageLocaleIdentifier="?">?</naa:CityName>
                           <!--Optional:-->
                           <naa:Code codeName="?" codeListURI="?" codeListAgency="?" codeListName="?" codeListVersion="?">?</naa:Code>
                           <!--Optional:-->
                           <naa:CountryName codeName="?" codeListURI="?" codeListAgency="?" codeListName="?" codeListVersion="?">?</naa:CountryName>
                           <!--Optional:-->
                           <naa:CountrySubDivision codeName="?" codeListURI="?" codeListAgency="?" codeListName="?" codeListVersion="?">?</naa:CountrySubDivision>
                           <!--Zero or more repetitions:-->
                           <naa:Geocode ref="?">
                              <!--Optional:-->
                              <naa:AltimetricSystem codeName="?" codeListURI="?" codeListAgency="?" codeListName="?" codeListVersion="?">?</naa:AltimetricSystem>
                              <!--Optional:-->
                              <naa:Altitude Format="?">?</naa:Altitude>
                              <naa:Identification identificationSchemeName="?" identificationSchemeURI="?" identificationSchemeVersion="?" identificationSchemeAgency="?">?</naa:Identification>
                              <naa:Latitude Format="?">?</naa:Latitude>
                              <!--Optional:-->
                              <naa:LatitudeDirection codeName="?" codeListURI="?" codeListAgency="?" codeListName="?" codeListVersion="?">?</naa:LatitudeDirection>
                              <naa:Longitude Format="?">?</naa:Longitude>
                              <!--Optional:-->
                              <naa:LongitudeDirection codeName="?" codeListURI="?" codeListAgency="?" codeListName="?" codeListVersion="?">?</naa:LongitudeDirection>
                              <!--Optional:-->
                              <naa:System codeName="?" codeListURI="?" codeListAgency="?" codeListName="?" codeListVersion="?">?</naa:System>
                           </naa:Geocode>
                           <naa:Identification identificationSchemeName="?" identificationSchemeURI="?" identificationSchemeVersion="?" identificationSchemeAgency="?">?</naa:Identification>
                           <!--Optional:-->
                           <naa:LineFive LanguageIdentifier="?" LanguageLocaleIdentifier="?">?</naa:LineFive>
                           <!--Optional:-->
                           <naa:LineFour LanguageIdentifier="?" LanguageLocaleIdentifier="?">?</naa:LineFour>
                           <!--Optional:-->
                           <naa:LineOne LanguageIdentifier="?" LanguageLocaleIdentifier="?">?</naa:LineOne>
                           <!--Optional:-->
                           <naa:LineSix LanguageIdentifier="?" LanguageLocaleIdentifier="?">?</naa:LineSix>
                           <!--Optional:-->
                           <naa:LineThree LanguageIdentifier="?" LanguageLocaleIdentifier="?">?</naa:LineThree>
                           <!--Optional:-->
                           <naa:LineTwo LanguageIdentifier="?" LanguageLocaleIdentifier="?">?</naa:LineTwo>
                           <!--Optional:-->
                           <naa:PostOfficeBox LanguageIdentifier="?" LanguageLocaleIdentifier="?">?</naa:PostOfficeBox>
                           <!--Optional:-->
                           <naa:Postcode LanguageIdentifier="?" LanguageLocaleIdentifier="?">?</naa:Postcode>
                           <!--Optional:-->
                           <naa:StreetName LanguageIdentifier="?" LanguageLocaleIdentifier="?">?</naa:StreetName>
                           <!--Optional:-->
                           <naa:StreetSuffix codeName="?" codeListURI="?" codeListAgency="?" codeListName="?" codeListVersion="?">?</naa:StreetSuffix>
                           <!--Optional:-->
                           <naa:StreetType codeName="?" codeListURI="?" codeListAgency="?" codeListName="?" codeListVersion="?">?</naa:StreetType>
                           <!--Optional:-->
                           <naa:Usage codeName="?" codeListURI="?" codeListAgency="?" codeListName="?" codeListVersion="?">?</naa:Usage>
                           <!--Optional:-->
                           <naa:UsagePeriod ref="?">
                              <!--Optional:-->
                              <naa:Complete Format="?">?</naa:Complete>
                              <!--Optional:-->
                              <naa:Description LanguageIdentifier="?" LanguageLocaleIdentifier="?">?</naa:Description>
                              <!--Optional:-->
                              <naa:Duration UnitCode="?">?</naa:Duration>
                              <!--Optional:-->
                              <naa:End Format="?">?</naa:End>
                              <naa:Identification identificationSchemeName="?" identificationSchemeURI="?" identificationSchemeVersion="?" identificationSchemeAgency="?">?</naa:Identification>
                              <!--Optional:-->
                              <naa:Inclusive Format="?">?</naa:Inclusive>
                              <!--Optional:-->
                              <naa:Name LanguageIdentifier="?" LanguageLocaleIdentifier="?">?</naa:Name>
                              <!--Optional:-->
                              <naa:Sequence identificationSchemeName="?" identificationSchemeURI="?" identificationSchemeVersion="?" identificationSchemeAgency="?">?</naa:Sequence>
                              <naa:Start Format="?">?</naa:Start>
                           </naa:UsagePeriod>
                        </naa:ResidentialAddress>
                        <!--Zero or more repetitions:-->
                        <naa:Status ref="?">
                           <naa:Code codeName="?" codeListURI="?" codeListAgency="?" codeListName="?" codeListVersion="?">?</naa:Code>
                           <!--Optional:-->
                           <naa:Description LanguageIdentifier="?" LanguageLocaleIdentifier="?">?</naa:Description>
                           <!--Optional:-->
                           <naa:ValidityPeriod ref="?">
                              <!--Optional:-->
                              <naa:Complete Format="?">?</naa:Complete>
                              <!--Optional:-->
                              <naa:Description LanguageIdentifier="?" LanguageLocaleIdentifier="?">?</naa:Description>
                              <!--Optional:-->
                              <naa:Duration UnitCode="?">?</naa:Duration>
                              <!--Optional:-->
                              <naa:End Format="?">?</naa:End>
                              <naa:Identification identificationSchemeName="?" identificationSchemeURI="?" identificationSchemeVersion="?" identificationSchemeAgency="?">?</naa:Identification>
                              <!--Optional:-->
                              <naa:Inclusive Format="?">?</naa:Inclusive>
                              <!--Optional:-->
                              <naa:Name LanguageIdentifier="?" LanguageLocaleIdentifier="?">?</naa:Name>
                              <!--Optional:-->
                              <naa:Sequence identificationSchemeName="?" identificationSchemeURI="?" identificationSchemeVersion="?" identificationSchemeAgency="?">?</naa:Sequence>
                              <naa:Start Format="?">?</naa:Start>
                           </naa:ValidityPeriod>
                        </naa:Status>
                        <!--Zero or more repetitions:-->
                        <naa:Telephone ref="?">
                           <!--Optional:-->
                           <naa:AreaCode codeName="?" codeListURI="?" codeListAgency="?" codeListName="?" codeListVersion="?">?</naa:AreaCode>
                           <!--Optional:-->
                           <naa:CountryCode codeName="?" codeListURI="?" codeListAgency="?" codeListName="?" codeListVersion="?">?</naa:CountryCode>
                           <!--Optional:-->
                           <naa:Extension LanguageIdentifier="?" LanguageLocaleIdentifier="?">?</naa:Extension>
                           <naa:Number identificationSchemeName="?" identificationSchemeURI="?" identificationSchemeVersion="?" identificationSchemeAgency="?">?</naa:Number>
                           <naa:Type codeName="?" codeListURI="?" codeListAgency="?" codeListName="?" codeListVersion="?">?</naa:Type>
                        </naa:Telephone>
                     </naa:Person>
                     <naa:Identification identificationSchemeName="?" identificationSchemeURI="?" identificationSchemeVersion="?" identificationSchemeAgency="?">?</naa:Identification>
                     <!--Optional:-->
                     <naa:Language codeName="?" codeListURI="?" codeListAgency="?" codeListName="?" codeListVersion="?">?</naa:Language>
                     <naa:Name LanguageIdentifier="?" LanguageLocaleIdentifier="?">?</naa:Name>
                     <!--Optional:-->
                     <naa:Type LanguageIdentifier="?" LanguageLocaleIdentifier="?">?</naa:Type>
                  </da:Party>
                  <!--Optional:-->
                  <da:Type codeName="?" codeListURI="?" codeListAgency="?" codeListName="?" codeListVersion="?">?</da:Type>
               </da:ReferralAuthorityPartyRole>
               <!--Zero or more repetitions:-->
               <da:ReferralResponse ref="?">
                  <!--Zero or more repetitions:-->
                  <da:Attachment ref="?">
                     <!--Zero or more repetitions:-->
                     <da:Contributor LanguageIdentifier="?" LanguageLocaleIdentifier="?">?</da:Contributor>
                     <!--Zero or more repetitions:-->
                     <da:Coverage LanguageIdentifier="?" LanguageLocaleIdentifier="?">?</da:Coverage>
                     <!--Zero or more repetitions:-->
                     <da:Creator LanguageIdentifier="?" LanguageLocaleIdentifier="?">?</da:Creator>
                     <!--Optional:-->
                     <da:Date Format="?">?</da:Date>
                     <!--Zero or more repetitions:-->
                     <da:Description LanguageIdentifier="?" LanguageLocaleIdentifier="?">?</da:Description>
                     <!--Optional:-->
                     <da:Format LanguageIdentifier="?" LanguageLocaleIdentifier="?">?</da:Format>
                     <da:Identification identificationSchemeName="?" identificationSchemeURI="?" identificationSchemeVersion="?" identificationSchemeAgency="?">?</da:Identification>
                     <!--Zero or more repetitions:-->
                     <da:Language LanguageIdentifier="?" LanguageLocaleIdentifier="?">?</da:Language>
                     <!--Zero or more repetitions:-->
                     <da:Publisher LanguageIdentifier="?" LanguageLocaleIdentifier="?">?</da:Publisher>
                     <!--Zero or more repetitions:-->
                     <da:Relation LanguageIdentifier="?" LanguageLocaleIdentifier="?">?</da:Relation>
                     <!--Zero or more repetitions:-->
                     <da:Rights LanguageIdentifier="?" LanguageLocaleIdentifier="?">?</da:Rights>
                     <!--Optional:-->
                     <da:Size UnitCode="?">?</da:Size>
                     <!--Zero or more repetitions:-->
                     <da:Source LanguageIdentifier="?" LanguageLocaleIdentifier="?">?</da:Source>
                     <!--Optional:-->
                     <da:Subject LanguageIdentifier="?" LanguageLocaleIdentifier="?">?</da:Subject>
                     <!--Optional:-->
                     <da:Title LanguageIdentifier="?" LanguageLocaleIdentifier="?">?</da:Title>
                     <!--Optional:-->
                     <da:Type LanguageIdentifier="?" LanguageLocaleIdentifier="?">?</da:Type>
                     <!--Optional:-->
                     <da:Version LanguageIdentifier="?" LanguageLocaleIdentifier="?">?</da:Version>
                     <!--You have a CHOICE of the next 2 items at this level-->
                     <!--Optional:-->
                     <da:Attachment Format="?" MimeCode="?" CharacterSetCode="?" EncodingCode="?" UniformResourceIdentifier="?" Filename="?">cid:440541629009</da:Attachment>
                     <!--Optional:-->
                     <da:URI>?</da:URI>
                  </da:Attachment>
                  <!--Zero or more repetitions:-->
                  <da:Comments LanguageIdentifier="?" LanguageLocaleIdentifier="?">?</da:Comments>
                  <!--Zero or more repetitions:-->
                  <da:Condition ref="?">
                     <da:Classification codeName="?" codeListURI="?" codeListAgency="?" codeListName="?" codeListVersion="?">?</da:Classification>
                     <!--Optional:-->
                     <da:ConditionReference identificationSchemeName="?" identificationSchemeURI="?" identificationSchemeVersion="?" identificationSchemeAgency="?">?</da:ConditionReference>
                     <!--Optional:-->
                     <da:Detail LanguageIdentifier="?" LanguageLocaleIdentifier="?">?</da:Detail>
                     <da:Identification identificationSchemeName="?" identificationSchemeURI="?" identificationSchemeVersion="?" identificationSchemeAgency="?">?</da:Identification>
                     <!--Optional:-->
                     <da:Type codeName="?" codeListURI="?" codeListAgency="?" codeListName="?" codeListVersion="?">?</da:Type>
                  </da:Condition>
                  <da:ResponseDate Format="?">?</da:ResponseDate>
                  <da:Type codeName="?" codeListURI="?" codeListAgency="?" codeListName="?" codeListVersion="?">?</da:Type>
               </da:ReferralResponse>
               <!--Zero or more repetitions:-->
               <da:ReferrerPartyRole ref="?">
                  <!--Optional:-->
                  <da:DateTime Format="?">?</da:DateTime>
                  <!--1 or more repetitions:-->
                  <da:Party ref="?">
                     <!--Optional:-->
                     <naa:AccessRights codeName="?" codeListURI="?" codeListAgency="?" codeListName="?" codeListVersion="?">?</naa:AccessRights>
                     <!--Optional:-->
                     <naa:Description LanguageIdentifier="?" LanguageLocaleIdentifier="?">?</naa:Description>
                     <!--You have a CHOICE of the next 2 items at this level-->
                     <!--Optional:-->
                     <naa:Organisation ref="?">
                        <!--Zero or more repetitions:-->
                        <naa:Contact ref="?">
                           <!--Optional:-->
                           <naa:DepartmentName LanguageIdentifier="?" LanguageLocaleIdentifier="?">?</naa:DepartmentName>
                           <!--Optional:-->
                           <naa:Description LanguageIdentifier="?" LanguageLocaleIdentifier="?">?</naa:Description>
                           <naa:Identification identificationSchemeName="?" identificationSchemeURI="?" identificationSchemeVersion="?" identificationSchemeAgency="?">?</naa:Identification>
                           <!--Zero or more repetitions:-->
                           <naa:Internet ref="?">
                              <naa:Type codeName="?" codeListURI="?" codeListAgency="?" codeListName="?" codeListVersion="?">?</naa:Type>
                              <naa:URI>?</naa:URI>
                           </naa:Internet>
                           <!--Optional:-->
                           <naa:IsPrimary Format="?">?</naa:IsPrimary>
                           <!--Optional:-->
                           <naa:JobTitle LanguageIdentifier="?" LanguageLocaleIdentifier="?">?</naa:JobTitle>
                           <!--Optional:-->
                           <naa:PersonName ref="?">
                              <naa:Classification codeName="?" codeListURI="?" codeListAgency="?" codeListName="?" codeListVersion="?">?</naa:Classification>
                              <!--Optional:-->
                              <naa:FamilyName LanguageIdentifier="?" LanguageLocaleIdentifier="?">?</naa:FamilyName>
                              <!--Optional:-->
                              <naa:FamilyNamePrefix LanguageIdentifier="?" LanguageLocaleIdentifier="?">?</naa:FamilyNamePrefix>
                              <!--Optional:-->
                              <naa:GivenName LanguageIdentifier="?" LanguageLocaleIdentifier="?">?</naa:GivenName>
                              <!--Optional:-->
                              <naa:MiddleName LanguageIdentifier="?" LanguageLocaleIdentifier="?">?</naa:MiddleName>
                              <!--Optional:-->
                              <naa:Name LanguageIdentifier="?" LanguageLocaleIdentifier="?">?</naa:Name>
                              <!--Optional:-->
                              <naa:NameSuffix codeName="?" codeListURI="?" codeListAgency="?" codeListName="?" codeListVersion="?">?</naa:NameSuffix>
                              <!--Optional:-->
                              <naa:Salutation LanguageIdentifier="?" LanguageLocaleIdentifier="?">?</naa:Salutation>
                              <!--Optional:-->
                              <naa:Title codeName="?" codeListURI="?" codeListAgency="?" codeListName="?" codeListVersion="?">?</naa:Title>
                              <!--Optional:-->
                              <naa:ValidityPeriod ref="?">
                                 <!--Optional:-->
                                 <naa:Complete Format="?">?</naa:Complete>
                                 <!--Optional:-->
                                 <naa:Description LanguageIdentifier="?" LanguageLocaleIdentifier="?">?</naa:Description>
                                 <!--Optional:-->
                                 <naa:Duration UnitCode="?">?</naa:Duration>
                                 <!--Optional:-->
                                 <naa:End Format="?">?</naa:End>
                                 <naa:Identification identificationSchemeName="?" identificationSchemeURI="?" identificationSchemeVersion="?" identificationSchemeAgency="?">?</naa:Identification>
                                 <!--Optional:-->
                                 <naa:Inclusive Format="?">?</naa:Inclusive>
                                 <!--Optional:-->
                                 <naa:Name LanguageIdentifier="?" LanguageLocaleIdentifier="?">?</naa:Name>
                                 <!--Optional:-->
                                 <naa:Sequence identificationSchemeName="?" identificationSchemeURI="?" identificationSchemeVersion="?" identificationSchemeAgency="?">?</naa:Sequence>
                                 <naa:Start Format="?">?</naa:Start>
                              </naa:ValidityPeriod>
                           </naa:PersonName>
                           <!--Optional:-->
                           <naa:Responsibility LanguageIdentifier="?" LanguageLocaleIdentifier="?">?</naa:Responsibility>
                           <!--Zero or more repetitions:-->
                           <naa:Telephone ref="?">
                              <!--Optional:-->
                              <naa:AreaCode codeName="?" codeListURI="?" codeListAgency="?" codeListName="?" codeListVersion="?">?</naa:AreaCode>
                              <!--Optional:-->
                              <naa:CountryCode codeName="?" codeListURI="?" codeListAgency="?" codeListName="?" codeListVersion="?">?</naa:CountryCode>
                              <!--Optional:-->
                              <naa:Extension LanguageIdentifier="?" LanguageLocaleIdentifier="?">?</naa:Extension>
                              <naa:Number identificationSchemeName="?" identificationSchemeURI="?" identificationSchemeVersion="?" identificationSchemeAgency="?">?</naa:Number>
                              <naa:Type codeName="?" codeListURI="?" codeListAgency="?" codeListName="?" codeListVersion="?">?</naa:Type>
                           </naa:Telephone>
                           <!--Optional:-->
                           <naa:Type codeName="?" codeListURI="?" codeListAgency="?" codeListName="?" codeListVersion="?">?</naa:Type>
                        </naa:Contact>
                        <!--Optional:-->
                        <naa:Description LanguageIdentifier="?" LanguageLocaleIdentifier="?">?</naa:Description>
                        <naa:Identification identificationSchemeName="?" identificationSchemeURI="?" identificationSchemeVersion="?" identificationSchemeAgency="?">?</naa:Identification>
                        <!--Optional:-->
                        <naa:IndustryClassification codeName="?" codeListURI="?" codeListAgency="?" codeListName="?" codeListVersion="?">?</naa:IndustryClassification>
                        <!--Zero or more repetitions:-->
                        <naa:Internet ref="?">
                           <naa:Type codeName="?" codeListURI="?" codeListAgency="?" codeListName="?" codeListVersion="?">?</naa:Type>
                           <naa:URI>?</naa:URI>
                        </naa:Internet>
                        <!--Optional:-->
                        <naa:IsActive Format="?">?</naa:IsActive>
                        <!--Optional:-->
                        <naa:LegalClassification codeName="?" codeListURI="?" codeListAgency="?" codeListName="?" codeListVersion="?">?</naa:LegalClassification>
                        <!--Zero or more repetitions:-->
                        <naa:Organisation/>
                        <!--1 or more repetitions:-->
                        <naa:OrganisationName ref="?">
                           <naa:Classification codeName="?" codeListURI="?" codeListAgency="?" codeListName="?" codeListVersion="?">?</naa:Classification>
                           <naa:Name LanguageIdentifier="?" LanguageLocaleIdentifier="?">?</naa:Name>
                           <!--Optional:-->
                           <naa:ValidityPeriod ref="?">
                              <!--Optional:-->
                              <naa:Complete Format="?">?</naa:Complete>
                              <!--Optional:-->
                              <naa:Description LanguageIdentifier="?" LanguageLocaleIdentifier="?">?</naa:Description>
                              <!--Optional:-->
                              <naa:Duration UnitCode="?">?</naa:Duration>
                              <!--Optional:-->
                              <naa:End Format="?">?</naa:End>
                              <naa:Identification identificationSchemeName="?" identificationSchemeURI="?" identificationSchemeVersion="?" identificationSchemeAgency="?">?</naa:Identification>
                              <!--Optional:-->
                              <naa:Inclusive Format="?">?</naa:Inclusive>
                              <!--Optional:-->
                              <naa:Name LanguageIdentifier="?" LanguageLocaleIdentifier="?">?</naa:Name>
                              <!--Optional:-->
                              <naa:Sequence identificationSchemeName="?" identificationSchemeURI="?" identificationSchemeVersion="?" identificationSchemeAgency="?">?</naa:Sequence>
                              <naa:Start Format="?">?</naa:Start>
                           </naa:ValidityPeriod>
                        </naa:OrganisationName>
                        <!--Zero or more repetitions:-->
                        <naa:PhysicalAddress ref="?">
                           <!--Zero or more repetitions:-->
                           <naa:Address/>
                           <!--Optional:-->
                           <naa:BlockName LanguageIdentifier="?" LanguageLocaleIdentifier="?">?</naa:BlockName>
                           <!--Optional:-->
                           <naa:BuildingName LanguageIdentifier="?" LanguageLocaleIdentifier="?">?</naa:BuildingName>
                           <!--Optional:-->
                           <naa:BuildingNumber LanguageIdentifier="?" LanguageLocaleIdentifier="?">?</naa:BuildingNumber>
                           <!--Optional:-->
                           <naa:CityName LanguageIdentifier="?" LanguageLocaleIdentifier="?">?</naa:CityName>
                           <!--Optional:-->
                           <naa:Code codeName="?" codeListURI="?" codeListAgency="?" codeListName="?" codeListVersion="?">?</naa:Code>
                           <!--Optional:-->
                           <naa:CountryName codeName="?" codeListURI="?" codeListAgency="?" codeListName="?" codeListVersion="?">?</naa:CountryName>
                           <!--Optional:-->
                           <naa:CountrySubDivision codeName="?" codeListURI="?" codeListAgency="?" codeListName="?" codeListVersion="?">?</naa:CountrySubDivision>
                           <!--Zero or more repetitions:-->
                           <naa:Geocode ref="?">
                              <!--Optional:-->
                              <naa:AltimetricSystem codeName="?" codeListURI="?" codeListAgency="?" codeListName="?" codeListVersion="?">?</naa:AltimetricSystem>
                              <!--Optional:-->
                              <naa:Altitude Format="?">?</naa:Altitude>
                              <naa:Identification identificationSchemeName="?" identificationSchemeURI="?" identificationSchemeVersion="?" identificationSchemeAgency="?">?</naa:Identification>
                              <naa:Latitude Format="?">?</naa:Latitude>
                              <!--Optional:-->
                              <naa:LatitudeDirection codeName="?" codeListURI="?" codeListAgency="?" codeListName="?" codeListVersion="?">?</naa:LatitudeDirection>
                              <naa:Longitude Format="?">?</naa:Longitude>
                              <!--Optional:-->
                              <naa:LongitudeDirection codeName="?" codeListURI="?" codeListAgency="?" codeListName="?" codeListVersion="?">?</naa:LongitudeDirection>
                              <!--Optional:-->
                              <naa:System codeName="?" codeListURI="?" codeListAgency="?" codeListName="?" codeListVersion="?">?</naa:System>
                           </naa:Geocode>
                           <naa:Identification identificationSchemeName="?" identificationSchemeURI="?" identificationSchemeVersion="?" identificationSchemeAgency="?">?</naa:Identification>
                           <!--Optional:-->
                           <naa:LineFive LanguageIdentifier="?" LanguageLocaleIdentifier="?">?</naa:LineFive>
                           <!--Optional:-->
                           <naa:LineFour LanguageIdentifier="?" LanguageLocaleIdentifier="?">?</naa:LineFour>
                           <!--Optional:-->
                           <naa:LineOne LanguageIdentifier="?" LanguageLocaleIdentifier="?">?</naa:LineOne>
                           <!--Optional:-->
                           <naa:LineSix LanguageIdentifier="?" LanguageLocaleIdentifier="?">?</naa:LineSix>
                           <!--Optional:-->
                           <naa:LineThree LanguageIdentifier="?" LanguageLocaleIdentifier="?">?</naa:LineThree>
                           <!--Optional:-->
                           <naa:LineTwo LanguageIdentifier="?" LanguageLocaleIdentifier="?">?</naa:LineTwo>
                           <!--Optional:-->
                           <naa:PostOfficeBox LanguageIdentifier="?" LanguageLocaleIdentifier="?">?</naa:PostOfficeBox>
                           <!--Optional:-->
                           <naa:Postcode LanguageIdentifier="?" LanguageLocaleIdentifier="?">?</naa:Postcode>
                           <!--Optional:-->
                           <naa:StreetName LanguageIdentifier="?" LanguageLocaleIdentifier="?">?</naa:StreetName>
                           <!--Optional:-->
                           <naa:StreetSuffix codeName="?" codeListURI="?" codeListAgency="?" codeListName="?" codeListVersion="?">?</naa:StreetSuffix>
                           <!--Optional:-->
                           <naa:StreetType codeName="?" codeListURI="?" codeListAgency="?" codeListName="?" codeListVersion="?">?</naa:StreetType>
                           <!--Optional:-->
                           <naa:Usage codeName="?" codeListURI="?" codeListAgency="?" codeListName="?" codeListVersion="?">?</naa:Usage>
                           <!--Optional:-->
                           <naa:UsagePeriod ref="?">
                              <!--Optional:-->
                              <naa:Complete Format="?">?</naa:Complete>
                              <!--Optional:-->
                              <naa:Description LanguageIdentifier="?" LanguageLocaleIdentifier="?">?</naa:Description>
                              <!--Optional:-->
                              <naa:Duration UnitCode="?">?</naa:Duration>
                              <!--Optional:-->
                              <naa:End Format="?">?</naa:End>
                              <naa:Identification identificationSchemeName="?" identificationSchemeURI="?" identificationSchemeVersion="?" identificationSchemeAgency="?">?</naa:Identification>
                              <!--Optional:-->
                              <naa:Inclusive Format="?">?</naa:Inclusive>
                              <!--Optional:-->
                              <naa:Name LanguageIdentifier="?" LanguageLocaleIdentifier="?">?</naa:Name>
                              <!--Optional:-->
                              <naa:Sequence identificationSchemeName="?" identificationSchemeURI="?" identificationSchemeVersion="?" identificationSchemeAgency="?">?</naa:Sequence>
                              <naa:Start Format="?">?</naa:Start>
                           </naa:UsagePeriod>
                        </naa:PhysicalAddress>
                        <!--Zero or more repetitions:-->
                        <naa:PostalAddress ref="?">
                           <!--Zero or more repetitions:-->
                           <naa:Address/>
                           <!--Optional:-->
                           <naa:BlockName LanguageIdentifier="?" LanguageLocaleIdentifier="?">?</naa:BlockName>
                           <!--Optional:-->
                           <naa:BuildingName LanguageIdentifier="?" LanguageLocaleIdentifier="?">?</naa:BuildingName>
                           <!--Optional:-->
                           <naa:BuildingNumber LanguageIdentifier="?" LanguageLocaleIdentifier="?">?</naa:BuildingNumber>
                           <!--Optional:-->
                           <naa:CityName LanguageIdentifier="?" LanguageLocaleIdentifier="?">?</naa:CityName>
                           <!--Optional:-->
                           <naa:Code codeName="?" codeListURI="?" codeListAgency="?" codeListName="?" codeListVersion="?">?</naa:Code>
                           <!--Optional:-->
                           <naa:CountryName codeName="?" codeListURI="?" codeListAgency="?" codeListName="?" codeListVersion="?">?</naa:CountryName>
                           <!--Optional:-->
                           <naa:CountrySubDivision codeName="?" codeListURI="?" codeListAgency="?" codeListName="?" codeListVersion="?">?</naa:CountrySubDivision>
                           <!--Zero or more repetitions:-->
                           <naa:Geocode ref="?">
                              <!--Optional:-->
                              <naa:AltimetricSystem codeName="?" codeListURI="?" codeListAgency="?" codeListName="?" codeListVersion="?">?</naa:AltimetricSystem>
                              <!--Optional:-->
                              <naa:Altitude Format="?">?</naa:Altitude>
                              <naa:Identification identificationSchemeName="?" identificationSchemeURI="?" identificationSchemeVersion="?" identificationSchemeAgency="?">?</naa:Identification>
                              <naa:Latitude Format="?">?</naa:Latitude>
                              <!--Optional:-->
                              <naa:LatitudeDirection codeName="?" codeListURI="?" codeListAgency="?" codeListName="?" codeListVersion="?">?</naa:LatitudeDirection>
                              <naa:Longitude Format="?">?</naa:Longitude>
                              <!--Optional:-->
                              <naa:LongitudeDirection codeName="?" codeListURI="?" codeListAgency="?" codeListName="?" codeListVersion="?">?</naa:LongitudeDirection>
                              <!--Optional:-->
                              <naa:System codeName="?" codeListURI="?" codeListAgency="?" codeListName="?" codeListVersion="?">?</naa:System>
                           </naa:Geocode>
                           <naa:Identification identificationSchemeName="?" identificationSchemeURI="?" identificationSchemeVersion="?" identificationSchemeAgency="?">?</naa:Identification>
                           <!--Optional:-->
                           <naa:LineFive LanguageIdentifier="?" LanguageLocaleIdentifier="?">?</naa:LineFive>
                           <!--Optional:-->
                           <naa:LineFour LanguageIdentifier="?" LanguageLocaleIdentifier="?">?</naa:LineFour>
                           <!--Optional:-->
                           <naa:LineOne LanguageIdentifier="?" LanguageLocaleIdentifier="?">?</naa:LineOne>
                           <!--Optional:-->
                           <naa:LineSix LanguageIdentifier="?" LanguageLocaleIdentifier="?">?</naa:LineSix>
                           <!--Optional:-->
                           <naa:LineThree LanguageIdentifier="?" LanguageLocaleIdentifier="?">?</naa:LineThree>
                           <!--Optional:-->
                           <naa:LineTwo LanguageIdentifier="?" LanguageLocaleIdentifier="?">?</naa:LineTwo>
                           <!--Optional:-->
                           <naa:PostOfficeBox LanguageIdentifier="?" LanguageLocaleIdentifier="?">?</naa:PostOfficeBox>
                           <!--Optional:-->
                           <naa:Postcode LanguageIdentifier="?" LanguageLocaleIdentifier="?">?</naa:Postcode>
                           <!--Optional:-->
                           <naa:StreetName LanguageIdentifier="?" LanguageLocaleIdentifier="?">?</naa:StreetName>
                           <!--Optional:-->
                           <naa:StreetSuffix codeName="?" codeListURI="?" codeListAgency="?" codeListName="?" codeListVersion="?">?</naa:StreetSuffix>
                           <!--Optional:-->
                           <naa:StreetType codeName="?" codeListURI="?" codeListAgency="?" codeListName="?" codeListVersion="?">?</naa:StreetType>
                           <!--Optional:-->
                           <naa:Usage codeName="?" codeListURI="?" codeListAgency="?" codeListName="?" codeListVersion="?">?</naa:Usage>
                           <!--Optional:-->
                           <naa:UsagePeriod ref="?">
                              <!--Optional:-->
                              <naa:Complete Format="?">?</naa:Complete>
                              <!--Optional:-->
                              <naa:Description LanguageIdentifier="?" LanguageLocaleIdentifier="?">?</naa:Description>
                              <!--Optional:-->
                              <naa:Duration UnitCode="?">?</naa:Duration>
                              <!--Optional:-->
                              <naa:End Format="?">?</naa:End>
                              <naa:Identification identificationSchemeName="?" identificationSchemeURI="?" identificationSchemeVersion="?" identificationSchemeAgency="?">?</naa:Identification>
                              <!--Optional:-->
                              <naa:Inclusive Format="?">?</naa:Inclusive>
                              <!--Optional:-->
                              <naa:Name LanguageIdentifier="?" LanguageLocaleIdentifier="?">?</naa:Name>
                              <!--Optional:-->
                              <naa:Sequence identificationSchemeName="?" identificationSchemeURI="?" identificationSchemeVersion="?" identificationSchemeAgency="?">?</naa:Sequence>
                              <naa:Start Format="?">?</naa:Start>
                           </naa:UsagePeriod>
                        </naa:PostalAddress>
                        <!--Zero or more repetitions:-->
                        <naa:Registration ref="?">
                           <!--Optional:-->
                           <naa:Category codeName="?" codeListURI="?" codeListAgency="?" codeListName="?" codeListVersion="?">?</naa:Category>
                           <!--Optional:-->
                           <naa:Country codeName="?" codeListURI="?" codeListAgency="?" codeListName="?" codeListVersion="?">?</naa:Country>
                           <naa:Identification identificationSchemeName="?" identificationSchemeURI="?" identificationSchemeVersion="?" identificationSchemeAgency="?">?</naa:Identification>
                           <!--Optional:-->
                           <naa:Licence identificationSchemeName="?" identificationSchemeURI="?" identificationSchemeVersion="?" identificationSchemeAgency="?">?</naa:Licence>
                           <!--Optional:-->
                           <naa:Recorded Format="?">?</naa:Recorded>
                           <!--Optional:-->
                           <naa:Type codeName="?" codeListURI="?" codeListAgency="?" codeListName="?" codeListVersion="?">?</naa:Type>
                           <!--Optional:-->
                           <naa:ValidityPeriod ref="?">
                              <!--Optional:-->
                              <naa:Complete Format="?">?</naa:Complete>
                              <!--Optional:-->
                              <naa:Description LanguageIdentifier="?" LanguageLocaleIdentifier="?">?</naa:Description>
                              <!--Optional:-->
                              <naa:Duration UnitCode="?">?</naa:Duration>
                              <!--Optional:-->
                              <naa:End Format="?">?</naa:End>
                              <naa:Identification identificationSchemeName="?" identificationSchemeURI="?" identificationSchemeVersion="?" identificationSchemeAgency="?">?</naa:Identification>
                              <!--Optional:-->
                              <naa:Inclusive Format="?">?</naa:Inclusive>
                              <!--Optional:-->
                              <naa:Name LanguageIdentifier="?" LanguageLocaleIdentifier="?">?</naa:Name>
                              <!--Optional:-->
                              <naa:Sequence identificationSchemeName="?" identificationSchemeURI="?" identificationSchemeVersion="?" identificationSchemeAgency="?">?</naa:Sequence>
                              <naa:Start Format="?">?</naa:Start>
                           </naa:ValidityPeriod>
                        </naa:Registration>
                        <!--Zero or more repetitions:-->
                        <naa:Status ref="?">
                           <naa:Code codeName="?" codeListURI="?" codeListAgency="?" codeListName="?" codeListVersion="?">?</naa:Code>
                           <!--Optional:-->
                           <naa:Description LanguageIdentifier="?" LanguageLocaleIdentifier="?">?</naa:Description>
                           <!--Optional:-->
                           <naa:ValidityPeriod ref="?">
                              <!--Optional:-->
                              <naa:Complete Format="?">?</naa:Complete>
                              <!--Optional:-->
                              <naa:Description LanguageIdentifier="?" LanguageLocaleIdentifier="?">?</naa:Description>
                              <!--Optional:-->
                              <naa:Duration UnitCode="?">?</naa:Duration>
                              <!--Optional:-->
                              <naa:End Format="?">?</naa:End>
                              <naa:Identification identificationSchemeName="?" identificationSchemeURI="?" identificationSchemeVersion="?" identificationSchemeAgency="?">?</naa:Identification>
                              <!--Optional:-->
                              <naa:Inclusive Format="?">?</naa:Inclusive>
                              <!--Optional:-->
                              <naa:Name LanguageIdentifier="?" LanguageLocaleIdentifier="?">?</naa:Name>
                              <!--Optional:-->
                              <naa:Sequence identificationSchemeName="?" identificationSchemeURI="?" identificationSchemeVersion="?" identificationSchemeAgency="?">?</naa:Sequence>
                              <naa:Start Format="?">?</naa:Start>
                           </naa:ValidityPeriod>
                        </naa:Status>
                        <!--Zero or more repetitions:-->
                        <naa:Telephone ref="?">
                           <!--Optional:-->
                           <naa:AreaCode codeName="?" codeListURI="?" codeListAgency="?" codeListName="?" codeListVersion="?">?</naa:AreaCode>
                           <!--Optional:-->
                           <naa:CountryCode codeName="?" codeListURI="?" codeListAgency="?" codeListName="?" codeListVersion="?">?</naa:CountryCode>
                           <!--Optional:-->
                           <naa:Extension LanguageIdentifier="?" LanguageLocaleIdentifier="?">?</naa:Extension>
                           <naa:Number identificationSchemeName="?" identificationSchemeURI="?" identificationSchemeVersion="?" identificationSchemeAgency="?">?</naa:Number>
                           <naa:Type codeName="?" codeListURI="?" codeListAgency="?" codeListName="?" codeListVersion="?">?</naa:Type>
                        </naa:Telephone>
                        <!--Optional:-->
                        <naa:Type codeName="?" codeListURI="?" codeListAgency="?" codeListName="?" codeListVersion="?">?</naa:Type>
                     </naa:Organisation>
                     <!--Optional:-->
                     <naa:Person ref="?">
                        <!--Optional:-->
                        <naa:Description LanguageIdentifier="?" LanguageLocaleIdentifier="?">?</naa:Description>
                        <naa:Identification identificationSchemeName="?" identificationSchemeURI="?" identificationSchemeVersion="?" identificationSchemeAgency="?">?</naa:Identification>
                        <!--Zero or more repetitions:-->
                        <naa:Internet ref="?">
                           <naa:Type codeName="?" codeListURI="?" codeListAgency="?" codeListName="?" codeListVersion="?">?</naa:Type>
                           <naa:URI>?</naa:URI>
                        </naa:Internet>
                        <!--1 or more repetitions:-->
                        <naa:PersonName ref="?">
                           <naa:Classification codeName="?" codeListURI="?" codeListAgency="?" codeListName="?" codeListVersion="?">?</naa:Classification>
                           <!--Optional:-->
                           <naa:FamilyName LanguageIdentifier="?" LanguageLocaleIdentifier="?">?</naa:FamilyName>
                           <!--Optional:-->
                           <naa:FamilyNamePrefix LanguageIdentifier="?" LanguageLocaleIdentifier="?">?</naa:FamilyNamePrefix>
                           <!--Optional:-->
                           <naa:GivenName LanguageIdentifier="?" LanguageLocaleIdentifier="?">?</naa:GivenName>
                           <!--Optional:-->
                           <naa:MiddleName LanguageIdentifier="?" LanguageLocaleIdentifier="?">?</naa:MiddleName>
                           <!--Optional:-->
                           <naa:Name LanguageIdentifier="?" LanguageLocaleIdentifier="?">?</naa:Name>
                           <!--Optional:-->
                           <naa:NameSuffix codeName="?" codeListURI="?" codeListAgency="?" codeListName="?" codeListVersion="?">?</naa:NameSuffix>
                           <!--Optional:-->
                           <naa:Salutation LanguageIdentifier="?" LanguageLocaleIdentifier="?">?</naa:Salutation>
                           <!--Optional:-->
                           <naa:Title codeName="?" codeListURI="?" codeListAgency="?" codeListName="?" codeListVersion="?">?</naa:Title>
                           <!--Optional:-->
                           <naa:ValidityPeriod ref="?">
                              <!--Optional:-->
                              <naa:Complete Format="?">?</naa:Complete>
                              <!--Optional:-->
                              <naa:Description LanguageIdentifier="?" LanguageLocaleIdentifier="?">?</naa:Description>
                              <!--Optional:-->
                              <naa:Duration UnitCode="?">?</naa:Duration>
                              <!--Optional:-->
                              <naa:End Format="?">?</naa:End>
                              <naa:Identification identificationSchemeName="?" identificationSchemeURI="?" identificationSchemeVersion="?" identificationSchemeAgency="?">?</naa:Identification>
                              <!--Optional:-->
                              <naa:Inclusive Format="?">?</naa:Inclusive>
                              <!--Optional:-->
                              <naa:Name LanguageIdentifier="?" LanguageLocaleIdentifier="?">?</naa:Name>
                              <!--Optional:-->
                              <naa:Sequence identificationSchemeName="?" identificationSchemeURI="?" identificationSchemeVersion="?" identificationSchemeAgency="?">?</naa:Sequence>
                              <naa:Start Format="?">?</naa:Start>
                           </naa:ValidityPeriod>
                        </naa:PersonName>
                        <!--Zero or more repetitions:-->
                        <naa:PostalAddress ref="?">
                           <!--Zero or more repetitions:-->
                           <naa:Address/>
                           <!--Optional:-->
                           <naa:BlockName LanguageIdentifier="?" LanguageLocaleIdentifier="?">?</naa:BlockName>
                           <!--Optional:-->
                           <naa:BuildingName LanguageIdentifier="?" LanguageLocaleIdentifier="?">?</naa:BuildingName>
                           <!--Optional:-->
                           <naa:BuildingNumber LanguageIdentifier="?" LanguageLocaleIdentifier="?">?</naa:BuildingNumber>
                           <!--Optional:-->
                           <naa:CityName LanguageIdentifier="?" LanguageLocaleIdentifier="?">?</naa:CityName>
                           <!--Optional:-->
                           <naa:Code codeName="?" codeListURI="?" codeListAgency="?" codeListName="?" codeListVersion="?">?</naa:Code>
                           <!--Optional:-->
                           <naa:CountryName codeName="?" codeListURI="?" codeListAgency="?" codeListName="?" codeListVersion="?">?</naa:CountryName>
                           <!--Optional:-->
                           <naa:CountrySubDivision codeName="?" codeListURI="?" codeListAgency="?" codeListName="?" codeListVersion="?">?</naa:CountrySubDivision>
                           <!--Zero or more repetitions:-->
                           <naa:Geocode ref="?">
                              <!--Optional:-->
                              <naa:AltimetricSystem codeName="?" codeListURI="?" codeListAgency="?" codeListName="?" codeListVersion="?">?</naa:AltimetricSystem>
                              <!--Optional:-->
                              <naa:Altitude Format="?">?</naa:Altitude>
                              <naa:Identification identificationSchemeName="?" identificationSchemeURI="?" identificationSchemeVersion="?" identificationSchemeAgency="?">?</naa:Identification>
                              <naa:Latitude Format="?">?</naa:Latitude>
                              <!--Optional:-->
                              <naa:LatitudeDirection codeName="?" codeListURI="?" codeListAgency="?" codeListName="?" codeListVersion="?">?</naa:LatitudeDirection>
                              <naa:Longitude Format="?">?</naa:Longitude>
                              <!--Optional:-->
                              <naa:LongitudeDirection codeName="?" codeListURI="?" codeListAgency="?" codeListName="?" codeListVersion="?">?</naa:LongitudeDirection>
                              <!--Optional:-->
                              <naa:System codeName="?" codeListURI="?" codeListAgency="?" codeListName="?" codeListVersion="?">?</naa:System>
                           </naa:Geocode>
                           <naa:Identification identificationSchemeName="?" identificationSchemeURI="?" identificationSchemeVersion="?" identificationSchemeAgency="?">?</naa:Identification>
                           <!--Optional:-->
                           <naa:LineFive LanguageIdentifier="?" LanguageLocaleIdentifier="?">?</naa:LineFive>
                           <!--Optional:-->
                           <naa:LineFour LanguageIdentifier="?" LanguageLocaleIdentifier="?">?</naa:LineFour>
                           <!--Optional:-->
                           <naa:LineOne LanguageIdentifier="?" LanguageLocaleIdentifier="?">?</naa:LineOne>
                           <!--Optional:-->
                           <naa:LineSix LanguageIdentifier="?" LanguageLocaleIdentifier="?">?</naa:LineSix>
                           <!--Optional:-->
                           <naa:LineThree LanguageIdentifier="?" LanguageLocaleIdentifier="?">?</naa:LineThree>
                           <!--Optional:-->
                           <naa:LineTwo LanguageIdentifier="?" LanguageLocaleIdentifier="?">?</naa:LineTwo>
                           <!--Optional:-->
                           <naa:PostOfficeBox LanguageIdentifier="?" LanguageLocaleIdentifier="?">?</naa:PostOfficeBox>
                           <!--Optional:-->
                           <naa:Postcode LanguageIdentifier="?" LanguageLocaleIdentifier="?">?</naa:Postcode>
                           <!--Optional:-->
                           <naa:StreetName LanguageIdentifier="?" LanguageLocaleIdentifier="?">?</naa:StreetName>
                           <!--Optional:-->
                           <naa:StreetSuffix codeName="?" codeListURI="?" codeListAgency="?" codeListName="?" codeListVersion="?">?</naa:StreetSuffix>
                           <!--Optional:-->
                           <naa:StreetType codeName="?" codeListURI="?" codeListAgency="?" codeListName="?" codeListVersion="?">?</naa:StreetType>
                           <!--Optional:-->
                           <naa:Usage codeName="?" codeListURI="?" codeListAgency="?" codeListName="?" codeListVersion="?">?</naa:Usage>
                           <!--Optional:-->
                           <naa:UsagePeriod ref="?">
                              <!--Optional:-->
                              <naa:Complete Format="?">?</naa:Complete>
                              <!--Optional:-->
                              <naa:Description LanguageIdentifier="?" LanguageLocaleIdentifier="?">?</naa:Description>
                              <!--Optional:-->
                              <naa:Duration UnitCode="?">?</naa:Duration>
                              <!--Optional:-->
                              <naa:End Format="?">?</naa:End>
                              <naa:Identification identificationSchemeName="?" identificationSchemeURI="?" identificationSchemeVersion="?" identificationSchemeAgency="?">?</naa:Identification>
                              <!--Optional:-->
                              <naa:Inclusive Format="?">?</naa:Inclusive>
                              <!--Optional:-->
                              <naa:Name LanguageIdentifier="?" LanguageLocaleIdentifier="?">?</naa:Name>
                              <!--Optional:-->
                              <naa:Sequence identificationSchemeName="?" identificationSchemeURI="?" identificationSchemeVersion="?" identificationSchemeAgency="?">?</naa:Sequence>
                              <naa:Start Format="?">?</naa:Start>
                           </naa:UsagePeriod>
                        </naa:PostalAddress>
                        <!--Zero or more repetitions:-->
                        <naa:Registration ref="?">
                           <!--Optional:-->
                           <naa:Category codeName="?" codeListURI="?" codeListAgency="?" codeListName="?" codeListVersion="?">?</naa:Category>
                           <!--Optional:-->
                           <naa:Country codeName="?" codeListURI="?" codeListAgency="?" codeListName="?" codeListVersion="?">?</naa:Country>
                           <naa:Identification identificationSchemeName="?" identificationSchemeURI="?" identificationSchemeVersion="?" identificationSchemeAgency="?">?</naa:Identification>
                           <!--Optional:-->
                           <naa:Licence identificationSchemeName="?" identificationSchemeURI="?" identificationSchemeVersion="?" identificationSchemeAgency="?">?</naa:Licence>
                           <!--Optional:-->
                           <naa:Recorded Format="?">?</naa:Recorded>
                           <!--Optional:-->
                           <naa:Type codeName="?" codeListURI="?" codeListAgency="?" codeListName="?" codeListVersion="?">?</naa:Type>
                           <!--Optional:-->
                           <naa:ValidityPeriod ref="?">
                              <!--Optional:-->
                              <naa:Complete Format="?">?</naa:Complete>
                              <!--Optional:-->
                              <naa:Description LanguageIdentifier="?" LanguageLocaleIdentifier="?">?</naa:Description>
                              <!--Optional:-->
                              <naa:Duration UnitCode="?">?</naa:Duration>
                              <!--Optional:-->
                              <naa:End Format="?">?</naa:End>
                              <naa:Identification identificationSchemeName="?" identificationSchemeURI="?" identificationSchemeVersion="?" identificationSchemeAgency="?">?</naa:Identification>
                              <!--Optional:-->
                              <naa:Inclusive Format="?">?</naa:Inclusive>
                              <!--Optional:-->
                              <naa:Name LanguageIdentifier="?" LanguageLocaleIdentifier="?">?</naa:Name>
                              <!--Optional:-->
                              <naa:Sequence identificationSchemeName="?" identificationSchemeURI="?" identificationSchemeVersion="?" identificationSchemeAgency="?">?</naa:Sequence>
                              <naa:Start Format="?">?</naa:Start>
                           </naa:ValidityPeriod>
                        </naa:Registration>
                        <!--Zero or more repetitions:-->
                        <naa:ResidentialAddress ref="?">
                           <!--Zero or more repetitions:-->
                           <naa:Address/>
                           <!--Optional:-->
                           <naa:BlockName LanguageIdentifier="?" LanguageLocaleIdentifier="?">?</naa:BlockName>
                           <!--Optional:-->
                           <naa:BuildingName LanguageIdentifier="?" LanguageLocaleIdentifier="?">?</naa:BuildingName>
                           <!--Optional:-->
                           <naa:BuildingNumber LanguageIdentifier="?" LanguageLocaleIdentifier="?">?</naa:BuildingNumber>
                           <!--Optional:-->
                           <naa:CityName LanguageIdentifier="?" LanguageLocaleIdentifier="?">?</naa:CityName>
                           <!--Optional:-->
                           <naa:Code codeName="?" codeListURI="?" codeListAgency="?" codeListName="?" codeListVersion="?">?</naa:Code>
                           <!--Optional:-->
                           <naa:CountryName codeName="?" codeListURI="?" codeListAgency="?" codeListName="?" codeListVersion="?">?</naa:CountryName>
                           <!--Optional:-->
                           <naa:CountrySubDivision codeName="?" codeListURI="?" codeListAgency="?" codeListName="?" codeListVersion="?">?</naa:CountrySubDivision>
                           <!--Zero or more repetitions:-->
                           <naa:Geocode ref="?">
                              <!--Optional:-->
                              <naa:AltimetricSystem codeName="?" codeListURI="?" codeListAgency="?" codeListName="?" codeListVersion="?">?</naa:AltimetricSystem>
                              <!--Optional:-->
                              <naa:Altitude Format="?">?</naa:Altitude>
                              <naa:Identification identificationSchemeName="?" identificationSchemeURI="?" identificationSchemeVersion="?" identificationSchemeAgency="?">?</naa:Identification>
                              <naa:Latitude Format="?">?</naa:Latitude>
                              <!--Optional:-->
                              <naa:LatitudeDirection codeName="?" codeListURI="?" codeListAgency="?" codeListName="?" codeListVersion="?">?</naa:LatitudeDirection>
                              <naa:Longitude Format="?">?</naa:Longitude>
                              <!--Optional:-->
                              <naa:LongitudeDirection codeName="?" codeListURI="?" codeListAgency="?" codeListName="?" codeListVersion="?">?</naa:LongitudeDirection>
                              <!--Optional:-->
                              <naa:System codeName="?" codeListURI="?" codeListAgency="?" codeListName="?" codeListVersion="?">?</naa:System>
                           </naa:Geocode>
                           <naa:Identification identificationSchemeName="?" identificationSchemeURI="?" identificationSchemeVersion="?" identificationSchemeAgency="?">?</naa:Identification>
                           <!--Optional:-->
                           <naa:LineFive LanguageIdentifier="?" LanguageLocaleIdentifier="?">?</naa:LineFive>
                           <!--Optional:-->
                           <naa:LineFour LanguageIdentifier="?" LanguageLocaleIdentifier="?">?</naa:LineFour>
                           <!--Optional:-->
                           <naa:LineOne LanguageIdentifier="?" LanguageLocaleIdentifier="?">?</naa:LineOne>
                           <!--Optional:-->
                           <naa:LineSix LanguageIdentifier="?" LanguageLocaleIdentifier="?">?</naa:LineSix>
                           <!--Optional:-->
                           <naa:LineThree LanguageIdentifier="?" LanguageLocaleIdentifier="?">?</naa:LineThree>
                           <!--Optional:-->
                           <naa:LineTwo LanguageIdentifier="?" LanguageLocaleIdentifier="?">?</naa:LineTwo>
                           <!--Optional:-->
                           <naa:PostOfficeBox LanguageIdentifier="?" LanguageLocaleIdentifier="?">?</naa:PostOfficeBox>
                           <!--Optional:-->
                           <naa:Postcode LanguageIdentifier="?" LanguageLocaleIdentifier="?">?</naa:Postcode>
                           <!--Optional:-->
                           <naa:StreetName LanguageIdentifier="?" LanguageLocaleIdentifier="?">?</naa:StreetName>
                           <!--Optional:-->
                           <naa:StreetSuffix codeName="?" codeListURI="?" codeListAgency="?" codeListName="?" codeListVersion="?">?</naa:StreetSuffix>
                           <!--Optional:-->
                           <naa:StreetType codeName="?" codeListURI="?" codeListAgency="?" codeListName="?" codeListVersion="?">?</naa:StreetType>
                           <!--Optional:-->
                           <naa:Usage codeName="?" codeListURI="?" codeListAgency="?" codeListName="?" codeListVersion="?">?</naa:Usage>
                           <!--Optional:-->
                           <naa:UsagePeriod ref="?">
                              <!--Optional:-->
                              <naa:Complete Format="?">?</naa:Complete>
                              <!--Optional:-->
                              <naa:Description LanguageIdentifier="?" LanguageLocaleIdentifier="?">?</naa:Description>
                              <!--Optional:-->
                              <naa:Duration UnitCode="?">?</naa:Duration>
                              <!--Optional:-->
                              <naa:End Format="?">?</naa:End>
                              <naa:Identification identificationSchemeName="?" identificationSchemeURI="?" identificationSchemeVersion="?" identificationSchemeAgency="?">?</naa:Identification>
                              <!--Optional:-->
                              <naa:Inclusive Format="?">?</naa:Inclusive>
                              <!--Optional:-->
                              <naa:Name LanguageIdentifier="?" LanguageLocaleIdentifier="?">?</naa:Name>
                              <!--Optional:-->
                              <naa:Sequence identificationSchemeName="?" identificationSchemeURI="?" identificationSchemeVersion="?" identificationSchemeAgency="?">?</naa:Sequence>
                              <naa:Start Format="?">?</naa:Start>
                           </naa:UsagePeriod>
                        </naa:ResidentialAddress>
                        <!--Zero or more repetitions:-->
                        <naa:Status ref="?">
                           <naa:Code codeName="?" codeListURI="?" codeListAgency="?" codeListName="?" codeListVersion="?">?</naa:Code>
                           <!--Optional:-->
                           <naa:Description LanguageIdentifier="?" LanguageLocaleIdentifier="?">?</naa:Description>
                           <!--Optional:-->
                           <naa:ValidityPeriod ref="?">
                              <!--Optional:-->
                              <naa:Complete Format="?">?</naa:Complete>
                              <!--Optional:-->
                              <naa:Description LanguageIdentifier="?" LanguageLocaleIdentifier="?">?</naa:Description>
                              <!--Optional:-->
                              <naa:Duration UnitCode="?">?</naa:Duration>
                              <!--Optional:-->
                              <naa:End Format="?">?</naa:End>
                              <naa:Identification identificationSchemeName="?" identificationSchemeURI="?" identificationSchemeVersion="?" identificationSchemeAgency="?">?</naa:Identification>
                              <!--Optional:-->
                              <naa:Inclusive Format="?">?</naa:Inclusive>
                              <!--Optional:-->
                              <naa:Name LanguageIdentifier="?" LanguageLocaleIdentifier="?">?</naa:Name>
                              <!--Optional:-->
                              <naa:Sequence identificationSchemeName="?" identificationSchemeURI="?" identificationSchemeVersion="?" identificationSchemeAgency="?">?</naa:Sequence>
                              <naa:Start Format="?">?</naa:Start>
                           </naa:ValidityPeriod>
                        </naa:Status>
                        <!--Zero or more repetitions:-->
                        <naa:Telephone ref="?">
                           <!--Optional:-->
                           <naa:AreaCode codeName="?" codeListURI="?" codeListAgency="?" codeListName="?" codeListVersion="?">?</naa:AreaCode>
                           <!--Optional:-->
                           <naa:CountryCode codeName="?" codeListURI="?" codeListAgency="?" codeListName="?" codeListVersion="?">?</naa:CountryCode>
                           <!--Optional:-->
                           <naa:Extension LanguageIdentifier="?" LanguageLocaleIdentifier="?">?</naa:Extension>
                           <naa:Number identificationSchemeName="?" identificationSchemeURI="?" identificationSchemeVersion="?" identificationSchemeAgency="?">?</naa:Number>
                           <naa:Type codeName="?" codeListURI="?" codeListAgency="?" codeListName="?" codeListVersion="?">?</naa:Type>
                        </naa:Telephone>
                     </naa:Person>
                     <naa:Identification identificationSchemeName="?" identificationSchemeURI="?" identificationSchemeVersion="?" identificationSchemeAgency="?">?</naa:Identification>
                     <!--Optional:-->
                     <naa:Language codeName="?" codeListURI="?" codeListAgency="?" codeListName="?" codeListVersion="?">?</naa:Language>
                     <naa:Name LanguageIdentifier="?" LanguageLocaleIdentifier="?">?</naa:Name>
                     <!--Optional:-->
                     <naa:Type LanguageIdentifier="?" LanguageLocaleIdentifier="?">?</naa:Type>
                  </da:Party>
                  <!--Optional:-->
                  <da:Type codeName="?" codeListURI="?" codeListAgency="?" codeListName="?" codeListVersion="?">?</da:Type>
               </da:ReferrerPartyRole>
               <!--Optional:-->
               <da:Type codeName="?" codeListURI="?" codeListAgency="?" codeListName="?" codeListVersion="?">?</da:Type>
            </da:ReferralObligation>
            <!--Optional:-->
            <da:Status codeName="?" codeListURI="?" codeListAgency="?" codeListName="?" codeListVersion="?">?</da:Status>
            <!--Zero or more repetitions:-->
            <da:SubjectLand ref="?">
               <!--Optional:-->
               <da:Address ref="?">
                  <!--Zero or more repetitions:-->
                  <naa:Address/>
                  <!--Optional:-->
                  <naa:BlockName LanguageIdentifier="?" LanguageLocaleIdentifier="?">?</naa:BlockName>
                  <!--Optional:-->
                  <naa:BuildingName LanguageIdentifier="?" LanguageLocaleIdentifier="?">?</naa:BuildingName>
                  <!--Optional:-->
                  <naa:BuildingNumber LanguageIdentifier="?" LanguageLocaleIdentifier="?">?</naa:BuildingNumber>
                  <!--Optional:-->
                  <naa:CityName LanguageIdentifier="?" LanguageLocaleIdentifier="?">?</naa:CityName>
                  <!--Optional:-->
                  <naa:Code codeName="?" codeListURI="?" codeListAgency="?" codeListName="?" codeListVersion="?">?</naa:Code>
                  <!--Optional:-->
                  <naa:CountryName codeName="?" codeListURI="?" codeListAgency="?" codeListName="?" codeListVersion="?">?</naa:CountryName>
                  <!--Optional:-->
                  <naa:CountrySubDivision codeName="?" codeListURI="?" codeListAgency="?" codeListName="?" codeListVersion="?">?</naa:CountrySubDivision>
                  <!--Zero or more repetitions:-->
                  <naa:Geocode ref="?">
                     <!--Optional:-->
                     <naa:AltimetricSystem codeName="?" codeListURI="?" codeListAgency="?" codeListName="?" codeListVersion="?">?</naa:AltimetricSystem>
                     <!--Optional:-->
                     <naa:Altitude Format="?">?</naa:Altitude>
                     <naa:Identification identificationSchemeName="?" identificationSchemeURI="?" identificationSchemeVersion="?" identificationSchemeAgency="?">?</naa:Identification>
                     <naa:Latitude Format="?">?</naa:Latitude>
                     <!--Optional:-->
                     <naa:LatitudeDirection codeName="?" codeListURI="?" codeListAgency="?" codeListName="?" codeListVersion="?">?</naa:LatitudeDirection>
                     <naa:Longitude Format="?">?</naa:Longitude>
                     <!--Optional:-->
                     <naa:LongitudeDirection codeName="?" codeListURI="?" codeListAgency="?" codeListName="?" codeListVersion="?">?</naa:LongitudeDirection>
                     <!--Optional:-->
                     <naa:System codeName="?" codeListURI="?" codeListAgency="?" codeListName="?" codeListVersion="?">?</naa:System>
                  </naa:Geocode>
                  <naa:Identification identificationSchemeName="?" identificationSchemeURI="?" identificationSchemeVersion="?" identificationSchemeAgency="?">?</naa:Identification>
                  <!--Optional:-->
                  <naa:LineFive LanguageIdentifier="?" LanguageLocaleIdentifier="?">?</naa:LineFive>
                  <!--Optional:-->
                  <naa:LineFour LanguageIdentifier="?" LanguageLocaleIdentifier="?">?</naa:LineFour>
                  <!--Optional:-->
                  <naa:LineOne LanguageIdentifier="?" LanguageLocaleIdentifier="?">?</naa:LineOne>
                  <!--Optional:-->
                  <naa:LineSix LanguageIdentifier="?" LanguageLocaleIdentifier="?">?</naa:LineSix>
                  <!--Optional:-->
                  <naa:LineThree LanguageIdentifier="?" LanguageLocaleIdentifier="?">?</naa:LineThree>
                  <!--Optional:-->
                  <naa:LineTwo LanguageIdentifier="?" LanguageLocaleIdentifier="?">?</naa:LineTwo>
                  <!--Optional:-->
                  <naa:PostOfficeBox LanguageIdentifier="?" LanguageLocaleIdentifier="?">?</naa:PostOfficeBox>
                  <!--Optional:-->
                  <naa:Postcode LanguageIdentifier="?" LanguageLocaleIdentifier="?">?</naa:Postcode>
                  <!--Optional:-->
                  <naa:StreetName LanguageIdentifier="?" LanguageLocaleIdentifier="?">?</naa:StreetName>
                  <!--Optional:-->
                  <naa:StreetSuffix codeName="?" codeListURI="?" codeListAgency="?" codeListName="?" codeListVersion="?">?</naa:StreetSuffix>
                  <!--Optional:-->
                  <naa:StreetType codeName="?" codeListURI="?" codeListAgency="?" codeListName="?" codeListVersion="?">?</naa:StreetType>
                  <!--Optional:-->
                  <naa:Usage codeName="?" codeListURI="?" codeListAgency="?" codeListName="?" codeListVersion="?">?</naa:Usage>
                  <!--Optional:-->
                  <naa:UsagePeriod ref="?">
                     <!--Optional:-->
                     <naa:Complete Format="?">?</naa:Complete>
                     <!--Optional:-->
                     <naa:Description LanguageIdentifier="?" LanguageLocaleIdentifier="?">?</naa:Description>
                     <!--Optional:-->
                     <naa:Duration UnitCode="?">?</naa:Duration>
                     <!--Optional:-->
                     <naa:End Format="?">?</naa:End>
                     <naa:Identification identificationSchemeName="?" identificationSchemeURI="?" identificationSchemeVersion="?" identificationSchemeAgency="?">?</naa:Identification>
                     <!--Optional:-->
                     <naa:Inclusive Format="?">?</naa:Inclusive>
                     <!--Optional:-->
                     <naa:Name LanguageIdentifier="?" LanguageLocaleIdentifier="?">?</naa:Name>
                     <!--Optional:-->
                     <naa:Sequence identificationSchemeName="?" identificationSchemeURI="?" identificationSchemeVersion="?" identificationSchemeAgency="?">?</naa:Sequence>
                     <naa:Start Format="?">?</naa:Start>
                  </naa:UsagePeriod>
               </da:Address>
               <!--Optional:-->
               <da:Attachment ref="?">
                  <!--Zero or more repetitions:-->
                  <da:Contributor LanguageIdentifier="?" LanguageLocaleIdentifier="?">?</da:Contributor>
                  <!--Zero or more repetitions:-->
                  <da:Coverage LanguageIdentifier="?" LanguageLocaleIdentifier="?">?</da:Coverage>
                  <!--Zero or more repetitions:-->
                  <da:Creator LanguageIdentifier="?" LanguageLocaleIdentifier="?">?</da:Creator>
                  <!--Optional:-->
                  <da:Date Format="?">?</da:Date>
                  <!--Zero or more repetitions:-->
                  <da:Description LanguageIdentifier="?" LanguageLocaleIdentifier="?">?</da:Description>
                  <!--Optional:-->
                  <da:Format LanguageIdentifier="?" LanguageLocaleIdentifier="?">?</da:Format>
                  <da:Identification identificationSchemeName="?" identificationSchemeURI="?" identificationSchemeVersion="?" identificationSchemeAgency="?">?</da:Identification>
                  <!--Zero or more repetitions:-->
                  <da:Language LanguageIdentifier="?" LanguageLocaleIdentifier="?">?</da:Language>
                  <!--Zero or more repetitions:-->
                  <da:Publisher LanguageIdentifier="?" LanguageLocaleIdentifier="?">?</da:Publisher>
                  <!--Zero or more repetitions:-->
                  <da:Relation LanguageIdentifier="?" LanguageLocaleIdentifier="?">?</da:Relation>
                  <!--Zero or more repetitions:-->
                  <da:Rights LanguageIdentifier="?" LanguageLocaleIdentifier="?">?</da:Rights>
                  <!--Optional:-->
                  <da:Size UnitCode="?">?</da:Size>
                  <!--Zero or more repetitions:-->
                  <da:Source LanguageIdentifier="?" LanguageLocaleIdentifier="?">?</da:Source>
                  <!--Optional:-->
                  <da:Subject LanguageIdentifier="?" LanguageLocaleIdentifier="?">?</da:Subject>
                  <!--Optional:-->
                  <da:Title LanguageIdentifier="?" LanguageLocaleIdentifier="?">?</da:Title>
                  <!--Optional:-->
                  <da:Type LanguageIdentifier="?" LanguageLocaleIdentifier="?">?</da:Type>
                  <!--Optional:-->
                  <da:Version LanguageIdentifier="?" LanguageLocaleIdentifier="?">?</da:Version>
                  <!--You have a CHOICE of the next 2 items at this level-->
                  <!--Optional:-->
                  <da:Attachment Format="?" MimeCode="?" CharacterSetCode="?" EncodingCode="?" UniformResourceIdentifier="?" Filename="?">cid:394903168663</da:Attachment>
                  <!--Optional:-->
                  <da:URI>?</da:URI>
               </da:Attachment>
               <!--Zero or more repetitions:-->
               <da:Comments LanguageIdentifier="?" LanguageLocaleIdentifier="?">?</da:Comments>
               <!--Optional:-->
               <da:Document ref="?">
                  <lab:DocumentNo identificationSchemeName="?" identificationSchemeURI="?" identificationSchemeVersion="?" identificationSchemeAgency="?">?</lab:DocumentNo>
                  <!--Optional:-->
                  <lab:DocumentStatus codeName="?" codeListURI="?" codeListAgency="?" codeListName="?" codeListVersion="?">?</lab:DocumentStatus>
                  <lab:Jurisdiction codeName="?" codeListURI="?" codeListAgency="?" codeListName="?" codeListVersion="?">?</lab:Jurisdiction>
                  <!--Optional:-->
                  <lab:SubmissionDate Format="?">?</lab:SubmissionDate>
                  <lab:SurveyDocument ref="?">
                     <!--Zero or more repetitions:-->
                     <lab:AdministrativeArea ref="?">
                        <!--Optional:-->
                        <lab:AdminAreaCode codeName="?" codeListURI="?" codeListAgency="?" codeListName="?" codeListVersion="?">?</lab:AdminAreaCode>
                        <lab:AdminAreaName LanguageIdentifier="?" LanguageLocaleIdentifier="?">?</lab:AdminAreaName>
                        <lab:AdminAreaType codeName="?" codeListURI="?" codeListAgency="?" codeListName="?" codeListVersion="?">?</lab:AdminAreaType>
                     </lab:AdministrativeArea>
                     <!--Zero or more repetitions:-->
                     <lab:AdministrativeDate codeName="?" codeListURI="?" codeListAgency="?" codeListName="?" codeListVersion="?">?</lab:AdministrativeDate>
                     <!--Zero or more repetitions:-->
                     <lab:Annotation ref="?">
                        <!--Optional:-->
                        <lab:Desc LanguageIdentifier="?" LanguageLocaleIdentifier="?">?</lab:Desc>
                        <lab:Name LanguageIdentifier="?" LanguageLocaleIdentifier="?">?</lab:Name>
                        <lab:Type codeName="?" codeListURI="?" codeListAgency="?" codeListName="?" codeListVersion="?">?</lab:Type>
                     </lab:Annotation>
                     <!--Optional:-->
                     <lab:HeadOfPower codeName="?" codeListURI="?" codeListAgency="?" codeListName="?" codeListVersion="?">?</lab:HeadOfPower>
                     <!--Zero or more repetitions:-->
                     <lab:Note LanguageIdentifier="?" LanguageLocaleIdentifier="?">?</lab:Note>
                     <!--Optional:-->
                     <lab:Status codeName="?" codeListURI="?" codeListAgency="?" codeListName="?" codeListVersion="?">?</lab:Status>
                     <!--1 or more repetitions:-->
                     <lab:Survey ref="?">
                        <lab:CoordinateSystem ref="?">
                           <!--Optional:-->
                           <lab:Description LanguageIdentifier="?" LanguageLocaleIdentifier="?">?</lab:Description>
                           <lab:HorizontalDatumName codeName="?" codeListURI="?" codeListAgency="?" codeListName="?" codeListVersion="?">?</lab:HorizontalDatumName>
                           <!--Optional:-->
                           <lab:VerticalDatumName codeName="?" codeListURI="?" codeListAgency="?" codeListName="?" codeListVersion="?">?</lab:VerticalDatumName>
                        </lab:CoordinateSystem>
                        <!--Optional:-->
                        <lab:FieldNoteFlag Format="?">?</lab:FieldNoteFlag>
                        <!--Zero or more repetitions:-->
                        <lab:FieldNoteReference LanguageIdentifier="?" LanguageLocaleIdentifier="?">?</lab:FieldNoteReference>
                        <!--Zero or more repetitions:-->
                        <lab:FieldReport LanguageIdentifier="?" LanguageLocaleIdentifier="?">?</lab:FieldReport>
                        <!--Optional:-->
                        <lab:FileReference LanguageIdentifier="?" LanguageLocaleIdentifier="?">?</lab:FileReference>
                        <!--Zero or more repetitions:-->
                        <lab:Parcel ref="?">
                           <!--Optional:-->
                           <lab:BuildingLevelNo LanguageIdentifier="?" LanguageLocaleIdentifier="?">?</lab:BuildingLevelNo>
                           <!--Optional:-->
                           <lab:BuildingNo LanguageIdentifier="?" LanguageLocaleIdentifier="?">?</lab:BuildingNo>
                           <lab:Classification codeName="?" codeListURI="?" codeListAgency="?" codeListName="?" codeListVersion="?">?</lab:Classification>
                           <!--Optional:-->
                           <lab:Desc LanguageIdentifier="?" LanguageLocaleIdentifier="?">?</lab:Desc>
                           <!--Optional:-->
                           <lab:Encroachment ref="?">
                              <!--Optional:-->
                              <lab:Desc LanguageIdentifier="?" LanguageLocaleIdentifier="?">?</lab:Desc>
                              <lab:Name LanguageIdentifier="?" LanguageLocaleIdentifier="?">?</lab:Name>
                              <!--Optional:-->
                              <lab:PointList LanguageIdentifier="?" LanguageLocaleIdentifier="?">?</lab:PointList>
                              <!--Optional:-->
                              <lab:Type codeName="?" codeListURI="?" codeListAgency="?" codeListName="?" codeListVersion="?">?</lab:Type>
                           </lab:Encroachment>
                           <!--Zero or more repetitions:-->
                           <lab:ExclusionAreas ref="?">
                              <lab:Area Format="?">?</lab:Area>
                              <lab:ExclusionType codeName="?" codeListURI="?" codeListAgency="?" codeListName="?" codeListVersion="?">?</lab:ExclusionType>
                              <lab:Pclref LanguageIdentifier="?" LanguageLocaleIdentifier="?">?</lab:Pclref>
                           </lab:ExclusionAreas>
                           <!--Optional:-->
                           <lab:Name LanguageIdentifier="?" LanguageLocaleIdentifier="?">?</lab:Name>
                           <!--Zero or more repetitions:-->
                           <lab:Note LanguageIdentifier="?" LanguageLocaleIdentifier="?">?</lab:Note>
                           <!--Optional:-->
                           <lab:OID identificationSchemeName="?" identificationSchemeURI="?" identificationSchemeVersion="?" identificationSchemeAgency="?">?</lab:OID>
                           <!--Zero or more repetitions:-->
                           <lab:Parcel/>
                           <!--Optional:-->
                           <lab:ParcelFormat codeName="?" codeListURI="?" codeListAgency="?" codeListName="?" codeListVersion="?">?</lab:ParcelFormat>
                           <!--Optional:-->
                           <lab:Polygon ref="?">
                              <!--Optional:-->
                              <lab:Centroid LanguageIdentifier="?" LanguageLocaleIdentifier="?">?</lab:Centroid>
                              <!--Optional:-->
                              <lab:Desc LanguageIdentifier="?" LanguageLocaleIdentifier="?">?</lab:Desc>
                              <!--2 or more repetitions:-->
                              <lab:Line ref="?">
                                 <!--Optional:-->
                                 <lab:Desc LanguageIdentifier="?" LanguageLocaleIdentifier="?">?</lab:Desc>
                                 <!--Optional:-->
                                 <lab:Dir Format="?">?</lab:Dir>
                                 <!--Optional:-->
                                 <lab:Length UnitCode="?">?</lab:Length>
                                 <lab:Name LanguageIdentifier="?" LanguageLocaleIdentifier="?">?</lab:Name>
                                 <!--Zero or more repetitions:-->
                                 <lab:Note LanguageIdentifier="?" LanguageLocaleIdentifier="?">?</lab:Note>
                                 <lab:OID identificationSchemeName="?" identificationSchemeURI="?" identificationSchemeVersion="?" identificationSchemeAgency="?">?</lab:OID>
                                 <!--Optional:-->
                                 <lab:PointList LanguageIdentifier="?" LanguageLocaleIdentifier="?">?</lab:PointList>
                                 <!--Optional:-->
                                 <lab:Radius Format="?">?</lab:Radius>
                                 <!--Optional:-->
                                 <lab:Rot LanguageIdentifier="?" LanguageLocaleIdentifier="?">?</lab:Rot>
                                 <!--Optional:-->
                                 <lab:Source LanguageIdentifier="?" LanguageLocaleIdentifier="?">?</lab:Source>
                                 <lab:State codeName="?" codeListURI="?" codeListAgency="?" codeListName="?" codeListVersion="?">?</lab:State>
                              </lab:Line>
                              <lab:Line ref="?">
                                 <!--Optional:-->
                                 <lab:Desc LanguageIdentifier="?" LanguageLocaleIdentifier="?">?</lab:Desc>
                                 <!--Optional:-->
                                 <lab:Dir Format="?">?</lab:Dir>
                                 <!--Optional:-->
                                 <lab:Length UnitCode="?">?</lab:Length>
                                 <lab:Name LanguageIdentifier="?" LanguageLocaleIdentifier="?">?</lab:Name>
                                 <!--Zero or more repetitions:-->
                                 <lab:Note LanguageIdentifier="?" LanguageLocaleIdentifier="?">?</lab:Note>
                                 <lab:OID identificationSchemeName="?" identificationSchemeURI="?" identificationSchemeVersion="?" identificationSchemeAgency="?">?</lab:OID>
                                 <!--Optional:-->
                                 <lab:PointList LanguageIdentifier="?" LanguageLocaleIdentifier="?">?</lab:PointList>
                                 <!--Optional:-->
                                 <lab:Radius Format="?">?</lab:Radius>
                                 <!--Optional:-->
                                 <lab:Rot LanguageIdentifier="?" LanguageLocaleIdentifier="?">?</lab:Rot>
                                 <!--Optional:-->
                                 <lab:Source LanguageIdentifier="?" LanguageLocaleIdentifier="?">?</lab:Source>
                                 <lab:State codeName="?" codeListURI="?" codeListAgency="?" codeListName="?" codeListVersion="?">?</lab:State>
                              </lab:Line>
                              <lab:Name LanguageIdentifier="?" LanguageLocaleIdentifier="?">?</lab:Name>
                              <lab:OID identificationSchemeName="?" identificationSchemeURI="?" identificationSchemeVersion="?" identificationSchemeAgency="?">?</lab:OID>
                              <!--Optional:-->
                              <lab:State codeName="?" codeListURI="?" codeListAgency="?" codeListName="?" codeListVersion="?">?</lab:State>
                           </lab:Polygon>
                           <!--Optional:-->
                           <lab:SchemeLand ref="?">
                              <!--Optional:-->
                              <lab:LiabilityApportionment LanguageIdentifier="?" LanguageLocaleIdentifier="?">?</lab:LiabilityApportionment>
                              <!--Optional:-->
                              <lab:LotEntitlements LanguageIdentifier="?" LanguageLocaleIdentifier="?">?</lab:LotEntitlements>
                           </lab:SchemeLand>
                           <!--Optional:-->
                           <lab:State codeName="?" codeListURI="?" codeListAgency="?" codeListName="?" codeListVersion="?">?</lab:State>
                           <!--Zero or more repetitions:-->
                           <lab:TitleReference ref="?">
                              <lab:Name LanguageIdentifier="?" LanguageLocaleIdentifier="?">?</lab:Name>
                              <lab:TitleType codeName="?" codeListURI="?" codeListAgency="?" codeListName="?" codeListVersion="?">?</lab:TitleType>
                           </lab:TitleReference>
                           <!--Zero or more repetitions:-->
                           <lab:UseOfParcel codeName="?" codeListURI="?" codeListAgency="?" codeListName="?" codeListVersion="?">?</lab:UseOfParcel>
                           <!--Optional:-->
                           <lab:Volume Format="?">?</lab:Volume>
                        </lab:Parcel>
                        <!--Zero or more repetitions:-->
                        <lab:PurposeOfSurvey codeName="?" codeListURI="?" codeListAgency="?" codeListName="?" codeListVersion="?">?</lab:PurposeOfSurvey>
                        <!--Optional:-->
                        <lab:SurveyCancDesc LanguageIdentifier="?" LanguageLocaleIdentifier="?">?</lab:SurveyCancDesc>
                        <!--Optional:-->
                        <lab:SurveyDesc LanguageIdentifier="?" LanguageLocaleIdentifier="?">?</lab:SurveyDesc>
                        <!--Zero or more repetitions:-->
                        <lab:SurveyPoint ref="?">
                           <!--Optional:-->
                           <lab:Code codeName="?" codeListURI="?" codeListAgency="?" codeListName="?" codeListVersion="?">?</lab:Code>
                           <!--Optional:-->
                           <lab:Desc LanguageIdentifier="?" LanguageLocaleIdentifier="?">?</lab:Desc>
                           <lab:Line ref="?">
                              <!--Optional:-->
                              <lab:Desc LanguageIdentifier="?" LanguageLocaleIdentifier="?">?</lab:Desc>
                              <!--Optional:-->
                              <lab:Dir Format="?">?</lab:Dir>
                              <!--Optional:-->
                              <lab:Length UnitCode="?">?</lab:Length>
                              <lab:Name LanguageIdentifier="?" LanguageLocaleIdentifier="?">?</lab:Name>
                              <!--Zero or more repetitions:-->
                              <lab:Note LanguageIdentifier="?" LanguageLocaleIdentifier="?">?</lab:Note>
                              <lab:OID identificationSchemeName="?" identificationSchemeURI="?" identificationSchemeVersion="?" identificationSchemeAgency="?">?</lab:OID>
                              <!--Optional:-->
                              <lab:PointList LanguageIdentifier="?" LanguageLocaleIdentifier="?">?</lab:PointList>
                              <!--Optional:-->
                              <lab:Radius Format="?">?</lab:Radius>
                              <!--Optional:-->
                              <lab:Rot LanguageIdentifier="?" LanguageLocaleIdentifier="?">?</lab:Rot>
                              <!--Optional:-->
                              <lab:Source LanguageIdentifier="?" LanguageLocaleIdentifier="?">?</lab:Source>
                              <lab:State codeName="?" codeListURI="?" codeListAgency="?" codeListName="?" codeListVersion="?">?</lab:State>
                           </lab:Line>
                           <lab:Line ref="?">
                              <!--Optional:-->
                              <lab:Desc LanguageIdentifier="?" LanguageLocaleIdentifier="?">?</lab:Desc>
                              <!--Optional:-->
                              <lab:Dir Format="?">?</lab:Dir>
                              <!--Optional:-->
                              <lab:Length UnitCode="?">?</lab:Length>
                              <lab:Name LanguageIdentifier="?" LanguageLocaleIdentifier="?">?</lab:Name>
                              <!--Zero or more repetitions:-->
                              <lab:Note LanguageIdentifier="?" LanguageLocaleIdentifier="?">?</lab:Note>
                              <lab:OID identificationSchemeName="?" identificationSchemeURI="?" identificationSchemeVersion="?" identificationSchemeAgency="?">?</lab:OID>
                              <!--Optional:-->
                              <lab:PointList LanguageIdentifier="?" LanguageLocaleIdentifier="?">?</lab:PointList>
                              <!--Optional:-->
                              <lab:Radius Format="?">?</lab:Radius>
                              <!--Optional:-->
                              <lab:Rot LanguageIdentifier="?" LanguageLocaleIdentifier="?">?</lab:Rot>
                              <!--Optional:-->
                              <lab:Source LanguageIdentifier="?" LanguageLocaleIdentifier="?">?</lab:Source>
                              <lab:State codeName="?" codeListURI="?" codeListAgency="?" codeListName="?" codeListVersion="?">?</lab:State>
                           </lab:Line>
                           <lab:Name LanguageIdentifier="?" LanguageLocaleIdentifier="?">?</lab:Name>
                           <lab:OID identificationSchemeName="?" identificationSchemeURI="?" identificationSchemeVersion="?" identificationSchemeAgency="?">?</lab:OID>
                           <!--Optional:-->
                           <lab:PntSurv LanguageIdentifier="?" LanguageLocaleIdentifier="?">?</lab:PntSurv>
                           <!--Optional:-->
                           <lab:Role LanguageIdentifier="?" LanguageLocaleIdentifier="?">?</lab:Role>
                           <!--Optional:-->
                           <lab:State codeName="?" codeListURI="?" codeListAgency="?" codeListName="?" codeListVersion="?">?</lab:State>
                           <!--Optional:-->
                           <lab:SurveyOrder Format="?">?</lab:SurveyOrder>
                           <!--Optional:-->
                           <lab:ThreeDPoint LanguageIdentifier="?" LanguageLocaleIdentifier="?">?</lab:ThreeDPoint>
                           <!--Optional:-->
                           <lab:TwoDPoint LanguageIdentifier="?" LanguageLocaleIdentifier="?">?</lab:TwoDPoint>
                           <!--Optional:-->
                           <lab:ZoneNumber Format="?">?</lab:ZoneNumber>
                        </lab:SurveyPoint>
                        <!--Optional:-->
                        <lab:SurveyType codeName="?" codeListURI="?" codeListAgency="?" codeListName="?" codeListVersion="?">?</lab:SurveyType>
                     </lab:Survey>
                     <!--Optional:-->
                     <lab:SurveyFormat codeName="?" codeListURI="?" codeListAgency="?" codeListName="?" codeListVersion="?">?</lab:SurveyFormat>
                  </lab:SurveyDocument>
                  <!--Optional:-->
                  <lab:VersionDate Format="?">?</lab:VersionDate>
                  <!--Optional:-->
                  <lab:VersionNumber Format="?">?</lab:VersionNumber>
               </da:Document>
               <!--Optional:-->
               <da:Parcel ref="?">
                  <!--Optional:-->
                  <lab:BuildingLevelNo LanguageIdentifier="?" LanguageLocaleIdentifier="?">?</lab:BuildingLevelNo>
                  <!--Optional:-->
                  <lab:BuildingNo LanguageIdentifier="?" LanguageLocaleIdentifier="?">?</lab:BuildingNo>
                  <lab:Classification codeName="?" codeListURI="?" codeListAgency="?" codeListName="?" codeListVersion="?">?</lab:Classification>
                  <!--Optional:-->
                  <lab:Desc LanguageIdentifier="?" LanguageLocaleIdentifier="?">?</lab:Desc>
                  <!--Optional:-->
                  <lab:Encroachment ref="?">
                     <!--Optional:-->
                     <lab:Desc LanguageIdentifier="?" LanguageLocaleIdentifier="?">?</lab:Desc>
                     <lab:Name LanguageIdentifier="?" LanguageLocaleIdentifier="?">?</lab:Name>
                     <!--Optional:-->
                     <lab:PointList LanguageIdentifier="?" LanguageLocaleIdentifier="?">?</lab:PointList>
                     <!--Optional:-->
                     <lab:Type codeName="?" codeListURI="?" codeListAgency="?" codeListName="?" codeListVersion="?">?</lab:Type>
                  </lab:Encroachment>
                  <!--Zero or more repetitions:-->
                  <lab:ExclusionAreas ref="?">
                     <lab:Area Format="?">?</lab:Area>
                     <lab:ExclusionType codeName="?" codeListURI="?" codeListAgency="?" codeListName="?" codeListVersion="?">?</lab:ExclusionType>
                     <lab:Pclref LanguageIdentifier="?" LanguageLocaleIdentifier="?">?</lab:Pclref>
                  </lab:ExclusionAreas>
                  <!--Optional:-->
                  <lab:Name LanguageIdentifier="?" LanguageLocaleIdentifier="?">?</lab:Name>
                  <!--Zero or more repetitions:-->
                  <lab:Note LanguageIdentifier="?" LanguageLocaleIdentifier="?">?</lab:Note>
                  <!--Optional:-->
                  <lab:OID identificationSchemeName="?" identificationSchemeURI="?" identificationSchemeVersion="?" identificationSchemeAgency="?">?</lab:OID>
                  <!--Zero or more repetitions:-->
                  <lab:Parcel/>
                  <!--Optional:-->
                  <lab:ParcelFormat codeName="?" codeListURI="?" codeListAgency="?" codeListName="?" codeListVersion="?">?</lab:ParcelFormat>
                  <!--Optional:-->
                  <lab:Polygon ref="?">
                     <!--Optional:-->
                     <lab:Centroid LanguageIdentifier="?" LanguageLocaleIdentifier="?">?</lab:Centroid>
                     <!--Optional:-->
                     <lab:Desc LanguageIdentifier="?" LanguageLocaleIdentifier="?">?</lab:Desc>
                     <!--2 or more repetitions:-->
                     <lab:Line ref="?">
                        <!--Optional:-->
                        <lab:Desc LanguageIdentifier="?" LanguageLocaleIdentifier="?">?</lab:Desc>
                        <!--Optional:-->
                        <lab:Dir Format="?">?</lab:Dir>
                        <!--Optional:-->
                        <lab:Length UnitCode="?">?</lab:Length>
                        <lab:Name LanguageIdentifier="?" LanguageLocaleIdentifier="?">?</lab:Name>
                        <!--Zero or more repetitions:-->
                        <lab:Note LanguageIdentifier="?" LanguageLocaleIdentifier="?">?</lab:Note>
                        <lab:OID identificationSchemeName="?" identificationSchemeURI="?" identificationSchemeVersion="?" identificationSchemeAgency="?">?</lab:OID>
                        <!--Optional:-->
                        <lab:PointList LanguageIdentifier="?" LanguageLocaleIdentifier="?">?</lab:PointList>
                        <!--Optional:-->
                        <lab:Radius Format="?">?</lab:Radius>
                        <!--Optional:-->
                        <lab:Rot LanguageIdentifier="?" LanguageLocaleIdentifier="?">?</lab:Rot>
                        <!--Optional:-->
                        <lab:Source LanguageIdentifier="?" LanguageLocaleIdentifier="?">?</lab:Source>
                        <lab:State codeName="?" codeListURI="?" codeListAgency="?" codeListName="?" codeListVersion="?">?</lab:State>
                     </lab:Line>
                     <lab:Line ref="?">
                        <!--Optional:-->
                        <lab:Desc LanguageIdentifier="?" LanguageLocaleIdentifier="?">?</lab:Desc>
                        <!--Optional:-->
                        <lab:Dir Format="?">?</lab:Dir>
                        <!--Optional:-->
                        <lab:Length UnitCode="?">?</lab:Length>
                        <lab:Name LanguageIdentifier="?" LanguageLocaleIdentifier="?">?</lab:Name>
                        <!--Zero or more repetitions:-->
                        <lab:Note LanguageIdentifier="?" LanguageLocaleIdentifier="?">?</lab:Note>
                        <lab:OID identificationSchemeName="?" identificationSchemeURI="?" identificationSchemeVersion="?" identificationSchemeAgency="?">?</lab:OID>
                        <!--Optional:-->
                        <lab:PointList LanguageIdentifier="?" LanguageLocaleIdentifier="?">?</lab:PointList>
                        <!--Optional:-->
                        <lab:Radius Format="?">?</lab:Radius>
                        <!--Optional:-->
                        <lab:Rot LanguageIdentifier="?" LanguageLocaleIdentifier="?">?</lab:Rot>
                        <!--Optional:-->
                        <lab:Source LanguageIdentifier="?" LanguageLocaleIdentifier="?">?</lab:Source>
                        <lab:State codeName="?" codeListURI="?" codeListAgency="?" codeListName="?" codeListVersion="?">?</lab:State>
                     </lab:Line>
                     <lab:Name LanguageIdentifier="?" LanguageLocaleIdentifier="?">?</lab:Name>
                     <lab:OID identificationSchemeName="?" identificationSchemeURI="?" identificationSchemeVersion="?" identificationSchemeAgency="?">?</lab:OID>
                     <!--Optional:-->
                     <lab:State codeName="?" codeListURI="?" codeListAgency="?" codeListName="?" codeListVersion="?">?</lab:State>
                  </lab:Polygon>
                  <!--Optional:-->
                  <lab:SchemeLand ref="?">
                     <!--Optional:-->
                     <lab:LiabilityApportionment LanguageIdentifier="?" LanguageLocaleIdentifier="?">?</lab:LiabilityApportionment>
                     <!--Optional:-->
                     <lab:LotEntitlements LanguageIdentifier="?" LanguageLocaleIdentifier="?">?</lab:LotEntitlements>
                  </lab:SchemeLand>
                  <!--Optional:-->
                  <lab:State codeName="?" codeListURI="?" codeListAgency="?" codeListName="?" codeListVersion="?">?</lab:State>
                  <!--Zero or more repetitions:-->
                  <lab:TitleReference ref="?">
                     <lab:Name LanguageIdentifier="?" LanguageLocaleIdentifier="?">?</lab:Name>
                     <lab:TitleType codeName="?" codeListURI="?" codeListAgency="?" codeListName="?" codeListVersion="?">?</lab:TitleType>
                  </lab:TitleReference>
                  <!--Zero or more repetitions:-->
                  <lab:UseOfParcel codeName="?" codeListURI="?" codeListAgency="?" codeListName="?" codeListVersion="?">?</lab:UseOfParcel>
                  <!--Optional:-->
                  <lab:Volume Format="?">?</lab:Volume>
               </da:Parcel>
            </da:SubjectLand>
         </acc:Application>
         <!--Zero or more repetitions:-->
         <acc:Specialisation ref="?">
            <spec:DomainId identificationSchemeName="?" identificationSchemeURI="?" identificationSchemeVersion="?" identificationSchemeAgency="?">?</spec:DomainId>
            <spec:Extension>?</spec:Extension>
            <spec:Jurisdiction codeName="?" codeListURI="?" codeListAgency="?" codeListName="?" codeListVersion="?">?</spec:Jurisdiction>
            <spec:Version identificationSchemeName="?" identificationSchemeURI="?" identificationSchemeVersion="?" identificationSchemeAgency="?">?</spec:Version>
         </acc:Specialisation>
         <acc:StandardBusinessMessageHeader ref="?">
            <!--1 or more repetitions:-->
            <msg:BusinessScope ref="?">
               <!--Zero or more repetitions:-->
               <msg:CorrelationInformation ref="?">
                  <!--Optional:-->
                  <msg:ExpectedResponseDateTime Format="?">?</msg:ExpectedResponseDateTime>
                  <msg:RequestingDocumentCreationDateTime Format="?">?</msg:RequestingDocumentCreationDateTime>
                  <msg:RequestingDocumentInstanceID identificationSchemeName="?" identificationSchemeURI="?" identificationSchemeVersion="?" identificationSchemeAgency="?">?</msg:RequestingDocumentInstanceID>
               </msg:CorrelationInformation>
               <!--Optional:-->
               <msg:ID identificationSchemeName="?" identificationSchemeURI="?" identificationSchemeVersion="?" identificationSchemeAgency="?">?</msg:ID>
               <!--Optional:-->
               <msg:InstanceID identificationSchemeName="?" identificationSchemeURI="?" identificationSchemeVersion="?" identificationSchemeAgency="?">?</msg:InstanceID>
               <msg:Type codeName="?" codeListURI="?" codeListAgency="NCO" codeListName="BusinessScope" codeListVersion="?">?</msg:Type>
            </msg:BusinessScope>
            <msg:DocumentIdentification ref="?">
               <msg:CreationDateTime Format="?">?</msg:CreationDateTime>
               <msg:InstanceID identificationSchemeName="?" identificationSchemeURI="?" identificationSchemeVersion="?" identificationSchemeAgency="?">?</msg:InstanceID>
               <msg:Standard codeName="?" codeListURI="?" codeListAgency="NCO" codeListName="StandardType" codeListVersion="?">?</msg:Standard>
               <msg:Type codeName="?" codeListURI="?" codeListAgency="?" codeListName="?" codeListVersion="?">?</msg:Type>
               <msg:TypeVersion LanguageIdentifier="?" LanguageLocaleIdentifier="?">?</msg:TypeVersion>
            </msg:DocumentIdentification>
            <msg:ReceiverPartner ref="?">
               <msg:Authority LanguageIdentifier="?" LanguageLocaleIdentifier="?">?</msg:Authority>
               <!--Zero or more repetitions:-->
               <msg:Contact ref="?">
                  <msg:Contact LanguageIdentifier="?" LanguageLocaleIdentifier="?">?</msg:Contact>
                  <msg:ContactTypeIdentifier codeName="?" codeListURI="?" codeListAgency="?" codeListName="?" codeListVersion="?">?</msg:ContactTypeIdentifier>
                  <!--Optional:-->
                  <msg:EmailAddress>?</msg:EmailAddress>
                  <!--Optional:-->
                  <msg:TelephoneNumber LanguageIdentifier="?" LanguageLocaleIdentifier="?">?</msg:TelephoneNumber>
               </msg:Contact>
               <msg:ID identificationSchemeName="?" identificationSchemeURI="?" identificationSchemeVersion="?" identificationSchemeAgency="?">?</msg:ID>
               <msg:ProcessRole codeName="?" codeListURI="?" codeListAgency="?" codeListName="?" codeListVersion="?">?</msg:ProcessRole>
            </msg:ReceiverPartner>
            <msg:SenderPartner ref="?">
               <msg:Authority LanguageIdentifier="?" LanguageLocaleIdentifier="?">?</msg:Authority>
               <!--Zero or more repetitions:-->
               <msg:Contact ref="?">
                  <msg:Contact LanguageIdentifier="?" LanguageLocaleIdentifier="?">?</msg:Contact>
                  <msg:ContactTypeIdentifier codeName="?" codeListURI="?" codeListAgency="?" codeListName="?" codeListVersion="?">?</msg:ContactTypeIdentifier>
                  <!--Optional:-->
                  <msg:EmailAddress>?</msg:EmailAddress>
                  <!--Optional:-->
                  <msg:TelephoneNumber LanguageIdentifier="?" LanguageLocaleIdentifier="?">?</msg:TelephoneNumber>
               </msg:Contact>
               <msg:ID identificationSchemeName="?" identificationSchemeURI="?" identificationSchemeVersion="?" identificationSchemeAgency="?">?</msg:ID>
               <msg:ProcessRole codeName="?" codeListURI="?" codeListAgency="?" codeListName="?" codeListVersion="?">?</msg:ProcessRole>
            </msg:SenderPartner>
            <!--Zero or more repetitions:-->
            <msg:SoftwareInformation ref="?">
               <msg:ProductID identificationSchemeName="?" identificationSchemeURI="?" identificationSchemeVersion="?" identificationSchemeAgency="?">?</msg:ProductID>
               <!--Optional:-->
               <msg:ProductName LanguageIdentifier="?" LanguageLocaleIdentifier="?">?</msg:ProductName>
               <!--Optional:-->
               <msg:ProductVersion LanguageIdentifier="?" LanguageLocaleIdentifier="?">?</msg:ProductVersion>
            </msg:SoftwareInformation>
            <msg:Version identificationSchemeName="?" identificationSchemeURI="?" identificationSchemeVersion="?" identificationSchemeAgency="?">?</msg:Version>
         </acc:StandardBusinessMessageHeader>
      </acc:AcceptCreateApplicationTransaction>
   </soapenv:Body>
</soapenv:Envelope>]]></con:request><con:jmsConfig JMSDeliveryMode="PERSISTENT"/><con:jmsPropertyConfig/><con:wsaConfig mustUnderstand="NONE" version="200508" action="http://example.xml.gov.au/CreateApplication_Initiator.2.3.0r2/Accept"/><con:wsrmConfig version="1.2"/></con:call></con:operation><con:operation isOneWay="false" action="http://example.xml.gov.au/CreateApplication_Initiator.2.3.0r2/Reject" name="Reject" bindingOperationName="Reject" type="Request-Response" inputName="" receivesAttachments="false" sendsAttachments="false" anonymous="optional"><con:settings/><con:call name="Request 1"><con:settings/><con:encoding>UTF-8</con:encoding><con:endpoint>http://example.xml.gov.au/CreateApplication_Initiator.2.3.0r2</con:endpoint><con:request><![CDATA[<soapenv:Envelope xmlns:soapenv="http://schemas.xmlsoap.org/soap/envelope/" xmlns:rej="http://xml.gov.au/edais/bm/RejectCreateApplicationTransaction.msg.2.3.0r2" xmlns:da="http://xml.gov.au/edais/core/da.data.2.3.0r2" xmlns:naa="http://xml.gov.au/edais/core/naa.data.2.3.0r2" xmlns:lab="http://xml.gov.au/edais/core/lab.data.2.3.0r2" xmlns:spec="http://xml.gov.au/edais/core/specialisation.data.2.3.0r2" xmlns:msg="http://xml.gov.au/edais/core/msg.data.2.3.0r2">
   <soapenv:Header/>
   <soapenv:Body>
      <rej:RejectCreateApplicationTransaction>
         <rej:Application ref="?">
            <!--Zero or more repetitions:-->
            <da:AdditionalInformation ref="?">
               <!--Zero or more repetitions:-->
               <da:Attachment ref="?">
                  <!--Zero or more repetitions:-->
                  <da:Contributor LanguageIdentifier="?" LanguageLocaleIdentifier="?">?</da:Contributor>
                  <!--Zero or more repetitions:-->
                  <da:Coverage LanguageIdentifier="?" LanguageLocaleIdentifier="?">?</da:Coverage>
                  <!--Zero or more repetitions:-->
                  <da:Creator LanguageIdentifier="?" LanguageLocaleIdentifier="?">?</da:Creator>
                  <!--Optional:-->
                  <da:Date Format="?">?</da:Date>
                  <!--Zero or more repetitions:-->
                  <da:Description LanguageIdentifier="?" LanguageLocaleIdentifier="?">?</da:Description>
                  <!--Optional:-->
                  <da:Format LanguageIdentifier="?" LanguageLocaleIdentifier="?">?</da:Format>
                  <da:Identification identificationSchemeName="?" identificationSchemeURI="?" identificationSchemeVersion="?" identificationSchemeAgency="?">?</da:Identification>
                  <!--Zero or more repetitions:-->
                  <da:Language LanguageIdentifier="?" LanguageLocaleIdentifier="?">?</da:Language>
                  <!--Zero or more repetitions:-->
                  <da:Publisher LanguageIdentifier="?" LanguageLocaleIdentifier="?">?</da:Publisher>
                  <!--Zero or more repetitions:-->
                  <da:Relation LanguageIdentifier="?" LanguageLocaleIdentifier="?">?</da:Relation>
                  <!--Zero or more repetitions:-->
                  <da:Rights LanguageIdentifier="?" LanguageLocaleIdentifier="?">?</da:Rights>
                  <!--Optional:-->
                  <da:Size UnitCode="?">?</da:Size>
                  <!--Zero or more repetitions:-->
                  <da:Source LanguageIdentifier="?" LanguageLocaleIdentifier="?">?</da:Source>
                  <!--Optional:-->
                  <da:Subject LanguageIdentifier="?" LanguageLocaleIdentifier="?">?</da:Subject>
                  <!--Optional:-->
                  <da:Title LanguageIdentifier="?" LanguageLocaleIdentifier="?">?</da:Title>
                  <!--Optional:-->
                  <da:Type LanguageIdentifier="?" LanguageLocaleIdentifier="?">?</da:Type>
                  <!--Optional:-->
                  <da:Version LanguageIdentifier="?" LanguageLocaleIdentifier="?">?</da:Version>
                  <!--You have a CHOICE of the next 2 items at this level-->
                  <!--Optional:-->
                  <da:Attachment Format="?" MimeCode="?" CharacterSetCode="?" EncodingCode="?" UniformResourceIdentifier="?" Filename="?">cid:555706464875</da:Attachment>
                  <!--Optional:-->
                  <da:URI>?</da:URI>
               </da:Attachment>
               <!--Zero or more repetitions:-->
               <da:Comments LanguageIdentifier="?" LanguageLocaleIdentifier="?">?</da:Comments>
               <!--Optional:-->
               <da:DueDate Format="?">?</da:DueDate>
               <da:Identification identificationSchemeName="?" identificationSchemeURI="?" identificationSchemeVersion="?" identificationSchemeAgency="?">?</da:Identification>
               <!--Zero or more repetitions:-->
               <da:Purpose LanguageIdentifier="?" LanguageLocaleIdentifier="?">?</da:Purpose>
               <!--Optional:-->
               <da:ReceivedDate Format="?">?</da:ReceivedDate>
               <!--Optional:-->
               <da:RequestedDate Format="?">?</da:RequestedDate>
               <!--Zero or more repetitions:-->
               <da:RequestingAuthorityPartyRole ref="?">
                  <!--Optional:-->
                  <da:DateTime Format="?">?</da:DateTime>
                  <!--1 or more repetitions:-->
                  <da:Party ref="?">
                     <!--Optional:-->
                     <naa:AccessRights codeName="?" codeListURI="?" codeListAgency="?" codeListName="?" codeListVersion="?">?</naa:AccessRights>
                     <!--Optional:-->
                     <naa:Description LanguageIdentifier="?" LanguageLocaleIdentifier="?">?</naa:Description>
                     <!--You have a CHOICE of the next 2 items at this level-->
                     <!--Optional:-->
                     <naa:Organisation ref="?">
                        <!--Zero or more repetitions:-->
                        <naa:Contact ref="?">
                           <!--Optional:-->
                           <naa:DepartmentName LanguageIdentifier="?" LanguageLocaleIdentifier="?">?</naa:DepartmentName>
                           <!--Optional:-->
                           <naa:Description LanguageIdentifier="?" LanguageLocaleIdentifier="?">?</naa:Description>
                           <naa:Identification identificationSchemeName="?" identificationSchemeURI="?" identificationSchemeVersion="?" identificationSchemeAgency="?">?</naa:Identification>
                           <!--Zero or more repetitions:-->
                           <naa:Internet ref="?">
                              <naa:Type codeName="?" codeListURI="?" codeListAgency="?" codeListName="?" codeListVersion="?">?</naa:Type>
                              <naa:URI>?</naa:URI>
                           </naa:Internet>
                           <!--Optional:-->
                           <naa:IsPrimary Format="?">?</naa:IsPrimary>
                           <!--Optional:-->
                           <naa:JobTitle LanguageIdentifier="?" LanguageLocaleIdentifier="?">?</naa:JobTitle>
                           <!--Optional:-->
                           <naa:PersonName ref="?">
                              <naa:Classification codeName="?" codeListURI="?" codeListAgency="?" codeListName="?" codeListVersion="?">?</naa:Classification>
                              <!--Optional:-->
                              <naa:FamilyName LanguageIdentifier="?" LanguageLocaleIdentifier="?">?</naa:FamilyName>
                              <!--Optional:-->
                              <naa:FamilyNamePrefix LanguageIdentifier="?" LanguageLocaleIdentifier="?">?</naa:FamilyNamePrefix>
                              <!--Optional:-->
                              <naa:GivenName LanguageIdentifier="?" LanguageLocaleIdentifier="?">?</naa:GivenName>
                              <!--Optional:-->
                              <naa:MiddleName LanguageIdentifier="?" LanguageLocaleIdentifier="?">?</naa:MiddleName>
                              <!--Optional:-->
                              <naa:Name LanguageIdentifier="?" LanguageLocaleIdentifier="?">?</naa:Name>
                              <!--Optional:-->
                              <naa:NameSuffix codeName="?" codeListURI="?" codeListAgency="?" codeListName="?" codeListVersion="?">?</naa:NameSuffix>
                              <!--Optional:-->
                              <naa:Salutation LanguageIdentifier="?" LanguageLocaleIdentifier="?">?</naa:Salutation>
                              <!--Optional:-->
                              <naa:Title codeName="?" codeListURI="?" codeListAgency="?" codeListName="?" codeListVersion="?">?</naa:Title>
                              <!--Optional:-->
                              <naa:ValidityPeriod ref="?">
                                 <!--Optional:-->
                                 <naa:Complete Format="?">?</naa:Complete>
                                 <!--Optional:-->
                                 <naa:Description LanguageIdentifier="?" LanguageLocaleIdentifier="?">?</naa:Description>
                                 <!--Optional:-->
                                 <naa:Duration UnitCode="?">?</naa:Duration>
                                 <!--Optional:-->
                                 <naa:End Format="?">?</naa:End>
                                 <naa:Identification identificationSchemeName="?" identificationSchemeURI="?" identificationSchemeVersion="?" identificationSchemeAgency="?">?</naa:Identification>
                                 <!--Optional:-->
                                 <naa:Inclusive Format="?">?</naa:Inclusive>
                                 <!--Optional:-->
                                 <naa:Name LanguageIdentifier="?" LanguageLocaleIdentifier="?">?</naa:Name>
                                 <!--Optional:-->
                                 <naa:Sequence identificationSchemeName="?" identificationSchemeURI="?" identificationSchemeVersion="?" identificationSchemeAgency="?">?</naa:Sequence>
                                 <naa:Start Format="?">?</naa:Start>
                              </naa:ValidityPeriod>
                           </naa:PersonName>
                           <!--Optional:-->
                           <naa:Responsibility LanguageIdentifier="?" LanguageLocaleIdentifier="?">?</naa:Responsibility>
                           <!--Zero or more repetitions:-->
                           <naa:Telephone ref="?">
                              <!--Optional:-->
                              <naa:AreaCode codeName="?" codeListURI="?" codeListAgency="?" codeListName="?" codeListVersion="?">?</naa:AreaCode>
                              <!--Optional:-->
                              <naa:CountryCode codeName="?" codeListURI="?" codeListAgency="?" codeListName="?" codeListVersion="?">?</naa:CountryCode>
                              <!--Optional:-->
                              <naa:Extension LanguageIdentifier="?" LanguageLocaleIdentifier="?">?</naa:Extension>
                              <naa:Number identificationSchemeName="?" identificationSchemeURI="?" identificationSchemeVersion="?" identificationSchemeAgency="?">?</naa:Number>
                              <naa:Type codeName="?" codeListURI="?" codeListAgency="?" codeListName="?" codeListVersion="?">?</naa:Type>
                           </naa:Telephone>
                           <!--Optional:-->
                           <naa:Type codeName="?" codeListURI="?" codeListAgency="?" codeListName="?" codeListVersion="?">?</naa:Type>
                        </naa:Contact>
                        <!--Optional:-->
                        <naa:Description LanguageIdentifier="?" LanguageLocaleIdentifier="?">?</naa:Description>
                        <naa:Identification identificationSchemeName="?" identificationSchemeURI="?" identificationSchemeVersion="?" identificationSchemeAgency="?">?</naa:Identification>
                        <!--Optional:-->
                        <naa:IndustryClassification codeName="?" codeListURI="?" codeListAgency="?" codeListName="?" codeListVersion="?">?</naa:IndustryClassification>
                        <!--Zero or more repetitions:-->
                        <naa:Internet ref="?">
                           <naa:Type codeName="?" codeListURI="?" codeListAgency="?" codeListName="?" codeListVersion="?">?</naa:Type>
                           <naa:URI>?</naa:URI>
                        </naa:Internet>
                        <!--Optional:-->
                        <naa:IsActive Format="?">?</naa:IsActive>
                        <!--Optional:-->
                        <naa:LegalClassification codeName="?" codeListURI="?" codeListAgency="?" codeListName="?" codeListVersion="?">?</naa:LegalClassification>
                        <!--Zero or more repetitions:-->
                        <naa:Organisation/>
                        <!--1 or more repetitions:-->
                        <naa:OrganisationName ref="?">
                           <naa:Classification codeName="?" codeListURI="?" codeListAgency="?" codeListName="?" codeListVersion="?">?</naa:Classification>
                           <naa:Name LanguageIdentifier="?" LanguageLocaleIdentifier="?">?</naa:Name>
                           <!--Optional:-->
                           <naa:ValidityPeriod ref="?">
                              <!--Optional:-->
                              <naa:Complete Format="?">?</naa:Complete>
                              <!--Optional:-->
                              <naa:Description LanguageIdentifier="?" LanguageLocaleIdentifier="?">?</naa:Description>
                              <!--Optional:-->
                              <naa:Duration UnitCode="?">?</naa:Duration>
                              <!--Optional:-->
                              <naa:End Format="?">?</naa:End>
                              <naa:Identification identificationSchemeName="?" identificationSchemeURI="?" identificationSchemeVersion="?" identificationSchemeAgency="?">?</naa:Identification>
                              <!--Optional:-->
                              <naa:Inclusive Format="?">?</naa:Inclusive>
                              <!--Optional:-->
                              <naa:Name LanguageIdentifier="?" LanguageLocaleIdentifier="?">?</naa:Name>
                              <!--Optional:-->
                              <naa:Sequence identificationSchemeName="?" identificationSchemeURI="?" identificationSchemeVersion="?" identificationSchemeAgency="?">?</naa:Sequence>
                              <naa:Start Format="?">?</naa:Start>
                           </naa:ValidityPeriod>
                        </naa:OrganisationName>
                        <!--Zero or more repetitions:-->
                        <naa:PhysicalAddress ref="?">
                           <!--Zero or more repetitions:-->
                           <naa:Address/>
                           <!--Optional:-->
                           <naa:BlockName LanguageIdentifier="?" LanguageLocaleIdentifier="?">?</naa:BlockName>
                           <!--Optional:-->
                           <naa:BuildingName LanguageIdentifier="?" LanguageLocaleIdentifier="?">?</naa:BuildingName>
                           <!--Optional:-->
                           <naa:BuildingNumber LanguageIdentifier="?" LanguageLocaleIdentifier="?">?</naa:BuildingNumber>
                           <!--Optional:-->
                           <naa:CityName LanguageIdentifier="?" LanguageLocaleIdentifier="?">?</naa:CityName>
                           <!--Optional:-->
                           <naa:Code codeName="?" codeListURI="?" codeListAgency="?" codeListName="?" codeListVersion="?">?</naa:Code>
                           <!--Optional:-->
                           <naa:CountryName codeName="?" codeListURI="?" codeListAgency="?" codeListName="?" codeListVersion="?">?</naa:CountryName>
                           <!--Optional:-->
                           <naa:CountrySubDivision codeName="?" codeListURI="?" codeListAgency="?" codeListName="?" codeListVersion="?">?</naa:CountrySubDivision>
                           <!--Zero or more repetitions:-->
                           <naa:Geocode ref="?">
                              <!--Optional:-->
                              <naa:AltimetricSystem codeName="?" codeListURI="?" codeListAgency="?" codeListName="?" codeListVersion="?">?</naa:AltimetricSystem>
                              <!--Optional:-->
                              <naa:Altitude Format="?">?</naa:Altitude>
                              <naa:Identification identificationSchemeName="?" identificationSchemeURI="?" identificationSchemeVersion="?" identificationSchemeAgency="?">?</naa:Identification>
                              <naa:Latitude Format="?">?</naa:Latitude>
                              <!--Optional:-->
                              <naa:LatitudeDirection codeName="?" codeListURI="?" codeListAgency="?" codeListName="?" codeListVersion="?">?</naa:LatitudeDirection>
                              <naa:Longitude Format="?">?</naa:Longitude>
                              <!--Optional:-->
                              <naa:LongitudeDirection codeName="?" codeListURI="?" codeListAgency="?" codeListName="?" codeListVersion="?">?</naa:LongitudeDirection>
                              <!--Optional:-->
                              <naa:System codeName="?" codeListURI="?" codeListAgency="?" codeListName="?" codeListVersion="?">?</naa:System>
                           </naa:Geocode>
                           <naa:Identification identificationSchemeName="?" identificationSchemeURI="?" identificationSchemeVersion="?" identificationSchemeAgency="?">?</naa:Identification>
                           <!--Optional:-->
                           <naa:LineFive LanguageIdentifier="?" LanguageLocaleIdentifier="?">?</naa:LineFive>
                           <!--Optional:-->
                           <naa:LineFour LanguageIdentifier="?" LanguageLocaleIdentifier="?">?</naa:LineFour>
                           <!--Optional:-->
                           <naa:LineOne LanguageIdentifier="?" LanguageLocaleIdentifier="?">?</naa:LineOne>
                           <!--Optional:-->
                           <naa:LineSix LanguageIdentifier="?" LanguageLocaleIdentifier="?">?</naa:LineSix>
                           <!--Optional:-->
                           <naa:LineThree LanguageIdentifier="?" LanguageLocaleIdentifier="?">?</naa:LineThree>
                           <!--Optional:-->
                           <naa:LineTwo LanguageIdentifier="?" LanguageLocaleIdentifier="?">?</naa:LineTwo>
                           <!--Optional:-->
                           <naa:PostOfficeBox LanguageIdentifier="?" LanguageLocaleIdentifier="?">?</naa:PostOfficeBox>
                           <!--Optional:-->
                           <naa:Postcode LanguageIdentifier="?" LanguageLocaleIdentifier="?">?</naa:Postcode>
                           <!--Optional:-->
                           <naa:StreetName LanguageIdentifier="?" LanguageLocaleIdentifier="?">?</naa:StreetName>
                           <!--Optional:-->
                           <naa:StreetSuffix codeName="?" codeListURI="?" codeListAgency="?" codeListName="?" codeListVersion="?">?</naa:StreetSuffix>
                           <!--Optional:-->
                           <naa:StreetType codeName="?" codeListURI="?" codeListAgency="?" codeListName="?" codeListVersion="?">?</naa:StreetType>
                           <!--Optional:-->
                           <naa:Usage codeName="?" codeListURI="?" codeListAgency="?" codeListName="?" codeListVersion="?">?</naa:Usage>
                           <!--Optional:-->
                           <naa:UsagePeriod ref="?">
                              <!--Optional:-->
                              <naa:Complete Format="?">?</naa:Complete>
                              <!--Optional:-->
                              <naa:Description LanguageIdentifier="?" LanguageLocaleIdentifier="?">?</naa:Description>
                              <!--Optional:-->
                              <naa:Duration UnitCode="?">?</naa:Duration>
                              <!--Optional:-->
                              <naa:End Format="?">?</naa:End>
                              <naa:Identification identificationSchemeName="?" identificationSchemeURI="?" identificationSchemeVersion="?" identificationSchemeAgency="?">?</naa:Identification>
                              <!--Optional:-->
                              <naa:Inclusive Format="?">?</naa:Inclusive>
                              <!--Optional:-->
                              <naa:Name LanguageIdentifier="?" LanguageLocaleIdentifier="?">?</naa:Name>
                              <!--Optional:-->
                              <naa:Sequence identificationSchemeName="?" identificationSchemeURI="?" identificationSchemeVersion="?" identificationSchemeAgency="?">?</naa:Sequence>
                              <naa:Start Format="?">?</naa:Start>
                           </naa:UsagePeriod>
                        </naa:PhysicalAddress>
                        <!--Zero or more repetitions:-->
                        <naa:PostalAddress ref="?">
                           <!--Zero or more repetitions:-->
                           <naa:Address/>
                           <!--Optional:-->
                           <naa:BlockName LanguageIdentifier="?" LanguageLocaleIdentifier="?">?</naa:BlockName>
                           <!--Optional:-->
                           <naa:BuildingName LanguageIdentifier="?" LanguageLocaleIdentifier="?">?</naa:BuildingName>
                           <!--Optional:-->
                           <naa:BuildingNumber LanguageIdentifier="?" LanguageLocaleIdentifier="?">?</naa:BuildingNumber>
                           <!--Optional:-->
                           <naa:CityName LanguageIdentifier="?" LanguageLocaleIdentifier="?">?</naa:CityName>
                           <!--Optional:-->
                           <naa:Code codeName="?" codeListURI="?" codeListAgency="?" codeListName="?" codeListVersion="?">?</naa:Code>
                           <!--Optional:-->
                           <naa:CountryName codeName="?" codeListURI="?" codeListAgency="?" codeListName="?" codeListVersion="?">?</naa:CountryName>
                           <!--Optional:-->
                           <naa:CountrySubDivision codeName="?" codeListURI="?" codeListAgency="?" codeListName="?" codeListVersion="?">?</naa:CountrySubDivision>
                           <!--Zero or more repetitions:-->
                           <naa:Geocode ref="?">
                              <!--Optional:-->
                              <naa:AltimetricSystem codeName="?" codeListURI="?" codeListAgency="?" codeListName="?" codeListVersion="?">?</naa:AltimetricSystem>
                              <!--Optional:-->
                              <naa:Altitude Format="?">?</naa:Altitude>
                              <naa:Identification identificationSchemeName="?" identificationSchemeURI="?" identificationSchemeVersion="?" identificationSchemeAgency="?">?</naa:Identification>
                              <naa:Latitude Format="?">?</naa:Latitude>
                              <!--Optional:-->
                              <naa:LatitudeDirection codeName="?" codeListURI="?" codeListAgency="?" codeListName="?" codeListVersion="?">?</naa:LatitudeDirection>
                              <naa:Longitude Format="?">?</naa:Longitude>
                              <!--Optional:-->
                              <naa:LongitudeDirection codeName="?" codeListURI="?" codeListAgency="?" codeListName="?" codeListVersion="?">?</naa:LongitudeDirection>
                              <!--Optional:-->
                              <naa:System codeName="?" codeListURI="?" codeListAgency="?" codeListName="?" codeListVersion="?">?</naa:System>
                           </naa:Geocode>
                           <naa:Identification identificationSchemeName="?" identificationSchemeURI="?" identificationSchemeVersion="?" identificationSchemeAgency="?">?</naa:Identification>
                           <!--Optional:-->
                           <naa:LineFive LanguageIdentifier="?" LanguageLocaleIdentifier="?">?</naa:LineFive>
                           <!--Optional:-->
                           <naa:LineFour LanguageIdentifier="?" LanguageLocaleIdentifier="?">?</naa:LineFour>
                           <!--Optional:-->
                           <naa:LineOne LanguageIdentifier="?" LanguageLocaleIdentifier="?">?</naa:LineOne>
                           <!--Optional:-->
                           <naa:LineSix LanguageIdentifier="?" LanguageLocaleIdentifier="?">?</naa:LineSix>
                           <!--Optional:-->
                           <naa:LineThree LanguageIdentifier="?" LanguageLocaleIdentifier="?">?</naa:LineThree>
                           <!--Optional:-->
                           <naa:LineTwo LanguageIdentifier="?" LanguageLocaleIdentifier="?">?</naa:LineTwo>
                           <!--Optional:-->
                           <naa:PostOfficeBox LanguageIdentifier="?" LanguageLocaleIdentifier="?">?</naa:PostOfficeBox>
                           <!--Optional:-->
                           <naa:Postcode LanguageIdentifier="?" LanguageLocaleIdentifier="?">?</naa:Postcode>
                           <!--Optional:-->
                           <naa:StreetName LanguageIdentifier="?" LanguageLocaleIdentifier="?">?</naa:StreetName>
                           <!--Optional:-->
                           <naa:StreetSuffix codeName="?" codeListURI="?" codeListAgency="?" codeListName="?" codeListVersion="?">?</naa:StreetSuffix>
                           <!--Optional:-->
                           <naa:StreetType codeName="?" codeListURI="?" codeListAgency="?" codeListName="?" codeListVersion="?">?</naa:StreetType>
                           <!--Optional:-->
                           <naa:Usage codeName="?" codeListURI="?" codeListAgency="?" codeListName="?" codeListVersion="?">?</naa:Usage>
                           <!--Optional:-->
                           <naa:UsagePeriod ref="?">
                              <!--Optional:-->
                              <naa:Complete Format="?">?</naa:Complete>
                              <!--Optional:-->
                              <naa:Description LanguageIdentifier="?" LanguageLocaleIdentifier="?">?</naa:Description>
                              <!--Optional:-->
                              <naa:Duration UnitCode="?">?</naa:Duration>
                              <!--Optional:-->
                              <naa:End Format="?">?</naa:End>
                              <naa:Identification identificationSchemeName="?" identificationSchemeURI="?" identificationSchemeVersion="?" identificationSchemeAgency="?">?</naa:Identification>
                              <!--Optional:-->
                              <naa:Inclusive Format="?">?</naa:Inclusive>
                              <!--Optional:-->
                              <naa:Name LanguageIdentifier="?" LanguageLocaleIdentifier="?">?</naa:Name>
                              <!--Optional:-->
                              <naa:Sequence identificationSchemeName="?" identificationSchemeURI="?" identificationSchemeVersion="?" identificationSchemeAgency="?">?</naa:Sequence>
                              <naa:Start Format="?">?</naa:Start>
                           </naa:UsagePeriod>
                        </naa:PostalAddress>
                        <!--Zero or more repetitions:-->
                        <naa:Registration ref="?">
                           <!--Optional:-->
                           <naa:Category codeName="?" codeListURI="?" codeListAgency="?" codeListName="?" codeListVersion="?">?</naa:Category>
                           <!--Optional:-->
                           <naa:Country codeName="?" codeListURI="?" codeListAgency="?" codeListName="?" codeListVersion="?">?</naa:Country>
                           <naa:Identification identificationSchemeName="?" identificationSchemeURI="?" identificationSchemeVersion="?" identificationSchemeAgency="?">?</naa:Identification>
                           <!--Optional:-->
                           <naa:Licence identificationSchemeName="?" identificationSchemeURI="?" identificationSchemeVersion="?" identificationSchemeAgency="?">?</naa:Licence>
                           <!--Optional:-->
                           <naa:Recorded Format="?">?</naa:Recorded>
                           <!--Optional:-->
                           <naa:Type codeName="?" codeListURI="?" codeListAgency="?" codeListName="?" codeListVersion="?">?</naa:Type>
                           <!--Optional:-->
                           <naa:ValidityPeriod ref="?">
                              <!--Optional:-->
                              <naa:Complete Format="?">?</naa:Complete>
                              <!--Optional:-->
                              <naa:Description LanguageIdentifier="?" LanguageLocaleIdentifier="?">?</naa:Description>
                              <!--Optional:-->
                              <naa:Duration UnitCode="?">?</naa:Duration>
                              <!--Optional:-->
                              <naa:End Format="?">?</naa:End>
                              <naa:Identification identificationSchemeName="?" identificationSchemeURI="?" identificationSchemeVersion="?" identificationSchemeAgency="?">?</naa:Identification>
                              <!--Optional:-->
                              <naa:Inclusive Format="?">?</naa:Inclusive>
                              <!--Optional:-->
                              <naa:Name LanguageIdentifier="?" LanguageLocaleIdentifier="?">?</naa:Name>
                              <!--Optional:-->
                              <naa:Sequence identificationSchemeName="?" identificationSchemeURI="?" identificationSchemeVersion="?" identificationSchemeAgency="?">?</naa:Sequence>
                              <naa:Start Format="?">?</naa:Start>
                           </naa:ValidityPeriod>
                        </naa:Registration>
                        <!--Zero or more repetitions:-->
                        <naa:Status ref="?">
                           <naa:Code codeName="?" codeListURI="?" codeListAgency="?" codeListName="?" codeListVersion="?">?</naa:Code>
                           <!--Optional:-->
                           <naa:Description LanguageIdentifier="?" LanguageLocaleIdentifier="?">?</naa:Description>
                           <!--Optional:-->
                           <naa:ValidityPeriod ref="?">
                              <!--Optional:-->
                              <naa:Complete Format="?">?</naa:Complete>
                              <!--Optional:-->
                              <naa:Description LanguageIdentifier="?" LanguageLocaleIdentifier="?">?</naa:Description>
                              <!--Optional:-->
                              <naa:Duration UnitCode="?">?</naa:Duration>
                              <!--Optional:-->
                              <naa:End Format="?">?</naa:End>
                              <naa:Identification identificationSchemeName="?" identificationSchemeURI="?" identificationSchemeVersion="?" identificationSchemeAgency="?">?</naa:Identification>
                              <!--Optional:-->
                              <naa:Inclusive Format="?">?</naa:Inclusive>
                              <!--Optional:-->
                              <naa:Name LanguageIdentifier="?" LanguageLocaleIdentifier="?">?</naa:Name>
                              <!--Optional:-->
                              <naa:Sequence identificationSchemeName="?" identificationSchemeURI="?" identificationSchemeVersion="?" identificationSchemeAgency="?">?</naa:Sequence>
                              <naa:Start Format="?">?</naa:Start>
                           </naa:ValidityPeriod>
                        </naa:Status>
                        <!--Zero or more repetitions:-->
                        <naa:Telephone ref="?">
                           <!--Optional:-->
                           <naa:AreaCode codeName="?" codeListURI="?" codeListAgency="?" codeListName="?" codeListVersion="?">?</naa:AreaCode>
                           <!--Optional:-->
                           <naa:CountryCode codeName="?" codeListURI="?" codeListAgency="?" codeListName="?" codeListVersion="?">?</naa:CountryCode>
                           <!--Optional:-->
                           <naa:Extension LanguageIdentifier="?" LanguageLocaleIdentifier="?">?</naa:Extension>
                           <naa:Number identificationSchemeName="?" identificationSchemeURI="?" identificationSchemeVersion="?" identificationSchemeAgency="?">?</naa:Number>
                           <naa:Type codeName="?" codeListURI="?" codeListAgency="?" codeListName="?" codeListVersion="?">?</naa:Type>
                        </naa:Telephone>
                        <!--Optional:-->
                        <naa:Type codeName="?" codeListURI="?" codeListAgency="?" codeListName="?" codeListVersion="?">?</naa:Type>
                     </naa:Organisation>
                     <!--Optional:-->
                     <naa:Person ref="?">
                        <!--Optional:-->
                        <naa:Description LanguageIdentifier="?" LanguageLocaleIdentifier="?">?</naa:Description>
                        <naa:Identification identificationSchemeName="?" identificationSchemeURI="?" identificationSchemeVersion="?" identificationSchemeAgency="?">?</naa:Identification>
                        <!--Zero or more repetitions:-->
                        <naa:Internet ref="?">
                           <naa:Type codeName="?" codeListURI="?" codeListAgency="?" codeListName="?" codeListVersion="?">?</naa:Type>
                           <naa:URI>?</naa:URI>
                        </naa:Internet>
                        <!--1 or more repetitions:-->
                        <naa:PersonName ref="?">
                           <naa:Classification codeName="?" codeListURI="?" codeListAgency="?" codeListName="?" codeListVersion="?">?</naa:Classification>
                           <!--Optional:-->
                           <naa:FamilyName LanguageIdentifier="?" LanguageLocaleIdentifier="?">?</naa:FamilyName>
                           <!--Optional:-->
                           <naa:FamilyNamePrefix LanguageIdentifier="?" LanguageLocaleIdentifier="?">?</naa:FamilyNamePrefix>
                           <!--Optional:-->
                           <naa:GivenName LanguageIdentifier="?" LanguageLocaleIdentifier="?">?</naa:GivenName>
                           <!--Optional:-->
                           <naa:MiddleName LanguageIdentifier="?" LanguageLocaleIdentifier="?">?</naa:MiddleName>
                           <!--Optional:-->
                           <naa:Name LanguageIdentifier="?" LanguageLocaleIdentifier="?">?</naa:Name>
                           <!--Optional:-->
                           <naa:NameSuffix codeName="?" codeListURI="?" codeListAgency="?" codeListName="?" codeListVersion="?">?</naa:NameSuffix>
                           <!--Optional:-->
                           <naa:Salutation LanguageIdentifier="?" LanguageLocaleIdentifier="?">?</naa:Salutation>
                           <!--Optional:-->
                           <naa:Title codeName="?" codeListURI="?" codeListAgency="?" codeListName="?" codeListVersion="?">?</naa:Title>
                           <!--Optional:-->
                           <naa:ValidityPeriod ref="?">
                              <!--Optional:-->
                              <naa:Complete Format="?">?</naa:Complete>
                              <!--Optional:-->
                              <naa:Description LanguageIdentifier="?" LanguageLocaleIdentifier="?">?</naa:Description>
                              <!--Optional:-->
                              <naa:Duration UnitCode="?">?</naa:Duration>
                              <!--Optional:-->
                              <naa:End Format="?">?</naa:End>
                              <naa:Identification identificationSchemeName="?" identificationSchemeURI="?" identificationSchemeVersion="?" identificationSchemeAgency="?">?</naa:Identification>
                              <!--Optional:-->
                              <naa:Inclusive Format="?">?</naa:Inclusive>
                              <!--Optional:-->
                              <naa:Name LanguageIdentifier="?" LanguageLocaleIdentifier="?">?</naa:Name>
                              <!--Optional:-->
                              <naa:Sequence identificationSchemeName="?" identificationSchemeURI="?" identificationSchemeVersion="?" identificationSchemeAgency="?">?</naa:Sequence>
                              <naa:Start Format="?">?</naa:Start>
                           </naa:ValidityPeriod>
                        </naa:PersonName>
                        <!--Zero or more repetitions:-->
                        <naa:PostalAddress ref="?">
                           <!--Zero or more repetitions:-->
                           <naa:Address/>
                           <!--Optional:-->
                           <naa:BlockName LanguageIdentifier="?" LanguageLocaleIdentifier="?">?</naa:BlockName>
                           <!--Optional:-->
                           <naa:BuildingName LanguageIdentifier="?" LanguageLocaleIdentifier="?">?</naa:BuildingName>
                           <!--Optional:-->
                           <naa:BuildingNumber LanguageIdentifier="?" LanguageLocaleIdentifier="?">?</naa:BuildingNumber>
                           <!--Optional:-->
                           <naa:CityName LanguageIdentifier="?" LanguageLocaleIdentifier="?">?</naa:CityName>
                           <!--Optional:-->
                           <naa:Code codeName="?" codeListURI="?" codeListAgency="?" codeListName="?" codeListVersion="?">?</naa:Code>
                           <!--Optional:-->
                           <naa:CountryName codeName="?" codeListURI="?" codeListAgency="?" codeListName="?" codeListVersion="?">?</naa:CountryName>
                           <!--Optional:-->
                           <naa:CountrySubDivision codeName="?" codeListURI="?" codeListAgency="?" codeListName="?" codeListVersion="?">?</naa:CountrySubDivision>
                           <!--Zero or more repetitions:-->
                           <naa:Geocode ref="?">
                              <!--Optional:-->
                              <naa:AltimetricSystem codeName="?" codeListURI="?" codeListAgency="?" codeListName="?" codeListVersion="?">?</naa:AltimetricSystem>
                              <!--Optional:-->
                              <naa:Altitude Format="?">?</naa:Altitude>
                              <naa:Identification identificationSchemeName="?" identificationSchemeURI="?" identificationSchemeVersion="?" identificationSchemeAgency="?">?</naa:Identification>
                              <naa:Latitude Format="?">?</naa:Latitude>
                              <!--Optional:-->
                              <naa:LatitudeDirection codeName="?" codeListURI="?" codeListAgency="?" codeListName="?" codeListVersion="?">?</naa:LatitudeDirection>
                              <naa:Longitude Format="?">?</naa:Longitude>
                              <!--Optional:-->
                              <naa:LongitudeDirection codeName="?" codeListURI="?" codeListAgency="?" codeListName="?" codeListVersion="?">?</naa:LongitudeDirection>
                              <!--Optional:-->
                              <naa:System codeName="?" codeListURI="?" codeListAgency="?" codeListName="?" codeListVersion="?">?</naa:System>
                           </naa:Geocode>
                           <naa:Identification identificationSchemeName="?" identificationSchemeURI="?" identificationSchemeVersion="?" identificationSchemeAgency="?">?</naa:Identification>
                           <!--Optional:-->
                           <naa:LineFive LanguageIdentifier="?" LanguageLocaleIdentifier="?">?</naa:LineFive>
                           <!--Optional:-->
                           <naa:LineFour LanguageIdentifier="?" LanguageLocaleIdentifier="?">?</naa:LineFour>
                           <!--Optional:-->
                           <naa:LineOne LanguageIdentifier="?" LanguageLocaleIdentifier="?">?</naa:LineOne>
                           <!--Optional:-->
                           <naa:LineSix LanguageIdentifier="?" LanguageLocaleIdentifier="?">?</naa:LineSix>
                           <!--Optional:-->
                           <naa:LineThree LanguageIdentifier="?" LanguageLocaleIdentifier="?">?</naa:LineThree>
                           <!--Optional:-->
                           <naa:LineTwo LanguageIdentifier="?" LanguageLocaleIdentifier="?">?</naa:LineTwo>
                           <!--Optional:-->
                           <naa:PostOfficeBox LanguageIdentifier="?" LanguageLocaleIdentifier="?">?</naa:PostOfficeBox>
                           <!--Optional:-->
                           <naa:Postcode LanguageIdentifier="?" LanguageLocaleIdentifier="?">?</naa:Postcode>
                           <!--Optional:-->
                           <naa:StreetName LanguageIdentifier="?" LanguageLocaleIdentifier="?">?</naa:StreetName>
                           <!--Optional:-->
                           <naa:StreetSuffix codeName="?" codeListURI="?" codeListAgency="?" codeListName="?" codeListVersion="?">?</naa:StreetSuffix>
                           <!--Optional:-->
                           <naa:StreetType codeName="?" codeListURI="?" codeListAgency="?" codeListName="?" codeListVersion="?">?</naa:StreetType>
                           <!--Optional:-->
                           <naa:Usage codeName="?" codeListURI="?" codeListAgency="?" codeListName="?" codeListVersion="?">?</naa:Usage>
                           <!--Optional:-->
                           <naa:UsagePeriod ref="?">
                              <!--Optional:-->
                              <naa:Complete Format="?">?</naa:Complete>
                              <!--Optional:-->
                              <naa:Description LanguageIdentifier="?" LanguageLocaleIdentifier="?">?</naa:Description>
                              <!--Optional:-->
                              <naa:Duration UnitCode="?">?</naa:Duration>
                              <!--Optional:-->
                              <naa:End Format="?">?</naa:End>
                              <naa:Identification identificationSchemeName="?" identificationSchemeURI="?" identificationSchemeVersion="?" identificationSchemeAgency="?">?</naa:Identification>
                              <!--Optional:-->
                              <naa:Inclusive Format="?">?</naa:Inclusive>
                              <!--Optional:-->
                              <naa:Name LanguageIdentifier="?" LanguageLocaleIdentifier="?">?</naa:Name>
                              <!--Optional:-->
                              <naa:Sequence identificationSchemeName="?" identificationSchemeURI="?" identificationSchemeVersion="?" identificationSchemeAgency="?">?</naa:Sequence>
                              <naa:Start Format="?">?</naa:Start>
                           </naa:UsagePeriod>
                        </naa:PostalAddress>
                        <!--Zero or more repetitions:-->
                        <naa:Registration ref="?">
                           <!--Optional:-->
                           <naa:Category codeName="?" codeListURI="?" codeListAgency="?" codeListName="?" codeListVersion="?">?</naa:Category>
                           <!--Optional:-->
                           <naa:Country codeName="?" codeListURI="?" codeListAgency="?" codeListName="?" codeListVersion="?">?</naa:Country>
                           <naa:Identification identificationSchemeName="?" identificationSchemeURI="?" identificationSchemeVersion="?" identificationSchemeAgency="?">?</naa:Identification>
                           <!--Optional:-->
                           <naa:Licence identificationSchemeName="?" identificationSchemeURI="?" identificationSchemeVersion="?" identificationSchemeAgency="?">?</naa:Licence>
                           <!--Optional:-->
                           <naa:Recorded Format="?">?</naa:Recorded>
                           <!--Optional:-->
                           <naa:Type codeName="?" codeListURI="?" codeListAgency="?" codeListName="?" codeListVersion="?">?</naa:Type>
                           <!--Optional:-->
                           <naa:ValidityPeriod ref="?">
                              <!--Optional:-->
                              <naa:Complete Format="?">?</naa:Complete>
                              <!--Optional:-->
                              <naa:Description LanguageIdentifier="?" LanguageLocaleIdentifier="?">?</naa:Description>
                              <!--Optional:-->
                              <naa:Duration UnitCode="?">?</naa:Duration>
                              <!--Optional:-->
                              <naa:End Format="?">?</naa:End>
                              <naa:Identification identificationSchemeName="?" identificationSchemeURI="?" identificationSchemeVersion="?" identificationSchemeAgency="?">?</naa:Identification>
                              <!--Optional:-->
                              <naa:Inclusive Format="?">?</naa:Inclusive>
                              <!--Optional:-->
                              <naa:Name LanguageIdentifier="?" LanguageLocaleIdentifier="?">?</naa:Name>
                              <!--Optional:-->
                              <naa:Sequence identificationSchemeName="?" identificationSchemeURI="?" identificationSchemeVersion="?" identificationSchemeAgency="?">?</naa:Sequence>
                              <naa:Start Format="?">?</naa:Start>
                           </naa:ValidityPeriod>
                        </naa:Registration>
                        <!--Zero or more repetitions:-->
                        <naa:ResidentialAddress ref="?">
                           <!--Zero or more repetitions:-->
                           <naa:Address/>
                           <!--Optional:-->
                           <naa:BlockName LanguageIdentifier="?" LanguageLocaleIdentifier="?">?</naa:BlockName>
                           <!--Optional:-->
                           <naa:BuildingName LanguageIdentifier="?" LanguageLocaleIdentifier="?">?</naa:BuildingName>
                           <!--Optional:-->
                           <naa:BuildingNumber LanguageIdentifier="?" LanguageLocaleIdentifier="?">?</naa:BuildingNumber>
                           <!--Optional:-->
                           <naa:CityName LanguageIdentifier="?" LanguageLocaleIdentifier="?">?</naa:CityName>
                           <!--Optional:-->
                           <naa:Code codeName="?" codeListURI="?" codeListAgency="?" codeListName="?" codeListVersion="?">?</naa:Code>
                           <!--Optional:-->
                           <naa:CountryName codeName="?" codeListURI="?" codeListAgency="?" codeListName="?" codeListVersion="?">?</naa:CountryName>
                           <!--Optional:-->
                           <naa:CountrySubDivision codeName="?" codeListURI="?" codeListAgency="?" codeListName="?" codeListVersion="?">?</naa:CountrySubDivision>
                           <!--Zero or more repetitions:-->
                           <naa:Geocode ref="?">
                              <!--Optional:-->
                              <naa:AltimetricSystem codeName="?" codeListURI="?" codeListAgency="?" codeListName="?" codeListVersion="?">?</naa:AltimetricSystem>
                              <!--Optional:-->
                              <naa:Altitude Format="?">?</naa:Altitude>
                              <naa:Identification identificationSchemeName="?" identificationSchemeURI="?" identificationSchemeVersion="?" identificationSchemeAgency="?">?</naa:Identification>
                              <naa:Latitude Format="?">?</naa:Latitude>
                              <!--Optional:-->
                              <naa:LatitudeDirection codeName="?" codeListURI="?" codeListAgency="?" codeListName="?" codeListVersion="?">?</naa:LatitudeDirection>
                              <naa:Longitude Format="?">?</naa:Longitude>
                              <!--Optional:-->
                              <naa:LongitudeDirection codeName="?" codeListURI="?" codeListAgency="?" codeListName="?" codeListVersion="?">?</naa:LongitudeDirection>
                              <!--Optional:-->
                              <naa:System codeName="?" codeListURI="?" codeListAgency="?" codeListName="?" codeListVersion="?">?</naa:System>
                           </naa:Geocode>
                           <naa:Identification identificationSchemeName="?" identificationSchemeURI="?" identificationSchemeVersion="?" identificationSchemeAgency="?">?</naa:Identification>
                           <!--Optional:-->
                           <naa:LineFive LanguageIdentifier="?" LanguageLocaleIdentifier="?">?</naa:LineFive>
                           <!--Optional:-->
                           <naa:LineFour LanguageIdentifier="?" LanguageLocaleIdentifier="?">?</naa:LineFour>
                           <!--Optional:-->
                           <naa:LineOne LanguageIdentifier="?" LanguageLocaleIdentifier="?">?</naa:LineOne>
                           <!--Optional:-->
                           <naa:LineSix LanguageIdentifier="?" LanguageLocaleIdentifier="?">?</naa:LineSix>
                           <!--Optional:-->
                           <naa:LineThree LanguageIdentifier="?" LanguageLocaleIdentifier="?">?</naa:LineThree>
                           <!--Optional:-->
                           <naa:LineTwo LanguageIdentifier="?" LanguageLocaleIdentifier="?">?</naa:LineTwo>
                           <!--Optional:-->
                           <naa:PostOfficeBox LanguageIdentifier="?" LanguageLocaleIdentifier="?">?</naa:PostOfficeBox>
                           <!--Optional:-->
                           <naa:Postcode LanguageIdentifier="?" LanguageLocaleIdentifier="?">?</naa:Postcode>
                           <!--Optional:-->
                           <naa:StreetName LanguageIdentifier="?" LanguageLocaleIdentifier="?">?</naa:StreetName>
                           <!--Optional:-->
                           <naa:StreetSuffix codeName="?" codeListURI="?" codeListAgency="?" codeListName="?" codeListVersion="?">?</naa:StreetSuffix>
                           <!--Optional:-->
                           <naa:StreetType codeName="?" codeListURI="?" codeListAgency="?" codeListName="?" codeListVersion="?">?</naa:StreetType>
                           <!--Optional:-->
                           <naa:Usage codeName="?" codeListURI="?" codeListAgency="?" codeListName="?" codeListVersion="?">?</naa:Usage>
                           <!--Optional:-->
                           <naa:UsagePeriod ref="?">
                              <!--Optional:-->
                              <naa:Complete Format="?">?</naa:Complete>
                              <!--Optional:-->
                              <naa:Description LanguageIdentifier="?" LanguageLocaleIdentifier="?">?</naa:Description>
                              <!--Optional:-->
                              <naa:Duration UnitCode="?">?</naa:Duration>
                              <!--Optional:-->
                              <naa:End Format="?">?</naa:End>
                              <naa:Identification identificationSchemeName="?" identificationSchemeURI="?" identificationSchemeVersion="?" identificationSchemeAgency="?">?</naa:Identification>
                              <!--Optional:-->
                              <naa:Inclusive Format="?">?</naa:Inclusive>
                              <!--Optional:-->
                              <naa:Name LanguageIdentifier="?" LanguageLocaleIdentifier="?">?</naa:Name>
                              <!--Optional:-->
                              <naa:Sequence identificationSchemeName="?" identificationSchemeURI="?" identificationSchemeVersion="?" identificationSchemeAgency="?">?</naa:Sequence>
                              <naa:Start Format="?">?</naa:Start>
                           </naa:UsagePeriod>
                        </naa:ResidentialAddress>
                        <!--Zero or more repetitions:-->
                        <naa:Status ref="?">
                           <naa:Code codeName="?" codeListURI="?" codeListAgency="?" codeListName="?" codeListVersion="?">?</naa:Code>
                           <!--Optional:-->
                           <naa:Description LanguageIdentifier="?" LanguageLocaleIdentifier="?">?</naa:Description>
                           <!--Optional:-->
                           <naa:ValidityPeriod ref="?">
                              <!--Optional:-->
                              <naa:Complete Format="?">?</naa:Complete>
                              <!--Optional:-->
                              <naa:Description LanguageIdentifier="?" LanguageLocaleIdentifier="?">?</naa:Description>
                              <!--Optional:-->
                              <naa:Duration UnitCode="?">?</naa:Duration>
                              <!--Optional:-->
                              <naa:End Format="?">?</naa:End>
                              <naa:Identification identificationSchemeName="?" identificationSchemeURI="?" identificationSchemeVersion="?" identificationSchemeAgency="?">?</naa:Identification>
                              <!--Optional:-->
                              <naa:Inclusive Format="?">?</naa:Inclusive>
                              <!--Optional:-->
                              <naa:Name LanguageIdentifier="?" LanguageLocaleIdentifier="?">?</naa:Name>
                              <!--Optional:-->
                              <naa:Sequence identificationSchemeName="?" identificationSchemeURI="?" identificationSchemeVersion="?" identificationSchemeAgency="?">?</naa:Sequence>
                              <naa:Start Format="?">?</naa:Start>
                           </naa:ValidityPeriod>
                        </naa:Status>
                        <!--Zero or more repetitions:-->
                        <naa:Telephone ref="?">
                           <!--Optional:-->
                           <naa:AreaCode codeName="?" codeListURI="?" codeListAgency="?" codeListName="?" codeListVersion="?">?</naa:AreaCode>
                           <!--Optional:-->
                           <naa:CountryCode codeName="?" codeListURI="?" codeListAgency="?" codeListName="?" codeListVersion="?">?</naa:CountryCode>
                           <!--Optional:-->
                           <naa:Extension LanguageIdentifier="?" LanguageLocaleIdentifier="?">?</naa:Extension>
                           <naa:Number identificationSchemeName="?" identificationSchemeURI="?" identificationSchemeVersion="?" identificationSchemeAgency="?">?</naa:Number>
                           <naa:Type codeName="?" codeListURI="?" codeListAgency="?" codeListName="?" codeListVersion="?">?</naa:Type>
                        </naa:Telephone>
                     </naa:Person>
                     <naa:Identification identificationSchemeName="?" identificationSchemeURI="?" identificationSchemeVersion="?" identificationSchemeAgency="?">?</naa:Identification>
                     <!--Optional:-->
                     <naa:Language codeName="?" codeListURI="?" codeListAgency="?" codeListName="?" codeListVersion="?">?</naa:Language>
                     <naa:Name LanguageIdentifier="?" LanguageLocaleIdentifier="?">?</naa:Name>
                     <!--Optional:-->
                     <naa:Type LanguageIdentifier="?" LanguageLocaleIdentifier="?">?</naa:Type>
                  </da:Party>
                  <!--Optional:-->
                  <da:Type codeName="?" codeListURI="?" codeListAgency="?" codeListName="?" codeListVersion="?">?</da:Type>
               </da:RequestingAuthorityPartyRole>
               <!--Zero or more repetitions:-->
               <da:ResponsiblePartyRole ref="?">
                  <!--Optional:-->
                  <da:DateTime Format="?">?</da:DateTime>
                  <!--1 or more repetitions:-->
                  <da:Party ref="?">
                     <!--Optional:-->
                     <naa:AccessRights codeName="?" codeListURI="?" codeListAgency="?" codeListName="?" codeListVersion="?">?</naa:AccessRights>
                     <!--Optional:-->
                     <naa:Description LanguageIdentifier="?" LanguageLocaleIdentifier="?">?</naa:Description>
                     <!--You have a CHOICE of the next 2 items at this level-->
                     <!--Optional:-->
                     <naa:Organisation ref="?">
                        <!--Zero or more repetitions:-->
                        <naa:Contact ref="?">
                           <!--Optional:-->
                           <naa:DepartmentName LanguageIdentifier="?" LanguageLocaleIdentifier="?">?</naa:DepartmentName>
                           <!--Optional:-->
                           <naa:Description LanguageIdentifier="?" LanguageLocaleIdentifier="?">?</naa:Description>
                           <naa:Identification identificationSchemeName="?" identificationSchemeURI="?" identificationSchemeVersion="?" identificationSchemeAgency="?">?</naa:Identification>
                           <!--Zero or more repetitions:-->
                           <naa:Internet ref="?">
                              <naa:Type codeName="?" codeListURI="?" codeListAgency="?" codeListName="?" codeListVersion="?">?</naa:Type>
                              <naa:URI>?</naa:URI>
                           </naa:Internet>
                           <!--Optional:-->
                           <naa:IsPrimary Format="?">?</naa:IsPrimary>
                           <!--Optional:-->
                           <naa:JobTitle LanguageIdentifier="?" LanguageLocaleIdentifier="?">?</naa:JobTitle>
                           <!--Optional:-->
                           <naa:PersonName ref="?">
                              <naa:Classification codeName="?" codeListURI="?" codeListAgency="?" codeListName="?" codeListVersion="?">?</naa:Classification>
                              <!--Optional:-->
                              <naa:FamilyName LanguageIdentifier="?" LanguageLocaleIdentifier="?">?</naa:FamilyName>
                              <!--Optional:-->
                              <naa:FamilyNamePrefix LanguageIdentifier="?" LanguageLocaleIdentifier="?">?</naa:FamilyNamePrefix>
                              <!--Optional:-->
                              <naa:GivenName LanguageIdentifier="?" LanguageLocaleIdentifier="?">?</naa:GivenName>
                              <!--Optional:-->
                              <naa:MiddleName LanguageIdentifier="?" LanguageLocaleIdentifier="?">?</naa:MiddleName>
                              <!--Optional:-->
                              <naa:Name LanguageIdentifier="?" LanguageLocaleIdentifier="?">?</naa:Name>
                              <!--Optional:-->
                              <naa:NameSuffix codeName="?" codeListURI="?" codeListAgency="?" codeListName="?" codeListVersion="?">?</naa:NameSuffix>
                              <!--Optional:-->
                              <naa:Salutation LanguageIdentifier="?" LanguageLocaleIdentifier="?">?</naa:Salutation>
                              <!--Optional:-->
                              <naa:Title codeName="?" codeListURI="?" codeListAgency="?" codeListName="?" codeListVersion="?">?</naa:Title>
                              <!--Optional:-->
                              <naa:ValidityPeriod ref="?">
                                 <!--Optional:-->
                                 <naa:Complete Format="?">?</naa:Complete>
                                 <!--Optional:-->
                                 <naa:Description LanguageIdentifier="?" LanguageLocaleIdentifier="?">?</naa:Description>
                                 <!--Optional:-->
                                 <naa:Duration UnitCode="?">?</naa:Duration>
                                 <!--Optional:-->
                                 <naa:End Format="?">?</naa:End>
                                 <naa:Identification identificationSchemeName="?" identificationSchemeURI="?" identificationSchemeVersion="?" identificationSchemeAgency="?">?</naa:Identification>
                                 <!--Optional:-->
                                 <naa:Inclusive Format="?">?</naa:Inclusive>
                                 <!--Optional:-->
                                 <naa:Name LanguageIdentifier="?" LanguageLocaleIdentifier="?">?</naa:Name>
                                 <!--Optional:-->
                                 <naa:Sequence identificationSchemeName="?" identificationSchemeURI="?" identificationSchemeVersion="?" identificationSchemeAgency="?">?</naa:Sequence>
                                 <naa:Start Format="?">?</naa:Start>
                              </naa:ValidityPeriod>
                           </naa:PersonName>
                           <!--Optional:-->
                           <naa:Responsibility LanguageIdentifier="?" LanguageLocaleIdentifier="?">?</naa:Responsibility>
                           <!--Zero or more repetitions:-->
                           <naa:Telephone ref="?">
                              <!--Optional:-->
                              <naa:AreaCode codeName="?" codeListURI="?" codeListAgency="?" codeListName="?" codeListVersion="?">?</naa:AreaCode>
                              <!--Optional:-->
                              <naa:CountryCode codeName="?" codeListURI="?" codeListAgency="?" codeListName="?" codeListVersion="?">?</naa:CountryCode>
                              <!--Optional:-->
                              <naa:Extension LanguageIdentifier="?" LanguageLocaleIdentifier="?">?</naa:Extension>
                              <naa:Number identificationSchemeName="?" identificationSchemeURI="?" identificationSchemeVersion="?" identificationSchemeAgency="?">?</naa:Number>
                              <naa:Type codeName="?" codeListURI="?" codeListAgency="?" codeListName="?" codeListVersion="?">?</naa:Type>
                           </naa:Telephone>
                           <!--Optional:-->
                           <naa:Type codeName="?" codeListURI="?" codeListAgency="?" codeListName="?" codeListVersion="?">?</naa:Type>
                        </naa:Contact>
                        <!--Optional:-->
                        <naa:Description LanguageIdentifier="?" LanguageLocaleIdentifier="?">?</naa:Description>
                        <naa:Identification identificationSchemeName="?" identificationSchemeURI="?" identificationSchemeVersion="?" identificationSchemeAgency="?">?</naa:Identification>
                        <!--Optional:-->
                        <naa:IndustryClassification codeName="?" codeListURI="?" codeListAgency="?" codeListName="?" codeListVersion="?">?</naa:IndustryClassification>
                        <!--Zero or more repetitions:-->
                        <naa:Internet ref="?">
                           <naa:Type codeName="?" codeListURI="?" codeListAgency="?" codeListName="?" codeListVersion="?">?</naa:Type>
                           <naa:URI>?</naa:URI>
                        </naa:Internet>
                        <!--Optional:-->
                        <naa:IsActive Format="?">?</naa:IsActive>
                        <!--Optional:-->
                        <naa:LegalClassification codeName="?" codeListURI="?" codeListAgency="?" codeListName="?" codeListVersion="?">?</naa:LegalClassification>
                        <!--Zero or more repetitions:-->
                        <naa:Organisation/>
                        <!--1 or more repetitions:-->
                        <naa:OrganisationName ref="?">
                           <naa:Classification codeName="?" codeListURI="?" codeListAgency="?" codeListName="?" codeListVersion="?">?</naa:Classification>
                           <naa:Name LanguageIdentifier="?" LanguageLocaleIdentifier="?">?</naa:Name>
                           <!--Optional:-->
                           <naa:ValidityPeriod ref="?">
                              <!--Optional:-->
                              <naa:Complete Format="?">?</naa:Complete>
                              <!--Optional:-->
                              <naa:Description LanguageIdentifier="?" LanguageLocaleIdentifier="?">?</naa:Description>
                              <!--Optional:-->
                              <naa:Duration UnitCode="?">?</naa:Duration>
                              <!--Optional:-->
                              <naa:End Format="?">?</naa:End>
                              <naa:Identification identificationSchemeName="?" identificationSchemeURI="?" identificationSchemeVersion="?" identificationSchemeAgency="?">?</naa:Identification>
                              <!--Optional:-->
                              <naa:Inclusive Format="?">?</naa:Inclusive>
                              <!--Optional:-->
                              <naa:Name LanguageIdentifier="?" LanguageLocaleIdentifier="?">?</naa:Name>
                              <!--Optional:-->
                              <naa:Sequence identificationSchemeName="?" identificationSchemeURI="?" identificationSchemeVersion="?" identificationSchemeAgency="?">?</naa:Sequence>
                              <naa:Start Format="?">?</naa:Start>
                           </naa:ValidityPeriod>
                        </naa:OrganisationName>
                        <!--Zero or more repetitions:-->
                        <naa:PhysicalAddress ref="?">
                           <!--Zero or more repetitions:-->
                           <naa:Address/>
                           <!--Optional:-->
                           <naa:BlockName LanguageIdentifier="?" LanguageLocaleIdentifier="?">?</naa:BlockName>
                           <!--Optional:-->
                           <naa:BuildingName LanguageIdentifier="?" LanguageLocaleIdentifier="?">?</naa:BuildingName>
                           <!--Optional:-->
                           <naa:BuildingNumber LanguageIdentifier="?" LanguageLocaleIdentifier="?">?</naa:BuildingNumber>
                           <!--Optional:-->
                           <naa:CityName LanguageIdentifier="?" LanguageLocaleIdentifier="?">?</naa:CityName>
                           <!--Optional:-->
                           <naa:Code codeName="?" codeListURI="?" codeListAgency="?" codeListName="?" codeListVersion="?">?</naa:Code>
                           <!--Optional:-->
                           <naa:CountryName codeName="?" codeListURI="?" codeListAgency="?" codeListName="?" codeListVersion="?">?</naa:CountryName>
                           <!--Optional:-->
                           <naa:CountrySubDivision codeName="?" codeListURI="?" codeListAgency="?" codeListName="?" codeListVersion="?">?</naa:CountrySubDivision>
                           <!--Zero or more repetitions:-->
                           <naa:Geocode ref="?">
                              <!--Optional:-->
                              <naa:AltimetricSystem codeName="?" codeListURI="?" codeListAgency="?" codeListName="?" codeListVersion="?">?</naa:AltimetricSystem>
                              <!--Optional:-->
                              <naa:Altitude Format="?">?</naa:Altitude>
                              <naa:Identification identificationSchemeName="?" identificationSchemeURI="?" identificationSchemeVersion="?" identificationSchemeAgency="?">?</naa:Identification>
                              <naa:Latitude Format="?">?</naa:Latitude>
                              <!--Optional:-->
                              <naa:LatitudeDirection codeName="?" codeListURI="?" codeListAgency="?" codeListName="?" codeListVersion="?">?</naa:LatitudeDirection>
                              <naa:Longitude Format="?">?</naa:Longitude>
                              <!--Optional:-->
                              <naa:LongitudeDirection codeName="?" codeListURI="?" codeListAgency="?" codeListName="?" codeListVersion="?">?</naa:LongitudeDirection>
                              <!--Optional:-->
                              <naa:System codeName="?" codeListURI="?" codeListAgency="?" codeListName="?" codeListVersion="?">?</naa:System>
                           </naa:Geocode>
                           <naa:Identification identificationSchemeName="?" identificationSchemeURI="?" identificationSchemeVersion="?" identificationSchemeAgency="?">?</naa:Identification>
                           <!--Optional:-->
                           <naa:LineFive LanguageIdentifier="?" LanguageLocaleIdentifier="?">?</naa:LineFive>
                           <!--Optional:-->
                           <naa:LineFour LanguageIdentifier="?" LanguageLocaleIdentifier="?">?</naa:LineFour>
                           <!--Optional:-->
                           <naa:LineOne LanguageIdentifier="?" LanguageLocaleIdentifier="?">?</naa:LineOne>
                           <!--Optional:-->
                           <naa:LineSix LanguageIdentifier="?" LanguageLocaleIdentifier="?">?</naa:LineSix>
                           <!--Optional:-->
                           <naa:LineThree LanguageIdentifier="?" LanguageLocaleIdentifier="?">?</naa:LineThree>
                           <!--Optional:-->
                           <naa:LineTwo LanguageIdentifier="?" LanguageLocaleIdentifier="?">?</naa:LineTwo>
                           <!--Optional:-->
                           <naa:PostOfficeBox LanguageIdentifier="?" LanguageLocaleIdentifier="?">?</naa:PostOfficeBox>
                           <!--Optional:-->
                           <naa:Postcode LanguageIdentifier="?" LanguageLocaleIdentifier="?">?</naa:Postcode>
                           <!--Optional:-->
                           <naa:StreetName LanguageIdentifier="?" LanguageLocaleIdentifier="?">?</naa:StreetName>
                           <!--Optional:-->
                           <naa:StreetSuffix codeName="?" codeListURI="?" codeListAgency="?" codeListName="?" codeListVersion="?">?</naa:StreetSuffix>
                           <!--Optional:-->
                           <naa:StreetType codeName="?" codeListURI="?" codeListAgency="?" codeListName="?" codeListVersion="?">?</naa:StreetType>
                           <!--Optional:-->
                           <naa:Usage codeName="?" codeListURI="?" codeListAgency="?" codeListName="?" codeListVersion="?">?</naa:Usage>
                           <!--Optional:-->
                           <naa:UsagePeriod ref="?">
                              <!--Optional:-->
                              <naa:Complete Format="?">?</naa:Complete>
                              <!--Optional:-->
                              <naa:Description LanguageIdentifier="?" LanguageLocaleIdentifier="?">?</naa:Description>
                              <!--Optional:-->
                              <naa:Duration UnitCode="?">?</naa:Duration>
                              <!--Optional:-->
                              <naa:End Format="?">?</naa:End>
                              <naa:Identification identificationSchemeName="?" identificationSchemeURI="?" identificationSchemeVersion="?" identificationSchemeAgency="?">?</naa:Identification>
                              <!--Optional:-->
                              <naa:Inclusive Format="?">?</naa:Inclusive>
                              <!--Optional:-->
                              <naa:Name LanguageIdentifier="?" LanguageLocaleIdentifier="?">?</naa:Name>
                              <!--Optional:-->
                              <naa:Sequence identificationSchemeName="?" identificationSchemeURI="?" identificationSchemeVersion="?" identificationSchemeAgency="?">?</naa:Sequence>
                              <naa:Start Format="?">?</naa:Start>
                           </naa:UsagePeriod>
                        </naa:PhysicalAddress>
                        <!--Zero or more repetitions:-->
                        <naa:PostalAddress ref="?">
                           <!--Zero or more repetitions:-->
                           <naa:Address/>
                           <!--Optional:-->
                           <naa:BlockName LanguageIdentifier="?" LanguageLocaleIdentifier="?">?</naa:BlockName>
                           <!--Optional:-->
                           <naa:BuildingName LanguageIdentifier="?" LanguageLocaleIdentifier="?">?</naa:BuildingName>
                           <!--Optional:-->
                           <naa:BuildingNumber LanguageIdentifier="?" LanguageLocaleIdentifier="?">?</naa:BuildingNumber>
                           <!--Optional:-->
                           <naa:CityName LanguageIdentifier="?" LanguageLocaleIdentifier="?">?</naa:CityName>
                           <!--Optional:-->
                           <naa:Code codeName="?" codeListURI="?" codeListAgency="?" codeListName="?" codeListVersion="?">?</naa:Code>
                           <!--Optional:-->
                           <naa:CountryName codeName="?" codeListURI="?" codeListAgency="?" codeListName="?" codeListVersion="?">?</naa:CountryName>
                           <!--Optional:-->
                           <naa:CountrySubDivision codeName="?" codeListURI="?" codeListAgency="?" codeListName="?" codeListVersion="?">?</naa:CountrySubDivision>
                           <!--Zero or more repetitions:-->
                           <naa:Geocode ref="?">
                              <!--Optional:-->
                              <naa:AltimetricSystem codeName="?" codeListURI="?" codeListAgency="?" codeListName="?" codeListVersion="?">?</naa:AltimetricSystem>
                              <!--Optional:-->
                              <naa:Altitude Format="?">?</naa:Altitude>
                              <naa:Identification identificationSchemeName="?" identificationSchemeURI="?" identificationSchemeVersion="?" identificationSchemeAgency="?">?</naa:Identification>
                              <naa:Latitude Format="?">?</naa:Latitude>
                              <!--Optional:-->
                              <naa:LatitudeDirection codeName="?" codeListURI="?" codeListAgency="?" codeListName="?" codeListVersion="?">?</naa:LatitudeDirection>
                              <naa:Longitude Format="?">?</naa:Longitude>
                              <!--Optional:-->
                              <naa:LongitudeDirection codeName="?" codeListURI="?" codeListAgency="?" codeListName="?" codeListVersion="?">?</naa:LongitudeDirection>
                              <!--Optional:-->
                              <naa:System codeName="?" codeListURI="?" codeListAgency="?" codeListName="?" codeListVersion="?">?</naa:System>
                           </naa:Geocode>
                           <naa:Identification identificationSchemeName="?" identificationSchemeURI="?" identificationSchemeVersion="?" identificationSchemeAgency="?">?</naa:Identification>
                           <!--Optional:-->
                           <naa:LineFive LanguageIdentifier="?" LanguageLocaleIdentifier="?">?</naa:LineFive>
                           <!--Optional:-->
                           <naa:LineFour LanguageIdentifier="?" LanguageLocaleIdentifier="?">?</naa:LineFour>
                           <!--Optional:-->
                           <naa:LineOne LanguageIdentifier="?" LanguageLocaleIdentifier="?">?</naa:LineOne>
                           <!--Optional:-->
                           <naa:LineSix LanguageIdentifier="?" LanguageLocaleIdentifier="?">?</naa:LineSix>
                           <!--Optional:-->
                           <naa:LineThree LanguageIdentifier="?" LanguageLocaleIdentifier="?">?</naa:LineThree>
                           <!--Optional:-->
                           <naa:LineTwo LanguageIdentifier="?" LanguageLocaleIdentifier="?">?</naa:LineTwo>
                           <!--Optional:-->
                           <naa:PostOfficeBox LanguageIdentifier="?" LanguageLocaleIdentifier="?">?</naa:PostOfficeBox>
                           <!--Optional:-->
                           <naa:Postcode LanguageIdentifier="?" LanguageLocaleIdentifier="?">?</naa:Postcode>
                           <!--Optional:-->
                           <naa:StreetName LanguageIdentifier="?" LanguageLocaleIdentifier="?">?</naa:StreetName>
                           <!--Optional:-->
                           <naa:StreetSuffix codeName="?" codeListURI="?" codeListAgency="?" codeListName="?" codeListVersion="?">?</naa:StreetSuffix>
                           <!--Optional:-->
                           <naa:StreetType codeName="?" codeListURI="?" codeListAgency="?" codeListName="?" codeListVersion="?">?</naa:StreetType>
                           <!--Optional:-->
                           <naa:Usage codeName="?" codeListURI="?" codeListAgency="?" codeListName="?" codeListVersion="?">?</naa:Usage>
                           <!--Optional:-->
                           <naa:UsagePeriod ref="?">
                              <!--Optional:-->
                              <naa:Complete Format="?">?</naa:Complete>
                              <!--Optional:-->
                              <naa:Description LanguageIdentifier="?" LanguageLocaleIdentifier="?">?</naa:Description>
                              <!--Optional:-->
                              <naa:Duration UnitCode="?">?</naa:Duration>
                              <!--Optional:-->
                              <naa:End Format="?">?</naa:End>
                              <naa:Identification identificationSchemeName="?" identificationSchemeURI="?" identificationSchemeVersion="?" identificationSchemeAgency="?">?</naa:Identification>
                              <!--Optional:-->
                              <naa:Inclusive Format="?">?</naa:Inclusive>
                              <!--Optional:-->
                              <naa:Name LanguageIdentifier="?" LanguageLocaleIdentifier="?">?</naa:Name>
                              <!--Optional:-->
                              <naa:Sequence identificationSchemeName="?" identificationSchemeURI="?" identificationSchemeVersion="?" identificationSchemeAgency="?">?</naa:Sequence>
                              <naa:Start Format="?">?</naa:Start>
                           </naa:UsagePeriod>
                        </naa:PostalAddress>
                        <!--Zero or more repetitions:-->
                        <naa:Registration ref="?">
                           <!--Optional:-->
                           <naa:Category codeName="?" codeListURI="?" codeListAgency="?" codeListName="?" codeListVersion="?">?</naa:Category>
                           <!--Optional:-->
                           <naa:Country codeName="?" codeListURI="?" codeListAgency="?" codeListName="?" codeListVersion="?">?</naa:Country>
                           <naa:Identification identificationSchemeName="?" identificationSchemeURI="?" identificationSchemeVersion="?" identificationSchemeAgency="?">?</naa:Identification>
                           <!--Optional:-->
                           <naa:Licence identificationSchemeName="?" identificationSchemeURI="?" identificationSchemeVersion="?" identificationSchemeAgency="?">?</naa:Licence>
                           <!--Optional:-->
                           <naa:Recorded Format="?">?</naa:Recorded>
                           <!--Optional:-->
                           <naa:Type codeName="?" codeListURI="?" codeListAgency="?" codeListName="?" codeListVersion="?">?</naa:Type>
                           <!--Optional:-->
                           <naa:ValidityPeriod ref="?">
                              <!--Optional:-->
                              <naa:Complete Format="?">?</naa:Complete>
                              <!--Optional:-->
                              <naa:Description LanguageIdentifier="?" LanguageLocaleIdentifier="?">?</naa:Description>
                              <!--Optional:-->
                              <naa:Duration UnitCode="?">?</naa:Duration>
                              <!--Optional:-->
                              <naa:End Format="?">?</naa:End>
                              <naa:Identification identificationSchemeName="?" identificationSchemeURI="?" identificationSchemeVersion="?" identificationSchemeAgency="?">?</naa:Identification>
                              <!--Optional:-->
                              <naa:Inclusive Format="?">?</naa:Inclusive>
                              <!--Optional:-->
                              <naa:Name LanguageIdentifier="?" LanguageLocaleIdentifier="?">?</naa:Name>
                              <!--Optional:-->
                              <naa:Sequence identificationSchemeName="?" identificationSchemeURI="?" identificationSchemeVersion="?" identificationSchemeAgency="?">?</naa:Sequence>
                              <naa:Start Format="?">?</naa:Start>
                           </naa:ValidityPeriod>
                        </naa:Registration>
                        <!--Zero or more repetitions:-->
                        <naa:Status ref="?">
                           <naa:Code codeName="?" codeListURI="?" codeListAgency="?" codeListName="?" codeListVersion="?">?</naa:Code>
                           <!--Optional:-->
                           <naa:Description LanguageIdentifier="?" LanguageLocaleIdentifier="?">?</naa:Description>
                           <!--Optional:-->
                           <naa:ValidityPeriod ref="?">
                              <!--Optional:-->
                              <naa:Complete Format="?">?</naa:Complete>
                              <!--Optional:-->
                              <naa:Description LanguageIdentifier="?" LanguageLocaleIdentifier="?">?</naa:Description>
                              <!--Optional:-->
                              <naa:Duration UnitCode="?">?</naa:Duration>
                              <!--Optional:-->
                              <naa:End Format="?">?</naa:End>
                              <naa:Identification identificationSchemeName="?" identificationSchemeURI="?" identificationSchemeVersion="?" identificationSchemeAgency="?">?</naa:Identification>
                              <!--Optional:-->
                              <naa:Inclusive Format="?">?</naa:Inclusive>
                              <!--Optional:-->
                              <naa:Name LanguageIdentifier="?" LanguageLocaleIdentifier="?">?</naa:Name>
                              <!--Optional:-->
                              <naa:Sequence identificationSchemeName="?" identificationSchemeURI="?" identificationSchemeVersion="?" identificationSchemeAgency="?">?</naa:Sequence>
                              <naa:Start Format="?">?</naa:Start>
                           </naa:ValidityPeriod>
                        </naa:Status>
                        <!--Zero or more repetitions:-->
                        <naa:Telephone ref="?">
                           <!--Optional:-->
                           <naa:AreaCode codeName="?" codeListURI="?" codeListAgency="?" codeListName="?" codeListVersion="?">?</naa:AreaCode>
                           <!--Optional:-->
                           <naa:CountryCode codeName="?" codeListURI="?" codeListAgency="?" codeListName="?" codeListVersion="?">?</naa:CountryCode>
                           <!--Optional:-->
                           <naa:Extension LanguageIdentifier="?" LanguageLocaleIdentifier="?">?</naa:Extension>
                           <naa:Number identificationSchemeName="?" identificationSchemeURI="?" identificationSchemeVersion="?" identificationSchemeAgency="?">?</naa:Number>
                           <naa:Type codeName="?" codeListURI="?" codeListAgency="?" codeListName="?" codeListVersion="?">?</naa:Type>
                        </naa:Telephone>
                        <!--Optional:-->
                        <naa:Type codeName="?" codeListURI="?" codeListAgency="?" codeListName="?" codeListVersion="?">?</naa:Type>
                     </naa:Organisation>
                     <!--Optional:-->
                     <naa:Person ref="?">
                        <!--Optional:-->
                        <naa:Description LanguageIdentifier="?" LanguageLocaleIdentifier="?">?</naa:Description>
                        <naa:Identification identificationSchemeName="?" identificationSchemeURI="?" identificationSchemeVersion="?" identificationSchemeAgency="?">?</naa:Identification>
                        <!--Zero or more repetitions:-->
                        <naa:Internet ref="?">
                           <naa:Type codeName="?" codeListURI="?" codeListAgency="?" codeListName="?" codeListVersion="?">?</naa:Type>
                           <naa:URI>?</naa:URI>
                        </naa:Internet>
                        <!--1 or more repetitions:-->
                        <naa:PersonName ref="?">
                           <naa:Classification codeName="?" codeListURI="?" codeListAgency="?" codeListName="?" codeListVersion="?">?</naa:Classification>
                           <!--Optional:-->
                           <naa:FamilyName LanguageIdentifier="?" LanguageLocaleIdentifier="?">?</naa:FamilyName>
                           <!--Optional:-->
                           <naa:FamilyNamePrefix LanguageIdentifier="?" LanguageLocaleIdentifier="?">?</naa:FamilyNamePrefix>
                           <!--Optional:-->
                           <naa:GivenName LanguageIdentifier="?" LanguageLocaleIdentifier="?">?</naa:GivenName>
                           <!--Optional:-->
                           <naa:MiddleName LanguageIdentifier="?" LanguageLocaleIdentifier="?">?</naa:MiddleName>
                           <!--Optional:-->
                           <naa:Name LanguageIdentifier="?" LanguageLocaleIdentifier="?">?</naa:Name>
                           <!--Optional:-->
                           <naa:NameSuffix codeName="?" codeListURI="?" codeListAgency="?" codeListName="?" codeListVersion="?">?</naa:NameSuffix>
                           <!--Optional:-->
                           <naa:Salutation LanguageIdentifier="?" LanguageLocaleIdentifier="?">?</naa:Salutation>
                           <!--Optional:-->
                           <naa:Title codeName="?" codeListURI="?" codeListAgency="?" codeListName="?" codeListVersion="?">?</naa:Title>
                           <!--Optional:-->
                           <naa:ValidityPeriod ref="?">
                              <!--Optional:-->
                              <naa:Complete Format="?">?</naa:Complete>
                              <!--Optional:-->
                              <naa:Description LanguageIdentifier="?" LanguageLocaleIdentifier="?">?</naa:Description>
                              <!--Optional:-->
                              <naa:Duration UnitCode="?">?</naa:Duration>
                              <!--Optional:-->
                              <naa:End Format="?">?</naa:End>
                              <naa:Identification identificationSchemeName="?" identificationSchemeURI="?" identificationSchemeVersion="?" identificationSchemeAgency="?">?</naa:Identification>
                              <!--Optional:-->
                              <naa:Inclusive Format="?">?</naa:Inclusive>
                              <!--Optional:-->
                              <naa:Name LanguageIdentifier="?" LanguageLocaleIdentifier="?">?</naa:Name>
                              <!--Optional:-->
                              <naa:Sequence identificationSchemeName="?" identificationSchemeURI="?" identificationSchemeVersion="?" identificationSchemeAgency="?">?</naa:Sequence>
                              <naa:Start Format="?">?</naa:Start>
                           </naa:ValidityPeriod>
                        </naa:PersonName>
                        <!--Zero or more repetitions:-->
                        <naa:PostalAddress ref="?">
                           <!--Zero or more repetitions:-->
                           <naa:Address/>
                           <!--Optional:-->
                           <naa:BlockName LanguageIdentifier="?" LanguageLocaleIdentifier="?">?</naa:BlockName>
                           <!--Optional:-->
                           <naa:BuildingName LanguageIdentifier="?" LanguageLocaleIdentifier="?">?</naa:BuildingName>
                           <!--Optional:-->
                           <naa:BuildingNumber LanguageIdentifier="?" LanguageLocaleIdentifier="?">?</naa:BuildingNumber>
                           <!--Optional:-->
                           <naa:CityName LanguageIdentifier="?" LanguageLocaleIdentifier="?">?</naa:CityName>
                           <!--Optional:-->
                           <naa:Code codeName="?" codeListURI="?" codeListAgency="?" codeListName="?" codeListVersion="?">?</naa:Code>
                           <!--Optional:-->
                           <naa:CountryName codeName="?" codeListURI="?" codeListAgency="?" codeListName="?" codeListVersion="?">?</naa:CountryName>
                           <!--Optional:-->
                           <naa:CountrySubDivision codeName="?" codeListURI="?" codeListAgency="?" codeListName="?" codeListVersion="?">?</naa:CountrySubDivision>
                           <!--Zero or more repetitions:-->
                           <naa:Geocode ref="?">
                              <!--Optional:-->
                              <naa:AltimetricSystem codeName="?" codeListURI="?" codeListAgency="?" codeListName="?" codeListVersion="?">?</naa:AltimetricSystem>
                              <!--Optional:-->
                              <naa:Altitude Format="?">?</naa:Altitude>
                              <naa:Identification identificationSchemeName="?" identificationSchemeURI="?" identificationSchemeVersion="?" identificationSchemeAgency="?">?</naa:Identification>
                              <naa:Latitude Format="?">?</naa:Latitude>
                              <!--Optional:-->
                              <naa:LatitudeDirection codeName="?" codeListURI="?" codeListAgency="?" codeListName="?" codeListVersion="?">?</naa:LatitudeDirection>
                              <naa:Longitude Format="?">?</naa:Longitude>
                              <!--Optional:-->
                              <naa:LongitudeDirection codeName="?" codeListURI="?" codeListAgency="?" codeListName="?" codeListVersion="?">?</naa:LongitudeDirection>
                              <!--Optional:-->
                              <naa:System codeName="?" codeListURI="?" codeListAgency="?" codeListName="?" codeListVersion="?">?</naa:System>
                           </naa:Geocode>
                           <naa:Identification identificationSchemeName="?" identificationSchemeURI="?" identificationSchemeVersion="?" identificationSchemeAgency="?">?</naa:Identification>
                           <!--Optional:-->
                           <naa:LineFive LanguageIdentifier="?" LanguageLocaleIdentifier="?">?</naa:LineFive>
                           <!--Optional:-->
                           <naa:LineFour LanguageIdentifier="?" LanguageLocaleIdentifier="?">?</naa:LineFour>
                           <!--Optional:-->
                           <naa:LineOne LanguageIdentifier="?" LanguageLocaleIdentifier="?">?</naa:LineOne>
                           <!--Optional:-->
                           <naa:LineSix LanguageIdentifier="?" LanguageLocaleIdentifier="?">?</naa:LineSix>
                           <!--Optional:-->
                           <naa:LineThree LanguageIdentifier="?" LanguageLocaleIdentifier="?">?</naa:LineThree>
                           <!--Optional:-->
                           <naa:LineTwo LanguageIdentifier="?" LanguageLocaleIdentifier="?">?</naa:LineTwo>
                           <!--Optional:-->
                           <naa:PostOfficeBox LanguageIdentifier="?" LanguageLocaleIdentifier="?">?</naa:PostOfficeBox>
                           <!--Optional:-->
                           <naa:Postcode LanguageIdentifier="?" LanguageLocaleIdentifier="?">?</naa:Postcode>
                           <!--Optional:-->
                           <naa:StreetName LanguageIdentifier="?" LanguageLocaleIdentifier="?">?</naa:StreetName>
                           <!--Optional:-->
                           <naa:StreetSuffix codeName="?" codeListURI="?" codeListAgency="?" codeListName="?" codeListVersion="?">?</naa:StreetSuffix>
                           <!--Optional:-->
                           <naa:StreetType codeName="?" codeListURI="?" codeListAgency="?" codeListName="?" codeListVersion="?">?</naa:StreetType>
                           <!--Optional:-->
                           <naa:Usage codeName="?" codeListURI="?" codeListAgency="?" codeListName="?" codeListVersion="?">?</naa:Usage>
                           <!--Optional:-->
                           <naa:UsagePeriod ref="?">
                              <!--Optional:-->
                              <naa:Complete Format="?">?</naa:Complete>
                              <!--Optional:-->
                              <naa:Description LanguageIdentifier="?" LanguageLocaleIdentifier="?">?</naa:Description>
                              <!--Optional:-->
                              <naa:Duration UnitCode="?">?</naa:Duration>
                              <!--Optional:-->
                              <naa:End Format="?">?</naa:End>
                              <naa:Identification identificationSchemeName="?" identificationSchemeURI="?" identificationSchemeVersion="?" identificationSchemeAgency="?">?</naa:Identification>
                              <!--Optional:-->
                              <naa:Inclusive Format="?">?</naa:Inclusive>
                              <!--Optional:-->
                              <naa:Name LanguageIdentifier="?" LanguageLocaleIdentifier="?">?</naa:Name>
                              <!--Optional:-->
                              <naa:Sequence identificationSchemeName="?" identificationSchemeURI="?" identificationSchemeVersion="?" identificationSchemeAgency="?">?</naa:Sequence>
                              <naa:Start Format="?">?</naa:Start>
                           </naa:UsagePeriod>
                        </naa:PostalAddress>
                        <!--Zero or more repetitions:-->
                        <naa:Registration ref="?">
                           <!--Optional:-->
                           <naa:Category codeName="?" codeListURI="?" codeListAgency="?" codeListName="?" codeListVersion="?">?</naa:Category>
                           <!--Optional:-->
                           <naa:Country codeName="?" codeListURI="?" codeListAgency="?" codeListName="?" codeListVersion="?">?</naa:Country>
                           <naa:Identification identificationSchemeName="?" identificationSchemeURI="?" identificationSchemeVersion="?" identificationSchemeAgency="?">?</naa:Identification>
                           <!--Optional:-->
                           <naa:Licence identificationSchemeName="?" identificationSchemeURI="?" identificationSchemeVersion="?" identificationSchemeAgency="?">?</naa:Licence>
                           <!--Optional:-->
                           <naa:Recorded Format="?">?</naa:Recorded>
                           <!--Optional:-->
                           <naa:Type codeName="?" codeListURI="?" codeListAgency="?" codeListName="?" codeListVersion="?">?</naa:Type>
                           <!--Optional:-->
                           <naa:ValidityPeriod ref="?">
                              <!--Optional:-->
                              <naa:Complete Format="?">?</naa:Complete>
                              <!--Optional:-->
                              <naa:Description LanguageIdentifier="?" LanguageLocaleIdentifier="?">?</naa:Description>
                              <!--Optional:-->
                              <naa:Duration UnitCode="?">?</naa:Duration>
                              <!--Optional:-->
                              <naa:End Format="?">?</naa:End>
                              <naa:Identification identificationSchemeName="?" identificationSchemeURI="?" identificationSchemeVersion="?" identificationSchemeAgency="?">?</naa:Identification>
                              <!--Optional:-->
                              <naa:Inclusive Format="?">?</naa:Inclusive>
                              <!--Optional:-->
                              <naa:Name LanguageIdentifier="?" LanguageLocaleIdentifier="?">?</naa:Name>
                              <!--Optional:-->
                              <naa:Sequence identificationSchemeName="?" identificationSchemeURI="?" identificationSchemeVersion="?" identificationSchemeAgency="?">?</naa:Sequence>
                              <naa:Start Format="?">?</naa:Start>
                           </naa:ValidityPeriod>
                        </naa:Registration>
                        <!--Zero or more repetitions:-->
                        <naa:ResidentialAddress ref="?">
                           <!--Zero or more repetitions:-->
                           <naa:Address/>
                           <!--Optional:-->
                           <naa:BlockName LanguageIdentifier="?" LanguageLocaleIdentifier="?">?</naa:BlockName>
                           <!--Optional:-->
                           <naa:BuildingName LanguageIdentifier="?" LanguageLocaleIdentifier="?">?</naa:BuildingName>
                           <!--Optional:-->
                           <naa:BuildingNumber LanguageIdentifier="?" LanguageLocaleIdentifier="?">?</naa:BuildingNumber>
                           <!--Optional:-->
                           <naa:CityName LanguageIdentifier="?" LanguageLocaleIdentifier="?">?</naa:CityName>
                           <!--Optional:-->
                           <naa:Code codeName="?" codeListURI="?" codeListAgency="?" codeListName="?" codeListVersion="?">?</naa:Code>
                           <!--Optional:-->
                           <naa:CountryName codeName="?" codeListURI="?" codeListAgency="?" codeListName="?" codeListVersion="?">?</naa:CountryName>
                           <!--Optional:-->
                           <naa:CountrySubDivision codeName="?" codeListURI="?" codeListAgency="?" codeListName="?" codeListVersion="?">?</naa:CountrySubDivision>
                           <!--Zero or more repetitions:-->
                           <naa:Geocode ref="?">
                              <!--Optional:-->
                              <naa:AltimetricSystem codeName="?" codeListURI="?" codeListAgency="?" codeListName="?" codeListVersion="?">?</naa:AltimetricSystem>
                              <!--Optional:-->
                              <naa:Altitude Format="?">?</naa:Altitude>
                              <naa:Identification identificationSchemeName="?" identificationSchemeURI="?" identificationSchemeVersion="?" identificationSchemeAgency="?">?</naa:Identification>
                              <naa:Latitude Format="?">?</naa:Latitude>
                              <!--Optional:-->
                              <naa:LatitudeDirection codeName="?" codeListURI="?" codeListAgency="?" codeListName="?" codeListVersion="?">?</naa:LatitudeDirection>
                              <naa:Longitude Format="?">?</naa:Longitude>
                              <!--Optional:-->
                              <naa:LongitudeDirection codeName="?" codeListURI="?" codeListAgency="?" codeListName="?" codeListVersion="?">?</naa:LongitudeDirection>
                              <!--Optional:-->
                              <naa:System codeName="?" codeListURI="?" codeListAgency="?" codeListName="?" codeListVersion="?">?</naa:System>
                           </naa:Geocode>
                           <naa:Identification identificationSchemeName="?" identificationSchemeURI="?" identificationSchemeVersion="?" identificationSchemeAgency="?">?</naa:Identification>
                           <!--Optional:-->
                           <naa:LineFive LanguageIdentifier="?" LanguageLocaleIdentifier="?">?</naa:LineFive>
                           <!--Optional:-->
                           <naa:LineFour LanguageIdentifier="?" LanguageLocaleIdentifier="?">?</naa:LineFour>
                           <!--Optional:-->
                           <naa:LineOne LanguageIdentifier="?" LanguageLocaleIdentifier="?">?</naa:LineOne>
                           <!--Optional:-->
                           <naa:LineSix LanguageIdentifier="?" LanguageLocaleIdentifier="?">?</naa:LineSix>
                           <!--Optional:-->
                           <naa:LineThree LanguageIdentifier="?" LanguageLocaleIdentifier="?">?</naa:LineThree>
                           <!--Optional:-->
                           <naa:LineTwo LanguageIdentifier="?" LanguageLocaleIdentifier="?">?</naa:LineTwo>
                           <!--Optional:-->
                           <naa:PostOfficeBox LanguageIdentifier="?" LanguageLocaleIdentifier="?">?</naa:PostOfficeBox>
                           <!--Optional:-->
                           <naa:Postcode LanguageIdentifier="?" LanguageLocaleIdentifier="?">?</naa:Postcode>
                           <!--Optional:-->
                           <naa:StreetName LanguageIdentifier="?" LanguageLocaleIdentifier="?">?</naa:StreetName>
                           <!--Optional:-->
                           <naa:StreetSuffix codeName="?" codeListURI="?" codeListAgency="?" codeListName="?" codeListVersion="?">?</naa:StreetSuffix>
                           <!--Optional:-->
                           <naa:StreetType codeName="?" codeListURI="?" codeListAgency="?" codeListName="?" codeListVersion="?">?</naa:StreetType>
                           <!--Optional:-->
                           <naa:Usage codeName="?" codeListURI="?" codeListAgency="?" codeListName="?" codeListVersion="?">?</naa:Usage>
                           <!--Optional:-->
                           <naa:UsagePeriod ref="?">
                              <!--Optional:-->
                              <naa:Complete Format="?">?</naa:Complete>
                              <!--Optional:-->
                              <naa:Description LanguageIdentifier="?" LanguageLocaleIdentifier="?">?</naa:Description>
                              <!--Optional:-->
                              <naa:Duration UnitCode="?">?</naa:Duration>
                              <!--Optional:-->
                              <naa:End Format="?">?</naa:End>
                              <naa:Identification identificationSchemeName="?" identificationSchemeURI="?" identificationSchemeVersion="?" identificationSchemeAgency="?">?</naa:Identification>
                              <!--Optional:-->
                              <naa:Inclusive Format="?">?</naa:Inclusive>
                              <!--Optional:-->
                              <naa:Name LanguageIdentifier="?" LanguageLocaleIdentifier="?">?</naa:Name>
                              <!--Optional:-->
                              <naa:Sequence identificationSchemeName="?" identificationSchemeURI="?" identificationSchemeVersion="?" identificationSchemeAgency="?">?</naa:Sequence>
                              <naa:Start Format="?">?</naa:Start>
                           </naa:UsagePeriod>
                        </naa:ResidentialAddress>
                        <!--Zero or more repetitions:-->
                        <naa:Status ref="?">
                           <naa:Code codeName="?" codeListURI="?" codeListAgency="?" codeListName="?" codeListVersion="?">?</naa:Code>
                           <!--Optional:-->
                           <naa:Description LanguageIdentifier="?" LanguageLocaleIdentifier="?">?</naa:Description>
                           <!--Optional:-->
                           <naa:ValidityPeriod ref="?">
                              <!--Optional:-->
                              <naa:Complete Format="?">?</naa:Complete>
                              <!--Optional:-->
                              <naa:Description LanguageIdentifier="?" LanguageLocaleIdentifier="?">?</naa:Description>
                              <!--Optional:-->
                              <naa:Duration UnitCode="?">?</naa:Duration>
                              <!--Optional:-->
                              <naa:End Format="?">?</naa:End>
                              <naa:Identification identificationSchemeName="?" identificationSchemeURI="?" identificationSchemeVersion="?" identificationSchemeAgency="?">?</naa:Identification>
                              <!--Optional:-->
                              <naa:Inclusive Format="?">?</naa:Inclusive>
                              <!--Optional:-->
                              <naa:Name LanguageIdentifier="?" LanguageLocaleIdentifier="?">?</naa:Name>
                              <!--Optional:-->
                              <naa:Sequence identificationSchemeName="?" identificationSchemeURI="?" identificationSchemeVersion="?" identificationSchemeAgency="?">?</naa:Sequence>
                              <naa:Start Format="?">?</naa:Start>
                           </naa:ValidityPeriod>
                        </naa:Status>
                        <!--Zero or more repetitions:-->
                        <naa:Telephone ref="?">
                           <!--Optional:-->
                           <naa:AreaCode codeName="?" codeListURI="?" codeListAgency="?" codeListName="?" codeListVersion="?">?</naa:AreaCode>
                           <!--Optional:-->
                           <naa:CountryCode codeName="?" codeListURI="?" codeListAgency="?" codeListName="?" codeListVersion="?">?</naa:CountryCode>
                           <!--Optional:-->
                           <naa:Extension LanguageIdentifier="?" LanguageLocaleIdentifier="?">?</naa:Extension>
                           <naa:Number identificationSchemeName="?" identificationSchemeURI="?" identificationSchemeVersion="?" identificationSchemeAgency="?">?</naa:Number>
                           <naa:Type codeName="?" codeListURI="?" codeListAgency="?" codeListName="?" codeListVersion="?">?</naa:Type>
                        </naa:Telephone>
                     </naa:Person>
                     <naa:Identification identificationSchemeName="?" identificationSchemeURI="?" identificationSchemeVersion="?" identificationSchemeAgency="?">?</naa:Identification>
                     <!--Optional:-->
                     <naa:Language codeName="?" codeListURI="?" codeListAgency="?" codeListName="?" codeListVersion="?">?</naa:Language>
                     <naa:Name LanguageIdentifier="?" LanguageLocaleIdentifier="?">?</naa:Name>
                     <!--Optional:-->
                     <naa:Type LanguageIdentifier="?" LanguageLocaleIdentifier="?">?</naa:Type>
                  </da:Party>
                  <!--Optional:-->
                  <da:Type codeName="?" codeListURI="?" codeListAgency="?" codeListName="?" codeListVersion="?">?</da:Type>
               </da:ResponsiblePartyRole>
               <!--Optional:-->
               <da:Status codeName="?" codeListURI="?" codeListAgency="?" codeListName="?" codeListVersion="?">?</da:Status>
            </da:AdditionalInformation>
            <!--Zero or more repetitions:-->
            <da:Appeal ref="?">
               <da:AppealDate Format="?">?</da:AppealDate>
               <!--Optional:-->
               <da:AppealDecisionDate Format="?">?</da:AppealDecisionDate>
               <da:AppealReference identificationSchemeName="?" identificationSchemeURI="?" identificationSchemeVersion="?" identificationSchemeAgency="?">?</da:AppealReference>
               <!--Zero or more repetitions:-->
               <da:Comments LanguageIdentifier="?" LanguageLocaleIdentifier="?">?</da:Comments>
               <!--Zero or more repetitions:-->
               <da:Condition ref="?">
                  <da:Classification codeName="?" codeListURI="?" codeListAgency="?" codeListName="?" codeListVersion="?">?</da:Classification>
                  <!--Optional:-->
                  <da:ConditionReference identificationSchemeName="?" identificationSchemeURI="?" identificationSchemeVersion="?" identificationSchemeAgency="?">?</da:ConditionReference>
                  <!--Optional:-->
                  <da:Detail LanguageIdentifier="?" LanguageLocaleIdentifier="?">?</da:Detail>
                  <da:Identification identificationSchemeName="?" identificationSchemeURI="?" identificationSchemeVersion="?" identificationSchemeAgency="?">?</da:Identification>
                  <!--Optional:-->
                  <da:Type codeName="?" codeListURI="?" codeListAgency="?" codeListName="?" codeListVersion="?">?</da:Type>
               </da:Condition>
               <!--Optional:-->
               <da:Outcome codeName="?" codeListURI="?" codeListAgency="?" codeListName="?" codeListVersion="?">?</da:Outcome>
               <!--1 or more repetitions:-->
               <da:PartyRole ref="?">
                  <!--Optional:-->
                  <da:DateTime Format="?">?</da:DateTime>
                  <!--1 or more repetitions:-->
                  <da:Party ref="?">
                     <!--Optional:-->
                     <naa:AccessRights codeName="?" codeListURI="?" codeListAgency="?" codeListName="?" codeListVersion="?">?</naa:AccessRights>
                     <!--Optional:-->
                     <naa:Description LanguageIdentifier="?" LanguageLocaleIdentifier="?">?</naa:Description>
                     <!--You have a CHOICE of the next 2 items at this level-->
                     <!--Optional:-->
                     <naa:Organisation ref="?">
                        <!--Zero or more repetitions:-->
                        <naa:Contact ref="?">
                           <!--Optional:-->
                           <naa:DepartmentName LanguageIdentifier="?" LanguageLocaleIdentifier="?">?</naa:DepartmentName>
                           <!--Optional:-->
                           <naa:Description LanguageIdentifier="?" LanguageLocaleIdentifier="?">?</naa:Description>
                           <naa:Identification identificationSchemeName="?" identificationSchemeURI="?" identificationSchemeVersion="?" identificationSchemeAgency="?">?</naa:Identification>
                           <!--Zero or more repetitions:-->
                           <naa:Internet ref="?">
                              <naa:Type codeName="?" codeListURI="?" codeListAgency="?" codeListName="?" codeListVersion="?">?</naa:Type>
                              <naa:URI>?</naa:URI>
                           </naa:Internet>
                           <!--Optional:-->
                           <naa:IsPrimary Format="?">?</naa:IsPrimary>
                           <!--Optional:-->
                           <naa:JobTitle LanguageIdentifier="?" LanguageLocaleIdentifier="?">?</naa:JobTitle>
                           <!--Optional:-->
                           <naa:PersonName ref="?">
                              <naa:Classification codeName="?" codeListURI="?" codeListAgency="?" codeListName="?" codeListVersion="?">?</naa:Classification>
                              <!--Optional:-->
                              <naa:FamilyName LanguageIdentifier="?" LanguageLocaleIdentifier="?">?</naa:FamilyName>
                              <!--Optional:-->
                              <naa:FamilyNamePrefix LanguageIdentifier="?" LanguageLocaleIdentifier="?">?</naa:FamilyNamePrefix>
                              <!--Optional:-->
                              <naa:GivenName LanguageIdentifier="?" LanguageLocaleIdentifier="?">?</naa:GivenName>
                              <!--Optional:-->
                              <naa:MiddleName LanguageIdentifier="?" LanguageLocaleIdentifier="?">?</naa:MiddleName>
                              <!--Optional:-->
                              <naa:Name LanguageIdentifier="?" LanguageLocaleIdentifier="?">?</naa:Name>
                              <!--Optional:-->
                              <naa:NameSuffix codeName="?" codeListURI="?" codeListAgency="?" codeListName="?" codeListVersion="?">?</naa:NameSuffix>
                              <!--Optional:-->
                              <naa:Salutation LanguageIdentifier="?" LanguageLocaleIdentifier="?">?</naa:Salutation>
                              <!--Optional:-->
                              <naa:Title codeName="?" codeListURI="?" codeListAgency="?" codeListName="?" codeListVersion="?">?</naa:Title>
                              <!--Optional:-->
                              <naa:ValidityPeriod ref="?">
                                 <!--Optional:-->
                                 <naa:Complete Format="?">?</naa:Complete>
                                 <!--Optional:-->
                                 <naa:Description LanguageIdentifier="?" LanguageLocaleIdentifier="?">?</naa:Description>
                                 <!--Optional:-->
                                 <naa:Duration UnitCode="?">?</naa:Duration>
                                 <!--Optional:-->
                                 <naa:End Format="?">?</naa:End>
                                 <naa:Identification identificationSchemeName="?" identificationSchemeURI="?" identificationSchemeVersion="?" identificationSchemeAgency="?">?</naa:Identification>
                                 <!--Optional:-->
                                 <naa:Inclusive Format="?">?</naa:Inclusive>
                                 <!--Optional:-->
                                 <naa:Name LanguageIdentifier="?" LanguageLocaleIdentifier="?">?</naa:Name>
                                 <!--Optional:-->
                                 <naa:Sequence identificationSchemeName="?" identificationSchemeURI="?" identificationSchemeVersion="?" identificationSchemeAgency="?">?</naa:Sequence>
                                 <naa:Start Format="?">?</naa:Start>
                              </naa:ValidityPeriod>
                           </naa:PersonName>
                           <!--Optional:-->
                           <naa:Responsibility LanguageIdentifier="?" LanguageLocaleIdentifier="?">?</naa:Responsibility>
                           <!--Zero or more repetitions:-->
                           <naa:Telephone ref="?">
                              <!--Optional:-->
                              <naa:AreaCode codeName="?" codeListURI="?" codeListAgency="?" codeListName="?" codeListVersion="?">?</naa:AreaCode>
                              <!--Optional:-->
                              <naa:CountryCode codeName="?" codeListURI="?" codeListAgency="?" codeListName="?" codeListVersion="?">?</naa:CountryCode>
                              <!--Optional:-->
                              <naa:Extension LanguageIdentifier="?" LanguageLocaleIdentifier="?">?</naa:Extension>
                              <naa:Number identificationSchemeName="?" identificationSchemeURI="?" identificationSchemeVersion="?" identificationSchemeAgency="?">?</naa:Number>
                              <naa:Type codeName="?" codeListURI="?" codeListAgency="?" codeListName="?" codeListVersion="?">?</naa:Type>
                           </naa:Telephone>
                           <!--Optional:-->
                           <naa:Type codeName="?" codeListURI="?" codeListAgency="?" codeListName="?" codeListVersion="?">?</naa:Type>
                        </naa:Contact>
                        <!--Optional:-->
                        <naa:Description LanguageIdentifier="?" LanguageLocaleIdentifier="?">?</naa:Description>
                        <naa:Identification identificationSchemeName="?" identificationSchemeURI="?" identificationSchemeVersion="?" identificationSchemeAgency="?">?</naa:Identification>
                        <!--Optional:-->
                        <naa:IndustryClassification codeName="?" codeListURI="?" codeListAgency="?" codeListName="?" codeListVersion="?">?</naa:IndustryClassification>
                        <!--Zero or more repetitions:-->
                        <naa:Internet ref="?">
                           <naa:Type codeName="?" codeListURI="?" codeListAgency="?" codeListName="?" codeListVersion="?">?</naa:Type>
                           <naa:URI>?</naa:URI>
                        </naa:Internet>
                        <!--Optional:-->
                        <naa:IsActive Format="?">?</naa:IsActive>
                        <!--Optional:-->
                        <naa:LegalClassification codeName="?" codeListURI="?" codeListAgency="?" codeListName="?" codeListVersion="?">?</naa:LegalClassification>
                        <!--Zero or more repetitions:-->
                        <naa:Organisation/>
                        <!--1 or more repetitions:-->
                        <naa:OrganisationName ref="?">
                           <naa:Classification codeName="?" codeListURI="?" codeListAgency="?" codeListName="?" codeListVersion="?">?</naa:Classification>
                           <naa:Name LanguageIdentifier="?" LanguageLocaleIdentifier="?">?</naa:Name>
                           <!--Optional:-->
                           <naa:ValidityPeriod ref="?">
                              <!--Optional:-->
                              <naa:Complete Format="?">?</naa:Complete>
                              <!--Optional:-->
                              <naa:Description LanguageIdentifier="?" LanguageLocaleIdentifier="?">?</naa:Description>
                              <!--Optional:-->
                              <naa:Duration UnitCode="?">?</naa:Duration>
                              <!--Optional:-->
                              <naa:End Format="?">?</naa:End>
                              <naa:Identification identificationSchemeName="?" identificationSchemeURI="?" identificationSchemeVersion="?" identificationSchemeAgency="?">?</naa:Identification>
                              <!--Optional:-->
                              <naa:Inclusive Format="?">?</naa:Inclusive>
                              <!--Optional:-->
                              <naa:Name LanguageIdentifier="?" LanguageLocaleIdentifier="?">?</naa:Name>
                              <!--Optional:-->
                              <naa:Sequence identificationSchemeName="?" identificationSchemeURI="?" identificationSchemeVersion="?" identificationSchemeAgency="?">?</naa:Sequence>
                              <naa:Start Format="?">?</naa:Start>
                           </naa:ValidityPeriod>
                        </naa:OrganisationName>
                        <!--Zero or more repetitions:-->
                        <naa:PhysicalAddress ref="?">
                           <!--Zero or more repetitions:-->
                           <naa:Address/>
                           <!--Optional:-->
                           <naa:BlockName LanguageIdentifier="?" LanguageLocaleIdentifier="?">?</naa:BlockName>
                           <!--Optional:-->
                           <naa:BuildingName LanguageIdentifier="?" LanguageLocaleIdentifier="?">?</naa:BuildingName>
                           <!--Optional:-->
                           <naa:BuildingNumber LanguageIdentifier="?" LanguageLocaleIdentifier="?">?</naa:BuildingNumber>
                           <!--Optional:-->
                           <naa:CityName LanguageIdentifier="?" LanguageLocaleIdentifier="?">?</naa:CityName>
                           <!--Optional:-->
                           <naa:Code codeName="?" codeListURI="?" codeListAgency="?" codeListName="?" codeListVersion="?">?</naa:Code>
                           <!--Optional:-->
                           <naa:CountryName codeName="?" codeListURI="?" codeListAgency="?" codeListName="?" codeListVersion="?">?</naa:CountryName>
                           <!--Optional:-->
                           <naa:CountrySubDivision codeName="?" codeListURI="?" codeListAgency="?" codeListName="?" codeListVersion="?">?</naa:CountrySubDivision>
                           <!--Zero or more repetitions:-->
                           <naa:Geocode ref="?">
                              <!--Optional:-->
                              <naa:AltimetricSystem codeName="?" codeListURI="?" codeListAgency="?" codeListName="?" codeListVersion="?">?</naa:AltimetricSystem>
                              <!--Optional:-->
                              <naa:Altitude Format="?">?</naa:Altitude>
                              <naa:Identification identificationSchemeName="?" identificationSchemeURI="?" identificationSchemeVersion="?" identificationSchemeAgency="?">?</naa:Identification>
                              <naa:Latitude Format="?">?</naa:Latitude>
                              <!--Optional:-->
                              <naa:LatitudeDirection codeName="?" codeListURI="?" codeListAgency="?" codeListName="?" codeListVersion="?">?</naa:LatitudeDirection>
                              <naa:Longitude Format="?">?</naa:Longitude>
                              <!--Optional:-->
                              <naa:LongitudeDirection codeName="?" codeListURI="?" codeListAgency="?" codeListName="?" codeListVersion="?">?</naa:LongitudeDirection>
                              <!--Optional:-->
                              <naa:System codeName="?" codeListURI="?" codeListAgency="?" codeListName="?" codeListVersion="?">?</naa:System>
                           </naa:Geocode>
                           <naa:Identification identificationSchemeName="?" identificationSchemeURI="?" identificationSchemeVersion="?" identificationSchemeAgency="?">?</naa:Identification>
                           <!--Optional:-->
                           <naa:LineFive LanguageIdentifier="?" LanguageLocaleIdentifier="?">?</naa:LineFive>
                           <!--Optional:-->
                           <naa:LineFour LanguageIdentifier="?" LanguageLocaleIdentifier="?">?</naa:LineFour>
                           <!--Optional:-->
                           <naa:LineOne LanguageIdentifier="?" LanguageLocaleIdentifier="?">?</naa:LineOne>
                           <!--Optional:-->
                           <naa:LineSix LanguageIdentifier="?" LanguageLocaleIdentifier="?">?</naa:LineSix>
                           <!--Optional:-->
                           <naa:LineThree LanguageIdentifier="?" LanguageLocaleIdentifier="?">?</naa:LineThree>
                           <!--Optional:-->
                           <naa:LineTwo LanguageIdentifier="?" LanguageLocaleIdentifier="?">?</naa:LineTwo>
                           <!--Optional:-->
                           <naa:PostOfficeBox LanguageIdentifier="?" LanguageLocaleIdentifier="?">?</naa:PostOfficeBox>
                           <!--Optional:-->
                           <naa:Postcode LanguageIdentifier="?" LanguageLocaleIdentifier="?">?</naa:Postcode>
                           <!--Optional:-->
                           <naa:StreetName LanguageIdentifier="?" LanguageLocaleIdentifier="?">?</naa:StreetName>
                           <!--Optional:-->
                           <naa:StreetSuffix codeName="?" codeListURI="?" codeListAgency="?" codeListName="?" codeListVersion="?">?</naa:StreetSuffix>
                           <!--Optional:-->
                           <naa:StreetType codeName="?" codeListURI="?" codeListAgency="?" codeListName="?" codeListVersion="?">?</naa:StreetType>
                           <!--Optional:-->
                           <naa:Usage codeName="?" codeListURI="?" codeListAgency="?" codeListName="?" codeListVersion="?">?</naa:Usage>
                           <!--Optional:-->
                           <naa:UsagePeriod ref="?">
                              <!--Optional:-->
                              <naa:Complete Format="?">?</naa:Complete>
                              <!--Optional:-->
                              <naa:Description LanguageIdentifier="?" LanguageLocaleIdentifier="?">?</naa:Description>
                              <!--Optional:-->
                              <naa:Duration UnitCode="?">?</naa:Duration>
                              <!--Optional:-->
                              <naa:End Format="?">?</naa:End>
                              <naa:Identification identificationSchemeName="?" identificationSchemeURI="?" identificationSchemeVersion="?" identificationSchemeAgency="?">?</naa:Identification>
                              <!--Optional:-->
                              <naa:Inclusive Format="?">?</naa:Inclusive>
                              <!--Optional:-->
                              <naa:Name LanguageIdentifier="?" LanguageLocaleIdentifier="?">?</naa:Name>
                              <!--Optional:-->
                              <naa:Sequence identificationSchemeName="?" identificationSchemeURI="?" identificationSchemeVersion="?" identificationSchemeAgency="?">?</naa:Sequence>
                              <naa:Start Format="?">?</naa:Start>
                           </naa:UsagePeriod>
                        </naa:PhysicalAddress>
                        <!--Zero or more repetitions:-->
                        <naa:PostalAddress ref="?">
                           <!--Zero or more repetitions:-->
                           <naa:Address/>
                           <!--Optional:-->
                           <naa:BlockName LanguageIdentifier="?" LanguageLocaleIdentifier="?">?</naa:BlockName>
                           <!--Optional:-->
                           <naa:BuildingName LanguageIdentifier="?" LanguageLocaleIdentifier="?">?</naa:BuildingName>
                           <!--Optional:-->
                           <naa:BuildingNumber LanguageIdentifier="?" LanguageLocaleIdentifier="?">?</naa:BuildingNumber>
                           <!--Optional:-->
                           <naa:CityName LanguageIdentifier="?" LanguageLocaleIdentifier="?">?</naa:CityName>
                           <!--Optional:-->
                           <naa:Code codeName="?" codeListURI="?" codeListAgency="?" codeListName="?" codeListVersion="?">?</naa:Code>
                           <!--Optional:-->
                           <naa:CountryName codeName="?" codeListURI="?" codeListAgency="?" codeListName="?" codeListVersion="?">?</naa:CountryName>
                           <!--Optional:-->
                           <naa:CountrySubDivision codeName="?" codeListURI="?" codeListAgency="?" codeListName="?" codeListVersion="?">?</naa:CountrySubDivision>
                           <!--Zero or more repetitions:-->
                           <naa:Geocode ref="?">
                              <!--Optional:-->
                              <naa:AltimetricSystem codeName="?" codeListURI="?" codeListAgency="?" codeListName="?" codeListVersion="?">?</naa:AltimetricSystem>
                              <!--Optional:-->
                              <naa:Altitude Format="?">?</naa:Altitude>
                              <naa:Identification identificationSchemeName="?" identificationSchemeURI="?" identificationSchemeVersion="?" identificationSchemeAgency="?">?</naa:Identification>
                              <naa:Latitude Format="?">?</naa:Latitude>
                              <!--Optional:-->
                              <naa:LatitudeDirection codeName="?" codeListURI="?" codeListAgency="?" codeListName="?" codeListVersion="?">?</naa:LatitudeDirection>
                              <naa:Longitude Format="?">?</naa:Longitude>
                              <!--Optional:-->
                              <naa:LongitudeDirection codeName="?" codeListURI="?" codeListAgency="?" codeListName="?" codeListVersion="?">?</naa:LongitudeDirection>
                              <!--Optional:-->
                              <naa:System codeName="?" codeListURI="?" codeListAgency="?" codeListName="?" codeListVersion="?">?</naa:System>
                           </naa:Geocode>
                           <naa:Identification identificationSchemeName="?" identificationSchemeURI="?" identificationSchemeVersion="?" identificationSchemeAgency="?">?</naa:Identification>
                           <!--Optional:-->
                           <naa:LineFive LanguageIdentifier="?" LanguageLocaleIdentifier="?">?</naa:LineFive>
                           <!--Optional:-->
                           <naa:LineFour LanguageIdentifier="?" LanguageLocaleIdentifier="?">?</naa:LineFour>
                           <!--Optional:-->
                           <naa:LineOne LanguageIdentifier="?" LanguageLocaleIdentifier="?">?</naa:LineOne>
                           <!--Optional:-->
                           <naa:LineSix LanguageIdentifier="?" LanguageLocaleIdentifier="?">?</naa:LineSix>
                           <!--Optional:-->
                           <naa:LineThree LanguageIdentifier="?" LanguageLocaleIdentifier="?">?</naa:LineThree>
                           <!--Optional:-->
                           <naa:LineTwo LanguageIdentifier="?" LanguageLocaleIdentifier="?">?</naa:LineTwo>
                           <!--Optional:-->
                           <naa:PostOfficeBox LanguageIdentifier="?" LanguageLocaleIdentifier="?">?</naa:PostOfficeBox>
                           <!--Optional:-->
                           <naa:Postcode LanguageIdentifier="?" LanguageLocaleIdentifier="?">?</naa:Postcode>
                           <!--Optional:-->
                           <naa:StreetName LanguageIdentifier="?" LanguageLocaleIdentifier="?">?</naa:StreetName>
                           <!--Optional:-->
                           <naa:StreetSuffix codeName="?" codeListURI="?" codeListAgency="?" codeListName="?" codeListVersion="?">?</naa:StreetSuffix>
                           <!--Optional:-->
                           <naa:StreetType codeName="?" codeListURI="?" codeListAgency="?" codeListName="?" codeListVersion="?">?</naa:StreetType>
                           <!--Optional:-->
                           <naa:Usage codeName="?" codeListURI="?" codeListAgency="?" codeListName="?" codeListVersion="?">?</naa:Usage>
                           <!--Optional:-->
                           <naa:UsagePeriod ref="?">
                              <!--Optional:-->
                              <naa:Complete Format="?">?</naa:Complete>
                              <!--Optional:-->
                              <naa:Description LanguageIdentifier="?" LanguageLocaleIdentifier="?">?</naa:Description>
                              <!--Optional:-->
                              <naa:Duration UnitCode="?">?</naa:Duration>
                              <!--Optional:-->
                              <naa:End Format="?">?</naa:End>
                              <naa:Identification identificationSchemeName="?" identificationSchemeURI="?" identificationSchemeVersion="?" identificationSchemeAgency="?">?</naa:Identification>
                              <!--Optional:-->
                              <naa:Inclusive Format="?">?</naa:Inclusive>
                              <!--Optional:-->
                              <naa:Name LanguageIdentifier="?" LanguageLocaleIdentifier="?">?</naa:Name>
                              <!--Optional:-->
                              <naa:Sequence identificationSchemeName="?" identificationSchemeURI="?" identificationSchemeVersion="?" identificationSchemeAgency="?">?</naa:Sequence>
                              <naa:Start Format="?">?</naa:Start>
                           </naa:UsagePeriod>
                        </naa:PostalAddress>
                        <!--Zero or more repetitions:-->
                        <naa:Registration ref="?">
                           <!--Optional:-->
                           <naa:Category codeName="?" codeListURI="?" codeListAgency="?" codeListName="?" codeListVersion="?">?</naa:Category>
                           <!--Optional:-->
                           <naa:Country codeName="?" codeListURI="?" codeListAgency="?" codeListName="?" codeListVersion="?">?</naa:Country>
                           <naa:Identification identificationSchemeName="?" identificationSchemeURI="?" identificationSchemeVersion="?" identificationSchemeAgency="?">?</naa:Identification>
                           <!--Optional:-->
                           <naa:Licence identificationSchemeName="?" identificationSchemeURI="?" identificationSchemeVersion="?" identificationSchemeAgency="?">?</naa:Licence>
                           <!--Optional:-->
                           <naa:Recorded Format="?">?</naa:Recorded>
                           <!--Optional:-->
                           <naa:Type codeName="?" codeListURI="?" codeListAgency="?" codeListName="?" codeListVersion="?">?</naa:Type>
                           <!--Optional:-->
                           <naa:ValidityPeriod ref="?">
                              <!--Optional:-->
                              <naa:Complete Format="?">?</naa:Complete>
                              <!--Optional:-->
                              <naa:Description LanguageIdentifier="?" LanguageLocaleIdentifier="?">?</naa:Description>
                              <!--Optional:-->
                              <naa:Duration UnitCode="?">?</naa:Duration>
                              <!--Optional:-->
                              <naa:End Format="?">?</naa:End>
                              <naa:Identification identificationSchemeName="?" identificationSchemeURI="?" identificationSchemeVersion="?" identificationSchemeAgency="?">?</naa:Identification>
                              <!--Optional:-->
                              <naa:Inclusive Format="?">?</naa:Inclusive>
                              <!--Optional:-->
                              <naa:Name LanguageIdentifier="?" LanguageLocaleIdentifier="?">?</naa:Name>
                              <!--Optional:-->
                              <naa:Sequence identificationSchemeName="?" identificationSchemeURI="?" identificationSchemeVersion="?" identificationSchemeAgency="?">?</naa:Sequence>
                              <naa:Start Format="?">?</naa:Start>
                           </naa:ValidityPeriod>
                        </naa:Registration>
                        <!--Zero or more repetitions:-->
                        <naa:Status ref="?">
                           <naa:Code codeName="?" codeListURI="?" codeListAgency="?" codeListName="?" codeListVersion="?">?</naa:Code>
                           <!--Optional:-->
                           <naa:Description LanguageIdentifier="?" LanguageLocaleIdentifier="?">?</naa:Description>
                           <!--Optional:-->
                           <naa:ValidityPeriod ref="?">
                              <!--Optional:-->
                              <naa:Complete Format="?">?</naa:Complete>
                              <!--Optional:-->
                              <naa:Description LanguageIdentifier="?" LanguageLocaleIdentifier="?">?</naa:Description>
                              <!--Optional:-->
                              <naa:Duration UnitCode="?">?</naa:Duration>
                              <!--Optional:-->
                              <naa:End Format="?">?</naa:End>
                              <naa:Identification identificationSchemeName="?" identificationSchemeURI="?" identificationSchemeVersion="?" identificationSchemeAgency="?">?</naa:Identification>
                              <!--Optional:-->
                              <naa:Inclusive Format="?">?</naa:Inclusive>
                              <!--Optional:-->
                              <naa:Name LanguageIdentifier="?" LanguageLocaleIdentifier="?">?</naa:Name>
                              <!--Optional:-->
                              <naa:Sequence identificationSchemeName="?" identificationSchemeURI="?" identificationSchemeVersion="?" identificationSchemeAgency="?">?</naa:Sequence>
                              <naa:Start Format="?">?</naa:Start>
                           </naa:ValidityPeriod>
                        </naa:Status>
                        <!--Zero or more repetitions:-->
                        <naa:Telephone ref="?">
                           <!--Optional:-->
                           <naa:AreaCode codeName="?" codeListURI="?" codeListAgency="?" codeListName="?" codeListVersion="?">?</naa:AreaCode>
                           <!--Optional:-->
                           <naa:CountryCode codeName="?" codeListURI="?" codeListAgency="?" codeListName="?" codeListVersion="?">?</naa:CountryCode>
                           <!--Optional:-->
                           <naa:Extension LanguageIdentifier="?" LanguageLocaleIdentifier="?">?</naa:Extension>
                           <naa:Number identificationSchemeName="?" identificationSchemeURI="?" identificationSchemeVersion="?" identificationSchemeAgency="?">?</naa:Number>
                           <naa:Type codeName="?" codeListURI="?" codeListAgency="?" codeListName="?" codeListVersion="?">?</naa:Type>
                        </naa:Telephone>
                        <!--Optional:-->
                        <naa:Type codeName="?" codeListURI="?" codeListAgency="?" codeListName="?" codeListVersion="?">?</naa:Type>
                     </naa:Organisation>
                     <!--Optional:-->
                     <naa:Person ref="?">
                        <!--Optional:-->
                        <naa:Description LanguageIdentifier="?" LanguageLocaleIdentifier="?">?</naa:Description>
                        <naa:Identification identificationSchemeName="?" identificationSchemeURI="?" identificationSchemeVersion="?" identificationSchemeAgency="?">?</naa:Identification>
                        <!--Zero or more repetitions:-->
                        <naa:Internet ref="?">
                           <naa:Type codeName="?" codeListURI="?" codeListAgency="?" codeListName="?" codeListVersion="?">?</naa:Type>
                           <naa:URI>?</naa:URI>
                        </naa:Internet>
                        <!--1 or more repetitions:-->
                        <naa:PersonName ref="?">
                           <naa:Classification codeName="?" codeListURI="?" codeListAgency="?" codeListName="?" codeListVersion="?">?</naa:Classification>
                           <!--Optional:-->
                           <naa:FamilyName LanguageIdentifier="?" LanguageLocaleIdentifier="?">?</naa:FamilyName>
                           <!--Optional:-->
                           <naa:FamilyNamePrefix LanguageIdentifier="?" LanguageLocaleIdentifier="?">?</naa:FamilyNamePrefix>
                           <!--Optional:-->
                           <naa:GivenName LanguageIdentifier="?" LanguageLocaleIdentifier="?">?</naa:GivenName>
                           <!--Optional:-->
                           <naa:MiddleName LanguageIdentifier="?" LanguageLocaleIdentifier="?">?</naa:MiddleName>
                           <!--Optional:-->
                           <naa:Name LanguageIdentifier="?" LanguageLocaleIdentifier="?">?</naa:Name>
                           <!--Optional:-->
                           <naa:NameSuffix codeName="?" codeListURI="?" codeListAgency="?" codeListName="?" codeListVersion="?">?</naa:NameSuffix>
                           <!--Optional:-->
                           <naa:Salutation LanguageIdentifier="?" LanguageLocaleIdentifier="?">?</naa:Salutation>
                           <!--Optional:-->
                           <naa:Title codeName="?" codeListURI="?" codeListAgency="?" codeListName="?" codeListVersion="?">?</naa:Title>
                           <!--Optional:-->
                           <naa:ValidityPeriod ref="?">
                              <!--Optional:-->
                              <naa:Complete Format="?">?</naa:Complete>
                              <!--Optional:-->
                              <naa:Description LanguageIdentifier="?" LanguageLocaleIdentifier="?">?</naa:Description>
                              <!--Optional:-->
                              <naa:Duration UnitCode="?">?</naa:Duration>
                              <!--Optional:-->
                              <naa:End Format="?">?</naa:End>
                              <naa:Identification identificationSchemeName="?" identificationSchemeURI="?" identificationSchemeVersion="?" identificationSchemeAgency="?">?</naa:Identification>
                              <!--Optional:-->
                              <naa:Inclusive Format="?">?</naa:Inclusive>
                              <!--Optional:-->
                              <naa:Name LanguageIdentifier="?" LanguageLocaleIdentifier="?">?</naa:Name>
                              <!--Optional:-->
                              <naa:Sequence identificationSchemeName="?" identificationSchemeURI="?" identificationSchemeVersion="?" identificationSchemeAgency="?">?</naa:Sequence>
                              <naa:Start Format="?">?</naa:Start>
                           </naa:ValidityPeriod>
                        </naa:PersonName>
                        <!--Zero or more repetitions:-->
                        <naa:PostalAddress ref="?">
                           <!--Zero or more repetitions:-->
                           <naa:Address/>
                           <!--Optional:-->
                           <naa:BlockName LanguageIdentifier="?" LanguageLocaleIdentifier="?">?</naa:BlockName>
                           <!--Optional:-->
                           <naa:BuildingName LanguageIdentifier="?" LanguageLocaleIdentifier="?">?</naa:BuildingName>
                           <!--Optional:-->
                           <naa:BuildingNumber LanguageIdentifier="?" LanguageLocaleIdentifier="?">?</naa:BuildingNumber>
                           <!--Optional:-->
                           <naa:CityName LanguageIdentifier="?" LanguageLocaleIdentifier="?">?</naa:CityName>
                           <!--Optional:-->
                           <naa:Code codeName="?" codeListURI="?" codeListAgency="?" codeListName="?" codeListVersion="?">?</naa:Code>
                           <!--Optional:-->
                           <naa:CountryName codeName="?" codeListURI="?" codeListAgency="?" codeListName="?" codeListVersion="?">?</naa:CountryName>
                           <!--Optional:-->
                           <naa:CountrySubDivision codeName="?" codeListURI="?" codeListAgency="?" codeListName="?" codeListVersion="?">?</naa:CountrySubDivision>
                           <!--Zero or more repetitions:-->
                           <naa:Geocode ref="?">
                              <!--Optional:-->
                              <naa:AltimetricSystem codeName="?" codeListURI="?" codeListAgency="?" codeListName="?" codeListVersion="?">?</naa:AltimetricSystem>
                              <!--Optional:-->
                              <naa:Altitude Format="?">?</naa:Altitude>
                              <naa:Identification identificationSchemeName="?" identificationSchemeURI="?" identificationSchemeVersion="?" identificationSchemeAgency="?">?</naa:Identification>
                              <naa:Latitude Format="?">?</naa:Latitude>
                              <!--Optional:-->
                              <naa:LatitudeDirection codeName="?" codeListURI="?" codeListAgency="?" codeListName="?" codeListVersion="?">?</naa:LatitudeDirection>
                              <naa:Longitude Format="?">?</naa:Longitude>
                              <!--Optional:-->
                              <naa:LongitudeDirection codeName="?" codeListURI="?" codeListAgency="?" codeListName="?" codeListVersion="?">?</naa:LongitudeDirection>
                              <!--Optional:-->
                              <naa:System codeName="?" codeListURI="?" codeListAgency="?" codeListName="?" codeListVersion="?">?</naa:System>
                           </naa:Geocode>
                           <naa:Identification identificationSchemeName="?" identificationSchemeURI="?" identificationSchemeVersion="?" identificationSchemeAgency="?">?</naa:Identification>
                           <!--Optional:-->
                           <naa:LineFive LanguageIdentifier="?" LanguageLocaleIdentifier="?">?</naa:LineFive>
                           <!--Optional:-->
                           <naa:LineFour LanguageIdentifier="?" LanguageLocaleIdentifier="?">?</naa:LineFour>
                           <!--Optional:-->
                           <naa:LineOne LanguageIdentifier="?" LanguageLocaleIdentifier="?">?</naa:LineOne>
                           <!--Optional:-->
                           <naa:LineSix LanguageIdentifier="?" LanguageLocaleIdentifier="?">?</naa:LineSix>
                           <!--Optional:-->
                           <naa:LineThree LanguageIdentifier="?" LanguageLocaleIdentifier="?">?</naa:LineThree>
                           <!--Optional:-->
                           <naa:LineTwo LanguageIdentifier="?" LanguageLocaleIdentifier="?">?</naa:LineTwo>
                           <!--Optional:-->
                           <naa:PostOfficeBox LanguageIdentifier="?" LanguageLocaleIdentifier="?">?</naa:PostOfficeBox>
                           <!--Optional:-->
                           <naa:Postcode LanguageIdentifier="?" LanguageLocaleIdentifier="?">?</naa:Postcode>
                           <!--Optional:-->
                           <naa:StreetName LanguageIdentifier="?" LanguageLocaleIdentifier="?">?</naa:StreetName>
                           <!--Optional:-->
                           <naa:StreetSuffix codeName="?" codeListURI="?" codeListAgency="?" codeListName="?" codeListVersion="?">?</naa:StreetSuffix>
                           <!--Optional:-->
                           <naa:StreetType codeName="?" codeListURI="?" codeListAgency="?" codeListName="?" codeListVersion="?">?</naa:StreetType>
                           <!--Optional:-->
                           <naa:Usage codeName="?" codeListURI="?" codeListAgency="?" codeListName="?" codeListVersion="?">?</naa:Usage>
                           <!--Optional:-->
                           <naa:UsagePeriod ref="?">
                              <!--Optional:-->
                              <naa:Complete Format="?">?</naa:Complete>
                              <!--Optional:-->
                              <naa:Description LanguageIdentifier="?" LanguageLocaleIdentifier="?">?</naa:Description>
                              <!--Optional:-->
                              <naa:Duration UnitCode="?">?</naa:Duration>
                              <!--Optional:-->
                              <naa:End Format="?">?</naa:End>
                              <naa:Identification identificationSchemeName="?" identificationSchemeURI="?" identificationSchemeVersion="?" identificationSchemeAgency="?">?</naa:Identification>
                              <!--Optional:-->
                              <naa:Inclusive Format="?">?</naa:Inclusive>
                              <!--Optional:-->
                              <naa:Name LanguageIdentifier="?" LanguageLocaleIdentifier="?">?</naa:Name>
                              <!--Optional:-->
                              <naa:Sequence identificationSchemeName="?" identificationSchemeURI="?" identificationSchemeVersion="?" identificationSchemeAgency="?">?</naa:Sequence>
                              <naa:Start Format="?">?</naa:Start>
                           </naa:UsagePeriod>
                        </naa:PostalAddress>
                        <!--Zero or more repetitions:-->
                        <naa:Registration ref="?">
                           <!--Optional:-->
                           <naa:Category codeName="?" codeListURI="?" codeListAgency="?" codeListName="?" codeListVersion="?">?</naa:Category>
                           <!--Optional:-->
                           <naa:Country codeName="?" codeListURI="?" codeListAgency="?" codeListName="?" codeListVersion="?">?</naa:Country>
                           <naa:Identification identificationSchemeName="?" identificationSchemeURI="?" identificationSchemeVersion="?" identificationSchemeAgency="?">?</naa:Identification>
                           <!--Optional:-->
                           <naa:Licence identificationSchemeName="?" identificationSchemeURI="?" identificationSchemeVersion="?" identificationSchemeAgency="?">?</naa:Licence>
                           <!--Optional:-->
                           <naa:Recorded Format="?">?</naa:Recorded>
                           <!--Optional:-->
                           <naa:Type codeName="?" codeListURI="?" codeListAgency="?" codeListName="?" codeListVersion="?">?</naa:Type>
                           <!--Optional:-->
                           <naa:ValidityPeriod ref="?">
                              <!--Optional:-->
                              <naa:Complete Format="?">?</naa:Complete>
                              <!--Optional:-->
                              <naa:Description LanguageIdentifier="?" LanguageLocaleIdentifier="?">?</naa:Description>
                              <!--Optional:-->
                              <naa:Duration UnitCode="?">?</naa:Duration>
                              <!--Optional:-->
                              <naa:End Format="?">?</naa:End>
                              <naa:Identification identificationSchemeName="?" identificationSchemeURI="?" identificationSchemeVersion="?" identificationSchemeAgency="?">?</naa:Identification>
                              <!--Optional:-->
                              <naa:Inclusive Format="?">?</naa:Inclusive>
                              <!--Optional:-->
                              <naa:Name LanguageIdentifier="?" LanguageLocaleIdentifier="?">?</naa:Name>
                              <!--Optional:-->
                              <naa:Sequence identificationSchemeName="?" identificationSchemeURI="?" identificationSchemeVersion="?" identificationSchemeAgency="?">?</naa:Sequence>
                              <naa:Start Format="?">?</naa:Start>
                           </naa:ValidityPeriod>
                        </naa:Registration>
                        <!--Zero or more repetitions:-->
                        <naa:ResidentialAddress ref="?">
                           <!--Zero or more repetitions:-->
                           <naa:Address/>
                           <!--Optional:-->
                           <naa:BlockName LanguageIdentifier="?" LanguageLocaleIdentifier="?">?</naa:BlockName>
                           <!--Optional:-->
                           <naa:BuildingName LanguageIdentifier="?" LanguageLocaleIdentifier="?">?</naa:BuildingName>
                           <!--Optional:-->
                           <naa:BuildingNumber LanguageIdentifier="?" LanguageLocaleIdentifier="?">?</naa:BuildingNumber>
                           <!--Optional:-->
                           <naa:CityName LanguageIdentifier="?" LanguageLocaleIdentifier="?">?</naa:CityName>
                           <!--Optional:-->
                           <naa:Code codeName="?" codeListURI="?" codeListAgency="?" codeListName="?" codeListVersion="?">?</naa:Code>
                           <!--Optional:-->
                           <naa:CountryName codeName="?" codeListURI="?" codeListAgency="?" codeListName="?" codeListVersion="?">?</naa:CountryName>
                           <!--Optional:-->
                           <naa:CountrySubDivision codeName="?" codeListURI="?" codeListAgency="?" codeListName="?" codeListVersion="?">?</naa:CountrySubDivision>
                           <!--Zero or more repetitions:-->
                           <naa:Geocode ref="?">
                              <!--Optional:-->
                              <naa:AltimetricSystem codeName="?" codeListURI="?" codeListAgency="?" codeListName="?" codeListVersion="?">?</naa:AltimetricSystem>
                              <!--Optional:-->
                              <naa:Altitude Format="?">?</naa:Altitude>
                              <naa:Identification identificationSchemeName="?" identificationSchemeURI="?" identificationSchemeVersion="?" identificationSchemeAgency="?">?</naa:Identification>
                              <naa:Latitude Format="?">?</naa:Latitude>
                              <!--Optional:-->
                              <naa:LatitudeDirection codeName="?" codeListURI="?" codeListAgency="?" codeListName="?" codeListVersion="?">?</naa:LatitudeDirection>
                              <naa:Longitude Format="?">?</naa:Longitude>
                              <!--Optional:-->
                              <naa:LongitudeDirection codeName="?" codeListURI="?" codeListAgency="?" codeListName="?" codeListVersion="?">?</naa:LongitudeDirection>
                              <!--Optional:-->
                              <naa:System codeName="?" codeListURI="?" codeListAgency="?" codeListName="?" codeListVersion="?">?</naa:System>
                           </naa:Geocode>
                           <naa:Identification identificationSchemeName="?" identificationSchemeURI="?" identificationSchemeVersion="?" identificationSchemeAgency="?">?</naa:Identification>
                           <!--Optional:-->
                           <naa:LineFive LanguageIdentifier="?" LanguageLocaleIdentifier="?">?</naa:LineFive>
                           <!--Optional:-->
                           <naa:LineFour LanguageIdentifier="?" LanguageLocaleIdentifier="?">?</naa:LineFour>
                           <!--Optional:-->
                           <naa:LineOne LanguageIdentifier="?" LanguageLocaleIdentifier="?">?</naa:LineOne>
                           <!--Optional:-->
                           <naa:LineSix LanguageIdentifier="?" LanguageLocaleIdentifier="?">?</naa:LineSix>
                           <!--Optional:-->
                           <naa:LineThree LanguageIdentifier="?" LanguageLocaleIdentifier="?">?</naa:LineThree>
                           <!--Optional:-->
                           <naa:LineTwo LanguageIdentifier="?" LanguageLocaleIdentifier="?">?</naa:LineTwo>
                           <!--Optional:-->
                           <naa:PostOfficeBox LanguageIdentifier="?" LanguageLocaleIdentifier="?">?</naa:PostOfficeBox>
                           <!--Optional:-->
                           <naa:Postcode LanguageIdentifier="?" LanguageLocaleIdentifier="?">?</naa:Postcode>
                           <!--Optional:-->
                           <naa:StreetName LanguageIdentifier="?" LanguageLocaleIdentifier="?">?</naa:StreetName>
                           <!--Optional:-->
                           <naa:StreetSuffix codeName="?" codeListURI="?" codeListAgency="?" codeListName="?" codeListVersion="?">?</naa:StreetSuffix>
                           <!--Optional:-->
                           <naa:StreetType codeName="?" codeListURI="?" codeListAgency="?" codeListName="?" codeListVersion="?">?</naa:StreetType>
                           <!--Optional:-->
                           <naa:Usage codeName="?" codeListURI="?" codeListAgency="?" codeListName="?" codeListVersion="?">?</naa:Usage>
                           <!--Optional:-->
                           <naa:UsagePeriod ref="?">
                              <!--Optional:-->
                              <naa:Complete Format="?">?</naa:Complete>
                              <!--Optional:-->
                              <naa:Description LanguageIdentifier="?" LanguageLocaleIdentifier="?">?</naa:Description>
                              <!--Optional:-->
                              <naa:Duration UnitCode="?">?</naa:Duration>
                              <!--Optional:-->
                              <naa:End Format="?">?</naa:End>
                              <naa:Identification identificationSchemeName="?" identificationSchemeURI="?" identificationSchemeVersion="?" identificationSchemeAgency="?">?</naa:Identification>
                              <!--Optional:-->
                              <naa:Inclusive Format="?">?</naa:Inclusive>
                              <!--Optional:-->
                              <naa:Name LanguageIdentifier="?" LanguageLocaleIdentifier="?">?</naa:Name>
                              <!--Optional:-->
                              <naa:Sequence identificationSchemeName="?" identificationSchemeURI="?" identificationSchemeVersion="?" identificationSchemeAgency="?">?</naa:Sequence>
                              <naa:Start Format="?">?</naa:Start>
                           </naa:UsagePeriod>
                        </naa:ResidentialAddress>
                        <!--Zero or more repetitions:-->
                        <naa:Status ref="?">
                           <naa:Code codeName="?" codeListURI="?" codeListAgency="?" codeListName="?" codeListVersion="?">?</naa:Code>
                           <!--Optional:-->
                           <naa:Description LanguageIdentifier="?" LanguageLocaleIdentifier="?">?</naa:Description>
                           <!--Optional:-->
                           <naa:ValidityPeriod ref="?">
                              <!--Optional:-->
                              <naa:Complete Format="?">?</naa:Complete>
                              <!--Optional:-->
                              <naa:Description LanguageIdentifier="?" LanguageLocaleIdentifier="?">?</naa:Description>
                              <!--Optional:-->
                              <naa:Duration UnitCode="?">?</naa:Duration>
                              <!--Optional:-->
                              <naa:End Format="?">?</naa:End>
                              <naa:Identification identificationSchemeName="?" identificationSchemeURI="?" identificationSchemeVersion="?" identificationSchemeAgency="?">?</naa:Identification>
                              <!--Optional:-->
                              <naa:Inclusive Format="?">?</naa:Inclusive>
                              <!--Optional:-->
                              <naa:Name LanguageIdentifier="?" LanguageLocaleIdentifier="?">?</naa:Name>
                              <!--Optional:-->
                              <naa:Sequence identificationSchemeName="?" identificationSchemeURI="?" identificationSchemeVersion="?" identificationSchemeAgency="?">?</naa:Sequence>
                              <naa:Start Format="?">?</naa:Start>
                           </naa:ValidityPeriod>
                        </naa:Status>
                        <!--Zero or more repetitions:-->
                        <naa:Telephone ref="?">
                           <!--Optional:-->
                           <naa:AreaCode codeName="?" codeListURI="?" codeListAgency="?" codeListName="?" codeListVersion="?">?</naa:AreaCode>
                           <!--Optional:-->
                           <naa:CountryCode codeName="?" codeListURI="?" codeListAgency="?" codeListName="?" codeListVersion="?">?</naa:CountryCode>
                           <!--Optional:-->
                           <naa:Extension LanguageIdentifier="?" LanguageLocaleIdentifier="?">?</naa:Extension>
                           <naa:Number identificationSchemeName="?" identificationSchemeURI="?" identificationSchemeVersion="?" identificationSchemeAgency="?">?</naa:Number>
                           <naa:Type codeName="?" codeListURI="?" codeListAgency="?" codeListName="?" codeListVersion="?">?</naa:Type>
                        </naa:Telephone>
                     </naa:Person>
                     <naa:Identification identificationSchemeName="?" identificationSchemeURI="?" identificationSchemeVersion="?" identificationSchemeAgency="?">?</naa:Identification>
                     <!--Optional:-->
                     <naa:Language codeName="?" codeListURI="?" codeListAgency="?" codeListName="?" codeListVersion="?">?</naa:Language>
                     <naa:Name LanguageIdentifier="?" LanguageLocaleIdentifier="?">?</naa:Name>
                     <!--Optional:-->
                     <naa:Type LanguageIdentifier="?" LanguageLocaleIdentifier="?">?</naa:Type>
                  </da:Party>
                  <!--Optional:-->
                  <da:Type codeName="?" codeListURI="?" codeListAgency="?" codeListName="?" codeListVersion="?">?</da:Type>
               </da:PartyRole>
               <!--1 or more repetitions:-->
               <da:Type codeName="?" codeListURI="?" codeListAgency="?" codeListName="?" codeListVersion="?">?</da:Type>
            </da:Appeal>
            <da:ApplicationNumber identificationSchemeName="?" identificationSchemeURI="?" identificationSchemeVersion="?" identificationSchemeAgency="?">?</da:ApplicationNumber>
            <!--Zero or more repetitions:-->
            <da:Assessment ref="?">
               <!--Zero or more repetitions:-->
               <da:AssessmentIssue ref="?">
                  <!--Optional:-->
                  <da:AdvisedDate Format="?">?</da:AdvisedDate>
                  <!--Zero or more repetitions:-->
                  <da:Comments LanguageIdentifier="?" LanguageLocaleIdentifier="?">?</da:Comments>
                  <da:Description LanguageIdentifier="?" LanguageLocaleIdentifier="?">?</da:Description>
                  <da:Identification identificationSchemeName="?" identificationSchemeURI="?" identificationSchemeVersion="?" identificationSchemeAgency="?">?</da:Identification>
                  <da:ReportingPartyRole ref="?">
                     <!--Optional:-->
                     <da:DateTime Format="?">?</da:DateTime>
                     <!--1 or more repetitions:-->
                     <da:Party ref="?">
                        <!--Optional:-->
                        <naa:AccessRights codeName="?" codeListURI="?" codeListAgency="?" codeListName="?" codeListVersion="?">?</naa:AccessRights>
                        <!--Optional:-->
                        <naa:Description LanguageIdentifier="?" LanguageLocaleIdentifier="?">?</naa:Description>
                        <!--You have a CHOICE of the next 2 items at this level-->
                        <!--Optional:-->
                        <naa:Organisation ref="?">
                           <!--Zero or more repetitions:-->
                           <naa:Contact ref="?">
                              <!--Optional:-->
                              <naa:DepartmentName LanguageIdentifier="?" LanguageLocaleIdentifier="?">?</naa:DepartmentName>
                              <!--Optional:-->
                              <naa:Description LanguageIdentifier="?" LanguageLocaleIdentifier="?">?</naa:Description>
                              <naa:Identification identificationSchemeName="?" identificationSchemeURI="?" identificationSchemeVersion="?" identificationSchemeAgency="?">?</naa:Identification>
                              <!--Zero or more repetitions:-->
                              <naa:Internet ref="?">
                                 <naa:Type codeName="?" codeListURI="?" codeListAgency="?" codeListName="?" codeListVersion="?">?</naa:Type>
                                 <naa:URI>?</naa:URI>
                              </naa:Internet>
                              <!--Optional:-->
                              <naa:IsPrimary Format="?">?</naa:IsPrimary>
                              <!--Optional:-->
                              <naa:JobTitle LanguageIdentifier="?" LanguageLocaleIdentifier="?">?</naa:JobTitle>
                              <!--Optional:-->
                              <naa:PersonName ref="?">
                                 <naa:Classification codeName="?" codeListURI="?" codeListAgency="?" codeListName="?" codeListVersion="?">?</naa:Classification>
                                 <!--Optional:-->
                                 <naa:FamilyName LanguageIdentifier="?" LanguageLocaleIdentifier="?">?</naa:FamilyName>
                                 <!--Optional:-->
                                 <naa:FamilyNamePrefix LanguageIdentifier="?" LanguageLocaleIdentifier="?">?</naa:FamilyNamePrefix>
                                 <!--Optional:-->
                                 <naa:GivenName LanguageIdentifier="?" LanguageLocaleIdentifier="?">?</naa:GivenName>
                                 <!--Optional:-->
                                 <naa:MiddleName LanguageIdentifier="?" LanguageLocaleIdentifier="?">?</naa:MiddleName>
                                 <!--Optional:-->
                                 <naa:Name LanguageIdentifier="?" LanguageLocaleIdentifier="?">?</naa:Name>
                                 <!--Optional:-->
                                 <naa:NameSuffix codeName="?" codeListURI="?" codeListAgency="?" codeListName="?" codeListVersion="?">?</naa:NameSuffix>
                                 <!--Optional:-->
                                 <naa:Salutation LanguageIdentifier="?" LanguageLocaleIdentifier="?">?</naa:Salutation>
                                 <!--Optional:-->
                                 <naa:Title codeName="?" codeListURI="?" codeListAgency="?" codeListName="?" codeListVersion="?">?</naa:Title>
                                 <!--Optional:-->
                                 <naa:ValidityPeriod ref="?">
                                    <!--Optional:-->
                                    <naa:Complete Format="?">?</naa:Complete>
                                    <!--Optional:-->
                                    <naa:Description LanguageIdentifier="?" LanguageLocaleIdentifier="?">?</naa:Description>
                                    <!--Optional:-->
                                    <naa:Duration UnitCode="?">?</naa:Duration>
                                    <!--Optional:-->
                                    <naa:End Format="?">?</naa:End>
                                    <naa:Identification identificationSchemeName="?" identificationSchemeURI="?" identificationSchemeVersion="?" identificationSchemeAgency="?">?</naa:Identification>
                                    <!--Optional:-->
                                    <naa:Inclusive Format="?">?</naa:Inclusive>
                                    <!--Optional:-->
                                    <naa:Name LanguageIdentifier="?" LanguageLocaleIdentifier="?">?</naa:Name>
                                    <!--Optional:-->
                                    <naa:Sequence identificationSchemeName="?" identificationSchemeURI="?" identificationSchemeVersion="?" identificationSchemeAgency="?">?</naa:Sequence>
                                    <naa:Start Format="?">?</naa:Start>
                                 </naa:ValidityPeriod>
                              </naa:PersonName>
                              <!--Optional:-->
                              <naa:Responsibility LanguageIdentifier="?" LanguageLocaleIdentifier="?">?</naa:Responsibility>
                              <!--Zero or more repetitions:-->
                              <naa:Telephone ref="?">
                                 <!--Optional:-->
                                 <naa:AreaCode codeName="?" codeListURI="?" codeListAgency="?" codeListName="?" codeListVersion="?">?</naa:AreaCode>
                                 <!--Optional:-->
                                 <naa:CountryCode codeName="?" codeListURI="?" codeListAgency="?" codeListName="?" codeListVersion="?">?</naa:CountryCode>
                                 <!--Optional:-->
                                 <naa:Extension LanguageIdentifier="?" LanguageLocaleIdentifier="?">?</naa:Extension>
                                 <naa:Number identificationSchemeName="?" identificationSchemeURI="?" identificationSchemeVersion="?" identificationSchemeAgency="?">?</naa:Number>
                                 <naa:Type codeName="?" codeListURI="?" codeListAgency="?" codeListName="?" codeListVersion="?">?</naa:Type>
                              </naa:Telephone>
                              <!--Optional:-->
                              <naa:Type codeName="?" codeListURI="?" codeListAgency="?" codeListName="?" codeListVersion="?">?</naa:Type>
                           </naa:Contact>
                           <!--Optional:-->
                           <naa:Description LanguageIdentifier="?" LanguageLocaleIdentifier="?">?</naa:Description>
                           <naa:Identification identificationSchemeName="?" identificationSchemeURI="?" identificationSchemeVersion="?" identificationSchemeAgency="?">?</naa:Identification>
                           <!--Optional:-->
                           <naa:IndustryClassification codeName="?" codeListURI="?" codeListAgency="?" codeListName="?" codeListVersion="?">?</naa:IndustryClassification>
                           <!--Zero or more repetitions:-->
                           <naa:Internet ref="?">
                              <naa:Type codeName="?" codeListURI="?" codeListAgency="?" codeListName="?" codeListVersion="?">?</naa:Type>
                              <naa:URI>?</naa:URI>
                           </naa:Internet>
                           <!--Optional:-->
                           <naa:IsActive Format="?">?</naa:IsActive>
                           <!--Optional:-->
                           <naa:LegalClassification codeName="?" codeListURI="?" codeListAgency="?" codeListName="?" codeListVersion="?">?</naa:LegalClassification>
                           <!--Zero or more repetitions:-->
                           <naa:Organisation/>
                           <!--1 or more repetitions:-->
                           <naa:OrganisationName ref="?">
                              <naa:Classification codeName="?" codeListURI="?" codeListAgency="?" codeListName="?" codeListVersion="?">?</naa:Classification>
                              <naa:Name LanguageIdentifier="?" LanguageLocaleIdentifier="?">?</naa:Name>
                              <!--Optional:-->
                              <naa:ValidityPeriod ref="?">
                                 <!--Optional:-->
                                 <naa:Complete Format="?">?</naa:Complete>
                                 <!--Optional:-->
                                 <naa:Description LanguageIdentifier="?" LanguageLocaleIdentifier="?">?</naa:Description>
                                 <!--Optional:-->
                                 <naa:Duration UnitCode="?">?</naa:Duration>
                                 <!--Optional:-->
                                 <naa:End Format="?">?</naa:End>
                                 <naa:Identification identificationSchemeName="?" identificationSchemeURI="?" identificationSchemeVersion="?" identificationSchemeAgency="?">?</naa:Identification>
                                 <!--Optional:-->
                                 <naa:Inclusive Format="?">?</naa:Inclusive>
                                 <!--Optional:-->
                                 <naa:Name LanguageIdentifier="?" LanguageLocaleIdentifier="?">?</naa:Name>
                                 <!--Optional:-->
                                 <naa:Sequence identificationSchemeName="?" identificationSchemeURI="?" identificationSchemeVersion="?" identificationSchemeAgency="?">?</naa:Sequence>
                                 <naa:Start Format="?">?</naa:Start>
                              </naa:ValidityPeriod>
                           </naa:OrganisationName>
                           <!--Zero or more repetitions:-->
                           <naa:PhysicalAddress ref="?">
                              <!--Zero or more repetitions:-->
                              <naa:Address/>
                              <!--Optional:-->
                              <naa:BlockName LanguageIdentifier="?" LanguageLocaleIdentifier="?">?</naa:BlockName>
                              <!--Optional:-->
                              <naa:BuildingName LanguageIdentifier="?" LanguageLocaleIdentifier="?">?</naa:BuildingName>
                              <!--Optional:-->
                              <naa:BuildingNumber LanguageIdentifier="?" LanguageLocaleIdentifier="?">?</naa:BuildingNumber>
                              <!--Optional:-->
                              <naa:CityName LanguageIdentifier="?" LanguageLocaleIdentifier="?">?</naa:CityName>
                              <!--Optional:-->
                              <naa:Code codeName="?" codeListURI="?" codeListAgency="?" codeListName="?" codeListVersion="?">?</naa:Code>
                              <!--Optional:-->
                              <naa:CountryName codeName="?" codeListURI="?" codeListAgency="?" codeListName="?" codeListVersion="?">?</naa:CountryName>
                              <!--Optional:-->
                              <naa:CountrySubDivision codeName="?" codeListURI="?" codeListAgency="?" codeListName="?" codeListVersion="?">?</naa:CountrySubDivision>
                              <!--Zero or more repetitions:-->
                              <naa:Geocode ref="?">
                                 <!--Optional:-->
                                 <naa:AltimetricSystem codeName="?" codeListURI="?" codeListAgency="?" codeListName="?" codeListVersion="?">?</naa:AltimetricSystem>
                                 <!--Optional:-->
                                 <naa:Altitude Format="?">?</naa:Altitude>
                                 <naa:Identification identificationSchemeName="?" identificationSchemeURI="?" identificationSchemeVersion="?" identificationSchemeAgency="?">?</naa:Identification>
                                 <naa:Latitude Format="?">?</naa:Latitude>
                                 <!--Optional:-->
                                 <naa:LatitudeDirection codeName="?" codeListURI="?" codeListAgency="?" codeListName="?" codeListVersion="?">?</naa:LatitudeDirection>
                                 <naa:Longitude Format="?">?</naa:Longitude>
                                 <!--Optional:-->
                                 <naa:LongitudeDirection codeName="?" codeListURI="?" codeListAgency="?" codeListName="?" codeListVersion="?">?</naa:LongitudeDirection>
                                 <!--Optional:-->
                                 <naa:System codeName="?" codeListURI="?" codeListAgency="?" codeListName="?" codeListVersion="?">?</naa:System>
                              </naa:Geocode>
                              <naa:Identification identificationSchemeName="?" identificationSchemeURI="?" identificationSchemeVersion="?" identificationSchemeAgency="?">?</naa:Identification>
                              <!--Optional:-->
                              <naa:LineFive LanguageIdentifier="?" LanguageLocaleIdentifier="?">?</naa:LineFive>
                              <!--Optional:-->
                              <naa:LineFour LanguageIdentifier="?" LanguageLocaleIdentifier="?">?</naa:LineFour>
                              <!--Optional:-->
                              <naa:LineOne LanguageIdentifier="?" LanguageLocaleIdentifier="?">?</naa:LineOne>
                              <!--Optional:-->
                              <naa:LineSix LanguageIdentifier="?" LanguageLocaleIdentifier="?">?</naa:LineSix>
                              <!--Optional:-->
                              <naa:LineThree LanguageIdentifier="?" LanguageLocaleIdentifier="?">?</naa:LineThree>
                              <!--Optional:-->
                              <naa:LineTwo LanguageIdentifier="?" LanguageLocaleIdentifier="?">?</naa:LineTwo>
                              <!--Optional:-->
                              <naa:PostOfficeBox LanguageIdentifier="?" LanguageLocaleIdentifier="?">?</naa:PostOfficeBox>
                              <!--Optional:-->
                              <naa:Postcode LanguageIdentifier="?" LanguageLocaleIdentifier="?">?</naa:Postcode>
                              <!--Optional:-->
                              <naa:StreetName LanguageIdentifier="?" LanguageLocaleIdentifier="?">?</naa:StreetName>
                              <!--Optional:-->
                              <naa:StreetSuffix codeName="?" codeListURI="?" codeListAgency="?" codeListName="?" codeListVersion="?">?</naa:StreetSuffix>
                              <!--Optional:-->
                              <naa:StreetType codeName="?" codeListURI="?" codeListAgency="?" codeListName="?" codeListVersion="?">?</naa:StreetType>
                              <!--Optional:-->
                              <naa:Usage codeName="?" codeListURI="?" codeListAgency="?" codeListName="?" codeListVersion="?">?</naa:Usage>
                              <!--Optional:-->
                              <naa:UsagePeriod ref="?">
                                 <!--Optional:-->
                                 <naa:Complete Format="?">?</naa:Complete>
                                 <!--Optional:-->
                                 <naa:Description LanguageIdentifier="?" LanguageLocaleIdentifier="?">?</naa:Description>
                                 <!--Optional:-->
                                 <naa:Duration UnitCode="?">?</naa:Duration>
                                 <!--Optional:-->
                                 <naa:End Format="?">?</naa:End>
                                 <naa:Identification identificationSchemeName="?" identificationSchemeURI="?" identificationSchemeVersion="?" identificationSchemeAgency="?">?</naa:Identification>
                                 <!--Optional:-->
                                 <naa:Inclusive Format="?">?</naa:Inclusive>
                                 <!--Optional:-->
                                 <naa:Name LanguageIdentifier="?" LanguageLocaleIdentifier="?">?</naa:Name>
                                 <!--Optional:-->
                                 <naa:Sequence identificationSchemeName="?" identificationSchemeURI="?" identificationSchemeVersion="?" identificationSchemeAgency="?">?</naa:Sequence>
                                 <naa:Start Format="?">?</naa:Start>
                              </naa:UsagePeriod>
                           </naa:PhysicalAddress>
                           <!--Zero or more repetitions:-->
                           <naa:PostalAddress ref="?">
                              <!--Zero or more repetitions:-->
                              <naa:Address/>
                              <!--Optional:-->
                              <naa:BlockName LanguageIdentifier="?" LanguageLocaleIdentifier="?">?</naa:BlockName>
                              <!--Optional:-->
                              <naa:BuildingName LanguageIdentifier="?" LanguageLocaleIdentifier="?">?</naa:BuildingName>
                              <!--Optional:-->
                              <naa:BuildingNumber LanguageIdentifier="?" LanguageLocaleIdentifier="?">?</naa:BuildingNumber>
                              <!--Optional:-->
                              <naa:CityName LanguageIdentifier="?" LanguageLocaleIdentifier="?">?</naa:CityName>
                              <!--Optional:-->
                              <naa:Code codeName="?" codeListURI="?" codeListAgency="?" codeListName="?" codeListVersion="?">?</naa:Code>
                              <!--Optional:-->
                              <naa:CountryName codeName="?" codeListURI="?" codeListAgency="?" codeListName="?" codeListVersion="?">?</naa:CountryName>
                              <!--Optional:-->
                              <naa:CountrySubDivision codeName="?" codeListURI="?" codeListAgency="?" codeListName="?" codeListVersion="?">?</naa:CountrySubDivision>
                              <!--Zero or more repetitions:-->
                              <naa:Geocode ref="?">
                                 <!--Optional:-->
                                 <naa:AltimetricSystem codeName="?" codeListURI="?" codeListAgency="?" codeListName="?" codeListVersion="?">?</naa:AltimetricSystem>
                                 <!--Optional:-->
                                 <naa:Altitude Format="?">?</naa:Altitude>
                                 <naa:Identification identificationSchemeName="?" identificationSchemeURI="?" identificationSchemeVersion="?" identificationSchemeAgency="?">?</naa:Identification>
                                 <naa:Latitude Format="?">?</naa:Latitude>
                                 <!--Optional:-->
                                 <naa:LatitudeDirection codeName="?" codeListURI="?" codeListAgency="?" codeListName="?" codeListVersion="?">?</naa:LatitudeDirection>
                                 <naa:Longitude Format="?">?</naa:Longitude>
                                 <!--Optional:-->
                                 <naa:LongitudeDirection codeName="?" codeListURI="?" codeListAgency="?" codeListName="?" codeListVersion="?">?</naa:LongitudeDirection>
                                 <!--Optional:-->
                                 <naa:System codeName="?" codeListURI="?" codeListAgency="?" codeListName="?" codeListVersion="?">?</naa:System>
                              </naa:Geocode>
                              <naa:Identification identificationSchemeName="?" identificationSchemeURI="?" identificationSchemeVersion="?" identificationSchemeAgency="?">?</naa:Identification>
                              <!--Optional:-->
                              <naa:LineFive LanguageIdentifier="?" LanguageLocaleIdentifier="?">?</naa:LineFive>
                              <!--Optional:-->
                              <naa:LineFour LanguageIdentifier="?" LanguageLocaleIdentifier="?">?</naa:LineFour>
                              <!--Optional:-->
                              <naa:LineOne LanguageIdentifier="?" LanguageLocaleIdentifier="?">?</naa:LineOne>
                              <!--Optional:-->
                              <naa:LineSix LanguageIdentifier="?" LanguageLocaleIdentifier="?">?</naa:LineSix>
                              <!--Optional:-->
                              <naa:LineThree LanguageIdentifier="?" LanguageLocaleIdentifier="?">?</naa:LineThree>
                              <!--Optional:-->
                              <naa:LineTwo LanguageIdentifier="?" LanguageLocaleIdentifier="?">?</naa:LineTwo>
                              <!--Optional:-->
                              <naa:PostOfficeBox LanguageIdentifier="?" LanguageLocaleIdentifier="?">?</naa:PostOfficeBox>
                              <!--Optional:-->
                              <naa:Postcode LanguageIdentifier="?" LanguageLocaleIdentifier="?">?</naa:Postcode>
                              <!--Optional:-->
                              <naa:StreetName LanguageIdentifier="?" LanguageLocaleIdentifier="?">?</naa:StreetName>
                              <!--Optional:-->
                              <naa:StreetSuffix codeName="?" codeListURI="?" codeListAgency="?" codeListName="?" codeListVersion="?">?</naa:StreetSuffix>
                              <!--Optional:-->
                              <naa:StreetType codeName="?" codeListURI="?" codeListAgency="?" codeListName="?" codeListVersion="?">?</naa:StreetType>
                              <!--Optional:-->
                              <naa:Usage codeName="?" codeListURI="?" codeListAgency="?" codeListName="?" codeListVersion="?">?</naa:Usage>
                              <!--Optional:-->
                              <naa:UsagePeriod ref="?">
                                 <!--Optional:-->
                                 <naa:Complete Format="?">?</naa:Complete>
                                 <!--Optional:-->
                                 <naa:Description LanguageIdentifier="?" LanguageLocaleIdentifier="?">?</naa:Description>
                                 <!--Optional:-->
                                 <naa:Duration UnitCode="?">?</naa:Duration>
                                 <!--Optional:-->
                                 <naa:End Format="?">?</naa:End>
                                 <naa:Identification identificationSchemeName="?" identificationSchemeURI="?" identificationSchemeVersion="?" identificationSchemeAgency="?">?</naa:Identification>
                                 <!--Optional:-->
                                 <naa:Inclusive Format="?">?</naa:Inclusive>
                                 <!--Optional:-->
                                 <naa:Name LanguageIdentifier="?" LanguageLocaleIdentifier="?">?</naa:Name>
                                 <!--Optional:-->
                                 <naa:Sequence identificationSchemeName="?" identificationSchemeURI="?" identificationSchemeVersion="?" identificationSchemeAgency="?">?</naa:Sequence>
                                 <naa:Start Format="?">?</naa:Start>
                              </naa:UsagePeriod>
                           </naa:PostalAddress>
                           <!--Zero or more repetitions:-->
                           <naa:Registration ref="?">
                              <!--Optional:-->
                              <naa:Category codeName="?" codeListURI="?" codeListAgency="?" codeListName="?" codeListVersion="?">?</naa:Category>
                              <!--Optional:-->
                              <naa:Country codeName="?" codeListURI="?" codeListAgency="?" codeListName="?" codeListVersion="?">?</naa:Country>
                              <naa:Identification identificationSchemeName="?" identificationSchemeURI="?" identificationSchemeVersion="?" identificationSchemeAgency="?">?</naa:Identification>
                              <!--Optional:-->
                              <naa:Licence identificationSchemeName="?" identificationSchemeURI="?" identificationSchemeVersion="?" identificationSchemeAgency="?">?</naa:Licence>
                              <!--Optional:-->
                              <naa:Recorded Format="?">?</naa:Recorded>
                              <!--Optional:-->
                              <naa:Type codeName="?" codeListURI="?" codeListAgency="?" codeListName="?" codeListVersion="?">?</naa:Type>
                              <!--Optional:-->
                              <naa:ValidityPeriod ref="?">
                                 <!--Optional:-->
                                 <naa:Complete Format="?">?</naa:Complete>
                                 <!--Optional:-->
                                 <naa:Description LanguageIdentifier="?" LanguageLocaleIdentifier="?">?</naa:Description>
                                 <!--Optional:-->
                                 <naa:Duration UnitCode="?">?</naa:Duration>
                                 <!--Optional:-->
                                 <naa:End Format="?">?</naa:End>
                                 <naa:Identification identificationSchemeName="?" identificationSchemeURI="?" identificationSchemeVersion="?" identificationSchemeAgency="?">?</naa:Identification>
                                 <!--Optional:-->
                                 <naa:Inclusive Format="?">?</naa:Inclusive>
                                 <!--Optional:-->
                                 <naa:Name LanguageIdentifier="?" LanguageLocaleIdentifier="?">?</naa:Name>
                                 <!--Optional:-->
                                 <naa:Sequence identificationSchemeName="?" identificationSchemeURI="?" identificationSchemeVersion="?" identificationSchemeAgency="?">?</naa:Sequence>
                                 <naa:Start Format="?">?</naa:Start>
                              </naa:ValidityPeriod>
                           </naa:Registration>
                           <!--Zero or more repetitions:-->
                           <naa:Status ref="?">
                              <naa:Code codeName="?" codeListURI="?" codeListAgency="?" codeListName="?" codeListVersion="?">?</naa:Code>
                              <!--Optional:-->
                              <naa:Description LanguageIdentifier="?" LanguageLocaleIdentifier="?">?</naa:Description>
                              <!--Optional:-->
                              <naa:ValidityPeriod ref="?">
                                 <!--Optional:-->
                                 <naa:Complete Format="?">?</naa:Complete>
                                 <!--Optional:-->
                                 <naa:Description LanguageIdentifier="?" LanguageLocaleIdentifier="?">?</naa:Description>
                                 <!--Optional:-->
                                 <naa:Duration UnitCode="?">?</naa:Duration>
                                 <!--Optional:-->
                                 <naa:End Format="?">?</naa:End>
                                 <naa:Identification identificationSchemeName="?" identificationSchemeURI="?" identificationSchemeVersion="?" identificationSchemeAgency="?">?</naa:Identification>
                                 <!--Optional:-->
                                 <naa:Inclusive Format="?">?</naa:Inclusive>
                                 <!--Optional:-->
                                 <naa:Name LanguageIdentifier="?" LanguageLocaleIdentifier="?">?</naa:Name>
                                 <!--Optional:-->
                                 <naa:Sequence identificationSchemeName="?" identificationSchemeURI="?" identificationSchemeVersion="?" identificationSchemeAgency="?">?</naa:Sequence>
                                 <naa:Start Format="?">?</naa:Start>
                              </naa:ValidityPeriod>
                           </naa:Status>
                           <!--Zero or more repetitions:-->
                           <naa:Telephone ref="?">
                              <!--Optional:-->
                              <naa:AreaCode codeName="?" codeListURI="?" codeListAgency="?" codeListName="?" codeListVersion="?">?</naa:AreaCode>
                              <!--Optional:-->
                              <naa:CountryCode codeName="?" codeListURI="?" codeListAgency="?" codeListName="?" codeListVersion="?">?</naa:CountryCode>
                              <!--Optional:-->
                              <naa:Extension LanguageIdentifier="?" LanguageLocaleIdentifier="?">?</naa:Extension>
                              <naa:Number identificationSchemeName="?" identificationSchemeURI="?" identificationSchemeVersion="?" identificationSchemeAgency="?">?</naa:Number>
                              <naa:Type codeName="?" codeListURI="?" codeListAgency="?" codeListName="?" codeListVersion="?">?</naa:Type>
                           </naa:Telephone>
                           <!--Optional:-->
                           <naa:Type codeName="?" codeListURI="?" codeListAgency="?" codeListName="?" codeListVersion="?">?</naa:Type>
                        </naa:Organisation>
                        <!--Optional:-->
                        <naa:Person ref="?">
                           <!--Optional:-->
                           <naa:Description LanguageIdentifier="?" LanguageLocaleIdentifier="?">?</naa:Description>
                           <naa:Identification identificationSchemeName="?" identificationSchemeURI="?" identificationSchemeVersion="?" identificationSchemeAgency="?">?</naa:Identification>
                           <!--Zero or more repetitions:-->
                           <naa:Internet ref="?">
                              <naa:Type codeName="?" codeListURI="?" codeListAgency="?" codeListName="?" codeListVersion="?">?</naa:Type>
                              <naa:URI>?</naa:URI>
                           </naa:Internet>
                           <!--1 or more repetitions:-->
                           <naa:PersonName ref="?">
                              <naa:Classification codeName="?" codeListURI="?" codeListAgency="?" codeListName="?" codeListVersion="?">?</naa:Classification>
                              <!--Optional:-->
                              <naa:FamilyName LanguageIdentifier="?" LanguageLocaleIdentifier="?">?</naa:FamilyName>
                              <!--Optional:-->
                              <naa:FamilyNamePrefix LanguageIdentifier="?" LanguageLocaleIdentifier="?">?</naa:FamilyNamePrefix>
                              <!--Optional:-->
                              <naa:GivenName LanguageIdentifier="?" LanguageLocaleIdentifier="?">?</naa:GivenName>
                              <!--Optional:-->
                              <naa:MiddleName LanguageIdentifier="?" LanguageLocaleIdentifier="?">?</naa:MiddleName>
                              <!--Optional:-->
                              <naa:Name LanguageIdentifier="?" LanguageLocaleIdentifier="?">?</naa:Name>
                              <!--Optional:-->
                              <naa:NameSuffix codeName="?" codeListURI="?" codeListAgency="?" codeListName="?" codeListVersion="?">?</naa:NameSuffix>
                              <!--Optional:-->
                              <naa:Salutation LanguageIdentifier="?" LanguageLocaleIdentifier="?">?</naa:Salutation>
                              <!--Optional:-->
                              <naa:Title codeName="?" codeListURI="?" codeListAgency="?" codeListName="?" codeListVersion="?">?</naa:Title>
                              <!--Optional:-->
                              <naa:ValidityPeriod ref="?">
                                 <!--Optional:-->
                                 <naa:Complete Format="?">?</naa:Complete>
                                 <!--Optional:-->
                                 <naa:Description LanguageIdentifier="?" LanguageLocaleIdentifier="?">?</naa:Description>
                                 <!--Optional:-->
                                 <naa:Duration UnitCode="?">?</naa:Duration>
                                 <!--Optional:-->
                                 <naa:End Format="?">?</naa:End>
                                 <naa:Identification identificationSchemeName="?" identificationSchemeURI="?" identificationSchemeVersion="?" identificationSchemeAgency="?">?</naa:Identification>
                                 <!--Optional:-->
                                 <naa:Inclusive Format="?">?</naa:Inclusive>
                                 <!--Optional:-->
                                 <naa:Name LanguageIdentifier="?" LanguageLocaleIdentifier="?">?</naa:Name>
                                 <!--Optional:-->
                                 <naa:Sequence identificationSchemeName="?" identificationSchemeURI="?" identificationSchemeVersion="?" identificationSchemeAgency="?">?</naa:Sequence>
                                 <naa:Start Format="?">?</naa:Start>
                              </naa:ValidityPeriod>
                           </naa:PersonName>
                           <!--Zero or more repetitions:-->
                           <naa:PostalAddress ref="?">
                              <!--Zero or more repetitions:-->
                              <naa:Address/>
                              <!--Optional:-->
                              <naa:BlockName LanguageIdentifier="?" LanguageLocaleIdentifier="?">?</naa:BlockName>
                              <!--Optional:-->
                              <naa:BuildingName LanguageIdentifier="?" LanguageLocaleIdentifier="?">?</naa:BuildingName>
                              <!--Optional:-->
                              <naa:BuildingNumber LanguageIdentifier="?" LanguageLocaleIdentifier="?">?</naa:BuildingNumber>
                              <!--Optional:-->
                              <naa:CityName LanguageIdentifier="?" LanguageLocaleIdentifier="?">?</naa:CityName>
                              <!--Optional:-->
                              <naa:Code codeName="?" codeListURI="?" codeListAgency="?" codeListName="?" codeListVersion="?">?</naa:Code>
                              <!--Optional:-->
                              <naa:CountryName codeName="?" codeListURI="?" codeListAgency="?" codeListName="?" codeListVersion="?">?</naa:CountryName>
                              <!--Optional:-->
                              <naa:CountrySubDivision codeName="?" codeListURI="?" codeListAgency="?" codeListName="?" codeListVersion="?">?</naa:CountrySubDivision>
                              <!--Zero or more repetitions:-->
                              <naa:Geocode ref="?">
                                 <!--Optional:-->
                                 <naa:AltimetricSystem codeName="?" codeListURI="?" codeListAgency="?" codeListName="?" codeListVersion="?">?</naa:AltimetricSystem>
                                 <!--Optional:-->
                                 <naa:Altitude Format="?">?</naa:Altitude>
                                 <naa:Identification identificationSchemeName="?" identificationSchemeURI="?" identificationSchemeVersion="?" identificationSchemeAgency="?">?</naa:Identification>
                                 <naa:Latitude Format="?">?</naa:Latitude>
                                 <!--Optional:-->
                                 <naa:LatitudeDirection codeName="?" codeListURI="?" codeListAgency="?" codeListName="?" codeListVersion="?">?</naa:LatitudeDirection>
                                 <naa:Longitude Format="?">?</naa:Longitude>
                                 <!--Optional:-->
                                 <naa:LongitudeDirection codeName="?" codeListURI="?" codeListAgency="?" codeListName="?" codeListVersion="?">?</naa:LongitudeDirection>
                                 <!--Optional:-->
                                 <naa:System codeName="?" codeListURI="?" codeListAgency="?" codeListName="?" codeListVersion="?">?</naa:System>
                              </naa:Geocode>
                              <naa:Identification identificationSchemeName="?" identificationSchemeURI="?" identificationSchemeVersion="?" identificationSchemeAgency="?">?</naa:Identification>
                              <!--Optional:-->
                              <naa:LineFive LanguageIdentifier="?" LanguageLocaleIdentifier="?">?</naa:LineFive>
                              <!--Optional:-->
                              <naa:LineFour LanguageIdentifier="?" LanguageLocaleIdentifier="?">?</naa:LineFour>
                              <!--Optional:-->
                              <naa:LineOne LanguageIdentifier="?" LanguageLocaleIdentifier="?">?</naa:LineOne>
                              <!--Optional:-->
                              <naa:LineSix LanguageIdentifier="?" LanguageLocaleIdentifier="?">?</naa:LineSix>
                              <!--Optional:-->
                              <naa:LineThree LanguageIdentifier="?" LanguageLocaleIdentifier="?">?</naa:LineThree>
                              <!--Optional:-->
                              <naa:LineTwo LanguageIdentifier="?" LanguageLocaleIdentifier="?">?</naa:LineTwo>
                              <!--Optional:-->
                              <naa:PostOfficeBox LanguageIdentifier="?" LanguageLocaleIdentifier="?">?</naa:PostOfficeBox>
                              <!--Optional:-->
                              <naa:Postcode LanguageIdentifier="?" LanguageLocaleIdentifier="?">?</naa:Postcode>
                              <!--Optional:-->
                              <naa:StreetName LanguageIdentifier="?" LanguageLocaleIdentifier="?">?</naa:StreetName>
                              <!--Optional:-->
                              <naa:StreetSuffix codeName="?" codeListURI="?" codeListAgency="?" codeListName="?" codeListVersion="?">?</naa:StreetSuffix>
                              <!--Optional:-->
                              <naa:StreetType codeName="?" codeListURI="?" codeListAgency="?" codeListName="?" codeListVersion="?">?</naa:StreetType>
                              <!--Optional:-->
                              <naa:Usage codeName="?" codeListURI="?" codeListAgency="?" codeListName="?" codeListVersion="?">?</naa:Usage>
                              <!--Optional:-->
                              <naa:UsagePeriod ref="?">
                                 <!--Optional:-->
                                 <naa:Complete Format="?">?</naa:Complete>
                                 <!--Optional:-->
                                 <naa:Description LanguageIdentifier="?" LanguageLocaleIdentifier="?">?</naa:Description>
                                 <!--Optional:-->
                                 <naa:Duration UnitCode="?">?</naa:Duration>
                                 <!--Optional:-->
                                 <naa:End Format="?">?</naa:End>
                                 <naa:Identification identificationSchemeName="?" identificationSchemeURI="?" identificationSchemeVersion="?" identificationSchemeAgency="?">?</naa:Identification>
                                 <!--Optional:-->
                                 <naa:Inclusive Format="?">?</naa:Inclusive>
                                 <!--Optional:-->
                                 <naa:Name LanguageIdentifier="?" LanguageLocaleIdentifier="?">?</naa:Name>
                                 <!--Optional:-->
                                 <naa:Sequence identificationSchemeName="?" identificationSchemeURI="?" identificationSchemeVersion="?" identificationSchemeAgency="?">?</naa:Sequence>
                                 <naa:Start Format="?">?</naa:Start>
                              </naa:UsagePeriod>
                           </naa:PostalAddress>
                           <!--Zero or more repetitions:-->
                           <naa:Registration ref="?">
                              <!--Optional:-->
                              <naa:Category codeName="?" codeListURI="?" codeListAgency="?" codeListName="?" codeListVersion="?">?</naa:Category>
                              <!--Optional:-->
                              <naa:Country codeName="?" codeListURI="?" codeListAgency="?" codeListName="?" codeListVersion="?">?</naa:Country>
                              <naa:Identification identificationSchemeName="?" identificationSchemeURI="?" identificationSchemeVersion="?" identificationSchemeAgency="?">?</naa:Identification>
                              <!--Optional:-->
                              <naa:Licence identificationSchemeName="?" identificationSchemeURI="?" identificationSchemeVersion="?" identificationSchemeAgency="?">?</naa:Licence>
                              <!--Optional:-->
                              <naa:Recorded Format="?">?</naa:Recorded>
                              <!--Optional:-->
                              <naa:Type codeName="?" codeListURI="?" codeListAgency="?" codeListName="?" codeListVersion="?">?</naa:Type>
                              <!--Optional:-->
                              <naa:ValidityPeriod ref="?">
                                 <!--Optional:-->
                                 <naa:Complete Format="?">?</naa:Complete>
                                 <!--Optional:-->
                                 <naa:Description LanguageIdentifier="?" LanguageLocaleIdentifier="?">?</naa:Description>
                                 <!--Optional:-->
                                 <naa:Duration UnitCode="?">?</naa:Duration>
                                 <!--Optional:-->
                                 <naa:End Format="?">?</naa:End>
                                 <naa:Identification identificationSchemeName="?" identificationSchemeURI="?" identificationSchemeVersion="?" identificationSchemeAgency="?">?</naa:Identification>
                                 <!--Optional:-->
                                 <naa:Inclusive Format="?">?</naa:Inclusive>
                                 <!--Optional:-->
                                 <naa:Name LanguageIdentifier="?" LanguageLocaleIdentifier="?">?</naa:Name>
                                 <!--Optional:-->
                                 <naa:Sequence identificationSchemeName="?" identificationSchemeURI="?" identificationSchemeVersion="?" identificationSchemeAgency="?">?</naa:Sequence>
                                 <naa:Start Format="?">?</naa:Start>
                              </naa:ValidityPeriod>
                           </naa:Registration>
                           <!--Zero or more repetitions:-->
                           <naa:ResidentialAddress ref="?">
                              <!--Zero or more repetitions:-->
                              <naa:Address/>
                              <!--Optional:-->
                              <naa:BlockName LanguageIdentifier="?" LanguageLocaleIdentifier="?">?</naa:BlockName>
                              <!--Optional:-->
                              <naa:BuildingName LanguageIdentifier="?" LanguageLocaleIdentifier="?">?</naa:BuildingName>
                              <!--Optional:-->
                              <naa:BuildingNumber LanguageIdentifier="?" LanguageLocaleIdentifier="?">?</naa:BuildingNumber>
                              <!--Optional:-->
                              <naa:CityName LanguageIdentifier="?" LanguageLocaleIdentifier="?">?</naa:CityName>
                              <!--Optional:-->
                              <naa:Code codeName="?" codeListURI="?" codeListAgency="?" codeListName="?" codeListVersion="?">?</naa:Code>
                              <!--Optional:-->
                              <naa:CountryName codeName="?" codeListURI="?" codeListAgency="?" codeListName="?" codeListVersion="?">?</naa:CountryName>
                              <!--Optional:-->
                              <naa:CountrySubDivision codeName="?" codeListURI="?" codeListAgency="?" codeListName="?" codeListVersion="?">?</naa:CountrySubDivision>
                              <!--Zero or more repetitions:-->
                              <naa:Geocode ref="?">
                                 <!--Optional:-->
                                 <naa:AltimetricSystem codeName="?" codeListURI="?" codeListAgency="?" codeListName="?" codeListVersion="?">?</naa:AltimetricSystem>
                                 <!--Optional:-->
                                 <naa:Altitude Format="?">?</naa:Altitude>
                                 <naa:Identification identificationSchemeName="?" identificationSchemeURI="?" identificationSchemeVersion="?" identificationSchemeAgency="?">?</naa:Identification>
                                 <naa:Latitude Format="?">?</naa:Latitude>
                                 <!--Optional:-->
                                 <naa:LatitudeDirection codeName="?" codeListURI="?" codeListAgency="?" codeListName="?" codeListVersion="?">?</naa:LatitudeDirection>
                                 <naa:Longitude Format="?">?</naa:Longitude>
                                 <!--Optional:-->
                                 <naa:LongitudeDirection codeName="?" codeListURI="?" codeListAgency="?" codeListName="?" codeListVersion="?">?</naa:LongitudeDirection>
                                 <!--Optional:-->
                                 <naa:System codeName="?" codeListURI="?" codeListAgency="?" codeListName="?" codeListVersion="?">?</naa:System>
                              </naa:Geocode>
                              <naa:Identification identificationSchemeName="?" identificationSchemeURI="?" identificationSchemeVersion="?" identificationSchemeAgency="?">?</naa:Identification>
                              <!--Optional:-->
                              <naa:LineFive LanguageIdentifier="?" LanguageLocaleIdentifier="?">?</naa:LineFive>
                              <!--Optional:-->
                              <naa:LineFour LanguageIdentifier="?" LanguageLocaleIdentifier="?">?</naa:LineFour>
                              <!--Optional:-->
                              <naa:LineOne LanguageIdentifier="?" LanguageLocaleIdentifier="?">?</naa:LineOne>
                              <!--Optional:-->
                              <naa:LineSix LanguageIdentifier="?" LanguageLocaleIdentifier="?">?</naa:LineSix>
                              <!--Optional:-->
                              <naa:LineThree LanguageIdentifier="?" LanguageLocaleIdentifier="?">?</naa:LineThree>
                              <!--Optional:-->
                              <naa:LineTwo LanguageIdentifier="?" LanguageLocaleIdentifier="?">?</naa:LineTwo>
                              <!--Optional:-->
                              <naa:PostOfficeBox LanguageIdentifier="?" LanguageLocaleIdentifier="?">?</naa:PostOfficeBox>
                              <!--Optional:-->
                              <naa:Postcode LanguageIdentifier="?" LanguageLocaleIdentifier="?">?</naa:Postcode>
                              <!--Optional:-->
                              <naa:StreetName LanguageIdentifier="?" LanguageLocaleIdentifier="?">?</naa:StreetName>
                              <!--Optional:-->
                              <naa:StreetSuffix codeName="?" codeListURI="?" codeListAgency="?" codeListName="?" codeListVersion="?">?</naa:StreetSuffix>
                              <!--Optional:-->
                              <naa:StreetType codeName="?" codeListURI="?" codeListAgency="?" codeListName="?" codeListVersion="?">?</naa:StreetType>
                              <!--Optional:-->
                              <naa:Usage codeName="?" codeListURI="?" codeListAgency="?" codeListName="?" codeListVersion="?">?</naa:Usage>
                              <!--Optional:-->
                              <naa:UsagePeriod ref="?">
                                 <!--Optional:-->
                                 <naa:Complete Format="?">?</naa:Complete>
                                 <!--Optional:-->
                                 <naa:Description LanguageIdentifier="?" LanguageLocaleIdentifier="?">?</naa:Description>
                                 <!--Optional:-->
                                 <naa:Duration UnitCode="?">?</naa:Duration>
                                 <!--Optional:-->
                                 <naa:End Format="?">?</naa:End>
                                 <naa:Identification identificationSchemeName="?" identificationSchemeURI="?" identificationSchemeVersion="?" identificationSchemeAgency="?">?</naa:Identification>
                                 <!--Optional:-->
                                 <naa:Inclusive Format="?">?</naa:Inclusive>
                                 <!--Optional:-->
                                 <naa:Name LanguageIdentifier="?" LanguageLocaleIdentifier="?">?</naa:Name>
                                 <!--Optional:-->
                                 <naa:Sequence identificationSchemeName="?" identificationSchemeURI="?" identificationSchemeVersion="?" identificationSchemeAgency="?">?</naa:Sequence>
                                 <naa:Start Format="?">?</naa:Start>
                              </naa:UsagePeriod>
                           </naa:ResidentialAddress>
                           <!--Zero or more repetitions:-->
                           <naa:Status ref="?">
                              <naa:Code codeName="?" codeListURI="?" codeListAgency="?" codeListName="?" codeListVersion="?">?</naa:Code>
                              <!--Optional:-->
                              <naa:Description LanguageIdentifier="?" LanguageLocaleIdentifier="?">?</naa:Description>
                              <!--Optional:-->
                              <naa:ValidityPeriod ref="?">
                                 <!--Optional:-->
                                 <naa:Complete Format="?">?</naa:Complete>
                                 <!--Optional:-->
                                 <naa:Description LanguageIdentifier="?" LanguageLocaleIdentifier="?">?</naa:Description>
                                 <!--Optional:-->
                                 <naa:Duration UnitCode="?">?</naa:Duration>
                                 <!--Optional:-->
                                 <naa:End Format="?">?</naa:End>
                                 <naa:Identification identificationSchemeName="?" identificationSchemeURI="?" identificationSchemeVersion="?" identificationSchemeAgency="?">?</naa:Identification>
                                 <!--Optional:-->
                                 <naa:Inclusive Format="?">?</naa:Inclusive>
                                 <!--Optional:-->
                                 <naa:Name LanguageIdentifier="?" LanguageLocaleIdentifier="?">?</naa:Name>
                                 <!--Optional:-->
                                 <naa:Sequence identificationSchemeName="?" identificationSchemeURI="?" identificationSchemeVersion="?" identificationSchemeAgency="?">?</naa:Sequence>
                                 <naa:Start Format="?">?</naa:Start>
                              </naa:ValidityPeriod>
                           </naa:Status>
                           <!--Zero or more repetitions:-->
                           <naa:Telephone ref="?">
                              <!--Optional:-->
                              <naa:AreaCode codeName="?" codeListURI="?" codeListAgency="?" codeListName="?" codeListVersion="?">?</naa:AreaCode>
                              <!--Optional:-->
                              <naa:CountryCode codeName="?" codeListURI="?" codeListAgency="?" codeListName="?" codeListVersion="?">?</naa:CountryCode>
                              <!--Optional:-->
                              <naa:Extension LanguageIdentifier="?" LanguageLocaleIdentifier="?">?</naa:Extension>
                              <naa:Number identificationSchemeName="?" identificationSchemeURI="?" identificationSchemeVersion="?" identificationSchemeAgency="?">?</naa:Number>
                              <naa:Type codeName="?" codeListURI="?" codeListAgency="?" codeListName="?" codeListVersion="?">?</naa:Type>
                           </naa:Telephone>
                        </naa:Person>
                        <naa:Identification identificationSchemeName="?" identificationSchemeURI="?" identificationSchemeVersion="?" identificationSchemeAgency="?">?</naa:Identification>
                        <!--Optional:-->
                        <naa:Language codeName="?" codeListURI="?" codeListAgency="?" codeListName="?" codeListVersion="?">?</naa:Language>
                        <naa:Name LanguageIdentifier="?" LanguageLocaleIdentifier="?">?</naa:Name>
                        <!--Optional:-->
                        <naa:Type LanguageIdentifier="?" LanguageLocaleIdentifier="?">?</naa:Type>
                     </da:Party>
                     <!--Optional:-->
                     <da:Type codeName="?" codeListURI="?" codeListAgency="?" codeListName="?" codeListVersion="?">?</da:Type>
                  </da:ReportingPartyRole>
                  <da:ResponsiblePartyRole ref="?">
                     <!--Optional:-->
                     <da:DateTime Format="?">?</da:DateTime>
                     <!--1 or more repetitions:-->
                     <da:Party ref="?">
                        <!--Optional:-->
                        <naa:AccessRights codeName="?" codeListURI="?" codeListAgency="?" codeListName="?" codeListVersion="?">?</naa:AccessRights>
                        <!--Optional:-->
                        <naa:Description LanguageIdentifier="?" LanguageLocaleIdentifier="?">?</naa:Description>
                        <!--You have a CHOICE of the next 2 items at this level-->
                        <!--Optional:-->
                        <naa:Organisation ref="?">
                           <!--Zero or more repetitions:-->
                           <naa:Contact ref="?">
                              <!--Optional:-->
                              <naa:DepartmentName LanguageIdentifier="?" LanguageLocaleIdentifier="?">?</naa:DepartmentName>
                              <!--Optional:-->
                              <naa:Description LanguageIdentifier="?" LanguageLocaleIdentifier="?">?</naa:Description>
                              <naa:Identification identificationSchemeName="?" identificationSchemeURI="?" identificationSchemeVersion="?" identificationSchemeAgency="?">?</naa:Identification>
                              <!--Zero or more repetitions:-->
                              <naa:Internet ref="?">
                                 <naa:Type codeName="?" codeListURI="?" codeListAgency="?" codeListName="?" codeListVersion="?">?</naa:Type>
                                 <naa:URI>?</naa:URI>
                              </naa:Internet>
                              <!--Optional:-->
                              <naa:IsPrimary Format="?">?</naa:IsPrimary>
                              <!--Optional:-->
                              <naa:JobTitle LanguageIdentifier="?" LanguageLocaleIdentifier="?">?</naa:JobTitle>
                              <!--Optional:-->
                              <naa:PersonName ref="?">
                                 <naa:Classification codeName="?" codeListURI="?" codeListAgency="?" codeListName="?" codeListVersion="?">?</naa:Classification>
                                 <!--Optional:-->
                                 <naa:FamilyName LanguageIdentifier="?" LanguageLocaleIdentifier="?">?</naa:FamilyName>
                                 <!--Optional:-->
                                 <naa:FamilyNamePrefix LanguageIdentifier="?" LanguageLocaleIdentifier="?">?</naa:FamilyNamePrefix>
                                 <!--Optional:-->
                                 <naa:GivenName LanguageIdentifier="?" LanguageLocaleIdentifier="?">?</naa:GivenName>
                                 <!--Optional:-->
                                 <naa:MiddleName LanguageIdentifier="?" LanguageLocaleIdentifier="?">?</naa:MiddleName>
                                 <!--Optional:-->
                                 <naa:Name LanguageIdentifier="?" LanguageLocaleIdentifier="?">?</naa:Name>
                                 <!--Optional:-->
                                 <naa:NameSuffix codeName="?" codeListURI="?" codeListAgency="?" codeListName="?" codeListVersion="?">?</naa:NameSuffix>
                                 <!--Optional:-->
                                 <naa:Salutation LanguageIdentifier="?" LanguageLocaleIdentifier="?">?</naa:Salutation>
                                 <!--Optional:-->
                                 <naa:Title codeName="?" codeListURI="?" codeListAgency="?" codeListName="?" codeListVersion="?">?</naa:Title>
                                 <!--Optional:-->
                                 <naa:ValidityPeriod ref="?">
                                    <!--Optional:-->
                                    <naa:Complete Format="?">?</naa:Complete>
                                    <!--Optional:-->
                                    <naa:Description LanguageIdentifier="?" LanguageLocaleIdentifier="?">?</naa:Description>
                                    <!--Optional:-->
                                    <naa:Duration UnitCode="?">?</naa:Duration>
                                    <!--Optional:-->
                                    <naa:End Format="?">?</naa:End>
                                    <naa:Identification identificationSchemeName="?" identificationSchemeURI="?" identificationSchemeVersion="?" identificationSchemeAgency="?">?</naa:Identification>
                                    <!--Optional:-->
                                    <naa:Inclusive Format="?">?</naa:Inclusive>
                                    <!--Optional:-->
                                    <naa:Name LanguageIdentifier="?" LanguageLocaleIdentifier="?">?</naa:Name>
                                    <!--Optional:-->
                                    <naa:Sequence identificationSchemeName="?" identificationSchemeURI="?" identificationSchemeVersion="?" identificationSchemeAgency="?">?</naa:Sequence>
                                    <naa:Start Format="?">?</naa:Start>
                                 </naa:ValidityPeriod>
                              </naa:PersonName>
                              <!--Optional:-->
                              <naa:Responsibility LanguageIdentifier="?" LanguageLocaleIdentifier="?">?</naa:Responsibility>
                              <!--Zero or more repetitions:-->
                              <naa:Telephone ref="?">
                                 <!--Optional:-->
                                 <naa:AreaCode codeName="?" codeListURI="?" codeListAgency="?" codeListName="?" codeListVersion="?">?</naa:AreaCode>
                                 <!--Optional:-->
                                 <naa:CountryCode codeName="?" codeListURI="?" codeListAgency="?" codeListName="?" codeListVersion="?">?</naa:CountryCode>
                                 <!--Optional:-->
                                 <naa:Extension LanguageIdentifier="?" LanguageLocaleIdentifier="?">?</naa:Extension>
                                 <naa:Number identificationSchemeName="?" identificationSchemeURI="?" identificationSchemeVersion="?" identificationSchemeAgency="?">?</naa:Number>
                                 <naa:Type codeName="?" codeListURI="?" codeListAgency="?" codeListName="?" codeListVersion="?">?</naa:Type>
                              </naa:Telephone>
                              <!--Optional:-->
                              <naa:Type codeName="?" codeListURI="?" codeListAgency="?" codeListName="?" codeListVersion="?">?</naa:Type>
                           </naa:Contact>
                           <!--Optional:-->
                           <naa:Description LanguageIdentifier="?" LanguageLocaleIdentifier="?">?</naa:Description>
                           <naa:Identification identificationSchemeName="?" identificationSchemeURI="?" identificationSchemeVersion="?" identificationSchemeAgency="?">?</naa:Identification>
                           <!--Optional:-->
                           <naa:IndustryClassification codeName="?" codeListURI="?" codeListAgency="?" codeListName="?" codeListVersion="?">?</naa:IndustryClassification>
                           <!--Zero or more repetitions:-->
                           <naa:Internet ref="?">
                              <naa:Type codeName="?" codeListURI="?" codeListAgency="?" codeListName="?" codeListVersion="?">?</naa:Type>
                              <naa:URI>?</naa:URI>
                           </naa:Internet>
                           <!--Optional:-->
                           <naa:IsActive Format="?">?</naa:IsActive>
                           <!--Optional:-->
                           <naa:LegalClassification codeName="?" codeListURI="?" codeListAgency="?" codeListName="?" codeListVersion="?">?</naa:LegalClassification>
                           <!--Zero or more repetitions:-->
                           <naa:Organisation/>
                           <!--1 or more repetitions:-->
                           <naa:OrganisationName ref="?">
                              <naa:Classification codeName="?" codeListURI="?" codeListAgency="?" codeListName="?" codeListVersion="?">?</naa:Classification>
                              <naa:Name LanguageIdentifier="?" LanguageLocaleIdentifier="?">?</naa:Name>
                              <!--Optional:-->
                              <naa:ValidityPeriod ref="?">
                                 <!--Optional:-->
                                 <naa:Complete Format="?">?</naa:Complete>
                                 <!--Optional:-->
                                 <naa:Description LanguageIdentifier="?" LanguageLocaleIdentifier="?">?</naa:Description>
                                 <!--Optional:-->
                                 <naa:Duration UnitCode="?">?</naa:Duration>
                                 <!--Optional:-->
                                 <naa:End Format="?">?</naa:End>
                                 <naa:Identification identificationSchemeName="?" identificationSchemeURI="?" identificationSchemeVersion="?" identificationSchemeAgency="?">?</naa:Identification>
                                 <!--Optional:-->
                                 <naa:Inclusive Format="?">?</naa:Inclusive>
                                 <!--Optional:-->
                                 <naa:Name LanguageIdentifier="?" LanguageLocaleIdentifier="?">?</naa:Name>
                                 <!--Optional:-->
                                 <naa:Sequence identificationSchemeName="?" identificationSchemeURI="?" identificationSchemeVersion="?" identificationSchemeAgency="?">?</naa:Sequence>
                                 <naa:Start Format="?">?</naa:Start>
                              </naa:ValidityPeriod>
                           </naa:OrganisationName>
                           <!--Zero or more repetitions:-->
                           <naa:PhysicalAddress ref="?">
                              <!--Zero or more repetitions:-->
                              <naa:Address/>
                              <!--Optional:-->
                              <naa:BlockName LanguageIdentifier="?" LanguageLocaleIdentifier="?">?</naa:BlockName>
                              <!--Optional:-->
                              <naa:BuildingName LanguageIdentifier="?" LanguageLocaleIdentifier="?">?</naa:BuildingName>
                              <!--Optional:-->
                              <naa:BuildingNumber LanguageIdentifier="?" LanguageLocaleIdentifier="?">?</naa:BuildingNumber>
                              <!--Optional:-->
                              <naa:CityName LanguageIdentifier="?" LanguageLocaleIdentifier="?">?</naa:CityName>
                              <!--Optional:-->
                              <naa:Code codeName="?" codeListURI="?" codeListAgency="?" codeListName="?" codeListVersion="?">?</naa:Code>
                              <!--Optional:-->
                              <naa:CountryName codeName="?" codeListURI="?" codeListAgency="?" codeListName="?" codeListVersion="?">?</naa:CountryName>
                              <!--Optional:-->
                              <naa:CountrySubDivision codeName="?" codeListURI="?" codeListAgency="?" codeListName="?" codeListVersion="?">?</naa:CountrySubDivision>
                              <!--Zero or more repetitions:-->
                              <naa:Geocode ref="?">
                                 <!--Optional:-->
                                 <naa:AltimetricSystem codeName="?" codeListURI="?" codeListAgency="?" codeListName="?" codeListVersion="?">?</naa:AltimetricSystem>
                                 <!--Optional:-->
                                 <naa:Altitude Format="?">?</naa:Altitude>
                                 <naa:Identification identificationSchemeName="?" identificationSchemeURI="?" identificationSchemeVersion="?" identificationSchemeAgency="?">?</naa:Identification>
                                 <naa:Latitude Format="?">?</naa:Latitude>
                                 <!--Optional:-->
                                 <naa:LatitudeDirection codeName="?" codeListURI="?" codeListAgency="?" codeListName="?" codeListVersion="?">?</naa:LatitudeDirection>
                                 <naa:Longitude Format="?">?</naa:Longitude>
                                 <!--Optional:-->
                                 <naa:LongitudeDirection codeName="?" codeListURI="?" codeListAgency="?" codeListName="?" codeListVersion="?">?</naa:LongitudeDirection>
                                 <!--Optional:-->
                                 <naa:System codeName="?" codeListURI="?" codeListAgency="?" codeListName="?" codeListVersion="?">?</naa:System>
                              </naa:Geocode>
                              <naa:Identification identificationSchemeName="?" identificationSchemeURI="?" identificationSchemeVersion="?" identificationSchemeAgency="?">?</naa:Identification>
                              <!--Optional:-->
                              <naa:LineFive LanguageIdentifier="?" LanguageLocaleIdentifier="?">?</naa:LineFive>
                              <!--Optional:-->
                              <naa:LineFour LanguageIdentifier="?" LanguageLocaleIdentifier="?">?</naa:LineFour>
                              <!--Optional:-->
                              <naa:LineOne LanguageIdentifier="?" LanguageLocaleIdentifier="?">?</naa:LineOne>
                              <!--Optional:-->
                              <naa:LineSix LanguageIdentifier="?" LanguageLocaleIdentifier="?">?</naa:LineSix>
                              <!--Optional:-->
                              <naa:LineThree LanguageIdentifier="?" LanguageLocaleIdentifier="?">?</naa:LineThree>
                              <!--Optional:-->
                              <naa:LineTwo LanguageIdentifier="?" LanguageLocaleIdentifier="?">?</naa:LineTwo>
                              <!--Optional:-->
                              <naa:PostOfficeBox LanguageIdentifier="?" LanguageLocaleIdentifier="?">?</naa:PostOfficeBox>
                              <!--Optional:-->
                              <naa:Postcode LanguageIdentifier="?" LanguageLocaleIdentifier="?">?</naa:Postcode>
                              <!--Optional:-->
                              <naa:StreetName LanguageIdentifier="?" LanguageLocaleIdentifier="?">?</naa:StreetName>
                              <!--Optional:-->
                              <naa:StreetSuffix codeName="?" codeListURI="?" codeListAgency="?" codeListName="?" codeListVersion="?">?</naa:StreetSuffix>
                              <!--Optional:-->
                              <naa:StreetType codeName="?" codeListURI="?" codeListAgency="?" codeListName="?" codeListVersion="?">?</naa:StreetType>
                              <!--Optional:-->
                              <naa:Usage codeName="?" codeListURI="?" codeListAgency="?" codeListName="?" codeListVersion="?">?</naa:Usage>
                              <!--Optional:-->
                              <naa:UsagePeriod ref="?">
                                 <!--Optional:-->
                                 <naa:Complete Format="?">?</naa:Complete>
                                 <!--Optional:-->
                                 <naa:Description LanguageIdentifier="?" LanguageLocaleIdentifier="?">?</naa:Description>
                                 <!--Optional:-->
                                 <naa:Duration UnitCode="?">?</naa:Duration>
                                 <!--Optional:-->
                                 <naa:End Format="?">?</naa:End>
                                 <naa:Identification identificationSchemeName="?" identificationSchemeURI="?" identificationSchemeVersion="?" identificationSchemeAgency="?">?</naa:Identification>
                                 <!--Optional:-->
                                 <naa:Inclusive Format="?">?</naa:Inclusive>
                                 <!--Optional:-->
                                 <naa:Name LanguageIdentifier="?" LanguageLocaleIdentifier="?">?</naa:Name>
                                 <!--Optional:-->
                                 <naa:Sequence identificationSchemeName="?" identificationSchemeURI="?" identificationSchemeVersion="?" identificationSchemeAgency="?">?</naa:Sequence>
                                 <naa:Start Format="?">?</naa:Start>
                              </naa:UsagePeriod>
                           </naa:PhysicalAddress>
                           <!--Zero or more repetitions:-->
                           <naa:PostalAddress ref="?">
                              <!--Zero or more repetitions:-->
                              <naa:Address/>
                              <!--Optional:-->
                              <naa:BlockName LanguageIdentifier="?" LanguageLocaleIdentifier="?">?</naa:BlockName>
                              <!--Optional:-->
                              <naa:BuildingName LanguageIdentifier="?" LanguageLocaleIdentifier="?">?</naa:BuildingName>
                              <!--Optional:-->
                              <naa:BuildingNumber LanguageIdentifier="?" LanguageLocaleIdentifier="?">?</naa:BuildingNumber>
                              <!--Optional:-->
                              <naa:CityName LanguageIdentifier="?" LanguageLocaleIdentifier="?">?</naa:CityName>
                              <!--Optional:-->
                              <naa:Code codeName="?" codeListURI="?" codeListAgency="?" codeListName="?" codeListVersion="?">?</naa:Code>
                              <!--Optional:-->
                              <naa:CountryName codeName="?" codeListURI="?" codeListAgency="?" codeListName="?" codeListVersion="?">?</naa:CountryName>
                              <!--Optional:-->
                              <naa:CountrySubDivision codeName="?" codeListURI="?" codeListAgency="?" codeListName="?" codeListVersion="?">?</naa:CountrySubDivision>
                              <!--Zero or more repetitions:-->
                              <naa:Geocode ref="?">
                                 <!--Optional:-->
                                 <naa:AltimetricSystem codeName="?" codeListURI="?" codeListAgency="?" codeListName="?" codeListVersion="?">?</naa:AltimetricSystem>
                                 <!--Optional:-->
                                 <naa:Altitude Format="?">?</naa:Altitude>
                                 <naa:Identification identificationSchemeName="?" identificationSchemeURI="?" identificationSchemeVersion="?" identificationSchemeAgency="?">?</naa:Identification>
                                 <naa:Latitude Format="?">?</naa:Latitude>
                                 <!--Optional:-->
                                 <naa:LatitudeDirection codeName="?" codeListURI="?" codeListAgency="?" codeListName="?" codeListVersion="?">?</naa:LatitudeDirection>
                                 <naa:Longitude Format="?">?</naa:Longitude>
                                 <!--Optional:-->
                                 <naa:LongitudeDirection codeName="?" codeListURI="?" codeListAgency="?" codeListName="?" codeListVersion="?">?</naa:LongitudeDirection>
                                 <!--Optional:-->
                                 <naa:System codeName="?" codeListURI="?" codeListAgency="?" codeListName="?" codeListVersion="?">?</naa:System>
                              </naa:Geocode>
                              <naa:Identification identificationSchemeName="?" identificationSchemeURI="?" identificationSchemeVersion="?" identificationSchemeAgency="?">?</naa:Identification>
                              <!--Optional:-->
                              <naa:LineFive LanguageIdentifier="?" LanguageLocaleIdentifier="?">?</naa:LineFive>
                              <!--Optional:-->
                              <naa:LineFour LanguageIdentifier="?" LanguageLocaleIdentifier="?">?</naa:LineFour>
                              <!--Optional:-->
                              <naa:LineOne LanguageIdentifier="?" LanguageLocaleIdentifier="?">?</naa:LineOne>
                              <!--Optional:-->
                              <naa:LineSix LanguageIdentifier="?" LanguageLocaleIdentifier="?">?</naa:LineSix>
                              <!--Optional:-->
                              <naa:LineThree LanguageIdentifier="?" LanguageLocaleIdentifier="?">?</naa:LineThree>
                              <!--Optional:-->
                              <naa:LineTwo LanguageIdentifier="?" LanguageLocaleIdentifier="?">?</naa:LineTwo>
                              <!--Optional:-->
                              <naa:PostOfficeBox LanguageIdentifier="?" LanguageLocaleIdentifier="?">?</naa:PostOfficeBox>
                              <!--Optional:-->
                              <naa:Postcode LanguageIdentifier="?" LanguageLocaleIdentifier="?">?</naa:Postcode>
                              <!--Optional:-->
                              <naa:StreetName LanguageIdentifier="?" LanguageLocaleIdentifier="?">?</naa:StreetName>
                              <!--Optional:-->
                              <naa:StreetSuffix codeName="?" codeListURI="?" codeListAgency="?" codeListName="?" codeListVersion="?">?</naa:StreetSuffix>
                              <!--Optional:-->
                              <naa:StreetType codeName="?" codeListURI="?" codeListAgency="?" codeListName="?" codeListVersion="?">?</naa:StreetType>
                              <!--Optional:-->
                              <naa:Usage codeName="?" codeListURI="?" codeListAgency="?" codeListName="?" codeListVersion="?">?</naa:Usage>
                              <!--Optional:-->
                              <naa:UsagePeriod ref="?">
                                 <!--Optional:-->
                                 <naa:Complete Format="?">?</naa:Complete>
                                 <!--Optional:-->
                                 <naa:Description LanguageIdentifier="?" LanguageLocaleIdentifier="?">?</naa:Description>
                                 <!--Optional:-->
                                 <naa:Duration UnitCode="?">?</naa:Duration>
                                 <!--Optional:-->
                                 <naa:End Format="?">?</naa:End>
                                 <naa:Identification identificationSchemeName="?" identificationSchemeURI="?" identificationSchemeVersion="?" identificationSchemeAgency="?">?</naa:Identification>
                                 <!--Optional:-->
                                 <naa:Inclusive Format="?">?</naa:Inclusive>
                                 <!--Optional:-->
                                 <naa:Name LanguageIdentifier="?" LanguageLocaleIdentifier="?">?</naa:Name>
                                 <!--Optional:-->
                                 <naa:Sequence identificationSchemeName="?" identificationSchemeURI="?" identificationSchemeVersion="?" identificationSchemeAgency="?">?</naa:Sequence>
                                 <naa:Start Format="?">?</naa:Start>
                              </naa:UsagePeriod>
                           </naa:PostalAddress>
                           <!--Zero or more repetitions:-->
                           <naa:Registration ref="?">
                              <!--Optional:-->
                              <naa:Category codeName="?" codeListURI="?" codeListAgency="?" codeListName="?" codeListVersion="?">?</naa:Category>
                              <!--Optional:-->
                              <naa:Country codeName="?" codeListURI="?" codeListAgency="?" codeListName="?" codeListVersion="?">?</naa:Country>
                              <naa:Identification identificationSchemeName="?" identificationSchemeURI="?" identificationSchemeVersion="?" identificationSchemeAgency="?">?</naa:Identification>
                              <!--Optional:-->
                              <naa:Licence identificationSchemeName="?" identificationSchemeURI="?" identificationSchemeVersion="?" identificationSchemeAgency="?">?</naa:Licence>
                              <!--Optional:-->
                              <naa:Recorded Format="?">?</naa:Recorded>
                              <!--Optional:-->
                              <naa:Type codeName="?" codeListURI="?" codeListAgency="?" codeListName="?" codeListVersion="?">?</naa:Type>
                              <!--Optional:-->
                              <naa:ValidityPeriod ref="?">
                                 <!--Optional:-->
                                 <naa:Complete Format="?">?</naa:Complete>
                                 <!--Optional:-->
                                 <naa:Description LanguageIdentifier="?" LanguageLocaleIdentifier="?">?</naa:Description>
                                 <!--Optional:-->
                                 <naa:Duration UnitCode="?">?</naa:Duration>
                                 <!--Optional:-->
                                 <naa:End Format="?">?</naa:End>
                                 <naa:Identification identificationSchemeName="?" identificationSchemeURI="?" identificationSchemeVersion="?" identificationSchemeAgency="?">?</naa:Identification>
                                 <!--Optional:-->
                                 <naa:Inclusive Format="?">?</naa:Inclusive>
                                 <!--Optional:-->
                                 <naa:Name LanguageIdentifier="?" LanguageLocaleIdentifier="?">?</naa:Name>
                                 <!--Optional:-->
                                 <naa:Sequence identificationSchemeName="?" identificationSchemeURI="?" identificationSchemeVersion="?" identificationSchemeAgency="?">?</naa:Sequence>
                                 <naa:Start Format="?">?</naa:Start>
                              </naa:ValidityPeriod>
                           </naa:Registration>
                           <!--Zero or more repetitions:-->
                           <naa:Status ref="?">
                              <naa:Code codeName="?" codeListURI="?" codeListAgency="?" codeListName="?" codeListVersion="?">?</naa:Code>
                              <!--Optional:-->
                              <naa:Description LanguageIdentifier="?" LanguageLocaleIdentifier="?">?</naa:Description>
                              <!--Optional:-->
                              <naa:ValidityPeriod ref="?">
                                 <!--Optional:-->
                                 <naa:Complete Format="?">?</naa:Complete>
                                 <!--Optional:-->
                                 <naa:Description LanguageIdentifier="?" LanguageLocaleIdentifier="?">?</naa:Description>
                                 <!--Optional:-->
                                 <naa:Duration UnitCode="?">?</naa:Duration>
                                 <!--Optional:-->
                                 <naa:End Format="?">?</naa:End>
                                 <naa:Identification identificationSchemeName="?" identificationSchemeURI="?" identificationSchemeVersion="?" identificationSchemeAgency="?">?</naa:Identification>
                                 <!--Optional:-->
                                 <naa:Inclusive Format="?">?</naa:Inclusive>
                                 <!--Optional:-->
                                 <naa:Name LanguageIdentifier="?" LanguageLocaleIdentifier="?">?</naa:Name>
                                 <!--Optional:-->
                                 <naa:Sequence identificationSchemeName="?" identificationSchemeURI="?" identificationSchemeVersion="?" identificationSchemeAgency="?">?</naa:Sequence>
                                 <naa:Start Format="?">?</naa:Start>
                              </naa:ValidityPeriod>
                           </naa:Status>
                           <!--Zero or more repetitions:-->
                           <naa:Telephone ref="?">
                              <!--Optional:-->
                              <naa:AreaCode codeName="?" codeListURI="?" codeListAgency="?" codeListName="?" codeListVersion="?">?</naa:AreaCode>
                              <!--Optional:-->
                              <naa:CountryCode codeName="?" codeListURI="?" codeListAgency="?" codeListName="?" codeListVersion="?">?</naa:CountryCode>
                              <!--Optional:-->
                              <naa:Extension LanguageIdentifier="?" LanguageLocaleIdentifier="?">?</naa:Extension>
                              <naa:Number identificationSchemeName="?" identificationSchemeURI="?" identificationSchemeVersion="?" identificationSchemeAgency="?">?</naa:Number>
                              <naa:Type codeName="?" codeListURI="?" codeListAgency="?" codeListName="?" codeListVersion="?">?</naa:Type>
                           </naa:Telephone>
                           <!--Optional:-->
                           <naa:Type codeName="?" codeListURI="?" codeListAgency="?" codeListName="?" codeListVersion="?">?</naa:Type>
                        </naa:Organisation>
                        <!--Optional:-->
                        <naa:Person ref="?">
                           <!--Optional:-->
                           <naa:Description LanguageIdentifier="?" LanguageLocaleIdentifier="?">?</naa:Description>
                           <naa:Identification identificationSchemeName="?" identificationSchemeURI="?" identificationSchemeVersion="?" identificationSchemeAgency="?">?</naa:Identification>
                           <!--Zero or more repetitions:-->
                           <naa:Internet ref="?">
                              <naa:Type codeName="?" codeListURI="?" codeListAgency="?" codeListName="?" codeListVersion="?">?</naa:Type>
                              <naa:URI>?</naa:URI>
                           </naa:Internet>
                           <!--1 or more repetitions:-->
                           <naa:PersonName ref="?">
                              <naa:Classification codeName="?" codeListURI="?" codeListAgency="?" codeListName="?" codeListVersion="?">?</naa:Classification>
                              <!--Optional:-->
                              <naa:FamilyName LanguageIdentifier="?" LanguageLocaleIdentifier="?">?</naa:FamilyName>
                              <!--Optional:-->
                              <naa:FamilyNamePrefix LanguageIdentifier="?" LanguageLocaleIdentifier="?">?</naa:FamilyNamePrefix>
                              <!--Optional:-->
                              <naa:GivenName LanguageIdentifier="?" LanguageLocaleIdentifier="?">?</naa:GivenName>
                              <!--Optional:-->
                              <naa:MiddleName LanguageIdentifier="?" LanguageLocaleIdentifier="?">?</naa:MiddleName>
                              <!--Optional:-->
                              <naa:Name LanguageIdentifier="?" LanguageLocaleIdentifier="?">?</naa:Name>
                              <!--Optional:-->
                              <naa:NameSuffix codeName="?" codeListURI="?" codeListAgency="?" codeListName="?" codeListVersion="?">?</naa:NameSuffix>
                              <!--Optional:-->
                              <naa:Salutation LanguageIdentifier="?" LanguageLocaleIdentifier="?">?</naa:Salutation>
                              <!--Optional:-->
                              <naa:Title codeName="?" codeListURI="?" codeListAgency="?" codeListName="?" codeListVersion="?">?</naa:Title>
                              <!--Optional:-->
                              <naa:ValidityPeriod ref="?">
                                 <!--Optional:-->
                                 <naa:Complete Format="?">?</naa:Complete>
                                 <!--Optional:-->
                                 <naa:Description LanguageIdentifier="?" LanguageLocaleIdentifier="?">?</naa:Description>
                                 <!--Optional:-->
                                 <naa:Duration UnitCode="?">?</naa:Duration>
                                 <!--Optional:-->
                                 <naa:End Format="?">?</naa:End>
                                 <naa:Identification identificationSchemeName="?" identificationSchemeURI="?" identificationSchemeVersion="?" identificationSchemeAgency="?">?</naa:Identification>
                                 <!--Optional:-->
                                 <naa:Inclusive Format="?">?</naa:Inclusive>
                                 <!--Optional:-->
                                 <naa:Name LanguageIdentifier="?" LanguageLocaleIdentifier="?">?</naa:Name>
                                 <!--Optional:-->
                                 <naa:Sequence identificationSchemeName="?" identificationSchemeURI="?" identificationSchemeVersion="?" identificationSchemeAgency="?">?</naa:Sequence>
                                 <naa:Start Format="?">?</naa:Start>
                              </naa:ValidityPeriod>
                           </naa:PersonName>
                           <!--Zero or more repetitions:-->
                           <naa:PostalAddress ref="?">
                              <!--Zero or more repetitions:-->
                              <naa:Address/>
                              <!--Optional:-->
                              <naa:BlockName LanguageIdentifier="?" LanguageLocaleIdentifier="?">?</naa:BlockName>
                              <!--Optional:-->
                              <naa:BuildingName LanguageIdentifier="?" LanguageLocaleIdentifier="?">?</naa:BuildingName>
                              <!--Optional:-->
                              <naa:BuildingNumber LanguageIdentifier="?" LanguageLocaleIdentifier="?">?</naa:BuildingNumber>
                              <!--Optional:-->
                              <naa:CityName LanguageIdentifier="?" LanguageLocaleIdentifier="?">?</naa:CityName>
                              <!--Optional:-->
                              <naa:Code codeName="?" codeListURI="?" codeListAgency="?" codeListName="?" codeListVersion="?">?</naa:Code>
                              <!--Optional:-->
                              <naa:CountryName codeName="?" codeListURI="?" codeListAgency="?" codeListName="?" codeListVersion="?">?</naa:CountryName>
                              <!--Optional:-->
                              <naa:CountrySubDivision codeName="?" codeListURI="?" codeListAgency="?" codeListName="?" codeListVersion="?">?</naa:CountrySubDivision>
                              <!--Zero or more repetitions:-->
                              <naa:Geocode ref="?">
                                 <!--Optional:-->
                                 <naa:AltimetricSystem codeName="?" codeListURI="?" codeListAgency="?" codeListName="?" codeListVersion="?">?</naa:AltimetricSystem>
                                 <!--Optional:-->
                                 <naa:Altitude Format="?">?</naa:Altitude>
                                 <naa:Identification identificationSchemeName="?" identificationSchemeURI="?" identificationSchemeVersion="?" identificationSchemeAgency="?">?</naa:Identification>
                                 <naa:Latitude Format="?">?</naa:Latitude>
                                 <!--Optional:-->
                                 <naa:LatitudeDirection codeName="?" codeListURI="?" codeListAgency="?" codeListName="?" codeListVersion="?">?</naa:LatitudeDirection>
                                 <naa:Longitude Format="?">?</naa:Longitude>
                                 <!--Optional:-->
                                 <naa:LongitudeDirection codeName="?" codeListURI="?" codeListAgency="?" codeListName="?" codeListVersion="?">?</naa:LongitudeDirection>
                                 <!--Optional:-->
                                 <naa:System codeName="?" codeListURI="?" codeListAgency="?" codeListName="?" codeListVersion="?">?</naa:System>
                              </naa:Geocode>
                              <naa:Identification identificationSchemeName="?" identificationSchemeURI="?" identificationSchemeVersion="?" identificationSchemeAgency="?">?</naa:Identification>
                              <!--Optional:-->
                              <naa:LineFive LanguageIdentifier="?" LanguageLocaleIdentifier="?">?</naa:LineFive>
                              <!--Optional:-->
                              <naa:LineFour LanguageIdentifier="?" LanguageLocaleIdentifier="?">?</naa:LineFour>
                              <!--Optional:-->
                              <naa:LineOne LanguageIdentifier="?" LanguageLocaleIdentifier="?">?</naa:LineOne>
                              <!--Optional:-->
                              <naa:LineSix LanguageIdentifier="?" LanguageLocaleIdentifier="?">?</naa:LineSix>
                              <!--Optional:-->
                              <naa:LineThree LanguageIdentifier="?" LanguageLocaleIdentifier="?">?</naa:LineThree>
                              <!--Optional:-->
                              <naa:LineTwo LanguageIdentifier="?" LanguageLocaleIdentifier="?">?</naa:LineTwo>
                              <!--Optional:-->
                              <naa:PostOfficeBox LanguageIdentifier="?" LanguageLocaleIdentifier="?">?</naa:PostOfficeBox>
                              <!--Optional:-->
                              <naa:Postcode LanguageIdentifier="?" LanguageLocaleIdentifier="?">?</naa:Postcode>
                              <!--Optional:-->
                              <naa:StreetName LanguageIdentifier="?" LanguageLocaleIdentifier="?">?</naa:StreetName>
                              <!--Optional:-->
                              <naa:StreetSuffix codeName="?" codeListURI="?" codeListAgency="?" codeListName="?" codeListVersion="?">?</naa:StreetSuffix>
                              <!--Optional:-->
                              <naa:StreetType codeName="?" codeListURI="?" codeListAgency="?" codeListName="?" codeListVersion="?">?</naa:StreetType>
                              <!--Optional:-->
                              <naa:Usage codeName="?" codeListURI="?" codeListAgency="?" codeListName="?" codeListVersion="?">?</naa:Usage>
                              <!--Optional:-->
                              <naa:UsagePeriod ref="?">
                                 <!--Optional:-->
                                 <naa:Complete Format="?">?</naa:Complete>
                                 <!--Optional:-->
                                 <naa:Description LanguageIdentifier="?" LanguageLocaleIdentifier="?">?</naa:Description>
                                 <!--Optional:-->
                                 <naa:Duration UnitCode="?">?</naa:Duration>
                                 <!--Optional:-->
                                 <naa:End Format="?">?</naa:End>
                                 <naa:Identification identificationSchemeName="?" identificationSchemeURI="?" identificationSchemeVersion="?" identificationSchemeAgency="?">?</naa:Identification>
                                 <!--Optional:-->
                                 <naa:Inclusive Format="?">?</naa:Inclusive>
                                 <!--Optional:-->
                                 <naa:Name LanguageIdentifier="?" LanguageLocaleIdentifier="?">?</naa:Name>
                                 <!--Optional:-->
                                 <naa:Sequence identificationSchemeName="?" identificationSchemeURI="?" identificationSchemeVersion="?" identificationSchemeAgency="?">?</naa:Sequence>
                                 <naa:Start Format="?">?</naa:Start>
                              </naa:UsagePeriod>
                           </naa:PostalAddress>
                           <!--Zero or more repetitions:-->
                           <naa:Registration ref="?">
                              <!--Optional:-->
                              <naa:Category codeName="?" codeListURI="?" codeListAgency="?" codeListName="?" codeListVersion="?">?</naa:Category>
                              <!--Optional:-->
                              <naa:Country codeName="?" codeListURI="?" codeListAgency="?" codeListName="?" codeListVersion="?">?</naa:Country>
                              <naa:Identification identificationSchemeName="?" identificationSchemeURI="?" identificationSchemeVersion="?" identificationSchemeAgency="?">?</naa:Identification>
                              <!--Optional:-->
                              <naa:Licence identificationSchemeName="?" identificationSchemeURI="?" identificationSchemeVersion="?" identificationSchemeAgency="?">?</naa:Licence>
                              <!--Optional:-->
                              <naa:Recorded Format="?">?</naa:Recorded>
                              <!--Optional:-->
                              <naa:Type codeName="?" codeListURI="?" codeListAgency="?" codeListName="?" codeListVersion="?">?</naa:Type>
                              <!--Optional:-->
                              <naa:ValidityPeriod ref="?">
                                 <!--Optional:-->
                                 <naa:Complete Format="?">?</naa:Complete>
                                 <!--Optional:-->
                                 <naa:Description LanguageIdentifier="?" LanguageLocaleIdentifier="?">?</naa:Description>
                                 <!--Optional:-->
                                 <naa:Duration UnitCode="?">?</naa:Duration>
                                 <!--Optional:-->
                                 <naa:End Format="?">?</naa:End>
                                 <naa:Identification identificationSchemeName="?" identificationSchemeURI="?" identificationSchemeVersion="?" identificationSchemeAgency="?">?</naa:Identification>
                                 <!--Optional:-->
                                 <naa:Inclusive Format="?">?</naa:Inclusive>
                                 <!--Optional:-->
                                 <naa:Name LanguageIdentifier="?" LanguageLocaleIdentifier="?">?</naa:Name>
                                 <!--Optional:-->
                                 <naa:Sequence identificationSchemeName="?" identificationSchemeURI="?" identificationSchemeVersion="?" identificationSchemeAgency="?">?</naa:Sequence>
                                 <naa:Start Format="?">?</naa:Start>
                              </naa:ValidityPeriod>
                           </naa:Registration>
                           <!--Zero or more repetitions:-->
                           <naa:ResidentialAddress ref="?">
                              <!--Zero or more repetitions:-->
                              <naa:Address/>
                              <!--Optional:-->
                              <naa:BlockName LanguageIdentifier="?" LanguageLocaleIdentifier="?">?</naa:BlockName>
                              <!--Optional:-->
                              <naa:BuildingName LanguageIdentifier="?" LanguageLocaleIdentifier="?">?</naa:BuildingName>
                              <!--Optional:-->
                              <naa:BuildingNumber LanguageIdentifier="?" LanguageLocaleIdentifier="?">?</naa:BuildingNumber>
                              <!--Optional:-->
                              <naa:CityName LanguageIdentifier="?" LanguageLocaleIdentifier="?">?</naa:CityName>
                              <!--Optional:-->
                              <naa:Code codeName="?" codeListURI="?" codeListAgency="?" codeListName="?" codeListVersion="?">?</naa:Code>
                              <!--Optional:-->
                              <naa:CountryName codeName="?" codeListURI="?" codeListAgency="?" codeListName="?" codeListVersion="?">?</naa:CountryName>
                              <!--Optional:-->
                              <naa:CountrySubDivision codeName="?" codeListURI="?" codeListAgency="?" codeListName="?" codeListVersion="?">?</naa:CountrySubDivision>
                              <!--Zero or more repetitions:-->
                              <naa:Geocode ref="?">
                                 <!--Optional:-->
                                 <naa:AltimetricSystem codeName="?" codeListURI="?" codeListAgency="?" codeListName="?" codeListVersion="?">?</naa:AltimetricSystem>
                                 <!--Optional:-->
                                 <naa:Altitude Format="?">?</naa:Altitude>
                                 <naa:Identification identificationSchemeName="?" identificationSchemeURI="?" identificationSchemeVersion="?" identificationSchemeAgency="?">?</naa:Identification>
                                 <naa:Latitude Format="?">?</naa:Latitude>
                                 <!--Optional:-->
                                 <naa:LatitudeDirection codeName="?" codeListURI="?" codeListAgency="?" codeListName="?" codeListVersion="?">?</naa:LatitudeDirection>
                                 <naa:Longitude Format="?">?</naa:Longitude>
                                 <!--Optional:-->
                                 <naa:LongitudeDirection codeName="?" codeListURI="?" codeListAgency="?" codeListName="?" codeListVersion="?">?</naa:LongitudeDirection>
                                 <!--Optional:-->
                                 <naa:System codeName="?" codeListURI="?" codeListAgency="?" codeListName="?" codeListVersion="?">?</naa:System>
                              </naa:Geocode>
                              <naa:Identification identificationSchemeName="?" identificationSchemeURI="?" identificationSchemeVersion="?" identificationSchemeAgency="?">?</naa:Identification>
                              <!--Optional:-->
                              <naa:LineFive LanguageIdentifier="?" LanguageLocaleIdentifier="?">?</naa:LineFive>
                              <!--Optional:-->
                              <naa:LineFour LanguageIdentifier="?" LanguageLocaleIdentifier="?">?</naa:LineFour>
                              <!--Optional:-->
                              <naa:LineOne LanguageIdentifier="?" LanguageLocaleIdentifier="?">?</naa:LineOne>
                              <!--Optional:-->
                              <naa:LineSix LanguageIdentifier="?" LanguageLocaleIdentifier="?">?</naa:LineSix>
                              <!--Optional:-->
                              <naa:LineThree LanguageIdentifier="?" LanguageLocaleIdentifier="?">?</naa:LineThree>
                              <!--Optional:-->
                              <naa:LineTwo LanguageIdentifier="?" LanguageLocaleIdentifier="?">?</naa:LineTwo>
                              <!--Optional:-->
                              <naa:PostOfficeBox LanguageIdentifier="?" LanguageLocaleIdentifier="?">?</naa:PostOfficeBox>
                              <!--Optional:-->
                              <naa:Postcode LanguageIdentifier="?" LanguageLocaleIdentifier="?">?</naa:Postcode>
                              <!--Optional:-->
                              <naa:StreetName LanguageIdentifier="?" LanguageLocaleIdentifier="?">?</naa:StreetName>
                              <!--Optional:-->
                              <naa:StreetSuffix codeName="?" codeListURI="?" codeListAgency="?" codeListName="?" codeListVersion="?">?</naa:StreetSuffix>
                              <!--Optional:-->
                              <naa:StreetType codeName="?" codeListURI="?" codeListAgency="?" codeListName="?" codeListVersion="?">?</naa:StreetType>
                              <!--Optional:-->
                              <naa:Usage codeName="?" codeListURI="?" codeListAgency="?" codeListName="?" codeListVersion="?">?</naa:Usage>
                              <!--Optional:-->
                              <naa:UsagePeriod ref="?">
                                 <!--Optional:-->
                                 <naa:Complete Format="?">?</naa:Complete>
                                 <!--Optional:-->
                                 <naa:Description LanguageIdentifier="?" LanguageLocaleIdentifier="?">?</naa:Description>
                                 <!--Optional:-->
                                 <naa:Duration UnitCode="?">?</naa:Duration>
                                 <!--Optional:-->
                                 <naa:End Format="?">?</naa:End>
                                 <naa:Identification identificationSchemeName="?" identificationSchemeURI="?" identificationSchemeVersion="?" identificationSchemeAgency="?">?</naa:Identification>
                                 <!--Optional:-->
                                 <naa:Inclusive Format="?">?</naa:Inclusive>
                                 <!--Optional:-->
                                 <naa:Name LanguageIdentifier="?" LanguageLocaleIdentifier="?">?</naa:Name>
                                 <!--Optional:-->
                                 <naa:Sequence identificationSchemeName="?" identificationSchemeURI="?" identificationSchemeVersion="?" identificationSchemeAgency="?">?</naa:Sequence>
                                 <naa:Start Format="?">?</naa:Start>
                              </naa:UsagePeriod>
                           </naa:ResidentialAddress>
                           <!--Zero or more repetitions:-->
                           <naa:Status ref="?">
                              <naa:Code codeName="?" codeListURI="?" codeListAgency="?" codeListName="?" codeListVersion="?">?</naa:Code>
                              <!--Optional:-->
                              <naa:Description LanguageIdentifier="?" LanguageLocaleIdentifier="?">?</naa:Description>
                              <!--Optional:-->
                              <naa:ValidityPeriod ref="?">
                                 <!--Optional:-->
                                 <naa:Complete Format="?">?</naa:Complete>
                                 <!--Optional:-->
                                 <naa:Description LanguageIdentifier="?" LanguageLocaleIdentifier="?">?</naa:Description>
                                 <!--Optional:-->
                                 <naa:Duration UnitCode="?">?</naa:Duration>
                                 <!--Optional:-->
                                 <naa:End Format="?">?</naa:End>
                                 <naa:Identification identificationSchemeName="?" identificationSchemeURI="?" identificationSchemeVersion="?" identificationSchemeAgency="?">?</naa:Identification>
                                 <!--Optional:-->
                                 <naa:Inclusive Format="?">?</naa:Inclusive>
                                 <!--Optional:-->
                                 <naa:Name LanguageIdentifier="?" LanguageLocaleIdentifier="?">?</naa:Name>
                                 <!--Optional:-->
                                 <naa:Sequence identificationSchemeName="?" identificationSchemeURI="?" identificationSchemeVersion="?" identificationSchemeAgency="?">?</naa:Sequence>
                                 <naa:Start Format="?">?</naa:Start>
                              </naa:ValidityPeriod>
                           </naa:Status>
                           <!--Zero or more repetitions:-->
                           <naa:Telephone ref="?">
                              <!--Optional:-->
                              <naa:AreaCode codeName="?" codeListURI="?" codeListAgency="?" codeListName="?" codeListVersion="?">?</naa:AreaCode>
                              <!--Optional:-->
                              <naa:CountryCode codeName="?" codeListURI="?" codeListAgency="?" codeListName="?" codeListVersion="?">?</naa:CountryCode>
                              <!--Optional:-->
                              <naa:Extension LanguageIdentifier="?" LanguageLocaleIdentifier="?">?</naa:Extension>
                              <naa:Number identificationSchemeName="?" identificationSchemeURI="?" identificationSchemeVersion="?" identificationSchemeAgency="?">?</naa:Number>
                              <naa:Type codeName="?" codeListURI="?" codeListAgency="?" codeListName="?" codeListVersion="?">?</naa:Type>
                           </naa:Telephone>
                        </naa:Person>
                        <naa:Identification identificationSchemeName="?" identificationSchemeURI="?" identificationSchemeVersion="?" identificationSchemeAgency="?">?</naa:Identification>
                        <!--Optional:-->
                        <naa:Language codeName="?" codeListURI="?" codeListAgency="?" codeListName="?" codeListVersion="?">?</naa:Language>
                        <naa:Name LanguageIdentifier="?" LanguageLocaleIdentifier="?">?</naa:Name>
                        <!--Optional:-->
                        <naa:Type LanguageIdentifier="?" LanguageLocaleIdentifier="?">?</naa:Type>
                     </da:Party>
                     <!--Optional:-->
                     <da:Type codeName="?" codeListURI="?" codeListAgency="?" codeListName="?" codeListVersion="?">?</da:Type>
                  </da:ResponsiblePartyRole>
               </da:AssessmentIssue>
               <!--Zero or more repetitions:-->
               <da:Attachment ref="?">
                  <!--Zero or more repetitions:-->
                  <da:Contributor LanguageIdentifier="?" LanguageLocaleIdentifier="?">?</da:Contributor>
                  <!--Zero or more repetitions:-->
                  <da:Coverage LanguageIdentifier="?" LanguageLocaleIdentifier="?">?</da:Coverage>
                  <!--Zero or more repetitions:-->
                  <da:Creator LanguageIdentifier="?" LanguageLocaleIdentifier="?">?</da:Creator>
                  <!--Optional:-->
                  <da:Date Format="?">?</da:Date>
                  <!--Zero or more repetitions:-->
                  <da:Description LanguageIdentifier="?" LanguageLocaleIdentifier="?">?</da:Description>
                  <!--Optional:-->
                  <da:Format LanguageIdentifier="?" LanguageLocaleIdentifier="?">?</da:Format>
                  <da:Identification identificationSchemeName="?" identificationSchemeURI="?" identificationSchemeVersion="?" identificationSchemeAgency="?">?</da:Identification>
                  <!--Zero or more repetitions:-->
                  <da:Language LanguageIdentifier="?" LanguageLocaleIdentifier="?">?</da:Language>
                  <!--Zero or more repetitions:-->
                  <da:Publisher LanguageIdentifier="?" LanguageLocaleIdentifier="?">?</da:Publisher>
                  <!--Zero or more repetitions:-->
                  <da:Relation LanguageIdentifier="?" LanguageLocaleIdentifier="?">?</da:Relation>
                  <!--Zero or more repetitions:-->
                  <da:Rights LanguageIdentifier="?" LanguageLocaleIdentifier="?">?</da:Rights>
                  <!--Optional:-->
                  <da:Size UnitCode="?">?</da:Size>
                  <!--Zero or more repetitions:-->
                  <da:Source LanguageIdentifier="?" LanguageLocaleIdentifier="?">?</da:Source>
                  <!--Optional:-->
                  <da:Subject LanguageIdentifier="?" LanguageLocaleIdentifier="?">?</da:Subject>
                  <!--Optional:-->
                  <da:Title LanguageIdentifier="?" LanguageLocaleIdentifier="?">?</da:Title>
                  <!--Optional:-->
                  <da:Type LanguageIdentifier="?" LanguageLocaleIdentifier="?">?</da:Type>
                  <!--Optional:-->
                  <da:Version LanguageIdentifier="?" LanguageLocaleIdentifier="?">?</da:Version>
                  <!--You have a CHOICE of the next 2 items at this level-->
                  <!--Optional:-->
                  <da:Attachment Format="?" MimeCode="?" CharacterSetCode="?" EncodingCode="?" UniformResourceIdentifier="?" Filename="?">cid:62931679716</da:Attachment>
                  <!--Optional:-->
                  <da:URI>?</da:URI>
               </da:Attachment>
               <!--Optional:-->
               <da:ComplianceWithPlan LanguageIdentifier="?" LanguageLocaleIdentifier="?">?</da:ComplianceWithPlan>
               <!--Optional:-->
               <da:Effort LanguageIdentifier="?" LanguageLocaleIdentifier="?">?</da:Effort>
               <!--Zero or more repetitions:-->
               <da:PartyRole ref="?">
                  <!--Optional:-->
                  <da:DateTime Format="?">?</da:DateTime>
                  <!--1 or more repetitions:-->
                  <da:Party ref="?">
                     <!--Optional:-->
                     <naa:AccessRights codeName="?" codeListURI="?" codeListAgency="?" codeListName="?" codeListVersion="?">?</naa:AccessRights>
                     <!--Optional:-->
                     <naa:Description LanguageIdentifier="?" LanguageLocaleIdentifier="?">?</naa:Description>
                     <!--You have a CHOICE of the next 2 items at this level-->
                     <!--Optional:-->
                     <naa:Organisation ref="?">
                        <!--Zero or more repetitions:-->
                        <naa:Contact ref="?">
                           <!--Optional:-->
                           <naa:DepartmentName LanguageIdentifier="?" LanguageLocaleIdentifier="?">?</naa:DepartmentName>
                           <!--Optional:-->
                           <naa:Description LanguageIdentifier="?" LanguageLocaleIdentifier="?">?</naa:Description>
                           <naa:Identification identificationSchemeName="?" identificationSchemeURI="?" identificationSchemeVersion="?" identificationSchemeAgency="?">?</naa:Identification>
                           <!--Zero or more repetitions:-->
                           <naa:Internet ref="?">
                              <naa:Type codeName="?" codeListURI="?" codeListAgency="?" codeListName="?" codeListVersion="?">?</naa:Type>
                              <naa:URI>?</naa:URI>
                           </naa:Internet>
                           <!--Optional:-->
                           <naa:IsPrimary Format="?">?</naa:IsPrimary>
                           <!--Optional:-->
                           <naa:JobTitle LanguageIdentifier="?" LanguageLocaleIdentifier="?">?</naa:JobTitle>
                           <!--Optional:-->
                           <naa:PersonName ref="?">
                              <naa:Classification codeName="?" codeListURI="?" codeListAgency="?" codeListName="?" codeListVersion="?">?</naa:Classification>
                              <!--Optional:-->
                              <naa:FamilyName LanguageIdentifier="?" LanguageLocaleIdentifier="?">?</naa:FamilyName>
                              <!--Optional:-->
                              <naa:FamilyNamePrefix LanguageIdentifier="?" LanguageLocaleIdentifier="?">?</naa:FamilyNamePrefix>
                              <!--Optional:-->
                              <naa:GivenName LanguageIdentifier="?" LanguageLocaleIdentifier="?">?</naa:GivenName>
                              <!--Optional:-->
                              <naa:MiddleName LanguageIdentifier="?" LanguageLocaleIdentifier="?">?</naa:MiddleName>
                              <!--Optional:-->
                              <naa:Name LanguageIdentifier="?" LanguageLocaleIdentifier="?">?</naa:Name>
                              <!--Optional:-->
                              <naa:NameSuffix codeName="?" codeListURI="?" codeListAgency="?" codeListName="?" codeListVersion="?">?</naa:NameSuffix>
                              <!--Optional:-->
                              <naa:Salutation LanguageIdentifier="?" LanguageLocaleIdentifier="?">?</naa:Salutation>
                              <!--Optional:-->
                              <naa:Title codeName="?" codeListURI="?" codeListAgency="?" codeListName="?" codeListVersion="?">?</naa:Title>
                              <!--Optional:-->
                              <naa:ValidityPeriod ref="?">
                                 <!--Optional:-->
                                 <naa:Complete Format="?">?</naa:Complete>
                                 <!--Optional:-->
                                 <naa:Description LanguageIdentifier="?" LanguageLocaleIdentifier="?">?</naa:Description>
                                 <!--Optional:-->
                                 <naa:Duration UnitCode="?">?</naa:Duration>
                                 <!--Optional:-->
                                 <naa:End Format="?">?</naa:End>
                                 <naa:Identification identificationSchemeName="?" identificationSchemeURI="?" identificationSchemeVersion="?" identificationSchemeAgency="?">?</naa:Identification>
                                 <!--Optional:-->
                                 <naa:Inclusive Format="?">?</naa:Inclusive>
                                 <!--Optional:-->
                                 <naa:Name LanguageIdentifier="?" LanguageLocaleIdentifier="?">?</naa:Name>
                                 <!--Optional:-->
                                 <naa:Sequence identificationSchemeName="?" identificationSchemeURI="?" identificationSchemeVersion="?" identificationSchemeAgency="?">?</naa:Sequence>
                                 <naa:Start Format="?">?</naa:Start>
                              </naa:ValidityPeriod>
                           </naa:PersonName>
                           <!--Optional:-->
                           <naa:Responsibility LanguageIdentifier="?" LanguageLocaleIdentifier="?">?</naa:Responsibility>
                           <!--Zero or more repetitions:-->
                           <naa:Telephone ref="?">
                              <!--Optional:-->
                              <naa:AreaCode codeName="?" codeListURI="?" codeListAgency="?" codeListName="?" codeListVersion="?">?</naa:AreaCode>
                              <!--Optional:-->
                              <naa:CountryCode codeName="?" codeListURI="?" codeListAgency="?" codeListName="?" codeListVersion="?">?</naa:CountryCode>
                              <!--Optional:-->
                              <naa:Extension LanguageIdentifier="?" LanguageLocaleIdentifier="?">?</naa:Extension>
                              <naa:Number identificationSchemeName="?" identificationSchemeURI="?" identificationSchemeVersion="?" identificationSchemeAgency="?">?</naa:Number>
                              <naa:Type codeName="?" codeListURI="?" codeListAgency="?" codeListName="?" codeListVersion="?">?</naa:Type>
                           </naa:Telephone>
                           <!--Optional:-->
                           <naa:Type codeName="?" codeListURI="?" codeListAgency="?" codeListName="?" codeListVersion="?">?</naa:Type>
                        </naa:Contact>
                        <!--Optional:-->
                        <naa:Description LanguageIdentifier="?" LanguageLocaleIdentifier="?">?</naa:Description>
                        <naa:Identification identificationSchemeName="?" identificationSchemeURI="?" identificationSchemeVersion="?" identificationSchemeAgency="?">?</naa:Identification>
                        <!--Optional:-->
                        <naa:IndustryClassification codeName="?" codeListURI="?" codeListAgency="?" codeListName="?" codeListVersion="?">?</naa:IndustryClassification>
                        <!--Zero or more repetitions:-->
                        <naa:Internet ref="?">
                           <naa:Type codeName="?" codeListURI="?" codeListAgency="?" codeListName="?" codeListVersion="?">?</naa:Type>
                           <naa:URI>?</naa:URI>
                        </naa:Internet>
                        <!--Optional:-->
                        <naa:IsActive Format="?">?</naa:IsActive>
                        <!--Optional:-->
                        <naa:LegalClassification codeName="?" codeListURI="?" codeListAgency="?" codeListName="?" codeListVersion="?">?</naa:LegalClassification>
                        <!--Zero or more repetitions:-->
                        <naa:Organisation/>
                        <!--1 or more repetitions:-->
                        <naa:OrganisationName ref="?">
                           <naa:Classification codeName="?" codeListURI="?" codeListAgency="?" codeListName="?" codeListVersion="?">?</naa:Classification>
                           <naa:Name LanguageIdentifier="?" LanguageLocaleIdentifier="?">?</naa:Name>
                           <!--Optional:-->
                           <naa:ValidityPeriod ref="?">
                              <!--Optional:-->
                              <naa:Complete Format="?">?</naa:Complete>
                              <!--Optional:-->
                              <naa:Description LanguageIdentifier="?" LanguageLocaleIdentifier="?">?</naa:Description>
                              <!--Optional:-->
                              <naa:Duration UnitCode="?">?</naa:Duration>
                              <!--Optional:-->
                              <naa:End Format="?">?</naa:End>
                              <naa:Identification identificationSchemeName="?" identificationSchemeURI="?" identificationSchemeVersion="?" identificationSchemeAgency="?">?</naa:Identification>
                              <!--Optional:-->
                              <naa:Inclusive Format="?">?</naa:Inclusive>
                              <!--Optional:-->
                              <naa:Name LanguageIdentifier="?" LanguageLocaleIdentifier="?">?</naa:Name>
                              <!--Optional:-->
                              <naa:Sequence identificationSchemeName="?" identificationSchemeURI="?" identificationSchemeVersion="?" identificationSchemeAgency="?">?</naa:Sequence>
                              <naa:Start Format="?">?</naa:Start>
                           </naa:ValidityPeriod>
                        </naa:OrganisationName>
                        <!--Zero or more repetitions:-->
                        <naa:PhysicalAddress ref="?">
                           <!--Zero or more repetitions:-->
                           <naa:Address/>
                           <!--Optional:-->
                           <naa:BlockName LanguageIdentifier="?" LanguageLocaleIdentifier="?">?</naa:BlockName>
                           <!--Optional:-->
                           <naa:BuildingName LanguageIdentifier="?" LanguageLocaleIdentifier="?">?</naa:BuildingName>
                           <!--Optional:-->
                           <naa:BuildingNumber LanguageIdentifier="?" LanguageLocaleIdentifier="?">?</naa:BuildingNumber>
                           <!--Optional:-->
                           <naa:CityName LanguageIdentifier="?" LanguageLocaleIdentifier="?">?</naa:CityName>
                           <!--Optional:-->
                           <naa:Code codeName="?" codeListURI="?" codeListAgency="?" codeListName="?" codeListVersion="?">?</naa:Code>
                           <!--Optional:-->
                           <naa:CountryName codeName="?" codeListURI="?" codeListAgency="?" codeListName="?" codeListVersion="?">?</naa:CountryName>
                           <!--Optional:-->
                           <naa:CountrySubDivision codeName="?" codeListURI="?" codeListAgency="?" codeListName="?" codeListVersion="?">?</naa:CountrySubDivision>
                           <!--Zero or more repetitions:-->
                           <naa:Geocode ref="?">
                              <!--Optional:-->
                              <naa:AltimetricSystem codeName="?" codeListURI="?" codeListAgency="?" codeListName="?" codeListVersion="?">?</naa:AltimetricSystem>
                              <!--Optional:-->
                              <naa:Altitude Format="?">?</naa:Altitude>
                              <naa:Identification identificationSchemeName="?" identificationSchemeURI="?" identificationSchemeVersion="?" identificationSchemeAgency="?">?</naa:Identification>
                              <naa:Latitude Format="?">?</naa:Latitude>
                              <!--Optional:-->
                              <naa:LatitudeDirection codeName="?" codeListURI="?" codeListAgency="?" codeListName="?" codeListVersion="?">?</naa:LatitudeDirection>
                              <naa:Longitude Format="?">?</naa:Longitude>
                              <!--Optional:-->
                              <naa:LongitudeDirection codeName="?" codeListURI="?" codeListAgency="?" codeListName="?" codeListVersion="?">?</naa:LongitudeDirection>
                              <!--Optional:-->
                              <naa:System codeName="?" codeListURI="?" codeListAgency="?" codeListName="?" codeListVersion="?">?</naa:System>
                           </naa:Geocode>
                           <naa:Identification identificationSchemeName="?" identificationSchemeURI="?" identificationSchemeVersion="?" identificationSchemeAgency="?">?</naa:Identification>
                           <!--Optional:-->
                           <naa:LineFive LanguageIdentifier="?" LanguageLocaleIdentifier="?">?</naa:LineFive>
                           <!--Optional:-->
                           <naa:LineFour LanguageIdentifier="?" LanguageLocaleIdentifier="?">?</naa:LineFour>
                           <!--Optional:-->
                           <naa:LineOne LanguageIdentifier="?" LanguageLocaleIdentifier="?">?</naa:LineOne>
                           <!--Optional:-->
                           <naa:LineSix LanguageIdentifier="?" LanguageLocaleIdentifier="?">?</naa:LineSix>
                           <!--Optional:-->
                           <naa:LineThree LanguageIdentifier="?" LanguageLocaleIdentifier="?">?</naa:LineThree>
                           <!--Optional:-->
                           <naa:LineTwo LanguageIdentifier="?" LanguageLocaleIdentifier="?">?</naa:LineTwo>
                           <!--Optional:-->
                           <naa:PostOfficeBox LanguageIdentifier="?" LanguageLocaleIdentifier="?">?</naa:PostOfficeBox>
                           <!--Optional:-->
                           <naa:Postcode LanguageIdentifier="?" LanguageLocaleIdentifier="?">?</naa:Postcode>
                           <!--Optional:-->
                           <naa:StreetName LanguageIdentifier="?" LanguageLocaleIdentifier="?">?</naa:StreetName>
                           <!--Optional:-->
                           <naa:StreetSuffix codeName="?" codeListURI="?" codeListAgency="?" codeListName="?" codeListVersion="?">?</naa:StreetSuffix>
                           <!--Optional:-->
                           <naa:StreetType codeName="?" codeListURI="?" codeListAgency="?" codeListName="?" codeListVersion="?">?</naa:StreetType>
                           <!--Optional:-->
                           <naa:Usage codeName="?" codeListURI="?" codeListAgency="?" codeListName="?" codeListVersion="?">?</naa:Usage>
                           <!--Optional:-->
                           <naa:UsagePeriod ref="?">
                              <!--Optional:-->
                              <naa:Complete Format="?">?</naa:Complete>
                              <!--Optional:-->
                              <naa:Description LanguageIdentifier="?" LanguageLocaleIdentifier="?">?</naa:Description>
                              <!--Optional:-->
                              <naa:Duration UnitCode="?">?</naa:Duration>
                              <!--Optional:-->
                              <naa:End Format="?">?</naa:End>
                              <naa:Identification identificationSchemeName="?" identificationSchemeURI="?" identificationSchemeVersion="?" identificationSchemeAgency="?">?</naa:Identification>
                              <!--Optional:-->
                              <naa:Inclusive Format="?">?</naa:Inclusive>
                              <!--Optional:-->
                              <naa:Name LanguageIdentifier="?" LanguageLocaleIdentifier="?">?</naa:Name>
                              <!--Optional:-->
                              <naa:Sequence identificationSchemeName="?" identificationSchemeURI="?" identificationSchemeVersion="?" identificationSchemeAgency="?">?</naa:Sequence>
                              <naa:Start Format="?">?</naa:Start>
                           </naa:UsagePeriod>
                        </naa:PhysicalAddress>
                        <!--Zero or more repetitions:-->
                        <naa:PostalAddress ref="?">
                           <!--Zero or more repetitions:-->
                           <naa:Address/>
                           <!--Optional:-->
                           <naa:BlockName LanguageIdentifier="?" LanguageLocaleIdentifier="?">?</naa:BlockName>
                           <!--Optional:-->
                           <naa:BuildingName LanguageIdentifier="?" LanguageLocaleIdentifier="?">?</naa:BuildingName>
                           <!--Optional:-->
                           <naa:BuildingNumber LanguageIdentifier="?" LanguageLocaleIdentifier="?">?</naa:BuildingNumber>
                           <!--Optional:-->
                           <naa:CityName LanguageIdentifier="?" LanguageLocaleIdentifier="?">?</naa:CityName>
                           <!--Optional:-->
                           <naa:Code codeName="?" codeListURI="?" codeListAgency="?" codeListName="?" codeListVersion="?">?</naa:Code>
                           <!--Optional:-->
                           <naa:CountryName codeName="?" codeListURI="?" codeListAgency="?" codeListName="?" codeListVersion="?">?</naa:CountryName>
                           <!--Optional:-->
                           <naa:CountrySubDivision codeName="?" codeListURI="?" codeListAgency="?" codeListName="?" codeListVersion="?">?</naa:CountrySubDivision>
                           <!--Zero or more repetitions:-->
                           <naa:Geocode ref="?">
                              <!--Optional:-->
                              <naa:AltimetricSystem codeName="?" codeListURI="?" codeListAgency="?" codeListName="?" codeListVersion="?">?</naa:AltimetricSystem>
                              <!--Optional:-->
                              <naa:Altitude Format="?">?</naa:Altitude>
                              <naa:Identification identificationSchemeName="?" identificationSchemeURI="?" identificationSchemeVersion="?" identificationSchemeAgency="?">?</naa:Identification>
                              <naa:Latitude Format="?">?</naa:Latitude>
                              <!--Optional:-->
                              <naa:LatitudeDirection codeName="?" codeListURI="?" codeListAgency="?" codeListName="?" codeListVersion="?">?</naa:LatitudeDirection>
                              <naa:Longitude Format="?">?</naa:Longitude>
                              <!--Optional:-->
                              <naa:LongitudeDirection codeName="?" codeListURI="?" codeListAgency="?" codeListName="?" codeListVersion="?">?</naa:LongitudeDirection>
                              <!--Optional:-->
                              <naa:System codeName="?" codeListURI="?" codeListAgency="?" codeListName="?" codeListVersion="?">?</naa:System>
                           </naa:Geocode>
                           <naa:Identification identificationSchemeName="?" identificationSchemeURI="?" identificationSchemeVersion="?" identificationSchemeAgency="?">?</naa:Identification>
                           <!--Optional:-->
                           <naa:LineFive LanguageIdentifier="?" LanguageLocaleIdentifier="?">?</naa:LineFive>
                           <!--Optional:-->
                           <naa:LineFour LanguageIdentifier="?" LanguageLocaleIdentifier="?">?</naa:LineFour>
                           <!--Optional:-->
                           <naa:LineOne LanguageIdentifier="?" LanguageLocaleIdentifier="?">?</naa:LineOne>
                           <!--Optional:-->
                           <naa:LineSix LanguageIdentifier="?" LanguageLocaleIdentifier="?">?</naa:LineSix>
                           <!--Optional:-->
                           <naa:LineThree LanguageIdentifier="?" LanguageLocaleIdentifier="?">?</naa:LineThree>
                           <!--Optional:-->
                           <naa:LineTwo LanguageIdentifier="?" LanguageLocaleIdentifier="?">?</naa:LineTwo>
                           <!--Optional:-->
                           <naa:PostOfficeBox LanguageIdentifier="?" LanguageLocaleIdentifier="?">?</naa:PostOfficeBox>
                           <!--Optional:-->
                           <naa:Postcode LanguageIdentifier="?" LanguageLocaleIdentifier="?">?</naa:Postcode>
                           <!--Optional:-->
                           <naa:StreetName LanguageIdentifier="?" LanguageLocaleIdentifier="?">?</naa:StreetName>
                           <!--Optional:-->
                           <naa:StreetSuffix codeName="?" codeListURI="?" codeListAgency="?" codeListName="?" codeListVersion="?">?</naa:StreetSuffix>
                           <!--Optional:-->
                           <naa:StreetType codeName="?" codeListURI="?" codeListAgency="?" codeListName="?" codeListVersion="?">?</naa:StreetType>
                           <!--Optional:-->
                           <naa:Usage codeName="?" codeListURI="?" codeListAgency="?" codeListName="?" codeListVersion="?">?</naa:Usage>
                           <!--Optional:-->
                           <naa:UsagePeriod ref="?">
                              <!--Optional:-->
                              <naa:Complete Format="?">?</naa:Complete>
                              <!--Optional:-->
                              <naa:Description LanguageIdentifier="?" LanguageLocaleIdentifier="?">?</naa:Description>
                              <!--Optional:-->
                              <naa:Duration UnitCode="?">?</naa:Duration>
                              <!--Optional:-->
                              <naa:End Format="?">?</naa:End>
                              <naa:Identification identificationSchemeName="?" identificationSchemeURI="?" identificationSchemeVersion="?" identificationSchemeAgency="?">?</naa:Identification>
                              <!--Optional:-->
                              <naa:Inclusive Format="?">?</naa:Inclusive>
                              <!--Optional:-->
                              <naa:Name LanguageIdentifier="?" LanguageLocaleIdentifier="?">?</naa:Name>
                              <!--Optional:-->
                              <naa:Sequence identificationSchemeName="?" identificationSchemeURI="?" identificationSchemeVersion="?" identificationSchemeAgency="?">?</naa:Sequence>
                              <naa:Start Format="?">?</naa:Start>
                           </naa:UsagePeriod>
                        </naa:PostalAddress>
                        <!--Zero or more repetitions:-->
                        <naa:Registration ref="?">
                           <!--Optional:-->
                           <naa:Category codeName="?" codeListURI="?" codeListAgency="?" codeListName="?" codeListVersion="?">?</naa:Category>
                           <!--Optional:-->
                           <naa:Country codeName="?" codeListURI="?" codeListAgency="?" codeListName="?" codeListVersion="?">?</naa:Country>
                           <naa:Identification identificationSchemeName="?" identificationSchemeURI="?" identificationSchemeVersion="?" identificationSchemeAgency="?">?</naa:Identification>
                           <!--Optional:-->
                           <naa:Licence identificationSchemeName="?" identificationSchemeURI="?" identificationSchemeVersion="?" identificationSchemeAgency="?">?</naa:Licence>
                           <!--Optional:-->
                           <naa:Recorded Format="?">?</naa:Recorded>
                           <!--Optional:-->
                           <naa:Type codeName="?" codeListURI="?" codeListAgency="?" codeListName="?" codeListVersion="?">?</naa:Type>
                           <!--Optional:-->
                           <naa:ValidityPeriod ref="?">
                              <!--Optional:-->
                              <naa:Complete Format="?">?</naa:Complete>
                              <!--Optional:-->
                              <naa:Description LanguageIdentifier="?" LanguageLocaleIdentifier="?">?</naa:Description>
                              <!--Optional:-->
                              <naa:Duration UnitCode="?">?</naa:Duration>
                              <!--Optional:-->
                              <naa:End Format="?">?</naa:End>
                              <naa:Identification identificationSchemeName="?" identificationSchemeURI="?" identificationSchemeVersion="?" identificationSchemeAgency="?">?</naa:Identification>
                              <!--Optional:-->
                              <naa:Inclusive Format="?">?</naa:Inclusive>
                              <!--Optional:-->
                              <naa:Name LanguageIdentifier="?" LanguageLocaleIdentifier="?">?</naa:Name>
                              <!--Optional:-->
                              <naa:Sequence identificationSchemeName="?" identificationSchemeURI="?" identificationSchemeVersion="?" identificationSchemeAgency="?">?</naa:Sequence>
                              <naa:Start Format="?">?</naa:Start>
                           </naa:ValidityPeriod>
                        </naa:Registration>
                        <!--Zero or more repetitions:-->
                        <naa:Status ref="?">
                           <naa:Code codeName="?" codeListURI="?" codeListAgency="?" codeListName="?" codeListVersion="?">?</naa:Code>
                           <!--Optional:-->
                           <naa:Description LanguageIdentifier="?" LanguageLocaleIdentifier="?">?</naa:Description>
                           <!--Optional:-->
                           <naa:ValidityPeriod ref="?">
                              <!--Optional:-->
                              <naa:Complete Format="?">?</naa:Complete>
                              <!--Optional:-->
                              <naa:Description LanguageIdentifier="?" LanguageLocaleIdentifier="?">?</naa:Description>
                              <!--Optional:-->
                              <naa:Duration UnitCode="?">?</naa:Duration>
                              <!--Optional:-->
                              <naa:End Format="?">?</naa:End>
                              <naa:Identification identificationSchemeName="?" identificationSchemeURI="?" identificationSchemeVersion="?" identificationSchemeAgency="?">?</naa:Identification>
                              <!--Optional:-->
                              <naa:Inclusive Format="?">?</naa:Inclusive>
                              <!--Optional:-->
                              <naa:Name LanguageIdentifier="?" LanguageLocaleIdentifier="?">?</naa:Name>
                              <!--Optional:-->
                              <naa:Sequence identificationSchemeName="?" identificationSchemeURI="?" identificationSchemeVersion="?" identificationSchemeAgency="?">?</naa:Sequence>
                              <naa:Start Format="?">?</naa:Start>
                           </naa:ValidityPeriod>
                        </naa:Status>
                        <!--Zero or more repetitions:-->
                        <naa:Telephone ref="?">
                           <!--Optional:-->
                           <naa:AreaCode codeName="?" codeListURI="?" codeListAgency="?" codeListName="?" codeListVersion="?">?</naa:AreaCode>
                           <!--Optional:-->
                           <naa:CountryCode codeName="?" codeListURI="?" codeListAgency="?" codeListName="?" codeListVersion="?">?</naa:CountryCode>
                           <!--Optional:-->
                           <naa:Extension LanguageIdentifier="?" LanguageLocaleIdentifier="?">?</naa:Extension>
                           <naa:Number identificationSchemeName="?" identificationSchemeURI="?" identificationSchemeVersion="?" identificationSchemeAgency="?">?</naa:Number>
                           <naa:Type codeName="?" codeListURI="?" codeListAgency="?" codeListName="?" codeListVersion="?">?</naa:Type>
                        </naa:Telephone>
                        <!--Optional:-->
                        <naa:Type codeName="?" codeListURI="?" codeListAgency="?" codeListName="?" codeListVersion="?">?</naa:Type>
                     </naa:Organisation>
                     <!--Optional:-->
                     <naa:Person ref="?">
                        <!--Optional:-->
                        <naa:Description LanguageIdentifier="?" LanguageLocaleIdentifier="?">?</naa:Description>
                        <naa:Identification identificationSchemeName="?" identificationSchemeURI="?" identificationSchemeVersion="?" identificationSchemeAgency="?">?</naa:Identification>
                        <!--Zero or more repetitions:-->
                        <naa:Internet ref="?">
                           <naa:Type codeName="?" codeListURI="?" codeListAgency="?" codeListName="?" codeListVersion="?">?</naa:Type>
                           <naa:URI>?</naa:URI>
                        </naa:Internet>
                        <!--1 or more repetitions:-->
                        <naa:PersonName ref="?">
                           <naa:Classification codeName="?" codeListURI="?" codeListAgency="?" codeListName="?" codeListVersion="?">?</naa:Classification>
                           <!--Optional:-->
                           <naa:FamilyName LanguageIdentifier="?" LanguageLocaleIdentifier="?">?</naa:FamilyName>
                           <!--Optional:-->
                           <naa:FamilyNamePrefix LanguageIdentifier="?" LanguageLocaleIdentifier="?">?</naa:FamilyNamePrefix>
                           <!--Optional:-->
                           <naa:GivenName LanguageIdentifier="?" LanguageLocaleIdentifier="?">?</naa:GivenName>
                           <!--Optional:-->
                           <naa:MiddleName LanguageIdentifier="?" LanguageLocaleIdentifier="?">?</naa:MiddleName>
                           <!--Optional:-->
                           <naa:Name LanguageIdentifier="?" LanguageLocaleIdentifier="?">?</naa:Name>
                           <!--Optional:-->
                           <naa:NameSuffix codeName="?" codeListURI="?" codeListAgency="?" codeListName="?" codeListVersion="?">?</naa:NameSuffix>
                           <!--Optional:-->
                           <naa:Salutation LanguageIdentifier="?" LanguageLocaleIdentifier="?">?</naa:Salutation>
                           <!--Optional:-->
                           <naa:Title codeName="?" codeListURI="?" codeListAgency="?" codeListName="?" codeListVersion="?">?</naa:Title>
                           <!--Optional:-->
                           <naa:ValidityPeriod ref="?">
                              <!--Optional:-->
                              <naa:Complete Format="?">?</naa:Complete>
                              <!--Optional:-->
                              <naa:Description LanguageIdentifier="?" LanguageLocaleIdentifier="?">?</naa:Description>
                              <!--Optional:-->
                              <naa:Duration UnitCode="?">?</naa:Duration>
                              <!--Optional:-->
                              <naa:End Format="?">?</naa:End>
                              <naa:Identification identificationSchemeName="?" identificationSchemeURI="?" identificationSchemeVersion="?" identificationSchemeAgency="?">?</naa:Identification>
                              <!--Optional:-->
                              <naa:Inclusive Format="?">?</naa:Inclusive>
                              <!--Optional:-->
                              <naa:Name LanguageIdentifier="?" LanguageLocaleIdentifier="?">?</naa:Name>
                              <!--Optional:-->
                              <naa:Sequence identificationSchemeName="?" identificationSchemeURI="?" identificationSchemeVersion="?" identificationSchemeAgency="?">?</naa:Sequence>
                              <naa:Start Format="?">?</naa:Start>
                           </naa:ValidityPeriod>
                        </naa:PersonName>
                        <!--Zero or more repetitions:-->
                        <naa:PostalAddress ref="?">
                           <!--Zero or more repetitions:-->
                           <naa:Address/>
                           <!--Optional:-->
                           <naa:BlockName LanguageIdentifier="?" LanguageLocaleIdentifier="?">?</naa:BlockName>
                           <!--Optional:-->
                           <naa:BuildingName LanguageIdentifier="?" LanguageLocaleIdentifier="?">?</naa:BuildingName>
                           <!--Optional:-->
                           <naa:BuildingNumber LanguageIdentifier="?" LanguageLocaleIdentifier="?">?</naa:BuildingNumber>
                           <!--Optional:-->
                           <naa:CityName LanguageIdentifier="?" LanguageLocaleIdentifier="?">?</naa:CityName>
                           <!--Optional:-->
                           <naa:Code codeName="?" codeListURI="?" codeListAgency="?" codeListName="?" codeListVersion="?">?</naa:Code>
                           <!--Optional:-->
                           <naa:CountryName codeName="?" codeListURI="?" codeListAgency="?" codeListName="?" codeListVersion="?">?</naa:CountryName>
                           <!--Optional:-->
                           <naa:CountrySubDivision codeName="?" codeListURI="?" codeListAgency="?" codeListName="?" codeListVersion="?">?</naa:CountrySubDivision>
                           <!--Zero or more repetitions:-->
                           <naa:Geocode ref="?">
                              <!--Optional:-->
                              <naa:AltimetricSystem codeName="?" codeListURI="?" codeListAgency="?" codeListName="?" codeListVersion="?">?</naa:AltimetricSystem>
                              <!--Optional:-->
                              <naa:Altitude Format="?">?</naa:Altitude>
                              <naa:Identification identificationSchemeName="?" identificationSchemeURI="?" identificationSchemeVersion="?" identificationSchemeAgency="?">?</naa:Identification>
                              <naa:Latitude Format="?">?</naa:Latitude>
                              <!--Optional:-->
                              <naa:LatitudeDirection codeName="?" codeListURI="?" codeListAgency="?" codeListName="?" codeListVersion="?">?</naa:LatitudeDirection>
                              <naa:Longitude Format="?">?</naa:Longitude>
                              <!--Optional:-->
                              <naa:LongitudeDirection codeName="?" codeListURI="?" codeListAgency="?" codeListName="?" codeListVersion="?">?</naa:LongitudeDirection>
                              <!--Optional:-->
                              <naa:System codeName="?" codeListURI="?" codeListAgency="?" codeListName="?" codeListVersion="?">?</naa:System>
                           </naa:Geocode>
                           <naa:Identification identificationSchemeName="?" identificationSchemeURI="?" identificationSchemeVersion="?" identificationSchemeAgency="?">?</naa:Identification>
                           <!--Optional:-->
                           <naa:LineFive LanguageIdentifier="?" LanguageLocaleIdentifier="?">?</naa:LineFive>
                           <!--Optional:-->
                           <naa:LineFour LanguageIdentifier="?" LanguageLocaleIdentifier="?">?</naa:LineFour>
                           <!--Optional:-->
                           <naa:LineOne LanguageIdentifier="?" LanguageLocaleIdentifier="?">?</naa:LineOne>
                           <!--Optional:-->
                           <naa:LineSix LanguageIdentifier="?" LanguageLocaleIdentifier="?">?</naa:LineSix>
                           <!--Optional:-->
                           <naa:LineThree LanguageIdentifier="?" LanguageLocaleIdentifier="?">?</naa:LineThree>
                           <!--Optional:-->
                           <naa:LineTwo LanguageIdentifier="?" LanguageLocaleIdentifier="?">?</naa:LineTwo>
                           <!--Optional:-->
                           <naa:PostOfficeBox LanguageIdentifier="?" LanguageLocaleIdentifier="?">?</naa:PostOfficeBox>
                           <!--Optional:-->
                           <naa:Postcode LanguageIdentifier="?" LanguageLocaleIdentifier="?">?</naa:Postcode>
                           <!--Optional:-->
                           <naa:StreetName LanguageIdentifier="?" LanguageLocaleIdentifier="?">?</naa:StreetName>
                           <!--Optional:-->
                           <naa:StreetSuffix codeName="?" codeListURI="?" codeListAgency="?" codeListName="?" codeListVersion="?">?</naa:StreetSuffix>
                           <!--Optional:-->
                           <naa:StreetType codeName="?" codeListURI="?" codeListAgency="?" codeListName="?" codeListVersion="?">?</naa:StreetType>
                           <!--Optional:-->
                           <naa:Usage codeName="?" codeListURI="?" codeListAgency="?" codeListName="?" codeListVersion="?">?</naa:Usage>
                           <!--Optional:-->
                           <naa:UsagePeriod ref="?">
                              <!--Optional:-->
                              <naa:Complete Format="?">?</naa:Complete>
                              <!--Optional:-->
                              <naa:Description LanguageIdentifier="?" LanguageLocaleIdentifier="?">?</naa:Description>
                              <!--Optional:-->
                              <naa:Duration UnitCode="?">?</naa:Duration>
                              <!--Optional:-->
                              <naa:End Format="?">?</naa:End>
                              <naa:Identification identificationSchemeName="?" identificationSchemeURI="?" identificationSchemeVersion="?" identificationSchemeAgency="?">?</naa:Identification>
                              <!--Optional:-->
                              <naa:Inclusive Format="?">?</naa:Inclusive>
                              <!--Optional:-->
                              <naa:Name LanguageIdentifier="?" LanguageLocaleIdentifier="?">?</naa:Name>
                              <!--Optional:-->
                              <naa:Sequence identificationSchemeName="?" identificationSchemeURI="?" identificationSchemeVersion="?" identificationSchemeAgency="?">?</naa:Sequence>
                              <naa:Start Format="?">?</naa:Start>
                           </naa:UsagePeriod>
                        </naa:PostalAddress>
                        <!--Zero or more repetitions:-->
                        <naa:Registration ref="?">
                           <!--Optional:-->
                           <naa:Category codeName="?" codeListURI="?" codeListAgency="?" codeListName="?" codeListVersion="?">?</naa:Category>
                           <!--Optional:-->
                           <naa:Country codeName="?" codeListURI="?" codeListAgency="?" codeListName="?" codeListVersion="?">?</naa:Country>
                           <naa:Identification identificationSchemeName="?" identificationSchemeURI="?" identificationSchemeVersion="?" identificationSchemeAgency="?">?</naa:Identification>
                           <!--Optional:-->
                           <naa:Licence identificationSchemeName="?" identificationSchemeURI="?" identificationSchemeVersion="?" identificationSchemeAgency="?">?</naa:Licence>
                           <!--Optional:-->
                           <naa:Recorded Format="?">?</naa:Recorded>
                           <!--Optional:-->
                           <naa:Type codeName="?" codeListURI="?" codeListAgency="?" codeListName="?" codeListVersion="?">?</naa:Type>
                           <!--Optional:-->
                           <naa:ValidityPeriod ref="?">
                              <!--Optional:-->
                              <naa:Complete Format="?">?</naa:Complete>
                              <!--Optional:-->
                              <naa:Description LanguageIdentifier="?" LanguageLocaleIdentifier="?">?</naa:Description>
                              <!--Optional:-->
                              <naa:Duration UnitCode="?">?</naa:Duration>
                              <!--Optional:-->
                              <naa:End Format="?">?</naa:End>
                              <naa:Identification identificationSchemeName="?" identificationSchemeURI="?" identificationSchemeVersion="?" identificationSchemeAgency="?">?</naa:Identification>
                              <!--Optional:-->
                              <naa:Inclusive Format="?">?</naa:Inclusive>
                              <!--Optional:-->
                              <naa:Name LanguageIdentifier="?" LanguageLocaleIdentifier="?">?</naa:Name>
                              <!--Optional:-->
                              <naa:Sequence identificationSchemeName="?" identificationSchemeURI="?" identificationSchemeVersion="?" identificationSchemeAgency="?">?</naa:Sequence>
                              <naa:Start Format="?">?</naa:Start>
                           </naa:ValidityPeriod>
                        </naa:Registration>
                        <!--Zero or more repetitions:-->
                        <naa:ResidentialAddress ref="?">
                           <!--Zero or more repetitions:-->
                           <naa:Address/>
                           <!--Optional:-->
                           <naa:BlockName LanguageIdentifier="?" LanguageLocaleIdentifier="?">?</naa:BlockName>
                           <!--Optional:-->
                           <naa:BuildingName LanguageIdentifier="?" LanguageLocaleIdentifier="?">?</naa:BuildingName>
                           <!--Optional:-->
                           <naa:BuildingNumber LanguageIdentifier="?" LanguageLocaleIdentifier="?">?</naa:BuildingNumber>
                           <!--Optional:-->
                           <naa:CityName LanguageIdentifier="?" LanguageLocaleIdentifier="?">?</naa:CityName>
                           <!--Optional:-->
                           <naa:Code codeName="?" codeListURI="?" codeListAgency="?" codeListName="?" codeListVersion="?">?</naa:Code>
                           <!--Optional:-->
                           <naa:CountryName codeName="?" codeListURI="?" codeListAgency="?" codeListName="?" codeListVersion="?">?</naa:CountryName>
                           <!--Optional:-->
                           <naa:CountrySubDivision codeName="?" codeListURI="?" codeListAgency="?" codeListName="?" codeListVersion="?">?</naa:CountrySubDivision>
                           <!--Zero or more repetitions:-->
                           <naa:Geocode ref="?">
                              <!--Optional:-->
                              <naa:AltimetricSystem codeName="?" codeListURI="?" codeListAgency="?" codeListName="?" codeListVersion="?">?</naa:AltimetricSystem>
                              <!--Optional:-->
                              <naa:Altitude Format="?">?</naa:Altitude>
                              <naa:Identification identificationSchemeName="?" identificationSchemeURI="?" identificationSchemeVersion="?" identificationSchemeAgency="?">?</naa:Identification>
                              <naa:Latitude Format="?">?</naa:Latitude>
                              <!--Optional:-->
                              <naa:LatitudeDirection codeName="?" codeListURI="?" codeListAgency="?" codeListName="?" codeListVersion="?">?</naa:LatitudeDirection>
                              <naa:Longitude Format="?">?</naa:Longitude>
                              <!--Optional:-->
                              <naa:LongitudeDirection codeName="?" codeListURI="?" codeListAgency="?" codeListName="?" codeListVersion="?">?</naa:LongitudeDirection>
                              <!--Optional:-->
                              <naa:System codeName="?" codeListURI="?" codeListAgency="?" codeListName="?" codeListVersion="?">?</naa:System>
                           </naa:Geocode>
                           <naa:Identification identificationSchemeName="?" identificationSchemeURI="?" identificationSchemeVersion="?" identificationSchemeAgency="?">?</naa:Identification>
                           <!--Optional:-->
                           <naa:LineFive LanguageIdentifier="?" LanguageLocaleIdentifier="?">?</naa:LineFive>
                           <!--Optional:-->
                           <naa:LineFour LanguageIdentifier="?" LanguageLocaleIdentifier="?">?</naa:LineFour>
                           <!--Optional:-->
                           <naa:LineOne LanguageIdentifier="?" LanguageLocaleIdentifier="?">?</naa:LineOne>
                           <!--Optional:-->
                           <naa:LineSix LanguageIdentifier="?" LanguageLocaleIdentifier="?">?</naa:LineSix>
                           <!--Optional:-->
                           <naa:LineThree LanguageIdentifier="?" LanguageLocaleIdentifier="?">?</naa:LineThree>
                           <!--Optional:-->
                           <naa:LineTwo LanguageIdentifier="?" LanguageLocaleIdentifier="?">?</naa:LineTwo>
                           <!--Optional:-->
                           <naa:PostOfficeBox LanguageIdentifier="?" LanguageLocaleIdentifier="?">?</naa:PostOfficeBox>
                           <!--Optional:-->
                           <naa:Postcode LanguageIdentifier="?" LanguageLocaleIdentifier="?">?</naa:Postcode>
                           <!--Optional:-->
                           <naa:StreetName LanguageIdentifier="?" LanguageLocaleIdentifier="?">?</naa:StreetName>
                           <!--Optional:-->
                           <naa:StreetSuffix codeName="?" codeListURI="?" codeListAgency="?" codeListName="?" codeListVersion="?">?</naa:StreetSuffix>
                           <!--Optional:-->
                           <naa:StreetType codeName="?" codeListURI="?" codeListAgency="?" codeListName="?" codeListVersion="?">?</naa:StreetType>
                           <!--Optional:-->
                           <naa:Usage codeName="?" codeListURI="?" codeListAgency="?" codeListName="?" codeListVersion="?">?</naa:Usage>
                           <!--Optional:-->
                           <naa:UsagePeriod ref="?">
                              <!--Optional:-->
                              <naa:Complete Format="?">?</naa:Complete>
                              <!--Optional:-->
                              <naa:Description LanguageIdentifier="?" LanguageLocaleIdentifier="?">?</naa:Description>
                              <!--Optional:-->
                              <naa:Duration UnitCode="?">?</naa:Duration>
                              <!--Optional:-->
                              <naa:End Format="?">?</naa:End>
                              <naa:Identification identificationSchemeName="?" identificationSchemeURI="?" identificationSchemeVersion="?" identificationSchemeAgency="?">?</naa:Identification>
                              <!--Optional:-->
                              <naa:Inclusive Format="?">?</naa:Inclusive>
                              <!--Optional:-->
                              <naa:Name LanguageIdentifier="?" LanguageLocaleIdentifier="?">?</naa:Name>
                              <!--Optional:-->
                              <naa:Sequence identificationSchemeName="?" identificationSchemeURI="?" identificationSchemeVersion="?" identificationSchemeAgency="?">?</naa:Sequence>
                              <naa:Start Format="?">?</naa:Start>
                           </naa:UsagePeriod>
                        </naa:ResidentialAddress>
                        <!--Zero or more repetitions:-->
                        <naa:Status ref="?">
                           <naa:Code codeName="?" codeListURI="?" codeListAgency="?" codeListName="?" codeListVersion="?">?</naa:Code>
                           <!--Optional:-->
                           <naa:Description LanguageIdentifier="?" LanguageLocaleIdentifier="?">?</naa:Description>
                           <!--Optional:-->
                           <naa:ValidityPeriod ref="?">
                              <!--Optional:-->
                              <naa:Complete Format="?">?</naa:Complete>
                              <!--Optional:-->
                              <naa:Description LanguageIdentifier="?" LanguageLocaleIdentifier="?">?</naa:Description>
                              <!--Optional:-->
                              <naa:Duration UnitCode="?">?</naa:Duration>
                              <!--Optional:-->
                              <naa:End Format="?">?</naa:End>
                              <naa:Identification identificationSchemeName="?" identificationSchemeURI="?" identificationSchemeVersion="?" identificationSchemeAgency="?">?</naa:Identification>
                              <!--Optional:-->
                              <naa:Inclusive Format="?">?</naa:Inclusive>
                              <!--Optional:-->
                              <naa:Name LanguageIdentifier="?" LanguageLocaleIdentifier="?">?</naa:Name>
                              <!--Optional:-->
                              <naa:Sequence identificationSchemeName="?" identificationSchemeURI="?" identificationSchemeVersion="?" identificationSchemeAgency="?">?</naa:Sequence>
                              <naa:Start Format="?">?</naa:Start>
                           </naa:ValidityPeriod>
                        </naa:Status>
                        <!--Zero or more repetitions:-->
                        <naa:Telephone ref="?">
                           <!--Optional:-->
                           <naa:AreaCode codeName="?" codeListURI="?" codeListAgency="?" codeListName="?" codeListVersion="?">?</naa:AreaCode>
                           <!--Optional:-->
                           <naa:CountryCode codeName="?" codeListURI="?" codeListAgency="?" codeListName="?" codeListVersion="?">?</naa:CountryCode>
                           <!--Optional:-->
                           <naa:Extension LanguageIdentifier="?" LanguageLocaleIdentifier="?">?</naa:Extension>
                           <naa:Number identificationSchemeName="?" identificationSchemeURI="?" identificationSchemeVersion="?" identificationSchemeAgency="?">?</naa:Number>
                           <naa:Type codeName="?" codeListURI="?" codeListAgency="?" codeListName="?" codeListVersion="?">?</naa:Type>
                        </naa:Telephone>
                     </naa:Person>
                     <naa:Identification identificationSchemeName="?" identificationSchemeURI="?" identificationSchemeVersion="?" identificationSchemeAgency="?">?</naa:Identification>
                     <!--Optional:-->
                     <naa:Language codeName="?" codeListURI="?" codeListAgency="?" codeListName="?" codeListVersion="?">?</naa:Language>
                     <naa:Name LanguageIdentifier="?" LanguageLocaleIdentifier="?">?</naa:Name>
                     <!--Optional:-->
                     <naa:Type LanguageIdentifier="?" LanguageLocaleIdentifier="?">?</naa:Type>
                  </da:Party>
                  <!--Optional:-->
                  <da:Type codeName="?" codeListURI="?" codeListAgency="?" codeListName="?" codeListVersion="?">?</da:Type>
               </da:PartyRole>
            </da:Assessment>
            <!--Zero or more repetitions:-->
            <da:Attachment ref="?">
               <!--Zero or more repetitions:-->
               <da:Contributor LanguageIdentifier="?" LanguageLocaleIdentifier="?">?</da:Contributor>
               <!--Zero or more repetitions:-->
               <da:Coverage LanguageIdentifier="?" LanguageLocaleIdentifier="?">?</da:Coverage>
               <!--Zero or more repetitions:-->
               <da:Creator LanguageIdentifier="?" LanguageLocaleIdentifier="?">?</da:Creator>
               <!--Optional:-->
               <da:Date Format="?">?</da:Date>
               <!--Zero or more repetitions:-->
               <da:Description LanguageIdentifier="?" LanguageLocaleIdentifier="?">?</da:Description>
               <!--Optional:-->
               <da:Format LanguageIdentifier="?" LanguageLocaleIdentifier="?">?</da:Format>
               <da:Identification identificationSchemeName="?" identificationSchemeURI="?" identificationSchemeVersion="?" identificationSchemeAgency="?">?</da:Identification>
               <!--Zero or more repetitions:-->
               <da:Language LanguageIdentifier="?" LanguageLocaleIdentifier="?">?</da:Language>
               <!--Zero or more repetitions:-->
               <da:Publisher LanguageIdentifier="?" LanguageLocaleIdentifier="?">?</da:Publisher>
               <!--Zero or more repetitions:-->
               <da:Relation LanguageIdentifier="?" LanguageLocaleIdentifier="?">?</da:Relation>
               <!--Zero or more repetitions:-->
               <da:Rights LanguageIdentifier="?" LanguageLocaleIdentifier="?">?</da:Rights>
               <!--Optional:-->
               <da:Size UnitCode="?">?</da:Size>
               <!--Zero or more repetitions:-->
               <da:Source LanguageIdentifier="?" LanguageLocaleIdentifier="?">?</da:Source>
               <!--Optional:-->
               <da:Subject LanguageIdentifier="?" LanguageLocaleIdentifier="?">?</da:Subject>
               <!--Optional:-->
               <da:Title LanguageIdentifier="?" LanguageLocaleIdentifier="?">?</da:Title>
               <!--Optional:-->
               <da:Type LanguageIdentifier="?" LanguageLocaleIdentifier="?">?</da:Type>
               <!--Optional:-->
               <da:Version LanguageIdentifier="?" LanguageLocaleIdentifier="?">?</da:Version>
               <!--You have a CHOICE of the next 2 items at this level-->
               <!--Optional:-->
               <da:Attachment Format="?" MimeCode="?" CharacterSetCode="?" EncodingCode="?" UniformResourceIdentifier="?" Filename="?">cid:420077795303</da:Attachment>
               <!--Optional:-->
               <da:URI>?</da:URI>
            </da:Attachment>
            <!--Zero or more repetitions:-->
            <da:Authorisation ref="?">
               <!--Zero or more repetitions:-->
               <da:Attachment ref="?">
                  <!--Zero or more repetitions:-->
                  <da:Contributor LanguageIdentifier="?" LanguageLocaleIdentifier="?">?</da:Contributor>
                  <!--Zero or more repetitions:-->
                  <da:Coverage LanguageIdentifier="?" LanguageLocaleIdentifier="?">?</da:Coverage>
                  <!--Zero or more repetitions:-->
                  <da:Creator LanguageIdentifier="?" LanguageLocaleIdentifier="?">?</da:Creator>
                  <!--Optional:-->
                  <da:Date Format="?">?</da:Date>
                  <!--Zero or more repetitions:-->
                  <da:Description LanguageIdentifier="?" LanguageLocaleIdentifier="?">?</da:Description>
                  <!--Optional:-->
                  <da:Format LanguageIdentifier="?" LanguageLocaleIdentifier="?">?</da:Format>
                  <da:Identification identificationSchemeName="?" identificationSchemeURI="?" identificationSchemeVersion="?" identificationSchemeAgency="?">?</da:Identification>
                  <!--Zero or more repetitions:-->
                  <da:Language LanguageIdentifier="?" LanguageLocaleIdentifier="?">?</da:Language>
                  <!--Zero or more repetitions:-->
                  <da:Publisher LanguageIdentifier="?" LanguageLocaleIdentifier="?">?</da:Publisher>
                  <!--Zero or more repetitions:-->
                  <da:Relation LanguageIdentifier="?" LanguageLocaleIdentifier="?">?</da:Relation>
                  <!--Zero or more repetitions:-->
                  <da:Rights LanguageIdentifier="?" LanguageLocaleIdentifier="?">?</da:Rights>
                  <!--Optional:-->
                  <da:Size UnitCode="?">?</da:Size>
                  <!--Zero or more repetitions:-->
                  <da:Source LanguageIdentifier="?" LanguageLocaleIdentifier="?">?</da:Source>
                  <!--Optional:-->
                  <da:Subject LanguageIdentifier="?" LanguageLocaleIdentifier="?">?</da:Subject>
                  <!--Optional:-->
                  <da:Title LanguageIdentifier="?" LanguageLocaleIdentifier="?">?</da:Title>
                  <!--Optional:-->
                  <da:Type LanguageIdentifier="?" LanguageLocaleIdentifier="?">?</da:Type>
                  <!--Optional:-->
                  <da:Version LanguageIdentifier="?" LanguageLocaleIdentifier="?">?</da:Version>
                  <!--You have a CHOICE of the next 2 items at this level-->
                  <!--Optional:-->
                  <da:Attachment Format="?" MimeCode="?" CharacterSetCode="?" EncodingCode="?" UniformResourceIdentifier="?" Filename="?">cid:771561583104</da:Attachment>
                  <!--Optional:-->
                  <da:URI>?</da:URI>
               </da:Attachment>
               <!--Optional:-->
               <da:Date Format="?">?</da:Date>
               <!--1 or more repetitions:-->
               <da:PartyRole ref="?">
                  <!--Optional:-->
                  <da:DateTime Format="?">?</da:DateTime>
                  <!--1 or more repetitions:-->
                  <da:Party ref="?">
                     <!--Optional:-->
                     <naa:AccessRights codeName="?" codeListURI="?" codeListAgency="?" codeListName="?" codeListVersion="?">?</naa:AccessRights>
                     <!--Optional:-->
                     <naa:Description LanguageIdentifier="?" LanguageLocaleIdentifier="?">?</naa:Description>
                     <!--You have a CHOICE of the next 2 items at this level-->
                     <!--Optional:-->
                     <naa:Organisation ref="?">
                        <!--Zero or more repetitions:-->
                        <naa:Contact ref="?">
                           <!--Optional:-->
                           <naa:DepartmentName LanguageIdentifier="?" LanguageLocaleIdentifier="?">?</naa:DepartmentName>
                           <!--Optional:-->
                           <naa:Description LanguageIdentifier="?" LanguageLocaleIdentifier="?">?</naa:Description>
                           <naa:Identification identificationSchemeName="?" identificationSchemeURI="?" identificationSchemeVersion="?" identificationSchemeAgency="?">?</naa:Identification>
                           <!--Zero or more repetitions:-->
                           <naa:Internet ref="?">
                              <naa:Type codeName="?" codeListURI="?" codeListAgency="?" codeListName="?" codeListVersion="?">?</naa:Type>
                              <naa:URI>?</naa:URI>
                           </naa:Internet>
                           <!--Optional:-->
                           <naa:IsPrimary Format="?">?</naa:IsPrimary>
                           <!--Optional:-->
                           <naa:JobTitle LanguageIdentifier="?" LanguageLocaleIdentifier="?">?</naa:JobTitle>
                           <!--Optional:-->
                           <naa:PersonName ref="?">
                              <naa:Classification codeName="?" codeListURI="?" codeListAgency="?" codeListName="?" codeListVersion="?">?</naa:Classification>
                              <!--Optional:-->
                              <naa:FamilyName LanguageIdentifier="?" LanguageLocaleIdentifier="?">?</naa:FamilyName>
                              <!--Optional:-->
                              <naa:FamilyNamePrefix LanguageIdentifier="?" LanguageLocaleIdentifier="?">?</naa:FamilyNamePrefix>
                              <!--Optional:-->
                              <naa:GivenName LanguageIdentifier="?" LanguageLocaleIdentifier="?">?</naa:GivenName>
                              <!--Optional:-->
                              <naa:MiddleName LanguageIdentifier="?" LanguageLocaleIdentifier="?">?</naa:MiddleName>
                              <!--Optional:-->
                              <naa:Name LanguageIdentifier="?" LanguageLocaleIdentifier="?">?</naa:Name>
                              <!--Optional:-->
                              <naa:NameSuffix codeName="?" codeListURI="?" codeListAgency="?" codeListName="?" codeListVersion="?">?</naa:NameSuffix>
                              <!--Optional:-->
                              <naa:Salutation LanguageIdentifier="?" LanguageLocaleIdentifier="?">?</naa:Salutation>
                              <!--Optional:-->
                              <naa:Title codeName="?" codeListURI="?" codeListAgency="?" codeListName="?" codeListVersion="?">?</naa:Title>
                              <!--Optional:-->
                              <naa:ValidityPeriod ref="?">
                                 <!--Optional:-->
                                 <naa:Complete Format="?">?</naa:Complete>
                                 <!--Optional:-->
                                 <naa:Description LanguageIdentifier="?" LanguageLocaleIdentifier="?">?</naa:Description>
                                 <!--Optional:-->
                                 <naa:Duration UnitCode="?">?</naa:Duration>
                                 <!--Optional:-->
                                 <naa:End Format="?">?</naa:End>
                                 <naa:Identification identificationSchemeName="?" identificationSchemeURI="?" identificationSchemeVersion="?" identificationSchemeAgency="?">?</naa:Identification>
                                 <!--Optional:-->
                                 <naa:Inclusive Format="?">?</naa:Inclusive>
                                 <!--Optional:-->
                                 <naa:Name LanguageIdentifier="?" LanguageLocaleIdentifier="?">?</naa:Name>
                                 <!--Optional:-->
                                 <naa:Sequence identificationSchemeName="?" identificationSchemeURI="?" identificationSchemeVersion="?" identificationSchemeAgency="?">?</naa:Sequence>
                                 <naa:Start Format="?">?</naa:Start>
                              </naa:ValidityPeriod>
                           </naa:PersonName>
                           <!--Optional:-->
                           <naa:Responsibility LanguageIdentifier="?" LanguageLocaleIdentifier="?">?</naa:Responsibility>
                           <!--Zero or more repetitions:-->
                           <naa:Telephone ref="?">
                              <!--Optional:-->
                              <naa:AreaCode codeName="?" codeListURI="?" codeListAgency="?" codeListName="?" codeListVersion="?">?</naa:AreaCode>
                              <!--Optional:-->
                              <naa:CountryCode codeName="?" codeListURI="?" codeListAgency="?" codeListName="?" codeListVersion="?">?</naa:CountryCode>
                              <!--Optional:-->
                              <naa:Extension LanguageIdentifier="?" LanguageLocaleIdentifier="?">?</naa:Extension>
                              <naa:Number identificationSchemeName="?" identificationSchemeURI="?" identificationSchemeVersion="?" identificationSchemeAgency="?">?</naa:Number>
                              <naa:Type codeName="?" codeListURI="?" codeListAgency="?" codeListName="?" codeListVersion="?">?</naa:Type>
                           </naa:Telephone>
                           <!--Optional:-->
                           <naa:Type codeName="?" codeListURI="?" codeListAgency="?" codeListName="?" codeListVersion="?">?</naa:Type>
                        </naa:Contact>
                        <!--Optional:-->
                        <naa:Description LanguageIdentifier="?" LanguageLocaleIdentifier="?">?</naa:Description>
                        <naa:Identification identificationSchemeName="?" identificationSchemeURI="?" identificationSchemeVersion="?" identificationSchemeAgency="?">?</naa:Identification>
                        <!--Optional:-->
                        <naa:IndustryClassification codeName="?" codeListURI="?" codeListAgency="?" codeListName="?" codeListVersion="?">?</naa:IndustryClassification>
                        <!--Zero or more repetitions:-->
                        <naa:Internet ref="?">
                           <naa:Type codeName="?" codeListURI="?" codeListAgency="?" codeListName="?" codeListVersion="?">?</naa:Type>
                           <naa:URI>?</naa:URI>
                        </naa:Internet>
                        <!--Optional:-->
                        <naa:IsActive Format="?">?</naa:IsActive>
                        <!--Optional:-->
                        <naa:LegalClassification codeName="?" codeListURI="?" codeListAgency="?" codeListName="?" codeListVersion="?">?</naa:LegalClassification>
                        <!--Zero or more repetitions:-->
                        <naa:Organisation/>
                        <!--1 or more repetitions:-->
                        <naa:OrganisationName ref="?">
                           <naa:Classification codeName="?" codeListURI="?" codeListAgency="?" codeListName="?" codeListVersion="?">?</naa:Classification>
                           <naa:Name LanguageIdentifier="?" LanguageLocaleIdentifier="?">?</naa:Name>
                           <!--Optional:-->
                           <naa:ValidityPeriod ref="?">
                              <!--Optional:-->
                              <naa:Complete Format="?">?</naa:Complete>
                              <!--Optional:-->
                              <naa:Description LanguageIdentifier="?" LanguageLocaleIdentifier="?">?</naa:Description>
                              <!--Optional:-->
                              <naa:Duration UnitCode="?">?</naa:Duration>
                              <!--Optional:-->
                              <naa:End Format="?">?</naa:End>
                              <naa:Identification identificationSchemeName="?" identificationSchemeURI="?" identificationSchemeVersion="?" identificationSchemeAgency="?">?</naa:Identification>
                              <!--Optional:-->
                              <naa:Inclusive Format="?">?</naa:Inclusive>
                              <!--Optional:-->
                              <naa:Name LanguageIdentifier="?" LanguageLocaleIdentifier="?">?</naa:Name>
                              <!--Optional:-->
                              <naa:Sequence identificationSchemeName="?" identificationSchemeURI="?" identificationSchemeVersion="?" identificationSchemeAgency="?">?</naa:Sequence>
                              <naa:Start Format="?">?</naa:Start>
                           </naa:ValidityPeriod>
                        </naa:OrganisationName>
                        <!--Zero or more repetitions:-->
                        <naa:PhysicalAddress ref="?">
                           <!--Zero or more repetitions:-->
                           <naa:Address/>
                           <!--Optional:-->
                           <naa:BlockName LanguageIdentifier="?" LanguageLocaleIdentifier="?">?</naa:BlockName>
                           <!--Optional:-->
                           <naa:BuildingName LanguageIdentifier="?" LanguageLocaleIdentifier="?">?</naa:BuildingName>
                           <!--Optional:-->
                           <naa:BuildingNumber LanguageIdentifier="?" LanguageLocaleIdentifier="?">?</naa:BuildingNumber>
                           <!--Optional:-->
                           <naa:CityName LanguageIdentifier="?" LanguageLocaleIdentifier="?">?</naa:CityName>
                           <!--Optional:-->
                           <naa:Code codeName="?" codeListURI="?" codeListAgency="?" codeListName="?" codeListVersion="?">?</naa:Code>
                           <!--Optional:-->
                           <naa:CountryName codeName="?" codeListURI="?" codeListAgency="?" codeListName="?" codeListVersion="?">?</naa:CountryName>
                           <!--Optional:-->
                           <naa:CountrySubDivision codeName="?" codeListURI="?" codeListAgency="?" codeListName="?" codeListVersion="?">?</naa:CountrySubDivision>
                           <!--Zero or more repetitions:-->
                           <naa:Geocode ref="?">
                              <!--Optional:-->
                              <naa:AltimetricSystem codeName="?" codeListURI="?" codeListAgency="?" codeListName="?" codeListVersion="?">?</naa:AltimetricSystem>
                              <!--Optional:-->
                              <naa:Altitude Format="?">?</naa:Altitude>
                              <naa:Identification identificationSchemeName="?" identificationSchemeURI="?" identificationSchemeVersion="?" identificationSchemeAgency="?">?</naa:Identification>
                              <naa:Latitude Format="?">?</naa:Latitude>
                              <!--Optional:-->
                              <naa:LatitudeDirection codeName="?" codeListURI="?" codeListAgency="?" codeListName="?" codeListVersion="?">?</naa:LatitudeDirection>
                              <naa:Longitude Format="?">?</naa:Longitude>
                              <!--Optional:-->
                              <naa:LongitudeDirection codeName="?" codeListURI="?" codeListAgency="?" codeListName="?" codeListVersion="?">?</naa:LongitudeDirection>
                              <!--Optional:-->
                              <naa:System codeName="?" codeListURI="?" codeListAgency="?" codeListName="?" codeListVersion="?">?</naa:System>
                           </naa:Geocode>
                           <naa:Identification identificationSchemeName="?" identificationSchemeURI="?" identificationSchemeVersion="?" identificationSchemeAgency="?">?</naa:Identification>
                           <!--Optional:-->
                           <naa:LineFive LanguageIdentifier="?" LanguageLocaleIdentifier="?">?</naa:LineFive>
                           <!--Optional:-->
                           <naa:LineFour LanguageIdentifier="?" LanguageLocaleIdentifier="?">?</naa:LineFour>
                           <!--Optional:-->
                           <naa:LineOne LanguageIdentifier="?" LanguageLocaleIdentifier="?">?</naa:LineOne>
                           <!--Optional:-->
                           <naa:LineSix LanguageIdentifier="?" LanguageLocaleIdentifier="?">?</naa:LineSix>
                           <!--Optional:-->
                           <naa:LineThree LanguageIdentifier="?" LanguageLocaleIdentifier="?">?</naa:LineThree>
                           <!--Optional:-->
                           <naa:LineTwo LanguageIdentifier="?" LanguageLocaleIdentifier="?">?</naa:LineTwo>
                           <!--Optional:-->
                           <naa:PostOfficeBox LanguageIdentifier="?" LanguageLocaleIdentifier="?">?</naa:PostOfficeBox>
                           <!--Optional:-->
                           <naa:Postcode LanguageIdentifier="?" LanguageLocaleIdentifier="?">?</naa:Postcode>
                           <!--Optional:-->
                           <naa:StreetName LanguageIdentifier="?" LanguageLocaleIdentifier="?">?</naa:StreetName>
                           <!--Optional:-->
                           <naa:StreetSuffix codeName="?" codeListURI="?" codeListAgency="?" codeListName="?" codeListVersion="?">?</naa:StreetSuffix>
                           <!--Optional:-->
                           <naa:StreetType codeName="?" codeListURI="?" codeListAgency="?" codeListName="?" codeListVersion="?">?</naa:StreetType>
                           <!--Optional:-->
                           <naa:Usage codeName="?" codeListURI="?" codeListAgency="?" codeListName="?" codeListVersion="?">?</naa:Usage>
                           <!--Optional:-->
                           <naa:UsagePeriod ref="?">
                              <!--Optional:-->
                              <naa:Complete Format="?">?</naa:Complete>
                              <!--Optional:-->
                              <naa:Description LanguageIdentifier="?" LanguageLocaleIdentifier="?">?</naa:Description>
                              <!--Optional:-->
                              <naa:Duration UnitCode="?">?</naa:Duration>
                              <!--Optional:-->
                              <naa:End Format="?">?</naa:End>
                              <naa:Identification identificationSchemeName="?" identificationSchemeURI="?" identificationSchemeVersion="?" identificationSchemeAgency="?">?</naa:Identification>
                              <!--Optional:-->
                              <naa:Inclusive Format="?">?</naa:Inclusive>
                              <!--Optional:-->
                              <naa:Name LanguageIdentifier="?" LanguageLocaleIdentifier="?">?</naa:Name>
                              <!--Optional:-->
                              <naa:Sequence identificationSchemeName="?" identificationSchemeURI="?" identificationSchemeVersion="?" identificationSchemeAgency="?">?</naa:Sequence>
                              <naa:Start Format="?">?</naa:Start>
                           </naa:UsagePeriod>
                        </naa:PhysicalAddress>
                        <!--Zero or more repetitions:-->
                        <naa:PostalAddress ref="?">
                           <!--Zero or more repetitions:-->
                           <naa:Address/>
                           <!--Optional:-->
                           <naa:BlockName LanguageIdentifier="?" LanguageLocaleIdentifier="?">?</naa:BlockName>
                           <!--Optional:-->
                           <naa:BuildingName LanguageIdentifier="?" LanguageLocaleIdentifier="?">?</naa:BuildingName>
                           <!--Optional:-->
                           <naa:BuildingNumber LanguageIdentifier="?" LanguageLocaleIdentifier="?">?</naa:BuildingNumber>
                           <!--Optional:-->
                           <naa:CityName LanguageIdentifier="?" LanguageLocaleIdentifier="?">?</naa:CityName>
                           <!--Optional:-->
                           <naa:Code codeName="?" codeListURI="?" codeListAgency="?" codeListName="?" codeListVersion="?">?</naa:Code>
                           <!--Optional:-->
                           <naa:CountryName codeName="?" codeListURI="?" codeListAgency="?" codeListName="?" codeListVersion="?">?</naa:CountryName>
                           <!--Optional:-->
                           <naa:CountrySubDivision codeName="?" codeListURI="?" codeListAgency="?" codeListName="?" codeListVersion="?">?</naa:CountrySubDivision>
                           <!--Zero or more repetitions:-->
                           <naa:Geocode ref="?">
                              <!--Optional:-->
                              <naa:AltimetricSystem codeName="?" codeListURI="?" codeListAgency="?" codeListName="?" codeListVersion="?">?</naa:AltimetricSystem>
                              <!--Optional:-->
                              <naa:Altitude Format="?">?</naa:Altitude>
                              <naa:Identification identificationSchemeName="?" identificationSchemeURI="?" identificationSchemeVersion="?" identificationSchemeAgency="?">?</naa:Identification>
                              <naa:Latitude Format="?">?</naa:Latitude>
                              <!--Optional:-->
                              <naa:LatitudeDirection codeName="?" codeListURI="?" codeListAgency="?" codeListName="?" codeListVersion="?">?</naa:LatitudeDirection>
                              <naa:Longitude Format="?">?</naa:Longitude>
                              <!--Optional:-->
                              <naa:LongitudeDirection codeName="?" codeListURI="?" codeListAgency="?" codeListName="?" codeListVersion="?">?</naa:LongitudeDirection>
                              <!--Optional:-->
                              <naa:System codeName="?" codeListURI="?" codeListAgency="?" codeListName="?" codeListVersion="?">?</naa:System>
                           </naa:Geocode>
                           <naa:Identification identificationSchemeName="?" identificationSchemeURI="?" identificationSchemeVersion="?" identificationSchemeAgency="?">?</naa:Identification>
                           <!--Optional:-->
                           <naa:LineFive LanguageIdentifier="?" LanguageLocaleIdentifier="?">?</naa:LineFive>
                           <!--Optional:-->
                           <naa:LineFour LanguageIdentifier="?" LanguageLocaleIdentifier="?">?</naa:LineFour>
                           <!--Optional:-->
                           <naa:LineOne LanguageIdentifier="?" LanguageLocaleIdentifier="?">?</naa:LineOne>
                           <!--Optional:-->
                           <naa:LineSix LanguageIdentifier="?" LanguageLocaleIdentifier="?">?</naa:LineSix>
                           <!--Optional:-->
                           <naa:LineThree LanguageIdentifier="?" LanguageLocaleIdentifier="?">?</naa:LineThree>
                           <!--Optional:-->
                           <naa:LineTwo LanguageIdentifier="?" LanguageLocaleIdentifier="?">?</naa:LineTwo>
                           <!--Optional:-->
                           <naa:PostOfficeBox LanguageIdentifier="?" LanguageLocaleIdentifier="?">?</naa:PostOfficeBox>
                           <!--Optional:-->
                           <naa:Postcode LanguageIdentifier="?" LanguageLocaleIdentifier="?">?</naa:Postcode>
                           <!--Optional:-->
                           <naa:StreetName LanguageIdentifier="?" LanguageLocaleIdentifier="?">?</naa:StreetName>
                           <!--Optional:-->
                           <naa:StreetSuffix codeName="?" codeListURI="?" codeListAgency="?" codeListName="?" codeListVersion="?">?</naa:StreetSuffix>
                           <!--Optional:-->
                           <naa:StreetType codeName="?" codeListURI="?" codeListAgency="?" codeListName="?" codeListVersion="?">?</naa:StreetType>
                           <!--Optional:-->
                           <naa:Usage codeName="?" codeListURI="?" codeListAgency="?" codeListName="?" codeListVersion="?">?</naa:Usage>
                           <!--Optional:-->
                           <naa:UsagePeriod ref="?">
                              <!--Optional:-->
                              <naa:Complete Format="?">?</naa:Complete>
                              <!--Optional:-->
                              <naa:Description LanguageIdentifier="?" LanguageLocaleIdentifier="?">?</naa:Description>
                              <!--Optional:-->
                              <naa:Duration UnitCode="?">?</naa:Duration>
                              <!--Optional:-->
                              <naa:End Format="?">?</naa:End>
                              <naa:Identification identificationSchemeName="?" identificationSchemeURI="?" identificationSchemeVersion="?" identificationSchemeAgency="?">?</naa:Identification>
                              <!--Optional:-->
                              <naa:Inclusive Format="?">?</naa:Inclusive>
                              <!--Optional:-->
                              <naa:Name LanguageIdentifier="?" LanguageLocaleIdentifier="?">?</naa:Name>
                              <!--Optional:-->
                              <naa:Sequence identificationSchemeName="?" identificationSchemeURI="?" identificationSchemeVersion="?" identificationSchemeAgency="?">?</naa:Sequence>
                              <naa:Start Format="?">?</naa:Start>
                           </naa:UsagePeriod>
                        </naa:PostalAddress>
                        <!--Zero or more repetitions:-->
                        <naa:Registration ref="?">
                           <!--Optional:-->
                           <naa:Category codeName="?" codeListURI="?" codeListAgency="?" codeListName="?" codeListVersion="?">?</naa:Category>
                           <!--Optional:-->
                           <naa:Country codeName="?" codeListURI="?" codeListAgency="?" codeListName="?" codeListVersion="?">?</naa:Country>
                           <naa:Identification identificationSchemeName="?" identificationSchemeURI="?" identificationSchemeVersion="?" identificationSchemeAgency="?">?</naa:Identification>
                           <!--Optional:-->
                           <naa:Licence identificationSchemeName="?" identificationSchemeURI="?" identificationSchemeVersion="?" identificationSchemeAgency="?">?</naa:Licence>
                           <!--Optional:-->
                           <naa:Recorded Format="?">?</naa:Recorded>
                           <!--Optional:-->
                           <naa:Type codeName="?" codeListURI="?" codeListAgency="?" codeListName="?" codeListVersion="?">?</naa:Type>
                           <!--Optional:-->
                           <naa:ValidityPeriod ref="?">
                              <!--Optional:-->
                              <naa:Complete Format="?">?</naa:Complete>
                              <!--Optional:-->
                              <naa:Description LanguageIdentifier="?" LanguageLocaleIdentifier="?">?</naa:Description>
                              <!--Optional:-->
                              <naa:Duration UnitCode="?">?</naa:Duration>
                              <!--Optional:-->
                              <naa:End Format="?">?</naa:End>
                              <naa:Identification identificationSchemeName="?" identificationSchemeURI="?" identificationSchemeVersion="?" identificationSchemeAgency="?">?</naa:Identification>
                              <!--Optional:-->
                              <naa:Inclusive Format="?">?</naa:Inclusive>
                              <!--Optional:-->
                              <naa:Name LanguageIdentifier="?" LanguageLocaleIdentifier="?">?</naa:Name>
                              <!--Optional:-->
                              <naa:Sequence identificationSchemeName="?" identificationSchemeURI="?" identificationSchemeVersion="?" identificationSchemeAgency="?">?</naa:Sequence>
                              <naa:Start Format="?">?</naa:Start>
                           </naa:ValidityPeriod>
                        </naa:Registration>
                        <!--Zero or more repetitions:-->
                        <naa:Status ref="?">
                           <naa:Code codeName="?" codeListURI="?" codeListAgency="?" codeListName="?" codeListVersion="?">?</naa:Code>
                           <!--Optional:-->
                           <naa:Description LanguageIdentifier="?" LanguageLocaleIdentifier="?">?</naa:Description>
                           <!--Optional:-->
                           <naa:ValidityPeriod ref="?">
                              <!--Optional:-->
                              <naa:Complete Format="?">?</naa:Complete>
                              <!--Optional:-->
                              <naa:Description LanguageIdentifier="?" LanguageLocaleIdentifier="?">?</naa:Description>
                              <!--Optional:-->
                              <naa:Duration UnitCode="?">?</naa:Duration>
                              <!--Optional:-->
                              <naa:End Format="?">?</naa:End>
                              <naa:Identification identificationSchemeName="?" identificationSchemeURI="?" identificationSchemeVersion="?" identificationSchemeAgency="?">?</naa:Identification>
                              <!--Optional:-->
                              <naa:Inclusive Format="?">?</naa:Inclusive>
                              <!--Optional:-->
                              <naa:Name LanguageIdentifier="?" LanguageLocaleIdentifier="?">?</naa:Name>
                              <!--Optional:-->
                              <naa:Sequence identificationSchemeName="?" identificationSchemeURI="?" identificationSchemeVersion="?" identificationSchemeAgency="?">?</naa:Sequence>
                              <naa:Start Format="?">?</naa:Start>
                           </naa:ValidityPeriod>
                        </naa:Status>
                        <!--Zero or more repetitions:-->
                        <naa:Telephone ref="?">
                           <!--Optional:-->
                           <naa:AreaCode codeName="?" codeListURI="?" codeListAgency="?" codeListName="?" codeListVersion="?">?</naa:AreaCode>
                           <!--Optional:-->
                           <naa:CountryCode codeName="?" codeListURI="?" codeListAgency="?" codeListName="?" codeListVersion="?">?</naa:CountryCode>
                           <!--Optional:-->
                           <naa:Extension LanguageIdentifier="?" LanguageLocaleIdentifier="?">?</naa:Extension>
                           <naa:Number identificationSchemeName="?" identificationSchemeURI="?" identificationSchemeVersion="?" identificationSchemeAgency="?">?</naa:Number>
                           <naa:Type codeName="?" codeListURI="?" codeListAgency="?" codeListName="?" codeListVersion="?">?</naa:Type>
                        </naa:Telephone>
                        <!--Optional:-->
                        <naa:Type codeName="?" codeListURI="?" codeListAgency="?" codeListName="?" codeListVersion="?">?</naa:Type>
                     </naa:Organisation>
                     <!--Optional:-->
                     <naa:Person ref="?">
                        <!--Optional:-->
                        <naa:Description LanguageIdentifier="?" LanguageLocaleIdentifier="?">?</naa:Description>
                        <naa:Identification identificationSchemeName="?" identificationSchemeURI="?" identificationSchemeVersion="?" identificationSchemeAgency="?">?</naa:Identification>
                        <!--Zero or more repetitions:-->
                        <naa:Internet ref="?">
                           <naa:Type codeName="?" codeListURI="?" codeListAgency="?" codeListName="?" codeListVersion="?">?</naa:Type>
                           <naa:URI>?</naa:URI>
                        </naa:Internet>
                        <!--1 or more repetitions:-->
                        <naa:PersonName ref="?">
                           <naa:Classification codeName="?" codeListURI="?" codeListAgency="?" codeListName="?" codeListVersion="?">?</naa:Classification>
                           <!--Optional:-->
                           <naa:FamilyName LanguageIdentifier="?" LanguageLocaleIdentifier="?">?</naa:FamilyName>
                           <!--Optional:-->
                           <naa:FamilyNamePrefix LanguageIdentifier="?" LanguageLocaleIdentifier="?">?</naa:FamilyNamePrefix>
                           <!--Optional:-->
                           <naa:GivenName LanguageIdentifier="?" LanguageLocaleIdentifier="?">?</naa:GivenName>
                           <!--Optional:-->
                           <naa:MiddleName LanguageIdentifier="?" LanguageLocaleIdentifier="?">?</naa:MiddleName>
                           <!--Optional:-->
                           <naa:Name LanguageIdentifier="?" LanguageLocaleIdentifier="?">?</naa:Name>
                           <!--Optional:-->
                           <naa:NameSuffix codeName="?" codeListURI="?" codeListAgency="?" codeListName="?" codeListVersion="?">?</naa:NameSuffix>
                           <!--Optional:-->
                           <naa:Salutation LanguageIdentifier="?" LanguageLocaleIdentifier="?">?</naa:Salutation>
                           <!--Optional:-->
                           <naa:Title codeName="?" codeListURI="?" codeListAgency="?" codeListName="?" codeListVersion="?">?</naa:Title>
                           <!--Optional:-->
                           <naa:ValidityPeriod ref="?">
                              <!--Optional:-->
                              <naa:Complete Format="?">?</naa:Complete>
                              <!--Optional:-->
                              <naa:Description LanguageIdentifier="?" LanguageLocaleIdentifier="?">?</naa:Description>
                              <!--Optional:-->
                              <naa:Duration UnitCode="?">?</naa:Duration>
                              <!--Optional:-->
                              <naa:End Format="?">?</naa:End>
                              <naa:Identification identificationSchemeName="?" identificationSchemeURI="?" identificationSchemeVersion="?" identificationSchemeAgency="?">?</naa:Identification>
                              <!--Optional:-->
                              <naa:Inclusive Format="?">?</naa:Inclusive>
                              <!--Optional:-->
                              <naa:Name LanguageIdentifier="?" LanguageLocaleIdentifier="?">?</naa:Name>
                              <!--Optional:-->
                              <naa:Sequence identificationSchemeName="?" identificationSchemeURI="?" identificationSchemeVersion="?" identificationSchemeAgency="?">?</naa:Sequence>
                              <naa:Start Format="?">?</naa:Start>
                           </naa:ValidityPeriod>
                        </naa:PersonName>
                        <!--Zero or more repetitions:-->
                        <naa:PostalAddress ref="?">
                           <!--Zero or more repetitions:-->
                           <naa:Address/>
                           <!--Optional:-->
                           <naa:BlockName LanguageIdentifier="?" LanguageLocaleIdentifier="?">?</naa:BlockName>
                           <!--Optional:-->
                           <naa:BuildingName LanguageIdentifier="?" LanguageLocaleIdentifier="?">?</naa:BuildingName>
                           <!--Optional:-->
                           <naa:BuildingNumber LanguageIdentifier="?" LanguageLocaleIdentifier="?">?</naa:BuildingNumber>
                           <!--Optional:-->
                           <naa:CityName LanguageIdentifier="?" LanguageLocaleIdentifier="?">?</naa:CityName>
                           <!--Optional:-->
                           <naa:Code codeName="?" codeListURI="?" codeListAgency="?" codeListName="?" codeListVersion="?">?</naa:Code>
                           <!--Optional:-->
                           <naa:CountryName codeName="?" codeListURI="?" codeListAgency="?" codeListName="?" codeListVersion="?">?</naa:CountryName>
                           <!--Optional:-->
                           <naa:CountrySubDivision codeName="?" codeListURI="?" codeListAgency="?" codeListName="?" codeListVersion="?">?</naa:CountrySubDivision>
                           <!--Zero or more repetitions:-->
                           <naa:Geocode ref="?">
                              <!--Optional:-->
                              <naa:AltimetricSystem codeName="?" codeListURI="?" codeListAgency="?" codeListName="?" codeListVersion="?">?</naa:AltimetricSystem>
                              <!--Optional:-->
                              <naa:Altitude Format="?">?</naa:Altitude>
                              <naa:Identification identificationSchemeName="?" identificationSchemeURI="?" identificationSchemeVersion="?" identificationSchemeAgency="?">?</naa:Identification>
                              <naa:Latitude Format="?">?</naa:Latitude>
                              <!--Optional:-->
                              <naa:LatitudeDirection codeName="?" codeListURI="?" codeListAgency="?" codeListName="?" codeListVersion="?">?</naa:LatitudeDirection>
                              <naa:Longitude Format="?">?</naa:Longitude>
                              <!--Optional:-->
                              <naa:LongitudeDirection codeName="?" codeListURI="?" codeListAgency="?" codeListName="?" codeListVersion="?">?</naa:LongitudeDirection>
                              <!--Optional:-->
                              <naa:System codeName="?" codeListURI="?" codeListAgency="?" codeListName="?" codeListVersion="?">?</naa:System>
                           </naa:Geocode>
                           <naa:Identification identificationSchemeName="?" identificationSchemeURI="?" identificationSchemeVersion="?" identificationSchemeAgency="?">?</naa:Identification>
                           <!--Optional:-->
                           <naa:LineFive LanguageIdentifier="?" LanguageLocaleIdentifier="?">?</naa:LineFive>
                           <!--Optional:-->
                           <naa:LineFour LanguageIdentifier="?" LanguageLocaleIdentifier="?">?</naa:LineFour>
                           <!--Optional:-->
                           <naa:LineOne LanguageIdentifier="?" LanguageLocaleIdentifier="?">?</naa:LineOne>
                           <!--Optional:-->
                           <naa:LineSix LanguageIdentifier="?" LanguageLocaleIdentifier="?">?</naa:LineSix>
                           <!--Optional:-->
                           <naa:LineThree LanguageIdentifier="?" LanguageLocaleIdentifier="?">?</naa:LineThree>
                           <!--Optional:-->
                           <naa:LineTwo LanguageIdentifier="?" LanguageLocaleIdentifier="?">?</naa:LineTwo>
                           <!--Optional:-->
                           <naa:PostOfficeBox LanguageIdentifier="?" LanguageLocaleIdentifier="?">?</naa:PostOfficeBox>
                           <!--Optional:-->
                           <naa:Postcode LanguageIdentifier="?" LanguageLocaleIdentifier="?">?</naa:Postcode>
                           <!--Optional:-->
                           <naa:StreetName LanguageIdentifier="?" LanguageLocaleIdentifier="?">?</naa:StreetName>
                           <!--Optional:-->
                           <naa:StreetSuffix codeName="?" codeListURI="?" codeListAgency="?" codeListName="?" codeListVersion="?">?</naa:StreetSuffix>
                           <!--Optional:-->
                           <naa:StreetType codeName="?" codeListURI="?" codeListAgency="?" codeListName="?" codeListVersion="?">?</naa:StreetType>
                           <!--Optional:-->
                           <naa:Usage codeName="?" codeListURI="?" codeListAgency="?" codeListName="?" codeListVersion="?">?</naa:Usage>
                           <!--Optional:-->
                           <naa:UsagePeriod ref="?">
                              <!--Optional:-->
                              <naa:Complete Format="?">?</naa:Complete>
                              <!--Optional:-->
                              <naa:Description LanguageIdentifier="?" LanguageLocaleIdentifier="?">?</naa:Description>
                              <!--Optional:-->
                              <naa:Duration UnitCode="?">?</naa:Duration>
                              <!--Optional:-->
                              <naa:End Format="?">?</naa:End>
                              <naa:Identification identificationSchemeName="?" identificationSchemeURI="?" identificationSchemeVersion="?" identificationSchemeAgency="?">?</naa:Identification>
                              <!--Optional:-->
                              <naa:Inclusive Format="?">?</naa:Inclusive>
                              <!--Optional:-->
                              <naa:Name LanguageIdentifier="?" LanguageLocaleIdentifier="?">?</naa:Name>
                              <!--Optional:-->
                              <naa:Sequence identificationSchemeName="?" identificationSchemeURI="?" identificationSchemeVersion="?" identificationSchemeAgency="?">?</naa:Sequence>
                              <naa:Start Format="?">?</naa:Start>
                           </naa:UsagePeriod>
                        </naa:PostalAddress>
                        <!--Zero or more repetitions:-->
                        <naa:Registration ref="?">
                           <!--Optional:-->
                           <naa:Category codeName="?" codeListURI="?" codeListAgency="?" codeListName="?" codeListVersion="?">?</naa:Category>
                           <!--Optional:-->
                           <naa:Country codeName="?" codeListURI="?" codeListAgency="?" codeListName="?" codeListVersion="?">?</naa:Country>
                           <naa:Identification identificationSchemeName="?" identificationSchemeURI="?" identificationSchemeVersion="?" identificationSchemeAgency="?">?</naa:Identification>
                           <!--Optional:-->
                           <naa:Licence identificationSchemeName="?" identificationSchemeURI="?" identificationSchemeVersion="?" identificationSchemeAgency="?">?</naa:Licence>
                           <!--Optional:-->
                           <naa:Recorded Format="?">?</naa:Recorded>
                           <!--Optional:-->
                           <naa:Type codeName="?" codeListURI="?" codeListAgency="?" codeListName="?" codeListVersion="?">?</naa:Type>
                           <!--Optional:-->
                           <naa:ValidityPeriod ref="?">
                              <!--Optional:-->
                              <naa:Complete Format="?">?</naa:Complete>
                              <!--Optional:-->
                              <naa:Description LanguageIdentifier="?" LanguageLocaleIdentifier="?">?</naa:Description>
                              <!--Optional:-->
                              <naa:Duration UnitCode="?">?</naa:Duration>
                              <!--Optional:-->
                              <naa:End Format="?">?</naa:End>
                              <naa:Identification identificationSchemeName="?" identificationSchemeURI="?" identificationSchemeVersion="?" identificationSchemeAgency="?">?</naa:Identification>
                              <!--Optional:-->
                              <naa:Inclusive Format="?">?</naa:Inclusive>
                              <!--Optional:-->
                              <naa:Name LanguageIdentifier="?" LanguageLocaleIdentifier="?">?</naa:Name>
                              <!--Optional:-->
                              <naa:Sequence identificationSchemeName="?" identificationSchemeURI="?" identificationSchemeVersion="?" identificationSchemeAgency="?">?</naa:Sequence>
                              <naa:Start Format="?">?</naa:Start>
                           </naa:ValidityPeriod>
                        </naa:Registration>
                        <!--Zero or more repetitions:-->
                        <naa:ResidentialAddress ref="?">
                           <!--Zero or more repetitions:-->
                           <naa:Address/>
                           <!--Optional:-->
                           <naa:BlockName LanguageIdentifier="?" LanguageLocaleIdentifier="?">?</naa:BlockName>
                           <!--Optional:-->
                           <naa:BuildingName LanguageIdentifier="?" LanguageLocaleIdentifier="?">?</naa:BuildingName>
                           <!--Optional:-->
                           <naa:BuildingNumber LanguageIdentifier="?" LanguageLocaleIdentifier="?">?</naa:BuildingNumber>
                           <!--Optional:-->
                           <naa:CityName LanguageIdentifier="?" LanguageLocaleIdentifier="?">?</naa:CityName>
                           <!--Optional:-->
                           <naa:Code codeName="?" codeListURI="?" codeListAgency="?" codeListName="?" codeListVersion="?">?</naa:Code>
                           <!--Optional:-->
                           <naa:CountryName codeName="?" codeListURI="?" codeListAgency="?" codeListName="?" codeListVersion="?">?</naa:CountryName>
                           <!--Optional:-->
                           <naa:CountrySubDivision codeName="?" codeListURI="?" codeListAgency="?" codeListName="?" codeListVersion="?">?</naa:CountrySubDivision>
                           <!--Zero or more repetitions:-->
                           <naa:Geocode ref="?">
                              <!--Optional:-->
                              <naa:AltimetricSystem codeName="?" codeListURI="?" codeListAgency="?" codeListName="?" codeListVersion="?">?</naa:AltimetricSystem>
                              <!--Optional:-->
                              <naa:Altitude Format="?">?</naa:Altitude>
                              <naa:Identification identificationSchemeName="?" identificationSchemeURI="?" identificationSchemeVersion="?" identificationSchemeAgency="?">?</naa:Identification>
                              <naa:Latitude Format="?">?</naa:Latitude>
                              <!--Optional:-->
                              <naa:LatitudeDirection codeName="?" codeListURI="?" codeListAgency="?" codeListName="?" codeListVersion="?">?</naa:LatitudeDirection>
                              <naa:Longitude Format="?">?</naa:Longitude>
                              <!--Optional:-->
                              <naa:LongitudeDirection codeName="?" codeListURI="?" codeListAgency="?" codeListName="?" codeListVersion="?">?</naa:LongitudeDirection>
                              <!--Optional:-->
                              <naa:System codeName="?" codeListURI="?" codeListAgency="?" codeListName="?" codeListVersion="?">?</naa:System>
                           </naa:Geocode>
                           <naa:Identification identificationSchemeName="?" identificationSchemeURI="?" identificationSchemeVersion="?" identificationSchemeAgency="?">?</naa:Identification>
                           <!--Optional:-->
                           <naa:LineFive LanguageIdentifier="?" LanguageLocaleIdentifier="?">?</naa:LineFive>
                           <!--Optional:-->
                           <naa:LineFour LanguageIdentifier="?" LanguageLocaleIdentifier="?">?</naa:LineFour>
                           <!--Optional:-->
                           <naa:LineOne LanguageIdentifier="?" LanguageLocaleIdentifier="?">?</naa:LineOne>
                           <!--Optional:-->
                           <naa:LineSix LanguageIdentifier="?" LanguageLocaleIdentifier="?">?</naa:LineSix>
                           <!--Optional:-->
                           <naa:LineThree LanguageIdentifier="?" LanguageLocaleIdentifier="?">?</naa:LineThree>
                           <!--Optional:-->
                           <naa:LineTwo LanguageIdentifier="?" LanguageLocaleIdentifier="?">?</naa:LineTwo>
                           <!--Optional:-->
                           <naa:PostOfficeBox LanguageIdentifier="?" LanguageLocaleIdentifier="?">?</naa:PostOfficeBox>
                           <!--Optional:-->
                           <naa:Postcode LanguageIdentifier="?" LanguageLocaleIdentifier="?">?</naa:Postcode>
                           <!--Optional:-->
                           <naa:StreetName LanguageIdentifier="?" LanguageLocaleIdentifier="?">?</naa:StreetName>
                           <!--Optional:-->
                           <naa:StreetSuffix codeName="?" codeListURI="?" codeListAgency="?" codeListName="?" codeListVersion="?">?</naa:StreetSuffix>
                           <!--Optional:-->
                           <naa:StreetType codeName="?" codeListURI="?" codeListAgency="?" codeListName="?" codeListVersion="?">?</naa:StreetType>
                           <!--Optional:-->
                           <naa:Usage codeName="?" codeListURI="?" codeListAgency="?" codeListName="?" codeListVersion="?">?</naa:Usage>
                           <!--Optional:-->
                           <naa:UsagePeriod ref="?">
                              <!--Optional:-->
                              <naa:Complete Format="?">?</naa:Complete>
                              <!--Optional:-->
                              <naa:Description LanguageIdentifier="?" LanguageLocaleIdentifier="?">?</naa:Description>
                              <!--Optional:-->
                              <naa:Duration UnitCode="?">?</naa:Duration>
                              <!--Optional:-->
                              <naa:End Format="?">?</naa:End>
                              <naa:Identification identificationSchemeName="?" identificationSchemeURI="?" identificationSchemeVersion="?" identificationSchemeAgency="?">?</naa:Identification>
                              <!--Optional:-->
                              <naa:Inclusive Format="?">?</naa:Inclusive>
                              <!--Optional:-->
                              <naa:Name LanguageIdentifier="?" LanguageLocaleIdentifier="?">?</naa:Name>
                              <!--Optional:-->
                              <naa:Sequence identificationSchemeName="?" identificationSchemeURI="?" identificationSchemeVersion="?" identificationSchemeAgency="?">?</naa:Sequence>
                              <naa:Start Format="?">?</naa:Start>
                           </naa:UsagePeriod>
                        </naa:ResidentialAddress>
                        <!--Zero or more repetitions:-->
                        <naa:Status ref="?">
                           <naa:Code codeName="?" codeListURI="?" codeListAgency="?" codeListName="?" codeListVersion="?">?</naa:Code>
                           <!--Optional:-->
                           <naa:Description LanguageIdentifier="?" LanguageLocaleIdentifier="?">?</naa:Description>
                           <!--Optional:-->
                           <naa:ValidityPeriod ref="?">
                              <!--Optional:-->
                              <naa:Complete Format="?">?</naa:Complete>
                              <!--Optional:-->
                              <naa:Description LanguageIdentifier="?" LanguageLocaleIdentifier="?">?</naa:Description>
                              <!--Optional:-->
                              <naa:Duration UnitCode="?">?</naa:Duration>
                              <!--Optional:-->
                              <naa:End Format="?">?</naa:End>
                              <naa:Identification identificationSchemeName="?" identificationSchemeURI="?" identificationSchemeVersion="?" identificationSchemeAgency="?">?</naa:Identification>
                              <!--Optional:-->
                              <naa:Inclusive Format="?">?</naa:Inclusive>
                              <!--Optional:-->
                              <naa:Name LanguageIdentifier="?" LanguageLocaleIdentifier="?">?</naa:Name>
                              <!--Optional:-->
                              <naa:Sequence identificationSchemeName="?" identificationSchemeURI="?" identificationSchemeVersion="?" identificationSchemeAgency="?">?</naa:Sequence>
                              <naa:Start Format="?">?</naa:Start>
                           </naa:ValidityPeriod>
                        </naa:Status>
                        <!--Zero or more repetitions:-->
                        <naa:Telephone ref="?">
                           <!--Optional:-->
                           <naa:AreaCode codeName="?" codeListURI="?" codeListAgency="?" codeListName="?" codeListVersion="?">?</naa:AreaCode>
                           <!--Optional:-->
                           <naa:CountryCode codeName="?" codeListURI="?" codeListAgency="?" codeListName="?" codeListVersion="?">?</naa:CountryCode>
                           <!--Optional:-->
                           <naa:Extension LanguageIdentifier="?" LanguageLocaleIdentifier="?">?</naa:Extension>
                           <naa:Number identificationSchemeName="?" identificationSchemeURI="?" identificationSchemeVersion="?" identificationSchemeAgency="?">?</naa:Number>
                           <naa:Type codeName="?" codeListURI="?" codeListAgency="?" codeListName="?" codeListVersion="?">?</naa:Type>
                        </naa:Telephone>
                     </naa:Person>
                     <naa:Identification identificationSchemeName="?" identificationSchemeURI="?" identificationSchemeVersion="?" identificationSchemeAgency="?">?</naa:Identification>
                     <!--Optional:-->
                     <naa:Language codeName="?" codeListURI="?" codeListAgency="?" codeListName="?" codeListVersion="?">?</naa:Language>
                     <naa:Name LanguageIdentifier="?" LanguageLocaleIdentifier="?">?</naa:Name>
                     <!--Optional:-->
                     <naa:Type LanguageIdentifier="?" LanguageLocaleIdentifier="?">?</naa:Type>
                  </da:Party>
                  <!--Optional:-->
                  <da:Type codeName="?" codeListURI="?" codeListAgency="?" codeListName="?" codeListVersion="?">?</da:Type>
               </da:PartyRole>
               <!--Optional:-->
               <da:Type codeName="?" codeListURI="?" codeListAgency="?" codeListName="?" codeListVersion="?">?</da:Type>
            </da:Authorisation>
            <!--Zero or more repetitions:-->
            <da:Comments LanguageIdentifier="?" LanguageLocaleIdentifier="?">?</da:Comments>
            <!--Optional:-->
            <da:CreatedDate Format="?">?</da:CreatedDate>
            <!--Zero or more repetitions:-->
            <da:Determination ref="?">
               <!--Zero or more repetitions:-->
               <da:Attachment ref="?">
                  <!--Zero or more repetitions:-->
                  <da:Contributor LanguageIdentifier="?" LanguageLocaleIdentifier="?">?</da:Contributor>
                  <!--Zero or more repetitions:-->
                  <da:Coverage LanguageIdentifier="?" LanguageLocaleIdentifier="?">?</da:Coverage>
                  <!--Zero or more repetitions:-->
                  <da:Creator LanguageIdentifier="?" LanguageLocaleIdentifier="?">?</da:Creator>
                  <!--Optional:-->
                  <da:Date Format="?">?</da:Date>
                  <!--Zero or more repetitions:-->
                  <da:Description LanguageIdentifier="?" LanguageLocaleIdentifier="?">?</da:Description>
                  <!--Optional:-->
                  <da:Format LanguageIdentifier="?" LanguageLocaleIdentifier="?">?</da:Format>
                  <da:Identification identificationSchemeName="?" identificationSchemeURI="?" identificationSchemeVersion="?" identificationSchemeAgency="?">?</da:Identification>
                  <!--Zero or more repetitions:-->
                  <da:Language LanguageIdentifier="?" LanguageLocaleIdentifier="?">?</da:Language>
                  <!--Zero or more repetitions:-->
                  <da:Publisher LanguageIdentifier="?" LanguageLocaleIdentifier="?">?</da:Publisher>
                  <!--Zero or more repetitions:-->
                  <da:Relation LanguageIdentifier="?" LanguageLocaleIdentifier="?">?</da:Relation>
                  <!--Zero or more repetitions:-->
                  <da:Rights LanguageIdentifier="?" LanguageLocaleIdentifier="?">?</da:Rights>
                  <!--Optional:-->
                  <da:Size UnitCode="?">?</da:Size>
                  <!--Zero or more repetitions:-->
                  <da:Source LanguageIdentifier="?" LanguageLocaleIdentifier="?">?</da:Source>
                  <!--Optional:-->
                  <da:Subject LanguageIdentifier="?" LanguageLocaleIdentifier="?">?</da:Subject>
                  <!--Optional:-->
                  <da:Title LanguageIdentifier="?" LanguageLocaleIdentifier="?">?</da:Title>
                  <!--Optional:-->
                  <da:Type LanguageIdentifier="?" LanguageLocaleIdentifier="?">?</da:Type>
                  <!--Optional:-->
                  <da:Version LanguageIdentifier="?" LanguageLocaleIdentifier="?">?</da:Version>
                  <!--You have a CHOICE of the next 2 items at this level-->
                  <!--Optional:-->
                  <da:Attachment Format="?" MimeCode="?" CharacterSetCode="?" EncodingCode="?" UniformResourceIdentifier="?" Filename="?">cid:121359430621</da:Attachment>
                  <!--Optional:-->
                  <da:URI>?</da:URI>
               </da:Attachment>
               <!--Zero or more repetitions:-->
               <da:Comments LanguageIdentifier="?" LanguageLocaleIdentifier="?">?</da:Comments>
               <!--Zero or more repetitions:-->
               <da:Condition ref="?">
                  <da:Classification codeName="?" codeListURI="?" codeListAgency="?" codeListName="?" codeListVersion="?">?</da:Classification>
                  <!--Optional:-->
                  <da:ConditionReference identificationSchemeName="?" identificationSchemeURI="?" identificationSchemeVersion="?" identificationSchemeAgency="?">?</da:ConditionReference>
                  <!--Optional:-->
                  <da:Detail LanguageIdentifier="?" LanguageLocaleIdentifier="?">?</da:Detail>
                  <da:Identification identificationSchemeName="?" identificationSchemeURI="?" identificationSchemeVersion="?" identificationSchemeAgency="?">?</da:Identification>
                  <!--Optional:-->
                  <da:Type codeName="?" codeListURI="?" codeListAgency="?" codeListName="?" codeListVersion="?">?</da:Type>
               </da:Condition>
               <!--Optional:-->
               <da:DeterminationDate Format="?">?</da:DeterminationDate>
               <da:Identification identificationSchemeName="?" identificationSchemeURI="?" identificationSchemeVersion="?" identificationSchemeAgency="?">?</da:Identification>
               <!--1 or more repetitions:-->
               <da:PartyRole ref="?">
                  <!--Optional:-->
                  <da:DateTime Format="?">?</da:DateTime>
                  <!--1 or more repetitions:-->
                  <da:Party ref="?">
                     <!--Optional:-->
                     <naa:AccessRights codeName="?" codeListURI="?" codeListAgency="?" codeListName="?" codeListVersion="?">?</naa:AccessRights>
                     <!--Optional:-->
                     <naa:Description LanguageIdentifier="?" LanguageLocaleIdentifier="?">?</naa:Description>
                     <!--You have a CHOICE of the next 2 items at this level-->
                     <!--Optional:-->
                     <naa:Organisation ref="?">
                        <!--Zero or more repetitions:-->
                        <naa:Contact ref="?">
                           <!--Optional:-->
                           <naa:DepartmentName LanguageIdentifier="?" LanguageLocaleIdentifier="?">?</naa:DepartmentName>
                           <!--Optional:-->
                           <naa:Description LanguageIdentifier="?" LanguageLocaleIdentifier="?">?</naa:Description>
                           <naa:Identification identificationSchemeName="?" identificationSchemeURI="?" identificationSchemeVersion="?" identificationSchemeAgency="?">?</naa:Identification>
                           <!--Zero or more repetitions:-->
                           <naa:Internet ref="?">
                              <naa:Type codeName="?" codeListURI="?" codeListAgency="?" codeListName="?" codeListVersion="?">?</naa:Type>
                              <naa:URI>?</naa:URI>
                           </naa:Internet>
                           <!--Optional:-->
                           <naa:IsPrimary Format="?">?</naa:IsPrimary>
                           <!--Optional:-->
                           <naa:JobTitle LanguageIdentifier="?" LanguageLocaleIdentifier="?">?</naa:JobTitle>
                           <!--Optional:-->
                           <naa:PersonName ref="?">
                              <naa:Classification codeName="?" codeListURI="?" codeListAgency="?" codeListName="?" codeListVersion="?">?</naa:Classification>
                              <!--Optional:-->
                              <naa:FamilyName LanguageIdentifier="?" LanguageLocaleIdentifier="?">?</naa:FamilyName>
                              <!--Optional:-->
                              <naa:FamilyNamePrefix LanguageIdentifier="?" LanguageLocaleIdentifier="?">?</naa:FamilyNamePrefix>
                              <!--Optional:-->
                              <naa:GivenName LanguageIdentifier="?" LanguageLocaleIdentifier="?">?</naa:GivenName>
                              <!--Optional:-->
                              <naa:MiddleName LanguageIdentifier="?" LanguageLocaleIdentifier="?">?</naa:MiddleName>
                              <!--Optional:-->
                              <naa:Name LanguageIdentifier="?" LanguageLocaleIdentifier="?">?</naa:Name>
                              <!--Optional:-->
                              <naa:NameSuffix codeName="?" codeListURI="?" codeListAgency="?" codeListName="?" codeListVersion="?">?</naa:NameSuffix>
                              <!--Optional:-->
                              <naa:Salutation LanguageIdentifier="?" LanguageLocaleIdentifier="?">?</naa:Salutation>
                              <!--Optional:-->
                              <naa:Title codeName="?" codeListURI="?" codeListAgency="?" codeListName="?" codeListVersion="?">?</naa:Title>
                              <!--Optional:-->
                              <naa:ValidityPeriod ref="?">
                                 <!--Optional:-->
                                 <naa:Complete Format="?">?</naa:Complete>
                                 <!--Optional:-->
                                 <naa:Description LanguageIdentifier="?" LanguageLocaleIdentifier="?">?</naa:Description>
                                 <!--Optional:-->
                                 <naa:Duration UnitCode="?">?</naa:Duration>
                                 <!--Optional:-->
                                 <naa:End Format="?">?</naa:End>
                                 <naa:Identification identificationSchemeName="?" identificationSchemeURI="?" identificationSchemeVersion="?" identificationSchemeAgency="?">?</naa:Identification>
                                 <!--Optional:-->
                                 <naa:Inclusive Format="?">?</naa:Inclusive>
                                 <!--Optional:-->
                                 <naa:Name LanguageIdentifier="?" LanguageLocaleIdentifier="?">?</naa:Name>
                                 <!--Optional:-->
                                 <naa:Sequence identificationSchemeName="?" identificationSchemeURI="?" identificationSchemeVersion="?" identificationSchemeAgency="?">?</naa:Sequence>
                                 <naa:Start Format="?">?</naa:Start>
                              </naa:ValidityPeriod>
                           </naa:PersonName>
                           <!--Optional:-->
                           <naa:Responsibility LanguageIdentifier="?" LanguageLocaleIdentifier="?">?</naa:Responsibility>
                           <!--Zero or more repetitions:-->
                           <naa:Telephone ref="?">
                              <!--Optional:-->
                              <naa:AreaCode codeName="?" codeListURI="?" codeListAgency="?" codeListName="?" codeListVersion="?">?</naa:AreaCode>
                              <!--Optional:-->
                              <naa:CountryCode codeName="?" codeListURI="?" codeListAgency="?" codeListName="?" codeListVersion="?">?</naa:CountryCode>
                              <!--Optional:-->
                              <naa:Extension LanguageIdentifier="?" LanguageLocaleIdentifier="?">?</naa:Extension>
                              <naa:Number identificationSchemeName="?" identificationSchemeURI="?" identificationSchemeVersion="?" identificationSchemeAgency="?">?</naa:Number>
                              <naa:Type codeName="?" codeListURI="?" codeListAgency="?" codeListName="?" codeListVersion="?">?</naa:Type>
                           </naa:Telephone>
                           <!--Optional:-->
                           <naa:Type codeName="?" codeListURI="?" codeListAgency="?" codeListName="?" codeListVersion="?">?</naa:Type>
                        </naa:Contact>
                        <!--Optional:-->
                        <naa:Description LanguageIdentifier="?" LanguageLocaleIdentifier="?">?</naa:Description>
                        <naa:Identification identificationSchemeName="?" identificationSchemeURI="?" identificationSchemeVersion="?" identificationSchemeAgency="?">?</naa:Identification>
                        <!--Optional:-->
                        <naa:IndustryClassification codeName="?" codeListURI="?" codeListAgency="?" codeListName="?" codeListVersion="?">?</naa:IndustryClassification>
                        <!--Zero or more repetitions:-->
                        <naa:Internet ref="?">
                           <naa:Type codeName="?" codeListURI="?" codeListAgency="?" codeListName="?" codeListVersion="?">?</naa:Type>
                           <naa:URI>?</naa:URI>
                        </naa:Internet>
                        <!--Optional:-->
                        <naa:IsActive Format="?">?</naa:IsActive>
                        <!--Optional:-->
                        <naa:LegalClassification codeName="?" codeListURI="?" codeListAgency="?" codeListName="?" codeListVersion="?">?</naa:LegalClassification>
                        <!--Zero or more repetitions:-->
                        <naa:Organisation/>
                        <!--1 or more repetitions:-->
                        <naa:OrganisationName ref="?">
                           <naa:Classification codeName="?" codeListURI="?" codeListAgency="?" codeListName="?" codeListVersion="?">?</naa:Classification>
                           <naa:Name LanguageIdentifier="?" LanguageLocaleIdentifier="?">?</naa:Name>
                           <!--Optional:-->
                           <naa:ValidityPeriod ref="?">
                              <!--Optional:-->
                              <naa:Complete Format="?">?</naa:Complete>
                              <!--Optional:-->
                              <naa:Description LanguageIdentifier="?" LanguageLocaleIdentifier="?">?</naa:Description>
                              <!--Optional:-->
                              <naa:Duration UnitCode="?">?</naa:Duration>
                              <!--Optional:-->
                              <naa:End Format="?">?</naa:End>
                              <naa:Identification identificationSchemeName="?" identificationSchemeURI="?" identificationSchemeVersion="?" identificationSchemeAgency="?">?</naa:Identification>
                              <!--Optional:-->
                              <naa:Inclusive Format="?">?</naa:Inclusive>
                              <!--Optional:-->
                              <naa:Name LanguageIdentifier="?" LanguageLocaleIdentifier="?">?</naa:Name>
                              <!--Optional:-->
                              <naa:Sequence identificationSchemeName="?" identificationSchemeURI="?" identificationSchemeVersion="?" identificationSchemeAgency="?">?</naa:Sequence>
                              <naa:Start Format="?">?</naa:Start>
                           </naa:ValidityPeriod>
                        </naa:OrganisationName>
                        <!--Zero or more repetitions:-->
                        <naa:PhysicalAddress ref="?">
                           <!--Zero or more repetitions:-->
                           <naa:Address/>
                           <!--Optional:-->
                           <naa:BlockName LanguageIdentifier="?" LanguageLocaleIdentifier="?">?</naa:BlockName>
                           <!--Optional:-->
                           <naa:BuildingName LanguageIdentifier="?" LanguageLocaleIdentifier="?">?</naa:BuildingName>
                           <!--Optional:-->
                           <naa:BuildingNumber LanguageIdentifier="?" LanguageLocaleIdentifier="?">?</naa:BuildingNumber>
                           <!--Optional:-->
                           <naa:CityName LanguageIdentifier="?" LanguageLocaleIdentifier="?">?</naa:CityName>
                           <!--Optional:-->
                           <naa:Code codeName="?" codeListURI="?" codeListAgency="?" codeListName="?" codeListVersion="?">?</naa:Code>
                           <!--Optional:-->
                           <naa:CountryName codeName="?" codeListURI="?" codeListAgency="?" codeListName="?" codeListVersion="?">?</naa:CountryName>
                           <!--Optional:-->
                           <naa:CountrySubDivision codeName="?" codeListURI="?" codeListAgency="?" codeListName="?" codeListVersion="?">?</naa:CountrySubDivision>
                           <!--Zero or more repetitions:-->
                           <naa:Geocode ref="?">
                              <!--Optional:-->
                              <naa:AltimetricSystem codeName="?" codeListURI="?" codeListAgency="?" codeListName="?" codeListVersion="?">?</naa:AltimetricSystem>
                              <!--Optional:-->
                              <naa:Altitude Format="?">?</naa:Altitude>
                              <naa:Identification identificationSchemeName="?" identificationSchemeURI="?" identificationSchemeVersion="?" identificationSchemeAgency="?">?</naa:Identification>
                              <naa:Latitude Format="?">?</naa:Latitude>
                              <!--Optional:-->
                              <naa:LatitudeDirection codeName="?" codeListURI="?" codeListAgency="?" codeListName="?" codeListVersion="?">?</naa:LatitudeDirection>
                              <naa:Longitude Format="?">?</naa:Longitude>
                              <!--Optional:-->
                              <naa:LongitudeDirection codeName="?" codeListURI="?" codeListAgency="?" codeListName="?" codeListVersion="?">?</naa:LongitudeDirection>
                              <!--Optional:-->
                              <naa:System codeName="?" codeListURI="?" codeListAgency="?" codeListName="?" codeListVersion="?">?</naa:System>
                           </naa:Geocode>
                           <naa:Identification identificationSchemeName="?" identificationSchemeURI="?" identificationSchemeVersion="?" identificationSchemeAgency="?">?</naa:Identification>
                           <!--Optional:-->
                           <naa:LineFive LanguageIdentifier="?" LanguageLocaleIdentifier="?">?</naa:LineFive>
                           <!--Optional:-->
                           <naa:LineFour LanguageIdentifier="?" LanguageLocaleIdentifier="?">?</naa:LineFour>
                           <!--Optional:-->
                           <naa:LineOne LanguageIdentifier="?" LanguageLocaleIdentifier="?">?</naa:LineOne>
                           <!--Optional:-->
                           <naa:LineSix LanguageIdentifier="?" LanguageLocaleIdentifier="?">?</naa:LineSix>
                           <!--Optional:-->
                           <naa:LineThree LanguageIdentifier="?" LanguageLocaleIdentifier="?">?</naa:LineThree>
                           <!--Optional:-->
                           <naa:LineTwo LanguageIdentifier="?" LanguageLocaleIdentifier="?">?</naa:LineTwo>
                           <!--Optional:-->
                           <naa:PostOfficeBox LanguageIdentifier="?" LanguageLocaleIdentifier="?">?</naa:PostOfficeBox>
                           <!--Optional:-->
                           <naa:Postcode LanguageIdentifier="?" LanguageLocaleIdentifier="?">?</naa:Postcode>
                           <!--Optional:-->
                           <naa:StreetName LanguageIdentifier="?" LanguageLocaleIdentifier="?">?</naa:StreetName>
                           <!--Optional:-->
                           <naa:StreetSuffix codeName="?" codeListURI="?" codeListAgency="?" codeListName="?" codeListVersion="?">?</naa:StreetSuffix>
                           <!--Optional:-->
                           <naa:StreetType codeName="?" codeListURI="?" codeListAgency="?" codeListName="?" codeListVersion="?">?</naa:StreetType>
                           <!--Optional:-->
                           <naa:Usage codeName="?" codeListURI="?" codeListAgency="?" codeListName="?" codeListVersion="?">?</naa:Usage>
                           <!--Optional:-->
                           <naa:UsagePeriod ref="?">
                              <!--Optional:-->
                              <naa:Complete Format="?">?</naa:Complete>
                              <!--Optional:-->
                              <naa:Description LanguageIdentifier="?" LanguageLocaleIdentifier="?">?</naa:Description>
                              <!--Optional:-->
                              <naa:Duration UnitCode="?">?</naa:Duration>
                              <!--Optional:-->
                              <naa:End Format="?">?</naa:End>
                              <naa:Identification identificationSchemeName="?" identificationSchemeURI="?" identificationSchemeVersion="?" identificationSchemeAgency="?">?</naa:Identification>
                              <!--Optional:-->
                              <naa:Inclusive Format="?">?</naa:Inclusive>
                              <!--Optional:-->
                              <naa:Name LanguageIdentifier="?" LanguageLocaleIdentifier="?">?</naa:Name>
                              <!--Optional:-->
                              <naa:Sequence identificationSchemeName="?" identificationSchemeURI="?" identificationSchemeVersion="?" identificationSchemeAgency="?">?</naa:Sequence>
                              <naa:Start Format="?">?</naa:Start>
                           </naa:UsagePeriod>
                        </naa:PhysicalAddress>
                        <!--Zero or more repetitions:-->
                        <naa:PostalAddress ref="?">
                           <!--Zero or more repetitions:-->
                           <naa:Address/>
                           <!--Optional:-->
                           <naa:BlockName LanguageIdentifier="?" LanguageLocaleIdentifier="?">?</naa:BlockName>
                           <!--Optional:-->
                           <naa:BuildingName LanguageIdentifier="?" LanguageLocaleIdentifier="?">?</naa:BuildingName>
                           <!--Optional:-->
                           <naa:BuildingNumber LanguageIdentifier="?" LanguageLocaleIdentifier="?">?</naa:BuildingNumber>
                           <!--Optional:-->
                           <naa:CityName LanguageIdentifier="?" LanguageLocaleIdentifier="?">?</naa:CityName>
                           <!--Optional:-->
                           <naa:Code codeName="?" codeListURI="?" codeListAgency="?" codeListName="?" codeListVersion="?">?</naa:Code>
                           <!--Optional:-->
                           <naa:CountryName codeName="?" codeListURI="?" codeListAgency="?" codeListName="?" codeListVersion="?">?</naa:CountryName>
                           <!--Optional:-->
                           <naa:CountrySubDivision codeName="?" codeListURI="?" codeListAgency="?" codeListName="?" codeListVersion="?">?</naa:CountrySubDivision>
                           <!--Zero or more repetitions:-->
                           <naa:Geocode ref="?">
                              <!--Optional:-->
                              <naa:AltimetricSystem codeName="?" codeListURI="?" codeListAgency="?" codeListName="?" codeListVersion="?">?</naa:AltimetricSystem>
                              <!--Optional:-->
                              <naa:Altitude Format="?">?</naa:Altitude>
                              <naa:Identification identificationSchemeName="?" identificationSchemeURI="?" identificationSchemeVersion="?" identificationSchemeAgency="?">?</naa:Identification>
                              <naa:Latitude Format="?">?</naa:Latitude>
                              <!--Optional:-->
                              <naa:LatitudeDirection codeName="?" codeListURI="?" codeListAgency="?" codeListName="?" codeListVersion="?">?</naa:LatitudeDirection>
                              <naa:Longitude Format="?">?</naa:Longitude>
                              <!--Optional:-->
                              <naa:LongitudeDirection codeName="?" codeListURI="?" codeListAgency="?" codeListName="?" codeListVersion="?">?</naa:LongitudeDirection>
                              <!--Optional:-->
                              <naa:System codeName="?" codeListURI="?" codeListAgency="?" codeListName="?" codeListVersion="?">?</naa:System>
                           </naa:Geocode>
                           <naa:Identification identificationSchemeName="?" identificationSchemeURI="?" identificationSchemeVersion="?" identificationSchemeAgency="?">?</naa:Identification>
                           <!--Optional:-->
                           <naa:LineFive LanguageIdentifier="?" LanguageLocaleIdentifier="?">?</naa:LineFive>
                           <!--Optional:-->
                           <naa:LineFour LanguageIdentifier="?" LanguageLocaleIdentifier="?">?</naa:LineFour>
                           <!--Optional:-->
                           <naa:LineOne LanguageIdentifier="?" LanguageLocaleIdentifier="?">?</naa:LineOne>
                           <!--Optional:-->
                           <naa:LineSix LanguageIdentifier="?" LanguageLocaleIdentifier="?">?</naa:LineSix>
                           <!--Optional:-->
                           <naa:LineThree LanguageIdentifier="?" LanguageLocaleIdentifier="?">?</naa:LineThree>
                           <!--Optional:-->
                           <naa:LineTwo LanguageIdentifier="?" LanguageLocaleIdentifier="?">?</naa:LineTwo>
                           <!--Optional:-->
                           <naa:PostOfficeBox LanguageIdentifier="?" LanguageLocaleIdentifier="?">?</naa:PostOfficeBox>
                           <!--Optional:-->
                           <naa:Postcode LanguageIdentifier="?" LanguageLocaleIdentifier="?">?</naa:Postcode>
                           <!--Optional:-->
                           <naa:StreetName LanguageIdentifier="?" LanguageLocaleIdentifier="?">?</naa:StreetName>
                           <!--Optional:-->
                           <naa:StreetSuffix codeName="?" codeListURI="?" codeListAgency="?" codeListName="?" codeListVersion="?">?</naa:StreetSuffix>
                           <!--Optional:-->
                           <naa:StreetType codeName="?" codeListURI="?" codeListAgency="?" codeListName="?" codeListVersion="?">?</naa:StreetType>
                           <!--Optional:-->
                           <naa:Usage codeName="?" codeListURI="?" codeListAgency="?" codeListName="?" codeListVersion="?">?</naa:Usage>
                           <!--Optional:-->
                           <naa:UsagePeriod ref="?">
                              <!--Optional:-->
                              <naa:Complete Format="?">?</naa:Complete>
                              <!--Optional:-->
                              <naa:Description LanguageIdentifier="?" LanguageLocaleIdentifier="?">?</naa:Description>
                              <!--Optional:-->
                              <naa:Duration UnitCode="?">?</naa:Duration>
                              <!--Optional:-->
                              <naa:End Format="?">?</naa:End>
                              <naa:Identification identificationSchemeName="?" identificationSchemeURI="?" identificationSchemeVersion="?" identificationSchemeAgency="?">?</naa:Identification>
                              <!--Optional:-->
                              <naa:Inclusive Format="?">?</naa:Inclusive>
                              <!--Optional:-->
                              <naa:Name LanguageIdentifier="?" LanguageLocaleIdentifier="?">?</naa:Name>
                              <!--Optional:-->
                              <naa:Sequence identificationSchemeName="?" identificationSchemeURI="?" identificationSchemeVersion="?" identificationSchemeAgency="?">?</naa:Sequence>
                              <naa:Start Format="?">?</naa:Start>
                           </naa:UsagePeriod>
                        </naa:PostalAddress>
                        <!--Zero or more repetitions:-->
                        <naa:Registration ref="?">
                           <!--Optional:-->
                           <naa:Category codeName="?" codeListURI="?" codeListAgency="?" codeListName="?" codeListVersion="?">?</naa:Category>
                           <!--Optional:-->
                           <naa:Country codeName="?" codeListURI="?" codeListAgency="?" codeListName="?" codeListVersion="?">?</naa:Country>
                           <naa:Identification identificationSchemeName="?" identificationSchemeURI="?" identificationSchemeVersion="?" identificationSchemeAgency="?">?</naa:Identification>
                           <!--Optional:-->
                           <naa:Licence identificationSchemeName="?" identificationSchemeURI="?" identificationSchemeVersion="?" identificationSchemeAgency="?">?</naa:Licence>
                           <!--Optional:-->
                           <naa:Recorded Format="?">?</naa:Recorded>
                           <!--Optional:-->
                           <naa:Type codeName="?" codeListURI="?" codeListAgency="?" codeListName="?" codeListVersion="?">?</naa:Type>
                           <!--Optional:-->
                           <naa:ValidityPeriod ref="?">
                              <!--Optional:-->
                              <naa:Complete Format="?">?</naa:Complete>
                              <!--Optional:-->
                              <naa:Description LanguageIdentifier="?" LanguageLocaleIdentifier="?">?</naa:Description>
                              <!--Optional:-->
                              <naa:Duration UnitCode="?">?</naa:Duration>
                              <!--Optional:-->
                              <naa:End Format="?">?</naa:End>
                              <naa:Identification identificationSchemeName="?" identificationSchemeURI="?" identificationSchemeVersion="?" identificationSchemeAgency="?">?</naa:Identification>
                              <!--Optional:-->
                              <naa:Inclusive Format="?">?</naa:Inclusive>
                              <!--Optional:-->
                              <naa:Name LanguageIdentifier="?" LanguageLocaleIdentifier="?">?</naa:Name>
                              <!--Optional:-->
                              <naa:Sequence identificationSchemeName="?" identificationSchemeURI="?" identificationSchemeVersion="?" identificationSchemeAgency="?">?</naa:Sequence>
                              <naa:Start Format="?">?</naa:Start>
                           </naa:ValidityPeriod>
                        </naa:Registration>
                        <!--Zero or more repetitions:-->
                        <naa:Status ref="?">
                           <naa:Code codeName="?" codeListURI="?" codeListAgency="?" codeListName="?" codeListVersion="?">?</naa:Code>
                           <!--Optional:-->
                           <naa:Description LanguageIdentifier="?" LanguageLocaleIdentifier="?">?</naa:Description>
                           <!--Optional:-->
                           <naa:ValidityPeriod ref="?">
                              <!--Optional:-->
                              <naa:Complete Format="?">?</naa:Complete>
                              <!--Optional:-->
                              <naa:Description LanguageIdentifier="?" LanguageLocaleIdentifier="?">?</naa:Description>
                              <!--Optional:-->
                              <naa:Duration UnitCode="?">?</naa:Duration>
                              <!--Optional:-->
                              <naa:End Format="?">?</naa:End>
                              <naa:Identification identificationSchemeName="?" identificationSchemeURI="?" identificationSchemeVersion="?" identificationSchemeAgency="?">?</naa:Identification>
                              <!--Optional:-->
                              <naa:Inclusive Format="?">?</naa:Inclusive>
                              <!--Optional:-->
                              <naa:Name LanguageIdentifier="?" LanguageLocaleIdentifier="?">?</naa:Name>
                              <!--Optional:-->
                              <naa:Sequence identificationSchemeName="?" identificationSchemeURI="?" identificationSchemeVersion="?" identificationSchemeAgency="?">?</naa:Sequence>
                              <naa:Start Format="?">?</naa:Start>
                           </naa:ValidityPeriod>
                        </naa:Status>
                        <!--Zero or more repetitions:-->
                        <naa:Telephone ref="?">
                           <!--Optional:-->
                           <naa:AreaCode codeName="?" codeListURI="?" codeListAgency="?" codeListName="?" codeListVersion="?">?</naa:AreaCode>
                           <!--Optional:-->
                           <naa:CountryCode codeName="?" codeListURI="?" codeListAgency="?" codeListName="?" codeListVersion="?">?</naa:CountryCode>
                           <!--Optional:-->
                           <naa:Extension LanguageIdentifier="?" LanguageLocaleIdentifier="?">?</naa:Extension>
                           <naa:Number identificationSchemeName="?" identificationSchemeURI="?" identificationSchemeVersion="?" identificationSchemeAgency="?">?</naa:Number>
                           <naa:Type codeName="?" codeListURI="?" codeListAgency="?" codeListName="?" codeListVersion="?">?</naa:Type>
                        </naa:Telephone>
                        <!--Optional:-->
                        <naa:Type codeName="?" codeListURI="?" codeListAgency="?" codeListName="?" codeListVersion="?">?</naa:Type>
                     </naa:Organisation>
                     <!--Optional:-->
                     <naa:Person ref="?">
                        <!--Optional:-->
                        <naa:Description LanguageIdentifier="?" LanguageLocaleIdentifier="?">?</naa:Description>
                        <naa:Identification identificationSchemeName="?" identificationSchemeURI="?" identificationSchemeVersion="?" identificationSchemeAgency="?">?</naa:Identification>
                        <!--Zero or more repetitions:-->
                        <naa:Internet ref="?">
                           <naa:Type codeName="?" codeListURI="?" codeListAgency="?" codeListName="?" codeListVersion="?">?</naa:Type>
                           <naa:URI>?</naa:URI>
                        </naa:Internet>
                        <!--1 or more repetitions:-->
                        <naa:PersonName ref="?">
                           <naa:Classification codeName="?" codeListURI="?" codeListAgency="?" codeListName="?" codeListVersion="?">?</naa:Classification>
                           <!--Optional:-->
                           <naa:FamilyName LanguageIdentifier="?" LanguageLocaleIdentifier="?">?</naa:FamilyName>
                           <!--Optional:-->
                           <naa:FamilyNamePrefix LanguageIdentifier="?" LanguageLocaleIdentifier="?">?</naa:FamilyNamePrefix>
                           <!--Optional:-->
                           <naa:GivenName LanguageIdentifier="?" LanguageLocaleIdentifier="?">?</naa:GivenName>
                           <!--Optional:-->
                           <naa:MiddleName LanguageIdentifier="?" LanguageLocaleIdentifier="?">?</naa:MiddleName>
                           <!--Optional:-->
                           <naa:Name LanguageIdentifier="?" LanguageLocaleIdentifier="?">?</naa:Name>
                           <!--Optional:-->
                           <naa:NameSuffix codeName="?" codeListURI="?" codeListAgency="?" codeListName="?" codeListVersion="?">?</naa:NameSuffix>
                           <!--Optional:-->
                           <naa:Salutation LanguageIdentifier="?" LanguageLocaleIdentifier="?">?</naa:Salutation>
                           <!--Optional:-->
                           <naa:Title codeName="?" codeListURI="?" codeListAgency="?" codeListName="?" codeListVersion="?">?</naa:Title>
                           <!--Optional:-->
                           <naa:ValidityPeriod ref="?">
                              <!--Optional:-->
                              <naa:Complete Format="?">?</naa:Complete>
                              <!--Optional:-->
                              <naa:Description LanguageIdentifier="?" LanguageLocaleIdentifier="?">?</naa:Description>
                              <!--Optional:-->
                              <naa:Duration UnitCode="?">?</naa:Duration>
                              <!--Optional:-->
                              <naa:End Format="?">?</naa:End>
                              <naa:Identification identificationSchemeName="?" identificationSchemeURI="?" identificationSchemeVersion="?" identificationSchemeAgency="?">?</naa:Identification>
                              <!--Optional:-->
                              <naa:Inclusive Format="?">?</naa:Inclusive>
                              <!--Optional:-->
                              <naa:Name LanguageIdentifier="?" LanguageLocaleIdentifier="?">?</naa:Name>
                              <!--Optional:-->
                              <naa:Sequence identificationSchemeName="?" identificationSchemeURI="?" identificationSchemeVersion="?" identificationSchemeAgency="?">?</naa:Sequence>
                              <naa:Start Format="?">?</naa:Start>
                           </naa:ValidityPeriod>
                        </naa:PersonName>
                        <!--Zero or more repetitions:-->
                        <naa:PostalAddress ref="?">
                           <!--Zero or more repetitions:-->
                           <naa:Address/>
                           <!--Optional:-->
                           <naa:BlockName LanguageIdentifier="?" LanguageLocaleIdentifier="?">?</naa:BlockName>
                           <!--Optional:-->
                           <naa:BuildingName LanguageIdentifier="?" LanguageLocaleIdentifier="?">?</naa:BuildingName>
                           <!--Optional:-->
                           <naa:BuildingNumber LanguageIdentifier="?" LanguageLocaleIdentifier="?">?</naa:BuildingNumber>
                           <!--Optional:-->
                           <naa:CityName LanguageIdentifier="?" LanguageLocaleIdentifier="?">?</naa:CityName>
                           <!--Optional:-->
                           <naa:Code codeName="?" codeListURI="?" codeListAgency="?" codeListName="?" codeListVersion="?">?</naa:Code>
                           <!--Optional:-->
                           <naa:CountryName codeName="?" codeListURI="?" codeListAgency="?" codeListName="?" codeListVersion="?">?</naa:CountryName>
                           <!--Optional:-->
                           <naa:CountrySubDivision codeName="?" codeListURI="?" codeListAgency="?" codeListName="?" codeListVersion="?">?</naa:CountrySubDivision>
                           <!--Zero or more repetitions:-->
                           <naa:Geocode ref="?">
                              <!--Optional:-->
                              <naa:AltimetricSystem codeName="?" codeListURI="?" codeListAgency="?" codeListName="?" codeListVersion="?">?</naa:AltimetricSystem>
                              <!--Optional:-->
                              <naa:Altitude Format="?">?</naa:Altitude>
                              <naa:Identification identificationSchemeName="?" identificationSchemeURI="?" identificationSchemeVersion="?" identificationSchemeAgency="?">?</naa:Identification>
                              <naa:Latitude Format="?">?</naa:Latitude>
                              <!--Optional:-->
                              <naa:LatitudeDirection codeName="?" codeListURI="?" codeListAgency="?" codeListName="?" codeListVersion="?">?</naa:LatitudeDirection>
                              <naa:Longitude Format="?">?</naa:Longitude>
                              <!--Optional:-->
                              <naa:LongitudeDirection codeName="?" codeListURI="?" codeListAgency="?" codeListName="?" codeListVersion="?">?</naa:LongitudeDirection>
                              <!--Optional:-->
                              <naa:System codeName="?" codeListURI="?" codeListAgency="?" codeListName="?" codeListVersion="?">?</naa:System>
                           </naa:Geocode>
                           <naa:Identification identificationSchemeName="?" identificationSchemeURI="?" identificationSchemeVersion="?" identificationSchemeAgency="?">?</naa:Identification>
                           <!--Optional:-->
                           <naa:LineFive LanguageIdentifier="?" LanguageLocaleIdentifier="?">?</naa:LineFive>
                           <!--Optional:-->
                           <naa:LineFour LanguageIdentifier="?" LanguageLocaleIdentifier="?">?</naa:LineFour>
                           <!--Optional:-->
                           <naa:LineOne LanguageIdentifier="?" LanguageLocaleIdentifier="?">?</naa:LineOne>
                           <!--Optional:-->
                           <naa:LineSix LanguageIdentifier="?" LanguageLocaleIdentifier="?">?</naa:LineSix>
                           <!--Optional:-->
                           <naa:LineThree LanguageIdentifier="?" LanguageLocaleIdentifier="?">?</naa:LineThree>
                           <!--Optional:-->
                           <naa:LineTwo LanguageIdentifier="?" LanguageLocaleIdentifier="?">?</naa:LineTwo>
                           <!--Optional:-->
                           <naa:PostOfficeBox LanguageIdentifier="?" LanguageLocaleIdentifier="?">?</naa:PostOfficeBox>
                           <!--Optional:-->
                           <naa:Postcode LanguageIdentifier="?" LanguageLocaleIdentifier="?">?</naa:Postcode>
                           <!--Optional:-->
                           <naa:StreetName LanguageIdentifier="?" LanguageLocaleIdentifier="?">?</naa:StreetName>
                           <!--Optional:-->
                           <naa:StreetSuffix codeName="?" codeListURI="?" codeListAgency="?" codeListName="?" codeListVersion="?">?</naa:StreetSuffix>
                           <!--Optional:-->
                           <naa:StreetType codeName="?" codeListURI="?" codeListAgency="?" codeListName="?" codeListVersion="?">?</naa:StreetType>
                           <!--Optional:-->
                           <naa:Usage codeName="?" codeListURI="?" codeListAgency="?" codeListName="?" codeListVersion="?">?</naa:Usage>
                           <!--Optional:-->
                           <naa:UsagePeriod ref="?">
                              <!--Optional:-->
                              <naa:Complete Format="?">?</naa:Complete>
                              <!--Optional:-->
                              <naa:Description LanguageIdentifier="?" LanguageLocaleIdentifier="?">?</naa:Description>
                              <!--Optional:-->
                              <naa:Duration UnitCode="?">?</naa:Duration>
                              <!--Optional:-->
                              <naa:End Format="?">?</naa:End>
                              <naa:Identification identificationSchemeName="?" identificationSchemeURI="?" identificationSchemeVersion="?" identificationSchemeAgency="?">?</naa:Identification>
                              <!--Optional:-->
                              <naa:Inclusive Format="?">?</naa:Inclusive>
                              <!--Optional:-->
                              <naa:Name LanguageIdentifier="?" LanguageLocaleIdentifier="?">?</naa:Name>
                              <!--Optional:-->
                              <naa:Sequence identificationSchemeName="?" identificationSchemeURI="?" identificationSchemeVersion="?" identificationSchemeAgency="?">?</naa:Sequence>
                              <naa:Start Format="?">?</naa:Start>
                           </naa:UsagePeriod>
                        </naa:PostalAddress>
                        <!--Zero or more repetitions:-->
                        <naa:Registration ref="?">
                           <!--Optional:-->
                           <naa:Category codeName="?" codeListURI="?" codeListAgency="?" codeListName="?" codeListVersion="?">?</naa:Category>
                           <!--Optional:-->
                           <naa:Country codeName="?" codeListURI="?" codeListAgency="?" codeListName="?" codeListVersion="?">?</naa:Country>
                           <naa:Identification identificationSchemeName="?" identificationSchemeURI="?" identificationSchemeVersion="?" identificationSchemeAgency="?">?</naa:Identification>
                           <!--Optional:-->
                           <naa:Licence identificationSchemeName="?" identificationSchemeURI="?" identificationSchemeVersion="?" identificationSchemeAgency="?">?</naa:Licence>
                           <!--Optional:-->
                           <naa:Recorded Format="?">?</naa:Recorded>
                           <!--Optional:-->
                           <naa:Type codeName="?" codeListURI="?" codeListAgency="?" codeListName="?" codeListVersion="?">?</naa:Type>
                           <!--Optional:-->
                           <naa:ValidityPeriod ref="?">
                              <!--Optional:-->
                              <naa:Complete Format="?">?</naa:Complete>
                              <!--Optional:-->
                              <naa:Description LanguageIdentifier="?" LanguageLocaleIdentifier="?">?</naa:Description>
                              <!--Optional:-->
                              <naa:Duration UnitCode="?">?</naa:Duration>
                              <!--Optional:-->
                              <naa:End Format="?">?</naa:End>
                              <naa:Identification identificationSchemeName="?" identificationSchemeURI="?" identificationSchemeVersion="?" identificationSchemeAgency="?">?</naa:Identification>
                              <!--Optional:-->
                              <naa:Inclusive Format="?">?</naa:Inclusive>
                              <!--Optional:-->
                              <naa:Name LanguageIdentifier="?" LanguageLocaleIdentifier="?">?</naa:Name>
                              <!--Optional:-->
                              <naa:Sequence identificationSchemeName="?" identificationSchemeURI="?" identificationSchemeVersion="?" identificationSchemeAgency="?">?</naa:Sequence>
                              <naa:Start Format="?">?</naa:Start>
                           </naa:ValidityPeriod>
                        </naa:Registration>
                        <!--Zero or more repetitions:-->
                        <naa:ResidentialAddress ref="?">
                           <!--Zero or more repetitions:-->
                           <naa:Address/>
                           <!--Optional:-->
                           <naa:BlockName LanguageIdentifier="?" LanguageLocaleIdentifier="?">?</naa:BlockName>
                           <!--Optional:-->
                           <naa:BuildingName LanguageIdentifier="?" LanguageLocaleIdentifier="?">?</naa:BuildingName>
                           <!--Optional:-->
                           <naa:BuildingNumber LanguageIdentifier="?" LanguageLocaleIdentifier="?">?</naa:BuildingNumber>
                           <!--Optional:-->
                           <naa:CityName LanguageIdentifier="?" LanguageLocaleIdentifier="?">?</naa:CityName>
                           <!--Optional:-->
                           <naa:Code codeName="?" codeListURI="?" codeListAgency="?" codeListName="?" codeListVersion="?">?</naa:Code>
                           <!--Optional:-->
                           <naa:CountryName codeName="?" codeListURI="?" codeListAgency="?" codeListName="?" codeListVersion="?">?</naa:CountryName>
                           <!--Optional:-->
                           <naa:CountrySubDivision codeName="?" codeListURI="?" codeListAgency="?" codeListName="?" codeListVersion="?">?</naa:CountrySubDivision>
                           <!--Zero or more repetitions:-->
                           <naa:Geocode ref="?">
                              <!--Optional:-->
                              <naa:AltimetricSystem codeName="?" codeListURI="?" codeListAgency="?" codeListName="?" codeListVersion="?">?</naa:AltimetricSystem>
                              <!--Optional:-->
                              <naa:Altitude Format="?">?</naa:Altitude>
                              <naa:Identification identificationSchemeName="?" identificationSchemeURI="?" identificationSchemeVersion="?" identificationSchemeAgency="?">?</naa:Identification>
                              <naa:Latitude Format="?">?</naa:Latitude>
                              <!--Optional:-->
                              <naa:LatitudeDirection codeName="?" codeListURI="?" codeListAgency="?" codeListName="?" codeListVersion="?">?</naa:LatitudeDirection>
                              <naa:Longitude Format="?">?</naa:Longitude>
                              <!--Optional:-->
                              <naa:LongitudeDirection codeName="?" codeListURI="?" codeListAgency="?" codeListName="?" codeListVersion="?">?</naa:LongitudeDirection>
                              <!--Optional:-->
                              <naa:System codeName="?" codeListURI="?" codeListAgency="?" codeListName="?" codeListVersion="?">?</naa:System>
                           </naa:Geocode>
                           <naa:Identification identificationSchemeName="?" identificationSchemeURI="?" identificationSchemeVersion="?" identificationSchemeAgency="?">?</naa:Identification>
                           <!--Optional:-->
                           <naa:LineFive LanguageIdentifier="?" LanguageLocaleIdentifier="?">?</naa:LineFive>
                           <!--Optional:-->
                           <naa:LineFour LanguageIdentifier="?" LanguageLocaleIdentifier="?">?</naa:LineFour>
                           <!--Optional:-->
                           <naa:LineOne LanguageIdentifier="?" LanguageLocaleIdentifier="?">?</naa:LineOne>
                           <!--Optional:-->
                           <naa:LineSix LanguageIdentifier="?" LanguageLocaleIdentifier="?">?</naa:LineSix>
                           <!--Optional:-->
                           <naa:LineThree LanguageIdentifier="?" LanguageLocaleIdentifier="?">?</naa:LineThree>
                           <!--Optional:-->
                           <naa:LineTwo LanguageIdentifier="?" LanguageLocaleIdentifier="?">?</naa:LineTwo>
                           <!--Optional:-->
                           <naa:PostOfficeBox LanguageIdentifier="?" LanguageLocaleIdentifier="?">?</naa:PostOfficeBox>
                           <!--Optional:-->
                           <naa:Postcode LanguageIdentifier="?" LanguageLocaleIdentifier="?">?</naa:Postcode>
                           <!--Optional:-->
                           <naa:StreetName LanguageIdentifier="?" LanguageLocaleIdentifier="?">?</naa:StreetName>
                           <!--Optional:-->
                           <naa:StreetSuffix codeName="?" codeListURI="?" codeListAgency="?" codeListName="?" codeListVersion="?">?</naa:StreetSuffix>
                           <!--Optional:-->
                           <naa:StreetType codeName="?" codeListURI="?" codeListAgency="?" codeListName="?" codeListVersion="?">?</naa:StreetType>
                           <!--Optional:-->
                           <naa:Usage codeName="?" codeListURI="?" codeListAgency="?" codeListName="?" codeListVersion="?">?</naa:Usage>
                           <!--Optional:-->
                           <naa:UsagePeriod ref="?">
                              <!--Optional:-->
                              <naa:Complete Format="?">?</naa:Complete>
                              <!--Optional:-->
                              <naa:Description LanguageIdentifier="?" LanguageLocaleIdentifier="?">?</naa:Description>
                              <!--Optional:-->
                              <naa:Duration UnitCode="?">?</naa:Duration>
                              <!--Optional:-->
                              <naa:End Format="?">?</naa:End>
                              <naa:Identification identificationSchemeName="?" identificationSchemeURI="?" identificationSchemeVersion="?" identificationSchemeAgency="?">?</naa:Identification>
                              <!--Optional:-->
                              <naa:Inclusive Format="?">?</naa:Inclusive>
                              <!--Optional:-->
                              <naa:Name LanguageIdentifier="?" LanguageLocaleIdentifier="?">?</naa:Name>
                              <!--Optional:-->
                              <naa:Sequence identificationSchemeName="?" identificationSchemeURI="?" identificationSchemeVersion="?" identificationSchemeAgency="?">?</naa:Sequence>
                              <naa:Start Format="?">?</naa:Start>
                           </naa:UsagePeriod>
                        </naa:ResidentialAddress>
                        <!--Zero or more repetitions:-->
                        <naa:Status ref="?">
                           <naa:Code codeName="?" codeListURI="?" codeListAgency="?" codeListName="?" codeListVersion="?">?</naa:Code>
                           <!--Optional:-->
                           <naa:Description LanguageIdentifier="?" LanguageLocaleIdentifier="?">?</naa:Description>
                           <!--Optional:-->
                           <naa:ValidityPeriod ref="?">
                              <!--Optional:-->
                              <naa:Complete Format="?">?</naa:Complete>
                              <!--Optional:-->
                              <naa:Description LanguageIdentifier="?" LanguageLocaleIdentifier="?">?</naa:Description>
                              <!--Optional:-->
                              <naa:Duration UnitCode="?">?</naa:Duration>
                              <!--Optional:-->
                              <naa:End Format="?">?</naa:End>
                              <naa:Identification identificationSchemeName="?" identificationSchemeURI="?" identificationSchemeVersion="?" identificationSchemeAgency="?">?</naa:Identification>
                              <!--Optional:-->
                              <naa:Inclusive Format="?">?</naa:Inclusive>
                              <!--Optional:-->
                              <naa:Name LanguageIdentifier="?" LanguageLocaleIdentifier="?">?</naa:Name>
                              <!--Optional:-->
                              <naa:Sequence identificationSchemeName="?" identificationSchemeURI="?" identificationSchemeVersion="?" identificationSchemeAgency="?">?</naa:Sequence>
                              <naa:Start Format="?">?</naa:Start>
                           </naa:ValidityPeriod>
                        </naa:Status>
                        <!--Zero or more repetitions:-->
                        <naa:Telephone ref="?">
                           <!--Optional:-->
                           <naa:AreaCode codeName="?" codeListURI="?" codeListAgency="?" codeListName="?" codeListVersion="?">?</naa:AreaCode>
                           <!--Optional:-->
                           <naa:CountryCode codeName="?" codeListURI="?" codeListAgency="?" codeListName="?" codeListVersion="?">?</naa:CountryCode>
                           <!--Optional:-->
                           <naa:Extension LanguageIdentifier="?" LanguageLocaleIdentifier="?">?</naa:Extension>
                           <naa:Number identificationSchemeName="?" identificationSchemeURI="?" identificationSchemeVersion="?" identificationSchemeAgency="?">?</naa:Number>
                           <naa:Type codeName="?" codeListURI="?" codeListAgency="?" codeListName="?" codeListVersion="?">?</naa:Type>
                        </naa:Telephone>
                     </naa:Person>
                     <naa:Identification identificationSchemeName="?" identificationSchemeURI="?" identificationSchemeVersion="?" identificationSchemeAgency="?">?</naa:Identification>
                     <!--Optional:-->
                     <naa:Language codeName="?" codeListURI="?" codeListAgency="?" codeListName="?" codeListVersion="?">?</naa:Language>
                     <naa:Name LanguageIdentifier="?" LanguageLocaleIdentifier="?">?</naa:Name>
                     <!--Optional:-->
                     <naa:Type LanguageIdentifier="?" LanguageLocaleIdentifier="?">?</naa:Type>
                  </da:Party>
                  <!--Optional:-->
                  <da:Type codeName="?" codeListURI="?" codeListAgency="?" codeListName="?" codeListVersion="?">?</da:Type>
               </da:PartyRole>
               <!--Zero or more repetitions:-->
               <da:Period ref="?">
                  <!--Optional:-->
                  <naa:Complete Format="?">?</naa:Complete>
                  <!--Optional:-->
                  <naa:Description LanguageIdentifier="?" LanguageLocaleIdentifier="?">?</naa:Description>
                  <!--Optional:-->
                  <naa:Duration UnitCode="?">?</naa:Duration>
                  <!--Optional:-->
                  <naa:End Format="?">?</naa:End>
                  <naa:Identification identificationSchemeName="?" identificationSchemeURI="?" identificationSchemeVersion="?" identificationSchemeAgency="?">?</naa:Identification>
                  <!--Optional:-->
                  <naa:Inclusive Format="?">?</naa:Inclusive>
                  <!--Optional:-->
                  <naa:Name LanguageIdentifier="?" LanguageLocaleIdentifier="?">?</naa:Name>
                  <!--Optional:-->
                  <naa:Sequence identificationSchemeName="?" identificationSchemeURI="?" identificationSchemeVersion="?" identificationSchemeAgency="?">?</naa:Sequence>
                  <naa:Start Format="?">?</naa:Start>
               </da:Period>
               <!--Optional:-->
               <da:SystemRecordedDate Format="?">?</da:SystemRecordedDate>
               <!--Optional:-->
               <da:Type codeName="?" codeListURI="?" codeListAgency="?" codeListName="?" codeListVersion="?">?</da:Type>
            </da:Determination>
            <!--Zero or more repetitions:-->
            <da:Event ref="?">
               <da:DateTime Format="?">?</da:DateTime>
               <!--Optional:-->
               <da:Description LanguageIdentifier="?" LanguageLocaleIdentifier="?">?</da:Description>
               <da:EventCode codeName="?" codeListURI="?" codeListAgency="?" codeListName="?" codeListVersion="?">?</da:EventCode>
               <!--Zero or more repetitions:-->
               <da:Period ref="?">
                  <!--Optional:-->
                  <naa:Complete Format="?">?</naa:Complete>
                  <!--Optional:-->
                  <naa:Description LanguageIdentifier="?" LanguageLocaleIdentifier="?">?</naa:Description>
                  <!--Optional:-->
                  <naa:Duration UnitCode="?">?</naa:Duration>
                  <!--Optional:-->
                  <naa:End Format="?">?</naa:End>
                  <naa:Identification identificationSchemeName="?" identificationSchemeURI="?" identificationSchemeVersion="?" identificationSchemeAgency="?">?</naa:Identification>
                  <!--Optional:-->
                  <naa:Inclusive Format="?">?</naa:Inclusive>
                  <!--Optional:-->
                  <naa:Name LanguageIdentifier="?" LanguageLocaleIdentifier="?">?</naa:Name>
                  <!--Optional:-->
                  <naa:Sequence identificationSchemeName="?" identificationSchemeURI="?" identificationSchemeVersion="?" identificationSchemeAgency="?">?</naa:Sequence>
                  <naa:Start Format="?">?</naa:Start>
               </da:Period>
            </da:Event>
            <!--Zero or more repetitions:-->
            <da:FeeOrLevy ref="?">
               <!--Optional:-->
               <da:DateDue Format="?">?</da:DateDue>
               <!--Optional:-->
               <da:Description LanguageIdentifier="?" LanguageLocaleIdentifier="?">?</da:Description>
               <da:Identification identificationSchemeName="?" identificationSchemeURI="?" identificationSchemeVersion="?" identificationSchemeAgency="?">?</da:Identification>
               <!--Zero or more repetitions:-->
               <da:Payment ref="?">
                  <da:AmountPaid CurrencyCode="?">?</da:AmountPaid>
                  <da:CreationDate Format="?">?</da:CreationDate>
                  <da:DatePaid Format="?">?</da:DatePaid>
                  <!--Optional:-->
                  <da:DiscountPercent Format="?">?</da:DiscountPercent>
                  <da:Identification identificationSchemeName="?" identificationSchemeURI="?" identificationSchemeVersion="?" identificationSchemeAgency="?">?</da:Identification>
                  <!--Optional:-->
                  <da:InstructionCode LanguageIdentifier="?" LanguageLocaleIdentifier="?">?</da:InstructionCode>
                  <!--Optional:-->
                  <da:PayeeName LanguageIdentifier="?" LanguageLocaleIdentifier="?">?</da:PayeeName>
                  <!--Optional:-->
                  <da:PaymentMethod codeName="?" codeListURI="?" codeListAgency="?" codeListName="?" codeListVersion="?">?</da:PaymentMethod>
                  <!--Optional:-->
                  <da:PenaltyPercent Format="?">?</da:PenaltyPercent>
                  <!--Optional:-->
                  <da:PriorityCode LanguageIdentifier="?" LanguageLocaleIdentifier="?">?</da:PriorityCode>
                  <!--Optional:-->
                  <da:ReasonCode LanguageIdentifier="?" LanguageLocaleIdentifier="?">?</da:ReasonCode>
                  <!--Optional:-->
                  <da:ReceiptNumber LanguageIdentifier="?" LanguageLocaleIdentifier="?">?</da:ReceiptNumber>
                  <!--Optional:-->
                  <da:StatusCode LanguageIdentifier="?" LanguageLocaleIdentifier="?">?</da:StatusCode>
                  <!--Optional:-->
                  <da:TaxAmount CurrencyCode="?">?</da:TaxAmount>
                  <!--Optional:-->
                  <da:TaxInvoiceNumber LanguageIdentifier="?" LanguageLocaleIdentifier="?">?</da:TaxInvoiceNumber>
               </da:Payment>
               <da:ValuePayable CurrencyCode="?">?</da:ValuePayable>
            </da:FeeOrLevy>
            <!--Optional:-->
            <da:LastUpdated Format="?">?</da:LastUpdated>
            <!--Optional:-->
            <da:LodgementDate Format="?">?</da:LodgementDate>
            <!--Optional:-->
            <da:NationalApplicationNumber identificationSchemeName="?" identificationSchemeURI="?" identificationSchemeVersion="?" identificationSchemeAgency="?">?</da:NationalApplicationNumber>
            <!--Zero or more repetitions:-->
            <da:PartyRole ref="?">
               <!--Optional:-->
               <da:DateTime Format="?">?</da:DateTime>
               <!--1 or more repetitions:-->
               <da:Party ref="?">
                  <!--Optional:-->
                  <naa:AccessRights codeName="?" codeListURI="?" codeListAgency="?" codeListName="?" codeListVersion="?">?</naa:AccessRights>
                  <!--Optional:-->
                  <naa:Description LanguageIdentifier="?" LanguageLocaleIdentifier="?">?</naa:Description>
                  <!--You have a CHOICE of the next 2 items at this level-->
                  <!--Optional:-->
                  <naa:Organisation ref="?">
                     <!--Zero or more repetitions:-->
                     <naa:Contact ref="?">
                        <!--Optional:-->
                        <naa:DepartmentName LanguageIdentifier="?" LanguageLocaleIdentifier="?">?</naa:DepartmentName>
                        <!--Optional:-->
                        <naa:Description LanguageIdentifier="?" LanguageLocaleIdentifier="?">?</naa:Description>
                        <naa:Identification identificationSchemeName="?" identificationSchemeURI="?" identificationSchemeVersion="?" identificationSchemeAgency="?">?</naa:Identification>
                        <!--Zero or more repetitions:-->
                        <naa:Internet ref="?">
                           <naa:Type codeName="?" codeListURI="?" codeListAgency="?" codeListName="?" codeListVersion="?">?</naa:Type>
                           <naa:URI>?</naa:URI>
                        </naa:Internet>
                        <!--Optional:-->
                        <naa:IsPrimary Format="?">?</naa:IsPrimary>
                        <!--Optional:-->
                        <naa:JobTitle LanguageIdentifier="?" LanguageLocaleIdentifier="?">?</naa:JobTitle>
                        <!--Optional:-->
                        <naa:PersonName ref="?">
                           <naa:Classification codeName="?" codeListURI="?" codeListAgency="?" codeListName="?" codeListVersion="?">?</naa:Classification>
                           <!--Optional:-->
                           <naa:FamilyName LanguageIdentifier="?" LanguageLocaleIdentifier="?">?</naa:FamilyName>
                           <!--Optional:-->
                           <naa:FamilyNamePrefix LanguageIdentifier="?" LanguageLocaleIdentifier="?">?</naa:FamilyNamePrefix>
                           <!--Optional:-->
                           <naa:GivenName LanguageIdentifier="?" LanguageLocaleIdentifier="?">?</naa:GivenName>
                           <!--Optional:-->
                           <naa:MiddleName LanguageIdentifier="?" LanguageLocaleIdentifier="?">?</naa:MiddleName>
                           <!--Optional:-->
                           <naa:Name LanguageIdentifier="?" LanguageLocaleIdentifier="?">?</naa:Name>
                           <!--Optional:-->
                           <naa:NameSuffix codeName="?" codeListURI="?" codeListAgency="?" codeListName="?" codeListVersion="?">?</naa:NameSuffix>
                           <!--Optional:-->
                           <naa:Salutation LanguageIdentifier="?" LanguageLocaleIdentifier="?">?</naa:Salutation>
                           <!--Optional:-->
                           <naa:Title codeName="?" codeListURI="?" codeListAgency="?" codeListName="?" codeListVersion="?">?</naa:Title>
                           <!--Optional:-->
                           <naa:ValidityPeriod ref="?">
                              <!--Optional:-->
                              <naa:Complete Format="?">?</naa:Complete>
                              <!--Optional:-->
                              <naa:Description LanguageIdentifier="?" LanguageLocaleIdentifier="?">?</naa:Description>
                              <!--Optional:-->
                              <naa:Duration UnitCode="?">?</naa:Duration>
                              <!--Optional:-->
                              <naa:End Format="?">?</naa:End>
                              <naa:Identification identificationSchemeName="?" identificationSchemeURI="?" identificationSchemeVersion="?" identificationSchemeAgency="?">?</naa:Identification>
                              <!--Optional:-->
                              <naa:Inclusive Format="?">?</naa:Inclusive>
                              <!--Optional:-->
                              <naa:Name LanguageIdentifier="?" LanguageLocaleIdentifier="?">?</naa:Name>
                              <!--Optional:-->
                              <naa:Sequence identificationSchemeName="?" identificationSchemeURI="?" identificationSchemeVersion="?" identificationSchemeAgency="?">?</naa:Sequence>
                              <naa:Start Format="?">?</naa:Start>
                           </naa:ValidityPeriod>
                        </naa:PersonName>
                        <!--Optional:-->
                        <naa:Responsibility LanguageIdentifier="?" LanguageLocaleIdentifier="?">?</naa:Responsibility>
                        <!--Zero or more repetitions:-->
                        <naa:Telephone ref="?">
                           <!--Optional:-->
                           <naa:AreaCode codeName="?" codeListURI="?" codeListAgency="?" codeListName="?" codeListVersion="?">?</naa:AreaCode>
                           <!--Optional:-->
                           <naa:CountryCode codeName="?" codeListURI="?" codeListAgency="?" codeListName="?" codeListVersion="?">?</naa:CountryCode>
                           <!--Optional:-->
                           <naa:Extension LanguageIdentifier="?" LanguageLocaleIdentifier="?">?</naa:Extension>
                           <naa:Number identificationSchemeName="?" identificationSchemeURI="?" identificationSchemeVersion="?" identificationSchemeAgency="?">?</naa:Number>
                           <naa:Type codeName="?" codeListURI="?" codeListAgency="?" codeListName="?" codeListVersion="?">?</naa:Type>
                        </naa:Telephone>
                        <!--Optional:-->
                        <naa:Type codeName="?" codeListURI="?" codeListAgency="?" codeListName="?" codeListVersion="?">?</naa:Type>
                     </naa:Contact>
                     <!--Optional:-->
                     <naa:Description LanguageIdentifier="?" LanguageLocaleIdentifier="?">?</naa:Description>
                     <naa:Identification identificationSchemeName="?" identificationSchemeURI="?" identificationSchemeVersion="?" identificationSchemeAgency="?">?</naa:Identification>
                     <!--Optional:-->
                     <naa:IndustryClassification codeName="?" codeListURI="?" codeListAgency="?" codeListName="?" codeListVersion="?">?</naa:IndustryClassification>
                     <!--Zero or more repetitions:-->
                     <naa:Internet ref="?">
                        <naa:Type codeName="?" codeListURI="?" codeListAgency="?" codeListName="?" codeListVersion="?">?</naa:Type>
                        <naa:URI>?</naa:URI>
                     </naa:Internet>
                     <!--Optional:-->
                     <naa:IsActive Format="?">?</naa:IsActive>
                     <!--Optional:-->
                     <naa:LegalClassification codeName="?" codeListURI="?" codeListAgency="?" codeListName="?" codeListVersion="?">?</naa:LegalClassification>
                     <!--Zero or more repetitions:-->
                     <naa:Organisation/>
                     <!--1 or more repetitions:-->
                     <naa:OrganisationName ref="?">
                        <naa:Classification codeName="?" codeListURI="?" codeListAgency="?" codeListName="?" codeListVersion="?">?</naa:Classification>
                        <naa:Name LanguageIdentifier="?" LanguageLocaleIdentifier="?">?</naa:Name>
                        <!--Optional:-->
                        <naa:ValidityPeriod ref="?">
                           <!--Optional:-->
                           <naa:Complete Format="?">?</naa:Complete>
                           <!--Optional:-->
                           <naa:Description LanguageIdentifier="?" LanguageLocaleIdentifier="?">?</naa:Description>
                           <!--Optional:-->
                           <naa:Duration UnitCode="?">?</naa:Duration>
                           <!--Optional:-->
                           <naa:End Format="?">?</naa:End>
                           <naa:Identification identificationSchemeName="?" identificationSchemeURI="?" identificationSchemeVersion="?" identificationSchemeAgency="?">?</naa:Identification>
                           <!--Optional:-->
                           <naa:Inclusive Format="?">?</naa:Inclusive>
                           <!--Optional:-->
                           <naa:Name LanguageIdentifier="?" LanguageLocaleIdentifier="?">?</naa:Name>
                           <!--Optional:-->
                           <naa:Sequence identificationSchemeName="?" identificationSchemeURI="?" identificationSchemeVersion="?" identificationSchemeAgency="?">?</naa:Sequence>
                           <naa:Start Format="?">?</naa:Start>
                        </naa:ValidityPeriod>
                     </naa:OrganisationName>
                     <!--Zero or more repetitions:-->
                     <naa:PhysicalAddress ref="?">
                        <!--Zero or more repetitions:-->
                        <naa:Address/>
                        <!--Optional:-->
                        <naa:BlockName LanguageIdentifier="?" LanguageLocaleIdentifier="?">?</naa:BlockName>
                        <!--Optional:-->
                        <naa:BuildingName LanguageIdentifier="?" LanguageLocaleIdentifier="?">?</naa:BuildingName>
                        <!--Optional:-->
                        <naa:BuildingNumber LanguageIdentifier="?" LanguageLocaleIdentifier="?">?</naa:BuildingNumber>
                        <!--Optional:-->
                        <naa:CityName LanguageIdentifier="?" LanguageLocaleIdentifier="?">?</naa:CityName>
                        <!--Optional:-->
                        <naa:Code codeName="?" codeListURI="?" codeListAgency="?" codeListName="?" codeListVersion="?">?</naa:Code>
                        <!--Optional:-->
                        <naa:CountryName codeName="?" codeListURI="?" codeListAgency="?" codeListName="?" codeListVersion="?">?</naa:CountryName>
                        <!--Optional:-->
                        <naa:CountrySubDivision codeName="?" codeListURI="?" codeListAgency="?" codeListName="?" codeListVersion="?">?</naa:CountrySubDivision>
                        <!--Zero or more repetitions:-->
                        <naa:Geocode ref="?">
                           <!--Optional:-->
                           <naa:AltimetricSystem codeName="?" codeListURI="?" codeListAgency="?" codeListName="?" codeListVersion="?">?</naa:AltimetricSystem>
                           <!--Optional:-->
                           <naa:Altitude Format="?">?</naa:Altitude>
                           <naa:Identification identificationSchemeName="?" identificationSchemeURI="?" identificationSchemeVersion="?" identificationSchemeAgency="?">?</naa:Identification>
                           <naa:Latitude Format="?">?</naa:Latitude>
                           <!--Optional:-->
                           <naa:LatitudeDirection codeName="?" codeListURI="?" codeListAgency="?" codeListName="?" codeListVersion="?">?</naa:LatitudeDirection>
                           <naa:Longitude Format="?">?</naa:Longitude>
                           <!--Optional:-->
                           <naa:LongitudeDirection codeName="?" codeListURI="?" codeListAgency="?" codeListName="?" codeListVersion="?">?</naa:LongitudeDirection>
                           <!--Optional:-->
                           <naa:System codeName="?" codeListURI="?" codeListAgency="?" codeListName="?" codeListVersion="?">?</naa:System>
                        </naa:Geocode>
                        <naa:Identification identificationSchemeName="?" identificationSchemeURI="?" identificationSchemeVersion="?" identificationSchemeAgency="?">?</naa:Identification>
                        <!--Optional:-->
                        <naa:LineFive LanguageIdentifier="?" LanguageLocaleIdentifier="?">?</naa:LineFive>
                        <!--Optional:-->
                        <naa:LineFour LanguageIdentifier="?" LanguageLocaleIdentifier="?">?</naa:LineFour>
                        <!--Optional:-->
                        <naa:LineOne LanguageIdentifier="?" LanguageLocaleIdentifier="?">?</naa:LineOne>
                        <!--Optional:-->
                        <naa:LineSix LanguageIdentifier="?" LanguageLocaleIdentifier="?">?</naa:LineSix>
                        <!--Optional:-->
                        <naa:LineThree LanguageIdentifier="?" LanguageLocaleIdentifier="?">?</naa:LineThree>
                        <!--Optional:-->
                        <naa:LineTwo LanguageIdentifier="?" LanguageLocaleIdentifier="?">?</naa:LineTwo>
                        <!--Optional:-->
                        <naa:PostOfficeBox LanguageIdentifier="?" LanguageLocaleIdentifier="?">?</naa:PostOfficeBox>
                        <!--Optional:-->
                        <naa:Postcode LanguageIdentifier="?" LanguageLocaleIdentifier="?">?</naa:Postcode>
                        <!--Optional:-->
                        <naa:StreetName LanguageIdentifier="?" LanguageLocaleIdentifier="?">?</naa:StreetName>
                        <!--Optional:-->
                        <naa:StreetSuffix codeName="?" codeListURI="?" codeListAgency="?" codeListName="?" codeListVersion="?">?</naa:StreetSuffix>
                        <!--Optional:-->
                        <naa:StreetType codeName="?" codeListURI="?" codeListAgency="?" codeListName="?" codeListVersion="?">?</naa:StreetType>
                        <!--Optional:-->
                        <naa:Usage codeName="?" codeListURI="?" codeListAgency="?" codeListName="?" codeListVersion="?">?</naa:Usage>
                        <!--Optional:-->
                        <naa:UsagePeriod ref="?">
                           <!--Optional:-->
                           <naa:Complete Format="?">?</naa:Complete>
                           <!--Optional:-->
                           <naa:Description LanguageIdentifier="?" LanguageLocaleIdentifier="?">?</naa:Description>
                           <!--Optional:-->
                           <naa:Duration UnitCode="?">?</naa:Duration>
                           <!--Optional:-->
                           <naa:End Format="?">?</naa:End>
                           <naa:Identification identificationSchemeName="?" identificationSchemeURI="?" identificationSchemeVersion="?" identificationSchemeAgency="?">?</naa:Identification>
                           <!--Optional:-->
                           <naa:Inclusive Format="?">?</naa:Inclusive>
                           <!--Optional:-->
                           <naa:Name LanguageIdentifier="?" LanguageLocaleIdentifier="?">?</naa:Name>
                           <!--Optional:-->
                           <naa:Sequence identificationSchemeName="?" identificationSchemeURI="?" identificationSchemeVersion="?" identificationSchemeAgency="?">?</naa:Sequence>
                           <naa:Start Format="?">?</naa:Start>
                        </naa:UsagePeriod>
                     </naa:PhysicalAddress>
                     <!--Zero or more repetitions:-->
                     <naa:PostalAddress ref="?">
                        <!--Zero or more repetitions:-->
                        <naa:Address/>
                        <!--Optional:-->
                        <naa:BlockName LanguageIdentifier="?" LanguageLocaleIdentifier="?">?</naa:BlockName>
                        <!--Optional:-->
                        <naa:BuildingName LanguageIdentifier="?" LanguageLocaleIdentifier="?">?</naa:BuildingName>
                        <!--Optional:-->
                        <naa:BuildingNumber LanguageIdentifier="?" LanguageLocaleIdentifier="?">?</naa:BuildingNumber>
                        <!--Optional:-->
                        <naa:CityName LanguageIdentifier="?" LanguageLocaleIdentifier="?">?</naa:CityName>
                        <!--Optional:-->
                        <naa:Code codeName="?" codeListURI="?" codeListAgency="?" codeListName="?" codeListVersion="?">?</naa:Code>
                        <!--Optional:-->
                        <naa:CountryName codeName="?" codeListURI="?" codeListAgency="?" codeListName="?" codeListVersion="?">?</naa:CountryName>
                        <!--Optional:-->
                        <naa:CountrySubDivision codeName="?" codeListURI="?" codeListAgency="?" codeListName="?" codeListVersion="?">?</naa:CountrySubDivision>
                        <!--Zero or more repetitions:-->
                        <naa:Geocode ref="?">
                           <!--Optional:-->
                           <naa:AltimetricSystem codeName="?" codeListURI="?" codeListAgency="?" codeListName="?" codeListVersion="?">?</naa:AltimetricSystem>
                           <!--Optional:-->
                           <naa:Altitude Format="?">?</naa:Altitude>
                           <naa:Identification identificationSchemeName="?" identificationSchemeURI="?" identificationSchemeVersion="?" identificationSchemeAgency="?">?</naa:Identification>
                           <naa:Latitude Format="?">?</naa:Latitude>
                           <!--Optional:-->
                           <naa:LatitudeDirection codeName="?" codeListURI="?" codeListAgency="?" codeListName="?" codeListVersion="?">?</naa:LatitudeDirection>
                           <naa:Longitude Format="?">?</naa:Longitude>
                           <!--Optional:-->
                           <naa:LongitudeDirection codeName="?" codeListURI="?" codeListAgency="?" codeListName="?" codeListVersion="?">?</naa:LongitudeDirection>
                           <!--Optional:-->
                           <naa:System codeName="?" codeListURI="?" codeListAgency="?" codeListName="?" codeListVersion="?">?</naa:System>
                        </naa:Geocode>
                        <naa:Identification identificationSchemeName="?" identificationSchemeURI="?" identificationSchemeVersion="?" identificationSchemeAgency="?">?</naa:Identification>
                        <!--Optional:-->
                        <naa:LineFive LanguageIdentifier="?" LanguageLocaleIdentifier="?">?</naa:LineFive>
                        <!--Optional:-->
                        <naa:LineFour LanguageIdentifier="?" LanguageLocaleIdentifier="?">?</naa:LineFour>
                        <!--Optional:-->
                        <naa:LineOne LanguageIdentifier="?" LanguageLocaleIdentifier="?">?</naa:LineOne>
                        <!--Optional:-->
                        <naa:LineSix LanguageIdentifier="?" LanguageLocaleIdentifier="?">?</naa:LineSix>
                        <!--Optional:-->
                        <naa:LineThree LanguageIdentifier="?" LanguageLocaleIdentifier="?">?</naa:LineThree>
                        <!--Optional:-->
                        <naa:LineTwo LanguageIdentifier="?" LanguageLocaleIdentifier="?">?</naa:LineTwo>
                        <!--Optional:-->
                        <naa:PostOfficeBox LanguageIdentifier="?" LanguageLocaleIdentifier="?">?</naa:PostOfficeBox>
                        <!--Optional:-->
                        <naa:Postcode LanguageIdentifier="?" LanguageLocaleIdentifier="?">?</naa:Postcode>
                        <!--Optional:-->
                        <naa:StreetName LanguageIdentifier="?" LanguageLocaleIdentifier="?">?</naa:StreetName>
                        <!--Optional:-->
                        <naa:StreetSuffix codeName="?" codeListURI="?" codeListAgency="?" codeListName="?" codeListVersion="?">?</naa:StreetSuffix>
                        <!--Optional:-->
                        <naa:StreetType codeName="?" codeListURI="?" codeListAgency="?" codeListName="?" codeListVersion="?">?</naa:StreetType>
                        <!--Optional:-->
                        <naa:Usage codeName="?" codeListURI="?" codeListAgency="?" codeListName="?" codeListVersion="?">?</naa:Usage>
                        <!--Optional:-->
                        <naa:UsagePeriod ref="?">
                           <!--Optional:-->
                           <naa:Complete Format="?">?</naa:Complete>
                           <!--Optional:-->
                           <naa:Description LanguageIdentifier="?" LanguageLocaleIdentifier="?">?</naa:Description>
                           <!--Optional:-->
                           <naa:Duration UnitCode="?">?</naa:Duration>
                           <!--Optional:-->
                           <naa:End Format="?">?</naa:End>
                           <naa:Identification identificationSchemeName="?" identificationSchemeURI="?" identificationSchemeVersion="?" identificationSchemeAgency="?">?</naa:Identification>
                           <!--Optional:-->
                           <naa:Inclusive Format="?">?</naa:Inclusive>
                           <!--Optional:-->
                           <naa:Name LanguageIdentifier="?" LanguageLocaleIdentifier="?">?</naa:Name>
                           <!--Optional:-->
                           <naa:Sequence identificationSchemeName="?" identificationSchemeURI="?" identificationSchemeVersion="?" identificationSchemeAgency="?">?</naa:Sequence>
                           <naa:Start Format="?">?</naa:Start>
                        </naa:UsagePeriod>
                     </naa:PostalAddress>
                     <!--Zero or more repetitions:-->
                     <naa:Registration ref="?">
                        <!--Optional:-->
                        <naa:Category codeName="?" codeListURI="?" codeListAgency="?" codeListName="?" codeListVersion="?">?</naa:Category>
                        <!--Optional:-->
                        <naa:Country codeName="?" codeListURI="?" codeListAgency="?" codeListName="?" codeListVersion="?">?</naa:Country>
                        <naa:Identification identificationSchemeName="?" identificationSchemeURI="?" identificationSchemeVersion="?" identificationSchemeAgency="?">?</naa:Identification>
                        <!--Optional:-->
                        <naa:Licence identificationSchemeName="?" identificationSchemeURI="?" identificationSchemeVersion="?" identificationSchemeAgency="?">?</naa:Licence>
                        <!--Optional:-->
                        <naa:Recorded Format="?">?</naa:Recorded>
                        <!--Optional:-->
                        <naa:Type codeName="?" codeListURI="?" codeListAgency="?" codeListName="?" codeListVersion="?">?</naa:Type>
                        <!--Optional:-->
                        <naa:ValidityPeriod ref="?">
                           <!--Optional:-->
                           <naa:Complete Format="?">?</naa:Complete>
                           <!--Optional:-->
                           <naa:Description LanguageIdentifier="?" LanguageLocaleIdentifier="?">?</naa:Description>
                           <!--Optional:-->
                           <naa:Duration UnitCode="?">?</naa:Duration>
                           <!--Optional:-->
                           <naa:End Format="?">?</naa:End>
                           <naa:Identification identificationSchemeName="?" identificationSchemeURI="?" identificationSchemeVersion="?" identificationSchemeAgency="?">?</naa:Identification>
                           <!--Optional:-->
                           <naa:Inclusive Format="?">?</naa:Inclusive>
                           <!--Optional:-->
                           <naa:Name LanguageIdentifier="?" LanguageLocaleIdentifier="?">?</naa:Name>
                           <!--Optional:-->
                           <naa:Sequence identificationSchemeName="?" identificationSchemeURI="?" identificationSchemeVersion="?" identificationSchemeAgency="?">?</naa:Sequence>
                           <naa:Start Format="?">?</naa:Start>
                        </naa:ValidityPeriod>
                     </naa:Registration>
                     <!--Zero or more repetitions:-->
                     <naa:Status ref="?">
                        <naa:Code codeName="?" codeListURI="?" codeListAgency="?" codeListName="?" codeListVersion="?">?</naa:Code>
                        <!--Optional:-->
                        <naa:Description LanguageIdentifier="?" LanguageLocaleIdentifier="?">?</naa:Description>
                        <!--Optional:-->
                        <naa:ValidityPeriod ref="?">
                           <!--Optional:-->
                           <naa:Complete Format="?">?</naa:Complete>
                           <!--Optional:-->
                           <naa:Description LanguageIdentifier="?" LanguageLocaleIdentifier="?">?</naa:Description>
                           <!--Optional:-->
                           <naa:Duration UnitCode="?">?</naa:Duration>
                           <!--Optional:-->
                           <naa:End Format="?">?</naa:End>
                           <naa:Identification identificationSchemeName="?" identificationSchemeURI="?" identificationSchemeVersion="?" identificationSchemeAgency="?">?</naa:Identification>
                           <!--Optional:-->
                           <naa:Inclusive Format="?">?</naa:Inclusive>
                           <!--Optional:-->
                           <naa:Name LanguageIdentifier="?" LanguageLocaleIdentifier="?">?</naa:Name>
                           <!--Optional:-->
                           <naa:Sequence identificationSchemeName="?" identificationSchemeURI="?" identificationSchemeVersion="?" identificationSchemeAgency="?">?</naa:Sequence>
                           <naa:Start Format="?">?</naa:Start>
                        </naa:ValidityPeriod>
                     </naa:Status>
                     <!--Zero or more repetitions:-->
                     <naa:Telephone ref="?">
                        <!--Optional:-->
                        <naa:AreaCode codeName="?" codeListURI="?" codeListAgency="?" codeListName="?" codeListVersion="?">?</naa:AreaCode>
                        <!--Optional:-->
                        <naa:CountryCode codeName="?" codeListURI="?" codeListAgency="?" codeListName="?" codeListVersion="?">?</naa:CountryCode>
                        <!--Optional:-->
                        <naa:Extension LanguageIdentifier="?" LanguageLocaleIdentifier="?">?</naa:Extension>
                        <naa:Number identificationSchemeName="?" identificationSchemeURI="?" identificationSchemeVersion="?" identificationSchemeAgency="?">?</naa:Number>
                        <naa:Type codeName="?" codeListURI="?" codeListAgency="?" codeListName="?" codeListVersion="?">?</naa:Type>
                     </naa:Telephone>
                     <!--Optional:-->
                     <naa:Type codeName="?" codeListURI="?" codeListAgency="?" codeListName="?" codeListVersion="?">?</naa:Type>
                  </naa:Organisation>
                  <!--Optional:-->
                  <naa:Person ref="?">
                     <!--Optional:-->
                     <naa:Description LanguageIdentifier="?" LanguageLocaleIdentifier="?">?</naa:Description>
                     <naa:Identification identificationSchemeName="?" identificationSchemeURI="?" identificationSchemeVersion="?" identificationSchemeAgency="?">?</naa:Identification>
                     <!--Zero or more repetitions:-->
                     <naa:Internet ref="?">
                        <naa:Type codeName="?" codeListURI="?" codeListAgency="?" codeListName="?" codeListVersion="?">?</naa:Type>
                        <naa:URI>?</naa:URI>
                     </naa:Internet>
                     <!--1 or more repetitions:-->
                     <naa:PersonName ref="?">
                        <naa:Classification codeName="?" codeListURI="?" codeListAgency="?" codeListName="?" codeListVersion="?">?</naa:Classification>
                        <!--Optional:-->
                        <naa:FamilyName LanguageIdentifier="?" LanguageLocaleIdentifier="?">?</naa:FamilyName>
                        <!--Optional:-->
                        <naa:FamilyNamePrefix LanguageIdentifier="?" LanguageLocaleIdentifier="?">?</naa:FamilyNamePrefix>
                        <!--Optional:-->
                        <naa:GivenName LanguageIdentifier="?" LanguageLocaleIdentifier="?">?</naa:GivenName>
                        <!--Optional:-->
                        <naa:MiddleName LanguageIdentifier="?" LanguageLocaleIdentifier="?">?</naa:MiddleName>
                        <!--Optional:-->
                        <naa:Name LanguageIdentifier="?" LanguageLocaleIdentifier="?">?</naa:Name>
                        <!--Optional:-->
                        <naa:NameSuffix codeName="?" codeListURI="?" codeListAgency="?" codeListName="?" codeListVersion="?">?</naa:NameSuffix>
                        <!--Optional:-->
                        <naa:Salutation LanguageIdentifier="?" LanguageLocaleIdentifier="?">?</naa:Salutation>
                        <!--Optional:-->
                        <naa:Title codeName="?" codeListURI="?" codeListAgency="?" codeListName="?" codeListVersion="?">?</naa:Title>
                        <!--Optional:-->
                        <naa:ValidityPeriod ref="?">
                           <!--Optional:-->
                           <naa:Complete Format="?">?</naa:Complete>
                           <!--Optional:-->
                           <naa:Description LanguageIdentifier="?" LanguageLocaleIdentifier="?">?</naa:Description>
                           <!--Optional:-->
                           <naa:Duration UnitCode="?">?</naa:Duration>
                           <!--Optional:-->
                           <naa:End Format="?">?</naa:End>
                           <naa:Identification identificationSchemeName="?" identificationSchemeURI="?" identificationSchemeVersion="?" identificationSchemeAgency="?">?</naa:Identification>
                           <!--Optional:-->
                           <naa:Inclusive Format="?">?</naa:Inclusive>
                           <!--Optional:-->
                           <naa:Name LanguageIdentifier="?" LanguageLocaleIdentifier="?">?</naa:Name>
                           <!--Optional:-->
                           <naa:Sequence identificationSchemeName="?" identificationSchemeURI="?" identificationSchemeVersion="?" identificationSchemeAgency="?">?</naa:Sequence>
                           <naa:Start Format="?">?</naa:Start>
                        </naa:ValidityPeriod>
                     </naa:PersonName>
                     <!--Zero or more repetitions:-->
                     <naa:PostalAddress ref="?">
                        <!--Zero or more repetitions:-->
                        <naa:Address/>
                        <!--Optional:-->
                        <naa:BlockName LanguageIdentifier="?" LanguageLocaleIdentifier="?">?</naa:BlockName>
                        <!--Optional:-->
                        <naa:BuildingName LanguageIdentifier="?" LanguageLocaleIdentifier="?">?</naa:BuildingName>
                        <!--Optional:-->
                        <naa:BuildingNumber LanguageIdentifier="?" LanguageLocaleIdentifier="?">?</naa:BuildingNumber>
                        <!--Optional:-->
                        <naa:CityName LanguageIdentifier="?" LanguageLocaleIdentifier="?">?</naa:CityName>
                        <!--Optional:-->
                        <naa:Code codeName="?" codeListURI="?" codeListAgency="?" codeListName="?" codeListVersion="?">?</naa:Code>
                        <!--Optional:-->
                        <naa:CountryName codeName="?" codeListURI="?" codeListAgency="?" codeListName="?" codeListVersion="?">?</naa:CountryName>
                        <!--Optional:-->
                        <naa:CountrySubDivision codeName="?" codeListURI="?" codeListAgency="?" codeListName="?" codeListVersion="?">?</naa:CountrySubDivision>
                        <!--Zero or more repetitions:-->
                        <naa:Geocode ref="?">
                           <!--Optional:-->
                           <naa:AltimetricSystem codeName="?" codeListURI="?" codeListAgency="?" codeListName="?" codeListVersion="?">?</naa:AltimetricSystem>
                           <!--Optional:-->
                           <naa:Altitude Format="?">?</naa:Altitude>
                           <naa:Identification identificationSchemeName="?" identificationSchemeURI="?" identificationSchemeVersion="?" identificationSchemeAgency="?">?</naa:Identification>
                           <naa:Latitude Format="?">?</naa:Latitude>
                           <!--Optional:-->
                           <naa:LatitudeDirection codeName="?" codeListURI="?" codeListAgency="?" codeListName="?" codeListVersion="?">?</naa:LatitudeDirection>
                           <naa:Longitude Format="?">?</naa:Longitude>
                           <!--Optional:-->
                           <naa:LongitudeDirection codeName="?" codeListURI="?" codeListAgency="?" codeListName="?" codeListVersion="?">?</naa:LongitudeDirection>
                           <!--Optional:-->
                           <naa:System codeName="?" codeListURI="?" codeListAgency="?" codeListName="?" codeListVersion="?">?</naa:System>
                        </naa:Geocode>
                        <naa:Identification identificationSchemeName="?" identificationSchemeURI="?" identificationSchemeVersion="?" identificationSchemeAgency="?">?</naa:Identification>
                        <!--Optional:-->
                        <naa:LineFive LanguageIdentifier="?" LanguageLocaleIdentifier="?">?</naa:LineFive>
                        <!--Optional:-->
                        <naa:LineFour LanguageIdentifier="?" LanguageLocaleIdentifier="?">?</naa:LineFour>
                        <!--Optional:-->
                        <naa:LineOne LanguageIdentifier="?" LanguageLocaleIdentifier="?">?</naa:LineOne>
                        <!--Optional:-->
                        <naa:LineSix LanguageIdentifier="?" LanguageLocaleIdentifier="?">?</naa:LineSix>
                        <!--Optional:-->
                        <naa:LineThree LanguageIdentifier="?" LanguageLocaleIdentifier="?">?</naa:LineThree>
                        <!--Optional:-->
                        <naa:LineTwo LanguageIdentifier="?" LanguageLocaleIdentifier="?">?</naa:LineTwo>
                        <!--Optional:-->
                        <naa:PostOfficeBox LanguageIdentifier="?" LanguageLocaleIdentifier="?">?</naa:PostOfficeBox>
                        <!--Optional:-->
                        <naa:Postcode LanguageIdentifier="?" LanguageLocaleIdentifier="?">?</naa:Postcode>
                        <!--Optional:-->
                        <naa:StreetName LanguageIdentifier="?" LanguageLocaleIdentifier="?">?</naa:StreetName>
                        <!--Optional:-->
                        <naa:StreetSuffix codeName="?" codeListURI="?" codeListAgency="?" codeListName="?" codeListVersion="?">?</naa:StreetSuffix>
                        <!--Optional:-->
                        <naa:StreetType codeName="?" codeListURI="?" codeListAgency="?" codeListName="?" codeListVersion="?">?</naa:StreetType>
                        <!--Optional:-->
                        <naa:Usage codeName="?" codeListURI="?" codeListAgency="?" codeListName="?" codeListVersion="?">?</naa:Usage>
                        <!--Optional:-->
                        <naa:UsagePeriod ref="?">
                           <!--Optional:-->
                           <naa:Complete Format="?">?</naa:Complete>
                           <!--Optional:-->
                           <naa:Description LanguageIdentifier="?" LanguageLocaleIdentifier="?">?</naa:Description>
                           <!--Optional:-->
                           <naa:Duration UnitCode="?">?</naa:Duration>
                           <!--Optional:-->
                           <naa:End Format="?">?</naa:End>
                           <naa:Identification identificationSchemeName="?" identificationSchemeURI="?" identificationSchemeVersion="?" identificationSchemeAgency="?">?</naa:Identification>
                           <!--Optional:-->
                           <naa:Inclusive Format="?">?</naa:Inclusive>
                           <!--Optional:-->
                           <naa:Name LanguageIdentifier="?" LanguageLocaleIdentifier="?">?</naa:Name>
                           <!--Optional:-->
                           <naa:Sequence identificationSchemeName="?" identificationSchemeURI="?" identificationSchemeVersion="?" identificationSchemeAgency="?">?</naa:Sequence>
                           <naa:Start Format="?">?</naa:Start>
                        </naa:UsagePeriod>
                     </naa:PostalAddress>
                     <!--Zero or more repetitions:-->
                     <naa:Registration ref="?">
                        <!--Optional:-->
                        <naa:Category codeName="?" codeListURI="?" codeListAgency="?" codeListName="?" codeListVersion="?">?</naa:Category>
                        <!--Optional:-->
                        <naa:Country codeName="?" codeListURI="?" codeListAgency="?" codeListName="?" codeListVersion="?">?</naa:Country>
                        <naa:Identification identificationSchemeName="?" identificationSchemeURI="?" identificationSchemeVersion="?" identificationSchemeAgency="?">?</naa:Identification>
                        <!--Optional:-->
                        <naa:Licence identificationSchemeName="?" identificationSchemeURI="?" identificationSchemeVersion="?" identificationSchemeAgency="?">?</naa:Licence>
                        <!--Optional:-->
                        <naa:Recorded Format="?">?</naa:Recorded>
                        <!--Optional:-->
                        <naa:Type codeName="?" codeListURI="?" codeListAgency="?" codeListName="?" codeListVersion="?">?</naa:Type>
                        <!--Optional:-->
                        <naa:ValidityPeriod ref="?">
                           <!--Optional:-->
                           <naa:Complete Format="?">?</naa:Complete>
                           <!--Optional:-->
                           <naa:Description LanguageIdentifier="?" LanguageLocaleIdentifier="?">?</naa:Description>
                           <!--Optional:-->
                           <naa:Duration UnitCode="?">?</naa:Duration>
                           <!--Optional:-->
                           <naa:End Format="?">?</naa:End>
                           <naa:Identification identificationSchemeName="?" identificationSchemeURI="?" identificationSchemeVersion="?" identificationSchemeAgency="?">?</naa:Identification>
                           <!--Optional:-->
                           <naa:Inclusive Format="?">?</naa:Inclusive>
                           <!--Optional:-->
                           <naa:Name LanguageIdentifier="?" LanguageLocaleIdentifier="?">?</naa:Name>
                           <!--Optional:-->
                           <naa:Sequence identificationSchemeName="?" identificationSchemeURI="?" identificationSchemeVersion="?" identificationSchemeAgency="?">?</naa:Sequence>
                           <naa:Start Format="?">?</naa:Start>
                        </naa:ValidityPeriod>
                     </naa:Registration>
                     <!--Zero or more repetitions:-->
                     <naa:ResidentialAddress ref="?">
                        <!--Zero or more repetitions:-->
                        <naa:Address/>
                        <!--Optional:-->
                        <naa:BlockName LanguageIdentifier="?" LanguageLocaleIdentifier="?">?</naa:BlockName>
                        <!--Optional:-->
                        <naa:BuildingName LanguageIdentifier="?" LanguageLocaleIdentifier="?">?</naa:BuildingName>
                        <!--Optional:-->
                        <naa:BuildingNumber LanguageIdentifier="?" LanguageLocaleIdentifier="?">?</naa:BuildingNumber>
                        <!--Optional:-->
                        <naa:CityName LanguageIdentifier="?" LanguageLocaleIdentifier="?">?</naa:CityName>
                        <!--Optional:-->
                        <naa:Code codeName="?" codeListURI="?" codeListAgency="?" codeListName="?" codeListVersion="?">?</naa:Code>
                        <!--Optional:-->
                        <naa:CountryName codeName="?" codeListURI="?" codeListAgency="?" codeListName="?" codeListVersion="?">?</naa:CountryName>
                        <!--Optional:-->
                        <naa:CountrySubDivision codeName="?" codeListURI="?" codeListAgency="?" codeListName="?" codeListVersion="?">?</naa:CountrySubDivision>
                        <!--Zero or more repetitions:-->
                        <naa:Geocode ref="?">
                           <!--Optional:-->
                           <naa:AltimetricSystem codeName="?" codeListURI="?" codeListAgency="?" codeListName="?" codeListVersion="?">?</naa:AltimetricSystem>
                           <!--Optional:-->
                           <naa:Altitude Format="?">?</naa:Altitude>
                           <naa:Identification identificationSchemeName="?" identificationSchemeURI="?" identificationSchemeVersion="?" identificationSchemeAgency="?">?</naa:Identification>
                           <naa:Latitude Format="?">?</naa:Latitude>
                           <!--Optional:-->
                           <naa:LatitudeDirection codeName="?" codeListURI="?" codeListAgency="?" codeListName="?" codeListVersion="?">?</naa:LatitudeDirection>
                           <naa:Longitude Format="?">?</naa:Longitude>
                           <!--Optional:-->
                           <naa:LongitudeDirection codeName="?" codeListURI="?" codeListAgency="?" codeListName="?" codeListVersion="?">?</naa:LongitudeDirection>
                           <!--Optional:-->
                           <naa:System codeName="?" codeListURI="?" codeListAgency="?" codeListName="?" codeListVersion="?">?</naa:System>
                        </naa:Geocode>
                        <naa:Identification identificationSchemeName="?" identificationSchemeURI="?" identificationSchemeVersion="?" identificationSchemeAgency="?">?</naa:Identification>
                        <!--Optional:-->
                        <naa:LineFive LanguageIdentifier="?" LanguageLocaleIdentifier="?">?</naa:LineFive>
                        <!--Optional:-->
                        <naa:LineFour LanguageIdentifier="?" LanguageLocaleIdentifier="?">?</naa:LineFour>
                        <!--Optional:-->
                        <naa:LineOne LanguageIdentifier="?" LanguageLocaleIdentifier="?">?</naa:LineOne>
                        <!--Optional:-->
                        <naa:LineSix LanguageIdentifier="?" LanguageLocaleIdentifier="?">?</naa:LineSix>
                        <!--Optional:-->
                        <naa:LineThree LanguageIdentifier="?" LanguageLocaleIdentifier="?">?</naa:LineThree>
                        <!--Optional:-->
                        <naa:LineTwo LanguageIdentifier="?" LanguageLocaleIdentifier="?">?</naa:LineTwo>
                        <!--Optional:-->
                        <naa:PostOfficeBox LanguageIdentifier="?" LanguageLocaleIdentifier="?">?</naa:PostOfficeBox>
                        <!--Optional:-->
                        <naa:Postcode LanguageIdentifier="?" LanguageLocaleIdentifier="?">?</naa:Postcode>
                        <!--Optional:-->
                        <naa:StreetName LanguageIdentifier="?" LanguageLocaleIdentifier="?">?</naa:StreetName>
                        <!--Optional:-->
                        <naa:StreetSuffix codeName="?" codeListURI="?" codeListAgency="?" codeListName="?" codeListVersion="?">?</naa:StreetSuffix>
                        <!--Optional:-->
                        <naa:StreetType codeName="?" codeListURI="?" codeListAgency="?" codeListName="?" codeListVersion="?">?</naa:StreetType>
                        <!--Optional:-->
                        <naa:Usage codeName="?" codeListURI="?" codeListAgency="?" codeListName="?" codeListVersion="?">?</naa:Usage>
                        <!--Optional:-->
                        <naa:UsagePeriod ref="?">
                           <!--Optional:-->
                           <naa:Complete Format="?">?</naa:Complete>
                           <!--Optional:-->
                           <naa:Description LanguageIdentifier="?" LanguageLocaleIdentifier="?">?</naa:Description>
                           <!--Optional:-->
                           <naa:Duration UnitCode="?">?</naa:Duration>
                           <!--Optional:-->
                           <naa:End Format="?">?</naa:End>
                           <naa:Identification identificationSchemeName="?" identificationSchemeURI="?" identificationSchemeVersion="?" identificationSchemeAgency="?">?</naa:Identification>
                           <!--Optional:-->
                           <naa:Inclusive Format="?">?</naa:Inclusive>
                           <!--Optional:-->
                           <naa:Name LanguageIdentifier="?" LanguageLocaleIdentifier="?">?</naa:Name>
                           <!--Optional:-->
                           <naa:Sequence identificationSchemeName="?" identificationSchemeURI="?" identificationSchemeVersion="?" identificationSchemeAgency="?">?</naa:Sequence>
                           <naa:Start Format="?">?</naa:Start>
                        </naa:UsagePeriod>
                     </naa:ResidentialAddress>
                     <!--Zero or more repetitions:-->
                     <naa:Status ref="?">
                        <naa:Code codeName="?" codeListURI="?" codeListAgency="?" codeListName="?" codeListVersion="?">?</naa:Code>
                        <!--Optional:-->
                        <naa:Description LanguageIdentifier="?" LanguageLocaleIdentifier="?">?</naa:Description>
                        <!--Optional:-->
                        <naa:ValidityPeriod ref="?">
                           <!--Optional:-->
                           <naa:Complete Format="?">?</naa:Complete>
                           <!--Optional:-->
                           <naa:Description LanguageIdentifier="?" LanguageLocaleIdentifier="?">?</naa:Description>
                           <!--Optional:-->
                           <naa:Duration UnitCode="?">?</naa:Duration>
                           <!--Optional:-->
                           <naa:End Format="?">?</naa:End>
                           <naa:Identification identificationSchemeName="?" identificationSchemeURI="?" identificationSchemeVersion="?" identificationSchemeAgency="?">?</naa:Identification>
                           <!--Optional:-->
                           <naa:Inclusive Format="?">?</naa:Inclusive>
                           <!--Optional:-->
                           <naa:Name LanguageIdentifier="?" LanguageLocaleIdentifier="?">?</naa:Name>
                           <!--Optional:-->
                           <naa:Sequence identificationSchemeName="?" identificationSchemeURI="?" identificationSchemeVersion="?" identificationSchemeAgency="?">?</naa:Sequence>
                           <naa:Start Format="?">?</naa:Start>
                        </naa:ValidityPeriod>
                     </naa:Status>
                     <!--Zero or more repetitions:-->
                     <naa:Telephone ref="?">
                        <!--Optional:-->
                        <naa:AreaCode codeName="?" codeListURI="?" codeListAgency="?" codeListName="?" codeListVersion="?">?</naa:AreaCode>
                        <!--Optional:-->
                        <naa:CountryCode codeName="?" codeListURI="?" codeListAgency="?" codeListName="?" codeListVersion="?">?</naa:CountryCode>
                        <!--Optional:-->
                        <naa:Extension LanguageIdentifier="?" LanguageLocaleIdentifier="?">?</naa:Extension>
                        <naa:Number identificationSchemeName="?" identificationSchemeURI="?" identificationSchemeVersion="?" identificationSchemeAgency="?">?</naa:Number>
                        <naa:Type codeName="?" codeListURI="?" codeListAgency="?" codeListName="?" codeListVersion="?">?</naa:Type>
                     </naa:Telephone>
                  </naa:Person>
                  <naa:Identification identificationSchemeName="?" identificationSchemeURI="?" identificationSchemeVersion="?" identificationSchemeAgency="?">?</naa:Identification>
                  <!--Optional:-->
                  <naa:Language codeName="?" codeListURI="?" codeListAgency="?" codeListName="?" codeListVersion="?">?</naa:Language>
                  <naa:Name LanguageIdentifier="?" LanguageLocaleIdentifier="?">?</naa:Name>
                  <!--Optional:-->
                  <naa:Type LanguageIdentifier="?" LanguageLocaleIdentifier="?">?</naa:Type>
               </da:Party>
               <!--Optional:-->
               <da:Type codeName="?" codeListURI="?" codeListAgency="?" codeListName="?" codeListVersion="?">?</da:Type>
            </da:PartyRole>
            <!--Zero or more repetitions:-->
            <da:Payment ref="?">
               <da:AmountPaid CurrencyCode="?">?</da:AmountPaid>
               <da:CreationDate Format="?">?</da:CreationDate>
               <da:DatePaid Format="?">?</da:DatePaid>
               <!--Optional:-->
               <da:DiscountPercent Format="?">?</da:DiscountPercent>
               <da:Identification identificationSchemeName="?" identificationSchemeURI="?" identificationSchemeVersion="?" identificationSchemeAgency="?">?</da:Identification>
               <!--Optional:-->
               <da:InstructionCode LanguageIdentifier="?" LanguageLocaleIdentifier="?">?</da:InstructionCode>
               <!--Optional:-->
               <da:PayeeName LanguageIdentifier="?" LanguageLocaleIdentifier="?">?</da:PayeeName>
               <!--Optional:-->
               <da:PaymentMethod codeName="?" codeListURI="?" codeListAgency="?" codeListName="?" codeListVersion="?">?</da:PaymentMethod>
               <!--Optional:-->
               <da:PenaltyPercent Format="?">?</da:PenaltyPercent>
               <!--Optional:-->
               <da:PriorityCode LanguageIdentifier="?" LanguageLocaleIdentifier="?">?</da:PriorityCode>
               <!--Optional:-->
               <da:ReasonCode LanguageIdentifier="?" LanguageLocaleIdentifier="?">?</da:ReasonCode>
               <!--Optional:-->
               <da:ReceiptNumber LanguageIdentifier="?" LanguageLocaleIdentifier="?">?</da:ReceiptNumber>
               <!--Optional:-->
               <da:StatusCode LanguageIdentifier="?" LanguageLocaleIdentifier="?">?</da:StatusCode>
               <!--Optional:-->
               <da:TaxAmount CurrencyCode="?">?</da:TaxAmount>
               <!--Optional:-->
               <da:TaxInvoiceNumber LanguageIdentifier="?" LanguageLocaleIdentifier="?">?</da:TaxInvoiceNumber>
            </da:Payment>
            <!--Zero or more repetitions:-->
            <da:PublicInspection ref="?">
               <da:Indicator codeName="?" codeListURI="?" codeListAgency="?" codeListName="?" codeListVersion="?">?</da:Indicator>
            </da:PublicInspection>
            <!--Zero or more repetitions:-->
            <da:PublicNotificationObligation ref="?">
               <!--Zero or more repetitions:-->
               <da:Attachment ref="?">
                  <!--Zero or more repetitions:-->
                  <da:Contributor LanguageIdentifier="?" LanguageLocaleIdentifier="?">?</da:Contributor>
                  <!--Zero or more repetitions:-->
                  <da:Coverage LanguageIdentifier="?" LanguageLocaleIdentifier="?">?</da:Coverage>
                  <!--Zero or more repetitions:-->
                  <da:Creator LanguageIdentifier="?" LanguageLocaleIdentifier="?">?</da:Creator>
                  <!--Optional:-->
                  <da:Date Format="?">?</da:Date>
                  <!--Zero or more repetitions:-->
                  <da:Description LanguageIdentifier="?" LanguageLocaleIdentifier="?">?</da:Description>
                  <!--Optional:-->
                  <da:Format LanguageIdentifier="?" LanguageLocaleIdentifier="?">?</da:Format>
                  <da:Identification identificationSchemeName="?" identificationSchemeURI="?" identificationSchemeVersion="?" identificationSchemeAgency="?">?</da:Identification>
                  <!--Zero or more repetitions:-->
                  <da:Language LanguageIdentifier="?" LanguageLocaleIdentifier="?">?</da:Language>
                  <!--Zero or more repetitions:-->
                  <da:Publisher LanguageIdentifier="?" LanguageLocaleIdentifier="?">?</da:Publisher>
                  <!--Zero or more repetitions:-->
                  <da:Relation LanguageIdentifier="?" LanguageLocaleIdentifier="?">?</da:Relation>
                  <!--Zero or more repetitions:-->
                  <da:Rights LanguageIdentifier="?" LanguageLocaleIdentifier="?">?</da:Rights>
                  <!--Optional:-->
                  <da:Size UnitCode="?">?</da:Size>
                  <!--Zero or more repetitions:-->
                  <da:Source LanguageIdentifier="?" LanguageLocaleIdentifier="?">?</da:Source>
                  <!--Optional:-->
                  <da:Subject LanguageIdentifier="?" LanguageLocaleIdentifier="?">?</da:Subject>
                  <!--Optional:-->
                  <da:Title LanguageIdentifier="?" LanguageLocaleIdentifier="?">?</da:Title>
                  <!--Optional:-->
                  <da:Type LanguageIdentifier="?" LanguageLocaleIdentifier="?">?</da:Type>
                  <!--Optional:-->
                  <da:Version LanguageIdentifier="?" LanguageLocaleIdentifier="?">?</da:Version>
                  <!--You have a CHOICE of the next 2 items at this level-->
                  <!--Optional:-->
                  <da:Attachment Format="?" MimeCode="?" CharacterSetCode="?" EncodingCode="?" UniformResourceIdentifier="?" Filename="?">cid:602733408670</da:Attachment>
                  <!--Optional:-->
                  <da:URI>?</da:URI>
               </da:Attachment>
               <!--Optional:-->
               <da:ComplianceDate Format="?">?</da:ComplianceDate>
               <!--Optional:-->
               <da:Description LanguageIdentifier="?" LanguageLocaleIdentifier="?">?</da:Description>
               <da:Identification identificationSchemeName="?" identificationSchemeURI="?" identificationSchemeVersion="?" identificationSchemeAgency="?">?</da:Identification>
               <!--Zero or more repetitions:-->
               <da:PartyRole ref="?">
                  <!--Optional:-->
                  <da:DateTime Format="?">?</da:DateTime>
                  <!--1 or more repetitions:-->
                  <da:Party ref="?">
                     <!--Optional:-->
                     <naa:AccessRights codeName="?" codeListURI="?" codeListAgency="?" codeListName="?" codeListVersion="?">?</naa:AccessRights>
                     <!--Optional:-->
                     <naa:Description LanguageIdentifier="?" LanguageLocaleIdentifier="?">?</naa:Description>
                     <!--You have a CHOICE of the next 2 items at this level-->
                     <!--Optional:-->
                     <naa:Organisation ref="?">
                        <!--Zero or more repetitions:-->
                        <naa:Contact ref="?">
                           <!--Optional:-->
                           <naa:DepartmentName LanguageIdentifier="?" LanguageLocaleIdentifier="?">?</naa:DepartmentName>
                           <!--Optional:-->
                           <naa:Description LanguageIdentifier="?" LanguageLocaleIdentifier="?">?</naa:Description>
                           <naa:Identification identificationSchemeName="?" identificationSchemeURI="?" identificationSchemeVersion="?" identificationSchemeAgency="?">?</naa:Identification>
                           <!--Zero or more repetitions:-->
                           <naa:Internet ref="?">
                              <naa:Type codeName="?" codeListURI="?" codeListAgency="?" codeListName="?" codeListVersion="?">?</naa:Type>
                              <naa:URI>?</naa:URI>
                           </naa:Internet>
                           <!--Optional:-->
                           <naa:IsPrimary Format="?">?</naa:IsPrimary>
                           <!--Optional:-->
                           <naa:JobTitle LanguageIdentifier="?" LanguageLocaleIdentifier="?">?</naa:JobTitle>
                           <!--Optional:-->
                           <naa:PersonName ref="?">
                              <naa:Classification codeName="?" codeListURI="?" codeListAgency="?" codeListName="?" codeListVersion="?">?</naa:Classification>
                              <!--Optional:-->
                              <naa:FamilyName LanguageIdentifier="?" LanguageLocaleIdentifier="?">?</naa:FamilyName>
                              <!--Optional:-->
                              <naa:FamilyNamePrefix LanguageIdentifier="?" LanguageLocaleIdentifier="?">?</naa:FamilyNamePrefix>
                              <!--Optional:-->
                              <naa:GivenName LanguageIdentifier="?" LanguageLocaleIdentifier="?">?</naa:GivenName>
                              <!--Optional:-->
                              <naa:MiddleName LanguageIdentifier="?" LanguageLocaleIdentifier="?">?</naa:MiddleName>
                              <!--Optional:-->
                              <naa:Name LanguageIdentifier="?" LanguageLocaleIdentifier="?">?</naa:Name>
                              <!--Optional:-->
                              <naa:NameSuffix codeName="?" codeListURI="?" codeListAgency="?" codeListName="?" codeListVersion="?">?</naa:NameSuffix>
                              <!--Optional:-->
                              <naa:Salutation LanguageIdentifier="?" LanguageLocaleIdentifier="?">?</naa:Salutation>
                              <!--Optional:-->
                              <naa:Title codeName="?" codeListURI="?" codeListAgency="?" codeListName="?" codeListVersion="?">?</naa:Title>
                              <!--Optional:-->
                              <naa:ValidityPeriod ref="?">
                                 <!--Optional:-->
                                 <naa:Complete Format="?">?</naa:Complete>
                                 <!--Optional:-->
                                 <naa:Description LanguageIdentifier="?" LanguageLocaleIdentifier="?">?</naa:Description>
                                 <!--Optional:-->
                                 <naa:Duration UnitCode="?">?</naa:Duration>
                                 <!--Optional:-->
                                 <naa:End Format="?">?</naa:End>
                                 <naa:Identification identificationSchemeName="?" identificationSchemeURI="?" identificationSchemeVersion="?" identificationSchemeAgency="?">?</naa:Identification>
                                 <!--Optional:-->
                                 <naa:Inclusive Format="?">?</naa:Inclusive>
                                 <!--Optional:-->
                                 <naa:Name LanguageIdentifier="?" LanguageLocaleIdentifier="?">?</naa:Name>
                                 <!--Optional:-->
                                 <naa:Sequence identificationSchemeName="?" identificationSchemeURI="?" identificationSchemeVersion="?" identificationSchemeAgency="?">?</naa:Sequence>
                                 <naa:Start Format="?">?</naa:Start>
                              </naa:ValidityPeriod>
                           </naa:PersonName>
                           <!--Optional:-->
                           <naa:Responsibility LanguageIdentifier="?" LanguageLocaleIdentifier="?">?</naa:Responsibility>
                           <!--Zero or more repetitions:-->
                           <naa:Telephone ref="?">
                              <!--Optional:-->
                              <naa:AreaCode codeName="?" codeListURI="?" codeListAgency="?" codeListName="?" codeListVersion="?">?</naa:AreaCode>
                              <!--Optional:-->
                              <naa:CountryCode codeName="?" codeListURI="?" codeListAgency="?" codeListName="?" codeListVersion="?">?</naa:CountryCode>
                              <!--Optional:-->
                              <naa:Extension LanguageIdentifier="?" LanguageLocaleIdentifier="?">?</naa:Extension>
                              <naa:Number identificationSchemeName="?" identificationSchemeURI="?" identificationSchemeVersion="?" identificationSchemeAgency="?">?</naa:Number>
                              <naa:Type codeName="?" codeListURI="?" codeListAgency="?" codeListName="?" codeListVersion="?">?</naa:Type>
                           </naa:Telephone>
                           <!--Optional:-->
                           <naa:Type codeName="?" codeListURI="?" codeListAgency="?" codeListName="?" codeListVersion="?">?</naa:Type>
                        </naa:Contact>
                        <!--Optional:-->
                        <naa:Description LanguageIdentifier="?" LanguageLocaleIdentifier="?">?</naa:Description>
                        <naa:Identification identificationSchemeName="?" identificationSchemeURI="?" identificationSchemeVersion="?" identificationSchemeAgency="?">?</naa:Identification>
                        <!--Optional:-->
                        <naa:IndustryClassification codeName="?" codeListURI="?" codeListAgency="?" codeListName="?" codeListVersion="?">?</naa:IndustryClassification>
                        <!--Zero or more repetitions:-->
                        <naa:Internet ref="?">
                           <naa:Type codeName="?" codeListURI="?" codeListAgency="?" codeListName="?" codeListVersion="?">?</naa:Type>
                           <naa:URI>?</naa:URI>
                        </naa:Internet>
                        <!--Optional:-->
                        <naa:IsActive Format="?">?</naa:IsActive>
                        <!--Optional:-->
                        <naa:LegalClassification codeName="?" codeListURI="?" codeListAgency="?" codeListName="?" codeListVersion="?">?</naa:LegalClassification>
                        <!--Zero or more repetitions:-->
                        <naa:Organisation/>
                        <!--1 or more repetitions:-->
                        <naa:OrganisationName ref="?">
                           <naa:Classification codeName="?" codeListURI="?" codeListAgency="?" codeListName="?" codeListVersion="?">?</naa:Classification>
                           <naa:Name LanguageIdentifier="?" LanguageLocaleIdentifier="?">?</naa:Name>
                           <!--Optional:-->
                           <naa:ValidityPeriod ref="?">
                              <!--Optional:-->
                              <naa:Complete Format="?">?</naa:Complete>
                              <!--Optional:-->
                              <naa:Description LanguageIdentifier="?" LanguageLocaleIdentifier="?">?</naa:Description>
                              <!--Optional:-->
                              <naa:Duration UnitCode="?">?</naa:Duration>
                              <!--Optional:-->
                              <naa:End Format="?">?</naa:End>
                              <naa:Identification identificationSchemeName="?" identificationSchemeURI="?" identificationSchemeVersion="?" identificationSchemeAgency="?">?</naa:Identification>
                              <!--Optional:-->
                              <naa:Inclusive Format="?">?</naa:Inclusive>
                              <!--Optional:-->
                              <naa:Name LanguageIdentifier="?" LanguageLocaleIdentifier="?">?</naa:Name>
                              <!--Optional:-->
                              <naa:Sequence identificationSchemeName="?" identificationSchemeURI="?" identificationSchemeVersion="?" identificationSchemeAgency="?">?</naa:Sequence>
                              <naa:Start Format="?">?</naa:Start>
                           </naa:ValidityPeriod>
                        </naa:OrganisationName>
                        <!--Zero or more repetitions:-->
                        <naa:PhysicalAddress ref="?">
                           <!--Zero or more repetitions:-->
                           <naa:Address/>
                           <!--Optional:-->
                           <naa:BlockName LanguageIdentifier="?" LanguageLocaleIdentifier="?">?</naa:BlockName>
                           <!--Optional:-->
                           <naa:BuildingName LanguageIdentifier="?" LanguageLocaleIdentifier="?">?</naa:BuildingName>
                           <!--Optional:-->
                           <naa:BuildingNumber LanguageIdentifier="?" LanguageLocaleIdentifier="?">?</naa:BuildingNumber>
                           <!--Optional:-->
                           <naa:CityName LanguageIdentifier="?" LanguageLocaleIdentifier="?">?</naa:CityName>
                           <!--Optional:-->
                           <naa:Code codeName="?" codeListURI="?" codeListAgency="?" codeListName="?" codeListVersion="?">?</naa:Code>
                           <!--Optional:-->
                           <naa:CountryName codeName="?" codeListURI="?" codeListAgency="?" codeListName="?" codeListVersion="?">?</naa:CountryName>
                           <!--Optional:-->
                           <naa:CountrySubDivision codeName="?" codeListURI="?" codeListAgency="?" codeListName="?" codeListVersion="?">?</naa:CountrySubDivision>
                           <!--Zero or more repetitions:-->
                           <naa:Geocode ref="?">
                              <!--Optional:-->
                              <naa:AltimetricSystem codeName="?" codeListURI="?" codeListAgency="?" codeListName="?" codeListVersion="?">?</naa:AltimetricSystem>
                              <!--Optional:-->
                              <naa:Altitude Format="?">?</naa:Altitude>
                              <naa:Identification identificationSchemeName="?" identificationSchemeURI="?" identificationSchemeVersion="?" identificationSchemeAgency="?">?</naa:Identification>
                              <naa:Latitude Format="?">?</naa:Latitude>
                              <!--Optional:-->
                              <naa:LatitudeDirection codeName="?" codeListURI="?" codeListAgency="?" codeListName="?" codeListVersion="?">?</naa:LatitudeDirection>
                              <naa:Longitude Format="?">?</naa:Longitude>
                              <!--Optional:-->
                              <naa:LongitudeDirection codeName="?" codeListURI="?" codeListAgency="?" codeListName="?" codeListVersion="?">?</naa:LongitudeDirection>
                              <!--Optional:-->
                              <naa:System codeName="?" codeListURI="?" codeListAgency="?" codeListName="?" codeListVersion="?">?</naa:System>
                           </naa:Geocode>
                           <naa:Identification identificationSchemeName="?" identificationSchemeURI="?" identificationSchemeVersion="?" identificationSchemeAgency="?">?</naa:Identification>
                           <!--Optional:-->
                           <naa:LineFive LanguageIdentifier="?" LanguageLocaleIdentifier="?">?</naa:LineFive>
                           <!--Optional:-->
                           <naa:LineFour LanguageIdentifier="?" LanguageLocaleIdentifier="?">?</naa:LineFour>
                           <!--Optional:-->
                           <naa:LineOne LanguageIdentifier="?" LanguageLocaleIdentifier="?">?</naa:LineOne>
                           <!--Optional:-->
                           <naa:LineSix LanguageIdentifier="?" LanguageLocaleIdentifier="?">?</naa:LineSix>
                           <!--Optional:-->
                           <naa:LineThree LanguageIdentifier="?" LanguageLocaleIdentifier="?">?</naa:LineThree>
                           <!--Optional:-->
                           <naa:LineTwo LanguageIdentifier="?" LanguageLocaleIdentifier="?">?</naa:LineTwo>
                           <!--Optional:-->
                           <naa:PostOfficeBox LanguageIdentifier="?" LanguageLocaleIdentifier="?">?</naa:PostOfficeBox>
                           <!--Optional:-->
                           <naa:Postcode LanguageIdentifier="?" LanguageLocaleIdentifier="?">?</naa:Postcode>
                           <!--Optional:-->
                           <naa:StreetName LanguageIdentifier="?" LanguageLocaleIdentifier="?">?</naa:StreetName>
                           <!--Optional:-->
                           <naa:StreetSuffix codeName="?" codeListURI="?" codeListAgency="?" codeListName="?" codeListVersion="?">?</naa:StreetSuffix>
                           <!--Optional:-->
                           <naa:StreetType codeName="?" codeListURI="?" codeListAgency="?" codeListName="?" codeListVersion="?">?</naa:StreetType>
                           <!--Optional:-->
                           <naa:Usage codeName="?" codeListURI="?" codeListAgency="?" codeListName="?" codeListVersion="?">?</naa:Usage>
                           <!--Optional:-->
                           <naa:UsagePeriod ref="?">
                              <!--Optional:-->
                              <naa:Complete Format="?">?</naa:Complete>
                              <!--Optional:-->
                              <naa:Description LanguageIdentifier="?" LanguageLocaleIdentifier="?">?</naa:Description>
                              <!--Optional:-->
                              <naa:Duration UnitCode="?">?</naa:Duration>
                              <!--Optional:-->
                              <naa:End Format="?">?</naa:End>
                              <naa:Identification identificationSchemeName="?" identificationSchemeURI="?" identificationSchemeVersion="?" identificationSchemeAgency="?">?</naa:Identification>
                              <!--Optional:-->
                              <naa:Inclusive Format="?">?</naa:Inclusive>
                              <!--Optional:-->
                              <naa:Name LanguageIdentifier="?" LanguageLocaleIdentifier="?">?</naa:Name>
                              <!--Optional:-->
                              <naa:Sequence identificationSchemeName="?" identificationSchemeURI="?" identificationSchemeVersion="?" identificationSchemeAgency="?">?</naa:Sequence>
                              <naa:Start Format="?">?</naa:Start>
                           </naa:UsagePeriod>
                        </naa:PhysicalAddress>
                        <!--Zero or more repetitions:-->
                        <naa:PostalAddress ref="?">
                           <!--Zero or more repetitions:-->
                           <naa:Address/>
                           <!--Optional:-->
                           <naa:BlockName LanguageIdentifier="?" LanguageLocaleIdentifier="?">?</naa:BlockName>
                           <!--Optional:-->
                           <naa:BuildingName LanguageIdentifier="?" LanguageLocaleIdentifier="?">?</naa:BuildingName>
                           <!--Optional:-->
                           <naa:BuildingNumber LanguageIdentifier="?" LanguageLocaleIdentifier="?">?</naa:BuildingNumber>
                           <!--Optional:-->
                           <naa:CityName LanguageIdentifier="?" LanguageLocaleIdentifier="?">?</naa:CityName>
                           <!--Optional:-->
                           <naa:Code codeName="?" codeListURI="?" codeListAgency="?" codeListName="?" codeListVersion="?">?</naa:Code>
                           <!--Optional:-->
                           <naa:CountryName codeName="?" codeListURI="?" codeListAgency="?" codeListName="?" codeListVersion="?">?</naa:CountryName>
                           <!--Optional:-->
                           <naa:CountrySubDivision codeName="?" codeListURI="?" codeListAgency="?" codeListName="?" codeListVersion="?">?</naa:CountrySubDivision>
                           <!--Zero or more repetitions:-->
                           <naa:Geocode ref="?">
                              <!--Optional:-->
                              <naa:AltimetricSystem codeName="?" codeListURI="?" codeListAgency="?" codeListName="?" codeListVersion="?">?</naa:AltimetricSystem>
                              <!--Optional:-->
                              <naa:Altitude Format="?">?</naa:Altitude>
                              <naa:Identification identificationSchemeName="?" identificationSchemeURI="?" identificationSchemeVersion="?" identificationSchemeAgency="?">?</naa:Identification>
                              <naa:Latitude Format="?">?</naa:Latitude>
                              <!--Optional:-->
                              <naa:LatitudeDirection codeName="?" codeListURI="?" codeListAgency="?" codeListName="?" codeListVersion="?">?</naa:LatitudeDirection>
                              <naa:Longitude Format="?">?</naa:Longitude>
                              <!--Optional:-->
                              <naa:LongitudeDirection codeName="?" codeListURI="?" codeListAgency="?" codeListName="?" codeListVersion="?">?</naa:LongitudeDirection>
                              <!--Optional:-->
                              <naa:System codeName="?" codeListURI="?" codeListAgency="?" codeListName="?" codeListVersion="?">?</naa:System>
                           </naa:Geocode>
                           <naa:Identification identificationSchemeName="?" identificationSchemeURI="?" identificationSchemeVersion="?" identificationSchemeAgency="?">?</naa:Identification>
                           <!--Optional:-->
                           <naa:LineFive LanguageIdentifier="?" LanguageLocaleIdentifier="?">?</naa:LineFive>
                           <!--Optional:-->
                           <naa:LineFour LanguageIdentifier="?" LanguageLocaleIdentifier="?">?</naa:LineFour>
                           <!--Optional:-->
                           <naa:LineOne LanguageIdentifier="?" LanguageLocaleIdentifier="?">?</naa:LineOne>
                           <!--Optional:-->
                           <naa:LineSix LanguageIdentifier="?" LanguageLocaleIdentifier="?">?</naa:LineSix>
                           <!--Optional:-->
                           <naa:LineThree LanguageIdentifier="?" LanguageLocaleIdentifier="?">?</naa:LineThree>
                           <!--Optional:-->
                           <naa:LineTwo LanguageIdentifier="?" LanguageLocaleIdentifier="?">?</naa:LineTwo>
                           <!--Optional:-->
                           <naa:PostOfficeBox LanguageIdentifier="?" LanguageLocaleIdentifier="?">?</naa:PostOfficeBox>
                           <!--Optional:-->
                           <naa:Postcode LanguageIdentifier="?" LanguageLocaleIdentifier="?">?</naa:Postcode>
                           <!--Optional:-->
                           <naa:StreetName LanguageIdentifier="?" LanguageLocaleIdentifier="?">?</naa:StreetName>
                           <!--Optional:-->
                           <naa:StreetSuffix codeName="?" codeListURI="?" codeListAgency="?" codeListName="?" codeListVersion="?">?</naa:StreetSuffix>
                           <!--Optional:-->
                           <naa:StreetType codeName="?" codeListURI="?" codeListAgency="?" codeListName="?" codeListVersion="?">?</naa:StreetType>
                           <!--Optional:-->
                           <naa:Usage codeName="?" codeListURI="?" codeListAgency="?" codeListName="?" codeListVersion="?">?</naa:Usage>
                           <!--Optional:-->
                           <naa:UsagePeriod ref="?">
                              <!--Optional:-->
                              <naa:Complete Format="?">?</naa:Complete>
                              <!--Optional:-->
                              <naa:Description LanguageIdentifier="?" LanguageLocaleIdentifier="?">?</naa:Description>
                              <!--Optional:-->
                              <naa:Duration UnitCode="?">?</naa:Duration>
                              <!--Optional:-->
                              <naa:End Format="?">?</naa:End>
                              <naa:Identification identificationSchemeName="?" identificationSchemeURI="?" identificationSchemeVersion="?" identificationSchemeAgency="?">?</naa:Identification>
                              <!--Optional:-->
                              <naa:Inclusive Format="?">?</naa:Inclusive>
                              <!--Optional:-->
                              <naa:Name LanguageIdentifier="?" LanguageLocaleIdentifier="?">?</naa:Name>
                              <!--Optional:-->
                              <naa:Sequence identificationSchemeName="?" identificationSchemeURI="?" identificationSchemeVersion="?" identificationSchemeAgency="?">?</naa:Sequence>
                              <naa:Start Format="?">?</naa:Start>
                           </naa:UsagePeriod>
                        </naa:PostalAddress>
                        <!--Zero or more repetitions:-->
                        <naa:Registration ref="?">
                           <!--Optional:-->
                           <naa:Category codeName="?" codeListURI="?" codeListAgency="?" codeListName="?" codeListVersion="?">?</naa:Category>
                           <!--Optional:-->
                           <naa:Country codeName="?" codeListURI="?" codeListAgency="?" codeListName="?" codeListVersion="?">?</naa:Country>
                           <naa:Identification identificationSchemeName="?" identificationSchemeURI="?" identificationSchemeVersion="?" identificationSchemeAgency="?">?</naa:Identification>
                           <!--Optional:-->
                           <naa:Licence identificationSchemeName="?" identificationSchemeURI="?" identificationSchemeVersion="?" identificationSchemeAgency="?">?</naa:Licence>
                           <!--Optional:-->
                           <naa:Recorded Format="?">?</naa:Recorded>
                           <!--Optional:-->
                           <naa:Type codeName="?" codeListURI="?" codeListAgency="?" codeListName="?" codeListVersion="?">?</naa:Type>
                           <!--Optional:-->
                           <naa:ValidityPeriod ref="?">
                              <!--Optional:-->
                              <naa:Complete Format="?">?</naa:Complete>
                              <!--Optional:-->
                              <naa:Description LanguageIdentifier="?" LanguageLocaleIdentifier="?">?</naa:Description>
                              <!--Optional:-->
                              <naa:Duration UnitCode="?">?</naa:Duration>
                              <!--Optional:-->
                              <naa:End Format="?">?</naa:End>
                              <naa:Identification identificationSchemeName="?" identificationSchemeURI="?" identificationSchemeVersion="?" identificationSchemeAgency="?">?</naa:Identification>
                              <!--Optional:-->
                              <naa:Inclusive Format="?">?</naa:Inclusive>
                              <!--Optional:-->
                              <naa:Name LanguageIdentifier="?" LanguageLocaleIdentifier="?">?</naa:Name>
                              <!--Optional:-->
                              <naa:Sequence identificationSchemeName="?" identificationSchemeURI="?" identificationSchemeVersion="?" identificationSchemeAgency="?">?</naa:Sequence>
                              <naa:Start Format="?">?</naa:Start>
                           </naa:ValidityPeriod>
                        </naa:Registration>
                        <!--Zero or more repetitions:-->
                        <naa:Status ref="?">
                           <naa:Code codeName="?" codeListURI="?" codeListAgency="?" codeListName="?" codeListVersion="?">?</naa:Code>
                           <!--Optional:-->
                           <naa:Description LanguageIdentifier="?" LanguageLocaleIdentifier="?">?</naa:Description>
                           <!--Optional:-->
                           <naa:ValidityPeriod ref="?">
                              <!--Optional:-->
                              <naa:Complete Format="?">?</naa:Complete>
                              <!--Optional:-->
                              <naa:Description LanguageIdentifier="?" LanguageLocaleIdentifier="?">?</naa:Description>
                              <!--Optional:-->
                              <naa:Duration UnitCode="?">?</naa:Duration>
                              <!--Optional:-->
                              <naa:End Format="?">?</naa:End>
                              <naa:Identification identificationSchemeName="?" identificationSchemeURI="?" identificationSchemeVersion="?" identificationSchemeAgency="?">?</naa:Identification>
                              <!--Optional:-->
                              <naa:Inclusive Format="?">?</naa:Inclusive>
                              <!--Optional:-->
                              <naa:Name LanguageIdentifier="?" LanguageLocaleIdentifier="?">?</naa:Name>
                              <!--Optional:-->
                              <naa:Sequence identificationSchemeName="?" identificationSchemeURI="?" identificationSchemeVersion="?" identificationSchemeAgency="?">?</naa:Sequence>
                              <naa:Start Format="?">?</naa:Start>
                           </naa:ValidityPeriod>
                        </naa:Status>
                        <!--Zero or more repetitions:-->
                        <naa:Telephone ref="?">
                           <!--Optional:-->
                           <naa:AreaCode codeName="?" codeListURI="?" codeListAgency="?" codeListName="?" codeListVersion="?">?</naa:AreaCode>
                           <!--Optional:-->
                           <naa:CountryCode codeName="?" codeListURI="?" codeListAgency="?" codeListName="?" codeListVersion="?">?</naa:CountryCode>
                           <!--Optional:-->
                           <naa:Extension LanguageIdentifier="?" LanguageLocaleIdentifier="?">?</naa:Extension>
                           <naa:Number identificationSchemeName="?" identificationSchemeURI="?" identificationSchemeVersion="?" identificationSchemeAgency="?">?</naa:Number>
                           <naa:Type codeName="?" codeListURI="?" codeListAgency="?" codeListName="?" codeListVersion="?">?</naa:Type>
                        </naa:Telephone>
                        <!--Optional:-->
                        <naa:Type codeName="?" codeListURI="?" codeListAgency="?" codeListName="?" codeListVersion="?">?</naa:Type>
                     </naa:Organisation>
                     <!--Optional:-->
                     <naa:Person ref="?">
                        <!--Optional:-->
                        <naa:Description LanguageIdentifier="?" LanguageLocaleIdentifier="?">?</naa:Description>
                        <naa:Identification identificationSchemeName="?" identificationSchemeURI="?" identificationSchemeVersion="?" identificationSchemeAgency="?">?</naa:Identification>
                        <!--Zero or more repetitions:-->
                        <naa:Internet ref="?">
                           <naa:Type codeName="?" codeListURI="?" codeListAgency="?" codeListName="?" codeListVersion="?">?</naa:Type>
                           <naa:URI>?</naa:URI>
                        </naa:Internet>
                        <!--1 or more repetitions:-->
                        <naa:PersonName ref="?">
                           <naa:Classification codeName="?" codeListURI="?" codeListAgency="?" codeListName="?" codeListVersion="?">?</naa:Classification>
                           <!--Optional:-->
                           <naa:FamilyName LanguageIdentifier="?" LanguageLocaleIdentifier="?">?</naa:FamilyName>
                           <!--Optional:-->
                           <naa:FamilyNamePrefix LanguageIdentifier="?" LanguageLocaleIdentifier="?">?</naa:FamilyNamePrefix>
                           <!--Optional:-->
                           <naa:GivenName LanguageIdentifier="?" LanguageLocaleIdentifier="?">?</naa:GivenName>
                           <!--Optional:-->
                           <naa:MiddleName LanguageIdentifier="?" LanguageLocaleIdentifier="?">?</naa:MiddleName>
                           <!--Optional:-->
                           <naa:Name LanguageIdentifier="?" LanguageLocaleIdentifier="?">?</naa:Name>
                           <!--Optional:-->
                           <naa:NameSuffix codeName="?" codeListURI="?" codeListAgency="?" codeListName="?" codeListVersion="?">?</naa:NameSuffix>
                           <!--Optional:-->
                           <naa:Salutation LanguageIdentifier="?" LanguageLocaleIdentifier="?">?</naa:Salutation>
                           <!--Optional:-->
                           <naa:Title codeName="?" codeListURI="?" codeListAgency="?" codeListName="?" codeListVersion="?">?</naa:Title>
                           <!--Optional:-->
                           <naa:ValidityPeriod ref="?">
                              <!--Optional:-->
                              <naa:Complete Format="?">?</naa:Complete>
                              <!--Optional:-->
                              <naa:Description LanguageIdentifier="?" LanguageLocaleIdentifier="?">?</naa:Description>
                              <!--Optional:-->
                              <naa:Duration UnitCode="?">?</naa:Duration>
                              <!--Optional:-->
                              <naa:End Format="?">?</naa:End>
                              <naa:Identification identificationSchemeName="?" identificationSchemeURI="?" identificationSchemeVersion="?" identificationSchemeAgency="?">?</naa:Identification>
                              <!--Optional:-->
                              <naa:Inclusive Format="?">?</naa:Inclusive>
                              <!--Optional:-->
                              <naa:Name LanguageIdentifier="?" LanguageLocaleIdentifier="?">?</naa:Name>
                              <!--Optional:-->
                              <naa:Sequence identificationSchemeName="?" identificationSchemeURI="?" identificationSchemeVersion="?" identificationSchemeAgency="?">?</naa:Sequence>
                              <naa:Start Format="?">?</naa:Start>
                           </naa:ValidityPeriod>
                        </naa:PersonName>
                        <!--Zero or more repetitions:-->
                        <naa:PostalAddress ref="?">
                           <!--Zero or more repetitions:-->
                           <naa:Address/>
                           <!--Optional:-->
                           <naa:BlockName LanguageIdentifier="?" LanguageLocaleIdentifier="?">?</naa:BlockName>
                           <!--Optional:-->
                           <naa:BuildingName LanguageIdentifier="?" LanguageLocaleIdentifier="?">?</naa:BuildingName>
                           <!--Optional:-->
                           <naa:BuildingNumber LanguageIdentifier="?" LanguageLocaleIdentifier="?">?</naa:BuildingNumber>
                           <!--Optional:-->
                           <naa:CityName LanguageIdentifier="?" LanguageLocaleIdentifier="?">?</naa:CityName>
                           <!--Optional:-->
                           <naa:Code codeName="?" codeListURI="?" codeListAgency="?" codeListName="?" codeListVersion="?">?</naa:Code>
                           <!--Optional:-->
                           <naa:CountryName codeName="?" codeListURI="?" codeListAgency="?" codeListName="?" codeListVersion="?">?</naa:CountryName>
                           <!--Optional:-->
                           <naa:CountrySubDivision codeName="?" codeListURI="?" codeListAgency="?" codeListName="?" codeListVersion="?">?</naa:CountrySubDivision>
                           <!--Zero or more repetitions:-->
                           <naa:Geocode ref="?">
                              <!--Optional:-->
                              <naa:AltimetricSystem codeName="?" codeListURI="?" codeListAgency="?" codeListName="?" codeListVersion="?">?</naa:AltimetricSystem>
                              <!--Optional:-->
                              <naa:Altitude Format="?">?</naa:Altitude>
                              <naa:Identification identificationSchemeName="?" identificationSchemeURI="?" identificationSchemeVersion="?" identificationSchemeAgency="?">?</naa:Identification>
                              <naa:Latitude Format="?">?</naa:Latitude>
                              <!--Optional:-->
                              <naa:LatitudeDirection codeName="?" codeListURI="?" codeListAgency="?" codeListName="?" codeListVersion="?">?</naa:LatitudeDirection>
                              <naa:Longitude Format="?">?</naa:Longitude>
                              <!--Optional:-->
                              <naa:LongitudeDirection codeName="?" codeListURI="?" codeListAgency="?" codeListName="?" codeListVersion="?">?</naa:LongitudeDirection>
                              <!--Optional:-->
                              <naa:System codeName="?" codeListURI="?" codeListAgency="?" codeListName="?" codeListVersion="?">?</naa:System>
                           </naa:Geocode>
                           <naa:Identification identificationSchemeName="?" identificationSchemeURI="?" identificationSchemeVersion="?" identificationSchemeAgency="?">?</naa:Identification>
                           <!--Optional:-->
                           <naa:LineFive LanguageIdentifier="?" LanguageLocaleIdentifier="?">?</naa:LineFive>
                           <!--Optional:-->
                           <naa:LineFour LanguageIdentifier="?" LanguageLocaleIdentifier="?">?</naa:LineFour>
                           <!--Optional:-->
                           <naa:LineOne LanguageIdentifier="?" LanguageLocaleIdentifier="?">?</naa:LineOne>
                           <!--Optional:-->
                           <naa:LineSix LanguageIdentifier="?" LanguageLocaleIdentifier="?">?</naa:LineSix>
                           <!--Optional:-->
                           <naa:LineThree LanguageIdentifier="?" LanguageLocaleIdentifier="?">?</naa:LineThree>
                           <!--Optional:-->
                           <naa:LineTwo LanguageIdentifier="?" LanguageLocaleIdentifier="?">?</naa:LineTwo>
                           <!--Optional:-->
                           <naa:PostOfficeBox LanguageIdentifier="?" LanguageLocaleIdentifier="?">?</naa:PostOfficeBox>
                           <!--Optional:-->
                           <naa:Postcode LanguageIdentifier="?" LanguageLocaleIdentifier="?">?</naa:Postcode>
                           <!--Optional:-->
                           <naa:StreetName LanguageIdentifier="?" LanguageLocaleIdentifier="?">?</naa:StreetName>
                           <!--Optional:-->
                           <naa:StreetSuffix codeName="?" codeListURI="?" codeListAgency="?" codeListName="?" codeListVersion="?">?</naa:StreetSuffix>
                           <!--Optional:-->
                           <naa:StreetType codeName="?" codeListURI="?" codeListAgency="?" codeListName="?" codeListVersion="?">?</naa:StreetType>
                           <!--Optional:-->
                           <naa:Usage codeName="?" codeListURI="?" codeListAgency="?" codeListName="?" codeListVersion="?">?</naa:Usage>
                           <!--Optional:-->
                           <naa:UsagePeriod ref="?">
                              <!--Optional:-->
                              <naa:Complete Format="?">?</naa:Complete>
                              <!--Optional:-->
                              <naa:Description LanguageIdentifier="?" LanguageLocaleIdentifier="?">?</naa:Description>
                              <!--Optional:-->
                              <naa:Duration UnitCode="?">?</naa:Duration>
                              <!--Optional:-->
                              <naa:End Format="?">?</naa:End>
                              <naa:Identification identificationSchemeName="?" identificationSchemeURI="?" identificationSchemeVersion="?" identificationSchemeAgency="?">?</naa:Identification>
                              <!--Optional:-->
                              <naa:Inclusive Format="?">?</naa:Inclusive>
                              <!--Optional:-->
                              <naa:Name LanguageIdentifier="?" LanguageLocaleIdentifier="?">?</naa:Name>
                              <!--Optional:-->
                              <naa:Sequence identificationSchemeName="?" identificationSchemeURI="?" identificationSchemeVersion="?" identificationSchemeAgency="?">?</naa:Sequence>
                              <naa:Start Format="?">?</naa:Start>
                           </naa:UsagePeriod>
                        </naa:PostalAddress>
                        <!--Zero or more repetitions:-->
                        <naa:Registration ref="?">
                           <!--Optional:-->
                           <naa:Category codeName="?" codeListURI="?" codeListAgency="?" codeListName="?" codeListVersion="?">?</naa:Category>
                           <!--Optional:-->
                           <naa:Country codeName="?" codeListURI="?" codeListAgency="?" codeListName="?" codeListVersion="?">?</naa:Country>
                           <naa:Identification identificationSchemeName="?" identificationSchemeURI="?" identificationSchemeVersion="?" identificationSchemeAgency="?">?</naa:Identification>
                           <!--Optional:-->
                           <naa:Licence identificationSchemeName="?" identificationSchemeURI="?" identificationSchemeVersion="?" identificationSchemeAgency="?">?</naa:Licence>
                           <!--Optional:-->
                           <naa:Recorded Format="?">?</naa:Recorded>
                           <!--Optional:-->
                           <naa:Type codeName="?" codeListURI="?" codeListAgency="?" codeListName="?" codeListVersion="?">?</naa:Type>
                           <!--Optional:-->
                           <naa:ValidityPeriod ref="?">
                              <!--Optional:-->
                              <naa:Complete Format="?">?</naa:Complete>
                              <!--Optional:-->
                              <naa:Description LanguageIdentifier="?" LanguageLocaleIdentifier="?">?</naa:Description>
                              <!--Optional:-->
                              <naa:Duration UnitCode="?">?</naa:Duration>
                              <!--Optional:-->
                              <naa:End Format="?">?</naa:End>
                              <naa:Identification identificationSchemeName="?" identificationSchemeURI="?" identificationSchemeVersion="?" identificationSchemeAgency="?">?</naa:Identification>
                              <!--Optional:-->
                              <naa:Inclusive Format="?">?</naa:Inclusive>
                              <!--Optional:-->
                              <naa:Name LanguageIdentifier="?" LanguageLocaleIdentifier="?">?</naa:Name>
                              <!--Optional:-->
                              <naa:Sequence identificationSchemeName="?" identificationSchemeURI="?" identificationSchemeVersion="?" identificationSchemeAgency="?">?</naa:Sequence>
                              <naa:Start Format="?">?</naa:Start>
                           </naa:ValidityPeriod>
                        </naa:Registration>
                        <!--Zero or more repetitions:-->
                        <naa:ResidentialAddress ref="?">
                           <!--Zero or more repetitions:-->
                           <naa:Address/>
                           <!--Optional:-->
                           <naa:BlockName LanguageIdentifier="?" LanguageLocaleIdentifier="?">?</naa:BlockName>
                           <!--Optional:-->
                           <naa:BuildingName LanguageIdentifier="?" LanguageLocaleIdentifier="?">?</naa:BuildingName>
                           <!--Optional:-->
                           <naa:BuildingNumber LanguageIdentifier="?" LanguageLocaleIdentifier="?">?</naa:BuildingNumber>
                           <!--Optional:-->
                           <naa:CityName LanguageIdentifier="?" LanguageLocaleIdentifier="?">?</naa:CityName>
                           <!--Optional:-->
                           <naa:Code codeName="?" codeListURI="?" codeListAgency="?" codeListName="?" codeListVersion="?">?</naa:Code>
                           <!--Optional:-->
                           <naa:CountryName codeName="?" codeListURI="?" codeListAgency="?" codeListName="?" codeListVersion="?">?</naa:CountryName>
                           <!--Optional:-->
                           <naa:CountrySubDivision codeName="?" codeListURI="?" codeListAgency="?" codeListName="?" codeListVersion="?">?</naa:CountrySubDivision>
                           <!--Zero or more repetitions:-->
                           <naa:Geocode ref="?">
                              <!--Optional:-->
                              <naa:AltimetricSystem codeName="?" codeListURI="?" codeListAgency="?" codeListName="?" codeListVersion="?">?</naa:AltimetricSystem>
                              <!--Optional:-->
                              <naa:Altitude Format="?">?</naa:Altitude>
                              <naa:Identification identificationSchemeName="?" identificationSchemeURI="?" identificationSchemeVersion="?" identificationSchemeAgency="?">?</naa:Identification>
                              <naa:Latitude Format="?">?</naa:Latitude>
                              <!--Optional:-->
                              <naa:LatitudeDirection codeName="?" codeListURI="?" codeListAgency="?" codeListName="?" codeListVersion="?">?</naa:LatitudeDirection>
                              <naa:Longitude Format="?">?</naa:Longitude>
                              <!--Optional:-->
                              <naa:LongitudeDirection codeName="?" codeListURI="?" codeListAgency="?" codeListName="?" codeListVersion="?">?</naa:LongitudeDirection>
                              <!--Optional:-->
                              <naa:System codeName="?" codeListURI="?" codeListAgency="?" codeListName="?" codeListVersion="?">?</naa:System>
                           </naa:Geocode>
                           <naa:Identification identificationSchemeName="?" identificationSchemeURI="?" identificationSchemeVersion="?" identificationSchemeAgency="?">?</naa:Identification>
                           <!--Optional:-->
                           <naa:LineFive LanguageIdentifier="?" LanguageLocaleIdentifier="?">?</naa:LineFive>
                           <!--Optional:-->
                           <naa:LineFour LanguageIdentifier="?" LanguageLocaleIdentifier="?">?</naa:LineFour>
                           <!--Optional:-->
                           <naa:LineOne LanguageIdentifier="?" LanguageLocaleIdentifier="?">?</naa:LineOne>
                           <!--Optional:-->
                           <naa:LineSix LanguageIdentifier="?" LanguageLocaleIdentifier="?">?</naa:LineSix>
                           <!--Optional:-->
                           <naa:LineThree LanguageIdentifier="?" LanguageLocaleIdentifier="?">?</naa:LineThree>
                           <!--Optional:-->
                           <naa:LineTwo LanguageIdentifier="?" LanguageLocaleIdentifier="?">?</naa:LineTwo>
                           <!--Optional:-->
                           <naa:PostOfficeBox LanguageIdentifier="?" LanguageLocaleIdentifier="?">?</naa:PostOfficeBox>
                           <!--Optional:-->
                           <naa:Postcode LanguageIdentifier="?" LanguageLocaleIdentifier="?">?</naa:Postcode>
                           <!--Optional:-->
                           <naa:StreetName LanguageIdentifier="?" LanguageLocaleIdentifier="?">?</naa:StreetName>
                           <!--Optional:-->
                           <naa:StreetSuffix codeName="?" codeListURI="?" codeListAgency="?" codeListName="?" codeListVersion="?">?</naa:StreetSuffix>
                           <!--Optional:-->
                           <naa:StreetType codeName="?" codeListURI="?" codeListAgency="?" codeListName="?" codeListVersion="?">?</naa:StreetType>
                           <!--Optional:-->
                           <naa:Usage codeName="?" codeListURI="?" codeListAgency="?" codeListName="?" codeListVersion="?">?</naa:Usage>
                           <!--Optional:-->
                           <naa:UsagePeriod ref="?">
                              <!--Optional:-->
                              <naa:Complete Format="?">?</naa:Complete>
                              <!--Optional:-->
                              <naa:Description LanguageIdentifier="?" LanguageLocaleIdentifier="?">?</naa:Description>
                              <!--Optional:-->
                              <naa:Duration UnitCode="?">?</naa:Duration>
                              <!--Optional:-->
                              <naa:End Format="?">?</naa:End>
                              <naa:Identification identificationSchemeName="?" identificationSchemeURI="?" identificationSchemeVersion="?" identificationSchemeAgency="?">?</naa:Identification>
                              <!--Optional:-->
                              <naa:Inclusive Format="?">?</naa:Inclusive>
                              <!--Optional:-->
                              <naa:Name LanguageIdentifier="?" LanguageLocaleIdentifier="?">?</naa:Name>
                              <!--Optional:-->
                              <naa:Sequence identificationSchemeName="?" identificationSchemeURI="?" identificationSchemeVersion="?" identificationSchemeAgency="?">?</naa:Sequence>
                              <naa:Start Format="?">?</naa:Start>
                           </naa:UsagePeriod>
                        </naa:ResidentialAddress>
                        <!--Zero or more repetitions:-->
                        <naa:Status ref="?">
                           <naa:Code codeName="?" codeListURI="?" codeListAgency="?" codeListName="?" codeListVersion="?">?</naa:Code>
                           <!--Optional:-->
                           <naa:Description LanguageIdentifier="?" LanguageLocaleIdentifier="?">?</naa:Description>
                           <!--Optional:-->
                           <naa:ValidityPeriod ref="?">
                              <!--Optional:-->
                              <naa:Complete Format="?">?</naa:Complete>
                              <!--Optional:-->
                              <naa:Description LanguageIdentifier="?" LanguageLocaleIdentifier="?">?</naa:Description>
                              <!--Optional:-->
                              <naa:Duration UnitCode="?">?</naa:Duration>
                              <!--Optional:-->
                              <naa:End Format="?">?</naa:End>
                              <naa:Identification identificationSchemeName="?" identificationSchemeURI="?" identificationSchemeVersion="?" identificationSchemeAgency="?">?</naa:Identification>
                              <!--Optional:-->
                              <naa:Inclusive Format="?">?</naa:Inclusive>
                              <!--Optional:-->
                              <naa:Name LanguageIdentifier="?" LanguageLocaleIdentifier="?">?</naa:Name>
                              <!--Optional:-->
                              <naa:Sequence identificationSchemeName="?" identificationSchemeURI="?" identificationSchemeVersion="?" identificationSchemeAgency="?">?</naa:Sequence>
                              <naa:Start Format="?">?</naa:Start>
                           </naa:ValidityPeriod>
                        </naa:Status>
                        <!--Zero or more repetitions:-->
                        <naa:Telephone ref="?">
                           <!--Optional:-->
                           <naa:AreaCode codeName="?" codeListURI="?" codeListAgency="?" codeListName="?" codeListVersion="?">?</naa:AreaCode>
                           <!--Optional:-->
                           <naa:CountryCode codeName="?" codeListURI="?" codeListAgency="?" codeListName="?" codeListVersion="?">?</naa:CountryCode>
                           <!--Optional:-->
                           <naa:Extension LanguageIdentifier="?" LanguageLocaleIdentifier="?">?</naa:Extension>
                           <naa:Number identificationSchemeName="?" identificationSchemeURI="?" identificationSchemeVersion="?" identificationSchemeAgency="?">?</naa:Number>
                           <naa:Type codeName="?" codeListURI="?" codeListAgency="?" codeListName="?" codeListVersion="?">?</naa:Type>
                        </naa:Telephone>
                     </naa:Person>
                     <naa:Identification identificationSchemeName="?" identificationSchemeURI="?" identificationSchemeVersion="?" identificationSchemeAgency="?">?</naa:Identification>
                     <!--Optional:-->
                     <naa:Language codeName="?" codeListURI="?" codeListAgency="?" codeListName="?" codeListVersion="?">?</naa:Language>
                     <naa:Name LanguageIdentifier="?" LanguageLocaleIdentifier="?">?</naa:Name>
                     <!--Optional:-->
                     <naa:Type LanguageIdentifier="?" LanguageLocaleIdentifier="?">?</naa:Type>
                  </da:Party>
                  <!--Optional:-->
                  <da:Type codeName="?" codeListURI="?" codeListAgency="?" codeListName="?" codeListVersion="?">?</da:Type>
               </da:PartyRole>
               <!--Zero or more repetitions:-->
               <da:Period ref="?">
                  <!--Optional:-->
                  <naa:Complete Format="?">?</naa:Complete>
                  <!--Optional:-->
                  <naa:Description LanguageIdentifier="?" LanguageLocaleIdentifier="?">?</naa:Description>
                  <!--Optional:-->
                  <naa:Duration UnitCode="?">?</naa:Duration>
                  <!--Optional:-->
                  <naa:End Format="?">?</naa:End>
                  <naa:Identification identificationSchemeName="?" identificationSchemeURI="?" identificationSchemeVersion="?" identificationSchemeAgency="?">?</naa:Identification>
                  <!--Optional:-->
                  <naa:Inclusive Format="?">?</naa:Inclusive>
                  <!--Optional:-->
                  <naa:Name LanguageIdentifier="?" LanguageLocaleIdentifier="?">?</naa:Name>
                  <!--Optional:-->
                  <naa:Sequence identificationSchemeName="?" identificationSchemeURI="?" identificationSchemeVersion="?" identificationSchemeAgency="?">?</naa:Sequence>
                  <naa:Start Format="?">?</naa:Start>
               </da:Period>
               <!--Zero or more repetitions:-->
               <da:PublicOpinion ref="?">
                  <!--Zero or more repetitions:-->
                  <da:Attachment ref="?">
                     <!--Zero or more repetitions:-->
                     <da:Contributor LanguageIdentifier="?" LanguageLocaleIdentifier="?">?</da:Contributor>
                     <!--Zero or more repetitions:-->
                     <da:Coverage LanguageIdentifier="?" LanguageLocaleIdentifier="?">?</da:Coverage>
                     <!--Zero or more repetitions:-->
                     <da:Creator LanguageIdentifier="?" LanguageLocaleIdentifier="?">?</da:Creator>
                     <!--Optional:-->
                     <da:Date Format="?">?</da:Date>
                     <!--Zero or more repetitions:-->
                     <da:Description LanguageIdentifier="?" LanguageLocaleIdentifier="?">?</da:Description>
                     <!--Optional:-->
                     <da:Format LanguageIdentifier="?" LanguageLocaleIdentifier="?">?</da:Format>
                     <da:Identification identificationSchemeName="?" identificationSchemeURI="?" identificationSchemeVersion="?" identificationSchemeAgency="?">?</da:Identification>
                     <!--Zero or more repetitions:-->
                     <da:Language LanguageIdentifier="?" LanguageLocaleIdentifier="?">?</da:Language>
                     <!--Zero or more repetitions:-->
                     <da:Publisher LanguageIdentifier="?" LanguageLocaleIdentifier="?">?</da:Publisher>
                     <!--Zero or more repetitions:-->
                     <da:Relation LanguageIdentifier="?" LanguageLocaleIdentifier="?">?</da:Relation>
                     <!--Zero or more repetitions:-->
                     <da:Rights LanguageIdentifier="?" LanguageLocaleIdentifier="?">?</da:Rights>
                     <!--Optional:-->
                     <da:Size UnitCode="?">?</da:Size>
                     <!--Zero or more repetitions:-->
                     <da:Source LanguageIdentifier="?" LanguageLocaleIdentifier="?">?</da:Source>
                     <!--Optional:-->
                     <da:Subject LanguageIdentifier="?" LanguageLocaleIdentifier="?">?</da:Subject>
                     <!--Optional:-->
                     <da:Title LanguageIdentifier="?" LanguageLocaleIdentifier="?">?</da:Title>
                     <!--Optional:-->
                     <da:Type LanguageIdentifier="?" LanguageLocaleIdentifier="?">?</da:Type>
                     <!--Optional:-->
                     <da:Version LanguageIdentifier="?" LanguageLocaleIdentifier="?">?</da:Version>
                     <!--You have a CHOICE of the next 2 items at this level-->
                     <!--Optional:-->
                     <da:Attachment Format="?" MimeCode="?" CharacterSetCode="?" EncodingCode="?" UniformResourceIdentifier="?" Filename="?">cid:932112708818</da:Attachment>
                     <!--Optional:-->
                     <da:URI>?</da:URI>
                  </da:Attachment>
                  <!--Optional:-->
                  <da:Comments LanguageIdentifier="?" LanguageLocaleIdentifier="?">?</da:Comments>
                  <da:Reported Format="?">?</da:Reported>
               </da:PublicOpinion>
               <da:Type codeName="?" codeListURI="?" codeListAgency="?" codeListName="?" codeListVersion="?">?</da:Type>
            </da:PublicNotificationObligation>
            <!--Zero or more repetitions:-->
            <da:ReasonDetails ref="?">
               <!--Optional:-->
               <da:DateTime Format="?">?</da:DateTime>
               <!--Optional:-->
               <da:Description LanguageIdentifier="?" LanguageLocaleIdentifier="?">?</da:Description>
               <da:ReasonCode codeName="?" codeListURI="?" codeListAgency="?" codeListName="?" codeListVersion="?">?</da:ReasonCode>
               <!--Zero or more repetitions:-->
               <da:ReasonText LanguageIdentifier="?" LanguageLocaleIdentifier="?">?</da:ReasonText>
            </da:ReasonDetails>
            <!--Zero or more repetitions:-->
            <da:ReferencedApplication ref="?">
               <da:ApplicationNumber identificationSchemeName="?" identificationSchemeURI="?" identificationSchemeVersion="?" identificationSchemeAgency="?">?</da:ApplicationNumber>
               <!--Optional:-->
               <da:Type codeName="?" codeListURI="?" codeListAgency="?" codeListName="?" codeListVersion="?">?</da:Type>
            </da:ReferencedApplication>
            <!--Zero or more repetitions:-->
            <da:ReferralObligation ref="?">
               <!--Optional:-->
               <da:Classification codeName="?" codeListURI="?" codeListAgency="?" codeListName="?" codeListVersion="?">?</da:Classification>
               <!--Optional:-->
               <da:ComplianceDate Format="?">?</da:ComplianceDate>
               <!--Zero or more repetitions:-->
               <da:Description LanguageIdentifier="?" LanguageLocaleIdentifier="?">?</da:Description>
               <da:Identification identificationSchemeName="?" identificationSchemeURI="?" identificationSchemeVersion="?" identificationSchemeAgency="?">?</da:Identification>
               <!--Zero or more repetitions:-->
               <da:Period ref="?">
                  <!--Optional:-->
                  <naa:Complete Format="?">?</naa:Complete>
                  <!--Optional:-->
                  <naa:Description LanguageIdentifier="?" LanguageLocaleIdentifier="?">?</naa:Description>
                  <!--Optional:-->
                  <naa:Duration UnitCode="?">?</naa:Duration>
                  <!--Optional:-->
                  <naa:End Format="?">?</naa:End>
                  <naa:Identification identificationSchemeName="?" identificationSchemeURI="?" identificationSchemeVersion="?" identificationSchemeAgency="?">?</naa:Identification>
                  <!--Optional:-->
                  <naa:Inclusive Format="?">?</naa:Inclusive>
                  <!--Optional:-->
                  <naa:Name LanguageIdentifier="?" LanguageLocaleIdentifier="?">?</naa:Name>
                  <!--Optional:-->
                  <naa:Sequence identificationSchemeName="?" identificationSchemeURI="?" identificationSchemeVersion="?" identificationSchemeAgency="?">?</naa:Sequence>
                  <naa:Start Format="?">?</naa:Start>
               </da:Period>
               <!--Zero or more repetitions:-->
               <da:ReferralAuthorityPartyRole ref="?">
                  <!--Optional:-->
                  <da:DateTime Format="?">?</da:DateTime>
                  <!--1 or more repetitions:-->
                  <da:Party ref="?">
                     <!--Optional:-->
                     <naa:AccessRights codeName="?" codeListURI="?" codeListAgency="?" codeListName="?" codeListVersion="?">?</naa:AccessRights>
                     <!--Optional:-->
                     <naa:Description LanguageIdentifier="?" LanguageLocaleIdentifier="?">?</naa:Description>
                     <!--You have a CHOICE of the next 2 items at this level-->
                     <!--Optional:-->
                     <naa:Organisation ref="?">
                        <!--Zero or more repetitions:-->
                        <naa:Contact ref="?">
                           <!--Optional:-->
                           <naa:DepartmentName LanguageIdentifier="?" LanguageLocaleIdentifier="?">?</naa:DepartmentName>
                           <!--Optional:-->
                           <naa:Description LanguageIdentifier="?" LanguageLocaleIdentifier="?">?</naa:Description>
                           <naa:Identification identificationSchemeName="?" identificationSchemeURI="?" identificationSchemeVersion="?" identificationSchemeAgency="?">?</naa:Identification>
                           <!--Zero or more repetitions:-->
                           <naa:Internet ref="?">
                              <naa:Type codeName="?" codeListURI="?" codeListAgency="?" codeListName="?" codeListVersion="?">?</naa:Type>
                              <naa:URI>?</naa:URI>
                           </naa:Internet>
                           <!--Optional:-->
                           <naa:IsPrimary Format="?">?</naa:IsPrimary>
                           <!--Optional:-->
                           <naa:JobTitle LanguageIdentifier="?" LanguageLocaleIdentifier="?">?</naa:JobTitle>
                           <!--Optional:-->
                           <naa:PersonName ref="?">
                              <naa:Classification codeName="?" codeListURI="?" codeListAgency="?" codeListName="?" codeListVersion="?">?</naa:Classification>
                              <!--Optional:-->
                              <naa:FamilyName LanguageIdentifier="?" LanguageLocaleIdentifier="?">?</naa:FamilyName>
                              <!--Optional:-->
                              <naa:FamilyNamePrefix LanguageIdentifier="?" LanguageLocaleIdentifier="?">?</naa:FamilyNamePrefix>
                              <!--Optional:-->
                              <naa:GivenName LanguageIdentifier="?" LanguageLocaleIdentifier="?">?</naa:GivenName>
                              <!--Optional:-->
                              <naa:MiddleName LanguageIdentifier="?" LanguageLocaleIdentifier="?">?</naa:MiddleName>
                              <!--Optional:-->
                              <naa:Name LanguageIdentifier="?" LanguageLocaleIdentifier="?">?</naa:Name>
                              <!--Optional:-->
                              <naa:NameSuffix codeName="?" codeListURI="?" codeListAgency="?" codeListName="?" codeListVersion="?">?</naa:NameSuffix>
                              <!--Optional:-->
                              <naa:Salutation LanguageIdentifier="?" LanguageLocaleIdentifier="?">?</naa:Salutation>
                              <!--Optional:-->
                              <naa:Title codeName="?" codeListURI="?" codeListAgency="?" codeListName="?" codeListVersion="?">?</naa:Title>
                              <!--Optional:-->
                              <naa:ValidityPeriod ref="?">
                                 <!--Optional:-->
                                 <naa:Complete Format="?">?</naa:Complete>
                                 <!--Optional:-->
                                 <naa:Description LanguageIdentifier="?" LanguageLocaleIdentifier="?">?</naa:Description>
                                 <!--Optional:-->
                                 <naa:Duration UnitCode="?">?</naa:Duration>
                                 <!--Optional:-->
                                 <naa:End Format="?">?</naa:End>
                                 <naa:Identification identificationSchemeName="?" identificationSchemeURI="?" identificationSchemeVersion="?" identificationSchemeAgency="?">?</naa:Identification>
                                 <!--Optional:-->
                                 <naa:Inclusive Format="?">?</naa:Inclusive>
                                 <!--Optional:-->
                                 <naa:Name LanguageIdentifier="?" LanguageLocaleIdentifier="?">?</naa:Name>
                                 <!--Optional:-->
                                 <naa:Sequence identificationSchemeName="?" identificationSchemeURI="?" identificationSchemeVersion="?" identificationSchemeAgency="?">?</naa:Sequence>
                                 <naa:Start Format="?">?</naa:Start>
                              </naa:ValidityPeriod>
                           </naa:PersonName>
                           <!--Optional:-->
                           <naa:Responsibility LanguageIdentifier="?" LanguageLocaleIdentifier="?">?</naa:Responsibility>
                           <!--Zero or more repetitions:-->
                           <naa:Telephone ref="?">
                              <!--Optional:-->
                              <naa:AreaCode codeName="?" codeListURI="?" codeListAgency="?" codeListName="?" codeListVersion="?">?</naa:AreaCode>
                              <!--Optional:-->
                              <naa:CountryCode codeName="?" codeListURI="?" codeListAgency="?" codeListName="?" codeListVersion="?">?</naa:CountryCode>
                              <!--Optional:-->
                              <naa:Extension LanguageIdentifier="?" LanguageLocaleIdentifier="?">?</naa:Extension>
                              <naa:Number identificationSchemeName="?" identificationSchemeURI="?" identificationSchemeVersion="?" identificationSchemeAgency="?">?</naa:Number>
                              <naa:Type codeName="?" codeListURI="?" codeListAgency="?" codeListName="?" codeListVersion="?">?</naa:Type>
                           </naa:Telephone>
                           <!--Optional:-->
                           <naa:Type codeName="?" codeListURI="?" codeListAgency="?" codeListName="?" codeListVersion="?">?</naa:Type>
                        </naa:Contact>
                        <!--Optional:-->
                        <naa:Description LanguageIdentifier="?" LanguageLocaleIdentifier="?">?</naa:Description>
                        <naa:Identification identificationSchemeName="?" identificationSchemeURI="?" identificationSchemeVersion="?" identificationSchemeAgency="?">?</naa:Identification>
                        <!--Optional:-->
                        <naa:IndustryClassification codeName="?" codeListURI="?" codeListAgency="?" codeListName="?" codeListVersion="?">?</naa:IndustryClassification>
                        <!--Zero or more repetitions:-->
                        <naa:Internet ref="?">
                           <naa:Type codeName="?" codeListURI="?" codeListAgency="?" codeListName="?" codeListVersion="?">?</naa:Type>
                           <naa:URI>?</naa:URI>
                        </naa:Internet>
                        <!--Optional:-->
                        <naa:IsActive Format="?">?</naa:IsActive>
                        <!--Optional:-->
                        <naa:LegalClassification codeName="?" codeListURI="?" codeListAgency="?" codeListName="?" codeListVersion="?">?</naa:LegalClassification>
                        <!--Zero or more repetitions:-->
                        <naa:Organisation/>
                        <!--1 or more repetitions:-->
                        <naa:OrganisationName ref="?">
                           <naa:Classification codeName="?" codeListURI="?" codeListAgency="?" codeListName="?" codeListVersion="?">?</naa:Classification>
                           <naa:Name LanguageIdentifier="?" LanguageLocaleIdentifier="?">?</naa:Name>
                           <!--Optional:-->
                           <naa:ValidityPeriod ref="?">
                              <!--Optional:-->
                              <naa:Complete Format="?">?</naa:Complete>
                              <!--Optional:-->
                              <naa:Description LanguageIdentifier="?" LanguageLocaleIdentifier="?">?</naa:Description>
                              <!--Optional:-->
                              <naa:Duration UnitCode="?">?</naa:Duration>
                              <!--Optional:-->
                              <naa:End Format="?">?</naa:End>
                              <naa:Identification identificationSchemeName="?" identificationSchemeURI="?" identificationSchemeVersion="?" identificationSchemeAgency="?">?</naa:Identification>
                              <!--Optional:-->
                              <naa:Inclusive Format="?">?</naa:Inclusive>
                              <!--Optional:-->
                              <naa:Name LanguageIdentifier="?" LanguageLocaleIdentifier="?">?</naa:Name>
                              <!--Optional:-->
                              <naa:Sequence identificationSchemeName="?" identificationSchemeURI="?" identificationSchemeVersion="?" identificationSchemeAgency="?">?</naa:Sequence>
                              <naa:Start Format="?">?</naa:Start>
                           </naa:ValidityPeriod>
                        </naa:OrganisationName>
                        <!--Zero or more repetitions:-->
                        <naa:PhysicalAddress ref="?">
                           <!--Zero or more repetitions:-->
                           <naa:Address/>
                           <!--Optional:-->
                           <naa:BlockName LanguageIdentifier="?" LanguageLocaleIdentifier="?">?</naa:BlockName>
                           <!--Optional:-->
                           <naa:BuildingName LanguageIdentifier="?" LanguageLocaleIdentifier="?">?</naa:BuildingName>
                           <!--Optional:-->
                           <naa:BuildingNumber LanguageIdentifier="?" LanguageLocaleIdentifier="?">?</naa:BuildingNumber>
                           <!--Optional:-->
                           <naa:CityName LanguageIdentifier="?" LanguageLocaleIdentifier="?">?</naa:CityName>
                           <!--Optional:-->
                           <naa:Code codeName="?" codeListURI="?" codeListAgency="?" codeListName="?" codeListVersion="?">?</naa:Code>
                           <!--Optional:-->
                           <naa:CountryName codeName="?" codeListURI="?" codeListAgency="?" codeListName="?" codeListVersion="?">?</naa:CountryName>
                           <!--Optional:-->
                           <naa:CountrySubDivision codeName="?" codeListURI="?" codeListAgency="?" codeListName="?" codeListVersion="?">?</naa:CountrySubDivision>
                           <!--Zero or more repetitions:-->
                           <naa:Geocode ref="?">
                              <!--Optional:-->
                              <naa:AltimetricSystem codeName="?" codeListURI="?" codeListAgency="?" codeListName="?" codeListVersion="?">?</naa:AltimetricSystem>
                              <!--Optional:-->
                              <naa:Altitude Format="?">?</naa:Altitude>
                              <naa:Identification identificationSchemeName="?" identificationSchemeURI="?" identificationSchemeVersion="?" identificationSchemeAgency="?">?</naa:Identification>
                              <naa:Latitude Format="?">?</naa:Latitude>
                              <!--Optional:-->
                              <naa:LatitudeDirection codeName="?" codeListURI="?" codeListAgency="?" codeListName="?" codeListVersion="?">?</naa:LatitudeDirection>
                              <naa:Longitude Format="?">?</naa:Longitude>
                              <!--Optional:-->
                              <naa:LongitudeDirection codeName="?" codeListURI="?" codeListAgency="?" codeListName="?" codeListVersion="?">?</naa:LongitudeDirection>
                              <!--Optional:-->
                              <naa:System codeName="?" codeListURI="?" codeListAgency="?" codeListName="?" codeListVersion="?">?</naa:System>
                           </naa:Geocode>
                           <naa:Identification identificationSchemeName="?" identificationSchemeURI="?" identificationSchemeVersion="?" identificationSchemeAgency="?">?</naa:Identification>
                           <!--Optional:-->
                           <naa:LineFive LanguageIdentifier="?" LanguageLocaleIdentifier="?">?</naa:LineFive>
                           <!--Optional:-->
                           <naa:LineFour LanguageIdentifier="?" LanguageLocaleIdentifier="?">?</naa:LineFour>
                           <!--Optional:-->
                           <naa:LineOne LanguageIdentifier="?" LanguageLocaleIdentifier="?">?</naa:LineOne>
                           <!--Optional:-->
                           <naa:LineSix LanguageIdentifier="?" LanguageLocaleIdentifier="?">?</naa:LineSix>
                           <!--Optional:-->
                           <naa:LineThree LanguageIdentifier="?" LanguageLocaleIdentifier="?">?</naa:LineThree>
                           <!--Optional:-->
                           <naa:LineTwo LanguageIdentifier="?" LanguageLocaleIdentifier="?">?</naa:LineTwo>
                           <!--Optional:-->
                           <naa:PostOfficeBox LanguageIdentifier="?" LanguageLocaleIdentifier="?">?</naa:PostOfficeBox>
                           <!--Optional:-->
                           <naa:Postcode LanguageIdentifier="?" LanguageLocaleIdentifier="?">?</naa:Postcode>
                           <!--Optional:-->
                           <naa:StreetName LanguageIdentifier="?" LanguageLocaleIdentifier="?">?</naa:StreetName>
                           <!--Optional:-->
                           <naa:StreetSuffix codeName="?" codeListURI="?" codeListAgency="?" codeListName="?" codeListVersion="?">?</naa:StreetSuffix>
                           <!--Optional:-->
                           <naa:StreetType codeName="?" codeListURI="?" codeListAgency="?" codeListName="?" codeListVersion="?">?</naa:StreetType>
                           <!--Optional:-->
                           <naa:Usage codeName="?" codeListURI="?" codeListAgency="?" codeListName="?" codeListVersion="?">?</naa:Usage>
                           <!--Optional:-->
                           <naa:UsagePeriod ref="?">
                              <!--Optional:-->
                              <naa:Complete Format="?">?</naa:Complete>
                              <!--Optional:-->
                              <naa:Description LanguageIdentifier="?" LanguageLocaleIdentifier="?">?</naa:Description>
                              <!--Optional:-->
                              <naa:Duration UnitCode="?">?</naa:Duration>
                              <!--Optional:-->
                              <naa:End Format="?">?</naa:End>
                              <naa:Identification identificationSchemeName="?" identificationSchemeURI="?" identificationSchemeVersion="?" identificationSchemeAgency="?">?</naa:Identification>
                              <!--Optional:-->
                              <naa:Inclusive Format="?">?</naa:Inclusive>
                              <!--Optional:-->
                              <naa:Name LanguageIdentifier="?" LanguageLocaleIdentifier="?">?</naa:Name>
                              <!--Optional:-->
                              <naa:Sequence identificationSchemeName="?" identificationSchemeURI="?" identificationSchemeVersion="?" identificationSchemeAgency="?">?</naa:Sequence>
                              <naa:Start Format="?">?</naa:Start>
                           </naa:UsagePeriod>
                        </naa:PhysicalAddress>
                        <!--Zero or more repetitions:-->
                        <naa:PostalAddress ref="?">
                           <!--Zero or more repetitions:-->
                           <naa:Address/>
                           <!--Optional:-->
                           <naa:BlockName LanguageIdentifier="?" LanguageLocaleIdentifier="?">?</naa:BlockName>
                           <!--Optional:-->
                           <naa:BuildingName LanguageIdentifier="?" LanguageLocaleIdentifier="?">?</naa:BuildingName>
                           <!--Optional:-->
                           <naa:BuildingNumber LanguageIdentifier="?" LanguageLocaleIdentifier="?">?</naa:BuildingNumber>
                           <!--Optional:-->
                           <naa:CityName LanguageIdentifier="?" LanguageLocaleIdentifier="?">?</naa:CityName>
                           <!--Optional:-->
                           <naa:Code codeName="?" codeListURI="?" codeListAgency="?" codeListName="?" codeListVersion="?">?</naa:Code>
                           <!--Optional:-->
                           <naa:CountryName codeName="?" codeListURI="?" codeListAgency="?" codeListName="?" codeListVersion="?">?</naa:CountryName>
                           <!--Optional:-->
                           <naa:CountrySubDivision codeName="?" codeListURI="?" codeListAgency="?" codeListName="?" codeListVersion="?">?</naa:CountrySubDivision>
                           <!--Zero or more repetitions:-->
                           <naa:Geocode ref="?">
                              <!--Optional:-->
                              <naa:AltimetricSystem codeName="?" codeListURI="?" codeListAgency="?" codeListName="?" codeListVersion="?">?</naa:AltimetricSystem>
                              <!--Optional:-->
                              <naa:Altitude Format="?">?</naa:Altitude>
                              <naa:Identification identificationSchemeName="?" identificationSchemeURI="?" identificationSchemeVersion="?" identificationSchemeAgency="?">?</naa:Identification>
                              <naa:Latitude Format="?">?</naa:Latitude>
                              <!--Optional:-->
                              <naa:LatitudeDirection codeName="?" codeListURI="?" codeListAgency="?" codeListName="?" codeListVersion="?">?</naa:LatitudeDirection>
                              <naa:Longitude Format="?">?</naa:Longitude>
                              <!--Optional:-->
                              <naa:LongitudeDirection codeName="?" codeListURI="?" codeListAgency="?" codeListName="?" codeListVersion="?">?</naa:LongitudeDirection>
                              <!--Optional:-->
                              <naa:System codeName="?" codeListURI="?" codeListAgency="?" codeListName="?" codeListVersion="?">?</naa:System>
                           </naa:Geocode>
                           <naa:Identification identificationSchemeName="?" identificationSchemeURI="?" identificationSchemeVersion="?" identificationSchemeAgency="?">?</naa:Identification>
                           <!--Optional:-->
                           <naa:LineFive LanguageIdentifier="?" LanguageLocaleIdentifier="?">?</naa:LineFive>
                           <!--Optional:-->
                           <naa:LineFour LanguageIdentifier="?" LanguageLocaleIdentifier="?">?</naa:LineFour>
                           <!--Optional:-->
                           <naa:LineOne LanguageIdentifier="?" LanguageLocaleIdentifier="?">?</naa:LineOne>
                           <!--Optional:-->
                           <naa:LineSix LanguageIdentifier="?" LanguageLocaleIdentifier="?">?</naa:LineSix>
                           <!--Optional:-->
                           <naa:LineThree LanguageIdentifier="?" LanguageLocaleIdentifier="?">?</naa:LineThree>
                           <!--Optional:-->
                           <naa:LineTwo LanguageIdentifier="?" LanguageLocaleIdentifier="?">?</naa:LineTwo>
                           <!--Optional:-->
                           <naa:PostOfficeBox LanguageIdentifier="?" LanguageLocaleIdentifier="?">?</naa:PostOfficeBox>
                           <!--Optional:-->
                           <naa:Postcode LanguageIdentifier="?" LanguageLocaleIdentifier="?">?</naa:Postcode>
                           <!--Optional:-->
                           <naa:StreetName LanguageIdentifier="?" LanguageLocaleIdentifier="?">?</naa:StreetName>
                           <!--Optional:-->
                           <naa:StreetSuffix codeName="?" codeListURI="?" codeListAgency="?" codeListName="?" codeListVersion="?">?</naa:StreetSuffix>
                           <!--Optional:-->
                           <naa:StreetType codeName="?" codeListURI="?" codeListAgency="?" codeListName="?" codeListVersion="?">?</naa:StreetType>
                           <!--Optional:-->
                           <naa:Usage codeName="?" codeListURI="?" codeListAgency="?" codeListName="?" codeListVersion="?">?</naa:Usage>
                           <!--Optional:-->
                           <naa:UsagePeriod ref="?">
                              <!--Optional:-->
                              <naa:Complete Format="?">?</naa:Complete>
                              <!--Optional:-->
                              <naa:Description LanguageIdentifier="?" LanguageLocaleIdentifier="?">?</naa:Description>
                              <!--Optional:-->
                              <naa:Duration UnitCode="?">?</naa:Duration>
                              <!--Optional:-->
                              <naa:End Format="?">?</naa:End>
                              <naa:Identification identificationSchemeName="?" identificationSchemeURI="?" identificationSchemeVersion="?" identificationSchemeAgency="?">?</naa:Identification>
                              <!--Optional:-->
                              <naa:Inclusive Format="?">?</naa:Inclusive>
                              <!--Optional:-->
                              <naa:Name LanguageIdentifier="?" LanguageLocaleIdentifier="?">?</naa:Name>
                              <!--Optional:-->
                              <naa:Sequence identificationSchemeName="?" identificationSchemeURI="?" identificationSchemeVersion="?" identificationSchemeAgency="?">?</naa:Sequence>
                              <naa:Start Format="?">?</naa:Start>
                           </naa:UsagePeriod>
                        </naa:PostalAddress>
                        <!--Zero or more repetitions:-->
                        <naa:Registration ref="?">
                           <!--Optional:-->
                           <naa:Category codeName="?" codeListURI="?" codeListAgency="?" codeListName="?" codeListVersion="?">?</naa:Category>
                           <!--Optional:-->
                           <naa:Country codeName="?" codeListURI="?" codeListAgency="?" codeListName="?" codeListVersion="?">?</naa:Country>
                           <naa:Identification identificationSchemeName="?" identificationSchemeURI="?" identificationSchemeVersion="?" identificationSchemeAgency="?">?</naa:Identification>
                           <!--Optional:-->
                           <naa:Licence identificationSchemeName="?" identificationSchemeURI="?" identificationSchemeVersion="?" identificationSchemeAgency="?">?</naa:Licence>
                           <!--Optional:-->
                           <naa:Recorded Format="?">?</naa:Recorded>
                           <!--Optional:-->
                           <naa:Type codeName="?" codeListURI="?" codeListAgency="?" codeListName="?" codeListVersion="?">?</naa:Type>
                           <!--Optional:-->
                           <naa:ValidityPeriod ref="?">
                              <!--Optional:-->
                              <naa:Complete Format="?">?</naa:Complete>
                              <!--Optional:-->
                              <naa:Description LanguageIdentifier="?" LanguageLocaleIdentifier="?">?</naa:Description>
                              <!--Optional:-->
                              <naa:Duration UnitCode="?">?</naa:Duration>
                              <!--Optional:-->
                              <naa:End Format="?">?</naa:End>
                              <naa:Identification identificationSchemeName="?" identificationSchemeURI="?" identificationSchemeVersion="?" identificationSchemeAgency="?">?</naa:Identification>
                              <!--Optional:-->
                              <naa:Inclusive Format="?">?</naa:Inclusive>
                              <!--Optional:-->
                              <naa:Name LanguageIdentifier="?" LanguageLocaleIdentifier="?">?</naa:Name>
                              <!--Optional:-->
                              <naa:Sequence identificationSchemeName="?" identificationSchemeURI="?" identificationSchemeVersion="?" identificationSchemeAgency="?">?</naa:Sequence>
                              <naa:Start Format="?">?</naa:Start>
                           </naa:ValidityPeriod>
                        </naa:Registration>
                        <!--Zero or more repetitions:-->
                        <naa:Status ref="?">
                           <naa:Code codeName="?" codeListURI="?" codeListAgency="?" codeListName="?" codeListVersion="?">?</naa:Code>
                           <!--Optional:-->
                           <naa:Description LanguageIdentifier="?" LanguageLocaleIdentifier="?">?</naa:Description>
                           <!--Optional:-->
                           <naa:ValidityPeriod ref="?">
                              <!--Optional:-->
                              <naa:Complete Format="?">?</naa:Complete>
                              <!--Optional:-->
                              <naa:Description LanguageIdentifier="?" LanguageLocaleIdentifier="?">?</naa:Description>
                              <!--Optional:-->
                              <naa:Duration UnitCode="?">?</naa:Duration>
                              <!--Optional:-->
                              <naa:End Format="?">?</naa:End>
                              <naa:Identification identificationSchemeName="?" identificationSchemeURI="?" identificationSchemeVersion="?" identificationSchemeAgency="?">?</naa:Identification>
                              <!--Optional:-->
                              <naa:Inclusive Format="?">?</naa:Inclusive>
                              <!--Optional:-->
                              <naa:Name LanguageIdentifier="?" LanguageLocaleIdentifier="?">?</naa:Name>
                              <!--Optional:-->
                              <naa:Sequence identificationSchemeName="?" identificationSchemeURI="?" identificationSchemeVersion="?" identificationSchemeAgency="?">?</naa:Sequence>
                              <naa:Start Format="?">?</naa:Start>
                           </naa:ValidityPeriod>
                        </naa:Status>
                        <!--Zero or more repetitions:-->
                        <naa:Telephone ref="?">
                           <!--Optional:-->
                           <naa:AreaCode codeName="?" codeListURI="?" codeListAgency="?" codeListName="?" codeListVersion="?">?</naa:AreaCode>
                           <!--Optional:-->
                           <naa:CountryCode codeName="?" codeListURI="?" codeListAgency="?" codeListName="?" codeListVersion="?">?</naa:CountryCode>
                           <!--Optional:-->
                           <naa:Extension LanguageIdentifier="?" LanguageLocaleIdentifier="?">?</naa:Extension>
                           <naa:Number identificationSchemeName="?" identificationSchemeURI="?" identificationSchemeVersion="?" identificationSchemeAgency="?">?</naa:Number>
                           <naa:Type codeName="?" codeListURI="?" codeListAgency="?" codeListName="?" codeListVersion="?">?</naa:Type>
                        </naa:Telephone>
                        <!--Optional:-->
                        <naa:Type codeName="?" codeListURI="?" codeListAgency="?" codeListName="?" codeListVersion="?">?</naa:Type>
                     </naa:Organisation>
                     <!--Optional:-->
                     <naa:Person ref="?">
                        <!--Optional:-->
                        <naa:Description LanguageIdentifier="?" LanguageLocaleIdentifier="?">?</naa:Description>
                        <naa:Identification identificationSchemeName="?" identificationSchemeURI="?" identificationSchemeVersion="?" identificationSchemeAgency="?">?</naa:Identification>
                        <!--Zero or more repetitions:-->
                        <naa:Internet ref="?">
                           <naa:Type codeName="?" codeListURI="?" codeListAgency="?" codeListName="?" codeListVersion="?">?</naa:Type>
                           <naa:URI>?</naa:URI>
                        </naa:Internet>
                        <!--1 or more repetitions:-->
                        <naa:PersonName ref="?">
                           <naa:Classification codeName="?" codeListURI="?" codeListAgency="?" codeListName="?" codeListVersion="?">?</naa:Classification>
                           <!--Optional:-->
                           <naa:FamilyName LanguageIdentifier="?" LanguageLocaleIdentifier="?">?</naa:FamilyName>
                           <!--Optional:-->
                           <naa:FamilyNamePrefix LanguageIdentifier="?" LanguageLocaleIdentifier="?">?</naa:FamilyNamePrefix>
                           <!--Optional:-->
                           <naa:GivenName LanguageIdentifier="?" LanguageLocaleIdentifier="?">?</naa:GivenName>
                           <!--Optional:-->
                           <naa:MiddleName LanguageIdentifier="?" LanguageLocaleIdentifier="?">?</naa:MiddleName>
                           <!--Optional:-->
                           <naa:Name LanguageIdentifier="?" LanguageLocaleIdentifier="?">?</naa:Name>
                           <!--Optional:-->
                           <naa:NameSuffix codeName="?" codeListURI="?" codeListAgency="?" codeListName="?" codeListVersion="?">?</naa:NameSuffix>
                           <!--Optional:-->
                           <naa:Salutation LanguageIdentifier="?" LanguageLocaleIdentifier="?">?</naa:Salutation>
                           <!--Optional:-->
                           <naa:Title codeName="?" codeListURI="?" codeListAgency="?" codeListName="?" codeListVersion="?">?</naa:Title>
                           <!--Optional:-->
                           <naa:ValidityPeriod ref="?">
                              <!--Optional:-->
                              <naa:Complete Format="?">?</naa:Complete>
                              <!--Optional:-->
                              <naa:Description LanguageIdentifier="?" LanguageLocaleIdentifier="?">?</naa:Description>
                              <!--Optional:-->
                              <naa:Duration UnitCode="?">?</naa:Duration>
                              <!--Optional:-->
                              <naa:End Format="?">?</naa:End>
                              <naa:Identification identificationSchemeName="?" identificationSchemeURI="?" identificationSchemeVersion="?" identificationSchemeAgency="?">?</naa:Identification>
                              <!--Optional:-->
                              <naa:Inclusive Format="?">?</naa:Inclusive>
                              <!--Optional:-->
                              <naa:Name LanguageIdentifier="?" LanguageLocaleIdentifier="?">?</naa:Name>
                              <!--Optional:-->
                              <naa:Sequence identificationSchemeName="?" identificationSchemeURI="?" identificationSchemeVersion="?" identificationSchemeAgency="?">?</naa:Sequence>
                              <naa:Start Format="?">?</naa:Start>
                           </naa:ValidityPeriod>
                        </naa:PersonName>
                        <!--Zero or more repetitions:-->
                        <naa:PostalAddress ref="?">
                           <!--Zero or more repetitions:-->
                           <naa:Address/>
                           <!--Optional:-->
                           <naa:BlockName LanguageIdentifier="?" LanguageLocaleIdentifier="?">?</naa:BlockName>
                           <!--Optional:-->
                           <naa:BuildingName LanguageIdentifier="?" LanguageLocaleIdentifier="?">?</naa:BuildingName>
                           <!--Optional:-->
                           <naa:BuildingNumber LanguageIdentifier="?" LanguageLocaleIdentifier="?">?</naa:BuildingNumber>
                           <!--Optional:-->
                           <naa:CityName LanguageIdentifier="?" LanguageLocaleIdentifier="?">?</naa:CityName>
                           <!--Optional:-->
                           <naa:Code codeName="?" codeListURI="?" codeListAgency="?" codeListName="?" codeListVersion="?">?</naa:Code>
                           <!--Optional:-->
                           <naa:CountryName codeName="?" codeListURI="?" codeListAgency="?" codeListName="?" codeListVersion="?">?</naa:CountryName>
                           <!--Optional:-->
                           <naa:CountrySubDivision codeName="?" codeListURI="?" codeListAgency="?" codeListName="?" codeListVersion="?">?</naa:CountrySubDivision>
                           <!--Zero or more repetitions:-->
                           <naa:Geocode ref="?">
                              <!--Optional:-->
                              <naa:AltimetricSystem codeName="?" codeListURI="?" codeListAgency="?" codeListName="?" codeListVersion="?">?</naa:AltimetricSystem>
                              <!--Optional:-->
                              <naa:Altitude Format="?">?</naa:Altitude>
                              <naa:Identification identificationSchemeName="?" identificationSchemeURI="?" identificationSchemeVersion="?" identificationSchemeAgency="?">?</naa:Identification>
                              <naa:Latitude Format="?">?</naa:Latitude>
                              <!--Optional:-->
                              <naa:LatitudeDirection codeName="?" codeListURI="?" codeListAgency="?" codeListName="?" codeListVersion="?">?</naa:LatitudeDirection>
                              <naa:Longitude Format="?">?</naa:Longitude>
                              <!--Optional:-->
                              <naa:LongitudeDirection codeName="?" codeListURI="?" codeListAgency="?" codeListName="?" codeListVersion="?">?</naa:LongitudeDirection>
                              <!--Optional:-->
                              <naa:System codeName="?" codeListURI="?" codeListAgency="?" codeListName="?" codeListVersion="?">?</naa:System>
                           </naa:Geocode>
                           <naa:Identification identificationSchemeName="?" identificationSchemeURI="?" identificationSchemeVersion="?" identificationSchemeAgency="?">?</naa:Identification>
                           <!--Optional:-->
                           <naa:LineFive LanguageIdentifier="?" LanguageLocaleIdentifier="?">?</naa:LineFive>
                           <!--Optional:-->
                           <naa:LineFour LanguageIdentifier="?" LanguageLocaleIdentifier="?">?</naa:LineFour>
                           <!--Optional:-->
                           <naa:LineOne LanguageIdentifier="?" LanguageLocaleIdentifier="?">?</naa:LineOne>
                           <!--Optional:-->
                           <naa:LineSix LanguageIdentifier="?" LanguageLocaleIdentifier="?">?</naa:LineSix>
                           <!--Optional:-->
                           <naa:LineThree LanguageIdentifier="?" LanguageLocaleIdentifier="?">?</naa:LineThree>
                           <!--Optional:-->
                           <naa:LineTwo LanguageIdentifier="?" LanguageLocaleIdentifier="?">?</naa:LineTwo>
                           <!--Optional:-->
                           <naa:PostOfficeBox LanguageIdentifier="?" LanguageLocaleIdentifier="?">?</naa:PostOfficeBox>
                           <!--Optional:-->
                           <naa:Postcode LanguageIdentifier="?" LanguageLocaleIdentifier="?">?</naa:Postcode>
                           <!--Optional:-->
                           <naa:StreetName LanguageIdentifier="?" LanguageLocaleIdentifier="?">?</naa:StreetName>
                           <!--Optional:-->
                           <naa:StreetSuffix codeName="?" codeListURI="?" codeListAgency="?" codeListName="?" codeListVersion="?">?</naa:StreetSuffix>
                           <!--Optional:-->
                           <naa:StreetType codeName="?" codeListURI="?" codeListAgency="?" codeListName="?" codeListVersion="?">?</naa:StreetType>
                           <!--Optional:-->
                           <naa:Usage codeName="?" codeListURI="?" codeListAgency="?" codeListName="?" codeListVersion="?">?</naa:Usage>
                           <!--Optional:-->
                           <naa:UsagePeriod ref="?">
                              <!--Optional:-->
                              <naa:Complete Format="?">?</naa:Complete>
                              <!--Optional:-->
                              <naa:Description LanguageIdentifier="?" LanguageLocaleIdentifier="?">?</naa:Description>
                              <!--Optional:-->
                              <naa:Duration UnitCode="?">?</naa:Duration>
                              <!--Optional:-->
                              <naa:End Format="?">?</naa:End>
                              <naa:Identification identificationSchemeName="?" identificationSchemeURI="?" identificationSchemeVersion="?" identificationSchemeAgency="?">?</naa:Identification>
                              <!--Optional:-->
                              <naa:Inclusive Format="?">?</naa:Inclusive>
                              <!--Optional:-->
                              <naa:Name LanguageIdentifier="?" LanguageLocaleIdentifier="?">?</naa:Name>
                              <!--Optional:-->
                              <naa:Sequence identificationSchemeName="?" identificationSchemeURI="?" identificationSchemeVersion="?" identificationSchemeAgency="?">?</naa:Sequence>
                              <naa:Start Format="?">?</naa:Start>
                           </naa:UsagePeriod>
                        </naa:PostalAddress>
                        <!--Zero or more repetitions:-->
                        <naa:Registration ref="?">
                           <!--Optional:-->
                           <naa:Category codeName="?" codeListURI="?" codeListAgency="?" codeListName="?" codeListVersion="?">?</naa:Category>
                           <!--Optional:-->
                           <naa:Country codeName="?" codeListURI="?" codeListAgency="?" codeListName="?" codeListVersion="?">?</naa:Country>
                           <naa:Identification identificationSchemeName="?" identificationSchemeURI="?" identificationSchemeVersion="?" identificationSchemeAgency="?">?</naa:Identification>
                           <!--Optional:-->
                           <naa:Licence identificationSchemeName="?" identificationSchemeURI="?" identificationSchemeVersion="?" identificationSchemeAgency="?">?</naa:Licence>
                           <!--Optional:-->
                           <naa:Recorded Format="?">?</naa:Recorded>
                           <!--Optional:-->
                           <naa:Type codeName="?" codeListURI="?" codeListAgency="?" codeListName="?" codeListVersion="?">?</naa:Type>
                           <!--Optional:-->
                           <naa:ValidityPeriod ref="?">
                              <!--Optional:-->
                              <naa:Complete Format="?">?</naa:Complete>
                              <!--Optional:-->
                              <naa:Description LanguageIdentifier="?" LanguageLocaleIdentifier="?">?</naa:Description>
                              <!--Optional:-->
                              <naa:Duration UnitCode="?">?</naa:Duration>
                              <!--Optional:-->
                              <naa:End Format="?">?</naa:End>
                              <naa:Identification identificationSchemeName="?" identificationSchemeURI="?" identificationSchemeVersion="?" identificationSchemeAgency="?">?</naa:Identification>
                              <!--Optional:-->
                              <naa:Inclusive Format="?">?</naa:Inclusive>
                              <!--Optional:-->
                              <naa:Name LanguageIdentifier="?" LanguageLocaleIdentifier="?">?</naa:Name>
                              <!--Optional:-->
                              <naa:Sequence identificationSchemeName="?" identificationSchemeURI="?" identificationSchemeVersion="?" identificationSchemeAgency="?">?</naa:Sequence>
                              <naa:Start Format="?">?</naa:Start>
                           </naa:ValidityPeriod>
                        </naa:Registration>
                        <!--Zero or more repetitions:-->
                        <naa:ResidentialAddress ref="?">
                           <!--Zero or more repetitions:-->
                           <naa:Address/>
                           <!--Optional:-->
                           <naa:BlockName LanguageIdentifier="?" LanguageLocaleIdentifier="?">?</naa:BlockName>
                           <!--Optional:-->
                           <naa:BuildingName LanguageIdentifier="?" LanguageLocaleIdentifier="?">?</naa:BuildingName>
                           <!--Optional:-->
                           <naa:BuildingNumber LanguageIdentifier="?" LanguageLocaleIdentifier="?">?</naa:BuildingNumber>
                           <!--Optional:-->
                           <naa:CityName LanguageIdentifier="?" LanguageLocaleIdentifier="?">?</naa:CityName>
                           <!--Optional:-->
                           <naa:Code codeName="?" codeListURI="?" codeListAgency="?" codeListName="?" codeListVersion="?">?</naa:Code>
                           <!--Optional:-->
                           <naa:CountryName codeName="?" codeListURI="?" codeListAgency="?" codeListName="?" codeListVersion="?">?</naa:CountryName>
                           <!--Optional:-->
                           <naa:CountrySubDivision codeName="?" codeListURI="?" codeListAgency="?" codeListName="?" codeListVersion="?">?</naa:CountrySubDivision>
                           <!--Zero or more repetitions:-->
                           <naa:Geocode ref="?">
                              <!--Optional:-->
                              <naa:AltimetricSystem codeName="?" codeListURI="?" codeListAgency="?" codeListName="?" codeListVersion="?">?</naa:AltimetricSystem>
                              <!--Optional:-->
                              <naa:Altitude Format="?">?</naa:Altitude>
                              <naa:Identification identificationSchemeName="?" identificationSchemeURI="?" identificationSchemeVersion="?" identificationSchemeAgency="?">?</naa:Identification>
                              <naa:Latitude Format="?">?</naa:Latitude>
                              <!--Optional:-->
                              <naa:LatitudeDirection codeName="?" codeListURI="?" codeListAgency="?" codeListName="?" codeListVersion="?">?</naa:LatitudeDirection>
                              <naa:Longitude Format="?">?</naa:Longitude>
                              <!--Optional:-->
                              <naa:LongitudeDirection codeName="?" codeListURI="?" codeListAgency="?" codeListName="?" codeListVersion="?">?</naa:LongitudeDirection>
                              <!--Optional:-->
                              <naa:System codeName="?" codeListURI="?" codeListAgency="?" codeListName="?" codeListVersion="?">?</naa:System>
                           </naa:Geocode>
                           <naa:Identification identificationSchemeName="?" identificationSchemeURI="?" identificationSchemeVersion="?" identificationSchemeAgency="?">?</naa:Identification>
                           <!--Optional:-->
                           <naa:LineFive LanguageIdentifier="?" LanguageLocaleIdentifier="?">?</naa:LineFive>
                           <!--Optional:-->
                           <naa:LineFour LanguageIdentifier="?" LanguageLocaleIdentifier="?">?</naa:LineFour>
                           <!--Optional:-->
                           <naa:LineOne LanguageIdentifier="?" LanguageLocaleIdentifier="?">?</naa:LineOne>
                           <!--Optional:-->
                           <naa:LineSix LanguageIdentifier="?" LanguageLocaleIdentifier="?">?</naa:LineSix>
                           <!--Optional:-->
                           <naa:LineThree LanguageIdentifier="?" LanguageLocaleIdentifier="?">?</naa:LineThree>
                           <!--Optional:-->
                           <naa:LineTwo LanguageIdentifier="?" LanguageLocaleIdentifier="?">?</naa:LineTwo>
                           <!--Optional:-->
                           <naa:PostOfficeBox LanguageIdentifier="?" LanguageLocaleIdentifier="?">?</naa:PostOfficeBox>
                           <!--Optional:-->
                           <naa:Postcode LanguageIdentifier="?" LanguageLocaleIdentifier="?">?</naa:Postcode>
                           <!--Optional:-->
                           <naa:StreetName LanguageIdentifier="?" LanguageLocaleIdentifier="?">?</naa:StreetName>
                           <!--Optional:-->
                           <naa:StreetSuffix codeName="?" codeListURI="?" codeListAgency="?" codeListName="?" codeListVersion="?">?</naa:StreetSuffix>
                           <!--Optional:-->
                           <naa:StreetType codeName="?" codeListURI="?" codeListAgency="?" codeListName="?" codeListVersion="?">?</naa:StreetType>
                           <!--Optional:-->
                           <naa:Usage codeName="?" codeListURI="?" codeListAgency="?" codeListName="?" codeListVersion="?">?</naa:Usage>
                           <!--Optional:-->
                           <naa:UsagePeriod ref="?">
                              <!--Optional:-->
                              <naa:Complete Format="?">?</naa:Complete>
                              <!--Optional:-->
                              <naa:Description LanguageIdentifier="?" LanguageLocaleIdentifier="?">?</naa:Description>
                              <!--Optional:-->
                              <naa:Duration UnitCode="?">?</naa:Duration>
                              <!--Optional:-->
                              <naa:End Format="?">?</naa:End>
                              <naa:Identification identificationSchemeName="?" identificationSchemeURI="?" identificationSchemeVersion="?" identificationSchemeAgency="?">?</naa:Identification>
                              <!--Optional:-->
                              <naa:Inclusive Format="?">?</naa:Inclusive>
                              <!--Optional:-->
                              <naa:Name LanguageIdentifier="?" LanguageLocaleIdentifier="?">?</naa:Name>
                              <!--Optional:-->
                              <naa:Sequence identificationSchemeName="?" identificationSchemeURI="?" identificationSchemeVersion="?" identificationSchemeAgency="?">?</naa:Sequence>
                              <naa:Start Format="?">?</naa:Start>
                           </naa:UsagePeriod>
                        </naa:ResidentialAddress>
                        <!--Zero or more repetitions:-->
                        <naa:Status ref="?">
                           <naa:Code codeName="?" codeListURI="?" codeListAgency="?" codeListName="?" codeListVersion="?">?</naa:Code>
                           <!--Optional:-->
                           <naa:Description LanguageIdentifier="?" LanguageLocaleIdentifier="?">?</naa:Description>
                           <!--Optional:-->
                           <naa:ValidityPeriod ref="?">
                              <!--Optional:-->
                              <naa:Complete Format="?">?</naa:Complete>
                              <!--Optional:-->
                              <naa:Description LanguageIdentifier="?" LanguageLocaleIdentifier="?">?</naa:Description>
                              <!--Optional:-->
                              <naa:Duration UnitCode="?">?</naa:Duration>
                              <!--Optional:-->
                              <naa:End Format="?">?</naa:End>
                              <naa:Identification identificationSchemeName="?" identificationSchemeURI="?" identificationSchemeVersion="?" identificationSchemeAgency="?">?</naa:Identification>
                              <!--Optional:-->
                              <naa:Inclusive Format="?">?</naa:Inclusive>
                              <!--Optional:-->
                              <naa:Name LanguageIdentifier="?" LanguageLocaleIdentifier="?">?</naa:Name>
                              <!--Optional:-->
                              <naa:Sequence identificationSchemeName="?" identificationSchemeURI="?" identificationSchemeVersion="?" identificationSchemeAgency="?">?</naa:Sequence>
                              <naa:Start Format="?">?</naa:Start>
                           </naa:ValidityPeriod>
                        </naa:Status>
                        <!--Zero or more repetitions:-->
                        <naa:Telephone ref="?">
                           <!--Optional:-->
                           <naa:AreaCode codeName="?" codeListURI="?" codeListAgency="?" codeListName="?" codeListVersion="?">?</naa:AreaCode>
                           <!--Optional:-->
                           <naa:CountryCode codeName="?" codeListURI="?" codeListAgency="?" codeListName="?" codeListVersion="?">?</naa:CountryCode>
                           <!--Optional:-->
                           <naa:Extension LanguageIdentifier="?" LanguageLocaleIdentifier="?">?</naa:Extension>
                           <naa:Number identificationSchemeName="?" identificationSchemeURI="?" identificationSchemeVersion="?" identificationSchemeAgency="?">?</naa:Number>
                           <naa:Type codeName="?" codeListURI="?" codeListAgency="?" codeListName="?" codeListVersion="?">?</naa:Type>
                        </naa:Telephone>
                     </naa:Person>
                     <naa:Identification identificationSchemeName="?" identificationSchemeURI="?" identificationSchemeVersion="?" identificationSchemeAgency="?">?</naa:Identification>
                     <!--Optional:-->
                     <naa:Language codeName="?" codeListURI="?" codeListAgency="?" codeListName="?" codeListVersion="?">?</naa:Language>
                     <naa:Name LanguageIdentifier="?" LanguageLocaleIdentifier="?">?</naa:Name>
                     <!--Optional:-->
                     <naa:Type LanguageIdentifier="?" LanguageLocaleIdentifier="?">?</naa:Type>
                  </da:Party>
                  <!--Optional:-->
                  <da:Type codeName="?" codeListURI="?" codeListAgency="?" codeListName="?" codeListVersion="?">?</da:Type>
               </da:ReferralAuthorityPartyRole>
               <!--Zero or more repetitions:-->
               <da:ReferralResponse ref="?">
                  <!--Zero or more repetitions:-->
                  <da:Attachment ref="?">
                     <!--Zero or more repetitions:-->
                     <da:Contributor LanguageIdentifier="?" LanguageLocaleIdentifier="?">?</da:Contributor>
                     <!--Zero or more repetitions:-->
                     <da:Coverage LanguageIdentifier="?" LanguageLocaleIdentifier="?">?</da:Coverage>
                     <!--Zero or more repetitions:-->
                     <da:Creator LanguageIdentifier="?" LanguageLocaleIdentifier="?">?</da:Creator>
                     <!--Optional:-->
                     <da:Date Format="?">?</da:Date>
                     <!--Zero or more repetitions:-->
                     <da:Description LanguageIdentifier="?" LanguageLocaleIdentifier="?">?</da:Description>
                     <!--Optional:-->
                     <da:Format LanguageIdentifier="?" LanguageLocaleIdentifier="?">?</da:Format>
                     <da:Identification identificationSchemeName="?" identificationSchemeURI="?" identificationSchemeVersion="?" identificationSchemeAgency="?">?</da:Identification>
                     <!--Zero or more repetitions:-->
                     <da:Language LanguageIdentifier="?" LanguageLocaleIdentifier="?">?</da:Language>
                     <!--Zero or more repetitions:-->
                     <da:Publisher LanguageIdentifier="?" LanguageLocaleIdentifier="?">?</da:Publisher>
                     <!--Zero or more repetitions:-->
                     <da:Relation LanguageIdentifier="?" LanguageLocaleIdentifier="?">?</da:Relation>
                     <!--Zero or more repetitions:-->
                     <da:Rights LanguageIdentifier="?" LanguageLocaleIdentifier="?">?</da:Rights>
                     <!--Optional:-->
                     <da:Size UnitCode="?">?</da:Size>
                     <!--Zero or more repetitions:-->
                     <da:Source LanguageIdentifier="?" LanguageLocaleIdentifier="?">?</da:Source>
                     <!--Optional:-->
                     <da:Subject LanguageIdentifier="?" LanguageLocaleIdentifier="?">?</da:Subject>
                     <!--Optional:-->
                     <da:Title LanguageIdentifier="?" LanguageLocaleIdentifier="?">?</da:Title>
                     <!--Optional:-->
                     <da:Type LanguageIdentifier="?" LanguageLocaleIdentifier="?">?</da:Type>
                     <!--Optional:-->
                     <da:Version LanguageIdentifier="?" LanguageLocaleIdentifier="?">?</da:Version>
                     <!--You have a CHOICE of the next 2 items at this level-->
                     <!--Optional:-->
                     <da:Attachment Format="?" MimeCode="?" CharacterSetCode="?" EncodingCode="?" UniformResourceIdentifier="?" Filename="?">cid:1284625912613</da:Attachment>
                     <!--Optional:-->
                     <da:URI>?</da:URI>
                  </da:Attachment>
                  <!--Zero or more repetitions:-->
                  <da:Comments LanguageIdentifier="?" LanguageLocaleIdentifier="?">?</da:Comments>
                  <!--Zero or more repetitions:-->
                  <da:Condition ref="?">
                     <da:Classification codeName="?" codeListURI="?" codeListAgency="?" codeListName="?" codeListVersion="?">?</da:Classification>
                     <!--Optional:-->
                     <da:ConditionReference identificationSchemeName="?" identificationSchemeURI="?" identificationSchemeVersion="?" identificationSchemeAgency="?">?</da:ConditionReference>
                     <!--Optional:-->
                     <da:Detail LanguageIdentifier="?" LanguageLocaleIdentifier="?">?</da:Detail>
                     <da:Identification identificationSchemeName="?" identificationSchemeURI="?" identificationSchemeVersion="?" identificationSchemeAgency="?">?</da:Identification>
                     <!--Optional:-->
                     <da:Type codeName="?" codeListURI="?" codeListAgency="?" codeListName="?" codeListVersion="?">?</da:Type>
                  </da:Condition>
                  <da:ResponseDate Format="?">?</da:ResponseDate>
                  <da:Type codeName="?" codeListURI="?" codeListAgency="?" codeListName="?" codeListVersion="?">?</da:Type>
               </da:ReferralResponse>
               <!--Zero or more repetitions:-->
               <da:ReferrerPartyRole ref="?">
                  <!--Optional:-->
                  <da:DateTime Format="?">?</da:DateTime>
                  <!--1 or more repetitions:-->
                  <da:Party ref="?">
                     <!--Optional:-->
                     <naa:AccessRights codeName="?" codeListURI="?" codeListAgency="?" codeListName="?" codeListVersion="?">?</naa:AccessRights>
                     <!--Optional:-->
                     <naa:Description LanguageIdentifier="?" LanguageLocaleIdentifier="?">?</naa:Description>
                     <!--You have a CHOICE of the next 2 items at this level-->
                     <!--Optional:-->
                     <naa:Organisation ref="?">
                        <!--Zero or more repetitions:-->
                        <naa:Contact ref="?">
                           <!--Optional:-->
                           <naa:DepartmentName LanguageIdentifier="?" LanguageLocaleIdentifier="?">?</naa:DepartmentName>
                           <!--Optional:-->
                           <naa:Description LanguageIdentifier="?" LanguageLocaleIdentifier="?">?</naa:Description>
                           <naa:Identification identificationSchemeName="?" identificationSchemeURI="?" identificationSchemeVersion="?" identificationSchemeAgency="?">?</naa:Identification>
                           <!--Zero or more repetitions:-->
                           <naa:Internet ref="?">
                              <naa:Type codeName="?" codeListURI="?" codeListAgency="?" codeListName="?" codeListVersion="?">?</naa:Type>
                              <naa:URI>?</naa:URI>
                           </naa:Internet>
                           <!--Optional:-->
                           <naa:IsPrimary Format="?">?</naa:IsPrimary>
                           <!--Optional:-->
                           <naa:JobTitle LanguageIdentifier="?" LanguageLocaleIdentifier="?">?</naa:JobTitle>
                           <!--Optional:-->
                           <naa:PersonName ref="?">
                              <naa:Classification codeName="?" codeListURI="?" codeListAgency="?" codeListName="?" codeListVersion="?">?</naa:Classification>
                              <!--Optional:-->
                              <naa:FamilyName LanguageIdentifier="?" LanguageLocaleIdentifier="?">?</naa:FamilyName>
                              <!--Optional:-->
                              <naa:FamilyNamePrefix LanguageIdentifier="?" LanguageLocaleIdentifier="?">?</naa:FamilyNamePrefix>
                              <!--Optional:-->
                              <naa:GivenName LanguageIdentifier="?" LanguageLocaleIdentifier="?">?</naa:GivenName>
                              <!--Optional:-->
                              <naa:MiddleName LanguageIdentifier="?" LanguageLocaleIdentifier="?">?</naa:MiddleName>
                              <!--Optional:-->
                              <naa:Name LanguageIdentifier="?" LanguageLocaleIdentifier="?">?</naa:Name>
                              <!--Optional:-->
                              <naa:NameSuffix codeName="?" codeListURI="?" codeListAgency="?" codeListName="?" codeListVersion="?">?</naa:NameSuffix>
                              <!--Optional:-->
                              <naa:Salutation LanguageIdentifier="?" LanguageLocaleIdentifier="?">?</naa:Salutation>
                              <!--Optional:-->
                              <naa:Title codeName="?" codeListURI="?" codeListAgency="?" codeListName="?" codeListVersion="?">?</naa:Title>
                              <!--Optional:-->
                              <naa:ValidityPeriod ref="?">
                                 <!--Optional:-->
                                 <naa:Complete Format="?">?</naa:Complete>
                                 <!--Optional:-->
                                 <naa:Description LanguageIdentifier="?" LanguageLocaleIdentifier="?">?</naa:Description>
                                 <!--Optional:-->
                                 <naa:Duration UnitCode="?">?</naa:Duration>
                                 <!--Optional:-->
                                 <naa:End Format="?">?</naa:End>
                                 <naa:Identification identificationSchemeName="?" identificationSchemeURI="?" identificationSchemeVersion="?" identificationSchemeAgency="?">?</naa:Identification>
                                 <!--Optional:-->
                                 <naa:Inclusive Format="?">?</naa:Inclusive>
                                 <!--Optional:-->
                                 <naa:Name LanguageIdentifier="?" LanguageLocaleIdentifier="?">?</naa:Name>
                                 <!--Optional:-->
                                 <naa:Sequence identificationSchemeName="?" identificationSchemeURI="?" identificationSchemeVersion="?" identificationSchemeAgency="?">?</naa:Sequence>
                                 <naa:Start Format="?">?</naa:Start>
                              </naa:ValidityPeriod>
                           </naa:PersonName>
                           <!--Optional:-->
                           <naa:Responsibility LanguageIdentifier="?" LanguageLocaleIdentifier="?">?</naa:Responsibility>
                           <!--Zero or more repetitions:-->
                           <naa:Telephone ref="?">
                              <!--Optional:-->
                              <naa:AreaCode codeName="?" codeListURI="?" codeListAgency="?" codeListName="?" codeListVersion="?">?</naa:AreaCode>
                              <!--Optional:-->
                              <naa:CountryCode codeName="?" codeListURI="?" codeListAgency="?" codeListName="?" codeListVersion="?">?</naa:CountryCode>
                              <!--Optional:-->
                              <naa:Extension LanguageIdentifier="?" LanguageLocaleIdentifier="?">?</naa:Extension>
                              <naa:Number identificationSchemeName="?" identificationSchemeURI="?" identificationSchemeVersion="?" identificationSchemeAgency="?">?</naa:Number>
                              <naa:Type codeName="?" codeListURI="?" codeListAgency="?" codeListName="?" codeListVersion="?">?</naa:Type>
                           </naa:Telephone>
                           <!--Optional:-->
                           <naa:Type codeName="?" codeListURI="?" codeListAgency="?" codeListName="?" codeListVersion="?">?</naa:Type>
                        </naa:Contact>
                        <!--Optional:-->
                        <naa:Description LanguageIdentifier="?" LanguageLocaleIdentifier="?">?</naa:Description>
                        <naa:Identification identificationSchemeName="?" identificationSchemeURI="?" identificationSchemeVersion="?" identificationSchemeAgency="?">?</naa:Identification>
                        <!--Optional:-->
                        <naa:IndustryClassification codeName="?" codeListURI="?" codeListAgency="?" codeListName="?" codeListVersion="?">?</naa:IndustryClassification>
                        <!--Zero or more repetitions:-->
                        <naa:Internet ref="?">
                           <naa:Type codeName="?" codeListURI="?" codeListAgency="?" codeListName="?" codeListVersion="?">?</naa:Type>
                           <naa:URI>?</naa:URI>
                        </naa:Internet>
                        <!--Optional:-->
                        <naa:IsActive Format="?">?</naa:IsActive>
                        <!--Optional:-->
                        <naa:LegalClassification codeName="?" codeListURI="?" codeListAgency="?" codeListName="?" codeListVersion="?">?</naa:LegalClassification>
                        <!--Zero or more repetitions:-->
                        <naa:Organisation/>
                        <!--1 or more repetitions:-->
                        <naa:OrganisationName ref="?">
                           <naa:Classification codeName="?" codeListURI="?" codeListAgency="?" codeListName="?" codeListVersion="?">?</naa:Classification>
                           <naa:Name LanguageIdentifier="?" LanguageLocaleIdentifier="?">?</naa:Name>
                           <!--Optional:-->
                           <naa:ValidityPeriod ref="?">
                              <!--Optional:-->
                              <naa:Complete Format="?">?</naa:Complete>
                              <!--Optional:-->
                              <naa:Description LanguageIdentifier="?" LanguageLocaleIdentifier="?">?</naa:Description>
                              <!--Optional:-->
                              <naa:Duration UnitCode="?">?</naa:Duration>
                              <!--Optional:-->
                              <naa:End Format="?">?</naa:End>
                              <naa:Identification identificationSchemeName="?" identificationSchemeURI="?" identificationSchemeVersion="?" identificationSchemeAgency="?">?</naa:Identification>
                              <!--Optional:-->
                              <naa:Inclusive Format="?">?</naa:Inclusive>
                              <!--Optional:-->
                              <naa:Name LanguageIdentifier="?" LanguageLocaleIdentifier="?">?</naa:Name>
                              <!--Optional:-->
                              <naa:Sequence identificationSchemeName="?" identificationSchemeURI="?" identificationSchemeVersion="?" identificationSchemeAgency="?">?</naa:Sequence>
                              <naa:Start Format="?">?</naa:Start>
                           </naa:ValidityPeriod>
                        </naa:OrganisationName>
                        <!--Zero or more repetitions:-->
                        <naa:PhysicalAddress ref="?">
                           <!--Zero or more repetitions:-->
                           <naa:Address/>
                           <!--Optional:-->
                           <naa:BlockName LanguageIdentifier="?" LanguageLocaleIdentifier="?">?</naa:BlockName>
                           <!--Optional:-->
                           <naa:BuildingName LanguageIdentifier="?" LanguageLocaleIdentifier="?">?</naa:BuildingName>
                           <!--Optional:-->
                           <naa:BuildingNumber LanguageIdentifier="?" LanguageLocaleIdentifier="?">?</naa:BuildingNumber>
                           <!--Optional:-->
                           <naa:CityName LanguageIdentifier="?" LanguageLocaleIdentifier="?">?</naa:CityName>
                           <!--Optional:-->
                           <naa:Code codeName="?" codeListURI="?" codeListAgency="?" codeListName="?" codeListVersion="?">?</naa:Code>
                           <!--Optional:-->
                           <naa:CountryName codeName="?" codeListURI="?" codeListAgency="?" codeListName="?" codeListVersion="?">?</naa:CountryName>
                           <!--Optional:-->
                           <naa:CountrySubDivision codeName="?" codeListURI="?" codeListAgency="?" codeListName="?" codeListVersion="?">?</naa:CountrySubDivision>
                           <!--Zero or more repetitions:-->
                           <naa:Geocode ref="?">
                              <!--Optional:-->
                              <naa:AltimetricSystem codeName="?" codeListURI="?" codeListAgency="?" codeListName="?" codeListVersion="?">?</naa:AltimetricSystem>
                              <!--Optional:-->
                              <naa:Altitude Format="?">?</naa:Altitude>
                              <naa:Identification identificationSchemeName="?" identificationSchemeURI="?" identificationSchemeVersion="?" identificationSchemeAgency="?">?</naa:Identification>
                              <naa:Latitude Format="?">?</naa:Latitude>
                              <!--Optional:-->
                              <naa:LatitudeDirection codeName="?" codeListURI="?" codeListAgency="?" codeListName="?" codeListVersion="?">?</naa:LatitudeDirection>
                              <naa:Longitude Format="?">?</naa:Longitude>
                              <!--Optional:-->
                              <naa:LongitudeDirection codeName="?" codeListURI="?" codeListAgency="?" codeListName="?" codeListVersion="?">?</naa:LongitudeDirection>
                              <!--Optional:-->
                              <naa:System codeName="?" codeListURI="?" codeListAgency="?" codeListName="?" codeListVersion="?">?</naa:System>
                           </naa:Geocode>
                           <naa:Identification identificationSchemeName="?" identificationSchemeURI="?" identificationSchemeVersion="?" identificationSchemeAgency="?">?</naa:Identification>
                           <!--Optional:-->
                           <naa:LineFive LanguageIdentifier="?" LanguageLocaleIdentifier="?">?</naa:LineFive>
                           <!--Optional:-->
                           <naa:LineFour LanguageIdentifier="?" LanguageLocaleIdentifier="?">?</naa:LineFour>
                           <!--Optional:-->
                           <naa:LineOne LanguageIdentifier="?" LanguageLocaleIdentifier="?">?</naa:LineOne>
                           <!--Optional:-->
                           <naa:LineSix LanguageIdentifier="?" LanguageLocaleIdentifier="?">?</naa:LineSix>
                           <!--Optional:-->
                           <naa:LineThree LanguageIdentifier="?" LanguageLocaleIdentifier="?">?</naa:LineThree>
                           <!--Optional:-->
                           <naa:LineTwo LanguageIdentifier="?" LanguageLocaleIdentifier="?">?</naa:LineTwo>
                           <!--Optional:-->
                           <naa:PostOfficeBox LanguageIdentifier="?" LanguageLocaleIdentifier="?">?</naa:PostOfficeBox>
                           <!--Optional:-->
                           <naa:Postcode LanguageIdentifier="?" LanguageLocaleIdentifier="?">?</naa:Postcode>
                           <!--Optional:-->
                           <naa:StreetName LanguageIdentifier="?" LanguageLocaleIdentifier="?">?</naa:StreetName>
                           <!--Optional:-->
                           <naa:StreetSuffix codeName="?" codeListURI="?" codeListAgency="?" codeListName="?" codeListVersion="?">?</naa:StreetSuffix>
                           <!--Optional:-->
                           <naa:StreetType codeName="?" codeListURI="?" codeListAgency="?" codeListName="?" codeListVersion="?">?</naa:StreetType>
                           <!--Optional:-->
                           <naa:Usage codeName="?" codeListURI="?" codeListAgency="?" codeListName="?" codeListVersion="?">?</naa:Usage>
                           <!--Optional:-->
                           <naa:UsagePeriod ref="?">
                              <!--Optional:-->
                              <naa:Complete Format="?">?</naa:Complete>
                              <!--Optional:-->
                              <naa:Description LanguageIdentifier="?" LanguageLocaleIdentifier="?">?</naa:Description>
                              <!--Optional:-->
                              <naa:Duration UnitCode="?">?</naa:Duration>
                              <!--Optional:-->
                              <naa:End Format="?">?</naa:End>
                              <naa:Identification identificationSchemeName="?" identificationSchemeURI="?" identificationSchemeVersion="?" identificationSchemeAgency="?">?</naa:Identification>
                              <!--Optional:-->
                              <naa:Inclusive Format="?">?</naa:Inclusive>
                              <!--Optional:-->
                              <naa:Name LanguageIdentifier="?" LanguageLocaleIdentifier="?">?</naa:Name>
                              <!--Optional:-->
                              <naa:Sequence identificationSchemeName="?" identificationSchemeURI="?" identificationSchemeVersion="?" identificationSchemeAgency="?">?</naa:Sequence>
                              <naa:Start Format="?">?</naa:Start>
                           </naa:UsagePeriod>
                        </naa:PhysicalAddress>
                        <!--Zero or more repetitions:-->
                        <naa:PostalAddress ref="?">
                           <!--Zero or more repetitions:-->
                           <naa:Address/>
                           <!--Optional:-->
                           <naa:BlockName LanguageIdentifier="?" LanguageLocaleIdentifier="?">?</naa:BlockName>
                           <!--Optional:-->
                           <naa:BuildingName LanguageIdentifier="?" LanguageLocaleIdentifier="?">?</naa:BuildingName>
                           <!--Optional:-->
                           <naa:BuildingNumber LanguageIdentifier="?" LanguageLocaleIdentifier="?">?</naa:BuildingNumber>
                           <!--Optional:-->
                           <naa:CityName LanguageIdentifier="?" LanguageLocaleIdentifier="?">?</naa:CityName>
                           <!--Optional:-->
                           <naa:Code codeName="?" codeListURI="?" codeListAgency="?" codeListName="?" codeListVersion="?">?</naa:Code>
                           <!--Optional:-->
                           <naa:CountryName codeName="?" codeListURI="?" codeListAgency="?" codeListName="?" codeListVersion="?">?</naa:CountryName>
                           <!--Optional:-->
                           <naa:CountrySubDivision codeName="?" codeListURI="?" codeListAgency="?" codeListName="?" codeListVersion="?">?</naa:CountrySubDivision>
                           <!--Zero or more repetitions:-->
                           <naa:Geocode ref="?">
                              <!--Optional:-->
                              <naa:AltimetricSystem codeName="?" codeListURI="?" codeListAgency="?" codeListName="?" codeListVersion="?">?</naa:AltimetricSystem>
                              <!--Optional:-->
                              <naa:Altitude Format="?">?</naa:Altitude>
                              <naa:Identification identificationSchemeName="?" identificationSchemeURI="?" identificationSchemeVersion="?" identificationSchemeAgency="?">?</naa:Identification>
                              <naa:Latitude Format="?">?</naa:Latitude>
                              <!--Optional:-->
                              <naa:LatitudeDirection codeName="?" codeListURI="?" codeListAgency="?" codeListName="?" codeListVersion="?">?</naa:LatitudeDirection>
                              <naa:Longitude Format="?">?</naa:Longitude>
                              <!--Optional:-->
                              <naa:LongitudeDirection codeName="?" codeListURI="?" codeListAgency="?" codeListName="?" codeListVersion="?">?</naa:LongitudeDirection>
                              <!--Optional:-->
                              <naa:System codeName="?" codeListURI="?" codeListAgency="?" codeListName="?" codeListVersion="?">?</naa:System>
                           </naa:Geocode>
                           <naa:Identification identificationSchemeName="?" identificationSchemeURI="?" identificationSchemeVersion="?" identificationSchemeAgency="?">?</naa:Identification>
                           <!--Optional:-->
                           <naa:LineFive LanguageIdentifier="?" LanguageLocaleIdentifier="?">?</naa:LineFive>
                           <!--Optional:-->
                           <naa:LineFour LanguageIdentifier="?" LanguageLocaleIdentifier="?">?</naa:LineFour>
                           <!--Optional:-->
                           <naa:LineOne LanguageIdentifier="?" LanguageLocaleIdentifier="?">?</naa:LineOne>
                           <!--Optional:-->
                           <naa:LineSix LanguageIdentifier="?" LanguageLocaleIdentifier="?">?</naa:LineSix>
                           <!--Optional:-->
                           <naa:LineThree LanguageIdentifier="?" LanguageLocaleIdentifier="?">?</naa:LineThree>
                           <!--Optional:-->
                           <naa:LineTwo LanguageIdentifier="?" LanguageLocaleIdentifier="?">?</naa:LineTwo>
                           <!--Optional:-->
                           <naa:PostOfficeBox LanguageIdentifier="?" LanguageLocaleIdentifier="?">?</naa:PostOfficeBox>
                           <!--Optional:-->
                           <naa:Postcode LanguageIdentifier="?" LanguageLocaleIdentifier="?">?</naa:Postcode>
                           <!--Optional:-->
                           <naa:StreetName LanguageIdentifier="?" LanguageLocaleIdentifier="?">?</naa:StreetName>
                           <!--Optional:-->
                           <naa:StreetSuffix codeName="?" codeListURI="?" codeListAgency="?" codeListName="?" codeListVersion="?">?</naa:StreetSuffix>
                           <!--Optional:-->
                           <naa:StreetType codeName="?" codeListURI="?" codeListAgency="?" codeListName="?" codeListVersion="?">?</naa:StreetType>
                           <!--Optional:-->
                           <naa:Usage codeName="?" codeListURI="?" codeListAgency="?" codeListName="?" codeListVersion="?">?</naa:Usage>
                           <!--Optional:-->
                           <naa:UsagePeriod ref="?">
                              <!--Optional:-->
                              <naa:Complete Format="?">?</naa:Complete>
                              <!--Optional:-->
                              <naa:Description LanguageIdentifier="?" LanguageLocaleIdentifier="?">?</naa:Description>
                              <!--Optional:-->
                              <naa:Duration UnitCode="?">?</naa:Duration>
                              <!--Optional:-->
                              <naa:End Format="?">?</naa:End>
                              <naa:Identification identificationSchemeName="?" identificationSchemeURI="?" identificationSchemeVersion="?" identificationSchemeAgency="?">?</naa:Identification>
                              <!--Optional:-->
                              <naa:Inclusive Format="?">?</naa:Inclusive>
                              <!--Optional:-->
                              <naa:Name LanguageIdentifier="?" LanguageLocaleIdentifier="?">?</naa:Name>
                              <!--Optional:-->
                              <naa:Sequence identificationSchemeName="?" identificationSchemeURI="?" identificationSchemeVersion="?" identificationSchemeAgency="?">?</naa:Sequence>
                              <naa:Start Format="?">?</naa:Start>
                           </naa:UsagePeriod>
                        </naa:PostalAddress>
                        <!--Zero or more repetitions:-->
                        <naa:Registration ref="?">
                           <!--Optional:-->
                           <naa:Category codeName="?" codeListURI="?" codeListAgency="?" codeListName="?" codeListVersion="?">?</naa:Category>
                           <!--Optional:-->
                           <naa:Country codeName="?" codeListURI="?" codeListAgency="?" codeListName="?" codeListVersion="?">?</naa:Country>
                           <naa:Identification identificationSchemeName="?" identificationSchemeURI="?" identificationSchemeVersion="?" identificationSchemeAgency="?">?</naa:Identification>
                           <!--Optional:-->
                           <naa:Licence identificationSchemeName="?" identificationSchemeURI="?" identificationSchemeVersion="?" identificationSchemeAgency="?">?</naa:Licence>
                           <!--Optional:-->
                           <naa:Recorded Format="?">?</naa:Recorded>
                           <!--Optional:-->
                           <naa:Type codeName="?" codeListURI="?" codeListAgency="?" codeListName="?" codeListVersion="?">?</naa:Type>
                           <!--Optional:-->
                           <naa:ValidityPeriod ref="?">
                              <!--Optional:-->
                              <naa:Complete Format="?">?</naa:Complete>
                              <!--Optional:-->
                              <naa:Description LanguageIdentifier="?" LanguageLocaleIdentifier="?">?</naa:Description>
                              <!--Optional:-->
                              <naa:Duration UnitCode="?">?</naa:Duration>
                              <!--Optional:-->
                              <naa:End Format="?">?</naa:End>
                              <naa:Identification identificationSchemeName="?" identificationSchemeURI="?" identificationSchemeVersion="?" identificationSchemeAgency="?">?</naa:Identification>
                              <!--Optional:-->
                              <naa:Inclusive Format="?">?</naa:Inclusive>
                              <!--Optional:-->
                              <naa:Name LanguageIdentifier="?" LanguageLocaleIdentifier="?">?</naa:Name>
                              <!--Optional:-->
                              <naa:Sequence identificationSchemeName="?" identificationSchemeURI="?" identificationSchemeVersion="?" identificationSchemeAgency="?">?</naa:Sequence>
                              <naa:Start Format="?">?</naa:Start>
                           </naa:ValidityPeriod>
                        </naa:Registration>
                        <!--Zero or more repetitions:-->
                        <naa:Status ref="?">
                           <naa:Code codeName="?" codeListURI="?" codeListAgency="?" codeListName="?" codeListVersion="?">?</naa:Code>
                           <!--Optional:-->
                           <naa:Description LanguageIdentifier="?" LanguageLocaleIdentifier="?">?</naa:Description>
                           <!--Optional:-->
                           <naa:ValidityPeriod ref="?">
                              <!--Optional:-->
                              <naa:Complete Format="?">?</naa:Complete>
                              <!--Optional:-->
                              <naa:Description LanguageIdentifier="?" LanguageLocaleIdentifier="?">?</naa:Description>
                              <!--Optional:-->
                              <naa:Duration UnitCode="?">?</naa:Duration>
                              <!--Optional:-->
                              <naa:End Format="?">?</naa:End>
                              <naa:Identification identificationSchemeName="?" identificationSchemeURI="?" identificationSchemeVersion="?" identificationSchemeAgency="?">?</naa:Identification>
                              <!--Optional:-->
                              <naa:Inclusive Format="?">?</naa:Inclusive>
                              <!--Optional:-->
                              <naa:Name LanguageIdentifier="?" LanguageLocaleIdentifier="?">?</naa:Name>
                              <!--Optional:-->
                              <naa:Sequence identificationSchemeName="?" identificationSchemeURI="?" identificationSchemeVersion="?" identificationSchemeAgency="?">?</naa:Sequence>
                              <naa:Start Format="?">?</naa:Start>
                           </naa:ValidityPeriod>
                        </naa:Status>
                        <!--Zero or more repetitions:-->
                        <naa:Telephone ref="?">
                           <!--Optional:-->
                           <naa:AreaCode codeName="?" codeListURI="?" codeListAgency="?" codeListName="?" codeListVersion="?">?</naa:AreaCode>
                           <!--Optional:-->
                           <naa:CountryCode codeName="?" codeListURI="?" codeListAgency="?" codeListName="?" codeListVersion="?">?</naa:CountryCode>
                           <!--Optional:-->
                           <naa:Extension LanguageIdentifier="?" LanguageLocaleIdentifier="?">?</naa:Extension>
                           <naa:Number identificationSchemeName="?" identificationSchemeURI="?" identificationSchemeVersion="?" identificationSchemeAgency="?">?</naa:Number>
                           <naa:Type codeName="?" codeListURI="?" codeListAgency="?" codeListName="?" codeListVersion="?">?</naa:Type>
                        </naa:Telephone>
                        <!--Optional:-->
                        <naa:Type codeName="?" codeListURI="?" codeListAgency="?" codeListName="?" codeListVersion="?">?</naa:Type>
                     </naa:Organisation>
                     <!--Optional:-->
                     <naa:Person ref="?">
                        <!--Optional:-->
                        <naa:Description LanguageIdentifier="?" LanguageLocaleIdentifier="?">?</naa:Description>
                        <naa:Identification identificationSchemeName="?" identificationSchemeURI="?" identificationSchemeVersion="?" identificationSchemeAgency="?">?</naa:Identification>
                        <!--Zero or more repetitions:-->
                        <naa:Internet ref="?">
                           <naa:Type codeName="?" codeListURI="?" codeListAgency="?" codeListName="?" codeListVersion="?">?</naa:Type>
                           <naa:URI>?</naa:URI>
                        </naa:Internet>
                        <!--1 or more repetitions:-->
                        <naa:PersonName ref="?">
                           <naa:Classification codeName="?" codeListURI="?" codeListAgency="?" codeListName="?" codeListVersion="?">?</naa:Classification>
                           <!--Optional:-->
                           <naa:FamilyName LanguageIdentifier="?" LanguageLocaleIdentifier="?">?</naa:FamilyName>
                           <!--Optional:-->
                           <naa:FamilyNamePrefix LanguageIdentifier="?" LanguageLocaleIdentifier="?">?</naa:FamilyNamePrefix>
                           <!--Optional:-->
                           <naa:GivenName LanguageIdentifier="?" LanguageLocaleIdentifier="?">?</naa:GivenName>
                           <!--Optional:-->
                           <naa:MiddleName LanguageIdentifier="?" LanguageLocaleIdentifier="?">?</naa:MiddleName>
                           <!--Optional:-->
                           <naa:Name LanguageIdentifier="?" LanguageLocaleIdentifier="?">?</naa:Name>
                           <!--Optional:-->
                           <naa:NameSuffix codeName="?" codeListURI="?" codeListAgency="?" codeListName="?" codeListVersion="?">?</naa:NameSuffix>
                           <!--Optional:-->
                           <naa:Salutation LanguageIdentifier="?" LanguageLocaleIdentifier="?">?</naa:Salutation>
                           <!--Optional:-->
                           <naa:Title codeName="?" codeListURI="?" codeListAgency="?" codeListName="?" codeListVersion="?">?</naa:Title>
                           <!--Optional:-->
                           <naa:ValidityPeriod ref="?">
                              <!--Optional:-->
                              <naa:Complete Format="?">?</naa:Complete>
                              <!--Optional:-->
                              <naa:Description LanguageIdentifier="?" LanguageLocaleIdentifier="?">?</naa:Description>
                              <!--Optional:-->
                              <naa:Duration UnitCode="?">?</naa:Duration>
                              <!--Optional:-->
                              <naa:End Format="?">?</naa:End>
                              <naa:Identification identificationSchemeName="?" identificationSchemeURI="?" identificationSchemeVersion="?" identificationSchemeAgency="?">?</naa:Identification>
                              <!--Optional:-->
                              <naa:Inclusive Format="?">?</naa:Inclusive>
                              <!--Optional:-->
                              <naa:Name LanguageIdentifier="?" LanguageLocaleIdentifier="?">?</naa:Name>
                              <!--Optional:-->
                              <naa:Sequence identificationSchemeName="?" identificationSchemeURI="?" identificationSchemeVersion="?" identificationSchemeAgency="?">?</naa:Sequence>
                              <naa:Start Format="?">?</naa:Start>
                           </naa:ValidityPeriod>
                        </naa:PersonName>
                        <!--Zero or more repetitions:-->
                        <naa:PostalAddress ref="?">
                           <!--Zero or more repetitions:-->
                           <naa:Address/>
                           <!--Optional:-->
                           <naa:BlockName LanguageIdentifier="?" LanguageLocaleIdentifier="?">?</naa:BlockName>
                           <!--Optional:-->
                           <naa:BuildingName LanguageIdentifier="?" LanguageLocaleIdentifier="?">?</naa:BuildingName>
                           <!--Optional:-->
                           <naa:BuildingNumber LanguageIdentifier="?" LanguageLocaleIdentifier="?">?</naa:BuildingNumber>
                           <!--Optional:-->
                           <naa:CityName LanguageIdentifier="?" LanguageLocaleIdentifier="?">?</naa:CityName>
                           <!--Optional:-->
                           <naa:Code codeName="?" codeListURI="?" codeListAgency="?" codeListName="?" codeListVersion="?">?</naa:Code>
                           <!--Optional:-->
                           <naa:CountryName codeName="?" codeListURI="?" codeListAgency="?" codeListName="?" codeListVersion="?">?</naa:CountryName>
                           <!--Optional:-->
                           <naa:CountrySubDivision codeName="?" codeListURI="?" codeListAgency="?" codeListName="?" codeListVersion="?">?</naa:CountrySubDivision>
                           <!--Zero or more repetitions:-->
                           <naa:Geocode ref="?">
                              <!--Optional:-->
                              <naa:AltimetricSystem codeName="?" codeListURI="?" codeListAgency="?" codeListName="?" codeListVersion="?">?</naa:AltimetricSystem>
                              <!--Optional:-->
                              <naa:Altitude Format="?">?</naa:Altitude>
                              <naa:Identification identificationSchemeName="?" identificationSchemeURI="?" identificationSchemeVersion="?" identificationSchemeAgency="?">?</naa:Identification>
                              <naa:Latitude Format="?">?</naa:Latitude>
                              <!--Optional:-->
                              <naa:LatitudeDirection codeName="?" codeListURI="?" codeListAgency="?" codeListName="?" codeListVersion="?">?</naa:LatitudeDirection>
                              <naa:Longitude Format="?">?</naa:Longitude>
                              <!--Optional:-->
                              <naa:LongitudeDirection codeName="?" codeListURI="?" codeListAgency="?" codeListName="?" codeListVersion="?">?</naa:LongitudeDirection>
                              <!--Optional:-->
                              <naa:System codeName="?" codeListURI="?" codeListAgency="?" codeListName="?" codeListVersion="?">?</naa:System>
                           </naa:Geocode>
                           <naa:Identification identificationSchemeName="?" identificationSchemeURI="?" identificationSchemeVersion="?" identificationSchemeAgency="?">?</naa:Identification>
                           <!--Optional:-->
                           <naa:LineFive LanguageIdentifier="?" LanguageLocaleIdentifier="?">?</naa:LineFive>
                           <!--Optional:-->
                           <naa:LineFour LanguageIdentifier="?" LanguageLocaleIdentifier="?">?</naa:LineFour>
                           <!--Optional:-->
                           <naa:LineOne LanguageIdentifier="?" LanguageLocaleIdentifier="?">?</naa:LineOne>
                           <!--Optional:-->
                           <naa:LineSix LanguageIdentifier="?" LanguageLocaleIdentifier="?">?</naa:LineSix>
                           <!--Optional:-->
                           <naa:LineThree LanguageIdentifier="?" LanguageLocaleIdentifier="?">?</naa:LineThree>
                           <!--Optional:-->
                           <naa:LineTwo LanguageIdentifier="?" LanguageLocaleIdentifier="?">?</naa:LineTwo>
                           <!--Optional:-->
                           <naa:PostOfficeBox LanguageIdentifier="?" LanguageLocaleIdentifier="?">?</naa:PostOfficeBox>
                           <!--Optional:-->
                           <naa:Postcode LanguageIdentifier="?" LanguageLocaleIdentifier="?">?</naa:Postcode>
                           <!--Optional:-->
                           <naa:StreetName LanguageIdentifier="?" LanguageLocaleIdentifier="?">?</naa:StreetName>
                           <!--Optional:-->
                           <naa:StreetSuffix codeName="?" codeListURI="?" codeListAgency="?" codeListName="?" codeListVersion="?">?</naa:StreetSuffix>
                           <!--Optional:-->
                           <naa:StreetType codeName="?" codeListURI="?" codeListAgency="?" codeListName="?" codeListVersion="?">?</naa:StreetType>
                           <!--Optional:-->
                           <naa:Usage codeName="?" codeListURI="?" codeListAgency="?" codeListName="?" codeListVersion="?">?</naa:Usage>
                           <!--Optional:-->
                           <naa:UsagePeriod ref="?">
                              <!--Optional:-->
                              <naa:Complete Format="?">?</naa:Complete>
                              <!--Optional:-->
                              <naa:Description LanguageIdentifier="?" LanguageLocaleIdentifier="?">?</naa:Description>
                              <!--Optional:-->
                              <naa:Duration UnitCode="?">?</naa:Duration>
                              <!--Optional:-->
                              <naa:End Format="?">?</naa:End>
                              <naa:Identification identificationSchemeName="?" identificationSchemeURI="?" identificationSchemeVersion="?" identificationSchemeAgency="?">?</naa:Identification>
                              <!--Optional:-->
                              <naa:Inclusive Format="?">?</naa:Inclusive>
                              <!--Optional:-->
                              <naa:Name LanguageIdentifier="?" LanguageLocaleIdentifier="?">?</naa:Name>
                              <!--Optional:-->
                              <naa:Sequence identificationSchemeName="?" identificationSchemeURI="?" identificationSchemeVersion="?" identificationSchemeAgency="?">?</naa:Sequence>
                              <naa:Start Format="?">?</naa:Start>
                           </naa:UsagePeriod>
                        </naa:PostalAddress>
                        <!--Zero or more repetitions:-->
                        <naa:Registration ref="?">
                           <!--Optional:-->
                           <naa:Category codeName="?" codeListURI="?" codeListAgency="?" codeListName="?" codeListVersion="?">?</naa:Category>
                           <!--Optional:-->
                           <naa:Country codeName="?" codeListURI="?" codeListAgency="?" codeListName="?" codeListVersion="?">?</naa:Country>
                           <naa:Identification identificationSchemeName="?" identificationSchemeURI="?" identificationSchemeVersion="?" identificationSchemeAgency="?">?</naa:Identification>
                           <!--Optional:-->
                           <naa:Licence identificationSchemeName="?" identificationSchemeURI="?" identificationSchemeVersion="?" identificationSchemeAgency="?">?</naa:Licence>
                           <!--Optional:-->
                           <naa:Recorded Format="?">?</naa:Recorded>
                           <!--Optional:-->
                           <naa:Type codeName="?" codeListURI="?" codeListAgency="?" codeListName="?" codeListVersion="?">?</naa:Type>
                           <!--Optional:-->
                           <naa:ValidityPeriod ref="?">
                              <!--Optional:-->
                              <naa:Complete Format="?">?</naa:Complete>
                              <!--Optional:-->
                              <naa:Description LanguageIdentifier="?" LanguageLocaleIdentifier="?">?</naa:Description>
                              <!--Optional:-->
                              <naa:Duration UnitCode="?">?</naa:Duration>
                              <!--Optional:-->
                              <naa:End Format="?">?</naa:End>
                              <naa:Identification identificationSchemeName="?" identificationSchemeURI="?" identificationSchemeVersion="?" identificationSchemeAgency="?">?</naa:Identification>
                              <!--Optional:-->
                              <naa:Inclusive Format="?">?</naa:Inclusive>
                              <!--Optional:-->
                              <naa:Name LanguageIdentifier="?" LanguageLocaleIdentifier="?">?</naa:Name>
                              <!--Optional:-->
                              <naa:Sequence identificationSchemeName="?" identificationSchemeURI="?" identificationSchemeVersion="?" identificationSchemeAgency="?">?</naa:Sequence>
                              <naa:Start Format="?">?</naa:Start>
                           </naa:ValidityPeriod>
                        </naa:Registration>
                        <!--Zero or more repetitions:-->
                        <naa:ResidentialAddress ref="?">
                           <!--Zero or more repetitions:-->
                           <naa:Address/>
                           <!--Optional:-->
                           <naa:BlockName LanguageIdentifier="?" LanguageLocaleIdentifier="?">?</naa:BlockName>
                           <!--Optional:-->
                           <naa:BuildingName LanguageIdentifier="?" LanguageLocaleIdentifier="?">?</naa:BuildingName>
                           <!--Optional:-->
                           <naa:BuildingNumber LanguageIdentifier="?" LanguageLocaleIdentifier="?">?</naa:BuildingNumber>
                           <!--Optional:-->
                           <naa:CityName LanguageIdentifier="?" LanguageLocaleIdentifier="?">?</naa:CityName>
                           <!--Optional:-->
                           <naa:Code codeName="?" codeListURI="?" codeListAgency="?" codeListName="?" codeListVersion="?">?</naa:Code>
                           <!--Optional:-->
                           <naa:CountryName codeName="?" codeListURI="?" codeListAgency="?" codeListName="?" codeListVersion="?">?</naa:CountryName>
                           <!--Optional:-->
                           <naa:CountrySubDivision codeName="?" codeListURI="?" codeListAgency="?" codeListName="?" codeListVersion="?">?</naa:CountrySubDivision>
                           <!--Zero or more repetitions:-->
                           <naa:Geocode ref="?">
                              <!--Optional:-->
                              <naa:AltimetricSystem codeName="?" codeListURI="?" codeListAgency="?" codeListName="?" codeListVersion="?">?</naa:AltimetricSystem>
                              <!--Optional:-->
                              <naa:Altitude Format="?">?</naa:Altitude>
                              <naa:Identification identificationSchemeName="?" identificationSchemeURI="?" identificationSchemeVersion="?" identificationSchemeAgency="?">?</naa:Identification>
                              <naa:Latitude Format="?">?</naa:Latitude>
                              <!--Optional:-->
                              <naa:LatitudeDirection codeName="?" codeListURI="?" codeListAgency="?" codeListName="?" codeListVersion="?">?</naa:LatitudeDirection>
                              <naa:Longitude Format="?">?</naa:Longitude>
                              <!--Optional:-->
                              <naa:LongitudeDirection codeName="?" codeListURI="?" codeListAgency="?" codeListName="?" codeListVersion="?">?</naa:LongitudeDirection>
                              <!--Optional:-->
                              <naa:System codeName="?" codeListURI="?" codeListAgency="?" codeListName="?" codeListVersion="?">?</naa:System>
                           </naa:Geocode>
                           <naa:Identification identificationSchemeName="?" identificationSchemeURI="?" identificationSchemeVersion="?" identificationSchemeAgency="?">?</naa:Identification>
                           <!--Optional:-->
                           <naa:LineFive LanguageIdentifier="?" LanguageLocaleIdentifier="?">?</naa:LineFive>
                           <!--Optional:-->
                           <naa:LineFour LanguageIdentifier="?" LanguageLocaleIdentifier="?">?</naa:LineFour>
                           <!--Optional:-->
                           <naa:LineOne LanguageIdentifier="?" LanguageLocaleIdentifier="?">?</naa:LineOne>
                           <!--Optional:-->
                           <naa:LineSix LanguageIdentifier="?" LanguageLocaleIdentifier="?">?</naa:LineSix>
                           <!--Optional:-->
                           <naa:LineThree LanguageIdentifier="?" LanguageLocaleIdentifier="?">?</naa:LineThree>
                           <!--Optional:-->
                           <naa:LineTwo LanguageIdentifier="?" LanguageLocaleIdentifier="?">?</naa:LineTwo>
                           <!--Optional:-->
                           <naa:PostOfficeBox LanguageIdentifier="?" LanguageLocaleIdentifier="?">?</naa:PostOfficeBox>
                           <!--Optional:-->
                           <naa:Postcode LanguageIdentifier="?" LanguageLocaleIdentifier="?">?</naa:Postcode>
                           <!--Optional:-->
                           <naa:StreetName LanguageIdentifier="?" LanguageLocaleIdentifier="?">?</naa:StreetName>
                           <!--Optional:-->
                           <naa:StreetSuffix codeName="?" codeListURI="?" codeListAgency="?" codeListName="?" codeListVersion="?">?</naa:StreetSuffix>
                           <!--Optional:-->
                           <naa:StreetType codeName="?" codeListURI="?" codeListAgency="?" codeListName="?" codeListVersion="?">?</naa:StreetType>
                           <!--Optional:-->
                           <naa:Usage codeName="?" codeListURI="?" codeListAgency="?" codeListName="?" codeListVersion="?">?</naa:Usage>
                           <!--Optional:-->
                           <naa:UsagePeriod ref="?">
                              <!--Optional:-->
                              <naa:Complete Format="?">?</naa:Complete>
                              <!--Optional:-->
                              <naa:Description LanguageIdentifier="?" LanguageLocaleIdentifier="?">?</naa:Description>
                              <!--Optional:-->
                              <naa:Duration UnitCode="?">?</naa:Duration>
                              <!--Optional:-->
                              <naa:End Format="?">?</naa:End>
                              <naa:Identification identificationSchemeName="?" identificationSchemeURI="?" identificationSchemeVersion="?" identificationSchemeAgency="?">?</naa:Identification>
                              <!--Optional:-->
                              <naa:Inclusive Format="?">?</naa:Inclusive>
                              <!--Optional:-->
                              <naa:Name LanguageIdentifier="?" LanguageLocaleIdentifier="?">?</naa:Name>
                              <!--Optional:-->
                              <naa:Sequence identificationSchemeName="?" identificationSchemeURI="?" identificationSchemeVersion="?" identificationSchemeAgency="?">?</naa:Sequence>
                              <naa:Start Format="?">?</naa:Start>
                           </naa:UsagePeriod>
                        </naa:ResidentialAddress>
                        <!--Zero or more repetitions:-->
                        <naa:Status ref="?">
                           <naa:Code codeName="?" codeListURI="?" codeListAgency="?" codeListName="?" codeListVersion="?">?</naa:Code>
                           <!--Optional:-->
                           <naa:Description LanguageIdentifier="?" LanguageLocaleIdentifier="?">?</naa:Description>
                           <!--Optional:-->
                           <naa:ValidityPeriod ref="?">
                              <!--Optional:-->
                              <naa:Complete Format="?">?</naa:Complete>
                              <!--Optional:-->
                              <naa:Description LanguageIdentifier="?" LanguageLocaleIdentifier="?">?</naa:Description>
                              <!--Optional:-->
                              <naa:Duration UnitCode="?">?</naa:Duration>
                              <!--Optional:-->
                              <naa:End Format="?">?</naa:End>
                              <naa:Identification identificationSchemeName="?" identificationSchemeURI="?" identificationSchemeVersion="?" identificationSchemeAgency="?">?</naa:Identification>
                              <!--Optional:-->
                              <naa:Inclusive Format="?">?</naa:Inclusive>
                              <!--Optional:-->
                              <naa:Name LanguageIdentifier="?" LanguageLocaleIdentifier="?">?</naa:Name>
                              <!--Optional:-->
                              <naa:Sequence identificationSchemeName="?" identificationSchemeURI="?" identificationSchemeVersion="?" identificationSchemeAgency="?">?</naa:Sequence>
                              <naa:Start Format="?">?</naa:Start>
                           </naa:ValidityPeriod>
                        </naa:Status>
                        <!--Zero or more repetitions:-->
                        <naa:Telephone ref="?">
                           <!--Optional:-->
                           <naa:AreaCode codeName="?" codeListURI="?" codeListAgency="?" codeListName="?" codeListVersion="?">?</naa:AreaCode>
                           <!--Optional:-->
                           <naa:CountryCode codeName="?" codeListURI="?" codeListAgency="?" codeListName="?" codeListVersion="?">?</naa:CountryCode>
                           <!--Optional:-->
                           <naa:Extension LanguageIdentifier="?" LanguageLocaleIdentifier="?">?</naa:Extension>
                           <naa:Number identificationSchemeName="?" identificationSchemeURI="?" identificationSchemeVersion="?" identificationSchemeAgency="?">?</naa:Number>
                           <naa:Type codeName="?" codeListURI="?" codeListAgency="?" codeListName="?" codeListVersion="?">?</naa:Type>
                        </naa:Telephone>
                     </naa:Person>
                     <naa:Identification identificationSchemeName="?" identificationSchemeURI="?" identificationSchemeVersion="?" identificationSchemeAgency="?">?</naa:Identification>
                     <!--Optional:-->
                     <naa:Language codeName="?" codeListURI="?" codeListAgency="?" codeListName="?" codeListVersion="?">?</naa:Language>
                     <naa:Name LanguageIdentifier="?" LanguageLocaleIdentifier="?">?</naa:Name>
                     <!--Optional:-->
                     <naa:Type LanguageIdentifier="?" LanguageLocaleIdentifier="?">?</naa:Type>
                  </da:Party>
                  <!--Optional:-->
                  <da:Type codeName="?" codeListURI="?" codeListAgency="?" codeListName="?" codeListVersion="?">?</da:Type>
               </da:ReferrerPartyRole>
               <!--Optional:-->
               <da:Type codeName="?" codeListURI="?" codeListAgency="?" codeListName="?" codeListVersion="?">?</da:Type>
            </da:ReferralObligation>
            <!--Optional:-->
            <da:Status codeName="?" codeListURI="?" codeListAgency="?" codeListName="?" codeListVersion="?">?</da:Status>
            <!--Zero or more repetitions:-->
            <da:SubjectLand ref="?">
               <!--Optional:-->
               <da:Address ref="?">
                  <!--Zero or more repetitions:-->
                  <naa:Address/>
                  <!--Optional:-->
                  <naa:BlockName LanguageIdentifier="?" LanguageLocaleIdentifier="?">?</naa:BlockName>
                  <!--Optional:-->
                  <naa:BuildingName LanguageIdentifier="?" LanguageLocaleIdentifier="?">?</naa:BuildingName>
                  <!--Optional:-->
                  <naa:BuildingNumber LanguageIdentifier="?" LanguageLocaleIdentifier="?">?</naa:BuildingNumber>
                  <!--Optional:-->
                  <naa:CityName LanguageIdentifier="?" LanguageLocaleIdentifier="?">?</naa:CityName>
                  <!--Optional:-->
                  <naa:Code codeName="?" codeListURI="?" codeListAgency="?" codeListName="?" codeListVersion="?">?</naa:Code>
                  <!--Optional:-->
                  <naa:CountryName codeName="?" codeListURI="?" codeListAgency="?" codeListName="?" codeListVersion="?">?</naa:CountryName>
                  <!--Optional:-->
                  <naa:CountrySubDivision codeName="?" codeListURI="?" codeListAgency="?" codeListName="?" codeListVersion="?">?</naa:CountrySubDivision>
                  <!--Zero or more repetitions:-->
                  <naa:Geocode ref="?">
                     <!--Optional:-->
                     <naa:AltimetricSystem codeName="?" codeListURI="?" codeListAgency="?" codeListName="?" codeListVersion="?">?</naa:AltimetricSystem>
                     <!--Optional:-->
                     <naa:Altitude Format="?">?</naa:Altitude>
                     <naa:Identification identificationSchemeName="?" identificationSchemeURI="?" identificationSchemeVersion="?" identificationSchemeAgency="?">?</naa:Identification>
                     <naa:Latitude Format="?">?</naa:Latitude>
                     <!--Optional:-->
                     <naa:LatitudeDirection codeName="?" codeListURI="?" codeListAgency="?" codeListName="?" codeListVersion="?">?</naa:LatitudeDirection>
                     <naa:Longitude Format="?">?</naa:Longitude>
                     <!--Optional:-->
                     <naa:LongitudeDirection codeName="?" codeListURI="?" codeListAgency="?" codeListName="?" codeListVersion="?">?</naa:LongitudeDirection>
                     <!--Optional:-->
                     <naa:System codeName="?" codeListURI="?" codeListAgency="?" codeListName="?" codeListVersion="?">?</naa:System>
                  </naa:Geocode>
                  <naa:Identification identificationSchemeName="?" identificationSchemeURI="?" identificationSchemeVersion="?" identificationSchemeAgency="?">?</naa:Identification>
                  <!--Optional:-->
                  <naa:LineFive LanguageIdentifier="?" LanguageLocaleIdentifier="?">?</naa:LineFive>
                  <!--Optional:-->
                  <naa:LineFour LanguageIdentifier="?" LanguageLocaleIdentifier="?">?</naa:LineFour>
                  <!--Optional:-->
                  <naa:LineOne LanguageIdentifier="?" LanguageLocaleIdentifier="?">?</naa:LineOne>
                  <!--Optional:-->
                  <naa:LineSix LanguageIdentifier="?" LanguageLocaleIdentifier="?">?</naa:LineSix>
                  <!--Optional:-->
                  <naa:LineThree LanguageIdentifier="?" LanguageLocaleIdentifier="?">?</naa:LineThree>
                  <!--Optional:-->
                  <naa:LineTwo LanguageIdentifier="?" LanguageLocaleIdentifier="?">?</naa:LineTwo>
                  <!--Optional:-->
                  <naa:PostOfficeBox LanguageIdentifier="?" LanguageLocaleIdentifier="?">?</naa:PostOfficeBox>
                  <!--Optional:-->
                  <naa:Postcode LanguageIdentifier="?" LanguageLocaleIdentifier="?">?</naa:Postcode>
                  <!--Optional:-->
                  <naa:StreetName LanguageIdentifier="?" LanguageLocaleIdentifier="?">?</naa:StreetName>
                  <!--Optional:-->
                  <naa:StreetSuffix codeName="?" codeListURI="?" codeListAgency="?" codeListName="?" codeListVersion="?">?</naa:StreetSuffix>
                  <!--Optional:-->
                  <naa:StreetType codeName="?" codeListURI="?" codeListAgency="?" codeListName="?" codeListVersion="?">?</naa:StreetType>
                  <!--Optional:-->
                  <naa:Usage codeName="?" codeListURI="?" codeListAgency="?" codeListName="?" codeListVersion="?">?</naa:Usage>
                  <!--Optional:-->
                  <naa:UsagePeriod ref="?">
                     <!--Optional:-->
                     <naa:Complete Format="?">?</naa:Complete>
                     <!--Optional:-->
                     <naa:Description LanguageIdentifier="?" LanguageLocaleIdentifier="?">?</naa:Description>
                     <!--Optional:-->
                     <naa:Duration UnitCode="?">?</naa:Duration>
                     <!--Optional:-->
                     <naa:End Format="?">?</naa:End>
                     <naa:Identification identificationSchemeName="?" identificationSchemeURI="?" identificationSchemeVersion="?" identificationSchemeAgency="?">?</naa:Identification>
                     <!--Optional:-->
                     <naa:Inclusive Format="?">?</naa:Inclusive>
                     <!--Optional:-->
                     <naa:Name LanguageIdentifier="?" LanguageLocaleIdentifier="?">?</naa:Name>
                     <!--Optional:-->
                     <naa:Sequence identificationSchemeName="?" identificationSchemeURI="?" identificationSchemeVersion="?" identificationSchemeAgency="?">?</naa:Sequence>
                     <naa:Start Format="?">?</naa:Start>
                  </naa:UsagePeriod>
               </da:Address>
               <!--Optional:-->
               <da:Attachment ref="?">
                  <!--Zero or more repetitions:-->
                  <da:Contributor LanguageIdentifier="?" LanguageLocaleIdentifier="?">?</da:Contributor>
                  <!--Zero or more repetitions:-->
                  <da:Coverage LanguageIdentifier="?" LanguageLocaleIdentifier="?">?</da:Coverage>
                  <!--Zero or more repetitions:-->
                  <da:Creator LanguageIdentifier="?" LanguageLocaleIdentifier="?">?</da:Creator>
                  <!--Optional:-->
                  <da:Date Format="?">?</da:Date>
                  <!--Zero or more repetitions:-->
                  <da:Description LanguageIdentifier="?" LanguageLocaleIdentifier="?">?</da:Description>
                  <!--Optional:-->
                  <da:Format LanguageIdentifier="?" LanguageLocaleIdentifier="?">?</da:Format>
                  <da:Identification identificationSchemeName="?" identificationSchemeURI="?" identificationSchemeVersion="?" identificationSchemeAgency="?">?</da:Identification>
                  <!--Zero or more repetitions:-->
                  <da:Language LanguageIdentifier="?" LanguageLocaleIdentifier="?">?</da:Language>
                  <!--Zero or more repetitions:-->
                  <da:Publisher LanguageIdentifier="?" LanguageLocaleIdentifier="?">?</da:Publisher>
                  <!--Zero or more repetitions:-->
                  <da:Relation LanguageIdentifier="?" LanguageLocaleIdentifier="?">?</da:Relation>
                  <!--Zero or more repetitions:-->
                  <da:Rights LanguageIdentifier="?" LanguageLocaleIdentifier="?">?</da:Rights>
                  <!--Optional:-->
                  <da:Size UnitCode="?">?</da:Size>
                  <!--Zero or more repetitions:-->
                  <da:Source LanguageIdentifier="?" LanguageLocaleIdentifier="?">?</da:Source>
                  <!--Optional:-->
                  <da:Subject LanguageIdentifier="?" LanguageLocaleIdentifier="?">?</da:Subject>
                  <!--Optional:-->
                  <da:Title LanguageIdentifier="?" LanguageLocaleIdentifier="?">?</da:Title>
                  <!--Optional:-->
                  <da:Type LanguageIdentifier="?" LanguageLocaleIdentifier="?">?</da:Type>
                  <!--Optional:-->
                  <da:Version LanguageIdentifier="?" LanguageLocaleIdentifier="?">?</da:Version>
                  <!--You have a CHOICE of the next 2 items at this level-->
                  <!--Optional:-->
                  <da:Attachment Format="?" MimeCode="?" CharacterSetCode="?" EncodingCode="?" UniformResourceIdentifier="?" Filename="?">cid:238592938081</da:Attachment>
                  <!--Optional:-->
                  <da:URI>?</da:URI>
               </da:Attachment>
               <!--Zero or more repetitions:-->
               <da:Comments LanguageIdentifier="?" LanguageLocaleIdentifier="?">?</da:Comments>
               <!--Optional:-->
               <da:Document ref="?">
                  <lab:DocumentNo identificationSchemeName="?" identificationSchemeURI="?" identificationSchemeVersion="?" identificationSchemeAgency="?">?</lab:DocumentNo>
                  <!--Optional:-->
                  <lab:DocumentStatus codeName="?" codeListURI="?" codeListAgency="?" codeListName="?" codeListVersion="?">?</lab:DocumentStatus>
                  <lab:Jurisdiction codeName="?" codeListURI="?" codeListAgency="?" codeListName="?" codeListVersion="?">?</lab:Jurisdiction>
                  <!--Optional:-->
                  <lab:SubmissionDate Format="?">?</lab:SubmissionDate>
                  <lab:SurveyDocument ref="?">
                     <!--Zero or more repetitions:-->
                     <lab:AdministrativeArea ref="?">
                        <!--Optional:-->
                        <lab:AdminAreaCode codeName="?" codeListURI="?" codeListAgency="?" codeListName="?" codeListVersion="?">?</lab:AdminAreaCode>
                        <lab:AdminAreaName LanguageIdentifier="?" LanguageLocaleIdentifier="?">?</lab:AdminAreaName>
                        <lab:AdminAreaType codeName="?" codeListURI="?" codeListAgency="?" codeListName="?" codeListVersion="?">?</lab:AdminAreaType>
                     </lab:AdministrativeArea>
                     <!--Zero or more repetitions:-->
                     <lab:AdministrativeDate codeName="?" codeListURI="?" codeListAgency="?" codeListName="?" codeListVersion="?">?</lab:AdministrativeDate>
                     <!--Zero or more repetitions:-->
                     <lab:Annotation ref="?">
                        <!--Optional:-->
                        <lab:Desc LanguageIdentifier="?" LanguageLocaleIdentifier="?">?</lab:Desc>
                        <lab:Name LanguageIdentifier="?" LanguageLocaleIdentifier="?">?</lab:Name>
                        <lab:Type codeName="?" codeListURI="?" codeListAgency="?" codeListName="?" codeListVersion="?">?</lab:Type>
                     </lab:Annotation>
                     <!--Optional:-->
                     <lab:HeadOfPower codeName="?" codeListURI="?" codeListAgency="?" codeListName="?" codeListVersion="?">?</lab:HeadOfPower>
                     <!--Zero or more repetitions:-->
                     <lab:Note LanguageIdentifier="?" LanguageLocaleIdentifier="?">?</lab:Note>
                     <!--Optional:-->
                     <lab:Status codeName="?" codeListURI="?" codeListAgency="?" codeListName="?" codeListVersion="?">?</lab:Status>
                     <!--1 or more repetitions:-->
                     <lab:Survey ref="?">
                        <lab:CoordinateSystem ref="?">
                           <!--Optional:-->
                           <lab:Description LanguageIdentifier="?" LanguageLocaleIdentifier="?">?</lab:Description>
                           <lab:HorizontalDatumName codeName="?" codeListURI="?" codeListAgency="?" codeListName="?" codeListVersion="?">?</lab:HorizontalDatumName>
                           <!--Optional:-->
                           <lab:VerticalDatumName codeName="?" codeListURI="?" codeListAgency="?" codeListName="?" codeListVersion="?">?</lab:VerticalDatumName>
                        </lab:CoordinateSystem>
                        <!--Optional:-->
                        <lab:FieldNoteFlag Format="?">?</lab:FieldNoteFlag>
                        <!--Zero or more repetitions:-->
                        <lab:FieldNoteReference LanguageIdentifier="?" LanguageLocaleIdentifier="?">?</lab:FieldNoteReference>
                        <!--Zero or more repetitions:-->
                        <lab:FieldReport LanguageIdentifier="?" LanguageLocaleIdentifier="?">?</lab:FieldReport>
                        <!--Optional:-->
                        <lab:FileReference LanguageIdentifier="?" LanguageLocaleIdentifier="?">?</lab:FileReference>
                        <!--Zero or more repetitions:-->
                        <lab:Parcel ref="?">
                           <!--Optional:-->
                           <lab:BuildingLevelNo LanguageIdentifier="?" LanguageLocaleIdentifier="?">?</lab:BuildingLevelNo>
                           <!--Optional:-->
                           <lab:BuildingNo LanguageIdentifier="?" LanguageLocaleIdentifier="?">?</lab:BuildingNo>
                           <lab:Classification codeName="?" codeListURI="?" codeListAgency="?" codeListName="?" codeListVersion="?">?</lab:Classification>
                           <!--Optional:-->
                           <lab:Desc LanguageIdentifier="?" LanguageLocaleIdentifier="?">?</lab:Desc>
                           <!--Optional:-->
                           <lab:Encroachment ref="?">
                              <!--Optional:-->
                              <lab:Desc LanguageIdentifier="?" LanguageLocaleIdentifier="?">?</lab:Desc>
                              <lab:Name LanguageIdentifier="?" LanguageLocaleIdentifier="?">?</lab:Name>
                              <!--Optional:-->
                              <lab:PointList LanguageIdentifier="?" LanguageLocaleIdentifier="?">?</lab:PointList>
                              <!--Optional:-->
                              <lab:Type codeName="?" codeListURI="?" codeListAgency="?" codeListName="?" codeListVersion="?">?</lab:Type>
                           </lab:Encroachment>
                           <!--Zero or more repetitions:-->
                           <lab:ExclusionAreas ref="?">
                              <lab:Area Format="?">?</lab:Area>
                              <lab:ExclusionType codeName="?" codeListURI="?" codeListAgency="?" codeListName="?" codeListVersion="?">?</lab:ExclusionType>
                              <lab:Pclref LanguageIdentifier="?" LanguageLocaleIdentifier="?">?</lab:Pclref>
                           </lab:ExclusionAreas>
                           <!--Optional:-->
                           <lab:Name LanguageIdentifier="?" LanguageLocaleIdentifier="?">?</lab:Name>
                           <!--Zero or more repetitions:-->
                           <lab:Note LanguageIdentifier="?" LanguageLocaleIdentifier="?">?</lab:Note>
                           <!--Optional:-->
                           <lab:OID identificationSchemeName="?" identificationSchemeURI="?" identificationSchemeVersion="?" identificationSchemeAgency="?">?</lab:OID>
                           <!--Zero or more repetitions:-->
                           <lab:Parcel/>
                           <!--Optional:-->
                           <lab:ParcelFormat codeName="?" codeListURI="?" codeListAgency="?" codeListName="?" codeListVersion="?">?</lab:ParcelFormat>
                           <!--Optional:-->
                           <lab:Polygon ref="?">
                              <!--Optional:-->
                              <lab:Centroid LanguageIdentifier="?" LanguageLocaleIdentifier="?">?</lab:Centroid>
                              <!--Optional:-->
                              <lab:Desc LanguageIdentifier="?" LanguageLocaleIdentifier="?">?</lab:Desc>
                              <!--2 or more repetitions:-->
                              <lab:Line ref="?">
                                 <!--Optional:-->
                                 <lab:Desc LanguageIdentifier="?" LanguageLocaleIdentifier="?">?</lab:Desc>
                                 <!--Optional:-->
                                 <lab:Dir Format="?">?</lab:Dir>
                                 <!--Optional:-->
                                 <lab:Length UnitCode="?">?</lab:Length>
                                 <lab:Name LanguageIdentifier="?" LanguageLocaleIdentifier="?">?</lab:Name>
                                 <!--Zero or more repetitions:-->
                                 <lab:Note LanguageIdentifier="?" LanguageLocaleIdentifier="?">?</lab:Note>
                                 <lab:OID identificationSchemeName="?" identificationSchemeURI="?" identificationSchemeVersion="?" identificationSchemeAgency="?">?</lab:OID>
                                 <!--Optional:-->
                                 <lab:PointList LanguageIdentifier="?" LanguageLocaleIdentifier="?">?</lab:PointList>
                                 <!--Optional:-->
                                 <lab:Radius Format="?">?</lab:Radius>
                                 <!--Optional:-->
                                 <lab:Rot LanguageIdentifier="?" LanguageLocaleIdentifier="?">?</lab:Rot>
                                 <!--Optional:-->
                                 <lab:Source LanguageIdentifier="?" LanguageLocaleIdentifier="?">?</lab:Source>
                                 <lab:State codeName="?" codeListURI="?" codeListAgency="?" codeListName="?" codeListVersion="?">?</lab:State>
                              </lab:Line>
                              <lab:Line ref="?">
                                 <!--Optional:-->
                                 <lab:Desc LanguageIdentifier="?" LanguageLocaleIdentifier="?">?</lab:Desc>
                                 <!--Optional:-->
                                 <lab:Dir Format="?">?</lab:Dir>
                                 <!--Optional:-->
                                 <lab:Length UnitCode="?">?</lab:Length>
                                 <lab:Name LanguageIdentifier="?" LanguageLocaleIdentifier="?">?</lab:Name>
                                 <!--Zero or more repetitions:-->
                                 <lab:Note LanguageIdentifier="?" LanguageLocaleIdentifier="?">?</lab:Note>
                                 <lab:OID identificationSchemeName="?" identificationSchemeURI="?" identificationSchemeVersion="?" identificationSchemeAgency="?">?</lab:OID>
                                 <!--Optional:-->
                                 <lab:PointList LanguageIdentifier="?" LanguageLocaleIdentifier="?">?</lab:PointList>
                                 <!--Optional:-->
                                 <lab:Radius Format="?">?</lab:Radius>
                                 <!--Optional:-->
                                 <lab:Rot LanguageIdentifier="?" LanguageLocaleIdentifier="?">?</lab:Rot>
                                 <!--Optional:-->
                                 <lab:Source LanguageIdentifier="?" LanguageLocaleIdentifier="?">?</lab:Source>
                                 <lab:State codeName="?" codeListURI="?" codeListAgency="?" codeListName="?" codeListVersion="?">?</lab:State>
                              </lab:Line>
                              <lab:Name LanguageIdentifier="?" LanguageLocaleIdentifier="?">?</lab:Name>
                              <lab:OID identificationSchemeName="?" identificationSchemeURI="?" identificationSchemeVersion="?" identificationSchemeAgency="?">?</lab:OID>
                              <!--Optional:-->
                              <lab:State codeName="?" codeListURI="?" codeListAgency="?" codeListName="?" codeListVersion="?">?</lab:State>
                           </lab:Polygon>
                           <!--Optional:-->
                           <lab:SchemeLand ref="?">
                              <!--Optional:-->
                              <lab:LiabilityApportionment LanguageIdentifier="?" LanguageLocaleIdentifier="?">?</lab:LiabilityApportionment>
                              <!--Optional:-->
                              <lab:LotEntitlements LanguageIdentifier="?" LanguageLocaleIdentifier="?">?</lab:LotEntitlements>
                           </lab:SchemeLand>
                           <!--Optional:-->
                           <lab:State codeName="?" codeListURI="?" codeListAgency="?" codeListName="?" codeListVersion="?">?</lab:State>
                           <!--Zero or more repetitions:-->
                           <lab:TitleReference ref="?">
                              <lab:Name LanguageIdentifier="?" LanguageLocaleIdentifier="?">?</lab:Name>
                              <lab:TitleType codeName="?" codeListURI="?" codeListAgency="?" codeListName="?" codeListVersion="?">?</lab:TitleType>
                           </lab:TitleReference>
                           <!--Zero or more repetitions:-->
                           <lab:UseOfParcel codeName="?" codeListURI="?" codeListAgency="?" codeListName="?" codeListVersion="?">?</lab:UseOfParcel>
                           <!--Optional:-->
                           <lab:Volume Format="?">?</lab:Volume>
                        </lab:Parcel>
                        <!--Zero or more repetitions:-->
                        <lab:PurposeOfSurvey codeName="?" codeListURI="?" codeListAgency="?" codeListName="?" codeListVersion="?">?</lab:PurposeOfSurvey>
                        <!--Optional:-->
                        <lab:SurveyCancDesc LanguageIdentifier="?" LanguageLocaleIdentifier="?">?</lab:SurveyCancDesc>
                        <!--Optional:-->
                        <lab:SurveyDesc LanguageIdentifier="?" LanguageLocaleIdentifier="?">?</lab:SurveyDesc>
                        <!--Zero or more repetitions:-->
                        <lab:SurveyPoint ref="?">
                           <!--Optional:-->
                           <lab:Code codeName="?" codeListURI="?" codeListAgency="?" codeListName="?" codeListVersion="?">?</lab:Code>
                           <!--Optional:-->
                           <lab:Desc LanguageIdentifier="?" LanguageLocaleIdentifier="?">?</lab:Desc>
                           <lab:Line ref="?">
                              <!--Optional:-->
                              <lab:Desc LanguageIdentifier="?" LanguageLocaleIdentifier="?">?</lab:Desc>
                              <!--Optional:-->
                              <lab:Dir Format="?">?</lab:Dir>
                              <!--Optional:-->
                              <lab:Length UnitCode="?">?</lab:Length>
                              <lab:Name LanguageIdentifier="?" LanguageLocaleIdentifier="?">?</lab:Name>
                              <!--Zero or more repetitions:-->
                              <lab:Note LanguageIdentifier="?" LanguageLocaleIdentifier="?">?</lab:Note>
                              <lab:OID identificationSchemeName="?" identificationSchemeURI="?" identificationSchemeVersion="?" identificationSchemeAgency="?">?</lab:OID>
                              <!--Optional:-->
                              <lab:PointList LanguageIdentifier="?" LanguageLocaleIdentifier="?">?</lab:PointList>
                              <!--Optional:-->
                              <lab:Radius Format="?">?</lab:Radius>
                              <!--Optional:-->
                              <lab:Rot LanguageIdentifier="?" LanguageLocaleIdentifier="?">?</lab:Rot>
                              <!--Optional:-->
                              <lab:Source LanguageIdentifier="?" LanguageLocaleIdentifier="?">?</lab:Source>
                              <lab:State codeName="?" codeListURI="?" codeListAgency="?" codeListName="?" codeListVersion="?">?</lab:State>
                           </lab:Line>
                           <lab:Line ref="?">
                              <!--Optional:-->
                              <lab:Desc LanguageIdentifier="?" LanguageLocaleIdentifier="?">?</lab:Desc>
                              <!--Optional:-->
                              <lab:Dir Format="?">?</lab:Dir>
                              <!--Optional:-->
                              <lab:Length UnitCode="?">?</lab:Length>
                              <lab:Name LanguageIdentifier="?" LanguageLocaleIdentifier="?">?</lab:Name>
                              <!--Zero or more repetitions:-->
                              <lab:Note LanguageIdentifier="?" LanguageLocaleIdentifier="?">?</lab:Note>
                              <lab:OID identificationSchemeName="?" identificationSchemeURI="?" identificationSchemeVersion="?" identificationSchemeAgency="?">?</lab:OID>
                              <!--Optional:-->
                              <lab:PointList LanguageIdentifier="?" LanguageLocaleIdentifier="?">?</lab:PointList>
                              <!--Optional:-->
                              <lab:Radius Format="?">?</lab:Radius>
                              <!--Optional:-->
                              <lab:Rot LanguageIdentifier="?" LanguageLocaleIdentifier="?">?</lab:Rot>
                              <!--Optional:-->
                              <lab:Source LanguageIdentifier="?" LanguageLocaleIdentifier="?">?</lab:Source>
                              <lab:State codeName="?" codeListURI="?" codeListAgency="?" codeListName="?" codeListVersion="?">?</lab:State>
                           </lab:Line>
                           <lab:Name LanguageIdentifier="?" LanguageLocaleIdentifier="?">?</lab:Name>
                           <lab:OID identificationSchemeName="?" identificationSchemeURI="?" identificationSchemeVersion="?" identificationSchemeAgency="?">?</lab:OID>
                           <!--Optional:-->
                           <lab:PntSurv LanguageIdentifier="?" LanguageLocaleIdentifier="?">?</lab:PntSurv>
                           <!--Optional:-->
                           <lab:Role LanguageIdentifier="?" LanguageLocaleIdentifier="?">?</lab:Role>
                           <!--Optional:-->
                           <lab:State codeName="?" codeListURI="?" codeListAgency="?" codeListName="?" codeListVersion="?">?</lab:State>
                           <!--Optional:-->
                           <lab:SurveyOrder Format="?">?</lab:SurveyOrder>
                           <!--Optional:-->
                           <lab:ThreeDPoint LanguageIdentifier="?" LanguageLocaleIdentifier="?">?</lab:ThreeDPoint>
                           <!--Optional:-->
                           <lab:TwoDPoint LanguageIdentifier="?" LanguageLocaleIdentifier="?">?</lab:TwoDPoint>
                           <!--Optional:-->
                           <lab:ZoneNumber Format="?">?</lab:ZoneNumber>
                        </lab:SurveyPoint>
                        <!--Optional:-->
                        <lab:SurveyType codeName="?" codeListURI="?" codeListAgency="?" codeListName="?" codeListVersion="?">?</lab:SurveyType>
                     </lab:Survey>
                     <!--Optional:-->
                     <lab:SurveyFormat codeName="?" codeListURI="?" codeListAgency="?" codeListName="?" codeListVersion="?">?</lab:SurveyFormat>
                  </lab:SurveyDocument>
                  <!--Optional:-->
                  <lab:VersionDate Format="?">?</lab:VersionDate>
                  <!--Optional:-->
                  <lab:VersionNumber Format="?">?</lab:VersionNumber>
               </da:Document>
               <!--Optional:-->
               <da:Parcel ref="?">
                  <!--Optional:-->
                  <lab:BuildingLevelNo LanguageIdentifier="?" LanguageLocaleIdentifier="?">?</lab:BuildingLevelNo>
                  <!--Optional:-->
                  <lab:BuildingNo LanguageIdentifier="?" LanguageLocaleIdentifier="?">?</lab:BuildingNo>
                  <lab:Classification codeName="?" codeListURI="?" codeListAgency="?" codeListName="?" codeListVersion="?">?</lab:Classification>
                  <!--Optional:-->
                  <lab:Desc LanguageIdentifier="?" LanguageLocaleIdentifier="?">?</lab:Desc>
                  <!--Optional:-->
                  <lab:Encroachment ref="?">
                     <!--Optional:-->
                     <lab:Desc LanguageIdentifier="?" LanguageLocaleIdentifier="?">?</lab:Desc>
                     <lab:Name LanguageIdentifier="?" LanguageLocaleIdentifier="?">?</lab:Name>
                     <!--Optional:-->
                     <lab:PointList LanguageIdentifier="?" LanguageLocaleIdentifier="?">?</lab:PointList>
                     <!--Optional:-->
                     <lab:Type codeName="?" codeListURI="?" codeListAgency="?" codeListName="?" codeListVersion="?">?</lab:Type>
                  </lab:Encroachment>
                  <!--Zero or more repetitions:-->
                  <lab:ExclusionAreas ref="?">
                     <lab:Area Format="?">?</lab:Area>
                     <lab:ExclusionType codeName="?" codeListURI="?" codeListAgency="?" codeListName="?" codeListVersion="?">?</lab:ExclusionType>
                     <lab:Pclref LanguageIdentifier="?" LanguageLocaleIdentifier="?">?</lab:Pclref>
                  </lab:ExclusionAreas>
                  <!--Optional:-->
                  <lab:Name LanguageIdentifier="?" LanguageLocaleIdentifier="?">?</lab:Name>
                  <!--Zero or more repetitions:-->
                  <lab:Note LanguageIdentifier="?" LanguageLocaleIdentifier="?">?</lab:Note>
                  <!--Optional:-->
                  <lab:OID identificationSchemeName="?" identificationSchemeURI="?" identificationSchemeVersion="?" identificationSchemeAgency="?">?</lab:OID>
                  <!--Zero or more repetitions:-->
                  <lab:Parcel/>
                  <!--Optional:-->
                  <lab:ParcelFormat codeName="?" codeListURI="?" codeListAgency="?" codeListName="?" codeListVersion="?">?</lab:ParcelFormat>
                  <!--Optional:-->
                  <lab:Polygon ref="?">
                     <!--Optional:-->
                     <lab:Centroid LanguageIdentifier="?" LanguageLocaleIdentifier="?">?</lab:Centroid>
                     <!--Optional:-->
                     <lab:Desc LanguageIdentifier="?" LanguageLocaleIdentifier="?">?</lab:Desc>
                     <!--2 or more repetitions:-->
                     <lab:Line ref="?">
                        <!--Optional:-->
                        <lab:Desc LanguageIdentifier="?" LanguageLocaleIdentifier="?">?</lab:Desc>
                        <!--Optional:-->
                        <lab:Dir Format="?">?</lab:Dir>
                        <!--Optional:-->
                        <lab:Length UnitCode="?">?</lab:Length>
                        <lab:Name LanguageIdentifier="?" LanguageLocaleIdentifier="?">?</lab:Name>
                        <!--Zero or more repetitions:-->
                        <lab:Note LanguageIdentifier="?" LanguageLocaleIdentifier="?">?</lab:Note>
                        <lab:OID identificationSchemeName="?" identificationSchemeURI="?" identificationSchemeVersion="?" identificationSchemeAgency="?">?</lab:OID>
                        <!--Optional:-->
                        <lab:PointList LanguageIdentifier="?" LanguageLocaleIdentifier="?">?</lab:PointList>
                        <!--Optional:-->
                        <lab:Radius Format="?">?</lab:Radius>
                        <!--Optional:-->
                        <lab:Rot LanguageIdentifier="?" LanguageLocaleIdentifier="?">?</lab:Rot>
                        <!--Optional:-->
                        <lab:Source LanguageIdentifier="?" LanguageLocaleIdentifier="?">?</lab:Source>
                        <lab:State codeName="?" codeListURI="?" codeListAgency="?" codeListName="?" codeListVersion="?">?</lab:State>
                     </lab:Line>
                     <lab:Line ref="?">
                        <!--Optional:-->
                        <lab:Desc LanguageIdentifier="?" LanguageLocaleIdentifier="?">?</lab:Desc>
                        <!--Optional:-->
                        <lab:Dir Format="?">?</lab:Dir>
                        <!--Optional:-->
                        <lab:Length UnitCode="?">?</lab:Length>
                        <lab:Name LanguageIdentifier="?" LanguageLocaleIdentifier="?">?</lab:Name>
                        <!--Zero or more repetitions:-->
                        <lab:Note LanguageIdentifier="?" LanguageLocaleIdentifier="?">?</lab:Note>
                        <lab:OID identificationSchemeName="?" identificationSchemeURI="?" identificationSchemeVersion="?" identificationSchemeAgency="?">?</lab:OID>
                        <!--Optional:-->
                        <lab:PointList LanguageIdentifier="?" LanguageLocaleIdentifier="?">?</lab:PointList>
                        <!--Optional:-->
                        <lab:Radius Format="?">?</lab:Radius>
                        <!--Optional:-->
                        <lab:Rot LanguageIdentifier="?" LanguageLocaleIdentifier="?">?</lab:Rot>
                        <!--Optional:-->
                        <lab:Source LanguageIdentifier="?" LanguageLocaleIdentifier="?">?</lab:Source>
                        <lab:State codeName="?" codeListURI="?" codeListAgency="?" codeListName="?" codeListVersion="?">?</lab:State>
                     </lab:Line>
                     <lab:Name LanguageIdentifier="?" LanguageLocaleIdentifier="?">?</lab:Name>
                     <lab:OID identificationSchemeName="?" identificationSchemeURI="?" identificationSchemeVersion="?" identificationSchemeAgency="?">?</lab:OID>
                     <!--Optional:-->
                     <lab:State codeName="?" codeListURI="?" codeListAgency="?" codeListName="?" codeListVersion="?">?</lab:State>
                  </lab:Polygon>
                  <!--Optional:-->
                  <lab:SchemeLand ref="?">
                     <!--Optional:-->
                     <lab:LiabilityApportionment LanguageIdentifier="?" LanguageLocaleIdentifier="?">?</lab:LiabilityApportionment>
                     <!--Optional:-->
                     <lab:LotEntitlements LanguageIdentifier="?" LanguageLocaleIdentifier="?">?</lab:LotEntitlements>
                  </lab:SchemeLand>
                  <!--Optional:-->
                  <lab:State codeName="?" codeListURI="?" codeListAgency="?" codeListName="?" codeListVersion="?">?</lab:State>
                  <!--Zero or more repetitions:-->
                  <lab:TitleReference ref="?">
                     <lab:Name LanguageIdentifier="?" LanguageLocaleIdentifier="?">?</lab:Name>
                     <lab:TitleType codeName="?" codeListURI="?" codeListAgency="?" codeListName="?" codeListVersion="?">?</lab:TitleType>
                  </lab:TitleReference>
                  <!--Zero or more repetitions:-->
                  <lab:UseOfParcel codeName="?" codeListURI="?" codeListAgency="?" codeListName="?" codeListVersion="?">?</lab:UseOfParcel>
                  <!--Optional:-->
                  <lab:Volume Format="?">?</lab:Volume>
               </da:Parcel>
            </da:SubjectLand>
         </rej:Application>
         <!--Zero or more repetitions:-->
         <rej:Specialisation ref="?">
            <spec:DomainId identificationSchemeName="?" identificationSchemeURI="?" identificationSchemeVersion="?" identificationSchemeAgency="?">?</spec:DomainId>
            <spec:Extension>?</spec:Extension>
            <spec:Jurisdiction codeName="?" codeListURI="?" codeListAgency="?" codeListName="?" codeListVersion="?">?</spec:Jurisdiction>
            <spec:Version identificationSchemeName="?" identificationSchemeURI="?" identificationSchemeVersion="?" identificationSchemeAgency="?">?</spec:Version>
         </rej:Specialisation>
         <rej:StandardBusinessMessageHeader ref="?">
            <!--1 or more repetitions:-->
            <msg:BusinessScope ref="?">
               <!--Zero or more repetitions:-->
               <msg:CorrelationInformation ref="?">
                  <!--Optional:-->
                  <msg:ExpectedResponseDateTime Format="?">?</msg:ExpectedResponseDateTime>
                  <msg:RequestingDocumentCreationDateTime Format="?">?</msg:RequestingDocumentCreationDateTime>
                  <msg:RequestingDocumentInstanceID identificationSchemeName="?" identificationSchemeURI="?" identificationSchemeVersion="?" identificationSchemeAgency="?">?</msg:RequestingDocumentInstanceID>
               </msg:CorrelationInformation>
               <!--Optional:-->
               <msg:ID identificationSchemeName="?" identificationSchemeURI="?" identificationSchemeVersion="?" identificationSchemeAgency="?">?</msg:ID>
               <!--Optional:-->
               <msg:InstanceID identificationSchemeName="?" identificationSchemeURI="?" identificationSchemeVersion="?" identificationSchemeAgency="?">?</msg:InstanceID>
               <msg:Type codeName="?" codeListURI="?" codeListAgency="NCO" codeListName="BusinessScope" codeListVersion="?">?</msg:Type>
            </msg:BusinessScope>
            <msg:DocumentIdentification ref="?">
               <msg:CreationDateTime Format="?">?</msg:CreationDateTime>
               <msg:InstanceID identificationSchemeName="?" identificationSchemeURI="?" identificationSchemeVersion="?" identificationSchemeAgency="?">?</msg:InstanceID>
               <msg:Standard codeName="?" codeListURI="?" codeListAgency="NCO" codeListName="StandardType" codeListVersion="?">?</msg:Standard>
               <msg:Type codeName="?" codeListURI="?" codeListAgency="?" codeListName="?" codeListVersion="?">?</msg:Type>
               <msg:TypeVersion LanguageIdentifier="?" LanguageLocaleIdentifier="?">?</msg:TypeVersion>
            </msg:DocumentIdentification>
            <msg:ReceiverPartner ref="?">
               <msg:Authority LanguageIdentifier="?" LanguageLocaleIdentifier="?">?</msg:Authority>
               <!--Zero or more repetitions:-->
               <msg:Contact ref="?">
                  <msg:Contact LanguageIdentifier="?" LanguageLocaleIdentifier="?">?</msg:Contact>
                  <msg:ContactTypeIdentifier codeName="?" codeListURI="?" codeListAgency="?" codeListName="?" codeListVersion="?">?</msg:ContactTypeIdentifier>
                  <!--Optional:-->
                  <msg:EmailAddress>?</msg:EmailAddress>
                  <!--Optional:-->
                  <msg:TelephoneNumber LanguageIdentifier="?" LanguageLocaleIdentifier="?">?</msg:TelephoneNumber>
               </msg:Contact>
               <msg:ID identificationSchemeName="?" identificationSchemeURI="?" identificationSchemeVersion="?" identificationSchemeAgency="?">?</msg:ID>
               <msg:ProcessRole codeName="?" codeListURI="?" codeListAgency="?" codeListName="?" codeListVersion="?">?</msg:ProcessRole>
            </msg:ReceiverPartner>
            <msg:SenderPartner ref="?">
               <msg:Authority LanguageIdentifier="?" LanguageLocaleIdentifier="?">?</msg:Authority>
               <!--Zero or more repetitions:-->
               <msg:Contact ref="?">
                  <msg:Contact LanguageIdentifier="?" LanguageLocaleIdentifier="?">?</msg:Contact>
                  <msg:ContactTypeIdentifier codeName="?" codeListURI="?" codeListAgency="?" codeListName="?" codeListVersion="?">?</msg:ContactTypeIdentifier>
                  <!--Optional:-->
                  <msg:EmailAddress>?</msg:EmailAddress>
                  <!--Optional:-->
                  <msg:TelephoneNumber LanguageIdentifier="?" LanguageLocaleIdentifier="?">?</msg:TelephoneNumber>
               </msg:Contact>
               <msg:ID identificationSchemeName="?" identificationSchemeURI="?" identificationSchemeVersion="?" identificationSchemeAgency="?">?</msg:ID>
               <msg:ProcessRole codeName="?" codeListURI="?" codeListAgency="?" codeListName="?" codeListVersion="?">?</msg:ProcessRole>
            </msg:SenderPartner>
            <!--Zero or more repetitions:-->
            <msg:SoftwareInformation ref="?">
               <msg:ProductID identificationSchemeName="?" identificationSchemeURI="?" identificationSchemeVersion="?" identificationSchemeAgency="?">?</msg:ProductID>
               <!--Optional:-->
               <msg:ProductName LanguageIdentifier="?" LanguageLocaleIdentifier="?">?</msg:ProductName>
               <!--Optional:-->
               <msg:ProductVersion LanguageIdentifier="?" LanguageLocaleIdentifier="?">?</msg:ProductVersion>
            </msg:SoftwareInformation>
            <msg:Version identificationSchemeName="?" identificationSchemeURI="?" identificationSchemeVersion="?" identificationSchemeAgency="?">?</msg:Version>
         </rej:StandardBusinessMessageHeader>
      </rej:RejectCreateApplicationTransaction>
   </soapenv:Body>
</soapenv:Envelope>]]></con:request><con:jmsConfig JMSDeliveryMode="PERSISTENT"/><con:jmsPropertyConfig/><con:wsaConfig mustUnderstand="NONE" version="200508" action="http://example.xml.gov.au/CreateApplication_Initiator.2.3.0r2/Reject"/><con:wsrmConfig version="1.2"/></con:call></con:operation></con:interface><con:interface xsi:type="con:WsdlInterface" wsaVersion="NONE" name="Responder_CreateApplicationTransaction_Binding.2.3.0r2" type="wsdl" bindingName="{http://example.xml.gov.au/CreateApplication_Responder.2.3.0r2}Responder_CreateApplicationTransaction_Binding.2.3.0r2" soapVersion="1_1" anonymous="optional" definition="file:/C:/Users/hunter/dev/Buildaform%20-%20EHC/src/Buildaform.eDAIS/bcv/CreateApplication_Responder.2.3.0r2.wsdl" xmlns:xsi="http://www.w3.org/2001/XMLSchema-instance"><con:settings/><con:definitionCache type="TEXT" rootPart="file:/C:/Users/hunter/dev/Buildaform%20-%20EHC/src/Buildaform.eDAIS/bcv/CreateApplication_Responder.2.3.0r2.wsdl"><con:part><con:url>file:/C:/Users/hunter/dev/Buildaform%20-%20EHC/src/Buildaform.eDAIS/bcv/CreateApplication_Responder.2.3.0r2.wsdl</con:url><con:content><![CDATA[<wsdl:definitions targetNamespace="http://example.xml.gov.au/CreateApplication_Responder.2.3.0r2" xmlns:accept="http://xml.gov.au/edais/bm/AcceptCreateApplicationTransaction.msg.2.3.0r2" xmlns:http="http://schemas.xmlsoap.org/wsdl/http/" xmlns:propose="http://xml.gov.au/edais/bm/ProposeCreateApplicationTransaction.msg.2.3.0r2" xmlns:reject="http://xml.gov.au/edais/bm/RejectCreateApplicationTransaction.msg.2.3.0r2" xmlns:soap="http://schemas.xmlsoap.org/wsdl/soap/" xmlns:soapenc="http://schemas.xmlsoap.org/soap/encoding/" xmlns:sp="http://schemas.xmlsoap.org/ws/2005/07/securitypolicy" xmlns:tns="http://example.xml.gov.au/CreateApplication_Responder.2.3.0r2" xmlns:wsdl="http://schemas.xmlsoap.org/wsdl/" xmlns:wsp="http://schemas.xmlsoap.org/ws/2004/09/policy" xmlns:wsu="http://docs.oasis-open.org/wss/2004/01/oasis-200401-wss-wssecurity-utility-1.0.xsd" xmlns:xs="http://www.w3.org/2001/XMLSchema" xmlns:ack="http://xml.gov.au/edais/bs/ReceiptAcknowledgementSignal.msg.2.3.0r2" xmlns:exc="http://xml.gov.au/edais/bs/ReceiptExceptionSignal.msg.2.3.0r2">
  <wsdl:types>
    <xs:schema targetNamespace="http://example.xml.gov.au/CreateApplication_Responder.2.3.0r2/Imports" elementFormDefault="qualified" xmlns:msg="http://xml.gov.au/edais/bs/ReceiptExceptionSignal.msg.2.3.0r2">
      <xs:import namespace="http://xml.gov.au/edais/bm/ProposeCreateApplicationTransaction.msg.2.3.0r2" schemaLocation=".././biv/ProposeCreateApplicationTransaction.msg.2.3.0r2.xsd"/>
      <xs:import schemaLocation="../biv/ReceiptAcknowledgementSignal.msg.2.3.0r2.xsd" namespace="http://xml.gov.au/edais/bs/ReceiptAcknowledgementSignal.msg.2.3.0r2"/>
      <xs:import schemaLocation="../biv/ReceiptExceptionSignal.msg.2.3.0r2.xsd" namespace="http://xml.gov.au/edais/bs/ReceiptExceptionSignal.msg.2.3.0r2"/>
      <xs:import schemaLocation="../biv/da.data.2.3.0r2.xsd" namespace="http://xml.gov.au/edais/core/da.data.2.3.0r2"/>
      <xs:import schemaLocation="../biv/cdt.type.2.3.0r2.xsd" namespace="http://xml.gov.au/edais/dt/qdt/cdt.type.2.3.0r2"/>
      <xs:import schemaLocation="../biv/naa.data.2.3.0r2.xsd" namespace="http://xml.gov.au/edais/core/naa.data.2.3.0r2"/>
      <xs:import schemaLocation="../biv/lab.data.2.3.0r2.xsd" namespace="http://xml.gov.au/edais/core/lab.data.2.3.0r2"/>
      <xs:import schemaLocation="../biv/specialisation.data.2.3.0r2.xsd" namespace="http://xml.gov.au/edais/core/specialisation.data.2.3.0r2"/>
      <xs:import schemaLocation="../biv/da.data.1.0.xsd" namespace="http://edais.daf.gov.au/nsw/da.data.1.0"/>
      <xs:import schemaLocation="../biv/msg.data.2.3.0r2.xsd" namespace="http://xml.gov.au/edais/core/msg.data.2.3.0r2"/>
      <xs:import schemaLocation="../biv/msg.type.2.3.0r2.xsd" namespace="http://xml.gov.au/edais/dt/qdt/msg.type.2.3.0r2"/>
      <xs:import schemaLocation="../biv/ExternalServices.EHC.xsd" namespace="http://schemas.datacontract.org/2004/07/ExternalServices.EHC"/>
    </xs:schema>
  </wsdl:types>
  <wsdl:message name="RequestMsg">
    <wsdl:part name="ProposeCreateApplicationTransaction" element="propose:ProposeCreateApplicationTransaction"/>
  </wsdl:message>
  <wsdl:message name="ReceiptAcknowledgementSignal">
    <wsdl:part name="ReceiptAcknowledgement" element="ack:ReceiptAcknowledgementSignal"/>
  </wsdl:message>
  <wsdl:message name="ReceiptExceptionSignal">
    <wsdl:part name="ReceiptException" element="exc:ReceiptExceptionSignal"/>
  </wsdl:message>
  <wsdl:portType name="Responder_CreateApplicationTransaction.2.3.0r2">
    <wsdl:operation name="Propose">
      <wsdl:input message="tns:RequestMsg"/>
      <wsdl:output message="tns:ReceiptAcknowledgementSignal"/>
      <wsdl:fault name="ReceiptException" message="tns:ReceiptExceptionSignal"/>
    </wsdl:operation>
  </wsdl:portType>
  <wsdl:binding name="Responder_CreateApplicationTransaction_Binding.2.3.0r2" type="tns:Responder_CreateApplicationTransaction.2.3.0r2">
    <soap:binding style="document" transport="http://schemas.xmlsoap.org/soap/http"/>
    <wsdl:operation name="Propose">
      <soap:operation soapAction="http://example.xml.gov.au/CreateApplication_Responder.2.3.0r2/Propose" style="document"/>
      <wsdl:input>
        <soap:body use="literal"/>
      </wsdl:input>
      <wsdl:output>
        <soap:body use="literal"/>
      </wsdl:output>
      <wsdl:fault name="ReceiptException">
        <soap:fault name="ReceiptException" use="literal"/>
      </wsdl:fault>
    </wsdl:operation>
  </wsdl:binding>
  <wsdl:service name="Responder_CreateApplicationTransaction_Service.2.3.0r2">
    <wsdl:port name="Responder_CreateApplicationTransaction_Port.2.3.0r2" binding="tns:Responder_CreateApplicationTransaction_Binding.2.3.0r2">
      <soap:address location="http://example.xml.gov.au/CreateApplication_Responder.2.3.0r2"/>
    </wsdl:port>
  </wsdl:service>
</wsdl:definitions>]]></con:content><con:type>http://schemas.xmlsoap.org/wsdl/</con:type></con:part><con:part><con:url>file:\C:\Users\hunter\dev\Buildaform%20-%20EHC\src\Buildaform.eDAIS\.\biv\ProposeCreateApplicationTransaction.msg.2.3.0r2.xsd</con:url><con:content><![CDATA[<xs:schema targetNamespace="http://xml.gov.au/edais/bm/ProposeCreateApplicationTransaction.msg.2.3.0r2" elementFormDefault="qualified" attributeFormDefault="unqualified" version="2.3.0r2" xmlns:da="http://xml.gov.au/edais/core/da.data.2.3.0r2" xmlns:msg="http://xml.gov.au/edais/bm/ProposeCreateApplicationTransaction.msg.2.3.0r2" xmlns:sbmh="http://xml.gov.au/edais/core/msg.data.2.3.0r2" xmlns:spec="http://xml.gov.au/edais/core/specialisation.data.2.3.0r2" xmlns:xs="http://www.w3.org/2001/XMLSchema">
  <xs:import namespace="http://xml.gov.au/edais/core/da.data.2.3.0r2" schemaLocation="da.data.2.3.0r2.xsd"/>
  <xs:import namespace="http://xml.gov.au/edais/core/msg.data.2.3.0r2" schemaLocation="msg.data.2.3.0r2.xsd"/>
  <xs:import namespace="http://xml.gov.au/edais/core/specialisation.data.2.3.0r2" schemaLocation="specialisation.data.2.3.0r2.xsd"/>
  <xs:annotation>
    <xs:documentation>
      <artefact id="915596D5_4DBF_44ec_92A8_14B8156FB8DA" name="ProposeCreateApplicationTransaction" stereotype="InfEnvelope"/>
      <properties author="National eDAIS Coordination Office" version="2.3.0r2"/>
      <notes>The Initiator sends this business message to the Responder indicating that they would like to create a new application.</notes>
    </xs:documentation>
  </xs:annotation>
  <xs:element name="ProposeCreateApplicationTransaction" type="msg:ProposeCreateApplicationTransactionType"/>
  <xs:complexType name="ProposeCreateApplicationTransactionType">
    <xs:sequence>
      <xs:element name="Application" type="da:Application"/>
      <xs:element name="Specialisation" type="spec:Specialisation" minOccurs="0" maxOccurs="unbounded"/>
      <xs:element name="StandardBusinessMessageHeader" type="sbmh:StandardBusinessMessageHeader"/>
    </xs:sequence>
  </xs:complexType>
</xs:schema>]]></con:content><con:type>http://www.w3.org/2001/XMLSchema</con:type></con:part><con:part><con:url>file:\C:\Users\hunter\dev\Buildaform%20-%20EHC\src\Buildaform.eDAIS\.\biv\da.data.2.3.0r2.xsd</con:url><con:content><![CDATA[<xs:schema targetNamespace="http://xml.gov.au/edais/core/da.data.2.3.0r2" elementFormDefault="qualified" attributeFormDefault="unqualified" version="2.3.0r2" xmlns:cdt="http://xml.gov.au/edais/dt/qdt/cdt.type.2.3.0r2" xmlns:da="http://xml.gov.au/edais/core/da.data.2.3.0r2" xmlns:lab="http://xml.gov.au/edais/core/lab.data.2.3.0r2" xmlns:naa="http://xml.gov.au/edais/core/naa.data.2.3.0r2" xmlns:xs="http://www.w3.org/2001/XMLSchema">
  <xs:import namespace="http://xml.gov.au/edais/core/lab.data.2.3.0r2" schemaLocation="lab.data.2.3.0r2.xsd"/>
  <xs:import namespace="http://xml.gov.au/edais/core/naa.data.2.3.0r2" schemaLocation="naa.data.2.3.0r2.xsd"/>
  <xs:import namespace="http://xml.gov.au/edais/dt/qdt/cdt.type.2.3.0r2" schemaLocation="cdt.type.2.3.0r2.xsd"/>
  <xs:annotation>
    <xs:documentation>
      <artefact id="CB0DB916_A9AA_4a75_9F73_5A7EBC38E0C8" name="Development Assessment" stereotype="CCLibrary"/>
      <properties author="National eDAIS Coordination Office" version="2.3.0r2"/>
      <notes/>
    </xs:documentation>
  </xs:annotation>
  <xs:element name="AdditionalInformation" type="da:AdditionalInformation"/>
  <xs:complexType name="AdditionalInformation">
    <xs:annotation>
      <xs:documentation>
        <artefact id="7E934A23_E08F_4d55_9A19_BF9EBD84014B" name="AdditionalInformation" stereotype="ACC"/>
        <properties author="National eDAIS Coordination Office" version="2.3.0r2"/>
        <notes>Any supporting documentation from the applicant subsequent to the initial application.</notes>
      </xs:documentation>
    </xs:annotation>
    <xs:sequence>
      <xs:element name="Attachment" type="da:Attachment" minOccurs="0" maxOccurs="unbounded"/>
      <xs:element name="Comments" type="cdt:TextType" minOccurs="0" maxOccurs="unbounded"/>
      <xs:element name="DueDate" type="cdt:DateTimeType" minOccurs="0"/>
      <xs:element name="Identification" type="cdt:IdentifierType"/>
      <xs:element name="Purpose" type="cdt:TextType" minOccurs="0" maxOccurs="unbounded"/>
      <xs:element name="ReceivedDate" type="cdt:DateTimeType" minOccurs="0"/>
      <xs:element name="RequestedDate" type="cdt:DateTimeType" minOccurs="0"/>
      <xs:element name="RequestingAuthorityPartyRole" type="da:PartyRole" minOccurs="0" maxOccurs="unbounded"/>
      <xs:element name="ResponsiblePartyRole" type="da:PartyRole" minOccurs="0" maxOccurs="unbounded"/>
      <xs:element name="Status" type="cdt:CodeType" minOccurs="0"/>
    </xs:sequence>
    <xs:attribute name="ref" type="xs:string" use="optional"/>
  </xs:complexType>
  <xs:element name="Appeal" type="da:Appeal"/>
  <xs:complexType name="Appeal">
    <xs:annotation>
      <xs:documentation>
        <artefact id="F3C11FF0_9904_4ff0_BF47_17CE86DB550F" name="Appeal" stereotype="ACC"/>
        <properties author="National eDAIS Coordination Office" version="2.3.0r2"/>
        <notes>A review of a development assessment decision or statutory failure to make a decision by an independent jurisdiction.</notes>
      </xs:documentation>
    </xs:annotation>
    <xs:sequence>
      <xs:element name="AppealDate" type="cdt:DateTimeType"/>
      <xs:element name="AppealDecisionDate" type="cdt:DateTimeType" minOccurs="0"/>
      <xs:element name="AppealReference" type="cdt:IdentifierType"/>
      <xs:element name="Comments" type="cdt:TextType" minOccurs="0" maxOccurs="unbounded"/>
      <xs:element name="Condition" type="da:Condition" minOccurs="0" maxOccurs="unbounded"/>
      <xs:element name="Outcome" type="cdt:CodeType" minOccurs="0"/>
      <xs:element name="PartyRole" type="da:PartyRole" maxOccurs="unbounded"/>
      <xs:element name="Type" type="cdt:CodeType" maxOccurs="unbounded"/>
    </xs:sequence>
    <xs:attribute name="ref" type="xs:string" use="optional"/>
  </xs:complexType>
  <xs:element name="Application" type="da:Application"/>
  <xs:complexType name="Application">
    <xs:annotation>
      <xs:documentation>
        <artefact id="C5BECEC0_075F_4826_8321_EFA5ACAABC1F" name="Application" stereotype="ACC"/>
        <properties author="National eDAIS Coordination Office" version="2.3.0r2"/>
        <notes>The documentation lodged pursuant to planning and development legislation which commences development assessment processes (which may include modification to or finalisation of previous processes/applications).</notes>
      </xs:documentation>
    </xs:annotation>
    <xs:sequence>
      <xs:element name="AdditionalInformation" type="da:AdditionalInformation" minOccurs="0" maxOccurs="unbounded"/>
      <xs:element name="Appeal" type="da:Appeal" minOccurs="0" maxOccurs="unbounded"/>
      <xs:element name="ApplicationNumber" type="cdt:IdentifierType"/>
      <xs:element name="Assessment" type="da:Assessment" minOccurs="0" maxOccurs="unbounded"/>
      <xs:element name="Attachment" type="da:Attachment" minOccurs="0" maxOccurs="unbounded"/>
      <xs:element name="Authorisation" type="da:Authorisation" minOccurs="0" maxOccurs="unbounded"/>
      <xs:element name="Comments" type="cdt:TextType" minOccurs="0" maxOccurs="unbounded"/>
      <xs:element name="CreatedDate" type="cdt:DateTimeType" minOccurs="0"/>
      <xs:element name="Determination" type="da:Determination" minOccurs="0" maxOccurs="unbounded"/>
      <xs:element name="Event" type="da:Event" minOccurs="0" maxOccurs="unbounded"/>
      <xs:element name="FeeOrLevy" type="da:FeeOrLevy" minOccurs="0" maxOccurs="unbounded"/>
      <xs:element name="LastUpdated" type="cdt:DateTimeType" minOccurs="0"/>
      <xs:element name="LodgementDate" type="cdt:DateTimeType" minOccurs="0"/>
      <xs:element name="NationalApplicationNumber" type="cdt:IdentifierType" minOccurs="0"/>
      <xs:element name="PartyRole" type="da:PartyRole" minOccurs="0" maxOccurs="unbounded"/>
      <xs:element name="Payment" type="da:Payment" minOccurs="0" maxOccurs="unbounded"/>
      <xs:element name="PublicInspection" type="da:PublicInspection" minOccurs="0" maxOccurs="unbounded"/>
      <xs:element name="PublicNotificationObligation" type="da:PublicNotificationObligation" minOccurs="0" maxOccurs="unbounded"/>
      <xs:element name="ReasonDetails" type="da:ReasonDetails" minOccurs="0" maxOccurs="unbounded"/>
      <xs:element name="ReferencedApplication" type="da:ReferencedApplication" minOccurs="0" maxOccurs="unbounded"/>
      <xs:element name="ReferralObligation" type="da:ReferralObligation" minOccurs="0" maxOccurs="unbounded"/>
      <xs:element name="Status" type="cdt:CodeType" minOccurs="0"/>
      <xs:element name="SubjectLand" type="da:SubjectLand" minOccurs="0" maxOccurs="unbounded"/>
    </xs:sequence>
    <xs:attribute name="ref" type="xs:string" use="optional"/>
  </xs:complexType>
  <xs:element name="Assessment" type="da:Assessment"/>
  <xs:complexType name="Assessment">
    <xs:annotation>
      <xs:documentation>
        <artefact id="EC970BCC_0935_458b_B0BB_41B71EC70883" name="Assessment" stereotype="ACC"/>
        <properties author="National eDAIS Coordination Office" version="2.3.0r2"/>
        <notes>Details of an evaluation of the application.</notes>
      </xs:documentation>
    </xs:annotation>
    <xs:sequence>
      <xs:element name="AssessmentIssue" type="da:AssessmentIssue" minOccurs="0" maxOccurs="unbounded"/>
      <xs:element name="Attachment" type="da:Attachment" minOccurs="0" maxOccurs="unbounded"/>
      <xs:element name="ComplianceWithPlan" type="cdt:TextType" minOccurs="0"/>
      <xs:element name="Effort" type="cdt:TextType" minOccurs="0"/>
      <xs:element name="PartyRole" type="da:PartyRole" minOccurs="0" maxOccurs="unbounded"/>
    </xs:sequence>
    <xs:attribute name="ref" type="xs:string" use="optional"/>
  </xs:complexType>
  <xs:element name="AssessmentIssue" type="da:AssessmentIssue"/>
  <xs:complexType name="AssessmentIssue">
    <xs:annotation>
      <xs:documentation>
        <artefact id="DAD3A939_FA25_4cc3_8352_8F1659D45066" name="AssessmentIssue" stereotype="ACC"/>
        <properties author="National eDAIS Coordination Office" version="2.3.0r2"/>
        <notes>Details of a specific issue in relation to the assessment of an application.</notes>
      </xs:documentation>
    </xs:annotation>
    <xs:sequence>
      <xs:element name="AdvisedDate" type="cdt:DateTimeType" minOccurs="0"/>
      <xs:element name="Comments" type="cdt:TextType" minOccurs="0" maxOccurs="unbounded"/>
      <xs:element name="Description" type="cdt:TextType"/>
      <xs:element name="Identification" type="cdt:IdentifierType"/>
      <xs:element name="ReportingPartyRole" type="da:PartyRole"/>
      <xs:element name="ResponsiblePartyRole" type="da:PartyRole"/>
    </xs:sequence>
    <xs:attribute name="ref" type="xs:string" use="optional"/>
  </xs:complexType>
  <xs:element name="Attachment" type="da:Attachment"/>
  <xs:complexType name="Attachment">
    <xs:annotation>
      <xs:documentation>
        <artefact id="832A014B_0690_43f2_9C64_3C4BBB00C60D" name="Attachment" stereotype="ACC"/>
        <properties author="National eDAIS Coordination Office" version="2.3.0r2"/>
        <notes>A document or other material provided as part of the development assessment process, including details of the document metadata, as well as the actual document/material itself.</notes>
      </xs:documentation>
    </xs:annotation>
    <xs:sequence>
      <xs:element name="Contributor" type="cdt:TextType" minOccurs="0" maxOccurs="unbounded"/>
      <xs:element name="Coverage" type="cdt:TextType" minOccurs="0" maxOccurs="unbounded"/>
      <xs:element name="Creator" type="cdt:TextType" minOccurs="0" maxOccurs="unbounded"/>
      <xs:element name="Date" type="cdt:DateTimeType" minOccurs="0"/>
      <xs:element name="Description" type="cdt:TextType" minOccurs="0" maxOccurs="unbounded"/>
      <xs:element name="Format" type="cdt:TextType" minOccurs="0"/>
      <xs:element name="Identification" type="cdt:IdentifierType"/>
      <xs:element name="Language" type="cdt:TextType" minOccurs="0" maxOccurs="unbounded"/>
      <xs:element name="Publisher" type="cdt:TextType" minOccurs="0" maxOccurs="unbounded"/>
      <xs:element name="Relation" type="cdt:TextType" minOccurs="0" maxOccurs="unbounded"/>
      <xs:element name="Rights" type="cdt:TextType" minOccurs="0" maxOccurs="unbounded"/>
      <xs:element name="Size" type="cdt:MeasureType" minOccurs="0"/>
      <xs:element name="Source" type="cdt:TextType" minOccurs="0" maxOccurs="unbounded"/>
      <xs:element name="Subject" type="cdt:TextType" minOccurs="0"/>
      <xs:element name="Title" type="cdt:TextType" minOccurs="0"/>
      <xs:element name="Type" type="cdt:TextType" minOccurs="0"/>
      <xs:element name="Version" type="cdt:TextType" minOccurs="0"/>
      <xs:choice>
        <xs:element name="Attachment" type="cdt:BinaryObjectType" minOccurs="0"/>
        <xs:element name="URI" type="xs:anyURI" minOccurs="0"/>
      </xs:choice>
    </xs:sequence>
    <xs:attribute name="ref" type="xs:string" use="optional"/>
  </xs:complexType>
  <xs:element name="Authorisation" type="da:Authorisation"/>
  <xs:complexType name="Authorisation">
    <xs:annotation>
      <xs:documentation>
        <artefact id="E848BA1E_8259_422b_90CF_E49A948413F6" name="Authorisation" stereotype="ACC"/>
        <properties author="National eDAIS Coordination Office" version="2.3.0r2"/>
        <notes>Records the fact of the authorisation given by a party (typically the Applicant) to the application being lodged and processed. A graphical representation of a signature can be attached to the authorisation if so required (using the Attachment element, associated with this element).  The Authorisation element can also relate to a Party Role element, indicating the person who is providing the authorisation.</notes>
      </xs:documentation>
    </xs:annotation>
    <xs:sequence>
      <xs:element name="Attachment" type="da:Attachment" minOccurs="0" maxOccurs="unbounded"/>
      <xs:element name="Date" type="cdt:DateTimeType" minOccurs="0"/>
      <xs:element name="PartyRole" type="da:PartyRole" maxOccurs="unbounded"/>
      <xs:element name="Type" type="cdt:CodeType" minOccurs="0"/>
    </xs:sequence>
    <xs:attribute name="ref" type="xs:string" use="optional"/>
  </xs:complexType>
  <xs:element name="Condition" type="da:Condition"/>
  <xs:complexType name="Condition">
    <xs:annotation>
      <xs:documentation>
        <artefact id="8375BC5D_0E41_40cb_8C2F_995EC8E9CF8B" name="Condition" stereotype="ACC"/>
        <properties author="National eDAIS Coordination Office" version="2.3.0r2"/>
        <notes>Records any conditions applied to a development application pursuant to relevant legislation.</notes>
      </xs:documentation>
    </xs:annotation>
    <xs:sequence>
      <xs:element name="Classification" type="cdt:CodeType"/>
      <xs:element name="ConditionReference" type="cdt:IdentifierType" minOccurs="0"/>
      <xs:element name="Detail" type="cdt:TextType" minOccurs="0"/>
      <xs:element name="Identification" type="cdt:IdentifierType"/>
      <xs:element name="Type" type="cdt:CodeType" minOccurs="0"/>
    </xs:sequence>
    <xs:attribute name="ref" type="xs:string" use="optional"/>
  </xs:complexType>
  <xs:element name="Determination" type="da:Determination"/>
  <xs:complexType name="Determination">
    <xs:annotation>
      <xs:documentation>
        <artefact id="D19C6C2B_7075_4441_BF34_6815C0D21A05" name="Determination" stereotype="ACC"/>
        <properties author="National eDAIS Coordination Office" version="2.3.0r2"/>
        <notes>The decision made by an authority on the application issued to the applicant (typically by the consent authority).</notes>
      </xs:documentation>
    </xs:annotation>
    <xs:sequence>
      <xs:element name="Attachment" type="da:Attachment" minOccurs="0" maxOccurs="unbounded"/>
      <xs:element name="Comments" type="cdt:TextType" minOccurs="0" maxOccurs="unbounded"/>
      <xs:element name="Condition" type="da:Condition" minOccurs="0" maxOccurs="unbounded"/>
      <xs:element name="DeterminationDate" type="cdt:DateTimeType" minOccurs="0"/>
      <xs:element name="Identification" type="cdt:IdentifierType"/>
      <xs:element name="PartyRole" type="da:PartyRole" maxOccurs="unbounded"/>
      <xs:element name="Period" type="naa:Period" minOccurs="0" maxOccurs="unbounded"/>
      <xs:element name="SystemRecordedDate" type="cdt:DateTimeType" minOccurs="0"/>
      <xs:element name="Type" type="cdt:CodeType" minOccurs="0"/>
    </xs:sequence>
    <xs:attribute name="ref" type="xs:string" use="optional"/>
  </xs:complexType>
  <xs:element name="Event" type="da:Event"/>
  <xs:complexType name="Event">
    <xs:annotation>
      <xs:documentation>
        <artefact id="EE5FA6D4_FC1C_4dab_A750_AF5C27037C8E" name="Event" stereotype="ACC"/>
        <properties author="National eDAIS Coordination Office" version="2.3.0r2"/>
        <notes>Any recordable action associated with applications.  Can also be characterised as a significant occurrence or happening related to an object, process, or person.</notes>
      </xs:documentation>
    </xs:annotation>
    <xs:sequence>
      <xs:element name="DateTime" type="cdt:DateTimeType"/>
      <xs:element name="Description" type="cdt:TextType" minOccurs="0"/>
      <xs:element name="EventCode" type="cdt:CodeType"/>
      <xs:element name="Period" type="naa:Period" minOccurs="0" maxOccurs="unbounded"/>
    </xs:sequence>
    <xs:attribute name="ref" type="xs:string" use="optional"/>
  </xs:complexType>
  <xs:element name="FeeOrLevy" type="da:FeeOrLevy"/>
  <xs:complexType name="FeeOrLevy">
    <xs:annotation>
      <xs:documentation>
        <artefact id="665FF0BB_6AFB_4507_B60F_BF2DE5BA7261" name="FeeOrLevy" stereotype="ACC"/>
        <properties author="National eDAIS Coordination Office" version="2.3.0r2"/>
        <notes>Details of the fees to be paid or levies which have been raised, together with links to details of payment of fees and levies (including refunds/waivers).</notes>
      </xs:documentation>
    </xs:annotation>
    <xs:sequence>
      <xs:element name="DateDue" type="cdt:DateTimeType" minOccurs="0"/>
      <xs:element name="Description" type="cdt:TextType" minOccurs="0"/>
      <xs:element name="Identification" type="cdt:IdentifierType"/>
      <xs:element name="Payment" type="da:Payment" minOccurs="0" maxOccurs="unbounded"/>
      <xs:element name="ValuePayable" type="cdt:AmountType"/>
    </xs:sequence>
    <xs:attribute name="ref" type="xs:string" use="optional"/>
  </xs:complexType>
  <xs:element name="PartyRole" type="da:PartyRole"/>
  <xs:complexType name="PartyRole">
    <xs:annotation>
      <xs:documentation>
        <artefact id="DB2FBD85_BB58_42b2_922D_542589FB6220" name="PartyRole" stereotype="ACC"/>
        <properties author="National eDAIS Coordination Office" version="2.3.0r2"/>
        <notes>The role that an individual party (being, for instance,  an applicant, a consent authority, a referral agency, an officer (of an authority or an agency), a representative of the applicant, etc) plays with respect to the processing of an application (throughout the life of the application), allowing the linking of various aspects of processing of the application between the application itself and the party involved in that processing.</notes>
      </xs:documentation>
    </xs:annotation>
    <xs:sequence>
      <xs:element name="DateTime" type="cdt:DateTimeType" minOccurs="0"/>
      <xs:element name="Party" type="naa:Party" maxOccurs="unbounded"/>
      <xs:element name="Type" type="cdt:CodeType" minOccurs="0"/>
    </xs:sequence>
    <xs:attribute name="ref" type="xs:string" use="optional"/>
  </xs:complexType>
  <xs:element name="Payment" type="da:Payment"/>
  <xs:complexType name="Payment">
    <xs:annotation>
      <xs:documentation>
        <artefact id="2F91C01C_6941_49fe_BEE0_B1BD37A098D9" name="Payment" stereotype="ACC"/>
        <properties author="National eDAIS Coordination Office" version="2.3.0r2"/>
        <notes>Details of payments which have been made against fees or levies raised in connection with processing an application.</notes>
      </xs:documentation>
    </xs:annotation>
    <xs:sequence>
      <xs:element name="AmountPaid" type="cdt:AmountType"/>
      <xs:element name="CreationDate" type="cdt:DateTimeType"/>
      <xs:element name="DatePaid" type="cdt:DateTimeType"/>
      <xs:element name="DiscountPercent" type="cdt:NumericType" minOccurs="0"/>
      <xs:element name="Identification" type="cdt:IdentifierType"/>
      <xs:element name="InstructionCode" type="cdt:TextType" minOccurs="0"/>
      <xs:element name="PayeeName" type="cdt:TextType" minOccurs="0"/>
      <xs:element name="PaymentMethod" type="cdt:CodeType" minOccurs="0"/>
      <xs:element name="PenaltyPercent" type="cdt:NumericType" minOccurs="0"/>
      <xs:element name="PriorityCode" type="cdt:TextType" minOccurs="0"/>
      <xs:element name="ReasonCode" type="cdt:TextType" minOccurs="0"/>
      <xs:element name="ReceiptNumber" type="cdt:TextType" minOccurs="0"/>
      <xs:element name="StatusCode" type="cdt:TextType" minOccurs="0"/>
      <xs:element name="TaxAmount" type="cdt:AmountType" minOccurs="0"/>
      <xs:element name="TaxInvoiceNumber" type="cdt:TextType" minOccurs="0"/>
    </xs:sequence>
    <xs:attribute name="ref" type="xs:string" use="optional"/>
  </xs:complexType>
  <xs:element name="PublicInspection" type="da:PublicInspection"/>
  <xs:complexType name="PublicInspection">
    <xs:annotation>
      <xs:documentation>
        <artefact id="043A38E6_BA44_44bb_82DD_843D4A2B62C3" name="PublicInspection" stereotype="ACC"/>
        <properties author="National eDAIS Coordination Office" version="2.3.0r2"/>
        <notes>Identifies whether the application is open or closed to public inspection.</notes>
      </xs:documentation>
    </xs:annotation>
    <xs:sequence>
      <xs:element name="Indicator" type="cdt:CodeType"/>
    </xs:sequence>
    <xs:attribute name="ref" type="xs:string" use="optional"/>
  </xs:complexType>
  <xs:element name="PublicNotificationObligation" type="da:PublicNotificationObligation"/>
  <xs:complexType name="PublicNotificationObligation">
    <xs:annotation>
      <xs:documentation>
        <artefact id="782FC725_DD45_4b6c_8DB2_B0A9E00F8AC6" name="PublicNotificationObligation" stereotype="ACC"/>
        <properties author="National eDAIS Coordination Office" version="2.3.0r2"/>
        <notes>An agreement to provide information with respect to a public notification.</notes>
      </xs:documentation>
    </xs:annotation>
    <xs:sequence>
      <xs:element name="Attachment" type="da:Attachment" minOccurs="0" maxOccurs="unbounded"/>
      <xs:element name="ComplianceDate" type="cdt:DateTimeType" minOccurs="0"/>
      <xs:element name="Description" type="cdt:TextType" minOccurs="0"/>
      <xs:element name="Identification" type="cdt:IdentifierType"/>
      <xs:element name="PartyRole" type="da:PartyRole" minOccurs="0" maxOccurs="unbounded"/>
      <xs:element name="Period" type="naa:Period" minOccurs="0" maxOccurs="unbounded"/>
      <xs:element name="PublicOpinion" type="da:PublicOpinion" minOccurs="0" maxOccurs="unbounded"/>
      <xs:element name="Type" type="cdt:CodeType"/>
    </xs:sequence>
    <xs:attribute name="ref" type="xs:string" use="optional"/>
  </xs:complexType>
  <xs:element name="PublicOpinion" type="da:PublicOpinion"/>
  <xs:complexType name="PublicOpinion">
    <xs:annotation>
      <xs:documentation>
        <artefact id="81B83549_D610_4ad1_A2F6_34807F1AE0E9" name="PublicOpinion" stereotype="ACC"/>
        <properties author="National eDAIS Coordination Office" version="2.3.0r2"/>
        <notes>Formal public comment relating to the application.</notes>
      </xs:documentation>
    </xs:annotation>
    <xs:sequence>
      <xs:element name="Attachment" type="da:Attachment" minOccurs="0" maxOccurs="unbounded"/>
      <xs:element name="Comments" type="cdt:TextType" minOccurs="0"/>
      <xs:element name="Reported" type="cdt:DateTimeType"/>
    </xs:sequence>
    <xs:attribute name="ref" type="xs:string" use="optional"/>
  </xs:complexType>
  <xs:element name="ReasonDetails" type="da:ReasonDetails"/>
  <xs:complexType name="ReasonDetails">
    <xs:annotation>
      <xs:documentation>
        <artefact id="6CFE14A7_9AEC_459a_B153_AD541ED684C2" name="ReasonDetails" stereotype="ACC"/>
        <properties author="National eDAIS Coordination Office" version="2.3.0r2"/>
        <notes>Contains details related to a response on a business transaction.  Typically used for reject or accept with condition reasons.</notes>
      </xs:documentation>
    </xs:annotation>
    <xs:sequence>
      <xs:element name="DateTime" type="cdt:DateTimeType" minOccurs="0"/>
      <xs:element name="Description" type="cdt:TextType" minOccurs="0"/>
      <xs:element name="ReasonCode" type="cdt:CodeType"/>
      <xs:element name="ReasonText" type="cdt:TextType" minOccurs="0" maxOccurs="unbounded"/>
    </xs:sequence>
    <xs:attribute name="ref" type="xs:string" use="optional"/>
  </xs:complexType>
  <xs:element name="ReferencedApplication" type="da:ReferencedApplication"/>
  <xs:complexType name="ReferencedApplication">
    <xs:annotation>
      <xs:documentation>
        <artefact id="93684EDB_CF18_4b97_8C48_D3E344CE5F7D" name="ReferencedApplication" stereotype="ACC"/>
        <properties author="National eDAIS Coordination Office" version="2.3.0r2"/>
        <notes>A reference to an application already in existence (being an application number as the reference).</notes>
      </xs:documentation>
    </xs:annotation>
    <xs:sequence>
      <xs:element name="ApplicationNumber" type="cdt:IdentifierType"/>
      <xs:element name="Type" type="cdt:CodeType" minOccurs="0"/>
    </xs:sequence>
    <xs:attribute name="ref" type="xs:string" use="optional"/>
  </xs:complexType>
  <xs:element name="ReferralObligation" type="da:ReferralObligation"/>
  <xs:complexType name="ReferralObligation">
    <xs:annotation>
      <xs:documentation>
        <artefact id="FB5E5BFF_7E2E_48a1_B517_31EF29F8EE7A" name="ReferralObligation" stereotype="ACC"/>
        <properties author="National eDAIS Coordination Office" version="2.3.0r2"/>
        <notes>An agreement (both binding and non-binding) to provide a response (to a referral).</notes>
      </xs:documentation>
    </xs:annotation>
    <xs:sequence>
      <xs:element name="Classification" type="cdt:CodeType" minOccurs="0"/>
      <xs:element name="ComplianceDate" type="cdt:DateTimeType" minOccurs="0"/>
      <xs:element name="Description" type="cdt:TextType" minOccurs="0" maxOccurs="unbounded"/>
      <xs:element name="Identification" type="cdt:IdentifierType"/>
      <xs:element name="Period" type="naa:Period" minOccurs="0" maxOccurs="unbounded"/>
      <xs:element name="ReferralAuthorityPartyRole" type="da:PartyRole" minOccurs="0" maxOccurs="unbounded"/>
      <xs:element name="ReferralResponse" type="da:ReferralResponse" minOccurs="0" maxOccurs="unbounded"/>
      <xs:element name="ReferrerPartyRole" type="da:PartyRole" minOccurs="0" maxOccurs="unbounded"/>
      <xs:element name="Type" type="cdt:CodeType" minOccurs="0"/>
    </xs:sequence>
    <xs:attribute name="ref" type="xs:string" use="optional"/>
  </xs:complexType>
  <xs:element name="ReferralResponse" type="da:ReferralResponse"/>
  <xs:complexType name="ReferralResponse">
    <xs:annotation>
      <xs:documentation>
        <artefact id="16BFABB8_914C_4a4a_9D42_AB1E9C226764" name="ReferralResponse" stereotype="ACC"/>
        <properties author="National eDAIS Coordination Office" version="2.3.0r2"/>
        <notes>A response, either a direction (binding) or advice (non-binding), from a referral authority, to be taken into account in the assessment and determination of an application.</notes>
      </xs:documentation>
    </xs:annotation>
    <xs:sequence>
      <xs:element name="Attachment" type="da:Attachment" minOccurs="0" maxOccurs="unbounded"/>
      <xs:element name="Comments" type="cdt:TextType" minOccurs="0" maxOccurs="unbounded"/>
      <xs:element name="Condition" type="da:Condition" minOccurs="0" maxOccurs="unbounded"/>
      <xs:element name="ResponseDate" type="cdt:DateTimeType"/>
      <xs:element name="Type" type="cdt:CodeType"/>
    </xs:sequence>
    <xs:attribute name="ref" type="xs:string" use="optional"/>
  </xs:complexType>
  <xs:element name="SubjectLand" type="da:SubjectLand"/>
  <xs:complexType name="SubjectLand">
    <xs:annotation>
      <xs:documentation>
        <artefact id="47C4740B_11B8_49b6_92C9_6FA19CA9EB26" name="SubjectLand" stereotype="ACC"/>
        <properties author="National eDAIS Coordination Office" version="2.3.0r2"/>
        <notes>Subject land is the joining element to reference ePLAN elements associated with the application.</notes>
      </xs:documentation>
    </xs:annotation>
    <xs:sequence>
      <xs:element name="Address" type="naa:Address" minOccurs="0"/>
      <xs:element name="Attachment" type="da:Attachment" minOccurs="0"/>
      <xs:element name="Comments" type="cdt:TextType" minOccurs="0" maxOccurs="unbounded"/>
      <xs:element name="Document" type="lab:Document" minOccurs="0"/>
      <xs:element name="Parcel" type="lab:Parcel" minOccurs="0"/>
    </xs:sequence>
    <xs:attribute name="ref" type="xs:string" use="optional"/>
  </xs:complexType>
</xs:schema>]]></con:content><con:type>http://www.w3.org/2001/XMLSchema</con:type></con:part><con:part><con:url>file:\C:\Users\hunter\dev\Buildaform%20-%20EHC\src\Buildaform.eDAIS\.\biv\lab.data.2.3.0r2.xsd</con:url><con:content><![CDATA[<xs:schema targetNamespace="http://xml.gov.au/edais/core/lab.data.2.3.0r2" elementFormDefault="qualified" attributeFormDefault="unqualified" version="2.3.0r2" xmlns:cdt="http://xml.gov.au/edais/dt/qdt/cdt.type.2.3.0r2" xmlns:lab="http://xml.gov.au/edais/core/lab.data.2.3.0r2" xmlns:xs="http://www.w3.org/2001/XMLSchema">
  <xs:import namespace="http://xml.gov.au/edais/dt/qdt/cdt.type.2.3.0r2" schemaLocation="cdt.type.2.3.0r2.xsd"/>
  <xs:annotation>
    <xs:documentation>
      <artefact id="1C1BDB25_5A34_4f43_B734_7C938F34ED69" name="Land and Building" stereotype="CCLibrary"/>
      <properties author="National eDAIS Coordination Office" version="2.3.0r2"/>
      <notes/>
    </xs:documentation>
  </xs:annotation>
  <xs:element name="AdministrativeArea" type="lab:AdministrativeArea"/>
  <xs:complexType name="AdministrativeArea">
    <xs:annotation>
      <xs:documentation>
        <artefact id="4317A19F_37F6_4bfd_9363_1BEFC3C1F88A" name="AdministrativeArea" stereotype="ACC"/>
        <properties author="National eDAIS Coordination Office" version="2.3.0r2"/>
        <notes>Defines the administrative area(s) associated with a survey plan, representing such concepts as Locality, Parish, County, Local Government, Local Authority, etc in general terms, and can represent other more specific area concepts such as Beach protection zones, etc.</notes>
      </xs:documentation>
    </xs:annotation>
    <xs:sequence>
      <xs:element name="AdminAreaCode" type="cdt:CodeType" minOccurs="0"/>
      <xs:element name="AdminAreaName" type="cdt:TextType"/>
      <xs:element name="AdminAreaType" type="cdt:CodeType"/>
    </xs:sequence>
    <xs:attribute name="ref" type="xs:string" use="optional"/>
  </xs:complexType>
  <xs:element name="Annotation" type="lab:Annotation"/>
  <xs:complexType name="Annotation">
    <xs:annotation>
      <xs:documentation>
        <artefact id="9E88199A_ABEF_4337_8759_1F52D5141B03" name="Annotation" stereotype="ACC"/>
        <properties author="National eDAIS Coordination Office" version="2.3.0r2"/>
        <notes>A descriptive string (text) used to describe an action on the survey (e.g. "Road to be opened", "Area to be excised").</notes>
      </xs:documentation>
    </xs:annotation>
    <xs:sequence>
      <xs:element name="Desc" type="cdt:TextType" minOccurs="0"/>
      <xs:element name="Name" type="cdt:TextType"/>
      <xs:element name="Type" type="cdt:CodeType"/>
    </xs:sequence>
    <xs:attribute name="ref" type="xs:string" use="optional"/>
  </xs:complexType>
  <xs:element name="CoordinateSystem" type="lab:CoordinateSystem"/>
  <xs:complexType name="CoordinateSystem">
    <xs:annotation>
      <xs:documentation>
        <artefact id="94364AED_115E_431e_A293_00BB969F42DC" name="CoordinateSystem" stereotype="ACC"/>
        <properties author="National eDAIS Coordination Office" version="2.3.0r2"/>
        <notes>Identifies the coordinate system used to define the survey.</notes>
      </xs:documentation>
    </xs:annotation>
    <xs:sequence>
      <xs:element name="Description" type="cdt:TextType" minOccurs="0"/>
      <xs:element name="HorizontalDatumName" type="cdt:CodeType"/>
      <xs:element name="VerticalDatumName" type="cdt:CodeType" minOccurs="0"/>
    </xs:sequence>
    <xs:attribute name="ref" type="xs:string" use="optional"/>
  </xs:complexType>
  <xs:element name="Document" type="lab:Document"/>
  <xs:complexType name="Document">
    <xs:annotation>
      <xs:documentation>
        <artefact id="819608AB_CF66_4b20_BF7C_2E1FC311BECB" name="Document" stereotype="ACC"/>
        <properties author="National eDAIS Coordination Office" version="2.3.0r2"/>
        <notes>A document used in relation to defining a survey plan.  In the first instance, generally simply describes the survey plan itself (hence the Document No. equates to a Plan No.), and thus has a one-to-one relationship with Survey Document, but has been identified to allow additional documents (or document types) to be described in relation to (survey) plans.</notes>
      </xs:documentation>
    </xs:annotation>
    <xs:sequence>
      <xs:element name="DocumentNo" type="cdt:IdentifierType"/>
      <xs:element name="DocumentStatus" type="cdt:CodeType" minOccurs="0"/>
      <xs:element name="Jurisdiction" type="cdt:CodeType"/>
      <xs:element name="SubmissionDate" type="cdt:DateTimeType" minOccurs="0"/>
      <xs:element name="SurveyDocument" type="lab:SurveyDocument"/>
      <xs:element name="VersionDate" type="cdt:DateTimeType" minOccurs="0"/>
      <xs:element name="VersionNumber" type="cdt:NumericType" minOccurs="0"/>
    </xs:sequence>
    <xs:attribute name="ref" type="xs:string" use="optional"/>
  </xs:complexType>
  <xs:element name="Encroachment" type="lab:Encroachment"/>
  <xs:complexType name="Encroachment">
    <xs:annotation>
      <xs:documentation>
        <artefact id="9751DECB_8CBA_4039_9699_FEBBB57A9210" name="Encroachment" stereotype="ACC"/>
        <properties author="National eDAIS Coordination Office" version="2.3.0r2"/>
        <notes>Identifies the improvement which encroaches on its neighbour.  This element contains a 3dpoint list which describes the extent of the encroachment.</notes>
      </xs:documentation>
    </xs:annotation>
    <xs:sequence>
      <xs:element name="Desc" type="cdt:TextType" minOccurs="0"/>
      <xs:element name="Name" type="cdt:TextType"/>
      <xs:element name="PointList" type="cdt:TextType" minOccurs="0"/>
      <xs:element name="Type" type="cdt:CodeType" minOccurs="0"/>
    </xs:sequence>
    <xs:attribute name="ref" type="xs:string" use="optional"/>
  </xs:complexType>
  <xs:element name="ExclusionAreas" type="lab:ExclusionAreas"/>
  <xs:complexType name="ExclusionAreas">
    <xs:annotation>
      <xs:documentation>
        <artefact id="9ACFBDA0_E519_4997_A4D3_C08733916793" name="ExclusionAreas" stereotype="ACC"/>
        <properties author="National eDAIS Coordination Office" version="2.3.0r2"/>
        <notes>Some parcels have exclusions from its area, either specified (such as an internal road, or an included lot). or as an area excluded from the title but is spatially un-described (i.e. Reserved Areas).  Most jurisdictions have a defined list of exclusions.</notes>
      </xs:documentation>
    </xs:annotation>
    <xs:sequence>
      <xs:element name="Area" type="cdt:NumericType"/>
      <xs:element name="ExclusionType" type="cdt:CodeType"/>
      <xs:element name="Pclref" type="cdt:TextType"/>
    </xs:sequence>
    <xs:attribute name="ref" type="xs:string" use="optional"/>
  </xs:complexType>
  <xs:element name="Line" type="lab:Line"/>
  <xs:complexType name="Line">
    <xs:annotation>
      <xs:documentation>
        <artefact id="56945329_03C9_4753_ACC5_69B9A8DD4DDB" name="Line" stereotype="ACC"/>
        <properties author="National eDAIS Coordination Office" version="2.3.0r2"/>
        <notes>Defines the properties of a Line in a coordinate Geometry collection.  The Start and End points define the line.  This is related to the Line Element in LandXML.  This model (as does LandXML) make a distinction between a line (which joins two points) and a observation.  In this model, a line could have several observations, e.g. mean terrain height or spheroidal distance.  Further, this model allows for an observation between points which are not part of a survey polygon, e.g. a connection to a reference mark or to a control station.</notes>
      </xs:documentation>
    </xs:annotation>
    <xs:sequence>
      <xs:element name="Desc" type="cdt:TextType" minOccurs="0"/>
      <xs:element name="Dir" type="cdt:NumericType" minOccurs="0"/>
      <xs:element name="Length" type="cdt:MeasureType" minOccurs="0"/>
      <xs:element name="Name" type="cdt:TextType"/>
      <xs:element name="Note" type="cdt:TextType" minOccurs="0" maxOccurs="unbounded"/>
      <xs:element name="OID" type="cdt:IdentifierType"/>
      <xs:element name="PointList" type="cdt:TextType" minOccurs="0"/>
      <xs:element name="Radius" type="cdt:NumericType" minOccurs="0"/>
      <xs:element name="Rot" type="cdt:TextType" minOccurs="0"/>
      <xs:element name="Source" type="cdt:TextType" minOccurs="0"/>
      <xs:element name="State" type="cdt:CodeType"/>
    </xs:sequence>
    <xs:attribute name="ref" type="xs:string" use="optional"/>
  </xs:complexType>
  <xs:element name="Parcel" type="lab:Parcel"/>
  <xs:complexType name="Parcel">
    <xs:annotation>
      <xs:documentation>
        <artefact id="ED6743A6_39E4_416a_94F7_2E1FBA3E44F7" name="Parcel" stereotype="ACC"/>
        <properties author="National eDAIS Coordination Office" version="2.3.0r2"/>
        <notes>A parcel is the unit over which a single interest can be created.  A parcel may have a specific parcel type (for example, in Queensland the parcel over which an indefeasible title can be issued is called a lot).  A parcel can be made up of a number of sub parcels; each sub parcel must be a closed figure (but the superordinate parcel may consist of non-contiguous subordinate parcels).  The total area of a parcel is the sum of the areas of the sub parcels. For example a parcel (lot) on a Building Format Plan (Stratum Plan) may have several parts on different floors in the complex, i.e. a car park, a balcony and the main unit. The parcel class holds the non-geometric elements relating to a parcel.  The term parcel here has a different meaning to the parcel in the Harmonised Data Model.  In the HDM a parcel refers to a cadastral lot for which a title can be issued.  This model uses a much broader definition of parcel in that it is a polygon (or volumetric figure) for which a right or obligation (or some other consistent definition) can be defined.  It includes base cadastral lots as well as easements and secondary interests.  This package models the administrative and metadata information about parcels, with the term parcel meaning a polygon created for some administrative purpose.  Most of these classes map to the parcel class in LandXML except for specialise elements for volumetric and Stratum parcels.  These classes map to the HDM class of PrivateLawObjects of Parcel, Easement, Secondary Interest, Road Reserve and Reserve. The other part of a parcel is that it has an "is related to" association.  This relationship assists in defining and structuring:  (i) If a parcel is made up of several parts (i.e. stratum lot over serveral floors); )ii) Creating historical associations and allocations, to bring forward existing title encumbrances, rights and obligations; (iii) Creating historical linkages to link parcels to their ancestors (as in historical survey searching or native title investigations); (iv) Linking an admistrative area to cadastral polygons, which represent parcels, allowing the allocation of new parcels to existing administrative areas, e.g. allocation of areas to local governments for rating purposes.  This is accomplished by using an embedded Parcels/Parcel relationship to show the relationship between existing parcels and those parcels being created.</notes>
      </xs:documentation>
    </xs:annotation>
    <xs:sequence>
      <xs:element name="BuildingLevelNo" type="cdt:TextType" minOccurs="0"/>
      <xs:element name="BuildingNo" type="cdt:TextType" minOccurs="0"/>
      <xs:element name="Classification" type="cdt:CodeType"/>
      <xs:element name="Desc" type="cdt:TextType" minOccurs="0"/>
      <xs:element name="Encroachment" type="lab:Encroachment" minOccurs="0"/>
      <xs:element name="ExclusionAreas" type="lab:ExclusionAreas" minOccurs="0" maxOccurs="unbounded"/>
      <xs:element name="Name" type="cdt:TextType" minOccurs="0"/>
      <xs:element name="Note" type="cdt:TextType" minOccurs="0" maxOccurs="unbounded"/>
      <xs:element name="OID" type="cdt:IdentifierType" minOccurs="0"/>
      <xs:element name="Parcel" type="lab:Parcel" minOccurs="0" maxOccurs="unbounded"/>
      <xs:element name="ParcelFormat" type="cdt:CodeType" minOccurs="0"/>
      <xs:element name="Polygon" type="lab:Polygon" minOccurs="0"/>
      <xs:element name="SchemeLand" type="lab:SchemeLand" minOccurs="0"/>
      <xs:element name="State" type="cdt:CodeType" minOccurs="0"/>
      <xs:element name="TitleReference" type="lab:TitleReference" minOccurs="0" maxOccurs="unbounded"/>
      <xs:element name="UseOfParcel" type="cdt:CodeType" minOccurs="0" maxOccurs="unbounded"/>
      <xs:element name="Volume" type="cdt:NumericType" minOccurs="0"/>
    </xs:sequence>
    <xs:attribute name="ref" type="xs:string" use="optional"/>
  </xs:complexType>
  <xs:element name="Polygon" type="lab:Polygon"/>
  <xs:complexType name="Polygon">
    <xs:annotation>
      <xs:documentation>
        <artefact id="B5AE4B85_DE26_44d8_B1FA_B88020DA6912" name="Polygon" stereotype="ACC"/>
        <properties author="National eDAIS Coordination Office" version="2.3.0r2"/>
        <notes>A Polygon is a closed figure that can be made up of 2 or more lines (which may be either Regular Lines, Curves or Irregular lines).  A parcel only needs to be defined by a Polygon if the survey needs to be spatially dealt with by the survey i.e. as a created or cancelled parcel.  Some parcels may not require to be spatial defined for the purpose of the survey, specifically where the parcel is defining an administrative area etc.  These elements are mapped to the LandXML Coordinate Geometry elements.  This element maps to the HDM Survey Polygon element.</notes>
      </xs:documentation>
    </xs:annotation>
    <xs:sequence>
      <xs:element name="Centroid" type="cdt:TextType" minOccurs="0"/>
      <xs:element name="Desc" type="cdt:TextType" minOccurs="0"/>
      <xs:element name="Line" type="lab:Line" minOccurs="2" maxOccurs="unbounded"/>
      <xs:element name="Name" type="cdt:TextType"/>
      <xs:element name="OID" type="cdt:IdentifierType"/>
      <xs:element name="State" type="cdt:CodeType" minOccurs="0"/>
    </xs:sequence>
    <xs:attribute name="ref" type="xs:string" use="optional"/>
  </xs:complexType>
  <xs:element name="SchemeLand" type="lab:SchemeLand"/>
  <xs:complexType name="SchemeLand">
    <xs:annotation>
      <xs:documentation>
        <artefact id="38003730_D1CD_480b_95BC_8A200E10A307" name="SchemeLand" stereotype="ACC"/>
        <properties author="National eDAIS Coordination Office" version="2.3.0r2"/>
        <notes>The recording of special attributes relating to the apportionment of rights and obligations of the Body Corporate.</notes>
      </xs:documentation>
    </xs:annotation>
    <xs:sequence>
      <xs:element name="LiabilityApportionment" type="cdt:TextType" minOccurs="0"/>
      <xs:element name="LotEntitlements" type="cdt:TextType" minOccurs="0"/>
    </xs:sequence>
    <xs:attribute name="ref" type="xs:string" use="optional"/>
  </xs:complexType>
  <xs:element name="Survey" type="lab:Survey"/>
  <xs:complexType name="Survey">
    <xs:annotation>
      <xs:documentation>
        <artefact id="12CAE0AB_976D_4a82_A3D2_3A3001DF1378" name="Survey" stereotype="ACC"/>
        <properties author="National eDAIS Coordination Office" version="2.3.0r2"/>
        <notes>The generic survey data.  The survey description is the standard form for a description of what the survey is achieving.</notes>
      </xs:documentation>
    </xs:annotation>
    <xs:sequence>
      <xs:element name="CoordinateSystem" type="lab:CoordinateSystem"/>
      <xs:element name="FieldNoteFlag" type="cdt:IndicatorType" minOccurs="0"/>
      <xs:element name="FieldNoteReference" type="cdt:TextType" minOccurs="0" maxOccurs="unbounded"/>
      <xs:element name="FieldReport" type="cdt:TextType" minOccurs="0" maxOccurs="unbounded"/>
      <xs:element name="FileReference" type="cdt:TextType" minOccurs="0"/>
      <xs:element name="Parcel" type="lab:Parcel" minOccurs="0" maxOccurs="unbounded"/>
      <xs:element name="PurposeOfSurvey" type="cdt:CodeType" minOccurs="0" maxOccurs="unbounded"/>
      <xs:element name="SurveyCancDesc" type="cdt:TextType" minOccurs="0"/>
      <xs:element name="SurveyDesc" type="cdt:TextType" minOccurs="0"/>
      <xs:element name="SurveyPoint" type="lab:SurveyPoint" minOccurs="0" maxOccurs="unbounded"/>
      <xs:element name="SurveyType" type="cdt:CodeType" minOccurs="0"/>
    </xs:sequence>
    <xs:attribute name="ref" type="xs:string" use="optional"/>
  </xs:complexType>
  <xs:element name="SurveyDocument" type="lab:SurveyDocument"/>
  <xs:complexType name="SurveyDocument">
    <xs:annotation>
      <xs:documentation>
        <artefact id="588E9BBE_894F_498d_8497_E911A83622C1" name="SurveyDocument" stereotype="ACC"/>
        <properties author="National eDAIS Coordination Office" version="2.3.0r2"/>
        <notes>This class contains the administrative and textual data associated with the metadata of the plan and the administrative actions displayed on the plan.</notes>
      </xs:documentation>
    </xs:annotation>
    <xs:sequence>
      <xs:element name="AdministrativeArea" type="lab:AdministrativeArea" minOccurs="0" maxOccurs="unbounded"/>
      <xs:element name="AdministrativeDate" type="cdt:CodeType" minOccurs="0" maxOccurs="unbounded"/>
      <xs:element name="Annotation" type="lab:Annotation" minOccurs="0" maxOccurs="unbounded"/>
      <xs:element name="HeadOfPower" type="cdt:CodeType" minOccurs="0"/>
      <xs:element name="Note" type="cdt:TextType" minOccurs="0" maxOccurs="unbounded"/>
      <xs:element name="Status" type="cdt:CodeType" minOccurs="0"/>
      <xs:element name="Survey" type="lab:Survey" maxOccurs="unbounded"/>
      <xs:element name="SurveyFormat" type="cdt:CodeType" minOccurs="0"/>
    </xs:sequence>
    <xs:attribute name="ref" type="xs:string" use="optional"/>
  </xs:complexType>
  <xs:element name="SurveyPoint" type="lab:SurveyPoint"/>
  <xs:complexType name="SurveyPoint">
    <xs:annotation>
      <xs:documentation>
        <artefact id="5F2D5756_8A9B_481c_9DEB_1164B27E7631" name="SurveyPoint" stereotype="ACC"/>
        <properties author="National eDAIS Coordination Office" version="2.3.0r2"/>
        <notes>The survey nodes within the file.  A node is any point of interest in the Survey and may relate to Boundary Points, Traverse Point or Reference Mark. A Permanent Survey Mark is also a Node.
This element maps to the LandXML Element of cgpoint.  This element also maps to the ICSM HDM Element of Survey Point.</notes>
      </xs:documentation>
    </xs:annotation>
    <xs:sequence>
      <xs:element name="Code" type="cdt:CodeType" minOccurs="0"/>
      <xs:element name="Desc" type="cdt:TextType" minOccurs="0"/>
      <xs:element name="Line" type="lab:Line" minOccurs="2" maxOccurs="2"/>
      <xs:element name="Name" type="cdt:TextType"/>
      <xs:element name="OID" type="cdt:IdentifierType"/>
      <xs:element name="PntSurv" type="cdt:TextType" minOccurs="0"/>
      <xs:element name="Role" type="cdt:TextType" minOccurs="0"/>
      <xs:element name="State" type="cdt:CodeType" minOccurs="0"/>
      <xs:element name="SurveyOrder" type="cdt:NumericType" minOccurs="0"/>
      <xs:element name="ThreeDPoint" type="cdt:TextType" minOccurs="0"/>
      <xs:element name="TwoDPoint" type="cdt:TextType" minOccurs="0"/>
      <xs:element name="ZoneNumber" type="cdt:NumericType" minOccurs="0"/>
    </xs:sequence>
    <xs:attribute name="ref" type="xs:string" use="optional"/>
  </xs:complexType>
  <xs:element name="TitleReference" type="lab:TitleReference"/>
  <xs:complexType name="TitleReference">
    <xs:annotation>
      <xs:documentation>
        <artefact id="31C40EBC_6C4B_4c83_A36D_F7BF1C7D9C4A" name="TitleReference" stereotype="ACC"/>
        <properties author="National eDAIS Coordination Office" version="2.3.0r2"/>
        <notes>The references to Titles relevant to a parcel.  A parcel may have several interests created by different documents which will need to be dealt with.  For example, a lot may have several Certificates of Title and some mortgages which will need to be allocated to new parcels, and thus, from a definitional perspective, each of the title details must be known.  This model uses a simple textual description of the Title, consistent with the LIXI/NECSDS standards but not using those standards at this stage.</notes>
      </xs:documentation>
    </xs:annotation>
    <xs:sequence>
      <xs:element name="Name" type="cdt:TextType"/>
      <xs:element name="TitleType" type="cdt:CodeType"/>
    </xs:sequence>
    <xs:attribute name="ref" type="xs:string" use="optional"/>
  </xs:complexType>
  <xs:element name="Volume" type="lab:Volume"/>
  <xs:complexType name="Volume">
    <xs:annotation>
      <xs:documentation>
        <artefact id="68A383D7_C6F5_4df3_B235_D096EFB94F80" name="Volume" stereotype="ACC"/>
        <properties author="National eDAIS Coordination Office" version="2.3.0r2"/>
        <notes>A cubic space made up of polygons, which are its faces.  Where the parcel being defined is a volumetric lot then the volume must be specifically defined by its faces.  These faces are regular or irregular polygons.</notes>
      </xs:documentation>
    </xs:annotation>
    <xs:sequence>
      <xs:element name="Centroid" type="cdt:TextType" minOccurs="0"/>
      <xs:element name="Desc" type="cdt:TextType" minOccurs="0"/>
      <xs:element name="Name" type="cdt:TextType"/>
      <xs:element name="OID" type="cdt:IdentifierType"/>
      <xs:element name="Polygon" type="lab:Polygon" minOccurs="0" maxOccurs="2"/>
      <xs:element name="State" type="cdt:CodeType" minOccurs="0"/>
    </xs:sequence>
    <xs:attribute name="ref" type="xs:string" use="optional"/>
  </xs:complexType>
</xs:schema>]]></con:content><con:type>http://www.w3.org/2001/XMLSchema</con:type></con:part><con:part><con:url>file:\C:\Users\hunter\dev\Buildaform%20-%20EHC\src\Buildaform.eDAIS\.\biv\cdt.type.2.3.0r2.xsd</con:url><con:content><![CDATA[<xs:schema targetNamespace="http://xml.gov.au/edais/dt/qdt/cdt.type.2.3.0r2" elementFormDefault="qualified" attributeFormDefault="unqualified" version="2.3.0r2" xmlns:cdt="http://xml.gov.au/edais/dt/qdt/cdt.type.2.3.0r2" xmlns:xs="http://www.w3.org/2001/XMLSchema">
  <xs:annotation>
    <xs:documentation>
      <artefact id="715EEBAF_0487_4102_8FB6_99B007FA2A55" name="Core Data Types" stereotype="QDTLibrary"/>
      <properties author="National eDAIS Coordination Office" version="2.3.0r2"/>
      <notes/>
    </xs:documentation>
  </xs:annotation>
  <xs:simpleType name="Amount">
    <xs:restriction base="xs:decimal"/>
  </xs:simpleType>
  <xs:complexType name="AmountType">
    <xs:annotation>
      <xs:documentation>
        <artefact id="78D75814_387B_4c1c_8CC7_7CF2917BE8AD" name="Amount" stereotype="QDT"/>
        <properties author="National eDAIS Coordination Office" version="2.3.0r2"/>
        <notes>Supports the ability to provide a currency code with an amount value.</notes>
      </xs:documentation>
    </xs:annotation>
    <xs:simpleContent>
      <xs:extension base="cdt:Amount">
        <xs:attribute name="CurrencyCode" type="xs:string" use="optional">
          <xs:annotation>
            <xs:documentation>
              <artefact id="2520B32D_D2FB_4e16_85C2_7C746AAAABD7" name="CurrencyCode" stereotype="SUP"/>
              <notes>The currency code for the associated amount value.</notes>
            </xs:documentation>
          </xs:annotation>
        </xs:attribute>
      </xs:extension>
    </xs:simpleContent>
  </xs:complexType>
  <xs:simpleType name="BinaryObject">
    <xs:restriction base="xs:base64Binary"/>
  </xs:simpleType>
  <xs:complexType name="BinaryObjectType">
    <xs:annotation>
      <xs:documentation>
        <artefact id="0D0802BF_6C49_479c_B4A2_D77DDB98D4F0" name="BinaryObject" stereotype="QDT"/>
        <properties author="National eDAIS Coordination Office" version="2.3.0r2"/>
        <notes>A primitive date value with formatting attached.</notes>
      </xs:documentation>
    </xs:annotation>
    <xs:simpleContent>
      <xs:extension base="cdt:BinaryObject">
        <xs:attribute name="Format" type="xs:string" use="optional">
          <xs:annotation>
            <xs:documentation>
              <artefact id="0AAB9EFE_BE57_408a_9ED8_32C715304AB3" name="Format" stereotype="SUP"/>
              <notes/>
            </xs:documentation>
          </xs:annotation>
        </xs:attribute>
        <xs:attribute name="MimeCode" type="xs:string" use="optional">
          <xs:annotation>
            <xs:documentation>
              <artefact id="12907CC9_C55B_44d9_8DE8_57E61A6B5F12" name="MimeCode" stereotype="SUP"/>
              <notes/>
            </xs:documentation>
          </xs:annotation>
        </xs:attribute>
        <xs:attribute name="CharacterSetCode" type="xs:string" use="optional">
          <xs:annotation>
            <xs:documentation>
              <artefact id="88A2CF18_8BAE_472a_A7AB_571FCC93ACD2" name="CharacterSetCode" stereotype="SUP"/>
              <notes/>
            </xs:documentation>
          </xs:annotation>
        </xs:attribute>
        <xs:attribute name="EncodingCode" type="xs:string" use="optional">
          <xs:annotation>
            <xs:documentation>
              <artefact id="3E0A6400_3632_48a0_A1AC_6B195BC04C80" name="EncodingCode" stereotype="SUP"/>
              <notes/>
            </xs:documentation>
          </xs:annotation>
        </xs:attribute>
        <xs:attribute name="UniformResourceIdentifier" type="xs:string" use="optional">
          <xs:annotation>
            <xs:documentation>
              <artefact id="11C595B6_DE72_42e9_907E_97F4ADE06415" name="UniformResourceIdentifier" stereotype="SUP"/>
              <notes/>
            </xs:documentation>
          </xs:annotation>
        </xs:attribute>
        <xs:attribute name="Filename" type="xs:string" use="optional">
          <xs:annotation>
            <xs:documentation>
              <artefact id="5203A659_E468_47e5_AF3A_994F18D7F88B" name="Filename" stereotype="SUP"/>
              <notes/>
            </xs:documentation>
          </xs:annotation>
        </xs:attribute>
      </xs:extension>
    </xs:simpleContent>
  </xs:complexType>
  <xs:simpleType name="Code">
    <xs:restriction base="xs:string"/>
  </xs:simpleType>
  <xs:complexType name="CodeType">
    <xs:annotation>
      <xs:documentation>
        <artefact id="F1259AB4_7AAD_412f_8C29_60825CD05A11" name="Code" stereotype="QDT"/>
        <properties author="National eDAIS Coordination Office" version="2.3.0r2"/>
        <notes>A generic qualified data type which is used to define a placeholder where a more qualified code list driven data type could potentially be used, but can not as yet be defined.</notes>
      </xs:documentation>
    </xs:annotation>
    <xs:simpleContent>
      <xs:extension base="cdt:Code">
        <xs:attribute name="codeName" type="xs:string" use="optional">
          <xs:annotation>
            <xs:documentation>
              <artefact id="D16BEB62_1C24_40f0_8AE2_BC8FD8DC6B38" name="codeName" stereotype="SUP"/>
              <notes>A textual representation of the content value.  Useful for providing an expanded version of a code (i.e. for AU content, you could provide Australia in its CodeName attribute).</notes>
            </xs:documentation>
          </xs:annotation>
        </xs:attribute>
        <xs:attribute name="codeListURI" type="xs:string" use="optional">
          <xs:annotation>
            <xs:documentation>
              <artefact id="652AF8C4_8FF8_4371_9869_C4193066AA29" name="codeListURI" stereotype="SUP"/>
              <notes>The URI of this content's codelist.</notes>
            </xs:documentation>
          </xs:annotation>
        </xs:attribute>
        <xs:attribute name="codeListAgency" type="xs:string" use="optional">
          <xs:annotation>
            <xs:documentation>
              <artefact id="E5FF3F30_0C8C_4e20_A403_062F75C95046" name="codeListAgency" stereotype="SUP"/>
              <notes>The name of the agency that is responsible for maintaining this content's codelist.</notes>
            </xs:documentation>
          </xs:annotation>
        </xs:attribute>
        <xs:attribute name="codeListName" type="xs:string" use="optional">
          <xs:annotation>
            <xs:documentation>
              <artefact id="367C529E_4B44_4ffb_BF9B_2AF2D0296DEC" name="codeListName" stereotype="SUP"/>
              <notes>The name of the code list the content is taken from.</notes>
            </xs:documentation>
          </xs:annotation>
        </xs:attribute>
        <xs:attribute name="codeListVersion" type="xs:string" use="optional">
          <xs:annotation>
            <xs:documentation>
              <artefact id="278DBAE2_DC71_4def_87FA_C2A77563D4E8" name="codeListVersion" stereotype="SUP"/>
              <notes>The unique version of this content's codelist.</notes>
            </xs:documentation>
          </xs:annotation>
        </xs:attribute>
      </xs:extension>
    </xs:simpleContent>
  </xs:complexType>
  <xs:simpleType name="Date">
    <xs:restriction base="xs:date"/>
  </xs:simpleType>
  <xs:complexType name="DateType">
    <xs:annotation>
      <xs:documentation>
        <artefact id="590FD531_CB2F_4ff7_B387_D5C06AC755F3" name="Date" stereotype="QDT"/>
        <properties author="National eDAIS Coordination Office" version="2.3.0r2"/>
        <notes>A primitive date value with formatting attached.</notes>
      </xs:documentation>
    </xs:annotation>
    <xs:simpleContent>
      <xs:extension base="cdt:Date">
        <xs:attribute name="Format" type="xs:string" use="optional">
          <xs:annotation>
            <xs:documentation>
              <artefact id="70D5118F_3891_4a8f_BAEC_B7505FFCF268" name="Format" stereotype="SUP"/>
              <notes/>
            </xs:documentation>
          </xs:annotation>
        </xs:attribute>
      </xs:extension>
    </xs:simpleContent>
  </xs:complexType>
  <xs:simpleType name="DateTime">
    <xs:restriction base="xs:dateTime"/>
  </xs:simpleType>
  <xs:complexType name="DateTimeType">
    <xs:annotation>
      <xs:documentation>
        <artefact id="087C437F_E2A9_42e8_8A50_1C5822C18E50" name="DateTime" stereotype="QDT"/>
        <properties author="National eDAIS Coordination Office" version="2.3.0r2"/>
        <notes>A primitive datetime value with formatting attached.</notes>
      </xs:documentation>
    </xs:annotation>
    <xs:simpleContent>
      <xs:extension base="cdt:DateTime">
        <xs:attribute name="Format" type="xs:string" use="optional">
          <xs:annotation>
            <xs:documentation>
              <artefact id="3FCCEE37_0980_4891_921D_330BCADB1B7F" name="Format" stereotype="SUP"/>
              <notes>The format of the datestring using ISO 8601 date format strings.</notes>
            </xs:documentation>
          </xs:annotation>
        </xs:attribute>
      </xs:extension>
    </xs:simpleContent>
  </xs:complexType>
  <xs:simpleType name="Identifier">
    <xs:restriction base="xs:string"/>
  </xs:simpleType>
  <xs:complexType name="IdentifierType">
    <xs:annotation>
      <xs:documentation>
        <artefact id="05B497C8_A833_4621_8066_A7AABC5D3614" name="Identifier" stereotype="QDT"/>
        <properties author="National eDAIS Coordination Office" version="2.3.0r2"/>
        <notes>A data type that optionally provides extra information surrounding an identifier value.</notes>
      </xs:documentation>
    </xs:annotation>
    <xs:simpleContent>
      <xs:extension base="cdt:Identifier">
        <xs:attribute name="identificationSchemeName" type="xs:string" use="optional">
          <xs:annotation>
            <xs:documentation>
              <artefact id="01E276AA_F2BB_4097_83C9_FE669B935CEF" name="identificationSchemeName" stereotype="SUP"/>
              <notes>The name of the identification scheme.</notes>
            </xs:documentation>
          </xs:annotation>
        </xs:attribute>
        <xs:attribute name="identificationSchemeURI" type="xs:string" use="optional">
          <xs:annotation>
            <xs:documentation>
              <artefact id="3A593286_0E8E_4f65_8F6D_2A78637D7906" name="identificationSchemeURI" stereotype="SUP"/>
              <notes>The URI where this identification scheme is located.</notes>
            </xs:documentation>
          </xs:annotation>
        </xs:attribute>
        <xs:attribute name="identificationSchemeVersion" type="xs:string" use="optional">
          <xs:annotation>
            <xs:documentation>
              <artefact id="33747EF9_BB9F_454d_8BA5_026B1058B3AC" name="identificationSchemeVersion" stereotype="SUP"/>
              <notes>The version of the identification scheme.</notes>
            </xs:documentation>
          </xs:annotation>
        </xs:attribute>
        <xs:attribute name="identificationSchemeAgency" type="xs:string" use="optional">
          <xs:annotation>
            <xs:documentation>
              <artefact id="BC159E14_9BB9_4b2b_80E0_453B43E4D039" name="identificationSchemeAgency" stereotype="SUP"/>
              <notes>The name of the agency that maintains the identification scheme.</notes>
            </xs:documentation>
          </xs:annotation>
        </xs:attribute>
      </xs:extension>
    </xs:simpleContent>
  </xs:complexType>
  <xs:simpleType name="Indicator">
    <xs:restriction base="xs:boolean"/>
  </xs:simpleType>
  <xs:complexType name="IndicatorType">
    <xs:annotation>
      <xs:documentation>
        <artefact id="F18406F8_4226_4f54_B5D4_3C3BECAFDBF5" name="Indicator" stereotype="QDT"/>
        <properties author="National eDAIS Coordination Office" version="2.3.0r2"/>
        <notes>A primitive date value with formatting attached.</notes>
      </xs:documentation>
    </xs:annotation>
    <xs:simpleContent>
      <xs:extension base="cdt:Indicator">
        <xs:attribute name="Format" type="xs:string" use="optional">
          <xs:annotation>
            <xs:documentation>
              <artefact id="EB197999_A471_486b_8847_38B676DA3C22" name="Format" stereotype="SUP"/>
              <notes/>
            </xs:documentation>
          </xs:annotation>
        </xs:attribute>
      </xs:extension>
    </xs:simpleContent>
  </xs:complexType>
  <xs:simpleType name="Measure">
    <xs:restriction base="xs:decimal"/>
  </xs:simpleType>
  <xs:complexType name="MeasureType">
    <xs:annotation>
      <xs:documentation>
        <artefact id="C2C9873D_8A3B_4aec_8270_52C3629B2463" name="Measure" stereotype="QDT"/>
        <properties author="National eDAIS Coordination Office" version="2.3.0r2"/>
        <notes>A decimal value with attached measure unit code.</notes>
      </xs:documentation>
    </xs:annotation>
    <xs:simpleContent>
      <xs:extension base="cdt:Measure">
        <xs:attribute name="UnitCode" type="xs:string" use="optional">
          <xs:annotation>
            <xs:documentation>
              <artefact id="FFB7737F_E21E_4321_A496_0B2A1EFC94DB" name="UnitCode" stereotype="SUP"/>
              <notes/>
            </xs:documentation>
          </xs:annotation>
        </xs:attribute>
      </xs:extension>
    </xs:simpleContent>
  </xs:complexType>
  <xs:simpleType name="Numeric">
    <xs:restriction base="xs:decimal"/>
  </xs:simpleType>
  <xs:complexType name="NumericType">
    <xs:annotation>
      <xs:documentation>
        <artefact id="F0FB87DC_CED1_4719_8785_AADBFCE2DBBF" name="Numeric" stereotype="QDT"/>
        <properties author="National eDAIS Coordination Office" version="2.3.0r2"/>
        <notes>A decimal value with attached formatting.</notes>
      </xs:documentation>
    </xs:annotation>
    <xs:simpleContent>
      <xs:extension base="cdt:Numeric">
        <xs:attribute name="Format" type="xs:string" use="optional">
          <xs:annotation>
            <xs:documentation>
              <artefact id="516BBE7C_9EBE_475a_8CC8_5EA654B95C17" name="Format" stereotype="SUP"/>
              <notes>The format of the number.</notes>
            </xs:documentation>
          </xs:annotation>
        </xs:attribute>
      </xs:extension>
    </xs:simpleContent>
  </xs:complexType>
  <xs:simpleType name="Text">
    <xs:restriction base="xs:string"/>
  </xs:simpleType>
  <xs:complexType name="TextType">
    <xs:annotation>
      <xs:documentation>
        <artefact id="47B1ABD8_F9AF_4aa5_904E_5D3B181D6478" name="Text" stereotype="QDT"/>
        <properties author="National eDAIS Coordination Office" version="2.3.0r2"/>
        <notes>This data type defines a primitive xsd:string type providing extra language and locale information.</notes>
      </xs:documentation>
    </xs:annotation>
    <xs:simpleContent>
      <xs:extension base="cdt:Text">
        <xs:attribute name="LanguageIdentifier" type="xs:string" use="optional">
          <xs:annotation>
            <xs:documentation>
              <artefact id="AFEA919C_1900_4b90_83EF_1F0A6D6D73E9" name="LanguageIdentifier" stereotype="SUP"/>
              <notes>The identifier of the language used in this content.</notes>
            </xs:documentation>
          </xs:annotation>
        </xs:attribute>
        <xs:attribute name="LanguageLocaleIdentifier" type="xs:string" use="optional">
          <xs:annotation>
            <xs:documentation>
              <artefact id="9E745210_3D7A_417b_B5E0_778E8FE00331" name="LanguageLocaleIdentifier" stereotype="SUP"/>
              <notes>The identification of the locale of the language.</notes>
            </xs:documentation>
          </xs:annotation>
        </xs:attribute>
      </xs:extension>
    </xs:simpleContent>
  </xs:complexType>
  <xs:simpleType name="Time">
    <xs:restriction base="xs:time"/>
  </xs:simpleType>
  <xs:complexType name="TimeType">
    <xs:annotation>
      <xs:documentation>
        <artefact id="A514DB2D_BEFA_418d_9639_6786C19A1AB1" name="Time" stereotype="QDT"/>
        <properties author="National eDAIS Coordination Office" version="2.3.0r2"/>
        <notes>A primitive time value with formatting.</notes>
      </xs:documentation>
    </xs:annotation>
    <xs:simpleContent>
      <xs:extension base="cdt:Time">
        <xs:attribute name="Format" type="xs:string" use="optional">
          <xs:annotation>
            <xs:documentation>
              <artefact id="098515DC_F7C1_495c_A2C8_63FFD47B39B6" name="Format" stereotype="SUP"/>
              <notes/>
            </xs:documentation>
          </xs:annotation>
        </xs:attribute>
      </xs:extension>
    </xs:simpleContent>
  </xs:complexType>
</xs:schema>]]></con:content><con:type>http://www.w3.org/2001/XMLSchema</con:type></con:part><con:part><con:url>file:\C:\Users\hunter\dev\Buildaform%20-%20EHC\src\Buildaform.eDAIS\.\biv\naa.data.2.3.0r2.xsd</con:url><con:content><![CDATA[<xs:schema targetNamespace="http://xml.gov.au/edais/core/naa.data.2.3.0r2" elementFormDefault="qualified" attributeFormDefault="unqualified" version="2.3.0r2" xmlns:cdt="http://xml.gov.au/edais/dt/qdt/cdt.type.2.3.0r2" xmlns:naa="http://xml.gov.au/edais/core/naa.data.2.3.0r2" xmlns:xs="http://www.w3.org/2001/XMLSchema">
  <xs:import namespace="http://xml.gov.au/edais/dt/qdt/cdt.type.2.3.0r2" schemaLocation="cdt.type.2.3.0r2.xsd"/>
  <xs:annotation>
    <xs:documentation>
      <artefact id="31687661_C584_48af_A957_791BF364253C" name="Name and Address" stereotype="CCLibrary"/>
      <properties author="National eDAIS Coordination Office" version="2.3.0r2"/>
      <notes/>
    </xs:documentation>
  </xs:annotation>
  <xs:element name="Address" type="naa:Address"/>
  <xs:complexType name="Address">
    <xs:annotation>
      <xs:documentation>
        <artefact id="F3D8F141_ED6B_4f58_A48C_1DA00FE8E138" name="Address" stereotype="ACC"/>
        <properties author="National eDAIS Coordination Office" version="2.3.0r2"/>
        <notes>The location at which a particular organisation or person may be found or reached.</notes>
      </xs:documentation>
    </xs:annotation>
    <xs:sequence>
      <xs:element name="Address" type="naa:Address" minOccurs="0" maxOccurs="unbounded"/>
      <xs:element name="BlockName" type="cdt:TextType" minOccurs="0"/>
      <xs:element name="BuildingName" type="cdt:TextType" minOccurs="0"/>
      <xs:element name="BuildingNumber" type="cdt:TextType" minOccurs="0"/>
      <xs:element name="CityName" type="cdt:TextType" minOccurs="0"/>
      <xs:element name="Code" type="cdt:CodeType" minOccurs="0"/>
      <xs:element name="CountryName" type="cdt:CodeType" minOccurs="0"/>
      <xs:element name="CountrySubDivision" type="cdt:CodeType" minOccurs="0"/>
      <xs:element name="Geocode" type="naa:Geocode" minOccurs="0" maxOccurs="unbounded"/>
      <xs:element name="Identification" type="cdt:IdentifierType"/>
      <xs:element name="LineFive" type="cdt:TextType" minOccurs="0"/>
      <xs:element name="LineFour" type="cdt:TextType" minOccurs="0"/>
      <xs:element name="LineOne" type="cdt:TextType" minOccurs="0"/>
      <xs:element name="LineSix" type="cdt:TextType" minOccurs="0"/>
      <xs:element name="LineThree" type="cdt:TextType" minOccurs="0"/>
      <xs:element name="LineTwo" type="cdt:TextType" minOccurs="0"/>
      <xs:element name="PostOfficeBox" type="cdt:TextType" minOccurs="0"/>
      <xs:element name="Postcode" type="cdt:TextType" minOccurs="0"/>
      <xs:element name="StreetName" type="cdt:TextType" minOccurs="0"/>
      <xs:element name="StreetSuffix" type="cdt:CodeType" minOccurs="0"/>
      <xs:element name="StreetType" type="cdt:CodeType" minOccurs="0"/>
      <xs:element name="Usage" type="cdt:CodeType" minOccurs="0"/>
      <xs:element name="UsagePeriod" type="naa:Period" minOccurs="0"/>
    </xs:sequence>
    <xs:attribute name="ref" type="xs:string" use="optional"/>
  </xs:complexType>
  <xs:element name="Contact" type="naa:Contact"/>
  <xs:complexType name="Contact">
    <xs:annotation>
      <xs:documentation>
        <artefact id="2D18EB74_E7B2_4719_9CA3_D11B68FB49A6" name="Contact" stereotype="ACC"/>
        <properties author="National eDAIS Coordination Office" version="2.3.0r2"/>
        <notes>A person or department that acts as a point of contact with another person or department.</notes>
      </xs:documentation>
    </xs:annotation>
    <xs:sequence>
      <xs:element name="DepartmentName" type="cdt:TextType" minOccurs="0"/>
      <xs:element name="Description" type="cdt:TextType" minOccurs="0"/>
      <xs:element name="Identification" type="cdt:IdentifierType"/>
      <xs:element name="Internet" type="naa:Internet" minOccurs="0" maxOccurs="unbounded"/>
      <xs:element name="IsPrimary" type="cdt:IndicatorType" minOccurs="0"/>
      <xs:element name="JobTitle" type="cdt:TextType" minOccurs="0"/>
      <xs:element name="PersonName" type="naa:PersonName" minOccurs="0"/>
      <xs:element name="Responsibility" type="cdt:TextType" minOccurs="0"/>
      <xs:element name="Telephone" type="naa:Telephone" minOccurs="0" maxOccurs="unbounded"/>
      <xs:element name="Type" type="cdt:CodeType" minOccurs="0"/>
    </xs:sequence>
    <xs:attribute name="ref" type="xs:string" use="optional"/>
  </xs:complexType>
  <xs:element name="Geocode" type="naa:Geocode"/>
  <xs:complexType name="Geocode">
    <xs:annotation>
      <xs:documentation>
        <artefact id="1D99F9CA_5C9B_4559_A8A4_6B2F713D4C53" name="Geocode" stereotype="ACC"/>
        <properties author="National eDAIS Coordination Office" version="2.3.0r2"/>
        <notes>A set of geographical coordinates of a specific point such as the longitude, latitude and altitude.</notes>
      </xs:documentation>
    </xs:annotation>
    <xs:sequence>
      <xs:element name="AltimetricSystem" type="cdt:CodeType" minOccurs="0"/>
      <xs:element name="Altitude" type="cdt:NumericType" minOccurs="0"/>
      <xs:element name="Identification" type="cdt:IdentifierType"/>
      <xs:element name="Latitude" type="cdt:NumericType"/>
      <xs:element name="LatitudeDirection" type="cdt:CodeType" minOccurs="0"/>
      <xs:element name="Longitude" type="cdt:NumericType"/>
      <xs:element name="LongitudeDirection" type="cdt:CodeType" minOccurs="0"/>
      <xs:element name="System" type="cdt:CodeType" minOccurs="0"/>
    </xs:sequence>
    <xs:attribute name="ref" type="xs:string" use="optional"/>
  </xs:complexType>
  <xs:element name="Internet" type="naa:Internet"/>
  <xs:complexType name="Internet">
    <xs:annotation>
      <xs:documentation>
        <artefact id="2933DCD1_43F7_4e42_882A_05DD7A23D25A" name="Internet" stereotype="ACC"/>
        <properties author="National eDAIS Coordination Office" version="2.3.0r2"/>
        <notes>Details for internet based communication.</notes>
      </xs:documentation>
    </xs:annotation>
    <xs:sequence>
      <xs:element name="Type" type="cdt:CodeType"/>
      <xs:element name="URI" type="xs:anyURI"/>
    </xs:sequence>
    <xs:attribute name="ref" type="xs:string" use="optional"/>
  </xs:complexType>
  <xs:element name="Organisation" type="naa:Organisation"/>
  <xs:complexType name="Organisation">
    <xs:annotation>
      <xs:documentation>
        <artefact id="A9FA3A77_64E3_450b_BDDF_4070DDEEF6DB" name="Organisation" stereotype="ACC"/>
        <properties author="National eDAIS Coordination Office" version="2.3.0r2"/>
        <notes>An organised structure set up for a particular purpose, such as a business, government body, department, charity, or financial institution.</notes>
      </xs:documentation>
    </xs:annotation>
    <xs:sequence>
      <xs:element name="Contact" type="naa:Contact" minOccurs="0" maxOccurs="unbounded"/>
      <xs:element name="Description" type="cdt:TextType" minOccurs="0"/>
      <xs:element name="Identification" type="cdt:IdentifierType"/>
      <xs:element name="IndustryClassification" type="cdt:CodeType" minOccurs="0"/>
      <xs:element name="Internet" type="naa:Internet" minOccurs="0" maxOccurs="unbounded"/>
      <xs:element name="IsActive" type="cdt:IndicatorType" minOccurs="0"/>
      <xs:element name="LegalClassification" type="cdt:CodeType" minOccurs="0"/>
      <xs:element name="Organisation" type="naa:Organisation" minOccurs="0" maxOccurs="unbounded"/>
      <xs:element name="OrganisationName" type="naa:OrganisationName" maxOccurs="unbounded"/>
      <xs:element name="PhysicalAddress" type="naa:Address" minOccurs="0" maxOccurs="unbounded"/>
      <xs:element name="PostalAddress" type="naa:Address" minOccurs="0" maxOccurs="unbounded"/>
      <xs:element name="Registration" type="naa:Registration" minOccurs="0" maxOccurs="unbounded"/>
      <xs:element name="Status" type="naa:Status" minOccurs="0" maxOccurs="unbounded"/>
      <xs:element name="Telephone" type="naa:Telephone" minOccurs="0" maxOccurs="unbounded"/>
      <xs:element name="Type" type="cdt:CodeType" minOccurs="0"/>
    </xs:sequence>
    <xs:attribute name="ref" type="xs:string" use="optional"/>
  </xs:complexType>
  <xs:element name="OrganisationName" type="naa:OrganisationName"/>
  <xs:complexType name="OrganisationName">
    <xs:annotation>
      <xs:documentation>
        <artefact id="A0534378_5545_45ff_8A28_B797EC457A5A" name="OrganisationName" stereotype="ACC"/>
        <properties author="National eDAIS Coordination Office" version="2.3.0r2"/>
        <notes>The name(s) by which an organisation may be known.</notes>
      </xs:documentation>
    </xs:annotation>
    <xs:sequence>
      <xs:element name="Classification" type="cdt:CodeType"/>
      <xs:element name="Name" type="cdt:TextType"/>
      <xs:element name="ValidityPeriod" type="naa:Period" minOccurs="0"/>
    </xs:sequence>
    <xs:attribute name="ref" type="xs:string" use="optional"/>
  </xs:complexType>
  <xs:element name="Party" type="naa:Party"/>
  <xs:complexType name="Party">
    <xs:annotation>
      <xs:documentation>
        <artefact id="960783D7_0187_4bce_A6D3_3D6F119BEEA5" name="Party" stereotype="ACC"/>
        <properties author="National eDAIS Coordination Office" version="2.3.0r2"/>
        <notes>An individual, a group, or a body having a role in a business function.  Party has a legal connotation in a business transaction.</notes>
      </xs:documentation>
    </xs:annotation>
    <xs:sequence>
      <xs:element name="AccessRights" type="cdt:CodeType" minOccurs="0"/>
      <xs:element name="Description" type="cdt:TextType" minOccurs="0"/>
      <xs:choice>
        <xs:element name="Organisation" type="naa:Organisation" minOccurs="0"/>
        <xs:element name="Person" type="naa:Person" minOccurs="0"/>
      </xs:choice>
      <xs:element name="Identification" type="cdt:IdentifierType"/>
      <xs:element name="Language" type="cdt:CodeType" minOccurs="0"/>
      <xs:element name="Name" type="cdt:TextType"/>
      <xs:element name="Type" type="cdt:TextType" minOccurs="0"/>
    </xs:sequence>
    <xs:attribute name="ref" type="xs:string" use="optional"/>
  </xs:complexType>
  <xs:element name="Period" type="naa:Period"/>
  <xs:complexType name="Period">
    <xs:annotation>
      <xs:documentation>
        <artefact id="B526E802_CB1A_46ce_89CC_A92DF295CECF" name="Period" stereotype="ACC"/>
        <properties author="National eDAIS Coordination Office" version="2.3.0r2"/>
        <notes>An interval of time (meaningful in relation to the development assessment process).</notes>
      </xs:documentation>
    </xs:annotation>
    <xs:sequence>
      <xs:element name="Complete" type="cdt:DateTimeType" minOccurs="0"/>
      <xs:element name="Description" type="cdt:TextType" minOccurs="0"/>
      <xs:element name="Duration" type="cdt:MeasureType" minOccurs="0"/>
      <xs:element name="End" type="cdt:DateTimeType" minOccurs="0"/>
      <xs:element name="Identification" type="cdt:IdentifierType"/>
      <xs:element name="Inclusive" type="cdt:IndicatorType" minOccurs="0"/>
      <xs:element name="Name" type="cdt:TextType" minOccurs="0"/>
      <xs:element name="Sequence" type="cdt:IdentifierType" minOccurs="0"/>
      <xs:element name="Start" type="cdt:DateTimeType"/>
    </xs:sequence>
    <xs:attribute name="ref" type="xs:string" use="optional"/>
  </xs:complexType>
  <xs:element name="Person" type="naa:Person"/>
  <xs:complexType name="Person">
    <xs:annotation>
      <xs:documentation>
        <artefact id="43D1CEF4_FC21_4b20_9CE7_06F4254E5D9C" name="Person" stereotype="ACC"/>
        <properties author="National eDAIS Coordination Office" version="2.3.0r2"/>
        <notes>An individual human being.</notes>
      </xs:documentation>
    </xs:annotation>
    <xs:sequence>
      <xs:element name="Description" type="cdt:TextType" minOccurs="0"/>
      <xs:element name="Identification" type="cdt:IdentifierType"/>
      <xs:element name="Internet" type="naa:Internet" minOccurs="0" maxOccurs="unbounded"/>
      <xs:element name="PersonName" type="naa:PersonName" maxOccurs="unbounded"/>
      <xs:element name="PostalAddress" type="naa:Address" minOccurs="0" maxOccurs="unbounded"/>
      <xs:element name="Registration" type="naa:Registration" minOccurs="0" maxOccurs="unbounded"/>
      <xs:element name="ResidentialAddress" type="naa:Address" minOccurs="0" maxOccurs="unbounded"/>
      <xs:element name="Status" type="naa:Status" minOccurs="0" maxOccurs="unbounded"/>
      <xs:element name="Telephone" type="naa:Telephone" minOccurs="0" maxOccurs="unbounded"/>
    </xs:sequence>
    <xs:attribute name="ref" type="xs:string" use="optional"/>
  </xs:complexType>
  <xs:element name="PersonName" type="naa:PersonName"/>
  <xs:complexType name="PersonName">
    <xs:annotation>
      <xs:documentation>
        <artefact id="27416BB5_8571_45aa_98E4_7C42A0877C17" name="PersonName" stereotype="ACC"/>
        <properties author="National eDAIS Coordination Office" version="2.3.0r2"/>
        <notes>The name(s) by which a person may be known.</notes>
      </xs:documentation>
    </xs:annotation>
    <xs:sequence>
      <xs:element name="Classification" type="cdt:CodeType"/>
      <xs:element name="FamilyName" type="cdt:TextType" minOccurs="0"/>
      <xs:element name="FamilyNamePrefix" type="cdt:TextType" minOccurs="0"/>
      <xs:element name="GivenName" type="cdt:TextType" minOccurs="0"/>
      <xs:element name="MiddleName" type="cdt:TextType" minOccurs="0"/>
      <xs:element name="Name" type="cdt:TextType" minOccurs="0"/>
      <xs:element name="NameSuffix" type="cdt:CodeType" minOccurs="0"/>
      <xs:element name="Salutation" type="cdt:TextType" minOccurs="0"/>
      <xs:element name="Title" type="cdt:CodeType" minOccurs="0"/>
      <xs:element name="ValidityPeriod" type="naa:Period" minOccurs="0"/>
    </xs:sequence>
    <xs:attribute name="ref" type="xs:string" use="optional"/>
  </xs:complexType>
  <xs:element name="Registration" type="naa:Registration"/>
  <xs:complexType name="Registration">
    <xs:annotation>
      <xs:documentation>
        <artefact id="D18C3D08_5262_4b49_A232_0CEEF69C1A62" name="Registration" stereotype="ACC"/>
        <properties author="National eDAIS Coordination Office" version="2.3.0r2"/>
        <notes>The recording of items or details for a specific purpose.</notes>
      </xs:documentation>
    </xs:annotation>
    <xs:sequence>
      <xs:element name="Category" type="cdt:CodeType" minOccurs="0"/>
      <xs:element name="Country" type="cdt:CodeType" minOccurs="0"/>
      <xs:element name="Identification" type="cdt:IdentifierType"/>
      <xs:element name="Licence" type="cdt:IdentifierType" minOccurs="0"/>
      <xs:element name="Recorded" type="cdt:DateTimeType" minOccurs="0"/>
      <xs:element name="Type" type="cdt:CodeType" minOccurs="0"/>
      <xs:element name="ValidityPeriod" type="naa:Period" minOccurs="0"/>
    </xs:sequence>
    <xs:attribute name="ref" type="xs:string" use="optional"/>
  </xs:complexType>
  <xs:element name="Status" type="naa:Status"/>
  <xs:complexType name="Status">
    <xs:annotation>
      <xs:documentation>
        <artefact id="0EC023EE_570A_4016_952A_14E84238B58C" name="Status" stereotype="ACC"/>
        <properties author="National eDAIS Coordination Office" version="2.3.0r2"/>
        <notes>The status as applied to a variety of data held in the system.</notes>
      </xs:documentation>
    </xs:annotation>
    <xs:sequence>
      <xs:element name="Code" type="cdt:CodeType"/>
      <xs:element name="Description" type="cdt:TextType" minOccurs="0"/>
      <xs:element name="ValidityPeriod" type="naa:Period" minOccurs="0"/>
    </xs:sequence>
    <xs:attribute name="ref" type="xs:string" use="optional"/>
  </xs:complexType>
  <xs:element name="Telephone" type="naa:Telephone"/>
  <xs:complexType name="Telephone">
    <xs:annotation>
      <xs:documentation>
        <artefact id="02C6E19D_6D55_4a00_9CDD_C04F3436BDBA" name="Telephone" stereotype="ACC"/>
        <properties author="National eDAIS Coordination Office" version="2.3.0r2"/>
        <notes>Details for telephonic communication.</notes>
      </xs:documentation>
    </xs:annotation>
    <xs:sequence>
      <xs:element name="AreaCode" type="cdt:CodeType" minOccurs="0"/>
      <xs:element name="CountryCode" type="cdt:CodeType" minOccurs="0"/>
      <xs:element name="Extension" type="cdt:TextType" minOccurs="0"/>
      <xs:element name="Number" type="cdt:IdentifierType"/>
      <xs:element name="Type" type="cdt:CodeType"/>
    </xs:sequence>
    <xs:attribute name="ref" type="xs:string" use="optional"/>
  </xs:complexType>
</xs:schema>]]></con:content><con:type>http://www.w3.org/2001/XMLSchema</con:type></con:part><con:part><con:url>file:\C:\Users\hunter\dev\Buildaform%20-%20EHC\src\Buildaform.eDAIS\.\biv\msg.data.2.3.0r2.xsd</con:url><con:content><![CDATA[<xs:schema targetNamespace="http://xml.gov.au/edais/core/msg.data.2.3.0r2" elementFormDefault="qualified" attributeFormDefault="unqualified" version="2.3.0r2" xmlns:cdt="http://xml.gov.au/edais/dt/qdt/cdt.type.2.3.0r2" xmlns:msgdt="http://xml.gov.au/edais/dt/qdt/msg.type.2.3.0r2" xmlns:sbmh="http://xml.gov.au/edais/core/msg.data.2.3.0r2" xmlns:xs="http://www.w3.org/2001/XMLSchema">
  <xs:import namespace="http://xml.gov.au/edais/dt/qdt/cdt.type.2.3.0r2" schemaLocation="cdt.type.2.3.0r2.xsd"/>
  <xs:import namespace="http://xml.gov.au/edais/dt/qdt/msg.type.2.3.0r2" schemaLocation="msg.type.2.3.0r2.xsd"/>
  <xs:annotation>
    <xs:documentation>
      <artefact id="AA778F85_B6F1_4203_9D12_1F6B928AD161" name="Message Components" stereotype="CCLibrary"/>
      <properties author="National eDAIS Coordination Office" version="2.3.0r2"/>
      <notes/>
    </xs:documentation>
  </xs:annotation>
  <xs:element name="BusinessScope" type="sbmh:BusinessScope"/>
  <xs:complexType name="BusinessScope">
    <xs:annotation>
      <xs:documentation>
        <artefact id="7EFC071D_170C_4ce1_A8E7_5EDC8192FF0B" name="BusinessScope" stereotype="ACC"/>
        <properties author="National eDAIS Coordination Office" version="2.3.0r2"/>
        <notes>The definition/description of the business environment, circumstances, or scenarios, in which trading partners conduct business.</notes>
      </xs:documentation>
    </xs:annotation>
    <xs:sequence>
      <xs:element name="CorrelationInformation" type="sbmh:CorrelationInformation" minOccurs="0" maxOccurs="unbounded"/>
      <xs:element name="ID" type="cdt:IdentifierType" minOccurs="0"/>
      <xs:element name="InstanceID" type="cdt:IdentifierType" minOccurs="0"/>
      <xs:element name="Type" type="msgdt:BusinessScope_CodeType"/>
    </xs:sequence>
    <xs:attribute name="ref" type="xs:string" use="optional"/>
  </xs:complexType>
  <xs:element name="Contact" type="sbmh:Contact"/>
  <xs:complexType name="Contact">
    <xs:annotation>
      <xs:documentation>
        <artefact id="342697EF_3730_47dc_B1AF_C1590022DE07" name="Contact" stereotype="ACC"/>
        <properties author="National eDAIS Coordination Office" version="2.3.0r2"/>
        <notes>Details about the (business) contact for this document (message).</notes>
      </xs:documentation>
    </xs:annotation>
    <xs:sequence>
      <xs:element name="Contact" type="cdt:TextType"/>
      <xs:element name="ContactTypeIdentifier" type="cdt:CodeType"/>
      <xs:element name="EmailAddress" type="xs:anyURI" minOccurs="0"/>
      <xs:element name="TelephoneNumber" type="cdt:TextType" minOccurs="0"/>
    </xs:sequence>
    <xs:attribute name="ref" type="xs:string" use="optional"/>
  </xs:complexType>
  <xs:element name="CorrelationInformation" type="sbmh:CorrelationInformation"/>
  <xs:complexType name="CorrelationInformation">
    <xs:annotation>
      <xs:documentation>
        <artefact id="A3031C16_87A4_4e33_8140_9074AFEDB737" name="CorrelationInformation" stereotype="ACC"/>
        <properties author="National eDAIS Coordination Office" version="2.3.0r2"/>
        <notes>A "container" for business information that allows the current message to be related to other messages in a sequence.  A block of information used to correlate a requesting SBD (message/system) to a responding SBD (message/system) and to the contract in an executing choreography.  A requesting document in the choreography could have: no response, a notification, or a response document. Therefore, the requesting and responding part of the choreography is not always one unit of activity. \Using the correlation block, parties explicitly identify the document being responded to, rather than having only the content of the document to identify the requesting document.</notes>
      </xs:documentation>
    </xs:annotation>
    <xs:sequence>
      <xs:element name="ExpectedResponseDateTime" type="cdt:DateTimeType" minOccurs="0"/>
      <xs:element name="RequestingDocumentCreationDateTime" type="cdt:DateTimeType"/>
      <xs:element name="RequestingDocumentInstanceID" type="cdt:IdentifierType"/>
    </xs:sequence>
    <xs:attribute name="ref" type="xs:string" use="optional"/>
  </xs:complexType>
  <xs:element name="DocumentIdentification" type="sbmh:DocumentIdentification"/>
  <xs:complexType name="DocumentIdentification">
    <xs:annotation>
      <xs:documentation>
        <artefact id="18BD10B4_C6E1_4266_90E1_D45CF3E58857" name="DocumentIdentification" stereotype="ACC"/>
        <properties author="National eDAIS Coordination Office" version="2.3.0r2"/>
        <notes>Characteristics containing identification about the document (which constitutes this message).</notes>
      </xs:documentation>
    </xs:annotation>
    <xs:sequence>
      <xs:element name="CreationDateTime" type="cdt:DateTimeType"/>
      <xs:element name="InstanceID" type="cdt:IdentifierType"/>
      <xs:element name="Standard" type="msgdt:Standard_CodeType"/>
      <xs:element name="Type" type="cdt:CodeType"/>
      <xs:element name="TypeVersion" type="cdt:TextType"/>
    </xs:sequence>
    <xs:attribute name="ref" type="xs:string" use="optional"/>
  </xs:complexType>
  <xs:element name="Partner" type="sbmh:Partner"/>
  <xs:complexType name="Partner">
    <xs:annotation>
      <xs:documentation>
        <artefact id="8349087A_3678_42a0_84DB_3A0CB8C7F094" name="Partner" stereotype="ACC"/>
        <properties author="National eDAIS Coordination Office" version="2.3.0r2"/>
        <notes>Logical party which sends and/or receives messages.</notes>
      </xs:documentation>
    </xs:annotation>
    <xs:sequence>
      <xs:element name="Authority" type="cdt:TextType"/>
      <xs:element name="Contact" type="sbmh:Contact" minOccurs="0" maxOccurs="unbounded"/>
      <xs:element name="ID" type="cdt:IdentifierType"/>
      <xs:element name="ProcessRole" type="cdt:CodeType"/>
    </xs:sequence>
    <xs:attribute name="ref" type="xs:string" use="optional"/>
  </xs:complexType>
  <xs:element name="ReceiptAcknowledgement" type="sbmh:ReceiptAcknowledgement"/>
  <xs:complexType name="ReceiptAcknowledgement">
    <xs:annotation>
      <xs:documentation>
        <artefact id="088E6669_BA0D_4d09_AF4B_57C222657A68" name="ReceiptAcknowledgement" stereotype="ACC"/>
        <properties author="National eDAIS Coordination Office" version="2.3.0r2"/>
        <notes>An acknowledgement of receipt of a message.</notes>
      </xs:documentation>
    </xs:annotation>
    <xs:sequence>
      <xs:element name="Identification" type="cdt:IdentifierType" minOccurs="0"/>
      <xs:element name="Timestamp" type="cdt:DateTimeType"/>
    </xs:sequence>
    <xs:attribute name="ref" type="xs:string" use="optional"/>
  </xs:complexType>
  <xs:element name="ReceiptException" type="sbmh:ReceiptException"/>
  <xs:complexType name="ReceiptException">
    <xs:annotation>
      <xs:documentation>
        <artefact id="D5788632_A88F_4d35_85F6_09BD1F584DEB" name="ReceiptException" stereotype="ACC"/>
        <properties author="National eDAIS Coordination Office" version="2.3.0r2"/>
        <notes>Business Signal provided in place of an acknowledgement if an exception is to be returned instead.</notes>
      </xs:documentation>
    </xs:annotation>
    <xs:sequence>
      <xs:element name="Identification" type="cdt:IdentifierType" minOccurs="0"/>
      <xs:element name="Message" type="cdt:TextType"/>
      <xs:element name="Reason" type="cdt:TextType"/>
      <xs:element name="Type" type="cdt:CodeType"/>
    </xs:sequence>
    <xs:attribute name="ref" type="xs:string" use="optional"/>
  </xs:complexType>
  <xs:element name="SoftwareInformation" type="sbmh:SoftwareInformation"/>
  <xs:complexType name="SoftwareInformation">
    <xs:annotation>
      <xs:documentation>
        <artefact id="FB1A473F_2485_49f0_A093_40322F04E63F" name="SoftwareInformation" stereotype="ACC"/>
        <properties author="National eDAIS Coordination Office" version="2.3.0r2"/>
        <notes>Details about the software product used in processing this message.  May also be used as an indicator of the software system used for development application processing (overall).</notes>
      </xs:documentation>
    </xs:annotation>
    <xs:sequence>
      <xs:element name="ProductID" type="cdt:IdentifierType"/>
      <xs:element name="ProductName" type="cdt:TextType" minOccurs="0"/>
      <xs:element name="ProductVersion" type="cdt:TextType" minOccurs="0"/>
    </xs:sequence>
    <xs:attribute name="ref" type="xs:string" use="optional"/>
  </xs:complexType>
  <xs:element name="StandardBusinessMessageHeader" type="sbmh:StandardBusinessMessageHeader"/>
  <xs:complexType name="StandardBusinessMessageHeader">
    <xs:annotation>
      <xs:documentation>
        <artefact id="5CA5F524_151E_477d_9798_F165836E0E14" name="StandardBusinessMessageHeader" stereotype="ACC"/>
        <properties author="National eDAIS Coordination Office" version="2.3.0r2"/>
        <notes>The Standard Business Message Header enables integration of documents between internal applications, enterprise applications, and business-to-business infrastructure by providing a consistent interface between applications.  The standard header provides the semantic information needed for the routing, processing and business domain context of documents, regardless of the data format of the document.

Further details can be found in the Standard Business Document Header (SBDH) specification version 1.3.  This document is available from the eDAIS collaboration site via Govdex (https://www.govdex.gov.au/confluence/display/eDASpec/Home).</notes>
      </xs:documentation>
    </xs:annotation>
    <xs:sequence>
      <xs:element name="BusinessScope" type="sbmh:BusinessScope" maxOccurs="unbounded"/>
      <xs:element name="DocumentIdentification" type="sbmh:DocumentIdentification"/>
      <xs:element name="ReceiverPartner" type="sbmh:Partner"/>
      <xs:element name="SenderPartner" type="sbmh:Partner"/>
      <xs:element name="SoftwareInformation" type="sbmh:SoftwareInformation" minOccurs="0" maxOccurs="unbounded"/>
      <xs:element name="Version" type="cdt:IdentifierType"/>
    </xs:sequence>
    <xs:attribute name="ref" type="xs:string" use="optional"/>
  </xs:complexType>
</xs:schema>]]></con:content><con:type>http://www.w3.org/2001/XMLSchema</con:type></con:part><con:part><con:url>file:\C:\Users\hunter\dev\Buildaform%20-%20EHC\src\Buildaform.eDAIS\.\biv\msg.type.2.3.0r2.xsd</con:url><con:content><![CDATA[<xs:schema targetNamespace="http://xml.gov.au/edais/dt/qdt/msg.type.2.3.0r2" elementFormDefault="qualified" attributeFormDefault="unqualified" version="2.3.0r2" xmlns:msgdt="http://xml.gov.au/edais/dt/qdt/msg.type.2.3.0r2" xmlns:xs="http://www.w3.org/2001/XMLSchema">
  <xs:annotation>
    <xs:documentation>
      <artefact id="D2139AE7_6336_45b3_9D26_C4A3D26FBC64" name="Message Header" stereotype="QDTLibrary"/>
      <properties author="National eDAIS Coordination Office" version="2.3.0r2"/>
      <notes/>
    </xs:documentation>
  </xs:annotation>
  <xs:simpleType name="BusinessScope_Code">
    <xs:restriction base="xs:string">
      <xs:enumeration value="BusinessCollaboration"/>
      <xs:enumeration value="BusinessProcess"/>
      <xs:enumeration value="BusinessTransaction"/>
    </xs:restriction>
  </xs:simpleType>
  <xs:complexType name="BusinessScope_CodeType">
    <xs:annotation>
      <xs:documentation>
        <artefact id="862EC369_CDCF_42a3_8D9F_90BD813A6220" name="BusinessScope_Code" stereotype="QDT"/>
        <properties author="National eDAIS Coordination Office" version="2.3.0r2"/>
        <notes>A Code QDT qualified by a list of valid BusinessScope codes.</notes>
      </xs:documentation>
    </xs:annotation>
    <xs:simpleContent>
      <xs:extension base="msgdt:BusinessScope_Code">
        <xs:attribute name="codeName" type="xs:string" use="optional">
          <xs:annotation>
            <xs:documentation>
              <artefact id="D16BEB62_1C24_40f0_8AE2_BC8FD8DC6B38" name="codeName" stereotype="SUP"/>
              <notes>A textual representation of the content value.  Useful for providing an expanded version of a code (i.e. for AU content, you could provide Australia in its CodeName attribute).</notes>
            </xs:documentation>
          </xs:annotation>
        </xs:attribute>
        <xs:attribute name="codeListURI" type="xs:string" use="optional">
          <xs:annotation>
            <xs:documentation>
              <artefact id="652AF8C4_8FF8_4371_9869_C4193066AA29" name="codeListURI" stereotype="SUP"/>
              <notes>The URI of this content's codelist.</notes>
            </xs:documentation>
          </xs:annotation>
        </xs:attribute>
        <xs:attribute name="codeListAgency" type="xs:string" use="optional" default="NCO">
          <xs:annotation>
            <xs:documentation>
              <artefact id="12F92777_120E_4874_B959_C999431D14CD" name="codeListAgency" stereotype="SUP"/>
              <notes>The name of the agency that is responsible for maintaining this content's codelist.</notes>
            </xs:documentation>
          </xs:annotation>
        </xs:attribute>
        <xs:attribute name="codeListName" type="xs:string" use="optional" default="BusinessScope">
          <xs:annotation>
            <xs:documentation>
              <artefact id="8E78E043_5863_4711_AFF6_BA2DDAA222A8" name="codeListName" stereotype="SUP"/>
              <notes>The name of the code list the content is taken from.</notes>
            </xs:documentation>
          </xs:annotation>
        </xs:attribute>
        <xs:attribute name="codeListVersion" type="xs:string" use="optional">
          <xs:annotation>
            <xs:documentation>
              <artefact id="278DBAE2_DC71_4def_87FA_C2A77563D4E8" name="codeListVersion" stereotype="SUP"/>
              <notes>The unique version of this content's codelist.</notes>
            </xs:documentation>
          </xs:annotation>
        </xs:attribute>
      </xs:extension>
    </xs:simpleContent>
  </xs:complexType>
  <xs:simpleType name="ContactType_Code">
    <xs:restriction base="xs:string">
      <xs:enumeration value="Receiver"/>
      <xs:enumeration value="Sender"/>
    </xs:restriction>
  </xs:simpleType>
  <xs:complexType name="ContactType_CodeType">
    <xs:annotation>
      <xs:documentation>
        <artefact id="DB96E230_D067_41c6_8917_119F5DF3FFFB" name="ContactType_Code" stereotype="QDT"/>
        <properties author="National eDAIS Coordination Office" version="2.3.0r2"/>
        <notes>A Code QDT qualified by a list of valid ContactType codes.</notes>
      </xs:documentation>
    </xs:annotation>
    <xs:simpleContent>
      <xs:extension base="msgdt:ContactType_Code">
        <xs:attribute name="codeName" type="xs:string" use="optional">
          <xs:annotation>
            <xs:documentation>
              <artefact id="D16BEB62_1C24_40f0_8AE2_BC8FD8DC6B38" name="codeName" stereotype="SUP"/>
              <notes>A textual representation of the content value.  Useful for providing an expanded version of a code (i.e. for AU content, you could provide Australia in its CodeName attribute).</notes>
            </xs:documentation>
          </xs:annotation>
        </xs:attribute>
        <xs:attribute name="codeListURI" type="xs:string" use="optional">
          <xs:annotation>
            <xs:documentation>
              <artefact id="652AF8C4_8FF8_4371_9869_C4193066AA29" name="codeListURI" stereotype="SUP"/>
              <notes>The URI of this content's codelist.</notes>
            </xs:documentation>
          </xs:annotation>
        </xs:attribute>
        <xs:attribute name="codeListAgency" type="xs:string" use="optional" default="NCO">
          <xs:annotation>
            <xs:documentation>
              <artefact id="0BC694FC_E265_4613_9F16_17755FC39753" name="codeListAgency" stereotype="SUP"/>
              <notes>The name of the agency that is responsible for maintaining this content's codelist.</notes>
            </xs:documentation>
          </xs:annotation>
        </xs:attribute>
        <xs:attribute name="codeListName" type="xs:string" use="optional" default="ContactType">
          <xs:annotation>
            <xs:documentation>
              <artefact id="A630EBE6_2993_44d9_9E08_AC9A148E0A35" name="codeListName" stereotype="SUP"/>
              <notes>The name of the code list the content is taken from.</notes>
            </xs:documentation>
          </xs:annotation>
        </xs:attribute>
        <xs:attribute name="codeListVersion" type="xs:string" use="optional">
          <xs:annotation>
            <xs:documentation>
              <artefact id="278DBAE2_DC71_4def_87FA_C2A77563D4E8" name="codeListVersion" stereotype="SUP"/>
              <notes>The unique version of this content's codelist.</notes>
            </xs:documentation>
          </xs:annotation>
        </xs:attribute>
      </xs:extension>
    </xs:simpleContent>
  </xs:complexType>
  <xs:simpleType name="DocumentType_Code">
    <xs:restriction base="xs:string">
      <xs:enumeration value="AcceptChangeApplicationTransaction"/>
      <xs:enumeration value="AcceptCreateApplicationTransaction"/>
      <xs:enumeration value="AcceptRemoveApplicationTransaction"/>
      <xs:enumeration value="ProposeChangeApplicationTransaction"/>
      <xs:enumeration value="ProposeCreateApplicationTransaction"/>
      <xs:enumeration value="ProposeRemoveApplicationTransaction"/>
      <xs:enumeration value="RejectChangeApplicationTransaction"/>
      <xs:enumeration value="RejectCreateApplicationTransaction"/>
      <xs:enumeration value="RejectRemoveApplicationTransaction"/>
    </xs:restriction>
  </xs:simpleType>
  <xs:complexType name="DocumentType_CodeType">
    <xs:annotation>
      <xs:documentation>
        <artefact id="0727DB44_BEF7_46fb_973A_FCE176E58345" name="DocumentType_Code" stereotype="QDT"/>
        <properties author="National eDAIS Coordination Office" version="2.3.0r2"/>
        <notes>A Code QDT qualified by a list of valid DocumentType codes.</notes>
      </xs:documentation>
    </xs:annotation>
    <xs:simpleContent>
      <xs:extension base="msgdt:DocumentType_Code">
        <xs:attribute name="codeName" type="xs:string" use="optional">
          <xs:annotation>
            <xs:documentation>
              <artefact id="D16BEB62_1C24_40f0_8AE2_BC8FD8DC6B38" name="codeName" stereotype="SUP"/>
              <notes>A textual representation of the content value.  Useful for providing an expanded version of a code (i.e. for AU content, you could provide Australia in its CodeName attribute).</notes>
            </xs:documentation>
          </xs:annotation>
        </xs:attribute>
        <xs:attribute name="codeListURI" type="xs:string" use="optional">
          <xs:annotation>
            <xs:documentation>
              <artefact id="652AF8C4_8FF8_4371_9869_C4193066AA29" name="codeListURI" stereotype="SUP"/>
              <notes>The URI of this content's codelist.</notes>
            </xs:documentation>
          </xs:annotation>
        </xs:attribute>
        <xs:attribute name="codeListAgency" type="xs:string" use="optional" default="NCO">
          <xs:annotation>
            <xs:documentation>
              <artefact id="EA39636E_E9FE_4ccc_8859_D874CD0B380A" name="codeListAgency" stereotype="SUP"/>
              <notes>The name of the agency that is responsible for maintaining this content's codelist.</notes>
            </xs:documentation>
          </xs:annotation>
        </xs:attribute>
        <xs:attribute name="codeListName" type="xs:string" use="optional" default="DocumentType">
          <xs:annotation>
            <xs:documentation>
              <artefact id="E5955DC7_53E5_4da6_8354_10E4783BA5C0" name="codeListName" stereotype="SUP"/>
              <notes>The name of the code list the content is taken from.</notes>
            </xs:documentation>
          </xs:annotation>
        </xs:attribute>
        <xs:attribute name="codeListVersion" type="xs:string" use="optional">
          <xs:annotation>
            <xs:documentation>
              <artefact id="278DBAE2_DC71_4def_87FA_C2A77563D4E8" name="codeListVersion" stereotype="SUP"/>
              <notes>The unique version of this content's codelist.</notes>
            </xs:documentation>
          </xs:annotation>
        </xs:attribute>
      </xs:extension>
    </xs:simpleContent>
  </xs:complexType>
  <xs:simpleType name="ProcessRole_Code">
    <xs:restriction base="xs:string">
      <xs:enumeration value="Initiator"/>
      <xs:enumeration value="Responder"/>
    </xs:restriction>
  </xs:simpleType>
  <xs:complexType name="ProcessRole_CodeType">
    <xs:annotation>
      <xs:documentation>
        <artefact id="5876415B_23BB_4577_B43A_EBC1FABD6A6E" name="ProcessRole_Code" stereotype="QDT"/>
        <properties author="National eDAIS Coordination Office" version="2.3.0r2"/>
        <notes>A Code QDT qualified by a list of valid ProcessRole codes.</notes>
      </xs:documentation>
    </xs:annotation>
    <xs:simpleContent>
      <xs:extension base="msgdt:ProcessRole_Code">
        <xs:attribute name="codeName" type="xs:string" use="optional">
          <xs:annotation>
            <xs:documentation>
              <artefact id="D16BEB62_1C24_40f0_8AE2_BC8FD8DC6B38" name="codeName" stereotype="SUP"/>
              <notes>A textual representation of the content value.  Useful for providing an expanded version of a code (i.e. for AU content, you could provide Australia in its CodeName attribute).</notes>
            </xs:documentation>
          </xs:annotation>
        </xs:attribute>
        <xs:attribute name="codeListURI" type="xs:string" use="optional">
          <xs:annotation>
            <xs:documentation>
              <artefact id="652AF8C4_8FF8_4371_9869_C4193066AA29" name="codeListURI" stereotype="SUP"/>
              <notes>The URI of this content's codelist.</notes>
            </xs:documentation>
          </xs:annotation>
        </xs:attribute>
        <xs:attribute name="codeListAgency" type="xs:string" use="optional" default="NCO">
          <xs:annotation>
            <xs:documentation>
              <artefact id="57E2157E_DDD0_4fa8_8D6F_08CE0F0BA02B" name="codeListAgency" stereotype="SUP"/>
              <notes>The name of the agency that is responsible for maintaining this content's codelist.</notes>
            </xs:documentation>
          </xs:annotation>
        </xs:attribute>
        <xs:attribute name="codeListName" type="xs:string" use="optional" default="ProcessRole">
          <xs:annotation>
            <xs:documentation>
              <artefact id="36E36156_1627_419b_A28D_6EB6FE395731" name="codeListName" stereotype="SUP"/>
              <notes>The name of the code list the content is taken from.</notes>
            </xs:documentation>
          </xs:annotation>
        </xs:attribute>
        <xs:attribute name="codeListVersion" type="xs:string" use="optional">
          <xs:annotation>
            <xs:documentation>
              <artefact id="278DBAE2_DC71_4def_87FA_C2A77563D4E8" name="codeListVersion" stereotype="SUP"/>
              <notes>The unique version of this content's codelist.</notes>
            </xs:documentation>
          </xs:annotation>
        </xs:attribute>
      </xs:extension>
    </xs:simpleContent>
  </xs:complexType>
  <xs:simpleType name="ServiceTransactionType_Code">
    <xs:restriction base="xs:string">
      <xs:enumeration value="RequestingServiceTransaction"/>
      <xs:enumeration value="RespondingServiceTransaction"/>
    </xs:restriction>
  </xs:simpleType>
  <xs:complexType name="ServiceTransactionType_CodeType">
    <xs:annotation>
      <xs:documentation>
        <artefact id="26905F91_8655_402e_BC19_75AC860E1BE5" name="ServiceTransactionType_Code" stereotype="QDT"/>
        <properties author="National eDAIS Coordination Office" version="2.3.0r2"/>
        <notes>A Code QDT qualified by a list of valid ServiceTransactionType codes.</notes>
      </xs:documentation>
    </xs:annotation>
    <xs:simpleContent>
      <xs:extension base="msgdt:ServiceTransactionType_Code">
        <xs:attribute name="codeName" type="xs:string" use="optional">
          <xs:annotation>
            <xs:documentation>
              <artefact id="D16BEB62_1C24_40f0_8AE2_BC8FD8DC6B38" name="codeName" stereotype="SUP"/>
              <notes>A textual representation of the content value.  Useful for providing an expanded version of a code (i.e. for AU content, you could provide Australia in its CodeName attribute).</notes>
            </xs:documentation>
          </xs:annotation>
        </xs:attribute>
        <xs:attribute name="codeListURI" type="xs:string" use="optional">
          <xs:annotation>
            <xs:documentation>
              <artefact id="652AF8C4_8FF8_4371_9869_C4193066AA29" name="codeListURI" stereotype="SUP"/>
              <notes>The URI of this content's codelist.</notes>
            </xs:documentation>
          </xs:annotation>
        </xs:attribute>
        <xs:attribute name="codeListAgency" type="xs:string" use="optional" default="NCO">
          <xs:annotation>
            <xs:documentation>
              <artefact id="D6FA3AB0_47A8_4e80_A1CD_28869327F2F2" name="codeListAgency" stereotype="SUP"/>
              <notes>The name of the agency that is responsible for maintaining this content's codelist.</notes>
            </xs:documentation>
          </xs:annotation>
        </xs:attribute>
        <xs:attribute name="codeListName" type="xs:string" use="optional" default="ServiceTransactionType">
          <xs:annotation>
            <xs:documentation>
              <artefact id="FAF428E5_4A54_4556_B603_E558A5FFF8D0" name="codeListName" stereotype="SUP"/>
              <notes>The name of the code list the content is taken from.</notes>
            </xs:documentation>
          </xs:annotation>
        </xs:attribute>
        <xs:attribute name="codeListVersion" type="xs:string" use="optional">
          <xs:annotation>
            <xs:documentation>
              <artefact id="278DBAE2_DC71_4def_87FA_C2A77563D4E8" name="codeListVersion" stereotype="SUP"/>
              <notes>The unique version of this content's codelist.</notes>
            </xs:documentation>
          </xs:annotation>
        </xs:attribute>
      </xs:extension>
    </xs:simpleContent>
  </xs:complexType>
  <xs:simpleType name="Standard_Code">
    <xs:restriction base="xs:string">
      <xs:enumeration value="eDAIS"/>
    </xs:restriction>
  </xs:simpleType>
  <xs:complexType name="Standard_CodeType">
    <xs:annotation>
      <xs:documentation>
        <artefact id="FC42BE45_2FFF_4d86_AB16_8FC0EF047078" name="Standard_Code" stereotype="QDT"/>
        <properties author="National eDAIS Coordination Office" version="2.3.0r2"/>
        <notes>A Code QDT qualified by a list of valid Standards codes.</notes>
      </xs:documentation>
    </xs:annotation>
    <xs:simpleContent>
      <xs:extension base="msgdt:Standard_Code">
        <xs:attribute name="codeName" type="xs:string" use="optional">
          <xs:annotation>
            <xs:documentation>
              <artefact id="D16BEB62_1C24_40f0_8AE2_BC8FD8DC6B38" name="codeName" stereotype="SUP"/>
              <notes>A textual representation of the content value.  Useful for providing an expanded version of a code (i.e. for AU content, you could provide Australia in its CodeName attribute).</notes>
            </xs:documentation>
          </xs:annotation>
        </xs:attribute>
        <xs:attribute name="codeListURI" type="xs:string" use="optional">
          <xs:annotation>
            <xs:documentation>
              <artefact id="652AF8C4_8FF8_4371_9869_C4193066AA29" name="codeListURI" stereotype="SUP"/>
              <notes>The URI of this content's codelist.</notes>
            </xs:documentation>
          </xs:annotation>
        </xs:attribute>
        <xs:attribute name="codeListAgency" type="xs:string" use="optional" default="NCO">
          <xs:annotation>
            <xs:documentation>
              <artefact id="73F6D95E_0574_423c_B3D1_D4D79FC33DEA" name="codeListAgency" stereotype="SUP"/>
              <notes>The name of the agency that is responsible for maintaining this content's codelist.</notes>
            </xs:documentation>
          </xs:annotation>
        </xs:attribute>
        <xs:attribute name="codeListName" type="xs:string" use="optional" default="StandardType">
          <xs:annotation>
            <xs:documentation>
              <artefact id="F5BD732D_AA9A_4cd5_A382_BFDDA310EA34" name="codeListName" stereotype="SUP"/>
              <notes>The name of the code list the content is taken from.</notes>
            </xs:documentation>
          </xs:annotation>
        </xs:attribute>
        <xs:attribute name="codeListVersion" type="xs:string" use="optional">
          <xs:annotation>
            <xs:documentation>
              <artefact id="278DBAE2_DC71_4def_87FA_C2A77563D4E8" name="codeListVersion" stereotype="SUP"/>
              <notes>The unique version of this content's codelist.</notes>
            </xs:documentation>
          </xs:annotation>
        </xs:attribute>
      </xs:extension>
    </xs:simpleContent>
  </xs:complexType>
</xs:schema>]]></con:content><con:type>http://www.w3.org/2001/XMLSchema</con:type></con:part><con:part><con:url>file:\C:\Users\hunter\dev\Buildaform%20-%20EHC\src\Buildaform.eDAIS\.\biv\specialisation.data.2.3.0r2.xsd</con:url><con:content><![CDATA[<xs:schema targetNamespace="http://xml.gov.au/edais/core/specialisation.data.2.3.0r2" elementFormDefault="qualified" attributeFormDefault="unqualified" version="2.3.0r2" xmlns:cdt="http://xml.gov.au/edais/dt/qdt/cdt.type.2.3.0r2" xmlns:spec="http://xml.gov.au/edais/core/specialisation.data.2.3.0r2" xmlns:xs="http://www.w3.org/2001/XMLSchema">
  <xs:import namespace="http://xml.gov.au/edais/dt/qdt/cdt.type.2.3.0r2" schemaLocation="cdt.type.2.3.0r2.xsd"/>
  <xs:annotation>
    <xs:documentation>
      <artefact id="6AC66DAB_91B8_46de_A13D_B58C0D15560C" name="Specialisation" stereotype="CCLibrary"/>
      <properties author="National eDAIS Coordination Office" version="2.3.0r2"/>
      <notes/>
    </xs:documentation>
  </xs:annotation>
  <xs:element name="Specialisation" type="spec:Specialisation"/>
  <xs:complexType name="Specialisation">
    <xs:annotation>
      <xs:documentation>
        <artefact id="4645050A_7160_46ea_8AF9_BEC60BB16BEC" name="Specialisation" stereotype="ACC"/>
        <properties author="National eDAIS Coordination Office" version="2.3.0r2"/>
        <notes>An envelope provided to attach specialised data structures to business messages.  Usage is as per the eDAIS Jurisdictional Specialisation Specification v1.0.</notes>
      </xs:documentation>
    </xs:annotation>
    <xs:sequence>
      <xs:element name="DomainId" type="cdt:IdentifierType"/>
      <xs:element name="Extension" type="xs:anyType"/>
      <xs:element name="Jurisdiction" type="cdt:CodeType"/>
      <xs:element name="Version" type="cdt:IdentifierType"/>
    </xs:sequence>
    <xs:attribute name="ref" type="xs:string" use="optional"/>
  </xs:complexType>
</xs:schema>]]></con:content><con:type>http://www.w3.org/2001/XMLSchema</con:type></con:part><con:part><con:url>file:\C:\Users\hunter\dev\Buildaform%20-%20EHC\src\Buildaform.eDAIS\biv\ReceiptAcknowledgementSignal.msg.2.3.0r2.xsd</con:url><con:content><![CDATA[<xs:schema targetNamespace="http://xml.gov.au/edais/bs/ReceiptAcknowledgementSignal.msg.2.3.0r2" elementFormDefault="qualified" attributeFormDefault="unqualified" version="2.3.0r2" xmlns:msg="http://xml.gov.au/edais/bs/ReceiptAcknowledgementSignal.msg.2.3.0r2" xmlns:sbmh="http://xml.gov.au/edais/core/msg.data.2.3.0r2" xmlns:spec="http://xml.gov.au/edais/core/specialisation.data.2.3.0r2" xmlns:xs="http://www.w3.org/2001/XMLSchema">
  <xs:import namespace="http://xml.gov.au/edais/core/msg.data.2.3.0r2" schemaLocation="msg.data.2.3.0r2.xsd"/>
  <xs:import namespace="http://xml.gov.au/edais/core/specialisation.data.2.3.0r2" schemaLocation="specialisation.data.2.3.0r2.xsd"/>
  <xs:annotation>
    <xs:documentation>
      <artefact id="9B622A68_B3E9_46b5_B1CA_0569D65DD9F6" name="ReceiptAcknowledgementSignal" stereotype="InfEnvelope"/>
      <properties author="National eDAIS Coordination Office" version="2.3.0r2"/>
      <notes>The Initiator or Responder sends this business signal when a business message they have received passes validation.  This signal is used across all transactions requiring validation (e.g. where the QoS attribute isIntelligibleCheckRequired = true for the Iniating and/or Responding partner respectively).</notes>
    </xs:documentation>
  </xs:annotation>
  <xs:element name="ReceiptAcknowledgementSignal" type="msg:ReceiptAcknowledgementSignalType"/>
  <xs:complexType name="ReceiptAcknowledgementSignalType">
    <xs:sequence>
      <xs:element name="ReceiptAcknowledgement" type="sbmh:ReceiptAcknowledgement"/>
      <xs:element name="Specialisation" type="spec:Specialisation" minOccurs="0" maxOccurs="unbounded"/>
      <xs:element name="StandardBusinessMessageHeader" type="sbmh:StandardBusinessMessageHeader"/>
    </xs:sequence>
  </xs:complexType>
</xs:schema>]]></con:content><con:type>http://www.w3.org/2001/XMLSchema</con:type></con:part><con:part><con:url>file:\C:\Users\hunter\dev\Buildaform%20-%20EHC\src\Buildaform.eDAIS\biv\msg.data.2.3.0r2.xsd</con:url><con:content><![CDATA[<xs:schema targetNamespace="http://xml.gov.au/edais/core/msg.data.2.3.0r2" elementFormDefault="qualified" attributeFormDefault="unqualified" version="2.3.0r2" xmlns:cdt="http://xml.gov.au/edais/dt/qdt/cdt.type.2.3.0r2" xmlns:msgdt="http://xml.gov.au/edais/dt/qdt/msg.type.2.3.0r2" xmlns:sbmh="http://xml.gov.au/edais/core/msg.data.2.3.0r2" xmlns:xs="http://www.w3.org/2001/XMLSchema">
  <xs:import namespace="http://xml.gov.au/edais/dt/qdt/cdt.type.2.3.0r2" schemaLocation="cdt.type.2.3.0r2.xsd"/>
  <xs:import namespace="http://xml.gov.au/edais/dt/qdt/msg.type.2.3.0r2" schemaLocation="msg.type.2.3.0r2.xsd"/>
  <xs:annotation>
    <xs:documentation>
      <artefact id="AA778F85_B6F1_4203_9D12_1F6B928AD161" name="Message Components" stereotype="CCLibrary"/>
      <properties author="National eDAIS Coordination Office" version="2.3.0r2"/>
      <notes/>
    </xs:documentation>
  </xs:annotation>
  <xs:element name="BusinessScope" type="sbmh:BusinessScope"/>
  <xs:complexType name="BusinessScope">
    <xs:annotation>
      <xs:documentation>
        <artefact id="7EFC071D_170C_4ce1_A8E7_5EDC8192FF0B" name="BusinessScope" stereotype="ACC"/>
        <properties author="National eDAIS Coordination Office" version="2.3.0r2"/>
        <notes>The definition/description of the business environment, circumstances, or scenarios, in which trading partners conduct business.</notes>
      </xs:documentation>
    </xs:annotation>
    <xs:sequence>
      <xs:element name="CorrelationInformation" type="sbmh:CorrelationInformation" minOccurs="0" maxOccurs="unbounded"/>
      <xs:element name="ID" type="cdt:IdentifierType" minOccurs="0"/>
      <xs:element name="InstanceID" type="cdt:IdentifierType" minOccurs="0"/>
      <xs:element name="Type" type="msgdt:BusinessScope_CodeType"/>
    </xs:sequence>
    <xs:attribute name="ref" type="xs:string" use="optional"/>
  </xs:complexType>
  <xs:element name="Contact" type="sbmh:Contact"/>
  <xs:complexType name="Contact">
    <xs:annotation>
      <xs:documentation>
        <artefact id="342697EF_3730_47dc_B1AF_C1590022DE07" name="Contact" stereotype="ACC"/>
        <properties author="National eDAIS Coordination Office" version="2.3.0r2"/>
        <notes>Details about the (business) contact for this document (message).</notes>
      </xs:documentation>
    </xs:annotation>
    <xs:sequence>
      <xs:element name="Contact" type="cdt:TextType"/>
      <xs:element name="ContactTypeIdentifier" type="cdt:CodeType"/>
      <xs:element name="EmailAddress" type="xs:anyURI" minOccurs="0"/>
      <xs:element name="TelephoneNumber" type="cdt:TextType" minOccurs="0"/>
    </xs:sequence>
    <xs:attribute name="ref" type="xs:string" use="optional"/>
  </xs:complexType>
  <xs:element name="CorrelationInformation" type="sbmh:CorrelationInformation"/>
  <xs:complexType name="CorrelationInformation">
    <xs:annotation>
      <xs:documentation>
        <artefact id="A3031C16_87A4_4e33_8140_9074AFEDB737" name="CorrelationInformation" stereotype="ACC"/>
        <properties author="National eDAIS Coordination Office" version="2.3.0r2"/>
        <notes>A "container" for business information that allows the current message to be related to other messages in a sequence.  A block of information used to correlate a requesting SBD (message/system) to a responding SBD (message/system) and to the contract in an executing choreography.  A requesting document in the choreography could have: no response, a notification, or a response document. Therefore, the requesting and responding part of the choreography is not always one unit of activity. \Using the correlation block, parties explicitly identify the document being responded to, rather than having only the content of the document to identify the requesting document.</notes>
      </xs:documentation>
    </xs:annotation>
    <xs:sequence>
      <xs:element name="ExpectedResponseDateTime" type="cdt:DateTimeType" minOccurs="0"/>
      <xs:element name="RequestingDocumentCreationDateTime" type="cdt:DateTimeType"/>
      <xs:element name="RequestingDocumentInstanceID" type="cdt:IdentifierType"/>
    </xs:sequence>
    <xs:attribute name="ref" type="xs:string" use="optional"/>
  </xs:complexType>
  <xs:element name="DocumentIdentification" type="sbmh:DocumentIdentification"/>
  <xs:complexType name="DocumentIdentification">
    <xs:annotation>
      <xs:documentation>
        <artefact id="18BD10B4_C6E1_4266_90E1_D45CF3E58857" name="DocumentIdentification" stereotype="ACC"/>
        <properties author="National eDAIS Coordination Office" version="2.3.0r2"/>
        <notes>Characteristics containing identification about the document (which constitutes this message).</notes>
      </xs:documentation>
    </xs:annotation>
    <xs:sequence>
      <xs:element name="CreationDateTime" type="cdt:DateTimeType"/>
      <xs:element name="InstanceID" type="cdt:IdentifierType"/>
      <xs:element name="Standard" type="msgdt:Standard_CodeType"/>
      <xs:element name="Type" type="cdt:CodeType"/>
      <xs:element name="TypeVersion" type="cdt:TextType"/>
    </xs:sequence>
    <xs:attribute name="ref" type="xs:string" use="optional"/>
  </xs:complexType>
  <xs:element name="Partner" type="sbmh:Partner"/>
  <xs:complexType name="Partner">
    <xs:annotation>
      <xs:documentation>
        <artefact id="8349087A_3678_42a0_84DB_3A0CB8C7F094" name="Partner" stereotype="ACC"/>
        <properties author="National eDAIS Coordination Office" version="2.3.0r2"/>
        <notes>Logical party which sends and/or receives messages.</notes>
      </xs:documentation>
    </xs:annotation>
    <xs:sequence>
      <xs:element name="Authority" type="cdt:TextType"/>
      <xs:element name="Contact" type="sbmh:Contact" minOccurs="0" maxOccurs="unbounded"/>
      <xs:element name="ID" type="cdt:IdentifierType"/>
      <xs:element name="ProcessRole" type="cdt:CodeType"/>
    </xs:sequence>
    <xs:attribute name="ref" type="xs:string" use="optional"/>
  </xs:complexType>
  <xs:element name="ReceiptAcknowledgement" type="sbmh:ReceiptAcknowledgement"/>
  <xs:complexType name="ReceiptAcknowledgement">
    <xs:annotation>
      <xs:documentation>
        <artefact id="088E6669_BA0D_4d09_AF4B_57C222657A68" name="ReceiptAcknowledgement" stereotype="ACC"/>
        <properties author="National eDAIS Coordination Office" version="2.3.0r2"/>
        <notes>An acknowledgement of receipt of a message.</notes>
      </xs:documentation>
    </xs:annotation>
    <xs:sequence>
      <xs:element name="Identification" type="cdt:IdentifierType" minOccurs="0"/>
      <xs:element name="Timestamp" type="cdt:DateTimeType"/>
    </xs:sequence>
    <xs:attribute name="ref" type="xs:string" use="optional"/>
  </xs:complexType>
  <xs:element name="ReceiptException" type="sbmh:ReceiptException"/>
  <xs:complexType name="ReceiptException">
    <xs:annotation>
      <xs:documentation>
        <artefact id="D5788632_A88F_4d35_85F6_09BD1F584DEB" name="ReceiptException" stereotype="ACC"/>
        <properties author="National eDAIS Coordination Office" version="2.3.0r2"/>
        <notes>Business Signal provided in place of an acknowledgement if an exception is to be returned instead.</notes>
      </xs:documentation>
    </xs:annotation>
    <xs:sequence>
      <xs:element name="Identification" type="cdt:IdentifierType" minOccurs="0"/>
      <xs:element name="Message" type="cdt:TextType"/>
      <xs:element name="Reason" type="cdt:TextType"/>
      <xs:element name="Type" type="cdt:CodeType"/>
    </xs:sequence>
    <xs:attribute name="ref" type="xs:string" use="optional"/>
  </xs:complexType>
  <xs:element name="SoftwareInformation" type="sbmh:SoftwareInformation"/>
  <xs:complexType name="SoftwareInformation">
    <xs:annotation>
      <xs:documentation>
        <artefact id="FB1A473F_2485_49f0_A093_40322F04E63F" name="SoftwareInformation" stereotype="ACC"/>
        <properties author="National eDAIS Coordination Office" version="2.3.0r2"/>
        <notes>Details about the software product used in processing this message.  May also be used as an indicator of the software system used for development application processing (overall).</notes>
      </xs:documentation>
    </xs:annotation>
    <xs:sequence>
      <xs:element name="ProductID" type="cdt:IdentifierType"/>
      <xs:element name="ProductName" type="cdt:TextType" minOccurs="0"/>
      <xs:element name="ProductVersion" type="cdt:TextType" minOccurs="0"/>
    </xs:sequence>
    <xs:attribute name="ref" type="xs:string" use="optional"/>
  </xs:complexType>
  <xs:element name="StandardBusinessMessageHeader" type="sbmh:StandardBusinessMessageHeader"/>
  <xs:complexType name="StandardBusinessMessageHeader">
    <xs:annotation>
      <xs:documentation>
        <artefact id="5CA5F524_151E_477d_9798_F165836E0E14" name="StandardBusinessMessageHeader" stereotype="ACC"/>
        <properties author="National eDAIS Coordination Office" version="2.3.0r2"/>
        <notes>The Standard Business Message Header enables integration of documents between internal applications, enterprise applications, and business-to-business infrastructure by providing a consistent interface between applications.  The standard header provides the semantic information needed for the routing, processing and business domain context of documents, regardless of the data format of the document.

Further details can be found in the Standard Business Document Header (SBDH) specification version 1.3.  This document is available from the eDAIS collaboration site via Govdex (https://www.govdex.gov.au/confluence/display/eDASpec/Home).</notes>
      </xs:documentation>
    </xs:annotation>
    <xs:sequence>
      <xs:element name="BusinessScope" type="sbmh:BusinessScope" maxOccurs="unbounded"/>
      <xs:element name="DocumentIdentification" type="sbmh:DocumentIdentification"/>
      <xs:element name="ReceiverPartner" type="sbmh:Partner"/>
      <xs:element name="SenderPartner" type="sbmh:Partner"/>
      <xs:element name="SoftwareInformation" type="sbmh:SoftwareInformation" minOccurs="0" maxOccurs="unbounded"/>
      <xs:element name="Version" type="cdt:IdentifierType"/>
    </xs:sequence>
    <xs:attribute name="ref" type="xs:string" use="optional"/>
  </xs:complexType>
</xs:schema>]]></con:content><con:type>http://www.w3.org/2001/XMLSchema</con:type></con:part><con:part><con:url>file:\C:\Users\hunter\dev\Buildaform%20-%20EHC\src\Buildaform.eDAIS\biv\cdt.type.2.3.0r2.xsd</con:url><con:content><![CDATA[<xs:schema targetNamespace="http://xml.gov.au/edais/dt/qdt/cdt.type.2.3.0r2" elementFormDefault="qualified" attributeFormDefault="unqualified" version="2.3.0r2" xmlns:cdt="http://xml.gov.au/edais/dt/qdt/cdt.type.2.3.0r2" xmlns:xs="http://www.w3.org/2001/XMLSchema">
  <xs:annotation>
    <xs:documentation>
      <artefact id="715EEBAF_0487_4102_8FB6_99B007FA2A55" name="Core Data Types" stereotype="QDTLibrary"/>
      <properties author="National eDAIS Coordination Office" version="2.3.0r2"/>
      <notes/>
    </xs:documentation>
  </xs:annotation>
  <xs:simpleType name="Amount">
    <xs:restriction base="xs:decimal"/>
  </xs:simpleType>
  <xs:complexType name="AmountType">
    <xs:annotation>
      <xs:documentation>
        <artefact id="78D75814_387B_4c1c_8CC7_7CF2917BE8AD" name="Amount" stereotype="QDT"/>
        <properties author="National eDAIS Coordination Office" version="2.3.0r2"/>
        <notes>Supports the ability to provide a currency code with an amount value.</notes>
      </xs:documentation>
    </xs:annotation>
    <xs:simpleContent>
      <xs:extension base="cdt:Amount">
        <xs:attribute name="CurrencyCode" type="xs:string" use="optional">
          <xs:annotation>
            <xs:documentation>
              <artefact id="2520B32D_D2FB_4e16_85C2_7C746AAAABD7" name="CurrencyCode" stereotype="SUP"/>
              <notes>The currency code for the associated amount value.</notes>
            </xs:documentation>
          </xs:annotation>
        </xs:attribute>
      </xs:extension>
    </xs:simpleContent>
  </xs:complexType>
  <xs:simpleType name="BinaryObject">
    <xs:restriction base="xs:base64Binary"/>
  </xs:simpleType>
  <xs:complexType name="BinaryObjectType">
    <xs:annotation>
      <xs:documentation>
        <artefact id="0D0802BF_6C49_479c_B4A2_D77DDB98D4F0" name="BinaryObject" stereotype="QDT"/>
        <properties author="National eDAIS Coordination Office" version="2.3.0r2"/>
        <notes>A primitive date value with formatting attached.</notes>
      </xs:documentation>
    </xs:annotation>
    <xs:simpleContent>
      <xs:extension base="cdt:BinaryObject">
        <xs:attribute name="Format" type="xs:string" use="optional">
          <xs:annotation>
            <xs:documentation>
              <artefact id="0AAB9EFE_BE57_408a_9ED8_32C715304AB3" name="Format" stereotype="SUP"/>
              <notes/>
            </xs:documentation>
          </xs:annotation>
        </xs:attribute>
        <xs:attribute name="MimeCode" type="xs:string" use="optional">
          <xs:annotation>
            <xs:documentation>
              <artefact id="12907CC9_C55B_44d9_8DE8_57E61A6B5F12" name="MimeCode" stereotype="SUP"/>
              <notes/>
            </xs:documentation>
          </xs:annotation>
        </xs:attribute>
        <xs:attribute name="CharacterSetCode" type="xs:string" use="optional">
          <xs:annotation>
            <xs:documentation>
              <artefact id="88A2CF18_8BAE_472a_A7AB_571FCC93ACD2" name="CharacterSetCode" stereotype="SUP"/>
              <notes/>
            </xs:documentation>
          </xs:annotation>
        </xs:attribute>
        <xs:attribute name="EncodingCode" type="xs:string" use="optional">
          <xs:annotation>
            <xs:documentation>
              <artefact id="3E0A6400_3632_48a0_A1AC_6B195BC04C80" name="EncodingCode" stereotype="SUP"/>
              <notes/>
            </xs:documentation>
          </xs:annotation>
        </xs:attribute>
        <xs:attribute name="UniformResourceIdentifier" type="xs:string" use="optional">
          <xs:annotation>
            <xs:documentation>
              <artefact id="11C595B6_DE72_42e9_907E_97F4ADE06415" name="UniformResourceIdentifier" stereotype="SUP"/>
              <notes/>
            </xs:documentation>
          </xs:annotation>
        </xs:attribute>
        <xs:attribute name="Filename" type="xs:string" use="optional">
          <xs:annotation>
            <xs:documentation>
              <artefact id="5203A659_E468_47e5_AF3A_994F18D7F88B" name="Filename" stereotype="SUP"/>
              <notes/>
            </xs:documentation>
          </xs:annotation>
        </xs:attribute>
      </xs:extension>
    </xs:simpleContent>
  </xs:complexType>
  <xs:simpleType name="Code">
    <xs:restriction base="xs:string"/>
  </xs:simpleType>
  <xs:complexType name="CodeType">
    <xs:annotation>
      <xs:documentation>
        <artefact id="F1259AB4_7AAD_412f_8C29_60825CD05A11" name="Code" stereotype="QDT"/>
        <properties author="National eDAIS Coordination Office" version="2.3.0r2"/>
        <notes>A generic qualified data type which is used to define a placeholder where a more qualified code list driven data type could potentially be used, but can not as yet be defined.</notes>
      </xs:documentation>
    </xs:annotation>
    <xs:simpleContent>
      <xs:extension base="cdt:Code">
        <xs:attribute name="codeName" type="xs:string" use="optional">
          <xs:annotation>
            <xs:documentation>
              <artefact id="D16BEB62_1C24_40f0_8AE2_BC8FD8DC6B38" name="codeName" stereotype="SUP"/>
              <notes>A textual representation of the content value.  Useful for providing an expanded version of a code (i.e. for AU content, you could provide Australia in its CodeName attribute).</notes>
            </xs:documentation>
          </xs:annotation>
        </xs:attribute>
        <xs:attribute name="codeListURI" type="xs:string" use="optional">
          <xs:annotation>
            <xs:documentation>
              <artefact id="652AF8C4_8FF8_4371_9869_C4193066AA29" name="codeListURI" stereotype="SUP"/>
              <notes>The URI of this content's codelist.</notes>
            </xs:documentation>
          </xs:annotation>
        </xs:attribute>
        <xs:attribute name="codeListAgency" type="xs:string" use="optional">
          <xs:annotation>
            <xs:documentation>
              <artefact id="E5FF3F30_0C8C_4e20_A403_062F75C95046" name="codeListAgency" stereotype="SUP"/>
              <notes>The name of the agency that is responsible for maintaining this content's codelist.</notes>
            </xs:documentation>
          </xs:annotation>
        </xs:attribute>
        <xs:attribute name="codeListName" type="xs:string" use="optional">
          <xs:annotation>
            <xs:documentation>
              <artefact id="367C529E_4B44_4ffb_BF9B_2AF2D0296DEC" name="codeListName" stereotype="SUP"/>
              <notes>The name of the code list the content is taken from.</notes>
            </xs:documentation>
          </xs:annotation>
        </xs:attribute>
        <xs:attribute name="codeListVersion" type="xs:string" use="optional">
          <xs:annotation>
            <xs:documentation>
              <artefact id="278DBAE2_DC71_4def_87FA_C2A77563D4E8" name="codeListVersion" stereotype="SUP"/>
              <notes>The unique version of this content's codelist.</notes>
            </xs:documentation>
          </xs:annotation>
        </xs:attribute>
      </xs:extension>
    </xs:simpleContent>
  </xs:complexType>
  <xs:simpleType name="Date">
    <xs:restriction base="xs:date"/>
  </xs:simpleType>
  <xs:complexType name="DateType">
    <xs:annotation>
      <xs:documentation>
        <artefact id="590FD531_CB2F_4ff7_B387_D5C06AC755F3" name="Date" stereotype="QDT"/>
        <properties author="National eDAIS Coordination Office" version="2.3.0r2"/>
        <notes>A primitive date value with formatting attached.</notes>
      </xs:documentation>
    </xs:annotation>
    <xs:simpleContent>
      <xs:extension base="cdt:Date">
        <xs:attribute name="Format" type="xs:string" use="optional">
          <xs:annotation>
            <xs:documentation>
              <artefact id="70D5118F_3891_4a8f_BAEC_B7505FFCF268" name="Format" stereotype="SUP"/>
              <notes/>
            </xs:documentation>
          </xs:annotation>
        </xs:attribute>
      </xs:extension>
    </xs:simpleContent>
  </xs:complexType>
  <xs:simpleType name="DateTime">
    <xs:restriction base="xs:dateTime"/>
  </xs:simpleType>
  <xs:complexType name="DateTimeType">
    <xs:annotation>
      <xs:documentation>
        <artefact id="087C437F_E2A9_42e8_8A50_1C5822C18E50" name="DateTime" stereotype="QDT"/>
        <properties author="National eDAIS Coordination Office" version="2.3.0r2"/>
        <notes>A primitive datetime value with formatting attached.</notes>
      </xs:documentation>
    </xs:annotation>
    <xs:simpleContent>
      <xs:extension base="cdt:DateTime">
        <xs:attribute name="Format" type="xs:string" use="optional">
          <xs:annotation>
            <xs:documentation>
              <artefact id="3FCCEE37_0980_4891_921D_330BCADB1B7F" name="Format" stereotype="SUP"/>
              <notes>The format of the datestring using ISO 8601 date format strings.</notes>
            </xs:documentation>
          </xs:annotation>
        </xs:attribute>
      </xs:extension>
    </xs:simpleContent>
  </xs:complexType>
  <xs:simpleType name="Identifier">
    <xs:restriction base="xs:string"/>
  </xs:simpleType>
  <xs:complexType name="IdentifierType">
    <xs:annotation>
      <xs:documentation>
        <artefact id="05B497C8_A833_4621_8066_A7AABC5D3614" name="Identifier" stereotype="QDT"/>
        <properties author="National eDAIS Coordination Office" version="2.3.0r2"/>
        <notes>A data type that optionally provides extra information surrounding an identifier value.</notes>
      </xs:documentation>
    </xs:annotation>
    <xs:simpleContent>
      <xs:extension base="cdt:Identifier">
        <xs:attribute name="identificationSchemeName" type="xs:string" use="optional">
          <xs:annotation>
            <xs:documentation>
              <artefact id="01E276AA_F2BB_4097_83C9_FE669B935CEF" name="identificationSchemeName" stereotype="SUP"/>
              <notes>The name of the identification scheme.</notes>
            </xs:documentation>
          </xs:annotation>
        </xs:attribute>
        <xs:attribute name="identificationSchemeURI" type="xs:string" use="optional">
          <xs:annotation>
            <xs:documentation>
              <artefact id="3A593286_0E8E_4f65_8F6D_2A78637D7906" name="identificationSchemeURI" stereotype="SUP"/>
              <notes>The URI where this identification scheme is located.</notes>
            </xs:documentation>
          </xs:annotation>
        </xs:attribute>
        <xs:attribute name="identificationSchemeVersion" type="xs:string" use="optional">
          <xs:annotation>
            <xs:documentation>
              <artefact id="33747EF9_BB9F_454d_8BA5_026B1058B3AC" name="identificationSchemeVersion" stereotype="SUP"/>
              <notes>The version of the identification scheme.</notes>
            </xs:documentation>
          </xs:annotation>
        </xs:attribute>
        <xs:attribute name="identificationSchemeAgency" type="xs:string" use="optional">
          <xs:annotation>
            <xs:documentation>
              <artefact id="BC159E14_9BB9_4b2b_80E0_453B43E4D039" name="identificationSchemeAgency" stereotype="SUP"/>
              <notes>The name of the agency that maintains the identification scheme.</notes>
            </xs:documentation>
          </xs:annotation>
        </xs:attribute>
      </xs:extension>
    </xs:simpleContent>
  </xs:complexType>
  <xs:simpleType name="Indicator">
    <xs:restriction base="xs:boolean"/>
  </xs:simpleType>
  <xs:complexType name="IndicatorType">
    <xs:annotation>
      <xs:documentation>
        <artefact id="F18406F8_4226_4f54_B5D4_3C3BECAFDBF5" name="Indicator" stereotype="QDT"/>
        <properties author="National eDAIS Coordination Office" version="2.3.0r2"/>
        <notes>A primitive date value with formatting attached.</notes>
      </xs:documentation>
    </xs:annotation>
    <xs:simpleContent>
      <xs:extension base="cdt:Indicator">
        <xs:attribute name="Format" type="xs:string" use="optional">
          <xs:annotation>
            <xs:documentation>
              <artefact id="EB197999_A471_486b_8847_38B676DA3C22" name="Format" stereotype="SUP"/>
              <notes/>
            </xs:documentation>
          </xs:annotation>
        </xs:attribute>
      </xs:extension>
    </xs:simpleContent>
  </xs:complexType>
  <xs:simpleType name="Measure">
    <xs:restriction base="xs:decimal"/>
  </xs:simpleType>
  <xs:complexType name="MeasureType">
    <xs:annotation>
      <xs:documentation>
        <artefact id="C2C9873D_8A3B_4aec_8270_52C3629B2463" name="Measure" stereotype="QDT"/>
        <properties author="National eDAIS Coordination Office" version="2.3.0r2"/>
        <notes>A decimal value with attached measure unit code.</notes>
      </xs:documentation>
    </xs:annotation>
    <xs:simpleContent>
      <xs:extension base="cdt:Measure">
        <xs:attribute name="UnitCode" type="xs:string" use="optional">
          <xs:annotation>
            <xs:documentation>
              <artefact id="FFB7737F_E21E_4321_A496_0B2A1EFC94DB" name="UnitCode" stereotype="SUP"/>
              <notes/>
            </xs:documentation>
          </xs:annotation>
        </xs:attribute>
      </xs:extension>
    </xs:simpleContent>
  </xs:complexType>
  <xs:simpleType name="Numeric">
    <xs:restriction base="xs:decimal"/>
  </xs:simpleType>
  <xs:complexType name="NumericType">
    <xs:annotation>
      <xs:documentation>
        <artefact id="F0FB87DC_CED1_4719_8785_AADBFCE2DBBF" name="Numeric" stereotype="QDT"/>
        <properties author="National eDAIS Coordination Office" version="2.3.0r2"/>
        <notes>A decimal value with attached formatting.</notes>
      </xs:documentation>
    </xs:annotation>
    <xs:simpleContent>
      <xs:extension base="cdt:Numeric">
        <xs:attribute name="Format" type="xs:string" use="optional">
          <xs:annotation>
            <xs:documentation>
              <artefact id="516BBE7C_9EBE_475a_8CC8_5EA654B95C17" name="Format" stereotype="SUP"/>
              <notes>The format of the number.</notes>
            </xs:documentation>
          </xs:annotation>
        </xs:attribute>
      </xs:extension>
    </xs:simpleContent>
  </xs:complexType>
  <xs:simpleType name="Text">
    <xs:restriction base="xs:string"/>
  </xs:simpleType>
  <xs:complexType name="TextType">
    <xs:annotation>
      <xs:documentation>
        <artefact id="47B1ABD8_F9AF_4aa5_904E_5D3B181D6478" name="Text" stereotype="QDT"/>
        <properties author="National eDAIS Coordination Office" version="2.3.0r2"/>
        <notes>This data type defines a primitive xsd:string type providing extra language and locale information.</notes>
      </xs:documentation>
    </xs:annotation>
    <xs:simpleContent>
      <xs:extension base="cdt:Text">
        <xs:attribute name="LanguageIdentifier" type="xs:string" use="optional">
          <xs:annotation>
            <xs:documentation>
              <artefact id="AFEA919C_1900_4b90_83EF_1F0A6D6D73E9" name="LanguageIdentifier" stereotype="SUP"/>
              <notes>The identifier of the language used in this content.</notes>
            </xs:documentation>
          </xs:annotation>
        </xs:attribute>
        <xs:attribute name="LanguageLocaleIdentifier" type="xs:string" use="optional">
          <xs:annotation>
            <xs:documentation>
              <artefact id="9E745210_3D7A_417b_B5E0_778E8FE00331" name="LanguageLocaleIdentifier" stereotype="SUP"/>
              <notes>The identification of the locale of the language.</notes>
            </xs:documentation>
          </xs:annotation>
        </xs:attribute>
      </xs:extension>
    </xs:simpleContent>
  </xs:complexType>
  <xs:simpleType name="Time">
    <xs:restriction base="xs:time"/>
  </xs:simpleType>
  <xs:complexType name="TimeType">
    <xs:annotation>
      <xs:documentation>
        <artefact id="A514DB2D_BEFA_418d_9639_6786C19A1AB1" name="Time" stereotype="QDT"/>
        <properties author="National eDAIS Coordination Office" version="2.3.0r2"/>
        <notes>A primitive time value with formatting.</notes>
      </xs:documentation>
    </xs:annotation>
    <xs:simpleContent>
      <xs:extension base="cdt:Time">
        <xs:attribute name="Format" type="xs:string" use="optional">
          <xs:annotation>
            <xs:documentation>
              <artefact id="098515DC_F7C1_495c_A2C8_63FFD47B39B6" name="Format" stereotype="SUP"/>
              <notes/>
            </xs:documentation>
          </xs:annotation>
        </xs:attribute>
      </xs:extension>
    </xs:simpleContent>
  </xs:complexType>
</xs:schema>]]></con:content><con:type>http://www.w3.org/2001/XMLSchema</con:type></con:part><con:part><con:url>file:\C:\Users\hunter\dev\Buildaform%20-%20EHC\src\Buildaform.eDAIS\biv\msg.type.2.3.0r2.xsd</con:url><con:content><![CDATA[<xs:schema targetNamespace="http://xml.gov.au/edais/dt/qdt/msg.type.2.3.0r2" elementFormDefault="qualified" attributeFormDefault="unqualified" version="2.3.0r2" xmlns:msgdt="http://xml.gov.au/edais/dt/qdt/msg.type.2.3.0r2" xmlns:xs="http://www.w3.org/2001/XMLSchema">
  <xs:annotation>
    <xs:documentation>
      <artefact id="D2139AE7_6336_45b3_9D26_C4A3D26FBC64" name="Message Header" stereotype="QDTLibrary"/>
      <properties author="National eDAIS Coordination Office" version="2.3.0r2"/>
      <notes/>
    </xs:documentation>
  </xs:annotation>
  <xs:simpleType name="BusinessScope_Code">
    <xs:restriction base="xs:string">
      <xs:enumeration value="BusinessCollaboration"/>
      <xs:enumeration value="BusinessProcess"/>
      <xs:enumeration value="BusinessTransaction"/>
    </xs:restriction>
  </xs:simpleType>
  <xs:complexType name="BusinessScope_CodeType">
    <xs:annotation>
      <xs:documentation>
        <artefact id="862EC369_CDCF_42a3_8D9F_90BD813A6220" name="BusinessScope_Code" stereotype="QDT"/>
        <properties author="National eDAIS Coordination Office" version="2.3.0r2"/>
        <notes>A Code QDT qualified by a list of valid BusinessScope codes.</notes>
      </xs:documentation>
    </xs:annotation>
    <xs:simpleContent>
      <xs:extension base="msgdt:BusinessScope_Code">
        <xs:attribute name="codeName" type="xs:string" use="optional">
          <xs:annotation>
            <xs:documentation>
              <artefact id="D16BEB62_1C24_40f0_8AE2_BC8FD8DC6B38" name="codeName" stereotype="SUP"/>
              <notes>A textual representation of the content value.  Useful for providing an expanded version of a code (i.e. for AU content, you could provide Australia in its CodeName attribute).</notes>
            </xs:documentation>
          </xs:annotation>
        </xs:attribute>
        <xs:attribute name="codeListURI" type="xs:string" use="optional">
          <xs:annotation>
            <xs:documentation>
              <artefact id="652AF8C4_8FF8_4371_9869_C4193066AA29" name="codeListURI" stereotype="SUP"/>
              <notes>The URI of this content's codelist.</notes>
            </xs:documentation>
          </xs:annotation>
        </xs:attribute>
        <xs:attribute name="codeListAgency" type="xs:string" use="optional" default="NCO">
          <xs:annotation>
            <xs:documentation>
              <artefact id="12F92777_120E_4874_B959_C999431D14CD" name="codeListAgency" stereotype="SUP"/>
              <notes>The name of the agency that is responsible for maintaining this content's codelist.</notes>
            </xs:documentation>
          </xs:annotation>
        </xs:attribute>
        <xs:attribute name="codeListName" type="xs:string" use="optional" default="BusinessScope">
          <xs:annotation>
            <xs:documentation>
              <artefact id="8E78E043_5863_4711_AFF6_BA2DDAA222A8" name="codeListName" stereotype="SUP"/>
              <notes>The name of the code list the content is taken from.</notes>
            </xs:documentation>
          </xs:annotation>
        </xs:attribute>
        <xs:attribute name="codeListVersion" type="xs:string" use="optional">
          <xs:annotation>
            <xs:documentation>
              <artefact id="278DBAE2_DC71_4def_87FA_C2A77563D4E8" name="codeListVersion" stereotype="SUP"/>
              <notes>The unique version of this content's codelist.</notes>
            </xs:documentation>
          </xs:annotation>
        </xs:attribute>
      </xs:extension>
    </xs:simpleContent>
  </xs:complexType>
  <xs:simpleType name="ContactType_Code">
    <xs:restriction base="xs:string">
      <xs:enumeration value="Receiver"/>
      <xs:enumeration value="Sender"/>
    </xs:restriction>
  </xs:simpleType>
  <xs:complexType name="ContactType_CodeType">
    <xs:annotation>
      <xs:documentation>
        <artefact id="DB96E230_D067_41c6_8917_119F5DF3FFFB" name="ContactType_Code" stereotype="QDT"/>
        <properties author="National eDAIS Coordination Office" version="2.3.0r2"/>
        <notes>A Code QDT qualified by a list of valid ContactType codes.</notes>
      </xs:documentation>
    </xs:annotation>
    <xs:simpleContent>
      <xs:extension base="msgdt:ContactType_Code">
        <xs:attribute name="codeName" type="xs:string" use="optional">
          <xs:annotation>
            <xs:documentation>
              <artefact id="D16BEB62_1C24_40f0_8AE2_BC8FD8DC6B38" name="codeName" stereotype="SUP"/>
              <notes>A textual representation of the content value.  Useful for providing an expanded version of a code (i.e. for AU content, you could provide Australia in its CodeName attribute).</notes>
            </xs:documentation>
          </xs:annotation>
        </xs:attribute>
        <xs:attribute name="codeListURI" type="xs:string" use="optional">
          <xs:annotation>
            <xs:documentation>
              <artefact id="652AF8C4_8FF8_4371_9869_C4193066AA29" name="codeListURI" stereotype="SUP"/>
              <notes>The URI of this content's codelist.</notes>
            </xs:documentation>
          </xs:annotation>
        </xs:attribute>
        <xs:attribute name="codeListAgency" type="xs:string" use="optional" default="NCO">
          <xs:annotation>
            <xs:documentation>
              <artefact id="0BC694FC_E265_4613_9F16_17755FC39753" name="codeListAgency" stereotype="SUP"/>
              <notes>The name of the agency that is responsible for maintaining this content's codelist.</notes>
            </xs:documentation>
          </xs:annotation>
        </xs:attribute>
        <xs:attribute name="codeListName" type="xs:string" use="optional" default="ContactType">
          <xs:annotation>
            <xs:documentation>
              <artefact id="A630EBE6_2993_44d9_9E08_AC9A148E0A35" name="codeListName" stereotype="SUP"/>
              <notes>The name of the code list the content is taken from.</notes>
            </xs:documentation>
          </xs:annotation>
        </xs:attribute>
        <xs:attribute name="codeListVersion" type="xs:string" use="optional">
          <xs:annotation>
            <xs:documentation>
              <artefact id="278DBAE2_DC71_4def_87FA_C2A77563D4E8" name="codeListVersion" stereotype="SUP"/>
              <notes>The unique version of this content's codelist.</notes>
            </xs:documentation>
          </xs:annotation>
        </xs:attribute>
      </xs:extension>
    </xs:simpleContent>
  </xs:complexType>
  <xs:simpleType name="DocumentType_Code">
    <xs:restriction base="xs:string">
      <xs:enumeration value="AcceptChangeApplicationTransaction"/>
      <xs:enumeration value="AcceptCreateApplicationTransaction"/>
      <xs:enumeration value="AcceptRemoveApplicationTransaction"/>
      <xs:enumeration value="ProposeChangeApplicationTransaction"/>
      <xs:enumeration value="ProposeCreateApplicationTransaction"/>
      <xs:enumeration value="ProposeRemoveApplicationTransaction"/>
      <xs:enumeration value="RejectChangeApplicationTransaction"/>
      <xs:enumeration value="RejectCreateApplicationTransaction"/>
      <xs:enumeration value="RejectRemoveApplicationTransaction"/>
    </xs:restriction>
  </xs:simpleType>
  <xs:complexType name="DocumentType_CodeType">
    <xs:annotation>
      <xs:documentation>
        <artefact id="0727DB44_BEF7_46fb_973A_FCE176E58345" name="DocumentType_Code" stereotype="QDT"/>
        <properties author="National eDAIS Coordination Office" version="2.3.0r2"/>
        <notes>A Code QDT qualified by a list of valid DocumentType codes.</notes>
      </xs:documentation>
    </xs:annotation>
    <xs:simpleContent>
      <xs:extension base="msgdt:DocumentType_Code">
        <xs:attribute name="codeName" type="xs:string" use="optional">
          <xs:annotation>
            <xs:documentation>
              <artefact id="D16BEB62_1C24_40f0_8AE2_BC8FD8DC6B38" name="codeName" stereotype="SUP"/>
              <notes>A textual representation of the content value.  Useful for providing an expanded version of a code (i.e. for AU content, you could provide Australia in its CodeName attribute).</notes>
            </xs:documentation>
          </xs:annotation>
        </xs:attribute>
        <xs:attribute name="codeListURI" type="xs:string" use="optional">
          <xs:annotation>
            <xs:documentation>
              <artefact id="652AF8C4_8FF8_4371_9869_C4193066AA29" name="codeListURI" stereotype="SUP"/>
              <notes>The URI of this content's codelist.</notes>
            </xs:documentation>
          </xs:annotation>
        </xs:attribute>
        <xs:attribute name="codeListAgency" type="xs:string" use="optional" default="NCO">
          <xs:annotation>
            <xs:documentation>
              <artefact id="EA39636E_E9FE_4ccc_8859_D874CD0B380A" name="codeListAgency" stereotype="SUP"/>
              <notes>The name of the agency that is responsible for maintaining this content's codelist.</notes>
            </xs:documentation>
          </xs:annotation>
        </xs:attribute>
        <xs:attribute name="codeListName" type="xs:string" use="optional" default="DocumentType">
          <xs:annotation>
            <xs:documentation>
              <artefact id="E5955DC7_53E5_4da6_8354_10E4783BA5C0" name="codeListName" stereotype="SUP"/>
              <notes>The name of the code list the content is taken from.</notes>
            </xs:documentation>
          </xs:annotation>
        </xs:attribute>
        <xs:attribute name="codeListVersion" type="xs:string" use="optional">
          <xs:annotation>
            <xs:documentation>
              <artefact id="278DBAE2_DC71_4def_87FA_C2A77563D4E8" name="codeListVersion" stereotype="SUP"/>
              <notes>The unique version of this content's codelist.</notes>
            </xs:documentation>
          </xs:annotation>
        </xs:attribute>
      </xs:extension>
    </xs:simpleContent>
  </xs:complexType>
  <xs:simpleType name="ProcessRole_Code">
    <xs:restriction base="xs:string">
      <xs:enumeration value="Initiator"/>
      <xs:enumeration value="Responder"/>
    </xs:restriction>
  </xs:simpleType>
  <xs:complexType name="ProcessRole_CodeType">
    <xs:annotation>
      <xs:documentation>
        <artefact id="5876415B_23BB_4577_B43A_EBC1FABD6A6E" name="ProcessRole_Code" stereotype="QDT"/>
        <properties author="National eDAIS Coordination Office" version="2.3.0r2"/>
        <notes>A Code QDT qualified by a list of valid ProcessRole codes.</notes>
      </xs:documentation>
    </xs:annotation>
    <xs:simpleContent>
      <xs:extension base="msgdt:ProcessRole_Code">
        <xs:attribute name="codeName" type="xs:string" use="optional">
          <xs:annotation>
            <xs:documentation>
              <artefact id="D16BEB62_1C24_40f0_8AE2_BC8FD8DC6B38" name="codeName" stereotype="SUP"/>
              <notes>A textual representation of the content value.  Useful for providing an expanded version of a code (i.e. for AU content, you could provide Australia in its CodeName attribute).</notes>
            </xs:documentation>
          </xs:annotation>
        </xs:attribute>
        <xs:attribute name="codeListURI" type="xs:string" use="optional">
          <xs:annotation>
            <xs:documentation>
              <artefact id="652AF8C4_8FF8_4371_9869_C4193066AA29" name="codeListURI" stereotype="SUP"/>
              <notes>The URI of this content's codelist.</notes>
            </xs:documentation>
          </xs:annotation>
        </xs:attribute>
        <xs:attribute name="codeListAgency" type="xs:string" use="optional" default="NCO">
          <xs:annotation>
            <xs:documentation>
              <artefact id="57E2157E_DDD0_4fa8_8D6F_08CE0F0BA02B" name="codeListAgency" stereotype="SUP"/>
              <notes>The name of the agency that is responsible for maintaining this content's codelist.</notes>
            </xs:documentation>
          </xs:annotation>
        </xs:attribute>
        <xs:attribute name="codeListName" type="xs:string" use="optional" default="ProcessRole">
          <xs:annotation>
            <xs:documentation>
              <artefact id="36E36156_1627_419b_A28D_6EB6FE395731" name="codeListName" stereotype="SUP"/>
              <notes>The name of the code list the content is taken from.</notes>
            </xs:documentation>
          </xs:annotation>
        </xs:attribute>
        <xs:attribute name="codeListVersion" type="xs:string" use="optional">
          <xs:annotation>
            <xs:documentation>
              <artefact id="278DBAE2_DC71_4def_87FA_C2A77563D4E8" name="codeListVersion" stereotype="SUP"/>
              <notes>The unique version of this content's codelist.</notes>
            </xs:documentation>
          </xs:annotation>
        </xs:attribute>
      </xs:extension>
    </xs:simpleContent>
  </xs:complexType>
  <xs:simpleType name="ServiceTransactionType_Code">
    <xs:restriction base="xs:string">
      <xs:enumeration value="RequestingServiceTransaction"/>
      <xs:enumeration value="RespondingServiceTransaction"/>
    </xs:restriction>
  </xs:simpleType>
  <xs:complexType name="ServiceTransactionType_CodeType">
    <xs:annotation>
      <xs:documentation>
        <artefact id="26905F91_8655_402e_BC19_75AC860E1BE5" name="ServiceTransactionType_Code" stereotype="QDT"/>
        <properties author="National eDAIS Coordination Office" version="2.3.0r2"/>
        <notes>A Code QDT qualified by a list of valid ServiceTransactionType codes.</notes>
      </xs:documentation>
    </xs:annotation>
    <xs:simpleContent>
      <xs:extension base="msgdt:ServiceTransactionType_Code">
        <xs:attribute name="codeName" type="xs:string" use="optional">
          <xs:annotation>
            <xs:documentation>
              <artefact id="D16BEB62_1C24_40f0_8AE2_BC8FD8DC6B38" name="codeName" stereotype="SUP"/>
              <notes>A textual representation of the content value.  Useful for providing an expanded version of a code (i.e. for AU content, you could provide Australia in its CodeName attribute).</notes>
            </xs:documentation>
          </xs:annotation>
        </xs:attribute>
        <xs:attribute name="codeListURI" type="xs:string" use="optional">
          <xs:annotation>
            <xs:documentation>
              <artefact id="652AF8C4_8FF8_4371_9869_C4193066AA29" name="codeListURI" stereotype="SUP"/>
              <notes>The URI of this content's codelist.</notes>
            </xs:documentation>
          </xs:annotation>
        </xs:attribute>
        <xs:attribute name="codeListAgency" type="xs:string" use="optional" default="NCO">
          <xs:annotation>
            <xs:documentation>
              <artefact id="D6FA3AB0_47A8_4e80_A1CD_28869327F2F2" name="codeListAgency" stereotype="SUP"/>
              <notes>The name of the agency that is responsible for maintaining this content's codelist.</notes>
            </xs:documentation>
          </xs:annotation>
        </xs:attribute>
        <xs:attribute name="codeListName" type="xs:string" use="optional" default="ServiceTransactionType">
          <xs:annotation>
            <xs:documentation>
              <artefact id="FAF428E5_4A54_4556_B603_E558A5FFF8D0" name="codeListName" stereotype="SUP"/>
              <notes>The name of the code list the content is taken from.</notes>
            </xs:documentation>
          </xs:annotation>
        </xs:attribute>
        <xs:attribute name="codeListVersion" type="xs:string" use="optional">
          <xs:annotation>
            <xs:documentation>
              <artefact id="278DBAE2_DC71_4def_87FA_C2A77563D4E8" name="codeListVersion" stereotype="SUP"/>
              <notes>The unique version of this content's codelist.</notes>
            </xs:documentation>
          </xs:annotation>
        </xs:attribute>
      </xs:extension>
    </xs:simpleContent>
  </xs:complexType>
  <xs:simpleType name="Standard_Code">
    <xs:restriction base="xs:string">
      <xs:enumeration value="eDAIS"/>
    </xs:restriction>
  </xs:simpleType>
  <xs:complexType name="Standard_CodeType">
    <xs:annotation>
      <xs:documentation>
        <artefact id="FC42BE45_2FFF_4d86_AB16_8FC0EF047078" name="Standard_Code" stereotype="QDT"/>
        <properties author="National eDAIS Coordination Office" version="2.3.0r2"/>
        <notes>A Code QDT qualified by a list of valid Standards codes.</notes>
      </xs:documentation>
    </xs:annotation>
    <xs:simpleContent>
      <xs:extension base="msgdt:Standard_Code">
        <xs:attribute name="codeName" type="xs:string" use="optional">
          <xs:annotation>
            <xs:documentation>
              <artefact id="D16BEB62_1C24_40f0_8AE2_BC8FD8DC6B38" name="codeName" stereotype="SUP"/>
              <notes>A textual representation of the content value.  Useful for providing an expanded version of a code (i.e. for AU content, you could provide Australia in its CodeName attribute).</notes>
            </xs:documentation>
          </xs:annotation>
        </xs:attribute>
        <xs:attribute name="codeListURI" type="xs:string" use="optional">
          <xs:annotation>
            <xs:documentation>
              <artefact id="652AF8C4_8FF8_4371_9869_C4193066AA29" name="codeListURI" stereotype="SUP"/>
              <notes>The URI of this content's codelist.</notes>
            </xs:documentation>
          </xs:annotation>
        </xs:attribute>
        <xs:attribute name="codeListAgency" type="xs:string" use="optional" default="NCO">
          <xs:annotation>
            <xs:documentation>
              <artefact id="73F6D95E_0574_423c_B3D1_D4D79FC33DEA" name="codeListAgency" stereotype="SUP"/>
              <notes>The name of the agency that is responsible for maintaining this content's codelist.</notes>
            </xs:documentation>
          </xs:annotation>
        </xs:attribute>
        <xs:attribute name="codeListName" type="xs:string" use="optional" default="StandardType">
          <xs:annotation>
            <xs:documentation>
              <artefact id="F5BD732D_AA9A_4cd5_A382_BFDDA310EA34" name="codeListName" stereotype="SUP"/>
              <notes>The name of the code list the content is taken from.</notes>
            </xs:documentation>
          </xs:annotation>
        </xs:attribute>
        <xs:attribute name="codeListVersion" type="xs:string" use="optional">
          <xs:annotation>
            <xs:documentation>
              <artefact id="278DBAE2_DC71_4def_87FA_C2A77563D4E8" name="codeListVersion" stereotype="SUP"/>
              <notes>The unique version of this content's codelist.</notes>
            </xs:documentation>
          </xs:annotation>
        </xs:attribute>
      </xs:extension>
    </xs:simpleContent>
  </xs:complexType>
</xs:schema>]]></con:content><con:type>http://www.w3.org/2001/XMLSchema</con:type></con:part><con:part><con:url>file:\C:\Users\hunter\dev\Buildaform%20-%20EHC\src\Buildaform.eDAIS\biv\specialisation.data.2.3.0r2.xsd</con:url><con:content><![CDATA[<xs:schema targetNamespace="http://xml.gov.au/edais/core/specialisation.data.2.3.0r2" elementFormDefault="qualified" attributeFormDefault="unqualified" version="2.3.0r2" xmlns:cdt="http://xml.gov.au/edais/dt/qdt/cdt.type.2.3.0r2" xmlns:spec="http://xml.gov.au/edais/core/specialisation.data.2.3.0r2" xmlns:xs="http://www.w3.org/2001/XMLSchema">
  <xs:import namespace="http://xml.gov.au/edais/dt/qdt/cdt.type.2.3.0r2" schemaLocation="cdt.type.2.3.0r2.xsd"/>
  <xs:annotation>
    <xs:documentation>
      <artefact id="6AC66DAB_91B8_46de_A13D_B58C0D15560C" name="Specialisation" stereotype="CCLibrary"/>
      <properties author="National eDAIS Coordination Office" version="2.3.0r2"/>
      <notes/>
    </xs:documentation>
  </xs:annotation>
  <xs:element name="Specialisation" type="spec:Specialisation"/>
  <xs:complexType name="Specialisation">
    <xs:annotation>
      <xs:documentation>
        <artefact id="4645050A_7160_46ea_8AF9_BEC60BB16BEC" name="Specialisation" stereotype="ACC"/>
        <properties author="National eDAIS Coordination Office" version="2.3.0r2"/>
        <notes>An envelope provided to attach specialised data structures to business messages.  Usage is as per the eDAIS Jurisdictional Specialisation Specification v1.0.</notes>
      </xs:documentation>
    </xs:annotation>
    <xs:sequence>
      <xs:element name="DomainId" type="cdt:IdentifierType"/>
      <xs:element name="Extension" type="xs:anyType"/>
      <xs:element name="Jurisdiction" type="cdt:CodeType"/>
      <xs:element name="Version" type="cdt:IdentifierType"/>
    </xs:sequence>
    <xs:attribute name="ref" type="xs:string" use="optional"/>
  </xs:complexType>
</xs:schema>]]></con:content><con:type>http://www.w3.org/2001/XMLSchema</con:type></con:part><con:part><con:url>file:\C:\Users\hunter\dev\Buildaform%20-%20EHC\src\Buildaform.eDAIS\biv\ReceiptExceptionSignal.msg.2.3.0r2.xsd</con:url><con:content><![CDATA[<xs:schema targetNamespace="http://xml.gov.au/edais/bs/ReceiptExceptionSignal.msg.2.3.0r2" elementFormDefault="qualified" attributeFormDefault="unqualified" version="2.3.0r2" xmlns:msg="http://xml.gov.au/edais/bs/ReceiptExceptionSignal.msg.2.3.0r2" xmlns:sbmh="http://xml.gov.au/edais/core/msg.data.2.3.0r2" xmlns:spec="http://xml.gov.au/edais/core/specialisation.data.2.3.0r2" xmlns:xs="http://www.w3.org/2001/XMLSchema">
  <xs:import namespace="http://xml.gov.au/edais/core/msg.data.2.3.0r2" schemaLocation="msg.data.2.3.0r2.xsd"/>
  <xs:import namespace="http://xml.gov.au/edais/core/specialisation.data.2.3.0r2" schemaLocation="specialisation.data.2.3.0r2.xsd"/>
  <xs:annotation>
    <xs:documentation>
      <artefact id="F3770DE7_8ED1_464c_92A0_21FB6C30F297" name="ReceiptExceptionSignal" stereotype="InfEnvelope"/>
      <properties author="National eDAIS Coordination Office" version="2.3.0r2"/>
      <notes>The Initiator or Responder sends this business signal when a business message they have received fails validation.  This signal is used across all transactions requiring validation (e.g. where the QoS attribute isIntelligibleCheckRequired = true for the Iniating and/or Responding partner respectively).</notes>
    </xs:documentation>
  </xs:annotation>
  <xs:element name="ReceiptExceptionSignal" type="msg:ReceiptExceptionSignalType"/>
  <xs:complexType name="ReceiptExceptionSignalType">
    <xs:sequence>
      <xs:element name="ReceiptException" type="sbmh:ReceiptException"/>
      <xs:element name="Specialisation" type="spec:Specialisation" minOccurs="0" maxOccurs="unbounded"/>
      <xs:element name="StandardBusinessMessageHeader" type="sbmh:StandardBusinessMessageHeader"/>
    </xs:sequence>
  </xs:complexType>
</xs:schema>]]></con:content><con:type>http://www.w3.org/2001/XMLSchema</con:type></con:part><con:part><con:url>file:\C:\Users\hunter\dev\Buildaform%20-%20EHC\src\Buildaform.eDAIS\biv\da.data.2.3.0r2.xsd</con:url><con:content><![CDATA[<xs:schema targetNamespace="http://xml.gov.au/edais/core/da.data.2.3.0r2" elementFormDefault="qualified" attributeFormDefault="unqualified" version="2.3.0r2" xmlns:cdt="http://xml.gov.au/edais/dt/qdt/cdt.type.2.3.0r2" xmlns:da="http://xml.gov.au/edais/core/da.data.2.3.0r2" xmlns:lab="http://xml.gov.au/edais/core/lab.data.2.3.0r2" xmlns:naa="http://xml.gov.au/edais/core/naa.data.2.3.0r2" xmlns:xs="http://www.w3.org/2001/XMLSchema">
  <xs:import namespace="http://xml.gov.au/edais/core/lab.data.2.3.0r2" schemaLocation="lab.data.2.3.0r2.xsd"/>
  <xs:import namespace="http://xml.gov.au/edais/core/naa.data.2.3.0r2" schemaLocation="naa.data.2.3.0r2.xsd"/>
  <xs:import namespace="http://xml.gov.au/edais/dt/qdt/cdt.type.2.3.0r2" schemaLocation="cdt.type.2.3.0r2.xsd"/>
  <xs:annotation>
    <xs:documentation>
      <artefact id="CB0DB916_A9AA_4a75_9F73_5A7EBC38E0C8" name="Development Assessment" stereotype="CCLibrary"/>
      <properties author="National eDAIS Coordination Office" version="2.3.0r2"/>
      <notes/>
    </xs:documentation>
  </xs:annotation>
  <xs:element name="AdditionalInformation" type="da:AdditionalInformation"/>
  <xs:complexType name="AdditionalInformation">
    <xs:annotation>
      <xs:documentation>
        <artefact id="7E934A23_E08F_4d55_9A19_BF9EBD84014B" name="AdditionalInformation" stereotype="ACC"/>
        <properties author="National eDAIS Coordination Office" version="2.3.0r2"/>
        <notes>Any supporting documentation from the applicant subsequent to the initial application.</notes>
      </xs:documentation>
    </xs:annotation>
    <xs:sequence>
      <xs:element name="Attachment" type="da:Attachment" minOccurs="0" maxOccurs="unbounded"/>
      <xs:element name="Comments" type="cdt:TextType" minOccurs="0" maxOccurs="unbounded"/>
      <xs:element name="DueDate" type="cdt:DateTimeType" minOccurs="0"/>
      <xs:element name="Identification" type="cdt:IdentifierType"/>
      <xs:element name="Purpose" type="cdt:TextType" minOccurs="0" maxOccurs="unbounded"/>
      <xs:element name="ReceivedDate" type="cdt:DateTimeType" minOccurs="0"/>
      <xs:element name="RequestedDate" type="cdt:DateTimeType" minOccurs="0"/>
      <xs:element name="RequestingAuthorityPartyRole" type="da:PartyRole" minOccurs="0" maxOccurs="unbounded"/>
      <xs:element name="ResponsiblePartyRole" type="da:PartyRole" minOccurs="0" maxOccurs="unbounded"/>
      <xs:element name="Status" type="cdt:CodeType" minOccurs="0"/>
    </xs:sequence>
    <xs:attribute name="ref" type="xs:string" use="optional"/>
  </xs:complexType>
  <xs:element name="Appeal" type="da:Appeal"/>
  <xs:complexType name="Appeal">
    <xs:annotation>
      <xs:documentation>
        <artefact id="F3C11FF0_9904_4ff0_BF47_17CE86DB550F" name="Appeal" stereotype="ACC"/>
        <properties author="National eDAIS Coordination Office" version="2.3.0r2"/>
        <notes>A review of a development assessment decision or statutory failure to make a decision by an independent jurisdiction.</notes>
      </xs:documentation>
    </xs:annotation>
    <xs:sequence>
      <xs:element name="AppealDate" type="cdt:DateTimeType"/>
      <xs:element name="AppealDecisionDate" type="cdt:DateTimeType" minOccurs="0"/>
      <xs:element name="AppealReference" type="cdt:IdentifierType"/>
      <xs:element name="Comments" type="cdt:TextType" minOccurs="0" maxOccurs="unbounded"/>
      <xs:element name="Condition" type="da:Condition" minOccurs="0" maxOccurs="unbounded"/>
      <xs:element name="Outcome" type="cdt:CodeType" minOccurs="0"/>
      <xs:element name="PartyRole" type="da:PartyRole" maxOccurs="unbounded"/>
      <xs:element name="Type" type="cdt:CodeType" maxOccurs="unbounded"/>
    </xs:sequence>
    <xs:attribute name="ref" type="xs:string" use="optional"/>
  </xs:complexType>
  <xs:element name="Application" type="da:Application"/>
  <xs:complexType name="Application">
    <xs:annotation>
      <xs:documentation>
        <artefact id="C5BECEC0_075F_4826_8321_EFA5ACAABC1F" name="Application" stereotype="ACC"/>
        <properties author="National eDAIS Coordination Office" version="2.3.0r2"/>
        <notes>The documentation lodged pursuant to planning and development legislation which commences development assessment processes (which may include modification to or finalisation of previous processes/applications).</notes>
      </xs:documentation>
    </xs:annotation>
    <xs:sequence>
      <xs:element name="AdditionalInformation" type="da:AdditionalInformation" minOccurs="0" maxOccurs="unbounded"/>
      <xs:element name="Appeal" type="da:Appeal" minOccurs="0" maxOccurs="unbounded"/>
      <xs:element name="ApplicationNumber" type="cdt:IdentifierType"/>
      <xs:element name="Assessment" type="da:Assessment" minOccurs="0" maxOccurs="unbounded"/>
      <xs:element name="Attachment" type="da:Attachment" minOccurs="0" maxOccurs="unbounded"/>
      <xs:element name="Authorisation" type="da:Authorisation" minOccurs="0" maxOccurs="unbounded"/>
      <xs:element name="Comments" type="cdt:TextType" minOccurs="0" maxOccurs="unbounded"/>
      <xs:element name="CreatedDate" type="cdt:DateTimeType" minOccurs="0"/>
      <xs:element name="Determination" type="da:Determination" minOccurs="0" maxOccurs="unbounded"/>
      <xs:element name="Event" type="da:Event" minOccurs="0" maxOccurs="unbounded"/>
      <xs:element name="FeeOrLevy" type="da:FeeOrLevy" minOccurs="0" maxOccurs="unbounded"/>
      <xs:element name="LastUpdated" type="cdt:DateTimeType" minOccurs="0"/>
      <xs:element name="LodgementDate" type="cdt:DateTimeType" minOccurs="0"/>
      <xs:element name="NationalApplicationNumber" type="cdt:IdentifierType" minOccurs="0"/>
      <xs:element name="PartyRole" type="da:PartyRole" minOccurs="0" maxOccurs="unbounded"/>
      <xs:element name="Payment" type="da:Payment" minOccurs="0" maxOccurs="unbounded"/>
      <xs:element name="PublicInspection" type="da:PublicInspection" minOccurs="0" maxOccurs="unbounded"/>
      <xs:element name="PublicNotificationObligation" type="da:PublicNotificationObligation" minOccurs="0" maxOccurs="unbounded"/>
      <xs:element name="ReasonDetails" type="da:ReasonDetails" minOccurs="0" maxOccurs="unbounded"/>
      <xs:element name="ReferencedApplication" type="da:ReferencedApplication" minOccurs="0" maxOccurs="unbounded"/>
      <xs:element name="ReferralObligation" type="da:ReferralObligation" minOccurs="0" maxOccurs="unbounded"/>
      <xs:element name="Status" type="cdt:CodeType" minOccurs="0"/>
      <xs:element name="SubjectLand" type="da:SubjectLand" minOccurs="0" maxOccurs="unbounded"/>
    </xs:sequence>
    <xs:attribute name="ref" type="xs:string" use="optional"/>
  </xs:complexType>
  <xs:element name="Assessment" type="da:Assessment"/>
  <xs:complexType name="Assessment">
    <xs:annotation>
      <xs:documentation>
        <artefact id="EC970BCC_0935_458b_B0BB_41B71EC70883" name="Assessment" stereotype="ACC"/>
        <properties author="National eDAIS Coordination Office" version="2.3.0r2"/>
        <notes>Details of an evaluation of the application.</notes>
      </xs:documentation>
    </xs:annotation>
    <xs:sequence>
      <xs:element name="AssessmentIssue" type="da:AssessmentIssue" minOccurs="0" maxOccurs="unbounded"/>
      <xs:element name="Attachment" type="da:Attachment" minOccurs="0" maxOccurs="unbounded"/>
      <xs:element name="ComplianceWithPlan" type="cdt:TextType" minOccurs="0"/>
      <xs:element name="Effort" type="cdt:TextType" minOccurs="0"/>
      <xs:element name="PartyRole" type="da:PartyRole" minOccurs="0" maxOccurs="unbounded"/>
    </xs:sequence>
    <xs:attribute name="ref" type="xs:string" use="optional"/>
  </xs:complexType>
  <xs:element name="AssessmentIssue" type="da:AssessmentIssue"/>
  <xs:complexType name="AssessmentIssue">
    <xs:annotation>
      <xs:documentation>
        <artefact id="DAD3A939_FA25_4cc3_8352_8F1659D45066" name="AssessmentIssue" stereotype="ACC"/>
        <properties author="National eDAIS Coordination Office" version="2.3.0r2"/>
        <notes>Details of a specific issue in relation to the assessment of an application.</notes>
      </xs:documentation>
    </xs:annotation>
    <xs:sequence>
      <xs:element name="AdvisedDate" type="cdt:DateTimeType" minOccurs="0"/>
      <xs:element name="Comments" type="cdt:TextType" minOccurs="0" maxOccurs="unbounded"/>
      <xs:element name="Description" type="cdt:TextType"/>
      <xs:element name="Identification" type="cdt:IdentifierType"/>
      <xs:element name="ReportingPartyRole" type="da:PartyRole"/>
      <xs:element name="ResponsiblePartyRole" type="da:PartyRole"/>
    </xs:sequence>
    <xs:attribute name="ref" type="xs:string" use="optional"/>
  </xs:complexType>
  <xs:element name="Attachment" type="da:Attachment"/>
  <xs:complexType name="Attachment">
    <xs:annotation>
      <xs:documentation>
        <artefact id="832A014B_0690_43f2_9C64_3C4BBB00C60D" name="Attachment" stereotype="ACC"/>
        <properties author="National eDAIS Coordination Office" version="2.3.0r2"/>
        <notes>A document or other material provided as part of the development assessment process, including details of the document metadata, as well as the actual document/material itself.</notes>
      </xs:documentation>
    </xs:annotation>
    <xs:sequence>
      <xs:element name="Contributor" type="cdt:TextType" minOccurs="0" maxOccurs="unbounded"/>
      <xs:element name="Coverage" type="cdt:TextType" minOccurs="0" maxOccurs="unbounded"/>
      <xs:element name="Creator" type="cdt:TextType" minOccurs="0" maxOccurs="unbounded"/>
      <xs:element name="Date" type="cdt:DateTimeType" minOccurs="0"/>
      <xs:element name="Description" type="cdt:TextType" minOccurs="0" maxOccurs="unbounded"/>
      <xs:element name="Format" type="cdt:TextType" minOccurs="0"/>
      <xs:element name="Identification" type="cdt:IdentifierType"/>
      <xs:element name="Language" type="cdt:TextType" minOccurs="0" maxOccurs="unbounded"/>
      <xs:element name="Publisher" type="cdt:TextType" minOccurs="0" maxOccurs="unbounded"/>
      <xs:element name="Relation" type="cdt:TextType" minOccurs="0" maxOccurs="unbounded"/>
      <xs:element name="Rights" type="cdt:TextType" minOccurs="0" maxOccurs="unbounded"/>
      <xs:element name="Size" type="cdt:MeasureType" minOccurs="0"/>
      <xs:element name="Source" type="cdt:TextType" minOccurs="0" maxOccurs="unbounded"/>
      <xs:element name="Subject" type="cdt:TextType" minOccurs="0"/>
      <xs:element name="Title" type="cdt:TextType" minOccurs="0"/>
      <xs:element name="Type" type="cdt:TextType" minOccurs="0"/>
      <xs:element name="Version" type="cdt:TextType" minOccurs="0"/>
      <xs:choice>
        <xs:element name="Attachment" type="cdt:BinaryObjectType" minOccurs="0"/>
        <xs:element name="URI" type="xs:anyURI" minOccurs="0"/>
      </xs:choice>
    </xs:sequence>
    <xs:attribute name="ref" type="xs:string" use="optional"/>
  </xs:complexType>
  <xs:element name="Authorisation" type="da:Authorisation"/>
  <xs:complexType name="Authorisation">
    <xs:annotation>
      <xs:documentation>
        <artefact id="E848BA1E_8259_422b_90CF_E49A948413F6" name="Authorisation" stereotype="ACC"/>
        <properties author="National eDAIS Coordination Office" version="2.3.0r2"/>
        <notes>Records the fact of the authorisation given by a party (typically the Applicant) to the application being lodged and processed. A graphical representation of a signature can be attached to the authorisation if so required (using the Attachment element, associated with this element).  The Authorisation element can also relate to a Party Role element, indicating the person who is providing the authorisation.</notes>
      </xs:documentation>
    </xs:annotation>
    <xs:sequence>
      <xs:element name="Attachment" type="da:Attachment" minOccurs="0" maxOccurs="unbounded"/>
      <xs:element name="Date" type="cdt:DateTimeType" minOccurs="0"/>
      <xs:element name="PartyRole" type="da:PartyRole" maxOccurs="unbounded"/>
      <xs:element name="Type" type="cdt:CodeType" minOccurs="0"/>
    </xs:sequence>
    <xs:attribute name="ref" type="xs:string" use="optional"/>
  </xs:complexType>
  <xs:element name="Condition" type="da:Condition"/>
  <xs:complexType name="Condition">
    <xs:annotation>
      <xs:documentation>
        <artefact id="8375BC5D_0E41_40cb_8C2F_995EC8E9CF8B" name="Condition" stereotype="ACC"/>
        <properties author="National eDAIS Coordination Office" version="2.3.0r2"/>
        <notes>Records any conditions applied to a development application pursuant to relevant legislation.</notes>
      </xs:documentation>
    </xs:annotation>
    <xs:sequence>
      <xs:element name="Classification" type="cdt:CodeType"/>
      <xs:element name="ConditionReference" type="cdt:IdentifierType" minOccurs="0"/>
      <xs:element name="Detail" type="cdt:TextType" minOccurs="0"/>
      <xs:element name="Identification" type="cdt:IdentifierType"/>
      <xs:element name="Type" type="cdt:CodeType" minOccurs="0"/>
    </xs:sequence>
    <xs:attribute name="ref" type="xs:string" use="optional"/>
  </xs:complexType>
  <xs:element name="Determination" type="da:Determination"/>
  <xs:complexType name="Determination">
    <xs:annotation>
      <xs:documentation>
        <artefact id="D19C6C2B_7075_4441_BF34_6815C0D21A05" name="Determination" stereotype="ACC"/>
        <properties author="National eDAIS Coordination Office" version="2.3.0r2"/>
        <notes>The decision made by an authority on the application issued to the applicant (typically by the consent authority).</notes>
      </xs:documentation>
    </xs:annotation>
    <xs:sequence>
      <xs:element name="Attachment" type="da:Attachment" minOccurs="0" maxOccurs="unbounded"/>
      <xs:element name="Comments" type="cdt:TextType" minOccurs="0" maxOccurs="unbounded"/>
      <xs:element name="Condition" type="da:Condition" minOccurs="0" maxOccurs="unbounded"/>
      <xs:element name="DeterminationDate" type="cdt:DateTimeType" minOccurs="0"/>
      <xs:element name="Identification" type="cdt:IdentifierType"/>
      <xs:element name="PartyRole" type="da:PartyRole" maxOccurs="unbounded"/>
      <xs:element name="Period" type="naa:Period" minOccurs="0" maxOccurs="unbounded"/>
      <xs:element name="SystemRecordedDate" type="cdt:DateTimeType" minOccurs="0"/>
      <xs:element name="Type" type="cdt:CodeType" minOccurs="0"/>
    </xs:sequence>
    <xs:attribute name="ref" type="xs:string" use="optional"/>
  </xs:complexType>
  <xs:element name="Event" type="da:Event"/>
  <xs:complexType name="Event">
    <xs:annotation>
      <xs:documentation>
        <artefact id="EE5FA6D4_FC1C_4dab_A750_AF5C27037C8E" name="Event" stereotype="ACC"/>
        <properties author="National eDAIS Coordination Office" version="2.3.0r2"/>
        <notes>Any recordable action associated with applications.  Can also be characterised as a significant occurrence or happening related to an object, process, or person.</notes>
      </xs:documentation>
    </xs:annotation>
    <xs:sequence>
      <xs:element name="DateTime" type="cdt:DateTimeType"/>
      <xs:element name="Description" type="cdt:TextType" minOccurs="0"/>
      <xs:element name="EventCode" type="cdt:CodeType"/>
      <xs:element name="Period" type="naa:Period" minOccurs="0" maxOccurs="unbounded"/>
    </xs:sequence>
    <xs:attribute name="ref" type="xs:string" use="optional"/>
  </xs:complexType>
  <xs:element name="FeeOrLevy" type="da:FeeOrLevy"/>
  <xs:complexType name="FeeOrLevy">
    <xs:annotation>
      <xs:documentation>
        <artefact id="665FF0BB_6AFB_4507_B60F_BF2DE5BA7261" name="FeeOrLevy" stereotype="ACC"/>
        <properties author="National eDAIS Coordination Office" version="2.3.0r2"/>
        <notes>Details of the fees to be paid or levies which have been raised, together with links to details of payment of fees and levies (including refunds/waivers).</notes>
      </xs:documentation>
    </xs:annotation>
    <xs:sequence>
      <xs:element name="DateDue" type="cdt:DateTimeType" minOccurs="0"/>
      <xs:element name="Description" type="cdt:TextType" minOccurs="0"/>
      <xs:element name="Identification" type="cdt:IdentifierType"/>
      <xs:element name="Payment" type="da:Payment" minOccurs="0" maxOccurs="unbounded"/>
      <xs:element name="ValuePayable" type="cdt:AmountType"/>
    </xs:sequence>
    <xs:attribute name="ref" type="xs:string" use="optional"/>
  </xs:complexType>
  <xs:element name="PartyRole" type="da:PartyRole"/>
  <xs:complexType name="PartyRole">
    <xs:annotation>
      <xs:documentation>
        <artefact id="DB2FBD85_BB58_42b2_922D_542589FB6220" name="PartyRole" stereotype="ACC"/>
        <properties author="National eDAIS Coordination Office" version="2.3.0r2"/>
        <notes>The role that an individual party (being, for instance,  an applicant, a consent authority, a referral agency, an officer (of an authority or an agency), a representative of the applicant, etc) plays with respect to the processing of an application (throughout the life of the application), allowing the linking of various aspects of processing of the application between the application itself and the party involved in that processing.</notes>
      </xs:documentation>
    </xs:annotation>
    <xs:sequence>
      <xs:element name="DateTime" type="cdt:DateTimeType" minOccurs="0"/>
      <xs:element name="Party" type="naa:Party" maxOccurs="unbounded"/>
      <xs:element name="Type" type="cdt:CodeType" minOccurs="0"/>
    </xs:sequence>
    <xs:attribute name="ref" type="xs:string" use="optional"/>
  </xs:complexType>
  <xs:element name="Payment" type="da:Payment"/>
  <xs:complexType name="Payment">
    <xs:annotation>
      <xs:documentation>
        <artefact id="2F91C01C_6941_49fe_BEE0_B1BD37A098D9" name="Payment" stereotype="ACC"/>
        <properties author="National eDAIS Coordination Office" version="2.3.0r2"/>
        <notes>Details of payments which have been made against fees or levies raised in connection with processing an application.</notes>
      </xs:documentation>
    </xs:annotation>
    <xs:sequence>
      <xs:element name="AmountPaid" type="cdt:AmountType"/>
      <xs:element name="CreationDate" type="cdt:DateTimeType"/>
      <xs:element name="DatePaid" type="cdt:DateTimeType"/>
      <xs:element name="DiscountPercent" type="cdt:NumericType" minOccurs="0"/>
      <xs:element name="Identification" type="cdt:IdentifierType"/>
      <xs:element name="InstructionCode" type="cdt:TextType" minOccurs="0"/>
      <xs:element name="PayeeName" type="cdt:TextType" minOccurs="0"/>
      <xs:element name="PaymentMethod" type="cdt:CodeType" minOccurs="0"/>
      <xs:element name="PenaltyPercent" type="cdt:NumericType" minOccurs="0"/>
      <xs:element name="PriorityCode" type="cdt:TextType" minOccurs="0"/>
      <xs:element name="ReasonCode" type="cdt:TextType" minOccurs="0"/>
      <xs:element name="ReceiptNumber" type="cdt:TextType" minOccurs="0"/>
      <xs:element name="StatusCode" type="cdt:TextType" minOccurs="0"/>
      <xs:element name="TaxAmount" type="cdt:AmountType" minOccurs="0"/>
      <xs:element name="TaxInvoiceNumber" type="cdt:TextType" minOccurs="0"/>
    </xs:sequence>
    <xs:attribute name="ref" type="xs:string" use="optional"/>
  </xs:complexType>
  <xs:element name="PublicInspection" type="da:PublicInspection"/>
  <xs:complexType name="PublicInspection">
    <xs:annotation>
      <xs:documentation>
        <artefact id="043A38E6_BA44_44bb_82DD_843D4A2B62C3" name="PublicInspection" stereotype="ACC"/>
        <properties author="National eDAIS Coordination Office" version="2.3.0r2"/>
        <notes>Identifies whether the application is open or closed to public inspection.</notes>
      </xs:documentation>
    </xs:annotation>
    <xs:sequence>
      <xs:element name="Indicator" type="cdt:CodeType"/>
    </xs:sequence>
    <xs:attribute name="ref" type="xs:string" use="optional"/>
  </xs:complexType>
  <xs:element name="PublicNotificationObligation" type="da:PublicNotificationObligation"/>
  <xs:complexType name="PublicNotificationObligation">
    <xs:annotation>
      <xs:documentation>
        <artefact id="782FC725_DD45_4b6c_8DB2_B0A9E00F8AC6" name="PublicNotificationObligation" stereotype="ACC"/>
        <properties author="National eDAIS Coordination Office" version="2.3.0r2"/>
        <notes>An agreement to provide information with respect to a public notification.</notes>
      </xs:documentation>
    </xs:annotation>
    <xs:sequence>
      <xs:element name="Attachment" type="da:Attachment" minOccurs="0" maxOccurs="unbounded"/>
      <xs:element name="ComplianceDate" type="cdt:DateTimeType" minOccurs="0"/>
      <xs:element name="Description" type="cdt:TextType" minOccurs="0"/>
      <xs:element name="Identification" type="cdt:IdentifierType"/>
      <xs:element name="PartyRole" type="da:PartyRole" minOccurs="0" maxOccurs="unbounded"/>
      <xs:element name="Period" type="naa:Period" minOccurs="0" maxOccurs="unbounded"/>
      <xs:element name="PublicOpinion" type="da:PublicOpinion" minOccurs="0" maxOccurs="unbounded"/>
      <xs:element name="Type" type="cdt:CodeType"/>
    </xs:sequence>
    <xs:attribute name="ref" type="xs:string" use="optional"/>
  </xs:complexType>
  <xs:element name="PublicOpinion" type="da:PublicOpinion"/>
  <xs:complexType name="PublicOpinion">
    <xs:annotation>
      <xs:documentation>
        <artefact id="81B83549_D610_4ad1_A2F6_34807F1AE0E9" name="PublicOpinion" stereotype="ACC"/>
        <properties author="National eDAIS Coordination Office" version="2.3.0r2"/>
        <notes>Formal public comment relating to the application.</notes>
      </xs:documentation>
    </xs:annotation>
    <xs:sequence>
      <xs:element name="Attachment" type="da:Attachment" minOccurs="0" maxOccurs="unbounded"/>
      <xs:element name="Comments" type="cdt:TextType" minOccurs="0"/>
      <xs:element name="Reported" type="cdt:DateTimeType"/>
    </xs:sequence>
    <xs:attribute name="ref" type="xs:string" use="optional"/>
  </xs:complexType>
  <xs:element name="ReasonDetails" type="da:ReasonDetails"/>
  <xs:complexType name="ReasonDetails">
    <xs:annotation>
      <xs:documentation>
        <artefact id="6CFE14A7_9AEC_459a_B153_AD541ED684C2" name="ReasonDetails" stereotype="ACC"/>
        <properties author="National eDAIS Coordination Office" version="2.3.0r2"/>
        <notes>Contains details related to a response on a business transaction.  Typically used for reject or accept with condition reasons.</notes>
      </xs:documentation>
    </xs:annotation>
    <xs:sequence>
      <xs:element name="DateTime" type="cdt:DateTimeType" minOccurs="0"/>
      <xs:element name="Description" type="cdt:TextType" minOccurs="0"/>
      <xs:element name="ReasonCode" type="cdt:CodeType"/>
      <xs:element name="ReasonText" type="cdt:TextType" minOccurs="0" maxOccurs="unbounded"/>
    </xs:sequence>
    <xs:attribute name="ref" type="xs:string" use="optional"/>
  </xs:complexType>
  <xs:element name="ReferencedApplication" type="da:ReferencedApplication"/>
  <xs:complexType name="ReferencedApplication">
    <xs:annotation>
      <xs:documentation>
        <artefact id="93684EDB_CF18_4b97_8C48_D3E344CE5F7D" name="ReferencedApplication" stereotype="ACC"/>
        <properties author="National eDAIS Coordination Office" version="2.3.0r2"/>
        <notes>A reference to an application already in existence (being an application number as the reference).</notes>
      </xs:documentation>
    </xs:annotation>
    <xs:sequence>
      <xs:element name="ApplicationNumber" type="cdt:IdentifierType"/>
      <xs:element name="Type" type="cdt:CodeType" minOccurs="0"/>
    </xs:sequence>
    <xs:attribute name="ref" type="xs:string" use="optional"/>
  </xs:complexType>
  <xs:element name="ReferralObligation" type="da:ReferralObligation"/>
  <xs:complexType name="ReferralObligation">
    <xs:annotation>
      <xs:documentation>
        <artefact id="FB5E5BFF_7E2E_48a1_B517_31EF29F8EE7A" name="ReferralObligation" stereotype="ACC"/>
        <properties author="National eDAIS Coordination Office" version="2.3.0r2"/>
        <notes>An agreement (both binding and non-binding) to provide a response (to a referral).</notes>
      </xs:documentation>
    </xs:annotation>
    <xs:sequence>
      <xs:element name="Classification" type="cdt:CodeType" minOccurs="0"/>
      <xs:element name="ComplianceDate" type="cdt:DateTimeType" minOccurs="0"/>
      <xs:element name="Description" type="cdt:TextType" minOccurs="0" maxOccurs="unbounded"/>
      <xs:element name="Identification" type="cdt:IdentifierType"/>
      <xs:element name="Period" type="naa:Period" minOccurs="0" maxOccurs="unbounded"/>
      <xs:element name="ReferralAuthorityPartyRole" type="da:PartyRole" minOccurs="0" maxOccurs="unbounded"/>
      <xs:element name="ReferralResponse" type="da:ReferralResponse" minOccurs="0" maxOccurs="unbounded"/>
      <xs:element name="ReferrerPartyRole" type="da:PartyRole" minOccurs="0" maxOccurs="unbounded"/>
      <xs:element name="Type" type="cdt:CodeType" minOccurs="0"/>
    </xs:sequence>
    <xs:attribute name="ref" type="xs:string" use="optional"/>
  </xs:complexType>
  <xs:element name="ReferralResponse" type="da:ReferralResponse"/>
  <xs:complexType name="ReferralResponse">
    <xs:annotation>
      <xs:documentation>
        <artefact id="16BFABB8_914C_4a4a_9D42_AB1E9C226764" name="ReferralResponse" stereotype="ACC"/>
        <properties author="National eDAIS Coordination Office" version="2.3.0r2"/>
        <notes>A response, either a direction (binding) or advice (non-binding), from a referral authority, to be taken into account in the assessment and determination of an application.</notes>
      </xs:documentation>
    </xs:annotation>
    <xs:sequence>
      <xs:element name="Attachment" type="da:Attachment" minOccurs="0" maxOccurs="unbounded"/>
      <xs:element name="Comments" type="cdt:TextType" minOccurs="0" maxOccurs="unbounded"/>
      <xs:element name="Condition" type="da:Condition" minOccurs="0" maxOccurs="unbounded"/>
      <xs:element name="ResponseDate" type="cdt:DateTimeType"/>
      <xs:element name="Type" type="cdt:CodeType"/>
    </xs:sequence>
    <xs:attribute name="ref" type="xs:string" use="optional"/>
  </xs:complexType>
  <xs:element name="SubjectLand" type="da:SubjectLand"/>
  <xs:complexType name="SubjectLand">
    <xs:annotation>
      <xs:documentation>
        <artefact id="47C4740B_11B8_49b6_92C9_6FA19CA9EB26" name="SubjectLand" stereotype="ACC"/>
        <properties author="National eDAIS Coordination Office" version="2.3.0r2"/>
        <notes>Subject land is the joining element to reference ePLAN elements associated with the application.</notes>
      </xs:documentation>
    </xs:annotation>
    <xs:sequence>
      <xs:element name="Address" type="naa:Address" minOccurs="0"/>
      <xs:element name="Attachment" type="da:Attachment" minOccurs="0"/>
      <xs:element name="Comments" type="cdt:TextType" minOccurs="0" maxOccurs="unbounded"/>
      <xs:element name="Document" type="lab:Document" minOccurs="0"/>
      <xs:element name="Parcel" type="lab:Parcel" minOccurs="0"/>
    </xs:sequence>
    <xs:attribute name="ref" type="xs:string" use="optional"/>
  </xs:complexType>
</xs:schema>]]></con:content><con:type>http://www.w3.org/2001/XMLSchema</con:type></con:part><con:part><con:url>file:\C:\Users\hunter\dev\Buildaform%20-%20EHC\src\Buildaform.eDAIS\biv\lab.data.2.3.0r2.xsd</con:url><con:content><![CDATA[<xs:schema targetNamespace="http://xml.gov.au/edais/core/lab.data.2.3.0r2" elementFormDefault="qualified" attributeFormDefault="unqualified" version="2.3.0r2" xmlns:cdt="http://xml.gov.au/edais/dt/qdt/cdt.type.2.3.0r2" xmlns:lab="http://xml.gov.au/edais/core/lab.data.2.3.0r2" xmlns:xs="http://www.w3.org/2001/XMLSchema">
  <xs:import namespace="http://xml.gov.au/edais/dt/qdt/cdt.type.2.3.0r2" schemaLocation="cdt.type.2.3.0r2.xsd"/>
  <xs:annotation>
    <xs:documentation>
      <artefact id="1C1BDB25_5A34_4f43_B734_7C938F34ED69" name="Land and Building" stereotype="CCLibrary"/>
      <properties author="National eDAIS Coordination Office" version="2.3.0r2"/>
      <notes/>
    </xs:documentation>
  </xs:annotation>
  <xs:element name="AdministrativeArea" type="lab:AdministrativeArea"/>
  <xs:complexType name="AdministrativeArea">
    <xs:annotation>
      <xs:documentation>
        <artefact id="4317A19F_37F6_4bfd_9363_1BEFC3C1F88A" name="AdministrativeArea" stereotype="ACC"/>
        <properties author="National eDAIS Coordination Office" version="2.3.0r2"/>
        <notes>Defines the administrative area(s) associated with a survey plan, representing such concepts as Locality, Parish, County, Local Government, Local Authority, etc in general terms, and can represent other more specific area concepts such as Beach protection zones, etc.</notes>
      </xs:documentation>
    </xs:annotation>
    <xs:sequence>
      <xs:element name="AdminAreaCode" type="cdt:CodeType" minOccurs="0"/>
      <xs:element name="AdminAreaName" type="cdt:TextType"/>
      <xs:element name="AdminAreaType" type="cdt:CodeType"/>
    </xs:sequence>
    <xs:attribute name="ref" type="xs:string" use="optional"/>
  </xs:complexType>
  <xs:element name="Annotation" type="lab:Annotation"/>
  <xs:complexType name="Annotation">
    <xs:annotation>
      <xs:documentation>
        <artefact id="9E88199A_ABEF_4337_8759_1F52D5141B03" name="Annotation" stereotype="ACC"/>
        <properties author="National eDAIS Coordination Office" version="2.3.0r2"/>
        <notes>A descriptive string (text) used to describe an action on the survey (e.g. "Road to be opened", "Area to be excised").</notes>
      </xs:documentation>
    </xs:annotation>
    <xs:sequence>
      <xs:element name="Desc" type="cdt:TextType" minOccurs="0"/>
      <xs:element name="Name" type="cdt:TextType"/>
      <xs:element name="Type" type="cdt:CodeType"/>
    </xs:sequence>
    <xs:attribute name="ref" type="xs:string" use="optional"/>
  </xs:complexType>
  <xs:element name="CoordinateSystem" type="lab:CoordinateSystem"/>
  <xs:complexType name="CoordinateSystem">
    <xs:annotation>
      <xs:documentation>
        <artefact id="94364AED_115E_431e_A293_00BB969F42DC" name="CoordinateSystem" stereotype="ACC"/>
        <properties author="National eDAIS Coordination Office" version="2.3.0r2"/>
        <notes>Identifies the coordinate system used to define the survey.</notes>
      </xs:documentation>
    </xs:annotation>
    <xs:sequence>
      <xs:element name="Description" type="cdt:TextType" minOccurs="0"/>
      <xs:element name="HorizontalDatumName" type="cdt:CodeType"/>
      <xs:element name="VerticalDatumName" type="cdt:CodeType" minOccurs="0"/>
    </xs:sequence>
    <xs:attribute name="ref" type="xs:string" use="optional"/>
  </xs:complexType>
  <xs:element name="Document" type="lab:Document"/>
  <xs:complexType name="Document">
    <xs:annotation>
      <xs:documentation>
        <artefact id="819608AB_CF66_4b20_BF7C_2E1FC311BECB" name="Document" stereotype="ACC"/>
        <properties author="National eDAIS Coordination Office" version="2.3.0r2"/>
        <notes>A document used in relation to defining a survey plan.  In the first instance, generally simply describes the survey plan itself (hence the Document No. equates to a Plan No.), and thus has a one-to-one relationship with Survey Document, but has been identified to allow additional documents (or document types) to be described in relation to (survey) plans.</notes>
      </xs:documentation>
    </xs:annotation>
    <xs:sequence>
      <xs:element name="DocumentNo" type="cdt:IdentifierType"/>
      <xs:element name="DocumentStatus" type="cdt:CodeType" minOccurs="0"/>
      <xs:element name="Jurisdiction" type="cdt:CodeType"/>
      <xs:element name="SubmissionDate" type="cdt:DateTimeType" minOccurs="0"/>
      <xs:element name="SurveyDocument" type="lab:SurveyDocument"/>
      <xs:element name="VersionDate" type="cdt:DateTimeType" minOccurs="0"/>
      <xs:element name="VersionNumber" type="cdt:NumericType" minOccurs="0"/>
    </xs:sequence>
    <xs:attribute name="ref" type="xs:string" use="optional"/>
  </xs:complexType>
  <xs:element name="Encroachment" type="lab:Encroachment"/>
  <xs:complexType name="Encroachment">
    <xs:annotation>
      <xs:documentation>
        <artefact id="9751DECB_8CBA_4039_9699_FEBBB57A9210" name="Encroachment" stereotype="ACC"/>
        <properties author="National eDAIS Coordination Office" version="2.3.0r2"/>
        <notes>Identifies the improvement which encroaches on its neighbour.  This element contains a 3dpoint list which describes the extent of the encroachment.</notes>
      </xs:documentation>
    </xs:annotation>
    <xs:sequence>
      <xs:element name="Desc" type="cdt:TextType" minOccurs="0"/>
      <xs:element name="Name" type="cdt:TextType"/>
      <xs:element name="PointList" type="cdt:TextType" minOccurs="0"/>
      <xs:element name="Type" type="cdt:CodeType" minOccurs="0"/>
    </xs:sequence>
    <xs:attribute name="ref" type="xs:string" use="optional"/>
  </xs:complexType>
  <xs:element name="ExclusionAreas" type="lab:ExclusionAreas"/>
  <xs:complexType name="ExclusionAreas">
    <xs:annotation>
      <xs:documentation>
        <artefact id="9ACFBDA0_E519_4997_A4D3_C08733916793" name="ExclusionAreas" stereotype="ACC"/>
        <properties author="National eDAIS Coordination Office" version="2.3.0r2"/>
        <notes>Some parcels have exclusions from its area, either specified (such as an internal road, or an included lot). or as an area excluded from the title but is spatially un-described (i.e. Reserved Areas).  Most jurisdictions have a defined list of exclusions.</notes>
      </xs:documentation>
    </xs:annotation>
    <xs:sequence>
      <xs:element name="Area" type="cdt:NumericType"/>
      <xs:element name="ExclusionType" type="cdt:CodeType"/>
      <xs:element name="Pclref" type="cdt:TextType"/>
    </xs:sequence>
    <xs:attribute name="ref" type="xs:string" use="optional"/>
  </xs:complexType>
  <xs:element name="Line" type="lab:Line"/>
  <xs:complexType name="Line">
    <xs:annotation>
      <xs:documentation>
        <artefact id="56945329_03C9_4753_ACC5_69B9A8DD4DDB" name="Line" stereotype="ACC"/>
        <properties author="National eDAIS Coordination Office" version="2.3.0r2"/>
        <notes>Defines the properties of a Line in a coordinate Geometry collection.  The Start and End points define the line.  This is related to the Line Element in LandXML.  This model (as does LandXML) make a distinction between a line (which joins two points) and a observation.  In this model, a line could have several observations, e.g. mean terrain height or spheroidal distance.  Further, this model allows for an observation between points which are not part of a survey polygon, e.g. a connection to a reference mark or to a control station.</notes>
      </xs:documentation>
    </xs:annotation>
    <xs:sequence>
      <xs:element name="Desc" type="cdt:TextType" minOccurs="0"/>
      <xs:element name="Dir" type="cdt:NumericType" minOccurs="0"/>
      <xs:element name="Length" type="cdt:MeasureType" minOccurs="0"/>
      <xs:element name="Name" type="cdt:TextType"/>
      <xs:element name="Note" type="cdt:TextType" minOccurs="0" maxOccurs="unbounded"/>
      <xs:element name="OID" type="cdt:IdentifierType"/>
      <xs:element name="PointList" type="cdt:TextType" minOccurs="0"/>
      <xs:element name="Radius" type="cdt:NumericType" minOccurs="0"/>
      <xs:element name="Rot" type="cdt:TextType" minOccurs="0"/>
      <xs:element name="Source" type="cdt:TextType" minOccurs="0"/>
      <xs:element name="State" type="cdt:CodeType"/>
    </xs:sequence>
    <xs:attribute name="ref" type="xs:string" use="optional"/>
  </xs:complexType>
  <xs:element name="Parcel" type="lab:Parcel"/>
  <xs:complexType name="Parcel">
    <xs:annotation>
      <xs:documentation>
        <artefact id="ED6743A6_39E4_416a_94F7_2E1FBA3E44F7" name="Parcel" stereotype="ACC"/>
        <properties author="National eDAIS Coordination Office" version="2.3.0r2"/>
        <notes>A parcel is the unit over which a single interest can be created.  A parcel may have a specific parcel type (for example, in Queensland the parcel over which an indefeasible title can be issued is called a lot).  A parcel can be made up of a number of sub parcels; each sub parcel must be a closed figure (but the superordinate parcel may consist of non-contiguous subordinate parcels).  The total area of a parcel is the sum of the areas of the sub parcels. For example a parcel (lot) on a Building Format Plan (Stratum Plan) may have several parts on different floors in the complex, i.e. a car park, a balcony and the main unit. The parcel class holds the non-geometric elements relating to a parcel.  The term parcel here has a different meaning to the parcel in the Harmonised Data Model.  In the HDM a parcel refers to a cadastral lot for which a title can be issued.  This model uses a much broader definition of parcel in that it is a polygon (or volumetric figure) for which a right or obligation (or some other consistent definition) can be defined.  It includes base cadastral lots as well as easements and secondary interests.  This package models the administrative and metadata information about parcels, with the term parcel meaning a polygon created for some administrative purpose.  Most of these classes map to the parcel class in LandXML except for specialise elements for volumetric and Stratum parcels.  These classes map to the HDM class of PrivateLawObjects of Parcel, Easement, Secondary Interest, Road Reserve and Reserve. The other part of a parcel is that it has an "is related to" association.  This relationship assists in defining and structuring:  (i) If a parcel is made up of several parts (i.e. stratum lot over serveral floors); )ii) Creating historical associations and allocations, to bring forward existing title encumbrances, rights and obligations; (iii) Creating historical linkages to link parcels to their ancestors (as in historical survey searching or native title investigations); (iv) Linking an admistrative area to cadastral polygons, which represent parcels, allowing the allocation of new parcels to existing administrative areas, e.g. allocation of areas to local governments for rating purposes.  This is accomplished by using an embedded Parcels/Parcel relationship to show the relationship between existing parcels and those parcels being created.</notes>
      </xs:documentation>
    </xs:annotation>
    <xs:sequence>
      <xs:element name="BuildingLevelNo" type="cdt:TextType" minOccurs="0"/>
      <xs:element name="BuildingNo" type="cdt:TextType" minOccurs="0"/>
      <xs:element name="Classification" type="cdt:CodeType"/>
      <xs:element name="Desc" type="cdt:TextType" minOccurs="0"/>
      <xs:element name="Encroachment" type="lab:Encroachment" minOccurs="0"/>
      <xs:element name="ExclusionAreas" type="lab:ExclusionAreas" minOccurs="0" maxOccurs="unbounded"/>
      <xs:element name="Name" type="cdt:TextType" minOccurs="0"/>
      <xs:element name="Note" type="cdt:TextType" minOccurs="0" maxOccurs="unbounded"/>
      <xs:element name="OID" type="cdt:IdentifierType" minOccurs="0"/>
      <xs:element name="Parcel" type="lab:Parcel" minOccurs="0" maxOccurs="unbounded"/>
      <xs:element name="ParcelFormat" type="cdt:CodeType" minOccurs="0"/>
      <xs:element name="Polygon" type="lab:Polygon" minOccurs="0"/>
      <xs:element name="SchemeLand" type="lab:SchemeLand" minOccurs="0"/>
      <xs:element name="State" type="cdt:CodeType" minOccurs="0"/>
      <xs:element name="TitleReference" type="lab:TitleReference" minOccurs="0" maxOccurs="unbounded"/>
      <xs:element name="UseOfParcel" type="cdt:CodeType" minOccurs="0" maxOccurs="unbounded"/>
      <xs:element name="Volume" type="cdt:NumericType" minOccurs="0"/>
    </xs:sequence>
    <xs:attribute name="ref" type="xs:string" use="optional"/>
  </xs:complexType>
  <xs:element name="Polygon" type="lab:Polygon"/>
  <xs:complexType name="Polygon">
    <xs:annotation>
      <xs:documentation>
        <artefact id="B5AE4B85_DE26_44d8_B1FA_B88020DA6912" name="Polygon" stereotype="ACC"/>
        <properties author="National eDAIS Coordination Office" version="2.3.0r2"/>
        <notes>A Polygon is a closed figure that can be made up of 2 or more lines (which may be either Regular Lines, Curves or Irregular lines).  A parcel only needs to be defined by a Polygon if the survey needs to be spatially dealt with by the survey i.e. as a created or cancelled parcel.  Some parcels may not require to be spatial defined for the purpose of the survey, specifically where the parcel is defining an administrative area etc.  These elements are mapped to the LandXML Coordinate Geometry elements.  This element maps to the HDM Survey Polygon element.</notes>
      </xs:documentation>
    </xs:annotation>
    <xs:sequence>
      <xs:element name="Centroid" type="cdt:TextType" minOccurs="0"/>
      <xs:element name="Desc" type="cdt:TextType" minOccurs="0"/>
      <xs:element name="Line" type="lab:Line" minOccurs="2" maxOccurs="unbounded"/>
      <xs:element name="Name" type="cdt:TextType"/>
      <xs:element name="OID" type="cdt:IdentifierType"/>
      <xs:element name="State" type="cdt:CodeType" minOccurs="0"/>
    </xs:sequence>
    <xs:attribute name="ref" type="xs:string" use="optional"/>
  </xs:complexType>
  <xs:element name="SchemeLand" type="lab:SchemeLand"/>
  <xs:complexType name="SchemeLand">
    <xs:annotation>
      <xs:documentation>
        <artefact id="38003730_D1CD_480b_95BC_8A200E10A307" name="SchemeLand" stereotype="ACC"/>
        <properties author="National eDAIS Coordination Office" version="2.3.0r2"/>
        <notes>The recording of special attributes relating to the apportionment of rights and obligations of the Body Corporate.</notes>
      </xs:documentation>
    </xs:annotation>
    <xs:sequence>
      <xs:element name="LiabilityApportionment" type="cdt:TextType" minOccurs="0"/>
      <xs:element name="LotEntitlements" type="cdt:TextType" minOccurs="0"/>
    </xs:sequence>
    <xs:attribute name="ref" type="xs:string" use="optional"/>
  </xs:complexType>
  <xs:element name="Survey" type="lab:Survey"/>
  <xs:complexType name="Survey">
    <xs:annotation>
      <xs:documentation>
        <artefact id="12CAE0AB_976D_4a82_A3D2_3A3001DF1378" name="Survey" stereotype="ACC"/>
        <properties author="National eDAIS Coordination Office" version="2.3.0r2"/>
        <notes>The generic survey data.  The survey description is the standard form for a description of what the survey is achieving.</notes>
      </xs:documentation>
    </xs:annotation>
    <xs:sequence>
      <xs:element name="CoordinateSystem" type="lab:CoordinateSystem"/>
      <xs:element name="FieldNoteFlag" type="cdt:IndicatorType" minOccurs="0"/>
      <xs:element name="FieldNoteReference" type="cdt:TextType" minOccurs="0" maxOccurs="unbounded"/>
      <xs:element name="FieldReport" type="cdt:TextType" minOccurs="0" maxOccurs="unbounded"/>
      <xs:element name="FileReference" type="cdt:TextType" minOccurs="0"/>
      <xs:element name="Parcel" type="lab:Parcel" minOccurs="0" maxOccurs="unbounded"/>
      <xs:element name="PurposeOfSurvey" type="cdt:CodeType" minOccurs="0" maxOccurs="unbounded"/>
      <xs:element name="SurveyCancDesc" type="cdt:TextType" minOccurs="0"/>
      <xs:element name="SurveyDesc" type="cdt:TextType" minOccurs="0"/>
      <xs:element name="SurveyPoint" type="lab:SurveyPoint" minOccurs="0" maxOccurs="unbounded"/>
      <xs:element name="SurveyType" type="cdt:CodeType" minOccurs="0"/>
    </xs:sequence>
    <xs:attribute name="ref" type="xs:string" use="optional"/>
  </xs:complexType>
  <xs:element name="SurveyDocument" type="lab:SurveyDocument"/>
  <xs:complexType name="SurveyDocument">
    <xs:annotation>
      <xs:documentation>
        <artefact id="588E9BBE_894F_498d_8497_E911A83622C1" name="SurveyDocument" stereotype="ACC"/>
        <properties author="National eDAIS Coordination Office" version="2.3.0r2"/>
        <notes>This class contains the administrative and textual data associated with the metadata of the plan and the administrative actions displayed on the plan.</notes>
      </xs:documentation>
    </xs:annotation>
    <xs:sequence>
      <xs:element name="AdministrativeArea" type="lab:AdministrativeArea" minOccurs="0" maxOccurs="unbounded"/>
      <xs:element name="AdministrativeDate" type="cdt:CodeType" minOccurs="0" maxOccurs="unbounded"/>
      <xs:element name="Annotation" type="lab:Annotation" minOccurs="0" maxOccurs="unbounded"/>
      <xs:element name="HeadOfPower" type="cdt:CodeType" minOccurs="0"/>
      <xs:element name="Note" type="cdt:TextType" minOccurs="0" maxOccurs="unbounded"/>
      <xs:element name="Status" type="cdt:CodeType" minOccurs="0"/>
      <xs:element name="Survey" type="lab:Survey" maxOccurs="unbounded"/>
      <xs:element name="SurveyFormat" type="cdt:CodeType" minOccurs="0"/>
    </xs:sequence>
    <xs:attribute name="ref" type="xs:string" use="optional"/>
  </xs:complexType>
  <xs:element name="SurveyPoint" type="lab:SurveyPoint"/>
  <xs:complexType name="SurveyPoint">
    <xs:annotation>
      <xs:documentation>
        <artefact id="5F2D5756_8A9B_481c_9DEB_1164B27E7631" name="SurveyPoint" stereotype="ACC"/>
        <properties author="National eDAIS Coordination Office" version="2.3.0r2"/>
        <notes>The survey nodes within the file.  A node is any point of interest in the Survey and may relate to Boundary Points, Traverse Point or Reference Mark. A Permanent Survey Mark is also a Node.
This element maps to the LandXML Element of cgpoint.  This element also maps to the ICSM HDM Element of Survey Point.</notes>
      </xs:documentation>
    </xs:annotation>
    <xs:sequence>
      <xs:element name="Code" type="cdt:CodeType" minOccurs="0"/>
      <xs:element name="Desc" type="cdt:TextType" minOccurs="0"/>
      <xs:element name="Line" type="lab:Line" minOccurs="2" maxOccurs="2"/>
      <xs:element name="Name" type="cdt:TextType"/>
      <xs:element name="OID" type="cdt:IdentifierType"/>
      <xs:element name="PntSurv" type="cdt:TextType" minOccurs="0"/>
      <xs:element name="Role" type="cdt:TextType" minOccurs="0"/>
      <xs:element name="State" type="cdt:CodeType" minOccurs="0"/>
      <xs:element name="SurveyOrder" type="cdt:NumericType" minOccurs="0"/>
      <xs:element name="ThreeDPoint" type="cdt:TextType" minOccurs="0"/>
      <xs:element name="TwoDPoint" type="cdt:TextType" minOccurs="0"/>
      <xs:element name="ZoneNumber" type="cdt:NumericType" minOccurs="0"/>
    </xs:sequence>
    <xs:attribute name="ref" type="xs:string" use="optional"/>
  </xs:complexType>
  <xs:element name="TitleReference" type="lab:TitleReference"/>
  <xs:complexType name="TitleReference">
    <xs:annotation>
      <xs:documentation>
        <artefact id="31C40EBC_6C4B_4c83_A36D_F7BF1C7D9C4A" name="TitleReference" stereotype="ACC"/>
        <properties author="National eDAIS Coordination Office" version="2.3.0r2"/>
        <notes>The references to Titles relevant to a parcel.  A parcel may have several interests created by different documents which will need to be dealt with.  For example, a lot may have several Certificates of Title and some mortgages which will need to be allocated to new parcels, and thus, from a definitional perspective, each of the title details must be known.  This model uses a simple textual description of the Title, consistent with the LIXI/NECSDS standards but not using those standards at this stage.</notes>
      </xs:documentation>
    </xs:annotation>
    <xs:sequence>
      <xs:element name="Name" type="cdt:TextType"/>
      <xs:element name="TitleType" type="cdt:CodeType"/>
    </xs:sequence>
    <xs:attribute name="ref" type="xs:string" use="optional"/>
  </xs:complexType>
  <xs:element name="Volume" type="lab:Volume"/>
  <xs:complexType name="Volume">
    <xs:annotation>
      <xs:documentation>
        <artefact id="68A383D7_C6F5_4df3_B235_D096EFB94F80" name="Volume" stereotype="ACC"/>
        <properties author="National eDAIS Coordination Office" version="2.3.0r2"/>
        <notes>A cubic space made up of polygons, which are its faces.  Where the parcel being defined is a volumetric lot then the volume must be specifically defined by its faces.  These faces are regular or irregular polygons.</notes>
      </xs:documentation>
    </xs:annotation>
    <xs:sequence>
      <xs:element name="Centroid" type="cdt:TextType" minOccurs="0"/>
      <xs:element name="Desc" type="cdt:TextType" minOccurs="0"/>
      <xs:element name="Name" type="cdt:TextType"/>
      <xs:element name="OID" type="cdt:IdentifierType"/>
      <xs:element name="Polygon" type="lab:Polygon" minOccurs="0" maxOccurs="2"/>
      <xs:element name="State" type="cdt:CodeType" minOccurs="0"/>
    </xs:sequence>
    <xs:attribute name="ref" type="xs:string" use="optional"/>
  </xs:complexType>
</xs:schema>]]></con:content><con:type>http://www.w3.org/2001/XMLSchema</con:type></con:part><con:part><con:url>file:\C:\Users\hunter\dev\Buildaform%20-%20EHC\src\Buildaform.eDAIS\biv\naa.data.2.3.0r2.xsd</con:url><con:content><![CDATA[<xs:schema targetNamespace="http://xml.gov.au/edais/core/naa.data.2.3.0r2" elementFormDefault="qualified" attributeFormDefault="unqualified" version="2.3.0r2" xmlns:cdt="http://xml.gov.au/edais/dt/qdt/cdt.type.2.3.0r2" xmlns:naa="http://xml.gov.au/edais/core/naa.data.2.3.0r2" xmlns:xs="http://www.w3.org/2001/XMLSchema">
  <xs:import namespace="http://xml.gov.au/edais/dt/qdt/cdt.type.2.3.0r2" schemaLocation="cdt.type.2.3.0r2.xsd"/>
  <xs:annotation>
    <xs:documentation>
      <artefact id="31687661_C584_48af_A957_791BF364253C" name="Name and Address" stereotype="CCLibrary"/>
      <properties author="National eDAIS Coordination Office" version="2.3.0r2"/>
      <notes/>
    </xs:documentation>
  </xs:annotation>
  <xs:element name="Address" type="naa:Address"/>
  <xs:complexType name="Address">
    <xs:annotation>
      <xs:documentation>
        <artefact id="F3D8F141_ED6B_4f58_A48C_1DA00FE8E138" name="Address" stereotype="ACC"/>
        <properties author="National eDAIS Coordination Office" version="2.3.0r2"/>
        <notes>The location at which a particular organisation or person may be found or reached.</notes>
      </xs:documentation>
    </xs:annotation>
    <xs:sequence>
      <xs:element name="Address" type="naa:Address" minOccurs="0" maxOccurs="unbounded"/>
      <xs:element name="BlockName" type="cdt:TextType" minOccurs="0"/>
      <xs:element name="BuildingName" type="cdt:TextType" minOccurs="0"/>
      <xs:element name="BuildingNumber" type="cdt:TextType" minOccurs="0"/>
      <xs:element name="CityName" type="cdt:TextType" minOccurs="0"/>
      <xs:element name="Code" type="cdt:CodeType" minOccurs="0"/>
      <xs:element name="CountryName" type="cdt:CodeType" minOccurs="0"/>
      <xs:element name="CountrySubDivision" type="cdt:CodeType" minOccurs="0"/>
      <xs:element name="Geocode" type="naa:Geocode" minOccurs="0" maxOccurs="unbounded"/>
      <xs:element name="Identification" type="cdt:IdentifierType"/>
      <xs:element name="LineFive" type="cdt:TextType" minOccurs="0"/>
      <xs:element name="LineFour" type="cdt:TextType" minOccurs="0"/>
      <xs:element name="LineOne" type="cdt:TextType" minOccurs="0"/>
      <xs:element name="LineSix" type="cdt:TextType" minOccurs="0"/>
      <xs:element name="LineThree" type="cdt:TextType" minOccurs="0"/>
      <xs:element name="LineTwo" type="cdt:TextType" minOccurs="0"/>
      <xs:element name="PostOfficeBox" type="cdt:TextType" minOccurs="0"/>
      <xs:element name="Postcode" type="cdt:TextType" minOccurs="0"/>
      <xs:element name="StreetName" type="cdt:TextType" minOccurs="0"/>
      <xs:element name="StreetSuffix" type="cdt:CodeType" minOccurs="0"/>
      <xs:element name="StreetType" type="cdt:CodeType" minOccurs="0"/>
      <xs:element name="Usage" type="cdt:CodeType" minOccurs="0"/>
      <xs:element name="UsagePeriod" type="naa:Period" minOccurs="0"/>
    </xs:sequence>
    <xs:attribute name="ref" type="xs:string" use="optional"/>
  </xs:complexType>
  <xs:element name="Contact" type="naa:Contact"/>
  <xs:complexType name="Contact">
    <xs:annotation>
      <xs:documentation>
        <artefact id="2D18EB74_E7B2_4719_9CA3_D11B68FB49A6" name="Contact" stereotype="ACC"/>
        <properties author="National eDAIS Coordination Office" version="2.3.0r2"/>
        <notes>A person or department that acts as a point of contact with another person or department.</notes>
      </xs:documentation>
    </xs:annotation>
    <xs:sequence>
      <xs:element name="DepartmentName" type="cdt:TextType" minOccurs="0"/>
      <xs:element name="Description" type="cdt:TextType" minOccurs="0"/>
      <xs:element name="Identification" type="cdt:IdentifierType"/>
      <xs:element name="Internet" type="naa:Internet" minOccurs="0" maxOccurs="unbounded"/>
      <xs:element name="IsPrimary" type="cdt:IndicatorType" minOccurs="0"/>
      <xs:element name="JobTitle" type="cdt:TextType" minOccurs="0"/>
      <xs:element name="PersonName" type="naa:PersonName" minOccurs="0"/>
      <xs:element name="Responsibility" type="cdt:TextType" minOccurs="0"/>
      <xs:element name="Telephone" type="naa:Telephone" minOccurs="0" maxOccurs="unbounded"/>
      <xs:element name="Type" type="cdt:CodeType" minOccurs="0"/>
    </xs:sequence>
    <xs:attribute name="ref" type="xs:string" use="optional"/>
  </xs:complexType>
  <xs:element name="Geocode" type="naa:Geocode"/>
  <xs:complexType name="Geocode">
    <xs:annotation>
      <xs:documentation>
        <artefact id="1D99F9CA_5C9B_4559_A8A4_6B2F713D4C53" name="Geocode" stereotype="ACC"/>
        <properties author="National eDAIS Coordination Office" version="2.3.0r2"/>
        <notes>A set of geographical coordinates of a specific point such as the longitude, latitude and altitude.</notes>
      </xs:documentation>
    </xs:annotation>
    <xs:sequence>
      <xs:element name="AltimetricSystem" type="cdt:CodeType" minOccurs="0"/>
      <xs:element name="Altitude" type="cdt:NumericType" minOccurs="0"/>
      <xs:element name="Identification" type="cdt:IdentifierType"/>
      <xs:element name="Latitude" type="cdt:NumericType"/>
      <xs:element name="LatitudeDirection" type="cdt:CodeType" minOccurs="0"/>
      <xs:element name="Longitude" type="cdt:NumericType"/>
      <xs:element name="LongitudeDirection" type="cdt:CodeType" minOccurs="0"/>
      <xs:element name="System" type="cdt:CodeType" minOccurs="0"/>
    </xs:sequence>
    <xs:attribute name="ref" type="xs:string" use="optional"/>
  </xs:complexType>
  <xs:element name="Internet" type="naa:Internet"/>
  <xs:complexType name="Internet">
    <xs:annotation>
      <xs:documentation>
        <artefact id="2933DCD1_43F7_4e42_882A_05DD7A23D25A" name="Internet" stereotype="ACC"/>
        <properties author="National eDAIS Coordination Office" version="2.3.0r2"/>
        <notes>Details for internet based communication.</notes>
      </xs:documentation>
    </xs:annotation>
    <xs:sequence>
      <xs:element name="Type" type="cdt:CodeType"/>
      <xs:element name="URI" type="xs:anyURI"/>
    </xs:sequence>
    <xs:attribute name="ref" type="xs:string" use="optional"/>
  </xs:complexType>
  <xs:element name="Organisation" type="naa:Organisation"/>
  <xs:complexType name="Organisation">
    <xs:annotation>
      <xs:documentation>
        <artefact id="A9FA3A77_64E3_450b_BDDF_4070DDEEF6DB" name="Organisation" stereotype="ACC"/>
        <properties author="National eDAIS Coordination Office" version="2.3.0r2"/>
        <notes>An organised structure set up for a particular purpose, such as a business, government body, department, charity, or financial institution.</notes>
      </xs:documentation>
    </xs:annotation>
    <xs:sequence>
      <xs:element name="Contact" type="naa:Contact" minOccurs="0" maxOccurs="unbounded"/>
      <xs:element name="Description" type="cdt:TextType" minOccurs="0"/>
      <xs:element name="Identification" type="cdt:IdentifierType"/>
      <xs:element name="IndustryClassification" type="cdt:CodeType" minOccurs="0"/>
      <xs:element name="Internet" type="naa:Internet" minOccurs="0" maxOccurs="unbounded"/>
      <xs:element name="IsActive" type="cdt:IndicatorType" minOccurs="0"/>
      <xs:element name="LegalClassification" type="cdt:CodeType" minOccurs="0"/>
      <xs:element name="Organisation" type="naa:Organisation" minOccurs="0" maxOccurs="unbounded"/>
      <xs:element name="OrganisationName" type="naa:OrganisationName" maxOccurs="unbounded"/>
      <xs:element name="PhysicalAddress" type="naa:Address" minOccurs="0" maxOccurs="unbounded"/>
      <xs:element name="PostalAddress" type="naa:Address" minOccurs="0" maxOccurs="unbounded"/>
      <xs:element name="Registration" type="naa:Registration" minOccurs="0" maxOccurs="unbounded"/>
      <xs:element name="Status" type="naa:Status" minOccurs="0" maxOccurs="unbounded"/>
      <xs:element name="Telephone" type="naa:Telephone" minOccurs="0" maxOccurs="unbounded"/>
      <xs:element name="Type" type="cdt:CodeType" minOccurs="0"/>
    </xs:sequence>
    <xs:attribute name="ref" type="xs:string" use="optional"/>
  </xs:complexType>
  <xs:element name="OrganisationName" type="naa:OrganisationName"/>
  <xs:complexType name="OrganisationName">
    <xs:annotation>
      <xs:documentation>
        <artefact id="A0534378_5545_45ff_8A28_B797EC457A5A" name="OrganisationName" stereotype="ACC"/>
        <properties author="National eDAIS Coordination Office" version="2.3.0r2"/>
        <notes>The name(s) by which an organisation may be known.</notes>
      </xs:documentation>
    </xs:annotation>
    <xs:sequence>
      <xs:element name="Classification" type="cdt:CodeType"/>
      <xs:element name="Name" type="cdt:TextType"/>
      <xs:element name="ValidityPeriod" type="naa:Period" minOccurs="0"/>
    </xs:sequence>
    <xs:attribute name="ref" type="xs:string" use="optional"/>
  </xs:complexType>
  <xs:element name="Party" type="naa:Party"/>
  <xs:complexType name="Party">
    <xs:annotation>
      <xs:documentation>
        <artefact id="960783D7_0187_4bce_A6D3_3D6F119BEEA5" name="Party" stereotype="ACC"/>
        <properties author="National eDAIS Coordination Office" version="2.3.0r2"/>
        <notes>An individual, a group, or a body having a role in a business function.  Party has a legal connotation in a business transaction.</notes>
      </xs:documentation>
    </xs:annotation>
    <xs:sequence>
      <xs:element name="AccessRights" type="cdt:CodeType" minOccurs="0"/>
      <xs:element name="Description" type="cdt:TextType" minOccurs="0"/>
      <xs:choice>
        <xs:element name="Organisation" type="naa:Organisation" minOccurs="0"/>
        <xs:element name="Person" type="naa:Person" minOccurs="0"/>
      </xs:choice>
      <xs:element name="Identification" type="cdt:IdentifierType"/>
      <xs:element name="Language" type="cdt:CodeType" minOccurs="0"/>
      <xs:element name="Name" type="cdt:TextType"/>
      <xs:element name="Type" type="cdt:TextType" minOccurs="0"/>
    </xs:sequence>
    <xs:attribute name="ref" type="xs:string" use="optional"/>
  </xs:complexType>
  <xs:element name="Period" type="naa:Period"/>
  <xs:complexType name="Period">
    <xs:annotation>
      <xs:documentation>
        <artefact id="B526E802_CB1A_46ce_89CC_A92DF295CECF" name="Period" stereotype="ACC"/>
        <properties author="National eDAIS Coordination Office" version="2.3.0r2"/>
        <notes>An interval of time (meaningful in relation to the development assessment process).</notes>
      </xs:documentation>
    </xs:annotation>
    <xs:sequence>
      <xs:element name="Complete" type="cdt:DateTimeType" minOccurs="0"/>
      <xs:element name="Description" type="cdt:TextType" minOccurs="0"/>
      <xs:element name="Duration" type="cdt:MeasureType" minOccurs="0"/>
      <xs:element name="End" type="cdt:DateTimeType" minOccurs="0"/>
      <xs:element name="Identification" type="cdt:IdentifierType"/>
      <xs:element name="Inclusive" type="cdt:IndicatorType" minOccurs="0"/>
      <xs:element name="Name" type="cdt:TextType" minOccurs="0"/>
      <xs:element name="Sequence" type="cdt:IdentifierType" minOccurs="0"/>
      <xs:element name="Start" type="cdt:DateTimeType"/>
    </xs:sequence>
    <xs:attribute name="ref" type="xs:string" use="optional"/>
  </xs:complexType>
  <xs:element name="Person" type="naa:Person"/>
  <xs:complexType name="Person">
    <xs:annotation>
      <xs:documentation>
        <artefact id="43D1CEF4_FC21_4b20_9CE7_06F4254E5D9C" name="Person" stereotype="ACC"/>
        <properties author="National eDAIS Coordination Office" version="2.3.0r2"/>
        <notes>An individual human being.</notes>
      </xs:documentation>
    </xs:annotation>
    <xs:sequence>
      <xs:element name="Description" type="cdt:TextType" minOccurs="0"/>
      <xs:element name="Identification" type="cdt:IdentifierType"/>
      <xs:element name="Internet" type="naa:Internet" minOccurs="0" maxOccurs="unbounded"/>
      <xs:element name="PersonName" type="naa:PersonName" maxOccurs="unbounded"/>
      <xs:element name="PostalAddress" type="naa:Address" minOccurs="0" maxOccurs="unbounded"/>
      <xs:element name="Registration" type="naa:Registration" minOccurs="0" maxOccurs="unbounded"/>
      <xs:element name="ResidentialAddress" type="naa:Address" minOccurs="0" maxOccurs="unbounded"/>
      <xs:element name="Status" type="naa:Status" minOccurs="0" maxOccurs="unbounded"/>
      <xs:element name="Telephone" type="naa:Telephone" minOccurs="0" maxOccurs="unbounded"/>
    </xs:sequence>
    <xs:attribute name="ref" type="xs:string" use="optional"/>
  </xs:complexType>
  <xs:element name="PersonName" type="naa:PersonName"/>
  <xs:complexType name="PersonName">
    <xs:annotation>
      <xs:documentation>
        <artefact id="27416BB5_8571_45aa_98E4_7C42A0877C17" name="PersonName" stereotype="ACC"/>
        <properties author="National eDAIS Coordination Office" version="2.3.0r2"/>
        <notes>The name(s) by which a person may be known.</notes>
      </xs:documentation>
    </xs:annotation>
    <xs:sequence>
      <xs:element name="Classification" type="cdt:CodeType"/>
      <xs:element name="FamilyName" type="cdt:TextType" minOccurs="0"/>
      <xs:element name="FamilyNamePrefix" type="cdt:TextType" minOccurs="0"/>
      <xs:element name="GivenName" type="cdt:TextType" minOccurs="0"/>
      <xs:element name="MiddleName" type="cdt:TextType" minOccurs="0"/>
      <xs:element name="Name" type="cdt:TextType" minOccurs="0"/>
      <xs:element name="NameSuffix" type="cdt:CodeType" minOccurs="0"/>
      <xs:element name="Salutation" type="cdt:TextType" minOccurs="0"/>
      <xs:element name="Title" type="cdt:CodeType" minOccurs="0"/>
      <xs:element name="ValidityPeriod" type="naa:Period" minOccurs="0"/>
    </xs:sequence>
    <xs:attribute name="ref" type="xs:string" use="optional"/>
  </xs:complexType>
  <xs:element name="Registration" type="naa:Registration"/>
  <xs:complexType name="Registration">
    <xs:annotation>
      <xs:documentation>
        <artefact id="D18C3D08_5262_4b49_A232_0CEEF69C1A62" name="Registration" stereotype="ACC"/>
        <properties author="National eDAIS Coordination Office" version="2.3.0r2"/>
        <notes>The recording of items or details for a specific purpose.</notes>
      </xs:documentation>
    </xs:annotation>
    <xs:sequence>
      <xs:element name="Category" type="cdt:CodeType" minOccurs="0"/>
      <xs:element name="Country" type="cdt:CodeType" minOccurs="0"/>
      <xs:element name="Identification" type="cdt:IdentifierType"/>
      <xs:element name="Licence" type="cdt:IdentifierType" minOccurs="0"/>
      <xs:element name="Recorded" type="cdt:DateTimeType" minOccurs="0"/>
      <xs:element name="Type" type="cdt:CodeType" minOccurs="0"/>
      <xs:element name="ValidityPeriod" type="naa:Period" minOccurs="0"/>
    </xs:sequence>
    <xs:attribute name="ref" type="xs:string" use="optional"/>
  </xs:complexType>
  <xs:element name="Status" type="naa:Status"/>
  <xs:complexType name="Status">
    <xs:annotation>
      <xs:documentation>
        <artefact id="0EC023EE_570A_4016_952A_14E84238B58C" name="Status" stereotype="ACC"/>
        <properties author="National eDAIS Coordination Office" version="2.3.0r2"/>
        <notes>The status as applied to a variety of data held in the system.</notes>
      </xs:documentation>
    </xs:annotation>
    <xs:sequence>
      <xs:element name="Code" type="cdt:CodeType"/>
      <xs:element name="Description" type="cdt:TextType" minOccurs="0"/>
      <xs:element name="ValidityPeriod" type="naa:Period" minOccurs="0"/>
    </xs:sequence>
    <xs:attribute name="ref" type="xs:string" use="optional"/>
  </xs:complexType>
  <xs:element name="Telephone" type="naa:Telephone"/>
  <xs:complexType name="Telephone">
    <xs:annotation>
      <xs:documentation>
        <artefact id="02C6E19D_6D55_4a00_9CDD_C04F3436BDBA" name="Telephone" stereotype="ACC"/>
        <properties author="National eDAIS Coordination Office" version="2.3.0r2"/>
        <notes>Details for telephonic communication.</notes>
      </xs:documentation>
    </xs:annotation>
    <xs:sequence>
      <xs:element name="AreaCode" type="cdt:CodeType" minOccurs="0"/>
      <xs:element name="CountryCode" type="cdt:CodeType" minOccurs="0"/>
      <xs:element name="Extension" type="cdt:TextType" minOccurs="0"/>
      <xs:element name="Number" type="cdt:IdentifierType"/>
      <xs:element name="Type" type="cdt:CodeType"/>
    </xs:sequence>
    <xs:attribute name="ref" type="xs:string" use="optional"/>
  </xs:complexType>
</xs:schema>]]></con:content><con:type>http://www.w3.org/2001/XMLSchema</con:type></con:part><con:part><con:url>file:\C:\Users\hunter\dev\Buildaform%20-%20EHC\src\Buildaform.eDAIS\biv\da.data.1.0.xsd</con:url><con:content><![CDATA[<xs:schema elementFormDefault="qualified" targetNamespace="http://edais.daf.gov.au/nsw/da.data.1.0" xmlns:xs="http://www.w3.org/2001/XMLSchema" xmlns:tns="http://edais.daf.gov.au/nsw/da.data.1.0">
  <xs:import schemaLocation="cdt.type.2.3.0r2.xsd" namespace="http://xml.gov.au/edais/dt/qdt/cdt.type.2.3.0r2"/>
  <xs:element name="Application" type="tns:Application"/>
  <xs:complexType name="Application">
    <xs:sequence>
      <xs:element minOccurs="0" maxOccurs="1" name="Type" type="xs:string"/>
      <xs:element minOccurs="1" maxOccurs="1" name="EstimatedValue" type="xs:decimal"/>
      <xs:element minOccurs="0" maxOccurs="unbounded" name="DevelopmentCode" type="xs:string"/>
      <xs:element minOccurs="0" maxOccurs="1" name="BCAClass" type="xs:string"/>
      <xs:element minOccurs="0" maxOccurs="1" name="RefNumber" type="xs:string"/>
    </xs:sequence>
    <xs:attribute name="ref" type="xs:string"/>
  </xs:complexType>
  <xs:element name="SubjectLand" type="tns:SubjectLand"/>
  <xs:complexType name="SubjectLand">
    <xs:sequence>
      <xs:element minOccurs="0" maxOccurs="1" name="ABS_Statistics" type="tns:ABS_StatisticsType"/>
    </xs:sequence>
    <xs:attribute name="ref" type="xs:string"/>
  </xs:complexType>
  <xs:complexType name="ABS_StatisticsType">
    <xs:sequence>
      <xs:element minOccurs="0" maxOccurs="1" name="NumberOfFloors" type="xs:decimal"/>
      <xs:element minOccurs="0" maxOccurs="1" name="GFA" type="xs:decimal"/>
      <xs:element minOccurs="0" maxOccurs="1" name="GSA" type="xs:decimal"/>
      <xs:element minOccurs="0" maxOccurs="1" name="NumberOfNewDwellings" type="xs:decimal"/>
      <xs:element minOccurs="0" maxOccurs="1" name="NumberOfExistingDwellings" type="xs:decimal"/>
      <xs:element minOccurs="0" maxOccurs="1" name="NumberDwellingsDemolished" type="xs:decimal"/>
      <xs:element minOccurs="0" maxOccurs="1" name="NewDwellingAttached" type="xs:boolean"/>
      <xs:element minOccurs="0" maxOccurs="1" name="NewBuildingAttached" type="xs:boolean"/>
      <xs:element minOccurs="0" maxOccurs="1" name="DualOccupancy" type="xs:boolean"/>
      <xs:element minOccurs="0" maxOccurs="unbounded" name="Floor" type="q1:CodeType" xmlns:q1="http://xml.gov.au/edais/dt/qdt/cdt.type.2.3.0r2"/>
      <xs:element minOccurs="0" maxOccurs="unbounded" name="Frame" type="q2:CodeType" xmlns:q2="http://xml.gov.au/edais/dt/qdt/cdt.type.2.3.0r2"/>
      <xs:element minOccurs="0" maxOccurs="unbounded" name="Roof" type="q3:CodeType" xmlns:q3="http://xml.gov.au/edais/dt/qdt/cdt.type.2.3.0r2"/>
      <xs:element minOccurs="0" maxOccurs="unbounded" name="Walls" type="q4:CodeType" xmlns:q4="http://xml.gov.au/edais/dt/qdt/cdt.type.2.3.0r2"/>
    </xs:sequence>
  </xs:complexType>
</xs:schema>]]></con:content><con:type>http://www.w3.org/2001/XMLSchema</con:type></con:part><con:part><con:url>file:\C:\Users\hunter\dev\Buildaform%20-%20EHC\src\Buildaform.eDAIS\biv\ExternalServices.EHC.xsd</con:url><con:content><![CDATA[<xs:schema elementFormDefault="qualified" targetNamespace="http://schemas.datacontract.org/2004/07/ExternalServices.EHC" xmlns:xs="http://www.w3.org/2001/XMLSchema" xmlns:tns="http://schemas.datacontract.org/2004/07/ExternalServices.EHC">
  <xs:complexType name="ReceiptExceptionSignalType">
    <xs:sequence>
      <xs:element name="receiptExceptionField" nillable="true" type="tns:ReceiptException"/>
      <xs:element name="specialisationField" nillable="true" type="tns:ArrayOfSpecialisation"/>
      <xs:element name="standardBusinessMessageHeaderField" nillable="true" type="tns:StandardBusinessMessageHeader"/>
    </xs:sequence>
  </xs:complexType>
  <xs:element name="ReceiptExceptionSignalType" nillable="true" type="tns:ReceiptExceptionSignalType"/>
  <xs:complexType name="ReceiptException">
    <xs:sequence>
      <xs:element name="identificationField" nillable="true" type="tns:IdentifierType"/>
      <xs:element name="messageField" nillable="true" type="tns:TextType"/>
      <xs:element name="reasonField" nillable="true" type="tns:TextType"/>
      <xs:element name="refField" nillable="true" type="xs:string"/>
      <xs:element name="typeField" nillable="true" type="tns:CodeType"/>
    </xs:sequence>
  </xs:complexType>
  <xs:element name="ReceiptException" nillable="true" type="tns:ReceiptException"/>
  <xs:complexType name="IdentifierType">
    <xs:sequence>
      <xs:element name="identificationSchemeAgencyField" nillable="true" type="xs:string"/>
      <xs:element name="identificationSchemeNameField" nillable="true" type="xs:string"/>
      <xs:element name="identificationSchemeURIField" nillable="true" type="xs:string"/>
      <xs:element name="identificationSchemeVersionField" nillable="true" type="xs:string"/>
      <xs:element name="valueField" nillable="true" type="xs:string"/>
    </xs:sequence>
  </xs:complexType>
  <xs:element name="IdentifierType" nillable="true" type="tns:IdentifierType"/>
  <xs:complexType name="TextType">
    <xs:sequence>
      <xs:element name="languageIdentifierField" nillable="true" type="xs:string"/>
      <xs:element name="languageLocaleIdentifierField" nillable="true" type="xs:string"/>
      <xs:element name="valueField" nillable="true" type="xs:string"/>
    </xs:sequence>
  </xs:complexType>
  <xs:element name="TextType" nillable="true" type="tns:TextType"/>
  <xs:complexType name="CodeType">
    <xs:sequence>
      <xs:element name="codeListAgencyField" nillable="true" type="xs:string"/>
      <xs:element name="codeListNameField" nillable="true" type="xs:string"/>
      <xs:element name="codeListURIField" nillable="true" type="xs:string"/>
      <xs:element name="codeListVersionField" nillable="true" type="xs:string"/>
      <xs:element name="codeNameField" nillable="true" type="xs:string"/>
      <xs:element name="valueField" nillable="true" type="xs:string"/>
    </xs:sequence>
  </xs:complexType>
  <xs:element name="CodeType" nillable="true" type="tns:CodeType"/>
  <xs:complexType name="ArrayOfSpecialisation">
    <xs:sequence>
      <xs:element minOccurs="0" maxOccurs="unbounded" name="Specialisation" nillable="true" type="tns:Specialisation"/>
    </xs:sequence>
  </xs:complexType>
  <xs:element name="ArrayOfSpecialisation" nillable="true" type="tns:ArrayOfSpecialisation"/>
  <xs:complexType name="Specialisation">
    <xs:sequence>
      <xs:element name="domainIdField" nillable="true" type="tns:IdentifierType"/>
      <xs:element name="extensionField" nillable="true" type="xs:anyType"/>
      <xs:element name="jurisdictionField" nillable="true" type="tns:CodeType"/>
      <xs:element name="refField" nillable="true" type="xs:string"/>
      <xs:element name="versionField" nillable="true" type="tns:IdentifierType"/>
    </xs:sequence>
  </xs:complexType>
  <xs:element name="Specialisation" nillable="true" type="tns:Specialisation"/>
  <xs:complexType name="StandardBusinessMessageHeader">
    <xs:sequence>
      <xs:element name="businessScopeField" nillable="true" type="tns:ArrayOfBusinessScope"/>
      <xs:element name="documentIdentificationField" nillable="true" type="tns:DocumentIdentification"/>
      <xs:element name="receiverPartnerField" nillable="true" type="tns:Partner"/>
      <xs:element name="refField" nillable="true" type="xs:string"/>
      <xs:element name="senderPartnerField" nillable="true" type="tns:Partner"/>
      <xs:element name="softwareInformationField" nillable="true" type="tns:ArrayOfSoftwareInformation"/>
      <xs:element name="versionField" nillable="true" type="tns:IdentifierType"/>
    </xs:sequence>
  </xs:complexType>
  <xs:element name="StandardBusinessMessageHeader" nillable="true" type="tns:StandardBusinessMessageHeader"/>
  <xs:complexType name="ArrayOfBusinessScope">
    <xs:sequence>
      <xs:element minOccurs="0" maxOccurs="unbounded" name="BusinessScope" nillable="true" type="tns:BusinessScope"/>
    </xs:sequence>
  </xs:complexType>
  <xs:element name="ArrayOfBusinessScope" nillable="true" type="tns:ArrayOfBusinessScope"/>
  <xs:complexType name="BusinessScope">
    <xs:sequence>
      <xs:element name="correlationInformationField" nillable="true" type="tns:ArrayOfCorrelationInformation"/>
      <xs:element name="idField" nillable="true" type="tns:IdentifierType"/>
      <xs:element name="instanceIDField" nillable="true" type="tns:IdentifierType"/>
      <xs:element name="refField" nillable="true" type="xs:string"/>
      <xs:element name="typeField" nillable="true" type="tns:BusinessScope_CodeType"/>
    </xs:sequence>
  </xs:complexType>
  <xs:element name="BusinessScope" nillable="true" type="tns:BusinessScope"/>
  <xs:complexType name="ArrayOfCorrelationInformation">
    <xs:sequence>
      <xs:element minOccurs="0" maxOccurs="unbounded" name="CorrelationInformation" nillable="true" type="tns:CorrelationInformation"/>
    </xs:sequence>
  </xs:complexType>
  <xs:element name="ArrayOfCorrelationInformation" nillable="true" type="tns:ArrayOfCorrelationInformation"/>
  <xs:complexType name="CorrelationInformation">
    <xs:sequence>
      <xs:element name="expectedResponseDateTimeField" nillable="true" type="tns:DateTimeType"/>
      <xs:element name="refField" nillable="true" type="xs:string"/>
      <xs:element name="requestingDocumentCreationDateTimeField" nillable="true" type="tns:DateTimeType"/>
      <xs:element name="requestingDocumentInstanceIDField" nillable="true" type="tns:IdentifierType"/>
    </xs:sequence>
  </xs:complexType>
  <xs:element name="CorrelationInformation" nillable="true" type="tns:CorrelationInformation"/>
  <xs:complexType name="DateTimeType">
    <xs:sequence>
      <xs:element name="formatField" nillable="true" type="xs:string"/>
      <xs:element name="valueField" type="xs:dateTime"/>
    </xs:sequence>
  </xs:complexType>
  <xs:element name="DateTimeType" nillable="true" type="tns:DateTimeType"/>
  <xs:complexType name="BusinessScope_CodeType">
    <xs:sequence>
      <xs:element name="codeListAgencyField" nillable="true" type="xs:string"/>
      <xs:element name="codeListNameField" nillable="true" type="xs:string"/>
      <xs:element name="codeListURIField" nillable="true" type="xs:string"/>
      <xs:element name="codeListVersionField" nillable="true" type="xs:string"/>
      <xs:element name="codeNameField" nillable="true" type="xs:string"/>
      <xs:element name="valueField" type="tns:BusinessScope_Code"/>
    </xs:sequence>
  </xs:complexType>
  <xs:element name="BusinessScope_CodeType" nillable="true" type="tns:BusinessScope_CodeType"/>
  <xs:simpleType name="BusinessScope_Code">
    <xs:restriction base="xs:string">
      <xs:enumeration value="BusinessCollaboration"/>
      <xs:enumeration value="BusinessProcess"/>
      <xs:enumeration value="BusinessTransaction"/>
    </xs:restriction>
  </xs:simpleType>
  <xs:element name="BusinessScope_Code" nillable="true" type="tns:BusinessScope_Code"/>
  <xs:complexType name="DocumentIdentification">
    <xs:sequence>
      <xs:element name="creationDateTimeField" nillable="true" type="tns:DateTimeType"/>
      <xs:element name="instanceIDField" nillable="true" type="tns:IdentifierType"/>
      <xs:element name="refField" nillable="true" type="xs:string"/>
      <xs:element name="standardField" nillable="true" type="tns:Standard_CodeType"/>
      <xs:element name="typeField" nillable="true" type="tns:CodeType"/>
      <xs:element name="typeVersionField" nillable="true" type="tns:TextType"/>
    </xs:sequence>
  </xs:complexType>
  <xs:element name="DocumentIdentification" nillable="true" type="tns:DocumentIdentification"/>
  <xs:complexType name="Standard_CodeType">
    <xs:sequence>
      <xs:element name="codeListAgencyField" nillable="true" type="xs:string"/>
      <xs:element name="codeListNameField" nillable="true" type="xs:string"/>
      <xs:element name="codeListURIField" nillable="true" type="xs:string"/>
      <xs:element name="codeListVersionField" nillable="true" type="xs:string"/>
      <xs:element name="codeNameField" nillable="true" type="xs:string"/>
      <xs:element name="valueField" type="tns:Standard_Code"/>
    </xs:sequence>
  </xs:complexType>
  <xs:element name="Standard_CodeType" nillable="true" type="tns:Standard_CodeType"/>
  <xs:simpleType name="Standard_Code">
    <xs:restriction base="xs:string">
      <xs:enumeration value="eDAIS"/>
    </xs:restriction>
  </xs:simpleType>
  <xs:element name="Standard_Code" nillable="true" type="tns:Standard_Code"/>
  <xs:complexType name="Partner">
    <xs:sequence>
      <xs:element name="authorityField" nillable="true" type="tns:TextType"/>
      <xs:element name="contactField" nillable="true" type="tns:ArrayOfContact1"/>
      <xs:element name="idField" nillable="true" type="tns:IdentifierType"/>
      <xs:element name="processRoleField" nillable="true" type="tns:CodeType"/>
      <xs:element name="refField" nillable="true" type="xs:string"/>
    </xs:sequence>
  </xs:complexType>
  <xs:element name="Partner" nillable="true" type="tns:Partner"/>
  <xs:complexType name="ArrayOfContact1">
    <xs:sequence>
      <xs:element minOccurs="0" maxOccurs="unbounded" name="Contact1" nillable="true" type="tns:Contact1"/>
    </xs:sequence>
  </xs:complexType>
  <xs:element name="ArrayOfContact1" nillable="true" type="tns:ArrayOfContact1"/>
  <xs:complexType name="Contact1">
    <xs:sequence>
      <xs:element name="contactField" nillable="true" type="tns:TextType"/>
      <xs:element name="contactTypeIdentifierField" nillable="true" type="tns:CodeType"/>
      <xs:element name="emailAddressField" nillable="true" type="xs:string"/>
      <xs:element name="refField" nillable="true" type="xs:string"/>
      <xs:element name="telephoneNumberField" nillable="true" type="tns:TextType"/>
    </xs:sequence>
  </xs:complexType>
  <xs:element name="Contact1" nillable="true" type="tns:Contact1"/>
  <xs:complexType name="ArrayOfSoftwareInformation">
    <xs:sequence>
      <xs:element minOccurs="0" maxOccurs="unbounded" name="SoftwareInformation" nillable="true" type="tns:SoftwareInformation"/>
    </xs:sequence>
  </xs:complexType>
  <xs:element name="ArrayOfSoftwareInformation" nillable="true" type="tns:ArrayOfSoftwareInformation"/>
  <xs:complexType name="SoftwareInformation">
    <xs:sequence>
      <xs:element name="productIDField" nillable="true" type="tns:IdentifierType"/>
      <xs:element name="productNameField" nillable="true" type="tns:TextType"/>
      <xs:element name="productVersionField" nillable="true" type="tns:TextType"/>
      <xs:element name="refField" nillable="true" type="xs:string"/>
    </xs:sequence>
  </xs:complexType>
  <xs:element name="SoftwareInformation" nillable="true" type="tns:SoftwareInformation"/>
</xs:schema>]]></con:content><con:type>http://www.w3.org/2001/XMLSchema</con:type></con:part></con:definitionCache><con:endpoints><con:endpoint>http://example.xml.gov.au/CreateApplication_Responder.2.3.0r2</con:endpoint><con:endpoint>http://edais.buildaform.com.localhost.test/Responder_CreateApplicationTransaction.svc?wsdl</con:endpoint><con:endpoint>http://edais-test.envoyat.com/edais/Responder_CreateApplicationTransaction.svc</con:endpoint></con:endpoints><con:operation isOneWay="false" action="http://example.xml.gov.au/CreateApplication_Responder.2.3.0r2/Propose" name="Propose" bindingOperationName="Propose" type="Request-Response" inputName="" receivesAttachments="false" sendsAttachments="false" anonymous="optional"><con:settings/><con:call name="Request 1"><con:settings><con:setting id="com.eviware.soapui.impl.wsdl.WsdlRequest@request-headers">&lt;xml-fragment/></con:setting></con:settings><con:encoding>UTF-8</con:encoding><con:endpoint>http://edais-test.envoyat.com/edais/Responder_CreateApplicationTransaction.svc</con:endpoint><con:request><![CDATA[<soapenv:Envelope xmlns:soapenv="http://schemas.xmlsoap.org/soap/envelope/" xmlns:prop="http://xml.gov.au/edais/bm/ProposeCreateApplicationTransaction.msg.2.3.0r2" xmlns:da="http://xml.gov.au/edais/core/da.data.2.3.0r2" xmlns:naa="http://xml.gov.au/edais/core/naa.data.2.3.0r2" xmlns:lab="http://xml.gov.au/edais/core/lab.data.2.3.0r2" xmlns:spec="http://xml.gov.au/edais/core/specialisation.data.2.3.0r2" xmlns:msg="http://xml.gov.au/edais/core/msg.data.2.3.0r2">
   <soapenv:Header/>
   <soapenv:Body>
      <ProposeCreateApplicationTransactionType xmlns:xsi="http://www.w3.org/2001/XMLSchema-instance" xmlns:xsd="http://www.w3.org/2001/XMLSchema">
  <Application ref="APP-0000061088" xmlns="http://xml.gov.au/edais/bm/ProposeCreateApplicationTransaction.msg.2.3.0r2">
    <ApplicationNumber xmlns="http://xml.gov.au/edais/core/da.data.2.3.0r2">APP-0000061088</ApplicationNumber>
    <Comments xmlns="http://xml.gov.au/edais/core/da.data.2.3.0r2">Demolish all the things</Comments>
    <CreatedDate xmlns="http://xml.gov.au/edais/core/da.data.2.3.0r2">2011-10-27T17:35:57.4418561+11:00</CreatedDate>
    <LodgementDate xmlns="http://xml.gov.au/edais/core/da.data.2.3.0r2">2011-10-27T17:35:57.4418561+11:00</LodgementDate>
    <PartyRole xmlns="http://xml.gov.au/edais/core/da.data.2.3.0r2">
      <Party>
        <Person xmlns="http://xml.gov.au/edais/core/naa.data.2.3.0r2">
          <Identification />
          <Internet>
            <Type>Email</Type>
            <URI>hunter.wall@gmail.com</URI>
          </Internet>
          <PersonName>
            <Classification>Official Name</Classification>
            <FamilyName>Tester</FamilyName>
            <GivenName>Bob</GivenName>
            <MiddleName />
            <Name>Mr Tester, Bob</Name>
            <Title>Mr</Title>
            <ValidityPeriod>
              <Identification />
              <Start>2011-10-27T00:00:00+11:00</Start>
            </ValidityPeriod>
          </PersonName>
          <PostalAddress>
            <CityName>North Sydney</CityName>
            <CountryName>AUS</CountryName>
            <CountrySubDivision>NSW</CountrySubDivision>
            <Identification identificationSchemeName="TitleRef" />
            <LineOne>L14, 213 Miller St</LineOne>
            <LineTwo />
            <Postcode>2060</Postcode>
          </PostalAddress>
          <Telephone>
            <Number>0212345678</Number>
            <Type>BusinessHours</Type>
          </Telephone>
        </Person>
        <Identification xmlns="http://xml.gov.au/edais/core/naa.data.2.3.0r2" />
        <Name xmlns="http://xml.gov.au/edais/core/naa.data.2.3.0r2">Mr Tester, Bob</Name>
        <Type xmlns="http://xml.gov.au/edais/core/naa.data.2.3.0r2">APPLICANT</Type>
      </Party>
      <Type>APPLICANT</Type>
    </PartyRole>
    <PartyRole xmlns="http://xml.gov.au/edais/core/da.data.2.3.0r2">
      <Party>
        <Person xmlns="http://xml.gov.au/edais/core/naa.data.2.3.0r2">
          <Identification />
          <Internet>
            <Type>Email</Type>
            <URI>hunter.wall@gmail.com</URI>
          </Internet>
          <PersonName>
            <Classification>Official Name</Classification>
            <FamilyName>Tester</FamilyName>
            <GivenName>Bob</GivenName>
            <MiddleName />
            <Name>Mr Tester, Bob</Name>
            <Title>Mr</Title>
            <ValidityPeriod>
              <Identification />
              <Start>2011-10-27T00:00:00+11:00</Start>
            </ValidityPeriod>
          </PersonName>
          <PostalAddress>
            <CityName>North Sydney</CityName>
            <CountryName>AUS</CountryName>
            <CountrySubDivision>NSW</CountrySubDivision>
            <Identification identificationSchemeName="TitleRef" />
            <LineOne>L14, 213 Miller St</LineOne>
            <LineTwo />
            <Postcode>2060</Postcode>
          </PostalAddress>
          <Telephone>
            <Number>0212345678</Number>
            <Type>BusinessHours</Type>
          </Telephone>
        </Person>
        <Identification xmlns="http://xml.gov.au/edais/core/naa.data.2.3.0r2" />
        <Name xmlns="http://xml.gov.au/edais/core/naa.data.2.3.0r2" />
        <Type xmlns="http://xml.gov.au/edais/core/naa.data.2.3.0r2">OWNER</Type>
      </Party>
      <Type>OWNER</Type>
    </PartyRole>
    <PartyRole xmlns="http://xml.gov.au/edais/core/da.data.2.3.0r2">
      <Party>
        <Organisation xmlns="http://xml.gov.au/edais/core/naa.data.2.3.0r2">
          <Contact>
            <Identification>1-GBU135</Identification>
            <IsPrimary>true</IsPrimary>
            <JobTitle>"Contact Person"</JobTitle>
            <PersonName>
              <Classification>Official Name</Classification>
              <FamilyName>Edais</FamilyName>
              <GivenName>Envoy</GivenName>
              <MiddleName />
              <Name>Mr Edais, Envoy</Name>
              <Title>Mr</Title>
              <ValidityPeriod>
                <Identification />
                <Start>2011-10-27T00:00:00+11:00</Start>
              </ValidityPeriod>
            </PersonName>
            <Responsibility>"Contact Person"</Responsibility>
          </Contact>
          <Identification identificationSchemeName="ABN" />
          <Internet>
            <Type>Website</Type>
          </Internet>
          <IsActive>true</IsActive>
          <OrganisationName>
            <Classification>Official Name</Classification>
            <Name>ENVOY TESTING</Name>
            <ValidityPeriod>
              <Identification />
              <Start>2011-10-27T00:00:00+11:00</Start>
            </ValidityPeriod>
          </OrganisationName>
          <OrganisationName>
            <Classification>Registered Trading Name</Classification>
            <Name />
            <ValidityPeriod>
              <Identification />
              <Start>2011-10-27T00:00:00+11:00</Start>
            </ValidityPeriod>
          </OrganisationName>
        </Organisation>
        <Identification xmlns="http://xml.gov.au/edais/core/naa.data.2.3.0r2" />
        <Name xmlns="http://xml.gov.au/edais/core/naa.data.2.3.0r2" />
        <Type xmlns="http://xml.gov.au/edais/core/naa.data.2.3.0r2">CERTIFIER</Type>
      </Party>
      <Type>CERTIFIER</Type>
    </PartyRole>
    <PartyRole xmlns="http://xml.gov.au/edais/core/da.data.2.3.0r2">
      <Party>
        <Person xmlns="http://xml.gov.au/edais/core/naa.data.2.3.0r2">
          <Identification>1-GBU135</Identification>
          <Internet>
            <Type>Email</Type>
            <URI>hunter.wall@envoyat.com</URI>
          </Internet>
          <PersonName>
            <Classification>Official Name</Classification>
            <FamilyName>Edais</FamilyName>
            <GivenName>Envoy</GivenName>
            <MiddleName />
            <Name>Mr Edais, Envoy</Name>
            <Title>Mr</Title>
            <ValidityPeriod>
              <Identification />
              <Start>2011-10-27T00:00:00+11:00</Start>
            </ValidityPeriod>
          </PersonName>
          <PostalAddress>
            <CityName>NORTH SYDNEY</CityName>
            <CountryName>AUS</CountryName>
            <CountrySubDivision>NSW</CountrySubDivision>
            <Identification identificationSchemeName="TitleRef" />
            <LineOne>10 Miller St</LineOne>
            <LineTwo />
            <Postcode>2060</Postcode>
          </PostalAddress>
        </Person>
        <Identification xmlns="http://xml.gov.au/edais/core/naa.data.2.3.0r2" />
        <Name xmlns="http://xml.gov.au/edais/core/naa.data.2.3.0r2" />
        <Type xmlns="http://xml.gov.au/edais/core/naa.data.2.3.0r2">NOTDEFINEDINCONFIGURATION</Type>
      </Party>
      <Type>NOTDEFINEDINCONFIGURATION</Type>
    </PartyRole>
    <Status xmlns="http://xml.gov.au/edais/core/da.data.2.3.0r2">Lodged</Status>
    <SubjectLand ref="land1" xmlns="http://xml.gov.au/edais/core/da.data.2.3.0r2">
      <Address>
        <CityName xmlns="http://xml.gov.au/edais/core/naa.data.2.3.0r2">DURAL</CityName>
        <CountryName xmlns="http://xml.gov.au/edais/core/naa.data.2.3.0r2">AUS</CountryName>
        <CountrySubDivision xmlns="http://xml.gov.au/edais/core/naa.data.2.3.0r2">NSW</CountrySubDivision>
        <Identification identificationSchemeName="TitleRef" xmlns="http://xml.gov.au/edais/core/naa.data.2.3.0r2">125//DP220728</Identification>
        <LineOne xmlns="http://xml.gov.au/edais/core/naa.data.2.3.0r2">19 Jaffa Road</LineOne>
        <LineTwo xmlns="http://xml.gov.au/edais/core/naa.data.2.3.0r2" />
        <Postcode xmlns="http://xml.gov.au/edais/core/naa.data.2.3.0r2">2158</Postcode>
      </Address>
      <Document>
        <DocumentNo xmlns="http://xml.gov.au/edais/core/lab.data.2.3.0r2">220728</DocumentNo>
        <Jurisdiction xmlns="http://xml.gov.au/edais/core/lab.data.2.3.0r2">NSW</Jurisdiction>
        <SurveyDocument xmlns="http://xml.gov.au/edais/core/lab.data.2.3.0r2">
          <Survey>
            <CoordinateSystem>
              <HorizontalDatumName />
            </CoordinateSystem>
          </Survey>
        </SurveyDocument>
      </Document>
      <Parcel>
        <Classification xmlns="http://xml.gov.au/edais/core/lab.data.2.3.0r2" />
        <Name xmlns="http://xml.gov.au/edais/core/lab.data.2.3.0r2">125</Name>
        <OID xmlns="http://xml.gov.au/edais/core/lab.data.2.3.0r2">The Hills Shire Council</OID>
      </Parcel>
    </SubjectLand>
  </Application>
  <Specialisation xmlns="http://xml.gov.au/edais/bm/ProposeCreateApplicationTransaction.msg.2.3.0r2">
    <DomainId xmlns="http://xml.gov.au/edais/core/specialisation.data.2.3.0r2">EHC</DomainId>
    <Extension xmlns="http://xml.gov.au/edais/core/specialisation.data.2.3.0r2">
      <Application ref="APP-0000061088" xmlns="http://edais.daf.gov.au/nsw/da.data.1.0">
        <Type />
        <EstimatedValue>1</EstimatedValue>
        <DevelopmentCode>Alterations or additions to an existing dwelling house -- Demolition</DevelopmentCode>
        <BCAClass />
        <RefNumber />
      </Application>
    </Extension>
    <Jurisdiction xmlns="http://xml.gov.au/edais/core/specialisation.data.2.3.0r2">NSW</Jurisdiction>
    <Version xmlns="http://xml.gov.au/edais/core/specialisation.data.2.3.0r2">1.0</Version>
  </Specialisation>
  <Specialisation xmlns="http://xml.gov.au/edais/bm/ProposeCreateApplicationTransaction.msg.2.3.0r2">
    <DomainId xmlns="http://xml.gov.au/edais/core/specialisation.data.2.3.0r2">EHC</DomainId>
    <Extension xmlns="http://xml.gov.au/edais/core/specialisation.data.2.3.0r2">
      <SubjectLand ref="land1" xmlns="http://edais.daf.gov.au/nsw/da.data.1.0">
        <ABS_Statistics>
          <NumberOfFloors>1</NumberOfFloors>
          <GFA>0</GFA>
          <GSA>4000</GSA>
          <NumberOfNewDwellings>0</NumberOfNewDwellings>
          <NumberOfExistingDwellings>1</NumberOfExistingDwellings>
          <NumberDwellingsDemolished>1</NumberDwellingsDemolished>
        </ABS_Statistics>
      </SubjectLand>
    </Extension>
    <Jurisdiction xmlns="http://xml.gov.au/edais/core/specialisation.data.2.3.0r2">NSW</Jurisdiction>
    <Version xmlns="http://xml.gov.au/edais/core/specialisation.data.2.3.0r2">1.0</Version>
  </Specialisation>
  <StandardBusinessMessageHeader xmlns="http://xml.gov.au/edais/bm/ProposeCreateApplicationTransaction.msg.2.3.0r2">
    <BusinessScope xmlns="http://xml.gov.au/edais/core/msg.data.2.3.0r2">
      <CorrelationInformation>
        <ExpectedResponseDateTime>2011-11-03T17:35:57.4574819+11:00</ExpectedResponseDateTime>
        <RequestingDocumentCreationDateTime>2011-11-03T17:35:57.4574819+11:00</RequestingDocumentCreationDateTime>
        <RequestingDocumentInstanceID identificationSchemeName="ApplicationNo">APP-0000061088</RequestingDocumentInstanceID>
      </CorrelationInformation>
      <ID identificationSchemeName="ApplicationNo">APP-0000061088</ID>
      <InstanceID identificationSchemeName="ApplicationNo">APP-0000061088</InstanceID>
      <Type>BusinessCollaboration</Type>
    </BusinessScope>
    <DocumentIdentification xmlns="http://xml.gov.au/edais/core/msg.data.2.3.0r2">
      <CreationDateTime>2011-10-27T17:35:57.4574819+11:00</CreationDateTime>
      <InstanceID identificationSchemeName="ApplicationNo">APP-0000061088</InstanceID>
      <Standard>eDAIS</Standard>
      <Type>ProposeCreateApplication</Type>
      <TypeVersion>2.3.0</TypeVersion>
    </DocumentIdentification>
    <ReceiverPartner xmlns="http://xml.gov.au/edais/core/msg.data.2.3.0r2">
      <Authority>ConsentAuthority</Authority>
      <Contact>
        <Contact>ENVOY TESTING</Contact>
        <ContactTypeIdentifier />
        <EmailAddress>hunter.wall@envoyat.com</EmailAddress>
        <TelephoneNumber />
      </Contact>
      <ID>Council Name</ID>
      <ProcessRole>CONSENT_AUTH</ProcessRole>
    </ReceiverPartner>
    <SenderPartner xmlns="http://xml.gov.au/edais/core/msg.data.2.3.0r2">
      <Authority>EHC</Authority>
      <Contact>
        <Contact>EHC HelpDesk</Contact>
        <ContactTypeIdentifier>EHC Support</ContactTypeIdentifier>
        <EmailAddress>EHC@planning.nsw.gov.au</EmailAddress>
        <TelephoneNumber>9228 6100</TelephoneNumber>
      </Contact>
      <ID>NSWDoP</ID>
      <ProcessRole>APP_LODGE</ProcessRole>
    </SenderPartner>
    <SoftwareInformation xmlns="http://xml.gov.au/edais/core/msg.data.2.3.0r2">
      <ProductID>EHCv1</ProductID>
      <ProductName>NSW Electronic Housing Code</ProductName>
      <ProductVersion>v1.0</ProductVersion>
    </SoftwareInformation>
    <Version xmlns="http://xml.gov.au/edais/core/msg.data.2.3.0r2">eDAIS2.3.0r2</Version>
  </StandardBusinessMessageHeader>
</ProposeCreateApplicationTransactionType>
   </soapenv:Body>
</soapenv:Envelope>]]></con:request><con:jmsConfig JMSDeliveryMode="PERSISTENT"/><con:jmsPropertyConfig/><con:wsaConfig mustUnderstand="NONE" version="200508" action="http://example.xml.gov.au/CreateApplication_Responder.2.3.0r2/Propose"/><con:wsrmConfig version="1.2"/></con:call></con:operation></con:interface><con:interface xsi:type="con:WsdlInterface" wsaVersion="NONE" name="Responder_DeclareDetermination_Binding.2.3.0r2" type="wsdl" bindingName="{http://example.xml.gov.au/DeclareDetermination_Responder.2.3.0r2}Responder_DeclareDetermination_Binding.2.3.0r2" soapVersion="1_1" anonymous="optional" definition="file:/C:/Users/hunter/dev/Buildaform%20-%20EHC/src/Buildaform.eDAIS/bcv/DeclareDetermination_Responder.2.3.0r2.wsdl" xmlns:xsi="http://www.w3.org/2001/XMLSchema-instance"><con:settings/><con:definitionCache type="TEXT" rootPart="file:/C:/Users/hunter/dev/Buildaform%20-%20EHC/src/Buildaform.eDAIS/bcv/DeclareDetermination_Responder.2.3.0r2.wsdl"><con:part><con:url>file:/C:/Users/hunter/dev/Buildaform%20-%20EHC/src/Buildaform.eDAIS/bcv/DeclareDetermination_Responder.2.3.0r2.wsdl</con:url><con:content><![CDATA[<wsdl:definitions targetNamespace="http://example.xml.gov.au/DeclareDetermination_Responder.2.3.0r2" xmlns:ack="http://xml.gov.au/edais/bs/ReceiptAcknowledgementSignal.msg.2.3.0r2" xmlns:exc="http://xml.gov.au/edais/bs/ReceiptExceptionSignal.msg.2.3.0r2" xmlns:declare="http://xml.gov.au/edais/bm/DeclareSaveDeterminationNotification.msg.2.3.0r2" xmlns:http="http://schemas.xmlsoap.org/wsdl/http/" xmlns:soap="http://schemas.xmlsoap.org/wsdl/soap/" xmlns:soapenc="http://schemas.xmlsoap.org/soap/encoding/" xmlns:sp="http://schemas.xmlsoap.org/ws/2005/07/securitypolicy" xmlns:tns="http://example.xml.gov.au/DeclareDetermination_Responder.2.3.0r2" xmlns:wsdl="http://schemas.xmlsoap.org/wsdl/" xmlns:wsp="http://schemas.xmlsoap.org/ws/2004/09/policy" xmlns:wsu="http://docs.oasis-open.org/wss/2004/01/oasis-200401-wss-wssecurity-utility-1.0.xsd" xmlns:xs="http://www.w3.org/2001/XMLSchema">
  <wsdl:types>
    <xs:schema targetNamespace="http://example.xml.gov.au/DeclareDetermination_Responder.2.3.0r2/Imports" elementFormDefault="qualified">
      <xs:import schemaLocation="../biv/DeclareSaveDeterminationNotification.msg.2.3.0r2.xsd" namespace="http://xml.gov.au/edais/bm/DeclareSaveDeterminationNotification.msg.2.3.0r2"/>
      <xs:import schemaLocation="../biv/ReceiptAcknowledgementSignal.msg.2.3.0r2.xsd" namespace="http://xml.gov.au/edais/bs/ReceiptAcknowledgementSignal.msg.2.3.0r2"/>
      <xs:import schemaLocation="../biv/ReceiptExceptionSignal.msg.2.3.0r2.xsd" namespace="http://xml.gov.au/edais/bs/ReceiptExceptionSignal.msg.2.3.0r2"/>
      <xs:import schemaLocation="../biv/da.data.2.3.0r2.xsd" namespace="http://xml.gov.au/edais/core/da.data.2.3.0r2"/>
      <xs:import schemaLocation="../biv/cdt.type.2.3.0r2.xsd" namespace="http://xml.gov.au/edais/dt/qdt/cdt.type.2.3.0r2"/>
      <xs:import schemaLocation="../biv/naa.data.2.3.0r2.xsd" namespace="http://xml.gov.au/edais/core/naa.data.2.3.0r2"/>
      <xs:import schemaLocation="../biv/lab.data.2.3.0r2.xsd" namespace="http://xml.gov.au/edais/core/lab.data.2.3.0r2"/>
      <xs:import schemaLocation="../biv/specialisation.data.2.3.0r2.xsd" namespace="http://xml.gov.au/edais/core/specialisation.data.2.3.0r2"/>
      <xs:import schemaLocation="../biv/da.data.1.0.xsd" namespace="http://edais.daf.gov.au/nsw/da.data.1.0"/>
      <xs:import schemaLocation="../biv/msg.data.2.3.0r2.xsd" namespace="http://xml.gov.au/edais/core/msg.data.2.3.0r2"/>
      <xs:import schemaLocation="../biv/msg.type.2.3.0r2.xsd" namespace="http://xml.gov.au/edais/dt/qdt/msg.type.2.3.0r2"/>
      <xs:import schemaLocation="../biv/ExternalServices.EHC.xsd" namespace="http://schemas.datacontract.org/2004/07/ExternalServices.EHC"/>
    </xs:schema>
  </wsdl:types>
  <wsdl:message name="RequestMsg">
    <wsdl:part name="DeclareSaveDeterminationNotification" element="declare:DeclareSaveDeterminationNotification"/>
  </wsdl:message>
  <wsdl:message name="ReceiptAcknowledgementSignal">
    <wsdl:part name="ReceiptAcknowledgement" element="ack:ReceiptAcknowledgementSignal"/>
  </wsdl:message>
  <wsdl:message name="ReceiptExceptionSignal">
    <wsdl:part name="ReceiptException" element="exc:ReceiptExceptionSignal"/>
  </wsdl:message>
  <wsdl:portType name="Responder_DeclareDetermination.2.3.0r2">
    <wsdl:operation name="Declare">
      <wsdl:input message="tns:RequestMsg"/>
      <wsdl:output message="tns:ReceiptAcknowledgementSignal"/>
      <wsdl:fault name="ReceiptException" message="tns:ReceiptExceptionSignal"/>
    </wsdl:operation>
  </wsdl:portType>
  <wsdl:binding name="Responder_DeclareDetermination_Binding.2.3.0r2" type="tns:Responder_DeclareDetermination.2.3.0r2">
    <soap:binding style="document" transport="http://schemas.xmlsoap.org/soap/http"/>
    <wsdl:operation name="Declare">
      <soap:operation soapAction="http://example.xml.gov.au/DeclareDetermination_Responder.2.3.0r2/Declare" style="document"/>
      <wsdl:input>
        <soap:body use="literal"/>
      </wsdl:input>
      <wsdl:output>
        <soap:body use="literal"/>
      </wsdl:output>
      <wsdl:fault name="ReceiptException">
        <soap:fault name="ReceiptException" use="literal"/>
      </wsdl:fault>
    </wsdl:operation>
  </wsdl:binding>
  <wsdl:service name="Responder_DeclareDetermination_Service.2.3.0r2">
    <wsdl:port name="Responder_DeclareDetermination_Port.2.3.0r2" binding="tns:Responder_DeclareDetermination_Binding.2.3.0r2">
      <soap:address location="http://example.xml.gov.au/DeclareDetermination_Responder.2.3.0r2"/>
    </wsdl:port>
  </wsdl:service>
  <wsp:Policy wsu:Id="PortBindingPolicy">
    <wsp:ExactlyOne>
      <wsp:All>
        <sp:TransportBinding>
          <wsp:Policy>
            <sp:TransportToken>
              <wsp:Policy>
                <sp:HttpsToken RequireClientCertificate="false"/>
              </wsp:Policy>
            </sp:TransportToken>
            <sp:Layout>
              <wsp:Policy>
                <sp:Lax/>
              </wsp:Policy>
            </sp:Layout>
            <sp:IncludeTimestamp/>
            <sp:AlgorithmSuite>
              <wsp:Policy>
                <sp:Basic128/>
              </wsp:Policy>
            </sp:AlgorithmSuite>
          </wsp:Policy>
        </sp:TransportBinding>
        <sp:Wss10>
          <wsp:Policy>
            <sp:MustSupportRefKeyIdentifier/>
          </wsp:Policy>
        </sp:Wss10>
        <sp:SignedSupportingTokens>
          <wsp:Policy>
            <sp:UsernameToken sp:IncludeToken="http://schemas.xmlsoap.org/ws/2005/07/securitypolicy/IncludeToken/AlwaysToRecipient">
              <wsp:Policy>
                <sp:WssUsernameToken10/>
                <sp:HashPassword/>
              </wsp:Policy>
            </sp:UsernameToken>
          </wsp:Policy>
        </sp:SignedSupportingTokens>
      </wsp:All>
    </wsp:ExactlyOne>
  </wsp:Policy>
</wsdl:definitions>]]></con:content><con:type>http://schemas.xmlsoap.org/wsdl/</con:type></con:part><con:part><con:url>file:\C:\Users\hunter\dev\Buildaform%20-%20EHC\src\Buildaform.eDAIS\biv\DeclareSaveDeterminationNotification.msg.2.3.0r2.xsd</con:url><con:content><![CDATA[<xs:schema targetNamespace="http://xml.gov.au/edais/bm/DeclareSaveDeterminationNotification.msg.2.3.0r2" elementFormDefault="qualified" attributeFormDefault="unqualified" version="2.3.0r2" xmlns:da="http://xml.gov.au/edais/core/da.data.2.3.0r2" xmlns:msg="http://xml.gov.au/edais/bm/DeclareSaveDeterminationNotification.msg.2.3.0r2" xmlns:sbmh="http://xml.gov.au/edais/core/msg.data.2.3.0r2" xmlns:spec="http://xml.gov.au/edais/core/specialisation.data.2.3.0r2" xmlns:xs="http://www.w3.org/2001/XMLSchema">
  <xs:import namespace="http://xml.gov.au/edais/core/da.data.2.3.0r2" schemaLocation="da.data.2.3.0r2.xsd"/>
  <xs:import namespace="http://xml.gov.au/edais/core/msg.data.2.3.0r2" schemaLocation="msg.data.2.3.0r2.xsd"/>
  <xs:import namespace="http://xml.gov.au/edais/core/specialisation.data.2.3.0r2" schemaLocation="specialisation.data.2.3.0r2.xsd"/>
  <xs:annotation>
    <xs:documentation>
      <artefact id="3DEBC2D1_7196_4b62_ABA7_A0F098EEE09E" name="DeclareSaveDeterminationNotification" stereotype="InfEnvelope"/>
      <properties author="National eDAIS Coordination Office" version="2.3.0r2"/>
      <notes>The Initiator sends this business message to the Responder stating the decision of the assessment made on the Application.</notes>
    </xs:documentation>
  </xs:annotation>
  <xs:element name="DeclareSaveDeterminationNotification" type="msg:DeclareSaveDeterminationNotificationType"/>
  <xs:complexType name="DeclareSaveDeterminationNotificationType">
    <xs:sequence>
      <xs:element name="Application" type="da:Application"/>
      <xs:element name="Specialisation" type="spec:Specialisation" minOccurs="0" maxOccurs="unbounded"/>
      <xs:element name="StandardBusinessMessageHeader" type="sbmh:StandardBusinessMessageHeader"/>
    </xs:sequence>
  </xs:complexType>
</xs:schema>]]></con:content><con:type>http://www.w3.org/2001/XMLSchema</con:type></con:part><con:part><con:url>file:\C:\Users\hunter\dev\Buildaform%20-%20EHC\src\Buildaform.eDAIS\biv\da.data.2.3.0r2.xsd</con:url><con:content><![CDATA[<xs:schema targetNamespace="http://xml.gov.au/edais/core/da.data.2.3.0r2" elementFormDefault="qualified" attributeFormDefault="unqualified" version="2.3.0r2" xmlns:cdt="http://xml.gov.au/edais/dt/qdt/cdt.type.2.3.0r2" xmlns:da="http://xml.gov.au/edais/core/da.data.2.3.0r2" xmlns:lab="http://xml.gov.au/edais/core/lab.data.2.3.0r2" xmlns:naa="http://xml.gov.au/edais/core/naa.data.2.3.0r2" xmlns:xs="http://www.w3.org/2001/XMLSchema">
  <xs:import namespace="http://xml.gov.au/edais/core/lab.data.2.3.0r2" schemaLocation="lab.data.2.3.0r2.xsd"/>
  <xs:import namespace="http://xml.gov.au/edais/core/naa.data.2.3.0r2" schemaLocation="naa.data.2.3.0r2.xsd"/>
  <xs:import namespace="http://xml.gov.au/edais/dt/qdt/cdt.type.2.3.0r2" schemaLocation="cdt.type.2.3.0r2.xsd"/>
  <xs:annotation>
    <xs:documentation>
      <artefact id="CB0DB916_A9AA_4a75_9F73_5A7EBC38E0C8" name="Development Assessment" stereotype="CCLibrary"/>
      <properties author="National eDAIS Coordination Office" version="2.3.0r2"/>
      <notes/>
    </xs:documentation>
  </xs:annotation>
  <xs:element name="AdditionalInformation" type="da:AdditionalInformation"/>
  <xs:complexType name="AdditionalInformation">
    <xs:annotation>
      <xs:documentation>
        <artefact id="7E934A23_E08F_4d55_9A19_BF9EBD84014B" name="AdditionalInformation" stereotype="ACC"/>
        <properties author="National eDAIS Coordination Office" version="2.3.0r2"/>
        <notes>Any supporting documentation from the applicant subsequent to the initial application.</notes>
      </xs:documentation>
    </xs:annotation>
    <xs:sequence>
      <xs:element name="Attachment" type="da:Attachment" minOccurs="0" maxOccurs="unbounded"/>
      <xs:element name="Comments" type="cdt:TextType" minOccurs="0" maxOccurs="unbounded"/>
      <xs:element name="DueDate" type="cdt:DateTimeType" minOccurs="0"/>
      <xs:element name="Identification" type="cdt:IdentifierType"/>
      <xs:element name="Purpose" type="cdt:TextType" minOccurs="0" maxOccurs="unbounded"/>
      <xs:element name="ReceivedDate" type="cdt:DateTimeType" minOccurs="0"/>
      <xs:element name="RequestedDate" type="cdt:DateTimeType" minOccurs="0"/>
      <xs:element name="RequestingAuthorityPartyRole" type="da:PartyRole" minOccurs="0" maxOccurs="unbounded"/>
      <xs:element name="ResponsiblePartyRole" type="da:PartyRole" minOccurs="0" maxOccurs="unbounded"/>
      <xs:element name="Status" type="cdt:CodeType" minOccurs="0"/>
    </xs:sequence>
    <xs:attribute name="ref" type="xs:string" use="optional"/>
  </xs:complexType>
  <xs:element name="Appeal" type="da:Appeal"/>
  <xs:complexType name="Appeal">
    <xs:annotation>
      <xs:documentation>
        <artefact id="F3C11FF0_9904_4ff0_BF47_17CE86DB550F" name="Appeal" stereotype="ACC"/>
        <properties author="National eDAIS Coordination Office" version="2.3.0r2"/>
        <notes>A review of a development assessment decision or statutory failure to make a decision by an independent jurisdiction.</notes>
      </xs:documentation>
    </xs:annotation>
    <xs:sequence>
      <xs:element name="AppealDate" type="cdt:DateTimeType"/>
      <xs:element name="AppealDecisionDate" type="cdt:DateTimeType" minOccurs="0"/>
      <xs:element name="AppealReference" type="cdt:IdentifierType"/>
      <xs:element name="Comments" type="cdt:TextType" minOccurs="0" maxOccurs="unbounded"/>
      <xs:element name="Condition" type="da:Condition" minOccurs="0" maxOccurs="unbounded"/>
      <xs:element name="Outcome" type="cdt:CodeType" minOccurs="0"/>
      <xs:element name="PartyRole" type="da:PartyRole" maxOccurs="unbounded"/>
      <xs:element name="Type" type="cdt:CodeType" maxOccurs="unbounded"/>
    </xs:sequence>
    <xs:attribute name="ref" type="xs:string" use="optional"/>
  </xs:complexType>
  <xs:element name="Application" type="da:Application"/>
  <xs:complexType name="Application">
    <xs:annotation>
      <xs:documentation>
        <artefact id="C5BECEC0_075F_4826_8321_EFA5ACAABC1F" name="Application" stereotype="ACC"/>
        <properties author="National eDAIS Coordination Office" version="2.3.0r2"/>
        <notes>The documentation lodged pursuant to planning and development legislation which commences development assessment processes (which may include modification to or finalisation of previous processes/applications).</notes>
      </xs:documentation>
    </xs:annotation>
    <xs:sequence>
      <xs:element name="AdditionalInformation" type="da:AdditionalInformation" minOccurs="0" maxOccurs="unbounded"/>
      <xs:element name="Appeal" type="da:Appeal" minOccurs="0" maxOccurs="unbounded"/>
      <xs:element name="ApplicationNumber" type="cdt:IdentifierType"/>
      <xs:element name="Assessment" type="da:Assessment" minOccurs="0" maxOccurs="unbounded"/>
      <xs:element name="Attachment" type="da:Attachment" minOccurs="0" maxOccurs="unbounded"/>
      <xs:element name="Authorisation" type="da:Authorisation" minOccurs="0" maxOccurs="unbounded"/>
      <xs:element name="Comments" type="cdt:TextType" minOccurs="0" maxOccurs="unbounded"/>
      <xs:element name="CreatedDate" type="cdt:DateTimeType" minOccurs="0"/>
      <xs:element name="Determination" type="da:Determination" minOccurs="0" maxOccurs="unbounded"/>
      <xs:element name="Event" type="da:Event" minOccurs="0" maxOccurs="unbounded"/>
      <xs:element name="FeeOrLevy" type="da:FeeOrLevy" minOccurs="0" maxOccurs="unbounded"/>
      <xs:element name="LastUpdated" type="cdt:DateTimeType" minOccurs="0"/>
      <xs:element name="LodgementDate" type="cdt:DateTimeType" minOccurs="0"/>
      <xs:element name="NationalApplicationNumber" type="cdt:IdentifierType" minOccurs="0"/>
      <xs:element name="PartyRole" type="da:PartyRole" minOccurs="0" maxOccurs="unbounded"/>
      <xs:element name="Payment" type="da:Payment" minOccurs="0" maxOccurs="unbounded"/>
      <xs:element name="PublicInspection" type="da:PublicInspection" minOccurs="0" maxOccurs="unbounded"/>
      <xs:element name="PublicNotificationObligation" type="da:PublicNotificationObligation" minOccurs="0" maxOccurs="unbounded"/>
      <xs:element name="ReasonDetails" type="da:ReasonDetails" minOccurs="0" maxOccurs="unbounded"/>
      <xs:element name="ReferencedApplication" type="da:ReferencedApplication" minOccurs="0" maxOccurs="unbounded"/>
      <xs:element name="ReferralObligation" type="da:ReferralObligation" minOccurs="0" maxOccurs="unbounded"/>
      <xs:element name="Status" type="cdt:CodeType" minOccurs="0"/>
      <xs:element name="SubjectLand" type="da:SubjectLand" minOccurs="0" maxOccurs="unbounded"/>
    </xs:sequence>
    <xs:attribute name="ref" type="xs:string" use="optional"/>
  </xs:complexType>
  <xs:element name="Assessment" type="da:Assessment"/>
  <xs:complexType name="Assessment">
    <xs:annotation>
      <xs:documentation>
        <artefact id="EC970BCC_0935_458b_B0BB_41B71EC70883" name="Assessment" stereotype="ACC"/>
        <properties author="National eDAIS Coordination Office" version="2.3.0r2"/>
        <notes>Details of an evaluation of the application.</notes>
      </xs:documentation>
    </xs:annotation>
    <xs:sequence>
      <xs:element name="AssessmentIssue" type="da:AssessmentIssue" minOccurs="0" maxOccurs="unbounded"/>
      <xs:element name="Attachment" type="da:Attachment" minOccurs="0" maxOccurs="unbounded"/>
      <xs:element name="ComplianceWithPlan" type="cdt:TextType" minOccurs="0"/>
      <xs:element name="Effort" type="cdt:TextType" minOccurs="0"/>
      <xs:element name="PartyRole" type="da:PartyRole" minOccurs="0" maxOccurs="unbounded"/>
    </xs:sequence>
    <xs:attribute name="ref" type="xs:string" use="optional"/>
  </xs:complexType>
  <xs:element name="AssessmentIssue" type="da:AssessmentIssue"/>
  <xs:complexType name="AssessmentIssue">
    <xs:annotation>
      <xs:documentation>
        <artefact id="DAD3A939_FA25_4cc3_8352_8F1659D45066" name="AssessmentIssue" stereotype="ACC"/>
        <properties author="National eDAIS Coordination Office" version="2.3.0r2"/>
        <notes>Details of a specific issue in relation to the assessment of an application.</notes>
      </xs:documentation>
    </xs:annotation>
    <xs:sequence>
      <xs:element name="AdvisedDate" type="cdt:DateTimeType" minOccurs="0"/>
      <xs:element name="Comments" type="cdt:TextType" minOccurs="0" maxOccurs="unbounded"/>
      <xs:element name="Description" type="cdt:TextType"/>
      <xs:element name="Identification" type="cdt:IdentifierType"/>
      <xs:element name="ReportingPartyRole" type="da:PartyRole"/>
      <xs:element name="ResponsiblePartyRole" type="da:PartyRole"/>
    </xs:sequence>
    <xs:attribute name="ref" type="xs:string" use="optional"/>
  </xs:complexType>
  <xs:element name="Attachment" type="da:Attachment"/>
  <xs:complexType name="Attachment">
    <xs:annotation>
      <xs:documentation>
        <artefact id="832A014B_0690_43f2_9C64_3C4BBB00C60D" name="Attachment" stereotype="ACC"/>
        <properties author="National eDAIS Coordination Office" version="2.3.0r2"/>
        <notes>A document or other material provided as part of the development assessment process, including details of the document metadata, as well as the actual document/material itself.</notes>
      </xs:documentation>
    </xs:annotation>
    <xs:sequence>
      <xs:element name="Contributor" type="cdt:TextType" minOccurs="0" maxOccurs="unbounded"/>
      <xs:element name="Coverage" type="cdt:TextType" minOccurs="0" maxOccurs="unbounded"/>
      <xs:element name="Creator" type="cdt:TextType" minOccurs="0" maxOccurs="unbounded"/>
      <xs:element name="Date" type="cdt:DateTimeType" minOccurs="0"/>
      <xs:element name="Description" type="cdt:TextType" minOccurs="0" maxOccurs="unbounded"/>
      <xs:element name="Format" type="cdt:TextType" minOccurs="0"/>
      <xs:element name="Identification" type="cdt:IdentifierType"/>
      <xs:element name="Language" type="cdt:TextType" minOccurs="0" maxOccurs="unbounded"/>
      <xs:element name="Publisher" type="cdt:TextType" minOccurs="0" maxOccurs="unbounded"/>
      <xs:element name="Relation" type="cdt:TextType" minOccurs="0" maxOccurs="unbounded"/>
      <xs:element name="Rights" type="cdt:TextType" minOccurs="0" maxOccurs="unbounded"/>
      <xs:element name="Size" type="cdt:MeasureType" minOccurs="0"/>
      <xs:element name="Source" type="cdt:TextType" minOccurs="0" maxOccurs="unbounded"/>
      <xs:element name="Subject" type="cdt:TextType" minOccurs="0"/>
      <xs:element name="Title" type="cdt:TextType" minOccurs="0"/>
      <xs:element name="Type" type="cdt:TextType" minOccurs="0"/>
      <xs:element name="Version" type="cdt:TextType" minOccurs="0"/>
      <xs:choice>
        <xs:element name="Attachment" type="cdt:BinaryObjectType" minOccurs="0"/>
        <xs:element name="URI" type="xs:anyURI" minOccurs="0"/>
      </xs:choice>
    </xs:sequence>
    <xs:attribute name="ref" type="xs:string" use="optional"/>
  </xs:complexType>
  <xs:element name="Authorisation" type="da:Authorisation"/>
  <xs:complexType name="Authorisation">
    <xs:annotation>
      <xs:documentation>
        <artefact id="E848BA1E_8259_422b_90CF_E49A948413F6" name="Authorisation" stereotype="ACC"/>
        <properties author="National eDAIS Coordination Office" version="2.3.0r2"/>
        <notes>Records the fact of the authorisation given by a party (typically the Applicant) to the application being lodged and processed. A graphical representation of a signature can be attached to the authorisation if so required (using the Attachment element, associated with this element).  The Authorisation element can also relate to a Party Role element, indicating the person who is providing the authorisation.</notes>
      </xs:documentation>
    </xs:annotation>
    <xs:sequence>
      <xs:element name="Attachment" type="da:Attachment" minOccurs="0" maxOccurs="unbounded"/>
      <xs:element name="Date" type="cdt:DateTimeType" minOccurs="0"/>
      <xs:element name="PartyRole" type="da:PartyRole" maxOccurs="unbounded"/>
      <xs:element name="Type" type="cdt:CodeType" minOccurs="0"/>
    </xs:sequence>
    <xs:attribute name="ref" type="xs:string" use="optional"/>
  </xs:complexType>
  <xs:element name="Condition" type="da:Condition"/>
  <xs:complexType name="Condition">
    <xs:annotation>
      <xs:documentation>
        <artefact id="8375BC5D_0E41_40cb_8C2F_995EC8E9CF8B" name="Condition" stereotype="ACC"/>
        <properties author="National eDAIS Coordination Office" version="2.3.0r2"/>
        <notes>Records any conditions applied to a development application pursuant to relevant legislation.</notes>
      </xs:documentation>
    </xs:annotation>
    <xs:sequence>
      <xs:element name="Classification" type="cdt:CodeType"/>
      <xs:element name="ConditionReference" type="cdt:IdentifierType" minOccurs="0"/>
      <xs:element name="Detail" type="cdt:TextType" minOccurs="0"/>
      <xs:element name="Identification" type="cdt:IdentifierType"/>
      <xs:element name="Type" type="cdt:CodeType" minOccurs="0"/>
    </xs:sequence>
    <xs:attribute name="ref" type="xs:string" use="optional"/>
  </xs:complexType>
  <xs:element name="Determination" type="da:Determination"/>
  <xs:complexType name="Determination">
    <xs:annotation>
      <xs:documentation>
        <artefact id="D19C6C2B_7075_4441_BF34_6815C0D21A05" name="Determination" stereotype="ACC"/>
        <properties author="National eDAIS Coordination Office" version="2.3.0r2"/>
        <notes>The decision made by an authority on the application issued to the applicant (typically by the consent authority).</notes>
      </xs:documentation>
    </xs:annotation>
    <xs:sequence>
      <xs:element name="Attachment" type="da:Attachment" minOccurs="0" maxOccurs="unbounded"/>
      <xs:element name="Comments" type="cdt:TextType" minOccurs="0" maxOccurs="unbounded"/>
      <xs:element name="Condition" type="da:Condition" minOccurs="0" maxOccurs="unbounded"/>
      <xs:element name="DeterminationDate" type="cdt:DateTimeType" minOccurs="0"/>
      <xs:element name="Identification" type="cdt:IdentifierType"/>
      <xs:element name="PartyRole" type="da:PartyRole" maxOccurs="unbounded"/>
      <xs:element name="Period" type="naa:Period" minOccurs="0" maxOccurs="unbounded"/>
      <xs:element name="SystemRecordedDate" type="cdt:DateTimeType" minOccurs="0"/>
      <xs:element name="Type" type="cdt:CodeType" minOccurs="0"/>
    </xs:sequence>
    <xs:attribute name="ref" type="xs:string" use="optional"/>
  </xs:complexType>
  <xs:element name="Event" type="da:Event"/>
  <xs:complexType name="Event">
    <xs:annotation>
      <xs:documentation>
        <artefact id="EE5FA6D4_FC1C_4dab_A750_AF5C27037C8E" name="Event" stereotype="ACC"/>
        <properties author="National eDAIS Coordination Office" version="2.3.0r2"/>
        <notes>Any recordable action associated with applications.  Can also be characterised as a significant occurrence or happening related to an object, process, or person.</notes>
      </xs:documentation>
    </xs:annotation>
    <xs:sequence>
      <xs:element name="DateTime" type="cdt:DateTimeType"/>
      <xs:element name="Description" type="cdt:TextType" minOccurs="0"/>
      <xs:element name="EventCode" type="cdt:CodeType"/>
      <xs:element name="Period" type="naa:Period" minOccurs="0" maxOccurs="unbounded"/>
    </xs:sequence>
    <xs:attribute name="ref" type="xs:string" use="optional"/>
  </xs:complexType>
  <xs:element name="FeeOrLevy" type="da:FeeOrLevy"/>
  <xs:complexType name="FeeOrLevy">
    <xs:annotation>
      <xs:documentation>
        <artefact id="665FF0BB_6AFB_4507_B60F_BF2DE5BA7261" name="FeeOrLevy" stereotype="ACC"/>
        <properties author="National eDAIS Coordination Office" version="2.3.0r2"/>
        <notes>Details of the fees to be paid or levies which have been raised, together with links to details of payment of fees and levies (including refunds/waivers).</notes>
      </xs:documentation>
    </xs:annotation>
    <xs:sequence>
      <xs:element name="DateDue" type="cdt:DateTimeType" minOccurs="0"/>
      <xs:element name="Description" type="cdt:TextType" minOccurs="0"/>
      <xs:element name="Identification" type="cdt:IdentifierType"/>
      <xs:element name="Payment" type="da:Payment" minOccurs="0" maxOccurs="unbounded"/>
      <xs:element name="ValuePayable" type="cdt:AmountType"/>
    </xs:sequence>
    <xs:attribute name="ref" type="xs:string" use="optional"/>
  </xs:complexType>
  <xs:element name="PartyRole" type="da:PartyRole"/>
  <xs:complexType name="PartyRole">
    <xs:annotation>
      <xs:documentation>
        <artefact id="DB2FBD85_BB58_42b2_922D_542589FB6220" name="PartyRole" stereotype="ACC"/>
        <properties author="National eDAIS Coordination Office" version="2.3.0r2"/>
        <notes>The role that an individual party (being, for instance,  an applicant, a consent authority, a referral agency, an officer (of an authority or an agency), a representative of the applicant, etc) plays with respect to the processing of an application (throughout the life of the application), allowing the linking of various aspects of processing of the application between the application itself and the party involved in that processing.</notes>
      </xs:documentation>
    </xs:annotation>
    <xs:sequence>
      <xs:element name="DateTime" type="cdt:DateTimeType" minOccurs="0"/>
      <xs:element name="Party" type="naa:Party" maxOccurs="unbounded"/>
      <xs:element name="Type" type="cdt:CodeType" minOccurs="0"/>
    </xs:sequence>
    <xs:attribute name="ref" type="xs:string" use="optional"/>
  </xs:complexType>
  <xs:element name="Payment" type="da:Payment"/>
  <xs:complexType name="Payment">
    <xs:annotation>
      <xs:documentation>
        <artefact id="2F91C01C_6941_49fe_BEE0_B1BD37A098D9" name="Payment" stereotype="ACC"/>
        <properties author="National eDAIS Coordination Office" version="2.3.0r2"/>
        <notes>Details of payments which have been made against fees or levies raised in connection with processing an application.</notes>
      </xs:documentation>
    </xs:annotation>
    <xs:sequence>
      <xs:element name="AmountPaid" type="cdt:AmountType"/>
      <xs:element name="CreationDate" type="cdt:DateTimeType"/>
      <xs:element name="DatePaid" type="cdt:DateTimeType"/>
      <xs:element name="DiscountPercent" type="cdt:NumericType" minOccurs="0"/>
      <xs:element name="Identification" type="cdt:IdentifierType"/>
      <xs:element name="InstructionCode" type="cdt:TextType" minOccurs="0"/>
      <xs:element name="PayeeName" type="cdt:TextType" minOccurs="0"/>
      <xs:element name="PaymentMethod" type="cdt:CodeType" minOccurs="0"/>
      <xs:element name="PenaltyPercent" type="cdt:NumericType" minOccurs="0"/>
      <xs:element name="PriorityCode" type="cdt:TextType" minOccurs="0"/>
      <xs:element name="ReasonCode" type="cdt:TextType" minOccurs="0"/>
      <xs:element name="ReceiptNumber" type="cdt:TextType" minOccurs="0"/>
      <xs:element name="StatusCode" type="cdt:TextType" minOccurs="0"/>
      <xs:element name="TaxAmount" type="cdt:AmountType" minOccurs="0"/>
      <xs:element name="TaxInvoiceNumber" type="cdt:TextType" minOccurs="0"/>
    </xs:sequence>
    <xs:attribute name="ref" type="xs:string" use="optional"/>
  </xs:complexType>
  <xs:element name="PublicInspection" type="da:PublicInspection"/>
  <xs:complexType name="PublicInspection">
    <xs:annotation>
      <xs:documentation>
        <artefact id="043A38E6_BA44_44bb_82DD_843D4A2B62C3" name="PublicInspection" stereotype="ACC"/>
        <properties author="National eDAIS Coordination Office" version="2.3.0r2"/>
        <notes>Identifies whether the application is open or closed to public inspection.</notes>
      </xs:documentation>
    </xs:annotation>
    <xs:sequence>
      <xs:element name="Indicator" type="cdt:CodeType"/>
    </xs:sequence>
    <xs:attribute name="ref" type="xs:string" use="optional"/>
  </xs:complexType>
  <xs:element name="PublicNotificationObligation" type="da:PublicNotificationObligation"/>
  <xs:complexType name="PublicNotificationObligation">
    <xs:annotation>
      <xs:documentation>
        <artefact id="782FC725_DD45_4b6c_8DB2_B0A9E00F8AC6" name="PublicNotificationObligation" stereotype="ACC"/>
        <properties author="National eDAIS Coordination Office" version="2.3.0r2"/>
        <notes>An agreement to provide information with respect to a public notification.</notes>
      </xs:documentation>
    </xs:annotation>
    <xs:sequence>
      <xs:element name="Attachment" type="da:Attachment" minOccurs="0" maxOccurs="unbounded"/>
      <xs:element name="ComplianceDate" type="cdt:DateTimeType" minOccurs="0"/>
      <xs:element name="Description" type="cdt:TextType" minOccurs="0"/>
      <xs:element name="Identification" type="cdt:IdentifierType"/>
      <xs:element name="PartyRole" type="da:PartyRole" minOccurs="0" maxOccurs="unbounded"/>
      <xs:element name="Period" type="naa:Period" minOccurs="0" maxOccurs="unbounded"/>
      <xs:element name="PublicOpinion" type="da:PublicOpinion" minOccurs="0" maxOccurs="unbounded"/>
      <xs:element name="Type" type="cdt:CodeType"/>
    </xs:sequence>
    <xs:attribute name="ref" type="xs:string" use="optional"/>
  </xs:complexType>
  <xs:element name="PublicOpinion" type="da:PublicOpinion"/>
  <xs:complexType name="PublicOpinion">
    <xs:annotation>
      <xs:documentation>
        <artefact id="81B83549_D610_4ad1_A2F6_34807F1AE0E9" name="PublicOpinion" stereotype="ACC"/>
        <properties author="National eDAIS Coordination Office" version="2.3.0r2"/>
        <notes>Formal public comment relating to the application.</notes>
      </xs:documentation>
    </xs:annotation>
    <xs:sequence>
      <xs:element name="Attachment" type="da:Attachment" minOccurs="0" maxOccurs="unbounded"/>
      <xs:element name="Comments" type="cdt:TextType" minOccurs="0"/>
      <xs:element name="Reported" type="cdt:DateTimeType"/>
    </xs:sequence>
    <xs:attribute name="ref" type="xs:string" use="optional"/>
  </xs:complexType>
  <xs:element name="ReasonDetails" type="da:ReasonDetails"/>
  <xs:complexType name="ReasonDetails">
    <xs:annotation>
      <xs:documentation>
        <artefact id="6CFE14A7_9AEC_459a_B153_AD541ED684C2" name="ReasonDetails" stereotype="ACC"/>
        <properties author="National eDAIS Coordination Office" version="2.3.0r2"/>
        <notes>Contains details related to a response on a business transaction.  Typically used for reject or accept with condition reasons.</notes>
      </xs:documentation>
    </xs:annotation>
    <xs:sequence>
      <xs:element name="DateTime" type="cdt:DateTimeType" minOccurs="0"/>
      <xs:element name="Description" type="cdt:TextType" minOccurs="0"/>
      <xs:element name="ReasonCode" type="cdt:CodeType"/>
      <xs:element name="ReasonText" type="cdt:TextType" minOccurs="0" maxOccurs="unbounded"/>
    </xs:sequence>
    <xs:attribute name="ref" type="xs:string" use="optional"/>
  </xs:complexType>
  <xs:element name="ReferencedApplication" type="da:ReferencedApplication"/>
  <xs:complexType name="ReferencedApplication">
    <xs:annotation>
      <xs:documentation>
        <artefact id="93684EDB_CF18_4b97_8C48_D3E344CE5F7D" name="ReferencedApplication" stereotype="ACC"/>
        <properties author="National eDAIS Coordination Office" version="2.3.0r2"/>
        <notes>A reference to an application already in existence (being an application number as the reference).</notes>
      </xs:documentation>
    </xs:annotation>
    <xs:sequence>
      <xs:element name="ApplicationNumber" type="cdt:IdentifierType"/>
      <xs:element name="Type" type="cdt:CodeType" minOccurs="0"/>
    </xs:sequence>
    <xs:attribute name="ref" type="xs:string" use="optional"/>
  </xs:complexType>
  <xs:element name="ReferralObligation" type="da:ReferralObligation"/>
  <xs:complexType name="ReferralObligation">
    <xs:annotation>
      <xs:documentation>
        <artefact id="FB5E5BFF_7E2E_48a1_B517_31EF29F8EE7A" name="ReferralObligation" stereotype="ACC"/>
        <properties author="National eDAIS Coordination Office" version="2.3.0r2"/>
        <notes>An agreement (both binding and non-binding) to provide a response (to a referral).</notes>
      </xs:documentation>
    </xs:annotation>
    <xs:sequence>
      <xs:element name="Classification" type="cdt:CodeType" minOccurs="0"/>
      <xs:element name="ComplianceDate" type="cdt:DateTimeType" minOccurs="0"/>
      <xs:element name="Description" type="cdt:TextType" minOccurs="0" maxOccurs="unbounded"/>
      <xs:element name="Identification" type="cdt:IdentifierType"/>
      <xs:element name="Period" type="naa:Period" minOccurs="0" maxOccurs="unbounded"/>
      <xs:element name="ReferralAuthorityPartyRole" type="da:PartyRole" minOccurs="0" maxOccurs="unbounded"/>
      <xs:element name="ReferralResponse" type="da:ReferralResponse" minOccurs="0" maxOccurs="unbounded"/>
      <xs:element name="ReferrerPartyRole" type="da:PartyRole" minOccurs="0" maxOccurs="unbounded"/>
      <xs:element name="Type" type="cdt:CodeType" minOccurs="0"/>
    </xs:sequence>
    <xs:attribute name="ref" type="xs:string" use="optional"/>
  </xs:complexType>
  <xs:element name="ReferralResponse" type="da:ReferralResponse"/>
  <xs:complexType name="ReferralResponse">
    <xs:annotation>
      <xs:documentation>
        <artefact id="16BFABB8_914C_4a4a_9D42_AB1E9C226764" name="ReferralResponse" stereotype="ACC"/>
        <properties author="National eDAIS Coordination Office" version="2.3.0r2"/>
        <notes>A response, either a direction (binding) or advice (non-binding), from a referral authority, to be taken into account in the assessment and determination of an application.</notes>
      </xs:documentation>
    </xs:annotation>
    <xs:sequence>
      <xs:element name="Attachment" type="da:Attachment" minOccurs="0" maxOccurs="unbounded"/>
      <xs:element name="Comments" type="cdt:TextType" minOccurs="0" maxOccurs="unbounded"/>
      <xs:element name="Condition" type="da:Condition" minOccurs="0" maxOccurs="unbounded"/>
      <xs:element name="ResponseDate" type="cdt:DateTimeType"/>
      <xs:element name="Type" type="cdt:CodeType"/>
    </xs:sequence>
    <xs:attribute name="ref" type="xs:string" use="optional"/>
  </xs:complexType>
  <xs:element name="SubjectLand" type="da:SubjectLand"/>
  <xs:complexType name="SubjectLand">
    <xs:annotation>
      <xs:documentation>
        <artefact id="47C4740B_11B8_49b6_92C9_6FA19CA9EB26" name="SubjectLand" stereotype="ACC"/>
        <properties author="National eDAIS Coordination Office" version="2.3.0r2"/>
        <notes>Subject land is the joining element to reference ePLAN elements associated with the application.</notes>
      </xs:documentation>
    </xs:annotation>
    <xs:sequence>
      <xs:element name="Address" type="naa:Address" minOccurs="0"/>
      <xs:element name="Attachment" type="da:Attachment" minOccurs="0"/>
      <xs:element name="Comments" type="cdt:TextType" minOccurs="0" maxOccurs="unbounded"/>
      <xs:element name="Document" type="lab:Document" minOccurs="0"/>
      <xs:element name="Parcel" type="lab:Parcel" minOccurs="0"/>
    </xs:sequence>
    <xs:attribute name="ref" type="xs:string" use="optional"/>
  </xs:complexType>
</xs:schema>]]></con:content><con:type>http://www.w3.org/2001/XMLSchema</con:type></con:part><con:part><con:url>file:\C:\Users\hunter\dev\Buildaform%20-%20EHC\src\Buildaform.eDAIS\biv\lab.data.2.3.0r2.xsd</con:url><con:content><![CDATA[<xs:schema targetNamespace="http://xml.gov.au/edais/core/lab.data.2.3.0r2" elementFormDefault="qualified" attributeFormDefault="unqualified" version="2.3.0r2" xmlns:cdt="http://xml.gov.au/edais/dt/qdt/cdt.type.2.3.0r2" xmlns:lab="http://xml.gov.au/edais/core/lab.data.2.3.0r2" xmlns:xs="http://www.w3.org/2001/XMLSchema">
  <xs:import namespace="http://xml.gov.au/edais/dt/qdt/cdt.type.2.3.0r2" schemaLocation="cdt.type.2.3.0r2.xsd"/>
  <xs:annotation>
    <xs:documentation>
      <artefact id="1C1BDB25_5A34_4f43_B734_7C938F34ED69" name="Land and Building" stereotype="CCLibrary"/>
      <properties author="National eDAIS Coordination Office" version="2.3.0r2"/>
      <notes/>
    </xs:documentation>
  </xs:annotation>
  <xs:element name="AdministrativeArea" type="lab:AdministrativeArea"/>
  <xs:complexType name="AdministrativeArea">
    <xs:annotation>
      <xs:documentation>
        <artefact id="4317A19F_37F6_4bfd_9363_1BEFC3C1F88A" name="AdministrativeArea" stereotype="ACC"/>
        <properties author="National eDAIS Coordination Office" version="2.3.0r2"/>
        <notes>Defines the administrative area(s) associated with a survey plan, representing such concepts as Locality, Parish, County, Local Government, Local Authority, etc in general terms, and can represent other more specific area concepts such as Beach protection zones, etc.</notes>
      </xs:documentation>
    </xs:annotation>
    <xs:sequence>
      <xs:element name="AdminAreaCode" type="cdt:CodeType" minOccurs="0"/>
      <xs:element name="AdminAreaName" type="cdt:TextType"/>
      <xs:element name="AdminAreaType" type="cdt:CodeType"/>
    </xs:sequence>
    <xs:attribute name="ref" type="xs:string" use="optional"/>
  </xs:complexType>
  <xs:element name="Annotation" type="lab:Annotation"/>
  <xs:complexType name="Annotation">
    <xs:annotation>
      <xs:documentation>
        <artefact id="9E88199A_ABEF_4337_8759_1F52D5141B03" name="Annotation" stereotype="ACC"/>
        <properties author="National eDAIS Coordination Office" version="2.3.0r2"/>
        <notes>A descriptive string (text) used to describe an action on the survey (e.g. "Road to be opened", "Area to be excised").</notes>
      </xs:documentation>
    </xs:annotation>
    <xs:sequence>
      <xs:element name="Desc" type="cdt:TextType" minOccurs="0"/>
      <xs:element name="Name" type="cdt:TextType"/>
      <xs:element name="Type" type="cdt:CodeType"/>
    </xs:sequence>
    <xs:attribute name="ref" type="xs:string" use="optional"/>
  </xs:complexType>
  <xs:element name="CoordinateSystem" type="lab:CoordinateSystem"/>
  <xs:complexType name="CoordinateSystem">
    <xs:annotation>
      <xs:documentation>
        <artefact id="94364AED_115E_431e_A293_00BB969F42DC" name="CoordinateSystem" stereotype="ACC"/>
        <properties author="National eDAIS Coordination Office" version="2.3.0r2"/>
        <notes>Identifies the coordinate system used to define the survey.</notes>
      </xs:documentation>
    </xs:annotation>
    <xs:sequence>
      <xs:element name="Description" type="cdt:TextType" minOccurs="0"/>
      <xs:element name="HorizontalDatumName" type="cdt:CodeType"/>
      <xs:element name="VerticalDatumName" type="cdt:CodeType" minOccurs="0"/>
    </xs:sequence>
    <xs:attribute name="ref" type="xs:string" use="optional"/>
  </xs:complexType>
  <xs:element name="Document" type="lab:Document"/>
  <xs:complexType name="Document">
    <xs:annotation>
      <xs:documentation>
        <artefact id="819608AB_CF66_4b20_BF7C_2E1FC311BECB" name="Document" stereotype="ACC"/>
        <properties author="National eDAIS Coordination Office" version="2.3.0r2"/>
        <notes>A document used in relation to defining a survey plan.  In the first instance, generally simply describes the survey plan itself (hence the Document No. equates to a Plan No.), and thus has a one-to-one relationship with Survey Document, but has been identified to allow additional documents (or document types) to be described in relation to (survey) plans.</notes>
      </xs:documentation>
    </xs:annotation>
    <xs:sequence>
      <xs:element name="DocumentNo" type="cdt:IdentifierType"/>
      <xs:element name="DocumentStatus" type="cdt:CodeType" minOccurs="0"/>
      <xs:element name="Jurisdiction" type="cdt:CodeType"/>
      <xs:element name="SubmissionDate" type="cdt:DateTimeType" minOccurs="0"/>
      <xs:element name="SurveyDocument" type="lab:SurveyDocument"/>
      <xs:element name="VersionDate" type="cdt:DateTimeType" minOccurs="0"/>
      <xs:element name="VersionNumber" type="cdt:NumericType" minOccurs="0"/>
    </xs:sequence>
    <xs:attribute name="ref" type="xs:string" use="optional"/>
  </xs:complexType>
  <xs:element name="Encroachment" type="lab:Encroachment"/>
  <xs:complexType name="Encroachment">
    <xs:annotation>
      <xs:documentation>
        <artefact id="9751DECB_8CBA_4039_9699_FEBBB57A9210" name="Encroachment" stereotype="ACC"/>
        <properties author="National eDAIS Coordination Office" version="2.3.0r2"/>
        <notes>Identifies the improvement which encroaches on its neighbour.  This element contains a 3dpoint list which describes the extent of the encroachment.</notes>
      </xs:documentation>
    </xs:annotation>
    <xs:sequence>
      <xs:element name="Desc" type="cdt:TextType" minOccurs="0"/>
      <xs:element name="Name" type="cdt:TextType"/>
      <xs:element name="PointList" type="cdt:TextType" minOccurs="0"/>
      <xs:element name="Type" type="cdt:CodeType" minOccurs="0"/>
    </xs:sequence>
    <xs:attribute name="ref" type="xs:string" use="optional"/>
  </xs:complexType>
  <xs:element name="ExclusionAreas" type="lab:ExclusionAreas"/>
  <xs:complexType name="ExclusionAreas">
    <xs:annotation>
      <xs:documentation>
        <artefact id="9ACFBDA0_E519_4997_A4D3_C08733916793" name="ExclusionAreas" stereotype="ACC"/>
        <properties author="National eDAIS Coordination Office" version="2.3.0r2"/>
        <notes>Some parcels have exclusions from its area, either specified (such as an internal road, or an included lot). or as an area excluded from the title but is spatially un-described (i.e. Reserved Areas).  Most jurisdictions have a defined list of exclusions.</notes>
      </xs:documentation>
    </xs:annotation>
    <xs:sequence>
      <xs:element name="Area" type="cdt:NumericType"/>
      <xs:element name="ExclusionType" type="cdt:CodeType"/>
      <xs:element name="Pclref" type="cdt:TextType"/>
    </xs:sequence>
    <xs:attribute name="ref" type="xs:string" use="optional"/>
  </xs:complexType>
  <xs:element name="Line" type="lab:Line"/>
  <xs:complexType name="Line">
    <xs:annotation>
      <xs:documentation>
        <artefact id="56945329_03C9_4753_ACC5_69B9A8DD4DDB" name="Line" stereotype="ACC"/>
        <properties author="National eDAIS Coordination Office" version="2.3.0r2"/>
        <notes>Defines the properties of a Line in a coordinate Geometry collection.  The Start and End points define the line.  This is related to the Line Element in LandXML.  This model (as does LandXML) make a distinction between a line (which joins two points) and a observation.  In this model, a line could have several observations, e.g. mean terrain height or spheroidal distance.  Further, this model allows for an observation between points which are not part of a survey polygon, e.g. a connection to a reference mark or to a control station.</notes>
      </xs:documentation>
    </xs:annotation>
    <xs:sequence>
      <xs:element name="Desc" type="cdt:TextType" minOccurs="0"/>
      <xs:element name="Dir" type="cdt:NumericType" minOccurs="0"/>
      <xs:element name="Length" type="cdt:MeasureType" minOccurs="0"/>
      <xs:element name="Name" type="cdt:TextType"/>
      <xs:element name="Note" type="cdt:TextType" minOccurs="0" maxOccurs="unbounded"/>
      <xs:element name="OID" type="cdt:IdentifierType"/>
      <xs:element name="PointList" type="cdt:TextType" minOccurs="0"/>
      <xs:element name="Radius" type="cdt:NumericType" minOccurs="0"/>
      <xs:element name="Rot" type="cdt:TextType" minOccurs="0"/>
      <xs:element name="Source" type="cdt:TextType" minOccurs="0"/>
      <xs:element name="State" type="cdt:CodeType"/>
    </xs:sequence>
    <xs:attribute name="ref" type="xs:string" use="optional"/>
  </xs:complexType>
  <xs:element name="Parcel" type="lab:Parcel"/>
  <xs:complexType name="Parcel">
    <xs:annotation>
      <xs:documentation>
        <artefact id="ED6743A6_39E4_416a_94F7_2E1FBA3E44F7" name="Parcel" stereotype="ACC"/>
        <properties author="National eDAIS Coordination Office" version="2.3.0r2"/>
        <notes>A parcel is the unit over which a single interest can be created.  A parcel may have a specific parcel type (for example, in Queensland the parcel over which an indefeasible title can be issued is called a lot).  A parcel can be made up of a number of sub parcels; each sub parcel must be a closed figure (but the superordinate parcel may consist of non-contiguous subordinate parcels).  The total area of a parcel is the sum of the areas of the sub parcels. For example a parcel (lot) on a Building Format Plan (Stratum Plan) may have several parts on different floors in the complex, i.e. a car park, a balcony and the main unit. The parcel class holds the non-geometric elements relating to a parcel.  The term parcel here has a different meaning to the parcel in the Harmonised Data Model.  In the HDM a parcel refers to a cadastral lot for which a title can be issued.  This model uses a much broader definition of parcel in that it is a polygon (or volumetric figure) for which a right or obligation (or some other consistent definition) can be defined.  It includes base cadastral lots as well as easements and secondary interests.  This package models the administrative and metadata information about parcels, with the term parcel meaning a polygon created for some administrative purpose.  Most of these classes map to the parcel class in LandXML except for specialise elements for volumetric and Stratum parcels.  These classes map to the HDM class of PrivateLawObjects of Parcel, Easement, Secondary Interest, Road Reserve and Reserve. The other part of a parcel is that it has an "is related to" association.  This relationship assists in defining and structuring:  (i) If a parcel is made up of several parts (i.e. stratum lot over serveral floors); )ii) Creating historical associations and allocations, to bring forward existing title encumbrances, rights and obligations; (iii) Creating historical linkages to link parcels to their ancestors (as in historical survey searching or native title investigations); (iv) Linking an admistrative area to cadastral polygons, which represent parcels, allowing the allocation of new parcels to existing administrative areas, e.g. allocation of areas to local governments for rating purposes.  This is accomplished by using an embedded Parcels/Parcel relationship to show the relationship between existing parcels and those parcels being created.</notes>
      </xs:documentation>
    </xs:annotation>
    <xs:sequence>
      <xs:element name="BuildingLevelNo" type="cdt:TextType" minOccurs="0"/>
      <xs:element name="BuildingNo" type="cdt:TextType" minOccurs="0"/>
      <xs:element name="Classification" type="cdt:CodeType"/>
      <xs:element name="Desc" type="cdt:TextType" minOccurs="0"/>
      <xs:element name="Encroachment" type="lab:Encroachment" minOccurs="0"/>
      <xs:element name="ExclusionAreas" type="lab:ExclusionAreas" minOccurs="0" maxOccurs="unbounded"/>
      <xs:element name="Name" type="cdt:TextType" minOccurs="0"/>
      <xs:element name="Note" type="cdt:TextType" minOccurs="0" maxOccurs="unbounded"/>
      <xs:element name="OID" type="cdt:IdentifierType" minOccurs="0"/>
      <xs:element name="Parcel" type="lab:Parcel" minOccurs="0" maxOccurs="unbounded"/>
      <xs:element name="ParcelFormat" type="cdt:CodeType" minOccurs="0"/>
      <xs:element name="Polygon" type="lab:Polygon" minOccurs="0"/>
      <xs:element name="SchemeLand" type="lab:SchemeLand" minOccurs="0"/>
      <xs:element name="State" type="cdt:CodeType" minOccurs="0"/>
      <xs:element name="TitleReference" type="lab:TitleReference" minOccurs="0" maxOccurs="unbounded"/>
      <xs:element name="UseOfParcel" type="cdt:CodeType" minOccurs="0" maxOccurs="unbounded"/>
      <xs:element name="Volume" type="cdt:NumericType" minOccurs="0"/>
    </xs:sequence>
    <xs:attribute name="ref" type="xs:string" use="optional"/>
  </xs:complexType>
  <xs:element name="Polygon" type="lab:Polygon"/>
  <xs:complexType name="Polygon">
    <xs:annotation>
      <xs:documentation>
        <artefact id="B5AE4B85_DE26_44d8_B1FA_B88020DA6912" name="Polygon" stereotype="ACC"/>
        <properties author="National eDAIS Coordination Office" version="2.3.0r2"/>
        <notes>A Polygon is a closed figure that can be made up of 2 or more lines (which may be either Regular Lines, Curves or Irregular lines).  A parcel only needs to be defined by a Polygon if the survey needs to be spatially dealt with by the survey i.e. as a created or cancelled parcel.  Some parcels may not require to be spatial defined for the purpose of the survey, specifically where the parcel is defining an administrative area etc.  These elements are mapped to the LandXML Coordinate Geometry elements.  This element maps to the HDM Survey Polygon element.</notes>
      </xs:documentation>
    </xs:annotation>
    <xs:sequence>
      <xs:element name="Centroid" type="cdt:TextType" minOccurs="0"/>
      <xs:element name="Desc" type="cdt:TextType" minOccurs="0"/>
      <xs:element name="Line" type="lab:Line" minOccurs="2" maxOccurs="unbounded"/>
      <xs:element name="Name" type="cdt:TextType"/>
      <xs:element name="OID" type="cdt:IdentifierType"/>
      <xs:element name="State" type="cdt:CodeType" minOccurs="0"/>
    </xs:sequence>
    <xs:attribute name="ref" type="xs:string" use="optional"/>
  </xs:complexType>
  <xs:element name="SchemeLand" type="lab:SchemeLand"/>
  <xs:complexType name="SchemeLand">
    <xs:annotation>
      <xs:documentation>
        <artefact id="38003730_D1CD_480b_95BC_8A200E10A307" name="SchemeLand" stereotype="ACC"/>
        <properties author="National eDAIS Coordination Office" version="2.3.0r2"/>
        <notes>The recording of special attributes relating to the apportionment of rights and obligations of the Body Corporate.</notes>
      </xs:documentation>
    </xs:annotation>
    <xs:sequence>
      <xs:element name="LiabilityApportionment" type="cdt:TextType" minOccurs="0"/>
      <xs:element name="LotEntitlements" type="cdt:TextType" minOccurs="0"/>
    </xs:sequence>
    <xs:attribute name="ref" type="xs:string" use="optional"/>
  </xs:complexType>
  <xs:element name="Survey" type="lab:Survey"/>
  <xs:complexType name="Survey">
    <xs:annotation>
      <xs:documentation>
        <artefact id="12CAE0AB_976D_4a82_A3D2_3A3001DF1378" name="Survey" stereotype="ACC"/>
        <properties author="National eDAIS Coordination Office" version="2.3.0r2"/>
        <notes>The generic survey data.  The survey description is the standard form for a description of what the survey is achieving.</notes>
      </xs:documentation>
    </xs:annotation>
    <xs:sequence>
      <xs:element name="CoordinateSystem" type="lab:CoordinateSystem"/>
      <xs:element name="FieldNoteFlag" type="cdt:IndicatorType" minOccurs="0"/>
      <xs:element name="FieldNoteReference" type="cdt:TextType" minOccurs="0" maxOccurs="unbounded"/>
      <xs:element name="FieldReport" type="cdt:TextType" minOccurs="0" maxOccurs="unbounded"/>
      <xs:element name="FileReference" type="cdt:TextType" minOccurs="0"/>
      <xs:element name="Parcel" type="lab:Parcel" minOccurs="0" maxOccurs="unbounded"/>
      <xs:element name="PurposeOfSurvey" type="cdt:CodeType" minOccurs="0" maxOccurs="unbounded"/>
      <xs:element name="SurveyCancDesc" type="cdt:TextType" minOccurs="0"/>
      <xs:element name="SurveyDesc" type="cdt:TextType" minOccurs="0"/>
      <xs:element name="SurveyPoint" type="lab:SurveyPoint" minOccurs="0" maxOccurs="unbounded"/>
      <xs:element name="SurveyType" type="cdt:CodeType" minOccurs="0"/>
    </xs:sequence>
    <xs:attribute name="ref" type="xs:string" use="optional"/>
  </xs:complexType>
  <xs:element name="SurveyDocument" type="lab:SurveyDocument"/>
  <xs:complexType name="SurveyDocument">
    <xs:annotation>
      <xs:documentation>
        <artefact id="588E9BBE_894F_498d_8497_E911A83622C1" name="SurveyDocument" stereotype="ACC"/>
        <properties author="National eDAIS Coordination Office" version="2.3.0r2"/>
        <notes>This class contains the administrative and textual data associated with the metadata of the plan and the administrative actions displayed on the plan.</notes>
      </xs:documentation>
    </xs:annotation>
    <xs:sequence>
      <xs:element name="AdministrativeArea" type="lab:AdministrativeArea" minOccurs="0" maxOccurs="unbounded"/>
      <xs:element name="AdministrativeDate" type="cdt:CodeType" minOccurs="0" maxOccurs="unbounded"/>
      <xs:element name="Annotation" type="lab:Annotation" minOccurs="0" maxOccurs="unbounded"/>
      <xs:element name="HeadOfPower" type="cdt:CodeType" minOccurs="0"/>
      <xs:element name="Note" type="cdt:TextType" minOccurs="0" maxOccurs="unbounded"/>
      <xs:element name="Status" type="cdt:CodeType" minOccurs="0"/>
      <xs:element name="Survey" type="lab:Survey" maxOccurs="unbounded"/>
      <xs:element name="SurveyFormat" type="cdt:CodeType" minOccurs="0"/>
    </xs:sequence>
    <xs:attribute name="ref" type="xs:string" use="optional"/>
  </xs:complexType>
  <xs:element name="SurveyPoint" type="lab:SurveyPoint"/>
  <xs:complexType name="SurveyPoint">
    <xs:annotation>
      <xs:documentation>
        <artefact id="5F2D5756_8A9B_481c_9DEB_1164B27E7631" name="SurveyPoint" stereotype="ACC"/>
        <properties author="National eDAIS Coordination Office" version="2.3.0r2"/>
        <notes>The survey nodes within the file.  A node is any point of interest in the Survey and may relate to Boundary Points, Traverse Point or Reference Mark. A Permanent Survey Mark is also a Node.
This element maps to the LandXML Element of cgpoint.  This element also maps to the ICSM HDM Element of Survey Point.</notes>
      </xs:documentation>
    </xs:annotation>
    <xs:sequence>
      <xs:element name="Code" type="cdt:CodeType" minOccurs="0"/>
      <xs:element name="Desc" type="cdt:TextType" minOccurs="0"/>
      <xs:element name="Line" type="lab:Line" minOccurs="2" maxOccurs="2"/>
      <xs:element name="Name" type="cdt:TextType"/>
      <xs:element name="OID" type="cdt:IdentifierType"/>
      <xs:element name="PntSurv" type="cdt:TextType" minOccurs="0"/>
      <xs:element name="Role" type="cdt:TextType" minOccurs="0"/>
      <xs:element name="State" type="cdt:CodeType" minOccurs="0"/>
      <xs:element name="SurveyOrder" type="cdt:NumericType" minOccurs="0"/>
      <xs:element name="ThreeDPoint" type="cdt:TextType" minOccurs="0"/>
      <xs:element name="TwoDPoint" type="cdt:TextType" minOccurs="0"/>
      <xs:element name="ZoneNumber" type="cdt:NumericType" minOccurs="0"/>
    </xs:sequence>
    <xs:attribute name="ref" type="xs:string" use="optional"/>
  </xs:complexType>
  <xs:element name="TitleReference" type="lab:TitleReference"/>
  <xs:complexType name="TitleReference">
    <xs:annotation>
      <xs:documentation>
        <artefact id="31C40EBC_6C4B_4c83_A36D_F7BF1C7D9C4A" name="TitleReference" stereotype="ACC"/>
        <properties author="National eDAIS Coordination Office" version="2.3.0r2"/>
        <notes>The references to Titles relevant to a parcel.  A parcel may have several interests created by different documents which will need to be dealt with.  For example, a lot may have several Certificates of Title and some mortgages which will need to be allocated to new parcels, and thus, from a definitional perspective, each of the title details must be known.  This model uses a simple textual description of the Title, consistent with the LIXI/NECSDS standards but not using those standards at this stage.</notes>
      </xs:documentation>
    </xs:annotation>
    <xs:sequence>
      <xs:element name="Name" type="cdt:TextType"/>
      <xs:element name="TitleType" type="cdt:CodeType"/>
    </xs:sequence>
    <xs:attribute name="ref" type="xs:string" use="optional"/>
  </xs:complexType>
  <xs:element name="Volume" type="lab:Volume"/>
  <xs:complexType name="Volume">
    <xs:annotation>
      <xs:documentation>
        <artefact id="68A383D7_C6F5_4df3_B235_D096EFB94F80" name="Volume" stereotype="ACC"/>
        <properties author="National eDAIS Coordination Office" version="2.3.0r2"/>
        <notes>A cubic space made up of polygons, which are its faces.  Where the parcel being defined is a volumetric lot then the volume must be specifically defined by its faces.  These faces are regular or irregular polygons.</notes>
      </xs:documentation>
    </xs:annotation>
    <xs:sequence>
      <xs:element name="Centroid" type="cdt:TextType" minOccurs="0"/>
      <xs:element name="Desc" type="cdt:TextType" minOccurs="0"/>
      <xs:element name="Name" type="cdt:TextType"/>
      <xs:element name="OID" type="cdt:IdentifierType"/>
      <xs:element name="Polygon" type="lab:Polygon" minOccurs="0" maxOccurs="2"/>
      <xs:element name="State" type="cdt:CodeType" minOccurs="0"/>
    </xs:sequence>
    <xs:attribute name="ref" type="xs:string" use="optional"/>
  </xs:complexType>
</xs:schema>]]></con:content><con:type>http://www.w3.org/2001/XMLSchema</con:type></con:part><con:part><con:url>file:\C:\Users\hunter\dev\Buildaform%20-%20EHC\src\Buildaform.eDAIS\biv\cdt.type.2.3.0r2.xsd</con:url><con:content><![CDATA[<xs:schema targetNamespace="http://xml.gov.au/edais/dt/qdt/cdt.type.2.3.0r2" elementFormDefault="qualified" attributeFormDefault="unqualified" version="2.3.0r2" xmlns:cdt="http://xml.gov.au/edais/dt/qdt/cdt.type.2.3.0r2" xmlns:xs="http://www.w3.org/2001/XMLSchema">
  <xs:annotation>
    <xs:documentation>
      <artefact id="715EEBAF_0487_4102_8FB6_99B007FA2A55" name="Core Data Types" stereotype="QDTLibrary"/>
      <properties author="National eDAIS Coordination Office" version="2.3.0r2"/>
      <notes/>
    </xs:documentation>
  </xs:annotation>
  <xs:simpleType name="Amount">
    <xs:restriction base="xs:decimal"/>
  </xs:simpleType>
  <xs:complexType name="AmountType">
    <xs:annotation>
      <xs:documentation>
        <artefact id="78D75814_387B_4c1c_8CC7_7CF2917BE8AD" name="Amount" stereotype="QDT"/>
        <properties author="National eDAIS Coordination Office" version="2.3.0r2"/>
        <notes>Supports the ability to provide a currency code with an amount value.</notes>
      </xs:documentation>
    </xs:annotation>
    <xs:simpleContent>
      <xs:extension base="cdt:Amount">
        <xs:attribute name="CurrencyCode" type="xs:string" use="optional">
          <xs:annotation>
            <xs:documentation>
              <artefact id="2520B32D_D2FB_4e16_85C2_7C746AAAABD7" name="CurrencyCode" stereotype="SUP"/>
              <notes>The currency code for the associated amount value.</notes>
            </xs:documentation>
          </xs:annotation>
        </xs:attribute>
      </xs:extension>
    </xs:simpleContent>
  </xs:complexType>
  <xs:simpleType name="BinaryObject">
    <xs:restriction base="xs:base64Binary"/>
  </xs:simpleType>
  <xs:complexType name="BinaryObjectType">
    <xs:annotation>
      <xs:documentation>
        <artefact id="0D0802BF_6C49_479c_B4A2_D77DDB98D4F0" name="BinaryObject" stereotype="QDT"/>
        <properties author="National eDAIS Coordination Office" version="2.3.0r2"/>
        <notes>A primitive date value with formatting attached.</notes>
      </xs:documentation>
    </xs:annotation>
    <xs:simpleContent>
      <xs:extension base="cdt:BinaryObject">
        <xs:attribute name="Format" type="xs:string" use="optional">
          <xs:annotation>
            <xs:documentation>
              <artefact id="0AAB9EFE_BE57_408a_9ED8_32C715304AB3" name="Format" stereotype="SUP"/>
              <notes/>
            </xs:documentation>
          </xs:annotation>
        </xs:attribute>
        <xs:attribute name="MimeCode" type="xs:string" use="optional">
          <xs:annotation>
            <xs:documentation>
              <artefact id="12907CC9_C55B_44d9_8DE8_57E61A6B5F12" name="MimeCode" stereotype="SUP"/>
              <notes/>
            </xs:documentation>
          </xs:annotation>
        </xs:attribute>
        <xs:attribute name="CharacterSetCode" type="xs:string" use="optional">
          <xs:annotation>
            <xs:documentation>
              <artefact id="88A2CF18_8BAE_472a_A7AB_571FCC93ACD2" name="CharacterSetCode" stereotype="SUP"/>
              <notes/>
            </xs:documentation>
          </xs:annotation>
        </xs:attribute>
        <xs:attribute name="EncodingCode" type="xs:string" use="optional">
          <xs:annotation>
            <xs:documentation>
              <artefact id="3E0A6400_3632_48a0_A1AC_6B195BC04C80" name="EncodingCode" stereotype="SUP"/>
              <notes/>
            </xs:documentation>
          </xs:annotation>
        </xs:attribute>
        <xs:attribute name="UniformResourceIdentifier" type="xs:string" use="optional">
          <xs:annotation>
            <xs:documentation>
              <artefact id="11C595B6_DE72_42e9_907E_97F4ADE06415" name="UniformResourceIdentifier" stereotype="SUP"/>
              <notes/>
            </xs:documentation>
          </xs:annotation>
        </xs:attribute>
        <xs:attribute name="Filename" type="xs:string" use="optional">
          <xs:annotation>
            <xs:documentation>
              <artefact id="5203A659_E468_47e5_AF3A_994F18D7F88B" name="Filename" stereotype="SUP"/>
              <notes/>
            </xs:documentation>
          </xs:annotation>
        </xs:attribute>
      </xs:extension>
    </xs:simpleContent>
  </xs:complexType>
  <xs:simpleType name="Code">
    <xs:restriction base="xs:string"/>
  </xs:simpleType>
  <xs:complexType name="CodeType">
    <xs:annotation>
      <xs:documentation>
        <artefact id="F1259AB4_7AAD_412f_8C29_60825CD05A11" name="Code" stereotype="QDT"/>
        <properties author="National eDAIS Coordination Office" version="2.3.0r2"/>
        <notes>A generic qualified data type which is used to define a placeholder where a more qualified code list driven data type could potentially be used, but can not as yet be defined.</notes>
      </xs:documentation>
    </xs:annotation>
    <xs:simpleContent>
      <xs:extension base="cdt:Code">
        <xs:attribute name="codeName" type="xs:string" use="optional">
          <xs:annotation>
            <xs:documentation>
              <artefact id="D16BEB62_1C24_40f0_8AE2_BC8FD8DC6B38" name="codeName" stereotype="SUP"/>
              <notes>A textual representation of the content value.  Useful for providing an expanded version of a code (i.e. for AU content, you could provide Australia in its CodeName attribute).</notes>
            </xs:documentation>
          </xs:annotation>
        </xs:attribute>
        <xs:attribute name="codeListURI" type="xs:string" use="optional">
          <xs:annotation>
            <xs:documentation>
              <artefact id="652AF8C4_8FF8_4371_9869_C4193066AA29" name="codeListURI" stereotype="SUP"/>
              <notes>The URI of this content's codelist.</notes>
            </xs:documentation>
          </xs:annotation>
        </xs:attribute>
        <xs:attribute name="codeListAgency" type="xs:string" use="optional">
          <xs:annotation>
            <xs:documentation>
              <artefact id="E5FF3F30_0C8C_4e20_A403_062F75C95046" name="codeListAgency" stereotype="SUP"/>
              <notes>The name of the agency that is responsible for maintaining this content's codelist.</notes>
            </xs:documentation>
          </xs:annotation>
        </xs:attribute>
        <xs:attribute name="codeListName" type="xs:string" use="optional">
          <xs:annotation>
            <xs:documentation>
              <artefact id="367C529E_4B44_4ffb_BF9B_2AF2D0296DEC" name="codeListName" stereotype="SUP"/>
              <notes>The name of the code list the content is taken from.</notes>
            </xs:documentation>
          </xs:annotation>
        </xs:attribute>
        <xs:attribute name="codeListVersion" type="xs:string" use="optional">
          <xs:annotation>
            <xs:documentation>
              <artefact id="278DBAE2_DC71_4def_87FA_C2A77563D4E8" name="codeListVersion" stereotype="SUP"/>
              <notes>The unique version of this content's codelist.</notes>
            </xs:documentation>
          </xs:annotation>
        </xs:attribute>
      </xs:extension>
    </xs:simpleContent>
  </xs:complexType>
  <xs:simpleType name="Date">
    <xs:restriction base="xs:date"/>
  </xs:simpleType>
  <xs:complexType name="DateType">
    <xs:annotation>
      <xs:documentation>
        <artefact id="590FD531_CB2F_4ff7_B387_D5C06AC755F3" name="Date" stereotype="QDT"/>
        <properties author="National eDAIS Coordination Office" version="2.3.0r2"/>
        <notes>A primitive date value with formatting attached.</notes>
      </xs:documentation>
    </xs:annotation>
    <xs:simpleContent>
      <xs:extension base="cdt:Date">
        <xs:attribute name="Format" type="xs:string" use="optional">
          <xs:annotation>
            <xs:documentation>
              <artefact id="70D5118F_3891_4a8f_BAEC_B7505FFCF268" name="Format" stereotype="SUP"/>
              <notes/>
            </xs:documentation>
          </xs:annotation>
        </xs:attribute>
      </xs:extension>
    </xs:simpleContent>
  </xs:complexType>
  <xs:simpleType name="DateTime">
    <xs:restriction base="xs:dateTime"/>
  </xs:simpleType>
  <xs:complexType name="DateTimeType">
    <xs:annotation>
      <xs:documentation>
        <artefact id="087C437F_E2A9_42e8_8A50_1C5822C18E50" name="DateTime" stereotype="QDT"/>
        <properties author="National eDAIS Coordination Office" version="2.3.0r2"/>
        <notes>A primitive datetime value with formatting attached.</notes>
      </xs:documentation>
    </xs:annotation>
    <xs:simpleContent>
      <xs:extension base="cdt:DateTime">
        <xs:attribute name="Format" type="xs:string" use="optional">
          <xs:annotation>
            <xs:documentation>
              <artefact id="3FCCEE37_0980_4891_921D_330BCADB1B7F" name="Format" stereotype="SUP"/>
              <notes>The format of the datestring using ISO 8601 date format strings.</notes>
            </xs:documentation>
          </xs:annotation>
        </xs:attribute>
      </xs:extension>
    </xs:simpleContent>
  </xs:complexType>
  <xs:simpleType name="Identifier">
    <xs:restriction base="xs:string"/>
  </xs:simpleType>
  <xs:complexType name="IdentifierType">
    <xs:annotation>
      <xs:documentation>
        <artefact id="05B497C8_A833_4621_8066_A7AABC5D3614" name="Identifier" stereotype="QDT"/>
        <properties author="National eDAIS Coordination Office" version="2.3.0r2"/>
        <notes>A data type that optionally provides extra information surrounding an identifier value.</notes>
      </xs:documentation>
    </xs:annotation>
    <xs:simpleContent>
      <xs:extension base="cdt:Identifier">
        <xs:attribute name="identificationSchemeName" type="xs:string" use="optional">
          <xs:annotation>
            <xs:documentation>
              <artefact id="01E276AA_F2BB_4097_83C9_FE669B935CEF" name="identificationSchemeName" stereotype="SUP"/>
              <notes>The name of the identification scheme.</notes>
            </xs:documentation>
          </xs:annotation>
        </xs:attribute>
        <xs:attribute name="identificationSchemeURI" type="xs:string" use="optional">
          <xs:annotation>
            <xs:documentation>
              <artefact id="3A593286_0E8E_4f65_8F6D_2A78637D7906" name="identificationSchemeURI" stereotype="SUP"/>
              <notes>The URI where this identification scheme is located.</notes>
            </xs:documentation>
          </xs:annotation>
        </xs:attribute>
        <xs:attribute name="identificationSchemeVersion" type="xs:string" use="optional">
          <xs:annotation>
            <xs:documentation>
              <artefact id="33747EF9_BB9F_454d_8BA5_026B1058B3AC" name="identificationSchemeVersion" stereotype="SUP"/>
              <notes>The version of the identification scheme.</notes>
            </xs:documentation>
          </xs:annotation>
        </xs:attribute>
        <xs:attribute name="identificationSchemeAgency" type="xs:string" use="optional">
          <xs:annotation>
            <xs:documentation>
              <artefact id="BC159E14_9BB9_4b2b_80E0_453B43E4D039" name="identificationSchemeAgency" stereotype="SUP"/>
              <notes>The name of the agency that maintains the identification scheme.</notes>
            </xs:documentation>
          </xs:annotation>
        </xs:attribute>
      </xs:extension>
    </xs:simpleContent>
  </xs:complexType>
  <xs:simpleType name="Indicator">
    <xs:restriction base="xs:boolean"/>
  </xs:simpleType>
  <xs:complexType name="IndicatorType">
    <xs:annotation>
      <xs:documentation>
        <artefact id="F18406F8_4226_4f54_B5D4_3C3BECAFDBF5" name="Indicator" stereotype="QDT"/>
        <properties author="National eDAIS Coordination Office" version="2.3.0r2"/>
        <notes>A primitive date value with formatting attached.</notes>
      </xs:documentation>
    </xs:annotation>
    <xs:simpleContent>
      <xs:extension base="cdt:Indicator">
        <xs:attribute name="Format" type="xs:string" use="optional">
          <xs:annotation>
            <xs:documentation>
              <artefact id="EB197999_A471_486b_8847_38B676DA3C22" name="Format" stereotype="SUP"/>
              <notes/>
            </xs:documentation>
          </xs:annotation>
        </xs:attribute>
      </xs:extension>
    </xs:simpleContent>
  </xs:complexType>
  <xs:simpleType name="Measure">
    <xs:restriction base="xs:decimal"/>
  </xs:simpleType>
  <xs:complexType name="MeasureType">
    <xs:annotation>
      <xs:documentation>
        <artefact id="C2C9873D_8A3B_4aec_8270_52C3629B2463" name="Measure" stereotype="QDT"/>
        <properties author="National eDAIS Coordination Office" version="2.3.0r2"/>
        <notes>A decimal value with attached measure unit code.</notes>
      </xs:documentation>
    </xs:annotation>
    <xs:simpleContent>
      <xs:extension base="cdt:Measure">
        <xs:attribute name="UnitCode" type="xs:string" use="optional">
          <xs:annotation>
            <xs:documentation>
              <artefact id="FFB7737F_E21E_4321_A496_0B2A1EFC94DB" name="UnitCode" stereotype="SUP"/>
              <notes/>
            </xs:documentation>
          </xs:annotation>
        </xs:attribute>
      </xs:extension>
    </xs:simpleContent>
  </xs:complexType>
  <xs:simpleType name="Numeric">
    <xs:restriction base="xs:decimal"/>
  </xs:simpleType>
  <xs:complexType name="NumericType">
    <xs:annotation>
      <xs:documentation>
        <artefact id="F0FB87DC_CED1_4719_8785_AADBFCE2DBBF" name="Numeric" stereotype="QDT"/>
        <properties author="National eDAIS Coordination Office" version="2.3.0r2"/>
        <notes>A decimal value with attached formatting.</notes>
      </xs:documentation>
    </xs:annotation>
    <xs:simpleContent>
      <xs:extension base="cdt:Numeric">
        <xs:attribute name="Format" type="xs:string" use="optional">
          <xs:annotation>
            <xs:documentation>
              <artefact id="516BBE7C_9EBE_475a_8CC8_5EA654B95C17" name="Format" stereotype="SUP"/>
              <notes>The format of the number.</notes>
            </xs:documentation>
          </xs:annotation>
        </xs:attribute>
      </xs:extension>
    </xs:simpleContent>
  </xs:complexType>
  <xs:simpleType name="Text">
    <xs:restriction base="xs:string"/>
  </xs:simpleType>
  <xs:complexType name="TextType">
    <xs:annotation>
      <xs:documentation>
        <artefact id="47B1ABD8_F9AF_4aa5_904E_5D3B181D6478" name="Text" stereotype="QDT"/>
        <properties author="National eDAIS Coordination Office" version="2.3.0r2"/>
        <notes>This data type defines a primitive xsd:string type providing extra language and locale information.</notes>
      </xs:documentation>
    </xs:annotation>
    <xs:simpleContent>
      <xs:extension base="cdt:Text">
        <xs:attribute name="LanguageIdentifier" type="xs:string" use="optional">
          <xs:annotation>
            <xs:documentation>
              <artefact id="AFEA919C_1900_4b90_83EF_1F0A6D6D73E9" name="LanguageIdentifier" stereotype="SUP"/>
              <notes>The identifier of the language used in this content.</notes>
            </xs:documentation>
          </xs:annotation>
        </xs:attribute>
        <xs:attribute name="LanguageLocaleIdentifier" type="xs:string" use="optional">
          <xs:annotation>
            <xs:documentation>
              <artefact id="9E745210_3D7A_417b_B5E0_778E8FE00331" name="LanguageLocaleIdentifier" stereotype="SUP"/>
              <notes>The identification of the locale of the language.</notes>
            </xs:documentation>
          </xs:annotation>
        </xs:attribute>
      </xs:extension>
    </xs:simpleContent>
  </xs:complexType>
  <xs:simpleType name="Time">
    <xs:restriction base="xs:time"/>
  </xs:simpleType>
  <xs:complexType name="TimeType">
    <xs:annotation>
      <xs:documentation>
        <artefact id="A514DB2D_BEFA_418d_9639_6786C19A1AB1" name="Time" stereotype="QDT"/>
        <properties author="National eDAIS Coordination Office" version="2.3.0r2"/>
        <notes>A primitive time value with formatting.</notes>
      </xs:documentation>
    </xs:annotation>
    <xs:simpleContent>
      <xs:extension base="cdt:Time">
        <xs:attribute name="Format" type="xs:string" use="optional">
          <xs:annotation>
            <xs:documentation>
              <artefact id="098515DC_F7C1_495c_A2C8_63FFD47B39B6" name="Format" stereotype="SUP"/>
              <notes/>
            </xs:documentation>
          </xs:annotation>
        </xs:attribute>
      </xs:extension>
    </xs:simpleContent>
  </xs:complexType>
</xs:schema>]]></con:content><con:type>http://www.w3.org/2001/XMLSchema</con:type></con:part><con:part><con:url>file:\C:\Users\hunter\dev\Buildaform%20-%20EHC\src\Buildaform.eDAIS\biv\naa.data.2.3.0r2.xsd</con:url><con:content><![CDATA[<xs:schema targetNamespace="http://xml.gov.au/edais/core/naa.data.2.3.0r2" elementFormDefault="qualified" attributeFormDefault="unqualified" version="2.3.0r2" xmlns:cdt="http://xml.gov.au/edais/dt/qdt/cdt.type.2.3.0r2" xmlns:naa="http://xml.gov.au/edais/core/naa.data.2.3.0r2" xmlns:xs="http://www.w3.org/2001/XMLSchema">
  <xs:import namespace="http://xml.gov.au/edais/dt/qdt/cdt.type.2.3.0r2" schemaLocation="cdt.type.2.3.0r2.xsd"/>
  <xs:annotation>
    <xs:documentation>
      <artefact id="31687661_C584_48af_A957_791BF364253C" name="Name and Address" stereotype="CCLibrary"/>
      <properties author="National eDAIS Coordination Office" version="2.3.0r2"/>
      <notes/>
    </xs:documentation>
  </xs:annotation>
  <xs:element name="Address" type="naa:Address"/>
  <xs:complexType name="Address">
    <xs:annotation>
      <xs:documentation>
        <artefact id="F3D8F141_ED6B_4f58_A48C_1DA00FE8E138" name="Address" stereotype="ACC"/>
        <properties author="National eDAIS Coordination Office" version="2.3.0r2"/>
        <notes>The location at which a particular organisation or person may be found or reached.</notes>
      </xs:documentation>
    </xs:annotation>
    <xs:sequence>
      <xs:element name="Address" type="naa:Address" minOccurs="0" maxOccurs="unbounded"/>
      <xs:element name="BlockName" type="cdt:TextType" minOccurs="0"/>
      <xs:element name="BuildingName" type="cdt:TextType" minOccurs="0"/>
      <xs:element name="BuildingNumber" type="cdt:TextType" minOccurs="0"/>
      <xs:element name="CityName" type="cdt:TextType" minOccurs="0"/>
      <xs:element name="Code" type="cdt:CodeType" minOccurs="0"/>
      <xs:element name="CountryName" type="cdt:CodeType" minOccurs="0"/>
      <xs:element name="CountrySubDivision" type="cdt:CodeType" minOccurs="0"/>
      <xs:element name="Geocode" type="naa:Geocode" minOccurs="0" maxOccurs="unbounded"/>
      <xs:element name="Identification" type="cdt:IdentifierType"/>
      <xs:element name="LineFive" type="cdt:TextType" minOccurs="0"/>
      <xs:element name="LineFour" type="cdt:TextType" minOccurs="0"/>
      <xs:element name="LineOne" type="cdt:TextType" minOccurs="0"/>
      <xs:element name="LineSix" type="cdt:TextType" minOccurs="0"/>
      <xs:element name="LineThree" type="cdt:TextType" minOccurs="0"/>
      <xs:element name="LineTwo" type="cdt:TextType" minOccurs="0"/>
      <xs:element name="PostOfficeBox" type="cdt:TextType" minOccurs="0"/>
      <xs:element name="Postcode" type="cdt:TextType" minOccurs="0"/>
      <xs:element name="StreetName" type="cdt:TextType" minOccurs="0"/>
      <xs:element name="StreetSuffix" type="cdt:CodeType" minOccurs="0"/>
      <xs:element name="StreetType" type="cdt:CodeType" minOccurs="0"/>
      <xs:element name="Usage" type="cdt:CodeType" minOccurs="0"/>
      <xs:element name="UsagePeriod" type="naa:Period" minOccurs="0"/>
    </xs:sequence>
    <xs:attribute name="ref" type="xs:string" use="optional"/>
  </xs:complexType>
  <xs:element name="Contact" type="naa:Contact"/>
  <xs:complexType name="Contact">
    <xs:annotation>
      <xs:documentation>
        <artefact id="2D18EB74_E7B2_4719_9CA3_D11B68FB49A6" name="Contact" stereotype="ACC"/>
        <properties author="National eDAIS Coordination Office" version="2.3.0r2"/>
        <notes>A person or department that acts as a point of contact with another person or department.</notes>
      </xs:documentation>
    </xs:annotation>
    <xs:sequence>
      <xs:element name="DepartmentName" type="cdt:TextType" minOccurs="0"/>
      <xs:element name="Description" type="cdt:TextType" minOccurs="0"/>
      <xs:element name="Identification" type="cdt:IdentifierType"/>
      <xs:element name="Internet" type="naa:Internet" minOccurs="0" maxOccurs="unbounded"/>
      <xs:element name="IsPrimary" type="cdt:IndicatorType" minOccurs="0"/>
      <xs:element name="JobTitle" type="cdt:TextType" minOccurs="0"/>
      <xs:element name="PersonName" type="naa:PersonName" minOccurs="0"/>
      <xs:element name="Responsibility" type="cdt:TextType" minOccurs="0"/>
      <xs:element name="Telephone" type="naa:Telephone" minOccurs="0" maxOccurs="unbounded"/>
      <xs:element name="Type" type="cdt:CodeType" minOccurs="0"/>
    </xs:sequence>
    <xs:attribute name="ref" type="xs:string" use="optional"/>
  </xs:complexType>
  <xs:element name="Geocode" type="naa:Geocode"/>
  <xs:complexType name="Geocode">
    <xs:annotation>
      <xs:documentation>
        <artefact id="1D99F9CA_5C9B_4559_A8A4_6B2F713D4C53" name="Geocode" stereotype="ACC"/>
        <properties author="National eDAIS Coordination Office" version="2.3.0r2"/>
        <notes>A set of geographical coordinates of a specific point such as the longitude, latitude and altitude.</notes>
      </xs:documentation>
    </xs:annotation>
    <xs:sequence>
      <xs:element name="AltimetricSystem" type="cdt:CodeType" minOccurs="0"/>
      <xs:element name="Altitude" type="cdt:NumericType" minOccurs="0"/>
      <xs:element name="Identification" type="cdt:IdentifierType"/>
      <xs:element name="Latitude" type="cdt:NumericType"/>
      <xs:element name="LatitudeDirection" type="cdt:CodeType" minOccurs="0"/>
      <xs:element name="Longitude" type="cdt:NumericType"/>
      <xs:element name="LongitudeDirection" type="cdt:CodeType" minOccurs="0"/>
      <xs:element name="System" type="cdt:CodeType" minOccurs="0"/>
    </xs:sequence>
    <xs:attribute name="ref" type="xs:string" use="optional"/>
  </xs:complexType>
  <xs:element name="Internet" type="naa:Internet"/>
  <xs:complexType name="Internet">
    <xs:annotation>
      <xs:documentation>
        <artefact id="2933DCD1_43F7_4e42_882A_05DD7A23D25A" name="Internet" stereotype="ACC"/>
        <properties author="National eDAIS Coordination Office" version="2.3.0r2"/>
        <notes>Details for internet based communication.</notes>
      </xs:documentation>
    </xs:annotation>
    <xs:sequence>
      <xs:element name="Type" type="cdt:CodeType"/>
      <xs:element name="URI" type="xs:anyURI"/>
    </xs:sequence>
    <xs:attribute name="ref" type="xs:string" use="optional"/>
  </xs:complexType>
  <xs:element name="Organisation" type="naa:Organisation"/>
  <xs:complexType name="Organisation">
    <xs:annotation>
      <xs:documentation>
        <artefact id="A9FA3A77_64E3_450b_BDDF_4070DDEEF6DB" name="Organisation" stereotype="ACC"/>
        <properties author="National eDAIS Coordination Office" version="2.3.0r2"/>
        <notes>An organised structure set up for a particular purpose, such as a business, government body, department, charity, or financial institution.</notes>
      </xs:documentation>
    </xs:annotation>
    <xs:sequence>
      <xs:element name="Contact" type="naa:Contact" minOccurs="0" maxOccurs="unbounded"/>
      <xs:element name="Description" type="cdt:TextType" minOccurs="0"/>
      <xs:element name="Identification" type="cdt:IdentifierType"/>
      <xs:element name="IndustryClassification" type="cdt:CodeType" minOccurs="0"/>
      <xs:element name="Internet" type="naa:Internet" minOccurs="0" maxOccurs="unbounded"/>
      <xs:element name="IsActive" type="cdt:IndicatorType" minOccurs="0"/>
      <xs:element name="LegalClassification" type="cdt:CodeType" minOccurs="0"/>
      <xs:element name="Organisation" type="naa:Organisation" minOccurs="0" maxOccurs="unbounded"/>
      <xs:element name="OrganisationName" type="naa:OrganisationName" maxOccurs="unbounded"/>
      <xs:element name="PhysicalAddress" type="naa:Address" minOccurs="0" maxOccurs="unbounded"/>
      <xs:element name="PostalAddress" type="naa:Address" minOccurs="0" maxOccurs="unbounded"/>
      <xs:element name="Registration" type="naa:Registration" minOccurs="0" maxOccurs="unbounded"/>
      <xs:element name="Status" type="naa:Status" minOccurs="0" maxOccurs="unbounded"/>
      <xs:element name="Telephone" type="naa:Telephone" minOccurs="0" maxOccurs="unbounded"/>
      <xs:element name="Type" type="cdt:CodeType" minOccurs="0"/>
    </xs:sequence>
    <xs:attribute name="ref" type="xs:string" use="optional"/>
  </xs:complexType>
  <xs:element name="OrganisationName" type="naa:OrganisationName"/>
  <xs:complexType name="OrganisationName">
    <xs:annotation>
      <xs:documentation>
        <artefact id="A0534378_5545_45ff_8A28_B797EC457A5A" name="OrganisationName" stereotype="ACC"/>
        <properties author="National eDAIS Coordination Office" version="2.3.0r2"/>
        <notes>The name(s) by which an organisation may be known.</notes>
      </xs:documentation>
    </xs:annotation>
    <xs:sequence>
      <xs:element name="Classification" type="cdt:CodeType"/>
      <xs:element name="Name" type="cdt:TextType"/>
      <xs:element name="ValidityPeriod" type="naa:Period" minOccurs="0"/>
    </xs:sequence>
    <xs:attribute name="ref" type="xs:string" use="optional"/>
  </xs:complexType>
  <xs:element name="Party" type="naa:Party"/>
  <xs:complexType name="Party">
    <xs:annotation>
      <xs:documentation>
        <artefact id="960783D7_0187_4bce_A6D3_3D6F119BEEA5" name="Party" stereotype="ACC"/>
        <properties author="National eDAIS Coordination Office" version="2.3.0r2"/>
        <notes>An individual, a group, or a body having a role in a business function.  Party has a legal connotation in a business transaction.</notes>
      </xs:documentation>
    </xs:annotation>
    <xs:sequence>
      <xs:element name="AccessRights" type="cdt:CodeType" minOccurs="0"/>
      <xs:element name="Description" type="cdt:TextType" minOccurs="0"/>
      <xs:choice>
        <xs:element name="Organisation" type="naa:Organisation" minOccurs="0"/>
        <xs:element name="Person" type="naa:Person" minOccurs="0"/>
      </xs:choice>
      <xs:element name="Identification" type="cdt:IdentifierType"/>
      <xs:element name="Language" type="cdt:CodeType" minOccurs="0"/>
      <xs:element name="Name" type="cdt:TextType"/>
      <xs:element name="Type" type="cdt:TextType" minOccurs="0"/>
    </xs:sequence>
    <xs:attribute name="ref" type="xs:string" use="optional"/>
  </xs:complexType>
  <xs:element name="Period" type="naa:Period"/>
  <xs:complexType name="Period">
    <xs:annotation>
      <xs:documentation>
        <artefact id="B526E802_CB1A_46ce_89CC_A92DF295CECF" name="Period" stereotype="ACC"/>
        <properties author="National eDAIS Coordination Office" version="2.3.0r2"/>
        <notes>An interval of time (meaningful in relation to the development assessment process).</notes>
      </xs:documentation>
    </xs:annotation>
    <xs:sequence>
      <xs:element name="Complete" type="cdt:DateTimeType" minOccurs="0"/>
      <xs:element name="Description" type="cdt:TextType" minOccurs="0"/>
      <xs:element name="Duration" type="cdt:MeasureType" minOccurs="0"/>
      <xs:element name="End" type="cdt:DateTimeType" minOccurs="0"/>
      <xs:element name="Identification" type="cdt:IdentifierType"/>
      <xs:element name="Inclusive" type="cdt:IndicatorType" minOccurs="0"/>
      <xs:element name="Name" type="cdt:TextType" minOccurs="0"/>
      <xs:element name="Sequence" type="cdt:IdentifierType" minOccurs="0"/>
      <xs:element name="Start" type="cdt:DateTimeType"/>
    </xs:sequence>
    <xs:attribute name="ref" type="xs:string" use="optional"/>
  </xs:complexType>
  <xs:element name="Person" type="naa:Person"/>
  <xs:complexType name="Person">
    <xs:annotation>
      <xs:documentation>
        <artefact id="43D1CEF4_FC21_4b20_9CE7_06F4254E5D9C" name="Person" stereotype="ACC"/>
        <properties author="National eDAIS Coordination Office" version="2.3.0r2"/>
        <notes>An individual human being.</notes>
      </xs:documentation>
    </xs:annotation>
    <xs:sequence>
      <xs:element name="Description" type="cdt:TextType" minOccurs="0"/>
      <xs:element name="Identification" type="cdt:IdentifierType"/>
      <xs:element name="Internet" type="naa:Internet" minOccurs="0" maxOccurs="unbounded"/>
      <xs:element name="PersonName" type="naa:PersonName" maxOccurs="unbounded"/>
      <xs:element name="PostalAddress" type="naa:Address" minOccurs="0" maxOccurs="unbounded"/>
      <xs:element name="Registration" type="naa:Registration" minOccurs="0" maxOccurs="unbounded"/>
      <xs:element name="ResidentialAddress" type="naa:Address" minOccurs="0" maxOccurs="unbounded"/>
      <xs:element name="Status" type="naa:Status" minOccurs="0" maxOccurs="unbounded"/>
      <xs:element name="Telephone" type="naa:Telephone" minOccurs="0" maxOccurs="unbounded"/>
    </xs:sequence>
    <xs:attribute name="ref" type="xs:string" use="optional"/>
  </xs:complexType>
  <xs:element name="PersonName" type="naa:PersonName"/>
  <xs:complexType name="PersonName">
    <xs:annotation>
      <xs:documentation>
        <artefact id="27416BB5_8571_45aa_98E4_7C42A0877C17" name="PersonName" stereotype="ACC"/>
        <properties author="National eDAIS Coordination Office" version="2.3.0r2"/>
        <notes>The name(s) by which a person may be known.</notes>
      </xs:documentation>
    </xs:annotation>
    <xs:sequence>
      <xs:element name="Classification" type="cdt:CodeType"/>
      <xs:element name="FamilyName" type="cdt:TextType" minOccurs="0"/>
      <xs:element name="FamilyNamePrefix" type="cdt:TextType" minOccurs="0"/>
      <xs:element name="GivenName" type="cdt:TextType" minOccurs="0"/>
      <xs:element name="MiddleName" type="cdt:TextType" minOccurs="0"/>
      <xs:element name="Name" type="cdt:TextType" minOccurs="0"/>
      <xs:element name="NameSuffix" type="cdt:CodeType" minOccurs="0"/>
      <xs:element name="Salutation" type="cdt:TextType" minOccurs="0"/>
      <xs:element name="Title" type="cdt:CodeType" minOccurs="0"/>
      <xs:element name="ValidityPeriod" type="naa:Period" minOccurs="0"/>
    </xs:sequence>
    <xs:attribute name="ref" type="xs:string" use="optional"/>
  </xs:complexType>
  <xs:element name="Registration" type="naa:Registration"/>
  <xs:complexType name="Registration">
    <xs:annotation>
      <xs:documentation>
        <artefact id="D18C3D08_5262_4b49_A232_0CEEF69C1A62" name="Registration" stereotype="ACC"/>
        <properties author="National eDAIS Coordination Office" version="2.3.0r2"/>
        <notes>The recording of items or details for a specific purpose.</notes>
      </xs:documentation>
    </xs:annotation>
    <xs:sequence>
      <xs:element name="Category" type="cdt:CodeType" minOccurs="0"/>
      <xs:element name="Country" type="cdt:CodeType" minOccurs="0"/>
      <xs:element name="Identification" type="cdt:IdentifierType"/>
      <xs:element name="Licence" type="cdt:IdentifierType" minOccurs="0"/>
      <xs:element name="Recorded" type="cdt:DateTimeType" minOccurs="0"/>
      <xs:element name="Type" type="cdt:CodeType" minOccurs="0"/>
      <xs:element name="ValidityPeriod" type="naa:Period" minOccurs="0"/>
    </xs:sequence>
    <xs:attribute name="ref" type="xs:string" use="optional"/>
  </xs:complexType>
  <xs:element name="Status" type="naa:Status"/>
  <xs:complexType name="Status">
    <xs:annotation>
      <xs:documentation>
        <artefact id="0EC023EE_570A_4016_952A_14E84238B58C" name="Status" stereotype="ACC"/>
        <properties author="National eDAIS Coordination Office" version="2.3.0r2"/>
        <notes>The status as applied to a variety of data held in the system.</notes>
      </xs:documentation>
    </xs:annotation>
    <xs:sequence>
      <xs:element name="Code" type="cdt:CodeType"/>
      <xs:element name="Description" type="cdt:TextType" minOccurs="0"/>
      <xs:element name="ValidityPeriod" type="naa:Period" minOccurs="0"/>
    </xs:sequence>
    <xs:attribute name="ref" type="xs:string" use="optional"/>
  </xs:complexType>
  <xs:element name="Telephone" type="naa:Telephone"/>
  <xs:complexType name="Telephone">
    <xs:annotation>
      <xs:documentation>
        <artefact id="02C6E19D_6D55_4a00_9CDD_C04F3436BDBA" name="Telephone" stereotype="ACC"/>
        <properties author="National eDAIS Coordination Office" version="2.3.0r2"/>
        <notes>Details for telephonic communication.</notes>
      </xs:documentation>
    </xs:annotation>
    <xs:sequence>
      <xs:element name="AreaCode" type="cdt:CodeType" minOccurs="0"/>
      <xs:element name="CountryCode" type="cdt:CodeType" minOccurs="0"/>
      <xs:element name="Extension" type="cdt:TextType" minOccurs="0"/>
      <xs:element name="Number" type="cdt:IdentifierType"/>
      <xs:element name="Type" type="cdt:CodeType"/>
    </xs:sequence>
    <xs:attribute name="ref" type="xs:string" use="optional"/>
  </xs:complexType>
</xs:schema>]]></con:content><con:type>http://www.w3.org/2001/XMLSchema</con:type></con:part><con:part><con:url>file:\C:\Users\hunter\dev\Buildaform%20-%20EHC\src\Buildaform.eDAIS\biv\msg.data.2.3.0r2.xsd</con:url><con:content><![CDATA[<xs:schema targetNamespace="http://xml.gov.au/edais/core/msg.data.2.3.0r2" elementFormDefault="qualified" attributeFormDefault="unqualified" version="2.3.0r2" xmlns:cdt="http://xml.gov.au/edais/dt/qdt/cdt.type.2.3.0r2" xmlns:msgdt="http://xml.gov.au/edais/dt/qdt/msg.type.2.3.0r2" xmlns:sbmh="http://xml.gov.au/edais/core/msg.data.2.3.0r2" xmlns:xs="http://www.w3.org/2001/XMLSchema">
  <xs:import namespace="http://xml.gov.au/edais/dt/qdt/cdt.type.2.3.0r2" schemaLocation="cdt.type.2.3.0r2.xsd"/>
  <xs:import namespace="http://xml.gov.au/edais/dt/qdt/msg.type.2.3.0r2" schemaLocation="msg.type.2.3.0r2.xsd"/>
  <xs:annotation>
    <xs:documentation>
      <artefact id="AA778F85_B6F1_4203_9D12_1F6B928AD161" name="Message Components" stereotype="CCLibrary"/>
      <properties author="National eDAIS Coordination Office" version="2.3.0r2"/>
      <notes/>
    </xs:documentation>
  </xs:annotation>
  <xs:element name="BusinessScope" type="sbmh:BusinessScope"/>
  <xs:complexType name="BusinessScope">
    <xs:annotation>
      <xs:documentation>
        <artefact id="7EFC071D_170C_4ce1_A8E7_5EDC8192FF0B" name="BusinessScope" stereotype="ACC"/>
        <properties author="National eDAIS Coordination Office" version="2.3.0r2"/>
        <notes>The definition/description of the business environment, circumstances, or scenarios, in which trading partners conduct business.</notes>
      </xs:documentation>
    </xs:annotation>
    <xs:sequence>
      <xs:element name="CorrelationInformation" type="sbmh:CorrelationInformation" minOccurs="0" maxOccurs="unbounded"/>
      <xs:element name="ID" type="cdt:IdentifierType" minOccurs="0"/>
      <xs:element name="InstanceID" type="cdt:IdentifierType" minOccurs="0"/>
      <xs:element name="Type" type="msgdt:BusinessScope_CodeType"/>
    </xs:sequence>
    <xs:attribute name="ref" type="xs:string" use="optional"/>
  </xs:complexType>
  <xs:element name="Contact" type="sbmh:Contact"/>
  <xs:complexType name="Contact">
    <xs:annotation>
      <xs:documentation>
        <artefact id="342697EF_3730_47dc_B1AF_C1590022DE07" name="Contact" stereotype="ACC"/>
        <properties author="National eDAIS Coordination Office" version="2.3.0r2"/>
        <notes>Details about the (business) contact for this document (message).</notes>
      </xs:documentation>
    </xs:annotation>
    <xs:sequence>
      <xs:element name="Contact" type="cdt:TextType"/>
      <xs:element name="ContactTypeIdentifier" type="cdt:CodeType"/>
      <xs:element name="EmailAddress" type="xs:anyURI" minOccurs="0"/>
      <xs:element name="TelephoneNumber" type="cdt:TextType" minOccurs="0"/>
    </xs:sequence>
    <xs:attribute name="ref" type="xs:string" use="optional"/>
  </xs:complexType>
  <xs:element name="CorrelationInformation" type="sbmh:CorrelationInformation"/>
  <xs:complexType name="CorrelationInformation">
    <xs:annotation>
      <xs:documentation>
        <artefact id="A3031C16_87A4_4e33_8140_9074AFEDB737" name="CorrelationInformation" stereotype="ACC"/>
        <properties author="National eDAIS Coordination Office" version="2.3.0r2"/>
        <notes>A "container" for business information that allows the current message to be related to other messages in a sequence.  A block of information used to correlate a requesting SBD (message/system) to a responding SBD (message/system) and to the contract in an executing choreography.  A requesting document in the choreography could have: no response, a notification, or a response document. Therefore, the requesting and responding part of the choreography is not always one unit of activity. \Using the correlation block, parties explicitly identify the document being responded to, rather than having only the content of the document to identify the requesting document.</notes>
      </xs:documentation>
    </xs:annotation>
    <xs:sequence>
      <xs:element name="ExpectedResponseDateTime" type="cdt:DateTimeType" minOccurs="0"/>
      <xs:element name="RequestingDocumentCreationDateTime" type="cdt:DateTimeType"/>
      <xs:element name="RequestingDocumentInstanceID" type="cdt:IdentifierType"/>
    </xs:sequence>
    <xs:attribute name="ref" type="xs:string" use="optional"/>
  </xs:complexType>
  <xs:element name="DocumentIdentification" type="sbmh:DocumentIdentification"/>
  <xs:complexType name="DocumentIdentification">
    <xs:annotation>
      <xs:documentation>
        <artefact id="18BD10B4_C6E1_4266_90E1_D45CF3E58857" name="DocumentIdentification" stereotype="ACC"/>
        <properties author="National eDAIS Coordination Office" version="2.3.0r2"/>
        <notes>Characteristics containing identification about the document (which constitutes this message).</notes>
      </xs:documentation>
    </xs:annotation>
    <xs:sequence>
      <xs:element name="CreationDateTime" type="cdt:DateTimeType"/>
      <xs:element name="InstanceID" type="cdt:IdentifierType"/>
      <xs:element name="Standard" type="msgdt:Standard_CodeType"/>
      <xs:element name="Type" type="cdt:CodeType"/>
      <xs:element name="TypeVersion" type="cdt:TextType"/>
    </xs:sequence>
    <xs:attribute name="ref" type="xs:string" use="optional"/>
  </xs:complexType>
  <xs:element name="Partner" type="sbmh:Partner"/>
  <xs:complexType name="Partner">
    <xs:annotation>
      <xs:documentation>
        <artefact id="8349087A_3678_42a0_84DB_3A0CB8C7F094" name="Partner" stereotype="ACC"/>
        <properties author="National eDAIS Coordination Office" version="2.3.0r2"/>
        <notes>Logical party which sends and/or receives messages.</notes>
      </xs:documentation>
    </xs:annotation>
    <xs:sequence>
      <xs:element name="Authority" type="cdt:TextType"/>
      <xs:element name="Contact" type="sbmh:Contact" minOccurs="0" maxOccurs="unbounded"/>
      <xs:element name="ID" type="cdt:IdentifierType"/>
      <xs:element name="ProcessRole" type="cdt:CodeType"/>
    </xs:sequence>
    <xs:attribute name="ref" type="xs:string" use="optional"/>
  </xs:complexType>
  <xs:element name="ReceiptAcknowledgement" type="sbmh:ReceiptAcknowledgement"/>
  <xs:complexType name="ReceiptAcknowledgement">
    <xs:annotation>
      <xs:documentation>
        <artefact id="088E6669_BA0D_4d09_AF4B_57C222657A68" name="ReceiptAcknowledgement" stereotype="ACC"/>
        <properties author="National eDAIS Coordination Office" version="2.3.0r2"/>
        <notes>An acknowledgement of receipt of a message.</notes>
      </xs:documentation>
    </xs:annotation>
    <xs:sequence>
      <xs:element name="Identification" type="cdt:IdentifierType" minOccurs="0"/>
      <xs:element name="Timestamp" type="cdt:DateTimeType"/>
    </xs:sequence>
    <xs:attribute name="ref" type="xs:string" use="optional"/>
  </xs:complexType>
  <xs:element name="ReceiptException" type="sbmh:ReceiptException"/>
  <xs:complexType name="ReceiptException">
    <xs:annotation>
      <xs:documentation>
        <artefact id="D5788632_A88F_4d35_85F6_09BD1F584DEB" name="ReceiptException" stereotype="ACC"/>
        <properties author="National eDAIS Coordination Office" version="2.3.0r2"/>
        <notes>Business Signal provided in place of an acknowledgement if an exception is to be returned instead.</notes>
      </xs:documentation>
    </xs:annotation>
    <xs:sequence>
      <xs:element name="Identification" type="cdt:IdentifierType" minOccurs="0"/>
      <xs:element name="Message" type="cdt:TextType"/>
      <xs:element name="Reason" type="cdt:TextType"/>
      <xs:element name="Type" type="cdt:CodeType"/>
    </xs:sequence>
    <xs:attribute name="ref" type="xs:string" use="optional"/>
  </xs:complexType>
  <xs:element name="SoftwareInformation" type="sbmh:SoftwareInformation"/>
  <xs:complexType name="SoftwareInformation">
    <xs:annotation>
      <xs:documentation>
        <artefact id="FB1A473F_2485_49f0_A093_40322F04E63F" name="SoftwareInformation" stereotype="ACC"/>
        <properties author="National eDAIS Coordination Office" version="2.3.0r2"/>
        <notes>Details about the software product used in processing this message.  May also be used as an indicator of the software system used for development application processing (overall).</notes>
      </xs:documentation>
    </xs:annotation>
    <xs:sequence>
      <xs:element name="ProductID" type="cdt:IdentifierType"/>
      <xs:element name="ProductName" type="cdt:TextType" minOccurs="0"/>
      <xs:element name="ProductVersion" type="cdt:TextType" minOccurs="0"/>
    </xs:sequence>
    <xs:attribute name="ref" type="xs:string" use="optional"/>
  </xs:complexType>
  <xs:element name="StandardBusinessMessageHeader" type="sbmh:StandardBusinessMessageHeader"/>
  <xs:complexType name="StandardBusinessMessageHeader">
    <xs:annotation>
      <xs:documentation>
        <artefact id="5CA5F524_151E_477d_9798_F165836E0E14" name="StandardBusinessMessageHeader" stereotype="ACC"/>
        <properties author="National eDAIS Coordination Office" version="2.3.0r2"/>
        <notes>The Standard Business Message Header enables integration of documents between internal applications, enterprise applications, and business-to-business infrastructure by providing a consistent interface between applications.  The standard header provides the semantic information needed for the routing, processing and business domain context of documents, regardless of the data format of the document.

Further details can be found in the Standard Business Document Header (SBDH) specification version 1.3.  This document is available from the eDAIS collaboration site via Govdex (https://www.govdex.gov.au/confluence/display/eDASpec/Home).</notes>
      </xs:documentation>
    </xs:annotation>
    <xs:sequence>
      <xs:element name="BusinessScope" type="sbmh:BusinessScope" maxOccurs="unbounded"/>
      <xs:element name="DocumentIdentification" type="sbmh:DocumentIdentification"/>
      <xs:element name="ReceiverPartner" type="sbmh:Partner"/>
      <xs:element name="SenderPartner" type="sbmh:Partner"/>
      <xs:element name="SoftwareInformation" type="sbmh:SoftwareInformation" minOccurs="0" maxOccurs="unbounded"/>
      <xs:element name="Version" type="cdt:IdentifierType"/>
    </xs:sequence>
    <xs:attribute name="ref" type="xs:string" use="optional"/>
  </xs:complexType>
</xs:schema>]]></con:content><con:type>http://www.w3.org/2001/XMLSchema</con:type></con:part><con:part><con:url>file:\C:\Users\hunter\dev\Buildaform%20-%20EHC\src\Buildaform.eDAIS\biv\msg.type.2.3.0r2.xsd</con:url><con:content><![CDATA[<xs:schema targetNamespace="http://xml.gov.au/edais/dt/qdt/msg.type.2.3.0r2" elementFormDefault="qualified" attributeFormDefault="unqualified" version="2.3.0r2" xmlns:msgdt="http://xml.gov.au/edais/dt/qdt/msg.type.2.3.0r2" xmlns:xs="http://www.w3.org/2001/XMLSchema">
  <xs:annotation>
    <xs:documentation>
      <artefact id="D2139AE7_6336_45b3_9D26_C4A3D26FBC64" name="Message Header" stereotype="QDTLibrary"/>
      <properties author="National eDAIS Coordination Office" version="2.3.0r2"/>
      <notes/>
    </xs:documentation>
  </xs:annotation>
  <xs:simpleType name="BusinessScope_Code">
    <xs:restriction base="xs:string">
      <xs:enumeration value="BusinessCollaboration"/>
      <xs:enumeration value="BusinessProcess"/>
      <xs:enumeration value="BusinessTransaction"/>
    </xs:restriction>
  </xs:simpleType>
  <xs:complexType name="BusinessScope_CodeType">
    <xs:annotation>
      <xs:documentation>
        <artefact id="862EC369_CDCF_42a3_8D9F_90BD813A6220" name="BusinessScope_Code" stereotype="QDT"/>
        <properties author="National eDAIS Coordination Office" version="2.3.0r2"/>
        <notes>A Code QDT qualified by a list of valid BusinessScope codes.</notes>
      </xs:documentation>
    </xs:annotation>
    <xs:simpleContent>
      <xs:extension base="msgdt:BusinessScope_Code">
        <xs:attribute name="codeName" type="xs:string" use="optional">
          <xs:annotation>
            <xs:documentation>
              <artefact id="D16BEB62_1C24_40f0_8AE2_BC8FD8DC6B38" name="codeName" stereotype="SUP"/>
              <notes>A textual representation of the content value.  Useful for providing an expanded version of a code (i.e. for AU content, you could provide Australia in its CodeName attribute).</notes>
            </xs:documentation>
          </xs:annotation>
        </xs:attribute>
        <xs:attribute name="codeListURI" type="xs:string" use="optional">
          <xs:annotation>
            <xs:documentation>
              <artefact id="652AF8C4_8FF8_4371_9869_C4193066AA29" name="codeListURI" stereotype="SUP"/>
              <notes>The URI of this content's codelist.</notes>
            </xs:documentation>
          </xs:annotation>
        </xs:attribute>
        <xs:attribute name="codeListAgency" type="xs:string" use="optional" default="NCO">
          <xs:annotation>
            <xs:documentation>
              <artefact id="12F92777_120E_4874_B959_C999431D14CD" name="codeListAgency" stereotype="SUP"/>
              <notes>The name of the agency that is responsible for maintaining this content's codelist.</notes>
            </xs:documentation>
          </xs:annotation>
        </xs:attribute>
        <xs:attribute name="codeListName" type="xs:string" use="optional" default="BusinessScope">
          <xs:annotation>
            <xs:documentation>
              <artefact id="8E78E043_5863_4711_AFF6_BA2DDAA222A8" name="codeListName" stereotype="SUP"/>
              <notes>The name of the code list the content is taken from.</notes>
            </xs:documentation>
          </xs:annotation>
        </xs:attribute>
        <xs:attribute name="codeListVersion" type="xs:string" use="optional">
          <xs:annotation>
            <xs:documentation>
              <artefact id="278DBAE2_DC71_4def_87FA_C2A77563D4E8" name="codeListVersion" stereotype="SUP"/>
              <notes>The unique version of this content's codelist.</notes>
            </xs:documentation>
          </xs:annotation>
        </xs:attribute>
      </xs:extension>
    </xs:simpleContent>
  </xs:complexType>
  <xs:simpleType name="ContactType_Code">
    <xs:restriction base="xs:string">
      <xs:enumeration value="Receiver"/>
      <xs:enumeration value="Sender"/>
    </xs:restriction>
  </xs:simpleType>
  <xs:complexType name="ContactType_CodeType">
    <xs:annotation>
      <xs:documentation>
        <artefact id="DB96E230_D067_41c6_8917_119F5DF3FFFB" name="ContactType_Code" stereotype="QDT"/>
        <properties author="National eDAIS Coordination Office" version="2.3.0r2"/>
        <notes>A Code QDT qualified by a list of valid ContactType codes.</notes>
      </xs:documentation>
    </xs:annotation>
    <xs:simpleContent>
      <xs:extension base="msgdt:ContactType_Code">
        <xs:attribute name="codeName" type="xs:string" use="optional">
          <xs:annotation>
            <xs:documentation>
              <artefact id="D16BEB62_1C24_40f0_8AE2_BC8FD8DC6B38" name="codeName" stereotype="SUP"/>
              <notes>A textual representation of the content value.  Useful for providing an expanded version of a code (i.e. for AU content, you could provide Australia in its CodeName attribute).</notes>
            </xs:documentation>
          </xs:annotation>
        </xs:attribute>
        <xs:attribute name="codeListURI" type="xs:string" use="optional">
          <xs:annotation>
            <xs:documentation>
              <artefact id="652AF8C4_8FF8_4371_9869_C4193066AA29" name="codeListURI" stereotype="SUP"/>
              <notes>The URI of this content's codelist.</notes>
            </xs:documentation>
          </xs:annotation>
        </xs:attribute>
        <xs:attribute name="codeListAgency" type="xs:string" use="optional" default="NCO">
          <xs:annotation>
            <xs:documentation>
              <artefact id="0BC694FC_E265_4613_9F16_17755FC39753" name="codeListAgency" stereotype="SUP"/>
              <notes>The name of the agency that is responsible for maintaining this content's codelist.</notes>
            </xs:documentation>
          </xs:annotation>
        </xs:attribute>
        <xs:attribute name="codeListName" type="xs:string" use="optional" default="ContactType">
          <xs:annotation>
            <xs:documentation>
              <artefact id="A630EBE6_2993_44d9_9E08_AC9A148E0A35" name="codeListName" stereotype="SUP"/>
              <notes>The name of the code list the content is taken from.</notes>
            </xs:documentation>
          </xs:annotation>
        </xs:attribute>
        <xs:attribute name="codeListVersion" type="xs:string" use="optional">
          <xs:annotation>
            <xs:documentation>
              <artefact id="278DBAE2_DC71_4def_87FA_C2A77563D4E8" name="codeListVersion" stereotype="SUP"/>
              <notes>The unique version of this content's codelist.</notes>
            </xs:documentation>
          </xs:annotation>
        </xs:attribute>
      </xs:extension>
    </xs:simpleContent>
  </xs:complexType>
  <xs:simpleType name="DocumentType_Code">
    <xs:restriction base="xs:string">
      <xs:enumeration value="AcceptChangeApplicationTransaction"/>
      <xs:enumeration value="AcceptCreateApplicationTransaction"/>
      <xs:enumeration value="AcceptRemoveApplicationTransaction"/>
      <xs:enumeration value="ProposeChangeApplicationTransaction"/>
      <xs:enumeration value="ProposeCreateApplicationTransaction"/>
      <xs:enumeration value="ProposeRemoveApplicationTransaction"/>
      <xs:enumeration value="RejectChangeApplicationTransaction"/>
      <xs:enumeration value="RejectCreateApplicationTransaction"/>
      <xs:enumeration value="RejectRemoveApplicationTransaction"/>
    </xs:restriction>
  </xs:simpleType>
  <xs:complexType name="DocumentType_CodeType">
    <xs:annotation>
      <xs:documentation>
        <artefact id="0727DB44_BEF7_46fb_973A_FCE176E58345" name="DocumentType_Code" stereotype="QDT"/>
        <properties author="National eDAIS Coordination Office" version="2.3.0r2"/>
        <notes>A Code QDT qualified by a list of valid DocumentType codes.</notes>
      </xs:documentation>
    </xs:annotation>
    <xs:simpleContent>
      <xs:extension base="msgdt:DocumentType_Code">
        <xs:attribute name="codeName" type="xs:string" use="optional">
          <xs:annotation>
            <xs:documentation>
              <artefact id="D16BEB62_1C24_40f0_8AE2_BC8FD8DC6B38" name="codeName" stereotype="SUP"/>
              <notes>A textual representation of the content value.  Useful for providing an expanded version of a code (i.e. for AU content, you could provide Australia in its CodeName attribute).</notes>
            </xs:documentation>
          </xs:annotation>
        </xs:attribute>
        <xs:attribute name="codeListURI" type="xs:string" use="optional">
          <xs:annotation>
            <xs:documentation>
              <artefact id="652AF8C4_8FF8_4371_9869_C4193066AA29" name="codeListURI" stereotype="SUP"/>
              <notes>The URI of this content's codelist.</notes>
            </xs:documentation>
          </xs:annotation>
        </xs:attribute>
        <xs:attribute name="codeListAgency" type="xs:string" use="optional" default="NCO">
          <xs:annotation>
            <xs:documentation>
              <artefact id="EA39636E_E9FE_4ccc_8859_D874CD0B380A" name="codeListAgency" stereotype="SUP"/>
              <notes>The name of the agency that is responsible for maintaining this content's codelist.</notes>
            </xs:documentation>
          </xs:annotation>
        </xs:attribute>
        <xs:attribute name="codeListName" type="xs:string" use="optional" default="DocumentType">
          <xs:annotation>
            <xs:documentation>
              <artefact id="E5955DC7_53E5_4da6_8354_10E4783BA5C0" name="codeListName" stereotype="SUP"/>
              <notes>The name of the code list the content is taken from.</notes>
            </xs:documentation>
          </xs:annotation>
        </xs:attribute>
        <xs:attribute name="codeListVersion" type="xs:string" use="optional">
          <xs:annotation>
            <xs:documentation>
              <artefact id="278DBAE2_DC71_4def_87FA_C2A77563D4E8" name="codeListVersion" stereotype="SUP"/>
              <notes>The unique version of this content's codelist.</notes>
            </xs:documentation>
          </xs:annotation>
        </xs:attribute>
      </xs:extension>
    </xs:simpleContent>
  </xs:complexType>
  <xs:simpleType name="ProcessRole_Code">
    <xs:restriction base="xs:string">
      <xs:enumeration value="Initiator"/>
      <xs:enumeration value="Responder"/>
    </xs:restriction>
  </xs:simpleType>
  <xs:complexType name="ProcessRole_CodeType">
    <xs:annotation>
      <xs:documentation>
        <artefact id="5876415B_23BB_4577_B43A_EBC1FABD6A6E" name="ProcessRole_Code" stereotype="QDT"/>
        <properties author="National eDAIS Coordination Office" version="2.3.0r2"/>
        <notes>A Code QDT qualified by a list of valid ProcessRole codes.</notes>
      </xs:documentation>
    </xs:annotation>
    <xs:simpleContent>
      <xs:extension base="msgdt:ProcessRole_Code">
        <xs:attribute name="codeName" type="xs:string" use="optional">
          <xs:annotation>
            <xs:documentation>
              <artefact id="D16BEB62_1C24_40f0_8AE2_BC8FD8DC6B38" name="codeName" stereotype="SUP"/>
              <notes>A textual representation of the content value.  Useful for providing an expanded version of a code (i.e. for AU content, you could provide Australia in its CodeName attribute).</notes>
            </xs:documentation>
          </xs:annotation>
        </xs:attribute>
        <xs:attribute name="codeListURI" type="xs:string" use="optional">
          <xs:annotation>
            <xs:documentation>
              <artefact id="652AF8C4_8FF8_4371_9869_C4193066AA29" name="codeListURI" stereotype="SUP"/>
              <notes>The URI of this content's codelist.</notes>
            </xs:documentation>
          </xs:annotation>
        </xs:attribute>
        <xs:attribute name="codeListAgency" type="xs:string" use="optional" default="NCO">
          <xs:annotation>
            <xs:documentation>
              <artefact id="57E2157E_DDD0_4fa8_8D6F_08CE0F0BA02B" name="codeListAgency" stereotype="SUP"/>
              <notes>The name of the agency that is responsible for maintaining this content's codelist.</notes>
            </xs:documentation>
          </xs:annotation>
        </xs:attribute>
        <xs:attribute name="codeListName" type="xs:string" use="optional" default="ProcessRole">
          <xs:annotation>
            <xs:documentation>
              <artefact id="36E36156_1627_419b_A28D_6EB6FE395731" name="codeListName" stereotype="SUP"/>
              <notes>The name of the code list the content is taken from.</notes>
            </xs:documentation>
          </xs:annotation>
        </xs:attribute>
        <xs:attribute name="codeListVersion" type="xs:string" use="optional">
          <xs:annotation>
            <xs:documentation>
              <artefact id="278DBAE2_DC71_4def_87FA_C2A77563D4E8" name="codeListVersion" stereotype="SUP"/>
              <notes>The unique version of this content's codelist.</notes>
            </xs:documentation>
          </xs:annotation>
        </xs:attribute>
      </xs:extension>
    </xs:simpleContent>
  </xs:complexType>
  <xs:simpleType name="ServiceTransactionType_Code">
    <xs:restriction base="xs:string">
      <xs:enumeration value="RequestingServiceTransaction"/>
      <xs:enumeration value="RespondingServiceTransaction"/>
    </xs:restriction>
  </xs:simpleType>
  <xs:complexType name="ServiceTransactionType_CodeType">
    <xs:annotation>
      <xs:documentation>
        <artefact id="26905F91_8655_402e_BC19_75AC860E1BE5" name="ServiceTransactionType_Code" stereotype="QDT"/>
        <properties author="National eDAIS Coordination Office" version="2.3.0r2"/>
        <notes>A Code QDT qualified by a list of valid ServiceTransactionType codes.</notes>
      </xs:documentation>
    </xs:annotation>
    <xs:simpleContent>
      <xs:extension base="msgdt:ServiceTransactionType_Code">
        <xs:attribute name="codeName" type="xs:string" use="optional">
          <xs:annotation>
            <xs:documentation>
              <artefact id="D16BEB62_1C24_40f0_8AE2_BC8FD8DC6B38" name="codeName" stereotype="SUP"/>
              <notes>A textual representation of the content value.  Useful for providing an expanded version of a code (i.e. for AU content, you could provide Australia in its CodeName attribute).</notes>
            </xs:documentation>
          </xs:annotation>
        </xs:attribute>
        <xs:attribute name="codeListURI" type="xs:string" use="optional">
          <xs:annotation>
            <xs:documentation>
              <artefact id="652AF8C4_8FF8_4371_9869_C4193066AA29" name="codeListURI" stereotype="SUP"/>
              <notes>The URI of this content's codelist.</notes>
            </xs:documentation>
          </xs:annotation>
        </xs:attribute>
        <xs:attribute name="codeListAgency" type="xs:string" use="optional" default="NCO">
          <xs:annotation>
            <xs:documentation>
              <artefact id="D6FA3AB0_47A8_4e80_A1CD_28869327F2F2" name="codeListAgency" stereotype="SUP"/>
              <notes>The name of the agency that is responsible for maintaining this content's codelist.</notes>
            </xs:documentation>
          </xs:annotation>
        </xs:attribute>
        <xs:attribute name="codeListName" type="xs:string" use="optional" default="ServiceTransactionType">
          <xs:annotation>
            <xs:documentation>
              <artefact id="FAF428E5_4A54_4556_B603_E558A5FFF8D0" name="codeListName" stereotype="SUP"/>
              <notes>The name of the code list the content is taken from.</notes>
            </xs:documentation>
          </xs:annotation>
        </xs:attribute>
        <xs:attribute name="codeListVersion" type="xs:string" use="optional">
          <xs:annotation>
            <xs:documentation>
              <artefact id="278DBAE2_DC71_4def_87FA_C2A77563D4E8" name="codeListVersion" stereotype="SUP"/>
              <notes>The unique version of this content's codelist.</notes>
            </xs:documentation>
          </xs:annotation>
        </xs:attribute>
      </xs:extension>
    </xs:simpleContent>
  </xs:complexType>
  <xs:simpleType name="Standard_Code">
    <xs:restriction base="xs:string">
      <xs:enumeration value="eDAIS"/>
    </xs:restriction>
  </xs:simpleType>
  <xs:complexType name="Standard_CodeType">
    <xs:annotation>
      <xs:documentation>
        <artefact id="FC42BE45_2FFF_4d86_AB16_8FC0EF047078" name="Standard_Code" stereotype="QDT"/>
        <properties author="National eDAIS Coordination Office" version="2.3.0r2"/>
        <notes>A Code QDT qualified by a list of valid Standards codes.</notes>
      </xs:documentation>
    </xs:annotation>
    <xs:simpleContent>
      <xs:extension base="msgdt:Standard_Code">
        <xs:attribute name="codeName" type="xs:string" use="optional">
          <xs:annotation>
            <xs:documentation>
              <artefact id="D16BEB62_1C24_40f0_8AE2_BC8FD8DC6B38" name="codeName" stereotype="SUP"/>
              <notes>A textual representation of the content value.  Useful for providing an expanded version of a code (i.e. for AU content, you could provide Australia in its CodeName attribute).</notes>
            </xs:documentation>
          </xs:annotation>
        </xs:attribute>
        <xs:attribute name="codeListURI" type="xs:string" use="optional">
          <xs:annotation>
            <xs:documentation>
              <artefact id="652AF8C4_8FF8_4371_9869_C4193066AA29" name="codeListURI" stereotype="SUP"/>
              <notes>The URI of this content's codelist.</notes>
            </xs:documentation>
          </xs:annotation>
        </xs:attribute>
        <xs:attribute name="codeListAgency" type="xs:string" use="optional" default="NCO">
          <xs:annotation>
            <xs:documentation>
              <artefact id="73F6D95E_0574_423c_B3D1_D4D79FC33DEA" name="codeListAgency" stereotype="SUP"/>
              <notes>The name of the agency that is responsible for maintaining this content's codelist.</notes>
            </xs:documentation>
          </xs:annotation>
        </xs:attribute>
        <xs:attribute name="codeListName" type="xs:string" use="optional" default="StandardType">
          <xs:annotation>
            <xs:documentation>
              <artefact id="F5BD732D_AA9A_4cd5_A382_BFDDA310EA34" name="codeListName" stereotype="SUP"/>
              <notes>The name of the code list the content is taken from.</notes>
            </xs:documentation>
          </xs:annotation>
        </xs:attribute>
        <xs:attribute name="codeListVersion" type="xs:string" use="optional">
          <xs:annotation>
            <xs:documentation>
              <artefact id="278DBAE2_DC71_4def_87FA_C2A77563D4E8" name="codeListVersion" stereotype="SUP"/>
              <notes>The unique version of this content's codelist.</notes>
            </xs:documentation>
          </xs:annotation>
        </xs:attribute>
      </xs:extension>
    </xs:simpleContent>
  </xs:complexType>
</xs:schema>]]></con:content><con:type>http://www.w3.org/2001/XMLSchema</con:type></con:part><con:part><con:url>file:\C:\Users\hunter\dev\Buildaform%20-%20EHC\src\Buildaform.eDAIS\biv\specialisation.data.2.3.0r2.xsd</con:url><con:content><![CDATA[<xs:schema targetNamespace="http://xml.gov.au/edais/core/specialisation.data.2.3.0r2" elementFormDefault="qualified" attributeFormDefault="unqualified" version="2.3.0r2" xmlns:cdt="http://xml.gov.au/edais/dt/qdt/cdt.type.2.3.0r2" xmlns:spec="http://xml.gov.au/edais/core/specialisation.data.2.3.0r2" xmlns:xs="http://www.w3.org/2001/XMLSchema">
  <xs:import namespace="http://xml.gov.au/edais/dt/qdt/cdt.type.2.3.0r2" schemaLocation="cdt.type.2.3.0r2.xsd"/>
  <xs:annotation>
    <xs:documentation>
      <artefact id="6AC66DAB_91B8_46de_A13D_B58C0D15560C" name="Specialisation" stereotype="CCLibrary"/>
      <properties author="National eDAIS Coordination Office" version="2.3.0r2"/>
      <notes/>
    </xs:documentation>
  </xs:annotation>
  <xs:element name="Specialisation" type="spec:Specialisation"/>
  <xs:complexType name="Specialisation">
    <xs:annotation>
      <xs:documentation>
        <artefact id="4645050A_7160_46ea_8AF9_BEC60BB16BEC" name="Specialisation" stereotype="ACC"/>
        <properties author="National eDAIS Coordination Office" version="2.3.0r2"/>
        <notes>An envelope provided to attach specialised data structures to business messages.  Usage is as per the eDAIS Jurisdictional Specialisation Specification v1.0.</notes>
      </xs:documentation>
    </xs:annotation>
    <xs:sequence>
      <xs:element name="DomainId" type="cdt:IdentifierType"/>
      <xs:element name="Extension" type="xs:anyType"/>
      <xs:element name="Jurisdiction" type="cdt:CodeType"/>
      <xs:element name="Version" type="cdt:IdentifierType"/>
    </xs:sequence>
    <xs:attribute name="ref" type="xs:string" use="optional"/>
  </xs:complexType>
</xs:schema>]]></con:content><con:type>http://www.w3.org/2001/XMLSchema</con:type></con:part><con:part><con:url>file:\C:\Users\hunter\dev\Buildaform%20-%20EHC\src\Buildaform.eDAIS\biv\ReceiptAcknowledgementSignal.msg.2.3.0r2.xsd</con:url><con:content><![CDATA[<xs:schema targetNamespace="http://xml.gov.au/edais/bs/ReceiptAcknowledgementSignal.msg.2.3.0r2" elementFormDefault="qualified" attributeFormDefault="unqualified" version="2.3.0r2" xmlns:msg="http://xml.gov.au/edais/bs/ReceiptAcknowledgementSignal.msg.2.3.0r2" xmlns:sbmh="http://xml.gov.au/edais/core/msg.data.2.3.0r2" xmlns:spec="http://xml.gov.au/edais/core/specialisation.data.2.3.0r2" xmlns:xs="http://www.w3.org/2001/XMLSchema">
  <xs:import namespace="http://xml.gov.au/edais/core/msg.data.2.3.0r2" schemaLocation="msg.data.2.3.0r2.xsd"/>
  <xs:import namespace="http://xml.gov.au/edais/core/specialisation.data.2.3.0r2" schemaLocation="specialisation.data.2.3.0r2.xsd"/>
  <xs:annotation>
    <xs:documentation>
      <artefact id="9B622A68_B3E9_46b5_B1CA_0569D65DD9F6" name="ReceiptAcknowledgementSignal" stereotype="InfEnvelope"/>
      <properties author="National eDAIS Coordination Office" version="2.3.0r2"/>
      <notes>The Initiator or Responder sends this business signal when a business message they have received passes validation.  This signal is used across all transactions requiring validation (e.g. where the QoS attribute isIntelligibleCheckRequired = true for the Iniating and/or Responding partner respectively).</notes>
    </xs:documentation>
  </xs:annotation>
  <xs:element name="ReceiptAcknowledgementSignal" type="msg:ReceiptAcknowledgementSignalType"/>
  <xs:complexType name="ReceiptAcknowledgementSignalType">
    <xs:sequence>
      <xs:element name="ReceiptAcknowledgement" type="sbmh:ReceiptAcknowledgement"/>
      <xs:element name="Specialisation" type="spec:Specialisation" minOccurs="0" maxOccurs="unbounded"/>
      <xs:element name="StandardBusinessMessageHeader" type="sbmh:StandardBusinessMessageHeader"/>
    </xs:sequence>
  </xs:complexType>
</xs:schema>]]></con:content><con:type>http://www.w3.org/2001/XMLSchema</con:type></con:part><con:part><con:url>file:\C:\Users\hunter\dev\Buildaform%20-%20EHC\src\Buildaform.eDAIS\biv\ReceiptExceptionSignal.msg.2.3.0r2.xsd</con:url><con:content><![CDATA[<xs:schema targetNamespace="http://xml.gov.au/edais/bs/ReceiptExceptionSignal.msg.2.3.0r2" elementFormDefault="qualified" attributeFormDefault="unqualified" version="2.3.0r2" xmlns:msg="http://xml.gov.au/edais/bs/ReceiptExceptionSignal.msg.2.3.0r2" xmlns:sbmh="http://xml.gov.au/edais/core/msg.data.2.3.0r2" xmlns:spec="http://xml.gov.au/edais/core/specialisation.data.2.3.0r2" xmlns:xs="http://www.w3.org/2001/XMLSchema">
  <xs:import namespace="http://xml.gov.au/edais/core/msg.data.2.3.0r2" schemaLocation="msg.data.2.3.0r2.xsd"/>
  <xs:import namespace="http://xml.gov.au/edais/core/specialisation.data.2.3.0r2" schemaLocation="specialisation.data.2.3.0r2.xsd"/>
  <xs:annotation>
    <xs:documentation>
      <artefact id="F3770DE7_8ED1_464c_92A0_21FB6C30F297" name="ReceiptExceptionSignal" stereotype="InfEnvelope"/>
      <properties author="National eDAIS Coordination Office" version="2.3.0r2"/>
      <notes>The Initiator or Responder sends this business signal when a business message they have received fails validation.  This signal is used across all transactions requiring validation (e.g. where the QoS attribute isIntelligibleCheckRequired = true for the Iniating and/or Responding partner respectively).</notes>
    </xs:documentation>
  </xs:annotation>
  <xs:element name="ReceiptExceptionSignal" type="msg:ReceiptExceptionSignalType"/>
  <xs:complexType name="ReceiptExceptionSignalType">
    <xs:sequence>
      <xs:element name="ReceiptException" type="sbmh:ReceiptException"/>
      <xs:element name="Specialisation" type="spec:Specialisation" minOccurs="0" maxOccurs="unbounded"/>
      <xs:element name="StandardBusinessMessageHeader" type="sbmh:StandardBusinessMessageHeader"/>
    </xs:sequence>
  </xs:complexType>
</xs:schema>]]></con:content><con:type>http://www.w3.org/2001/XMLSchema</con:type></con:part><con:part><con:url>file:\C:\Users\hunter\dev\Buildaform%20-%20EHC\src\Buildaform.eDAIS\biv\da.data.1.0.xsd</con:url><con:content><![CDATA[<xs:schema elementFormDefault="qualified" targetNamespace="http://edais.daf.gov.au/nsw/da.data.1.0" xmlns:xs="http://www.w3.org/2001/XMLSchema" xmlns:tns="http://edais.daf.gov.au/nsw/da.data.1.0">
  <xs:import schemaLocation="cdt.type.2.3.0r2.xsd" namespace="http://xml.gov.au/edais/dt/qdt/cdt.type.2.3.0r2"/>
  <xs:element name="Application" type="tns:Application"/>
  <xs:complexType name="Application">
    <xs:sequence>
      <xs:element minOccurs="0" maxOccurs="1" name="Type" type="xs:string"/>
      <xs:element minOccurs="1" maxOccurs="1" name="EstimatedValue" type="xs:decimal"/>
      <xs:element minOccurs="0" maxOccurs="unbounded" name="DevelopmentCode" type="xs:string"/>
      <xs:element minOccurs="0" maxOccurs="1" name="BCAClass" type="xs:string"/>
      <xs:element minOccurs="0" maxOccurs="1" name="RefNumber" type="xs:string"/>
    </xs:sequence>
    <xs:attribute name="ref" type="xs:string"/>
  </xs:complexType>
  <xs:element name="SubjectLand" type="tns:SubjectLand"/>
  <xs:complexType name="SubjectLand">
    <xs:sequence>
      <xs:element minOccurs="0" maxOccurs="1" name="ABS_Statistics" type="tns:ABS_StatisticsType"/>
    </xs:sequence>
    <xs:attribute name="ref" type="xs:string"/>
  </xs:complexType>
  <xs:complexType name="ABS_StatisticsType">
    <xs:sequence>
      <xs:element minOccurs="0" maxOccurs="1" name="NumberOfFloors" type="xs:decimal"/>
      <xs:element minOccurs="0" maxOccurs="1" name="GFA" type="xs:decimal"/>
      <xs:element minOccurs="0" maxOccurs="1" name="GSA" type="xs:decimal"/>
      <xs:element minOccurs="0" maxOccurs="1" name="NumberOfNewDwellings" type="xs:decimal"/>
      <xs:element minOccurs="0" maxOccurs="1" name="NumberOfExistingDwellings" type="xs:decimal"/>
      <xs:element minOccurs="0" maxOccurs="1" name="NumberDwellingsDemolished" type="xs:decimal"/>
      <xs:element minOccurs="0" maxOccurs="1" name="NewDwellingAttached" type="xs:boolean"/>
      <xs:element minOccurs="0" maxOccurs="1" name="NewBuildingAttached" type="xs:boolean"/>
      <xs:element minOccurs="0" maxOccurs="1" name="DualOccupancy" type="xs:boolean"/>
      <xs:element minOccurs="0" maxOccurs="unbounded" name="Floor" type="q1:CodeType" xmlns:q1="http://xml.gov.au/edais/dt/qdt/cdt.type.2.3.0r2"/>
      <xs:element minOccurs="0" maxOccurs="unbounded" name="Frame" type="q2:CodeType" xmlns:q2="http://xml.gov.au/edais/dt/qdt/cdt.type.2.3.0r2"/>
      <xs:element minOccurs="0" maxOccurs="unbounded" name="Roof" type="q3:CodeType" xmlns:q3="http://xml.gov.au/edais/dt/qdt/cdt.type.2.3.0r2"/>
      <xs:element minOccurs="0" maxOccurs="unbounded" name="Walls" type="q4:CodeType" xmlns:q4="http://xml.gov.au/edais/dt/qdt/cdt.type.2.3.0r2"/>
    </xs:sequence>
  </xs:complexType>
</xs:schema>]]></con:content><con:type>http://www.w3.org/2001/XMLSchema</con:type></con:part><con:part><con:url>file:\C:\Users\hunter\dev\Buildaform%20-%20EHC\src\Buildaform.eDAIS\biv\ExternalServices.EHC.xsd</con:url><con:content><![CDATA[<xs:schema elementFormDefault="qualified" targetNamespace="http://schemas.datacontract.org/2004/07/ExternalServices.EHC" xmlns:xs="http://www.w3.org/2001/XMLSchema" xmlns:tns="http://schemas.datacontract.org/2004/07/ExternalServices.EHC">
  <xs:complexType name="ReceiptExceptionSignalType">
    <xs:sequence>
      <xs:element name="receiptExceptionField" nillable="true" type="tns:ReceiptException"/>
      <xs:element name="specialisationField" nillable="true" type="tns:ArrayOfSpecialisation"/>
      <xs:element name="standardBusinessMessageHeaderField" nillable="true" type="tns:StandardBusinessMessageHeader"/>
    </xs:sequence>
  </xs:complexType>
  <xs:element name="ReceiptExceptionSignalType" nillable="true" type="tns:ReceiptExceptionSignalType"/>
  <xs:complexType name="ReceiptException">
    <xs:sequence>
      <xs:element name="identificationField" nillable="true" type="tns:IdentifierType"/>
      <xs:element name="messageField" nillable="true" type="tns:TextType"/>
      <xs:element name="reasonField" nillable="true" type="tns:TextType"/>
      <xs:element name="refField" nillable="true" type="xs:string"/>
      <xs:element name="typeField" nillable="true" type="tns:CodeType"/>
    </xs:sequence>
  </xs:complexType>
  <xs:element name="ReceiptException" nillable="true" type="tns:ReceiptException"/>
  <xs:complexType name="IdentifierType">
    <xs:sequence>
      <xs:element name="identificationSchemeAgencyField" nillable="true" type="xs:string"/>
      <xs:element name="identificationSchemeNameField" nillable="true" type="xs:string"/>
      <xs:element name="identificationSchemeURIField" nillable="true" type="xs:string"/>
      <xs:element name="identificationSchemeVersionField" nillable="true" type="xs:string"/>
      <xs:element name="valueField" nillable="true" type="xs:string"/>
    </xs:sequence>
  </xs:complexType>
  <xs:element name="IdentifierType" nillable="true" type="tns:IdentifierType"/>
  <xs:complexType name="TextType">
    <xs:sequence>
      <xs:element name="languageIdentifierField" nillable="true" type="xs:string"/>
      <xs:element name="languageLocaleIdentifierField" nillable="true" type="xs:string"/>
      <xs:element name="valueField" nillable="true" type="xs:string"/>
    </xs:sequence>
  </xs:complexType>
  <xs:element name="TextType" nillable="true" type="tns:TextType"/>
  <xs:complexType name="CodeType">
    <xs:sequence>
      <xs:element name="codeListAgencyField" nillable="true" type="xs:string"/>
      <xs:element name="codeListNameField" nillable="true" type="xs:string"/>
      <xs:element name="codeListURIField" nillable="true" type="xs:string"/>
      <xs:element name="codeListVersionField" nillable="true" type="xs:string"/>
      <xs:element name="codeNameField" nillable="true" type="xs:string"/>
      <xs:element name="valueField" nillable="true" type="xs:string"/>
    </xs:sequence>
  </xs:complexType>
  <xs:element name="CodeType" nillable="true" type="tns:CodeType"/>
  <xs:complexType name="ArrayOfSpecialisation">
    <xs:sequence>
      <xs:element minOccurs="0" maxOccurs="unbounded" name="Specialisation" nillable="true" type="tns:Specialisation"/>
    </xs:sequence>
  </xs:complexType>
  <xs:element name="ArrayOfSpecialisation" nillable="true" type="tns:ArrayOfSpecialisation"/>
  <xs:complexType name="Specialisation">
    <xs:sequence>
      <xs:element name="domainIdField" nillable="true" type="tns:IdentifierType"/>
      <xs:element name="extensionField" nillable="true" type="xs:anyType"/>
      <xs:element name="jurisdictionField" nillable="true" type="tns:CodeType"/>
      <xs:element name="refField" nillable="true" type="xs:string"/>
      <xs:element name="versionField" nillable="true" type="tns:IdentifierType"/>
    </xs:sequence>
  </xs:complexType>
  <xs:element name="Specialisation" nillable="true" type="tns:Specialisation"/>
  <xs:complexType name="StandardBusinessMessageHeader">
    <xs:sequence>
      <xs:element name="businessScopeField" nillable="true" type="tns:ArrayOfBusinessScope"/>
      <xs:element name="documentIdentificationField" nillable="true" type="tns:DocumentIdentification"/>
      <xs:element name="receiverPartnerField" nillable="true" type="tns:Partner"/>
      <xs:element name="refField" nillable="true" type="xs:string"/>
      <xs:element name="senderPartnerField" nillable="true" type="tns:Partner"/>
      <xs:element name="softwareInformationField" nillable="true" type="tns:ArrayOfSoftwareInformation"/>
      <xs:element name="versionField" nillable="true" type="tns:IdentifierType"/>
    </xs:sequence>
  </xs:complexType>
  <xs:element name="StandardBusinessMessageHeader" nillable="true" type="tns:StandardBusinessMessageHeader"/>
  <xs:complexType name="ArrayOfBusinessScope">
    <xs:sequence>
      <xs:element minOccurs="0" maxOccurs="unbounded" name="BusinessScope" nillable="true" type="tns:BusinessScope"/>
    </xs:sequence>
  </xs:complexType>
  <xs:element name="ArrayOfBusinessScope" nillable="true" type="tns:ArrayOfBusinessScope"/>
  <xs:complexType name="BusinessScope">
    <xs:sequence>
      <xs:element name="correlationInformationField" nillable="true" type="tns:ArrayOfCorrelationInformation"/>
      <xs:element name="idField" nillable="true" type="tns:IdentifierType"/>
      <xs:element name="instanceIDField" nillable="true" type="tns:IdentifierType"/>
      <xs:element name="refField" nillable="true" type="xs:string"/>
      <xs:element name="typeField" nillable="true" type="tns:BusinessScope_CodeType"/>
    </xs:sequence>
  </xs:complexType>
  <xs:element name="BusinessScope" nillable="true" type="tns:BusinessScope"/>
  <xs:complexType name="ArrayOfCorrelationInformation">
    <xs:sequence>
      <xs:element minOccurs="0" maxOccurs="unbounded" name="CorrelationInformation" nillable="true" type="tns:CorrelationInformation"/>
    </xs:sequence>
  </xs:complexType>
  <xs:element name="ArrayOfCorrelationInformation" nillable="true" type="tns:ArrayOfCorrelationInformation"/>
  <xs:complexType name="CorrelationInformation">
    <xs:sequence>
      <xs:element name="expectedResponseDateTimeField" nillable="true" type="tns:DateTimeType"/>
      <xs:element name="refField" nillable="true" type="xs:string"/>
      <xs:element name="requestingDocumentCreationDateTimeField" nillable="true" type="tns:DateTimeType"/>
      <xs:element name="requestingDocumentInstanceIDField" nillable="true" type="tns:IdentifierType"/>
    </xs:sequence>
  </xs:complexType>
  <xs:element name="CorrelationInformation" nillable="true" type="tns:CorrelationInformation"/>
  <xs:complexType name="DateTimeType">
    <xs:sequence>
      <xs:element name="formatField" nillable="true" type="xs:string"/>
      <xs:element name="valueField" type="xs:dateTime"/>
    </xs:sequence>
  </xs:complexType>
  <xs:element name="DateTimeType" nillable="true" type="tns:DateTimeType"/>
  <xs:complexType name="BusinessScope_CodeType">
    <xs:sequence>
      <xs:element name="codeListAgencyField" nillable="true" type="xs:string"/>
      <xs:element name="codeListNameField" nillable="true" type="xs:string"/>
      <xs:element name="codeListURIField" nillable="true" type="xs:string"/>
      <xs:element name="codeListVersionField" nillable="true" type="xs:string"/>
      <xs:element name="codeNameField" nillable="true" type="xs:string"/>
      <xs:element name="valueField" type="tns:BusinessScope_Code"/>
    </xs:sequence>
  </xs:complexType>
  <xs:element name="BusinessScope_CodeType" nillable="true" type="tns:BusinessScope_CodeType"/>
  <xs:simpleType name="BusinessScope_Code">
    <xs:restriction base="xs:string">
      <xs:enumeration value="BusinessCollaboration"/>
      <xs:enumeration value="BusinessProcess"/>
      <xs:enumeration value="BusinessTransaction"/>
    </xs:restriction>
  </xs:simpleType>
  <xs:element name="BusinessScope_Code" nillable="true" type="tns:BusinessScope_Code"/>
  <xs:complexType name="DocumentIdentification">
    <xs:sequence>
      <xs:element name="creationDateTimeField" nillable="true" type="tns:DateTimeType"/>
      <xs:element name="instanceIDField" nillable="true" type="tns:IdentifierType"/>
      <xs:element name="refField" nillable="true" type="xs:string"/>
      <xs:element name="standardField" nillable="true" type="tns:Standard_CodeType"/>
      <xs:element name="typeField" nillable="true" type="tns:CodeType"/>
      <xs:element name="typeVersionField" nillable="true" type="tns:TextType"/>
    </xs:sequence>
  </xs:complexType>
  <xs:element name="DocumentIdentification" nillable="true" type="tns:DocumentIdentification"/>
  <xs:complexType name="Standard_CodeType">
    <xs:sequence>
      <xs:element name="codeListAgencyField" nillable="true" type="xs:string"/>
      <xs:element name="codeListNameField" nillable="true" type="xs:string"/>
      <xs:element name="codeListURIField" nillable="true" type="xs:string"/>
      <xs:element name="codeListVersionField" nillable="true" type="xs:string"/>
      <xs:element name="codeNameField" nillable="true" type="xs:string"/>
      <xs:element name="valueField" type="tns:Standard_Code"/>
    </xs:sequence>
  </xs:complexType>
  <xs:element name="Standard_CodeType" nillable="true" type="tns:Standard_CodeType"/>
  <xs:simpleType name="Standard_Code">
    <xs:restriction base="xs:string">
      <xs:enumeration value="eDAIS"/>
    </xs:restriction>
  </xs:simpleType>
  <xs:element name="Standard_Code" nillable="true" type="tns:Standard_Code"/>
  <xs:complexType name="Partner">
    <xs:sequence>
      <xs:element name="authorityField" nillable="true" type="tns:TextType"/>
      <xs:element name="contactField" nillable="true" type="tns:ArrayOfContact1"/>
      <xs:element name="idField" nillable="true" type="tns:IdentifierType"/>
      <xs:element name="processRoleField" nillable="true" type="tns:CodeType"/>
      <xs:element name="refField" nillable="true" type="xs:string"/>
    </xs:sequence>
  </xs:complexType>
  <xs:element name="Partner" nillable="true" type="tns:Partner"/>
  <xs:complexType name="ArrayOfContact1">
    <xs:sequence>
      <xs:element minOccurs="0" maxOccurs="unbounded" name="Contact1" nillable="true" type="tns:Contact1"/>
    </xs:sequence>
  </xs:complexType>
  <xs:element name="ArrayOfContact1" nillable="true" type="tns:ArrayOfContact1"/>
  <xs:complexType name="Contact1">
    <xs:sequence>
      <xs:element name="contactField" nillable="true" type="tns:TextType"/>
      <xs:element name="contactTypeIdentifierField" nillable="true" type="tns:CodeType"/>
      <xs:element name="emailAddressField" nillable="true" type="xs:string"/>
      <xs:element name="refField" nillable="true" type="xs:string"/>
      <xs:element name="telephoneNumberField" nillable="true" type="tns:TextType"/>
    </xs:sequence>
  </xs:complexType>
  <xs:element name="Contact1" nillable="true" type="tns:Contact1"/>
  <xs:complexType name="ArrayOfSoftwareInformation">
    <xs:sequence>
      <xs:element minOccurs="0" maxOccurs="unbounded" name="SoftwareInformation" nillable="true" type="tns:SoftwareInformation"/>
    </xs:sequence>
  </xs:complexType>
  <xs:element name="ArrayOfSoftwareInformation" nillable="true" type="tns:ArrayOfSoftwareInformation"/>
  <xs:complexType name="SoftwareInformation">
    <xs:sequence>
      <xs:element name="productIDField" nillable="true" type="tns:IdentifierType"/>
      <xs:element name="productNameField" nillable="true" type="tns:TextType"/>
      <xs:element name="productVersionField" nillable="true" type="tns:TextType"/>
      <xs:element name="refField" nillable="true" type="xs:string"/>
    </xs:sequence>
  </xs:complexType>
  <xs:element name="SoftwareInformation" nillable="true" type="tns:SoftwareInformation"/>
</xs:schema>]]></con:content><con:type>http://www.w3.org/2001/XMLSchema</con:type></con:part></con:definitionCache><con:endpoints><con:endpoint>http://example.xml.gov.au/DeclareDetermination_Responder.2.3.0r2</con:endpoint></con:endpoints><con:operation isOneWay="false" action="http://example.xml.gov.au/DeclareDetermination_Responder.2.3.0r2/Declare" name="Declare" bindingOperationName="Declare" type="Request-Response" inputName="" receivesAttachments="false" sendsAttachments="false" anonymous="optional"><con:settings/><con:call name="Request 1"><con:settings/><con:encoding>UTF-8</con:encoding><con:endpoint>http://example.xml.gov.au/DeclareDetermination_Responder.2.3.0r2</con:endpoint><con:request><![CDATA[<soapenv:Envelope xmlns:soapenv="http://schemas.xmlsoap.org/soap/envelope/" xmlns:dec="http://xml.gov.au/edais/bm/DeclareSaveDeterminationNotification.msg.2.3.0r2" xmlns:da="http://xml.gov.au/edais/core/da.data.2.3.0r2" xmlns:naa="http://xml.gov.au/edais/core/naa.data.2.3.0r2" xmlns:lab="http://xml.gov.au/edais/core/lab.data.2.3.0r2" xmlns:spec="http://xml.gov.au/edais/core/specialisation.data.2.3.0r2" xmlns:msg="http://xml.gov.au/edais/core/msg.data.2.3.0r2">
   <soapenv:Header/>
   <soapenv:Body>
      <dec:DeclareSaveDeterminationNotification>
         <dec:Application ref="?">
            <!--Zero or more repetitions:-->
            <da:AdditionalInformation ref="?">
               <!--Zero or more repetitions:-->
               <da:Attachment ref="?">
                  <!--Zero or more repetitions:-->
                  <da:Contributor LanguageIdentifier="?" LanguageLocaleIdentifier="?">?</da:Contributor>
                  <!--Zero or more repetitions:-->
                  <da:Coverage LanguageIdentifier="?" LanguageLocaleIdentifier="?">?</da:Coverage>
                  <!--Zero or more repetitions:-->
                  <da:Creator LanguageIdentifier="?" LanguageLocaleIdentifier="?">?</da:Creator>
                  <!--Optional:-->
                  <da:Date Format="?">?</da:Date>
                  <!--Zero or more repetitions:-->
                  <da:Description LanguageIdentifier="?" LanguageLocaleIdentifier="?">?</da:Description>
                  <!--Optional:-->
                  <da:Format LanguageIdentifier="?" LanguageLocaleIdentifier="?">?</da:Format>
                  <da:Identification identificationSchemeName="?" identificationSchemeURI="?" identificationSchemeVersion="?" identificationSchemeAgency="?">?</da:Identification>
                  <!--Zero or more repetitions:-->
                  <da:Language LanguageIdentifier="?" LanguageLocaleIdentifier="?">?</da:Language>
                  <!--Zero or more repetitions:-->
                  <da:Publisher LanguageIdentifier="?" LanguageLocaleIdentifier="?">?</da:Publisher>
                  <!--Zero or more repetitions:-->
                  <da:Relation LanguageIdentifier="?" LanguageLocaleIdentifier="?">?</da:Relation>
                  <!--Zero or more repetitions:-->
                  <da:Rights LanguageIdentifier="?" LanguageLocaleIdentifier="?">?</da:Rights>
                  <!--Optional:-->
                  <da:Size UnitCode="?">?</da:Size>
                  <!--Zero or more repetitions:-->
                  <da:Source LanguageIdentifier="?" LanguageLocaleIdentifier="?">?</da:Source>
                  <!--Optional:-->
                  <da:Subject LanguageIdentifier="?" LanguageLocaleIdentifier="?">?</da:Subject>
                  <!--Optional:-->
                  <da:Title LanguageIdentifier="?" LanguageLocaleIdentifier="?">?</da:Title>
                  <!--Optional:-->
                  <da:Type LanguageIdentifier="?" LanguageLocaleIdentifier="?">?</da:Type>
                  <!--Optional:-->
                  <da:Version LanguageIdentifier="?" LanguageLocaleIdentifier="?">?</da:Version>
                  <!--You have a CHOICE of the next 2 items at this level-->
                  <!--Optional:-->
                  <da:Attachment Format="?" MimeCode="?" CharacterSetCode="?" EncodingCode="?" UniformResourceIdentifier="?" Filename="?">cid:47626706262</da:Attachment>
                  <!--Optional:-->
                  <da:URI>?</da:URI>
               </da:Attachment>
               <!--Zero or more repetitions:-->
               <da:Comments LanguageIdentifier="?" LanguageLocaleIdentifier="?">?</da:Comments>
               <!--Optional:-->
               <da:DueDate Format="?">?</da:DueDate>
               <da:Identification identificationSchemeName="?" identificationSchemeURI="?" identificationSchemeVersion="?" identificationSchemeAgency="?">?</da:Identification>
               <!--Zero or more repetitions:-->
               <da:Purpose LanguageIdentifier="?" LanguageLocaleIdentifier="?">?</da:Purpose>
               <!--Optional:-->
               <da:ReceivedDate Format="?">?</da:ReceivedDate>
               <!--Optional:-->
               <da:RequestedDate Format="?">?</da:RequestedDate>
               <!--Zero or more repetitions:-->
               <da:RequestingAuthorityPartyRole ref="?">
                  <!--Optional:-->
                  <da:DateTime Format="?">?</da:DateTime>
                  <!--1 or more repetitions:-->
                  <da:Party ref="?">
                     <!--Optional:-->
                     <naa:AccessRights codeName="?" codeListURI="?" codeListAgency="?" codeListName="?" codeListVersion="?">?</naa:AccessRights>
                     <!--Optional:-->
                     <naa:Description LanguageIdentifier="?" LanguageLocaleIdentifier="?">?</naa:Description>
                     <!--You have a CHOICE of the next 2 items at this level-->
                     <!--Optional:-->
                     <naa:Organisation ref="?">
                        <!--Zero or more repetitions:-->
                        <naa:Contact ref="?">
                           <!--Optional:-->
                           <naa:DepartmentName LanguageIdentifier="?" LanguageLocaleIdentifier="?">?</naa:DepartmentName>
                           <!--Optional:-->
                           <naa:Description LanguageIdentifier="?" LanguageLocaleIdentifier="?">?</naa:Description>
                           <naa:Identification identificationSchemeName="?" identificationSchemeURI="?" identificationSchemeVersion="?" identificationSchemeAgency="?">?</naa:Identification>
                           <!--Zero or more repetitions:-->
                           <naa:Internet ref="?">
                              <naa:Type codeName="?" codeListURI="?" codeListAgency="?" codeListName="?" codeListVersion="?">?</naa:Type>
                              <naa:URI>?</naa:URI>
                           </naa:Internet>
                           <!--Optional:-->
                           <naa:IsPrimary Format="?">?</naa:IsPrimary>
                           <!--Optional:-->
                           <naa:JobTitle LanguageIdentifier="?" LanguageLocaleIdentifier="?">?</naa:JobTitle>
                           <!--Optional:-->
                           <naa:PersonName ref="?">
                              <naa:Classification codeName="?" codeListURI="?" codeListAgency="?" codeListName="?" codeListVersion="?">?</naa:Classification>
                              <!--Optional:-->
                              <naa:FamilyName LanguageIdentifier="?" LanguageLocaleIdentifier="?">?</naa:FamilyName>
                              <!--Optional:-->
                              <naa:FamilyNamePrefix LanguageIdentifier="?" LanguageLocaleIdentifier="?">?</naa:FamilyNamePrefix>
                              <!--Optional:-->
                              <naa:GivenName LanguageIdentifier="?" LanguageLocaleIdentifier="?">?</naa:GivenName>
                              <!--Optional:-->
                              <naa:MiddleName LanguageIdentifier="?" LanguageLocaleIdentifier="?">?</naa:MiddleName>
                              <!--Optional:-->
                              <naa:Name LanguageIdentifier="?" LanguageLocaleIdentifier="?">?</naa:Name>
                              <!--Optional:-->
                              <naa:NameSuffix codeName="?" codeListURI="?" codeListAgency="?" codeListName="?" codeListVersion="?">?</naa:NameSuffix>
                              <!--Optional:-->
                              <naa:Salutation LanguageIdentifier="?" LanguageLocaleIdentifier="?">?</naa:Salutation>
                              <!--Optional:-->
                              <naa:Title codeName="?" codeListURI="?" codeListAgency="?" codeListName="?" codeListVersion="?">?</naa:Title>
                              <!--Optional:-->
                              <naa:ValidityPeriod ref="?">
                                 <!--Optional:-->
                                 <naa:Complete Format="?">?</naa:Complete>
                                 <!--Optional:-->
                                 <naa:Description LanguageIdentifier="?" LanguageLocaleIdentifier="?">?</naa:Description>
                                 <!--Optional:-->
                                 <naa:Duration UnitCode="?">?</naa:Duration>
                                 <!--Optional:-->
                                 <naa:End Format="?">?</naa:End>
                                 <naa:Identification identificationSchemeName="?" identificationSchemeURI="?" identificationSchemeVersion="?" identificationSchemeAgency="?">?</naa:Identification>
                                 <!--Optional:-->
                                 <naa:Inclusive Format="?">?</naa:Inclusive>
                                 <!--Optional:-->
                                 <naa:Name LanguageIdentifier="?" LanguageLocaleIdentifier="?">?</naa:Name>
                                 <!--Optional:-->
                                 <naa:Sequence identificationSchemeName="?" identificationSchemeURI="?" identificationSchemeVersion="?" identificationSchemeAgency="?">?</naa:Sequence>
                                 <naa:Start Format="?">?</naa:Start>
                              </naa:ValidityPeriod>
                           </naa:PersonName>
                           <!--Optional:-->
                           <naa:Responsibility LanguageIdentifier="?" LanguageLocaleIdentifier="?">?</naa:Responsibility>
                           <!--Zero or more repetitions:-->
                           <naa:Telephone ref="?">
                              <!--Optional:-->
                              <naa:AreaCode codeName="?" codeListURI="?" codeListAgency="?" codeListName="?" codeListVersion="?">?</naa:AreaCode>
                              <!--Optional:-->
                              <naa:CountryCode codeName="?" codeListURI="?" codeListAgency="?" codeListName="?" codeListVersion="?">?</naa:CountryCode>
                              <!--Optional:-->
                              <naa:Extension LanguageIdentifier="?" LanguageLocaleIdentifier="?">?</naa:Extension>
                              <naa:Number identificationSchemeName="?" identificationSchemeURI="?" identificationSchemeVersion="?" identificationSchemeAgency="?">?</naa:Number>
                              <naa:Type codeName="?" codeListURI="?" codeListAgency="?" codeListName="?" codeListVersion="?">?</naa:Type>
                           </naa:Telephone>
                           <!--Optional:-->
                           <naa:Type codeName="?" codeListURI="?" codeListAgency="?" codeListName="?" codeListVersion="?">?</naa:Type>
                        </naa:Contact>
                        <!--Optional:-->
                        <naa:Description LanguageIdentifier="?" LanguageLocaleIdentifier="?">?</naa:Description>
                        <naa:Identification identificationSchemeName="?" identificationSchemeURI="?" identificationSchemeVersion="?" identificationSchemeAgency="?">?</naa:Identification>
                        <!--Optional:-->
                        <naa:IndustryClassification codeName="?" codeListURI="?" codeListAgency="?" codeListName="?" codeListVersion="?">?</naa:IndustryClassification>
                        <!--Zero or more repetitions:-->
                        <naa:Internet ref="?">
                           <naa:Type codeName="?" codeListURI="?" codeListAgency="?" codeListName="?" codeListVersion="?">?</naa:Type>
                           <naa:URI>?</naa:URI>
                        </naa:Internet>
                        <!--Optional:-->
                        <naa:IsActive Format="?">?</naa:IsActive>
                        <!--Optional:-->
                        <naa:LegalClassification codeName="?" codeListURI="?" codeListAgency="?" codeListName="?" codeListVersion="?">?</naa:LegalClassification>
                        <!--Zero or more repetitions:-->
                        <naa:Organisation/>
                        <!--1 or more repetitions:-->
                        <naa:OrganisationName ref="?">
                           <naa:Classification codeName="?" codeListURI="?" codeListAgency="?" codeListName="?" codeListVersion="?">?</naa:Classification>
                           <naa:Name LanguageIdentifier="?" LanguageLocaleIdentifier="?">?</naa:Name>
                           <!--Optional:-->
                           <naa:ValidityPeriod ref="?">
                              <!--Optional:-->
                              <naa:Complete Format="?">?</naa:Complete>
                              <!--Optional:-->
                              <naa:Description LanguageIdentifier="?" LanguageLocaleIdentifier="?">?</naa:Description>
                              <!--Optional:-->
                              <naa:Duration UnitCode="?">?</naa:Duration>
                              <!--Optional:-->
                              <naa:End Format="?">?</naa:End>
                              <naa:Identification identificationSchemeName="?" identificationSchemeURI="?" identificationSchemeVersion="?" identificationSchemeAgency="?">?</naa:Identification>
                              <!--Optional:-->
                              <naa:Inclusive Format="?">?</naa:Inclusive>
                              <!--Optional:-->
                              <naa:Name LanguageIdentifier="?" LanguageLocaleIdentifier="?">?</naa:Name>
                              <!--Optional:-->
                              <naa:Sequence identificationSchemeName="?" identificationSchemeURI="?" identificationSchemeVersion="?" identificationSchemeAgency="?">?</naa:Sequence>
                              <naa:Start Format="?">?</naa:Start>
                           </naa:ValidityPeriod>
                        </naa:OrganisationName>
                        <!--Zero or more repetitions:-->
                        <naa:PhysicalAddress ref="?">
                           <!--Zero or more repetitions:-->
                           <naa:Address/>
                           <!--Optional:-->
                           <naa:BlockName LanguageIdentifier="?" LanguageLocaleIdentifier="?">?</naa:BlockName>
                           <!--Optional:-->
                           <naa:BuildingName LanguageIdentifier="?" LanguageLocaleIdentifier="?">?</naa:BuildingName>
                           <!--Optional:-->
                           <naa:BuildingNumber LanguageIdentifier="?" LanguageLocaleIdentifier="?">?</naa:BuildingNumber>
                           <!--Optional:-->
                           <naa:CityName LanguageIdentifier="?" LanguageLocaleIdentifier="?">?</naa:CityName>
                           <!--Optional:-->
                           <naa:Code codeName="?" codeListURI="?" codeListAgency="?" codeListName="?" codeListVersion="?">?</naa:Code>
                           <!--Optional:-->
                           <naa:CountryName codeName="?" codeListURI="?" codeListAgency="?" codeListName="?" codeListVersion="?">?</naa:CountryName>
                           <!--Optional:-->
                           <naa:CountrySubDivision codeName="?" codeListURI="?" codeListAgency="?" codeListName="?" codeListVersion="?">?</naa:CountrySubDivision>
                           <!--Zero or more repetitions:-->
                           <naa:Geocode ref="?">
                              <!--Optional:-->
                              <naa:AltimetricSystem codeName="?" codeListURI="?" codeListAgency="?" codeListName="?" codeListVersion="?">?</naa:AltimetricSystem>
                              <!--Optional:-->
                              <naa:Altitude Format="?">?</naa:Altitude>
                              <naa:Identification identificationSchemeName="?" identificationSchemeURI="?" identificationSchemeVersion="?" identificationSchemeAgency="?">?</naa:Identification>
                              <naa:Latitude Format="?">?</naa:Latitude>
                              <!--Optional:-->
                              <naa:LatitudeDirection codeName="?" codeListURI="?" codeListAgency="?" codeListName="?" codeListVersion="?">?</naa:LatitudeDirection>
                              <naa:Longitude Format="?">?</naa:Longitude>
                              <!--Optional:-->
                              <naa:LongitudeDirection codeName="?" codeListURI="?" codeListAgency="?" codeListName="?" codeListVersion="?">?</naa:LongitudeDirection>
                              <!--Optional:-->
                              <naa:System codeName="?" codeListURI="?" codeListAgency="?" codeListName="?" codeListVersion="?">?</naa:System>
                           </naa:Geocode>
                           <naa:Identification identificationSchemeName="?" identificationSchemeURI="?" identificationSchemeVersion="?" identificationSchemeAgency="?">?</naa:Identification>
                           <!--Optional:-->
                           <naa:LineFive LanguageIdentifier="?" LanguageLocaleIdentifier="?">?</naa:LineFive>
                           <!--Optional:-->
                           <naa:LineFour LanguageIdentifier="?" LanguageLocaleIdentifier="?">?</naa:LineFour>
                           <!--Optional:-->
                           <naa:LineOne LanguageIdentifier="?" LanguageLocaleIdentifier="?">?</naa:LineOne>
                           <!--Optional:-->
                           <naa:LineSix LanguageIdentifier="?" LanguageLocaleIdentifier="?">?</naa:LineSix>
                           <!--Optional:-->
                           <naa:LineThree LanguageIdentifier="?" LanguageLocaleIdentifier="?">?</naa:LineThree>
                           <!--Optional:-->
                           <naa:LineTwo LanguageIdentifier="?" LanguageLocaleIdentifier="?">?</naa:LineTwo>
                           <!--Optional:-->
                           <naa:PostOfficeBox LanguageIdentifier="?" LanguageLocaleIdentifier="?">?</naa:PostOfficeBox>
                           <!--Optional:-->
                           <naa:Postcode LanguageIdentifier="?" LanguageLocaleIdentifier="?">?</naa:Postcode>
                           <!--Optional:-->
                           <naa:StreetName LanguageIdentifier="?" LanguageLocaleIdentifier="?">?</naa:StreetName>
                           <!--Optional:-->
                           <naa:StreetSuffix codeName="?" codeListURI="?" codeListAgency="?" codeListName="?" codeListVersion="?">?</naa:StreetSuffix>
                           <!--Optional:-->
                           <naa:StreetType codeName="?" codeListURI="?" codeListAgency="?" codeListName="?" codeListVersion="?">?</naa:StreetType>
                           <!--Optional:-->
                           <naa:Usage codeName="?" codeListURI="?" codeListAgency="?" codeListName="?" codeListVersion="?">?</naa:Usage>
                           <!--Optional:-->
                           <naa:UsagePeriod ref="?">
                              <!--Optional:-->
                              <naa:Complete Format="?">?</naa:Complete>
                              <!--Optional:-->
                              <naa:Description LanguageIdentifier="?" LanguageLocaleIdentifier="?">?</naa:Description>
                              <!--Optional:-->
                              <naa:Duration UnitCode="?">?</naa:Duration>
                              <!--Optional:-->
                              <naa:End Format="?">?</naa:End>
                              <naa:Identification identificationSchemeName="?" identificationSchemeURI="?" identificationSchemeVersion="?" identificationSchemeAgency="?">?</naa:Identification>
                              <!--Optional:-->
                              <naa:Inclusive Format="?">?</naa:Inclusive>
                              <!--Optional:-->
                              <naa:Name LanguageIdentifier="?" LanguageLocaleIdentifier="?">?</naa:Name>
                              <!--Optional:-->
                              <naa:Sequence identificationSchemeName="?" identificationSchemeURI="?" identificationSchemeVersion="?" identificationSchemeAgency="?">?</naa:Sequence>
                              <naa:Start Format="?">?</naa:Start>
                           </naa:UsagePeriod>
                        </naa:PhysicalAddress>
                        <!--Zero or more repetitions:-->
                        <naa:PostalAddress ref="?">
                           <!--Zero or more repetitions:-->
                           <naa:Address/>
                           <!--Optional:-->
                           <naa:BlockName LanguageIdentifier="?" LanguageLocaleIdentifier="?">?</naa:BlockName>
                           <!--Optional:-->
                           <naa:BuildingName LanguageIdentifier="?" LanguageLocaleIdentifier="?">?</naa:BuildingName>
                           <!--Optional:-->
                           <naa:BuildingNumber LanguageIdentifier="?" LanguageLocaleIdentifier="?">?</naa:BuildingNumber>
                           <!--Optional:-->
                           <naa:CityName LanguageIdentifier="?" LanguageLocaleIdentifier="?">?</naa:CityName>
                           <!--Optional:-->
                           <naa:Code codeName="?" codeListURI="?" codeListAgency="?" codeListName="?" codeListVersion="?">?</naa:Code>
                           <!--Optional:-->
                           <naa:CountryName codeName="?" codeListURI="?" codeListAgency="?" codeListName="?" codeListVersion="?">?</naa:CountryName>
                           <!--Optional:-->
                           <naa:CountrySubDivision codeName="?" codeListURI="?" codeListAgency="?" codeListName="?" codeListVersion="?">?</naa:CountrySubDivision>
                           <!--Zero or more repetitions:-->
                           <naa:Geocode ref="?">
                              <!--Optional:-->
                              <naa:AltimetricSystem codeName="?" codeListURI="?" codeListAgency="?" codeListName="?" codeListVersion="?">?</naa:AltimetricSystem>
                              <!--Optional:-->
                              <naa:Altitude Format="?">?</naa:Altitude>
                              <naa:Identification identificationSchemeName="?" identificationSchemeURI="?" identificationSchemeVersion="?" identificationSchemeAgency="?">?</naa:Identification>
                              <naa:Latitude Format="?">?</naa:Latitude>
                              <!--Optional:-->
                              <naa:LatitudeDirection codeName="?" codeListURI="?" codeListAgency="?" codeListName="?" codeListVersion="?">?</naa:LatitudeDirection>
                              <naa:Longitude Format="?">?</naa:Longitude>
                              <!--Optional:-->
                              <naa:LongitudeDirection codeName="?" codeListURI="?" codeListAgency="?" codeListName="?" codeListVersion="?">?</naa:LongitudeDirection>
                              <!--Optional:-->
                              <naa:System codeName="?" codeListURI="?" codeListAgency="?" codeListName="?" codeListVersion="?">?</naa:System>
                           </naa:Geocode>
                           <naa:Identification identificationSchemeName="?" identificationSchemeURI="?" identificationSchemeVersion="?" identificationSchemeAgency="?">?</naa:Identification>
                           <!--Optional:-->
                           <naa:LineFive LanguageIdentifier="?" LanguageLocaleIdentifier="?">?</naa:LineFive>
                           <!--Optional:-->
                           <naa:LineFour LanguageIdentifier="?" LanguageLocaleIdentifier="?">?</naa:LineFour>
                           <!--Optional:-->
                           <naa:LineOne LanguageIdentifier="?" LanguageLocaleIdentifier="?">?</naa:LineOne>
                           <!--Optional:-->
                           <naa:LineSix LanguageIdentifier="?" LanguageLocaleIdentifier="?">?</naa:LineSix>
                           <!--Optional:-->
                           <naa:LineThree LanguageIdentifier="?" LanguageLocaleIdentifier="?">?</naa:LineThree>
                           <!--Optional:-->
                           <naa:LineTwo LanguageIdentifier="?" LanguageLocaleIdentifier="?">?</naa:LineTwo>
                           <!--Optional:-->
                           <naa:PostOfficeBox LanguageIdentifier="?" LanguageLocaleIdentifier="?">?</naa:PostOfficeBox>
                           <!--Optional:-->
                           <naa:Postcode LanguageIdentifier="?" LanguageLocaleIdentifier="?">?</naa:Postcode>
                           <!--Optional:-->
                           <naa:StreetName LanguageIdentifier="?" LanguageLocaleIdentifier="?">?</naa:StreetName>
                           <!--Optional:-->
                           <naa:StreetSuffix codeName="?" codeListURI="?" codeListAgency="?" codeListName="?" codeListVersion="?">?</naa:StreetSuffix>
                           <!--Optional:-->
                           <naa:StreetType codeName="?" codeListURI="?" codeListAgency="?" codeListName="?" codeListVersion="?">?</naa:StreetType>
                           <!--Optional:-->
                           <naa:Usage codeName="?" codeListURI="?" codeListAgency="?" codeListName="?" codeListVersion="?">?</naa:Usage>
                           <!--Optional:-->
                           <naa:UsagePeriod ref="?">
                              <!--Optional:-->
                              <naa:Complete Format="?">?</naa:Complete>
                              <!--Optional:-->
                              <naa:Description LanguageIdentifier="?" LanguageLocaleIdentifier="?">?</naa:Description>
                              <!--Optional:-->
                              <naa:Duration UnitCode="?">?</naa:Duration>
                              <!--Optional:-->
                              <naa:End Format="?">?</naa:End>
                              <naa:Identification identificationSchemeName="?" identificationSchemeURI="?" identificationSchemeVersion="?" identificationSchemeAgency="?">?</naa:Identification>
                              <!--Optional:-->
                              <naa:Inclusive Format="?">?</naa:Inclusive>
                              <!--Optional:-->
                              <naa:Name LanguageIdentifier="?" LanguageLocaleIdentifier="?">?</naa:Name>
                              <!--Optional:-->
                              <naa:Sequence identificationSchemeName="?" identificationSchemeURI="?" identificationSchemeVersion="?" identificationSchemeAgency="?">?</naa:Sequence>
                              <naa:Start Format="?">?</naa:Start>
                           </naa:UsagePeriod>
                        </naa:PostalAddress>
                        <!--Zero or more repetitions:-->
                        <naa:Registration ref="?">
                           <!--Optional:-->
                           <naa:Category codeName="?" codeListURI="?" codeListAgency="?" codeListName="?" codeListVersion="?">?</naa:Category>
                           <!--Optional:-->
                           <naa:Country codeName="?" codeListURI="?" codeListAgency="?" codeListName="?" codeListVersion="?">?</naa:Country>
                           <naa:Identification identificationSchemeName="?" identificationSchemeURI="?" identificationSchemeVersion="?" identificationSchemeAgency="?">?</naa:Identification>
                           <!--Optional:-->
                           <naa:Licence identificationSchemeName="?" identificationSchemeURI="?" identificationSchemeVersion="?" identificationSchemeAgency="?">?</naa:Licence>
                           <!--Optional:-->
                           <naa:Recorded Format="?">?</naa:Recorded>
                           <!--Optional:-->
                           <naa:Type codeName="?" codeListURI="?" codeListAgency="?" codeListName="?" codeListVersion="?">?</naa:Type>
                           <!--Optional:-->
                           <naa:ValidityPeriod ref="?">
                              <!--Optional:-->
                              <naa:Complete Format="?">?</naa:Complete>
                              <!--Optional:-->
                              <naa:Description LanguageIdentifier="?" LanguageLocaleIdentifier="?">?</naa:Description>
                              <!--Optional:-->
                              <naa:Duration UnitCode="?">?</naa:Duration>
                              <!--Optional:-->
                              <naa:End Format="?">?</naa:End>
                              <naa:Identification identificationSchemeName="?" identificationSchemeURI="?" identificationSchemeVersion="?" identificationSchemeAgency="?">?</naa:Identification>
                              <!--Optional:-->
                              <naa:Inclusive Format="?">?</naa:Inclusive>
                              <!--Optional:-->
                              <naa:Name LanguageIdentifier="?" LanguageLocaleIdentifier="?">?</naa:Name>
                              <!--Optional:-->
                              <naa:Sequence identificationSchemeName="?" identificationSchemeURI="?" identificationSchemeVersion="?" identificationSchemeAgency="?">?</naa:Sequence>
                              <naa:Start Format="?">?</naa:Start>
                           </naa:ValidityPeriod>
                        </naa:Registration>
                        <!--Zero or more repetitions:-->
                        <naa:Status ref="?">
                           <naa:Code codeName="?" codeListURI="?" codeListAgency="?" codeListName="?" codeListVersion="?">?</naa:Code>
                           <!--Optional:-->
                           <naa:Description LanguageIdentifier="?" LanguageLocaleIdentifier="?">?</naa:Description>
                           <!--Optional:-->
                           <naa:ValidityPeriod ref="?">
                              <!--Optional:-->
                              <naa:Complete Format="?">?</naa:Complete>
                              <!--Optional:-->
                              <naa:Description LanguageIdentifier="?" LanguageLocaleIdentifier="?">?</naa:Description>
                              <!--Optional:-->
                              <naa:Duration UnitCode="?">?</naa:Duration>
                              <!--Optional:-->
                              <naa:End Format="?">?</naa:End>
                              <naa:Identification identificationSchemeName="?" identificationSchemeURI="?" identificationSchemeVersion="?" identificationSchemeAgency="?">?</naa:Identification>
                              <!--Optional:-->
                              <naa:Inclusive Format="?">?</naa:Inclusive>
                              <!--Optional:-->
                              <naa:Name LanguageIdentifier="?" LanguageLocaleIdentifier="?">?</naa:Name>
                              <!--Optional:-->
                              <naa:Sequence identificationSchemeName="?" identificationSchemeURI="?" identificationSchemeVersion="?" identificationSchemeAgency="?">?</naa:Sequence>
                              <naa:Start Format="?">?</naa:Start>
                           </naa:ValidityPeriod>
                        </naa:Status>
                        <!--Zero or more repetitions:-->
                        <naa:Telephone ref="?">
                           <!--Optional:-->
                           <naa:AreaCode codeName="?" codeListURI="?" codeListAgency="?" codeListName="?" codeListVersion="?">?</naa:AreaCode>
                           <!--Optional:-->
                           <naa:CountryCode codeName="?" codeListURI="?" codeListAgency="?" codeListName="?" codeListVersion="?">?</naa:CountryCode>
                           <!--Optional:-->
                           <naa:Extension LanguageIdentifier="?" LanguageLocaleIdentifier="?">?</naa:Extension>
                           <naa:Number identificationSchemeName="?" identificationSchemeURI="?" identificationSchemeVersion="?" identificationSchemeAgency="?">?</naa:Number>
                           <naa:Type codeName="?" codeListURI="?" codeListAgency="?" codeListName="?" codeListVersion="?">?</naa:Type>
                        </naa:Telephone>
                        <!--Optional:-->
                        <naa:Type codeName="?" codeListURI="?" codeListAgency="?" codeListName="?" codeListVersion="?">?</naa:Type>
                     </naa:Organisation>
                     <!--Optional:-->
                     <naa:Person ref="?">
                        <!--Optional:-->
                        <naa:Description LanguageIdentifier="?" LanguageLocaleIdentifier="?">?</naa:Description>
                        <naa:Identification identificationSchemeName="?" identificationSchemeURI="?" identificationSchemeVersion="?" identificationSchemeAgency="?">?</naa:Identification>
                        <!--Zero or more repetitions:-->
                        <naa:Internet ref="?">
                           <naa:Type codeName="?" codeListURI="?" codeListAgency="?" codeListName="?" codeListVersion="?">?</naa:Type>
                           <naa:URI>?</naa:URI>
                        </naa:Internet>
                        <!--1 or more repetitions:-->
                        <naa:PersonName ref="?">
                           <naa:Classification codeName="?" codeListURI="?" codeListAgency="?" codeListName="?" codeListVersion="?">?</naa:Classification>
                           <!--Optional:-->
                           <naa:FamilyName LanguageIdentifier="?" LanguageLocaleIdentifier="?">?</naa:FamilyName>
                           <!--Optional:-->
                           <naa:FamilyNamePrefix LanguageIdentifier="?" LanguageLocaleIdentifier="?">?</naa:FamilyNamePrefix>
                           <!--Optional:-->
                           <naa:GivenName LanguageIdentifier="?" LanguageLocaleIdentifier="?">?</naa:GivenName>
                           <!--Optional:-->
                           <naa:MiddleName LanguageIdentifier="?" LanguageLocaleIdentifier="?">?</naa:MiddleName>
                           <!--Optional:-->
                           <naa:Name LanguageIdentifier="?" LanguageLocaleIdentifier="?">?</naa:Name>
                           <!--Optional:-->
                           <naa:NameSuffix codeName="?" codeListURI="?" codeListAgency="?" codeListName="?" codeListVersion="?">?</naa:NameSuffix>
                           <!--Optional:-->
                           <naa:Salutation LanguageIdentifier="?" LanguageLocaleIdentifier="?">?</naa:Salutation>
                           <!--Optional:-->
                           <naa:Title codeName="?" codeListURI="?" codeListAgency="?" codeListName="?" codeListVersion="?">?</naa:Title>
                           <!--Optional:-->
                           <naa:ValidityPeriod ref="?">
                              <!--Optional:-->
                              <naa:Complete Format="?">?</naa:Complete>
                              <!--Optional:-->
                              <naa:Description LanguageIdentifier="?" LanguageLocaleIdentifier="?">?</naa:Description>
                              <!--Optional:-->
                              <naa:Duration UnitCode="?">?</naa:Duration>
                              <!--Optional:-->
                              <naa:End Format="?">?</naa:End>
                              <naa:Identification identificationSchemeName="?" identificationSchemeURI="?" identificationSchemeVersion="?" identificationSchemeAgency="?">?</naa:Identification>
                              <!--Optional:-->
                              <naa:Inclusive Format="?">?</naa:Inclusive>
                              <!--Optional:-->
                              <naa:Name LanguageIdentifier="?" LanguageLocaleIdentifier="?">?</naa:Name>
                              <!--Optional:-->
                              <naa:Sequence identificationSchemeName="?" identificationSchemeURI="?" identificationSchemeVersion="?" identificationSchemeAgency="?">?</naa:Sequence>
                              <naa:Start Format="?">?</naa:Start>
                           </naa:ValidityPeriod>
                        </naa:PersonName>
                        <!--Zero or more repetitions:-->
                        <naa:PostalAddress ref="?">
                           <!--Zero or more repetitions:-->
                           <naa:Address/>
                           <!--Optional:-->
                           <naa:BlockName LanguageIdentifier="?" LanguageLocaleIdentifier="?">?</naa:BlockName>
                           <!--Optional:-->
                           <naa:BuildingName LanguageIdentifier="?" LanguageLocaleIdentifier="?">?</naa:BuildingName>
                           <!--Optional:-->
                           <naa:BuildingNumber LanguageIdentifier="?" LanguageLocaleIdentifier="?">?</naa:BuildingNumber>
                           <!--Optional:-->
                           <naa:CityName LanguageIdentifier="?" LanguageLocaleIdentifier="?">?</naa:CityName>
                           <!--Optional:-->
                           <naa:Code codeName="?" codeListURI="?" codeListAgency="?" codeListName="?" codeListVersion="?">?</naa:Code>
                           <!--Optional:-->
                           <naa:CountryName codeName="?" codeListURI="?" codeListAgency="?" codeListName="?" codeListVersion="?">?</naa:CountryName>
                           <!--Optional:-->
                           <naa:CountrySubDivision codeName="?" codeListURI="?" codeListAgency="?" codeListName="?" codeListVersion="?">?</naa:CountrySubDivision>
                           <!--Zero or more repetitions:-->
                           <naa:Geocode ref="?">
                              <!--Optional:-->
                              <naa:AltimetricSystem codeName="?" codeListURI="?" codeListAgency="?" codeListName="?" codeListVersion="?">?</naa:AltimetricSystem>
                              <!--Optional:-->
                              <naa:Altitude Format="?">?</naa:Altitude>
                              <naa:Identification identificationSchemeName="?" identificationSchemeURI="?" identificationSchemeVersion="?" identificationSchemeAgency="?">?</naa:Identification>
                              <naa:Latitude Format="?">?</naa:Latitude>
                              <!--Optional:-->
                              <naa:LatitudeDirection codeName="?" codeListURI="?" codeListAgency="?" codeListName="?" codeListVersion="?">?</naa:LatitudeDirection>
                              <naa:Longitude Format="?">?</naa:Longitude>
                              <!--Optional:-->
                              <naa:LongitudeDirection codeName="?" codeListURI="?" codeListAgency="?" codeListName="?" codeListVersion="?">?</naa:LongitudeDirection>
                              <!--Optional:-->
                              <naa:System codeName="?" codeListURI="?" codeListAgency="?" codeListName="?" codeListVersion="?">?</naa:System>
                           </naa:Geocode>
                           <naa:Identification identificationSchemeName="?" identificationSchemeURI="?" identificationSchemeVersion="?" identificationSchemeAgency="?">?</naa:Identification>
                           <!--Optional:-->
                           <naa:LineFive LanguageIdentifier="?" LanguageLocaleIdentifier="?">?</naa:LineFive>
                           <!--Optional:-->
                           <naa:LineFour LanguageIdentifier="?" LanguageLocaleIdentifier="?">?</naa:LineFour>
                           <!--Optional:-->
                           <naa:LineOne LanguageIdentifier="?" LanguageLocaleIdentifier="?">?</naa:LineOne>
                           <!--Optional:-->
                           <naa:LineSix LanguageIdentifier="?" LanguageLocaleIdentifier="?">?</naa:LineSix>
                           <!--Optional:-->
                           <naa:LineThree LanguageIdentifier="?" LanguageLocaleIdentifier="?">?</naa:LineThree>
                           <!--Optional:-->
                           <naa:LineTwo LanguageIdentifier="?" LanguageLocaleIdentifier="?">?</naa:LineTwo>
                           <!--Optional:-->
                           <naa:PostOfficeBox LanguageIdentifier="?" LanguageLocaleIdentifier="?">?</naa:PostOfficeBox>
                           <!--Optional:-->
                           <naa:Postcode LanguageIdentifier="?" LanguageLocaleIdentifier="?">?</naa:Postcode>
                           <!--Optional:-->
                           <naa:StreetName LanguageIdentifier="?" LanguageLocaleIdentifier="?">?</naa:StreetName>
                           <!--Optional:-->
                           <naa:StreetSuffix codeName="?" codeListURI="?" codeListAgency="?" codeListName="?" codeListVersion="?">?</naa:StreetSuffix>
                           <!--Optional:-->
                           <naa:StreetType codeName="?" codeListURI="?" codeListAgency="?" codeListName="?" codeListVersion="?">?</naa:StreetType>
                           <!--Optional:-->
                           <naa:Usage codeName="?" codeListURI="?" codeListAgency="?" codeListName="?" codeListVersion="?">?</naa:Usage>
                           <!--Optional:-->
                           <naa:UsagePeriod ref="?">
                              <!--Optional:-->
                              <naa:Complete Format="?">?</naa:Complete>
                              <!--Optional:-->
                              <naa:Description LanguageIdentifier="?" LanguageLocaleIdentifier="?">?</naa:Description>
                              <!--Optional:-->
                              <naa:Duration UnitCode="?">?</naa:Duration>
                              <!--Optional:-->
                              <naa:End Format="?">?</naa:End>
                              <naa:Identification identificationSchemeName="?" identificationSchemeURI="?" identificationSchemeVersion="?" identificationSchemeAgency="?">?</naa:Identification>
                              <!--Optional:-->
                              <naa:Inclusive Format="?">?</naa:Inclusive>
                              <!--Optional:-->
                              <naa:Name LanguageIdentifier="?" LanguageLocaleIdentifier="?">?</naa:Name>
                              <!--Optional:-->
                              <naa:Sequence identificationSchemeName="?" identificationSchemeURI="?" identificationSchemeVersion="?" identificationSchemeAgency="?">?</naa:Sequence>
                              <naa:Start Format="?">?</naa:Start>
                           </naa:UsagePeriod>
                        </naa:PostalAddress>
                        <!--Zero or more repetitions:-->
                        <naa:Registration ref="?">
                           <!--Optional:-->
                           <naa:Category codeName="?" codeListURI="?" codeListAgency="?" codeListName="?" codeListVersion="?">?</naa:Category>
                           <!--Optional:-->
                           <naa:Country codeName="?" codeListURI="?" codeListAgency="?" codeListName="?" codeListVersion="?">?</naa:Country>
                           <naa:Identification identificationSchemeName="?" identificationSchemeURI="?" identificationSchemeVersion="?" identificationSchemeAgency="?">?</naa:Identification>
                           <!--Optional:-->
                           <naa:Licence identificationSchemeName="?" identificationSchemeURI="?" identificationSchemeVersion="?" identificationSchemeAgency="?">?</naa:Licence>
                           <!--Optional:-->
                           <naa:Recorded Format="?">?</naa:Recorded>
                           <!--Optional:-->
                           <naa:Type codeName="?" codeListURI="?" codeListAgency="?" codeListName="?" codeListVersion="?">?</naa:Type>
                           <!--Optional:-->
                           <naa:ValidityPeriod ref="?">
                              <!--Optional:-->
                              <naa:Complete Format="?">?</naa:Complete>
                              <!--Optional:-->
                              <naa:Description LanguageIdentifier="?" LanguageLocaleIdentifier="?">?</naa:Description>
                              <!--Optional:-->
                              <naa:Duration UnitCode="?">?</naa:Duration>
                              <!--Optional:-->
                              <naa:End Format="?">?</naa:End>
                              <naa:Identification identificationSchemeName="?" identificationSchemeURI="?" identificationSchemeVersion="?" identificationSchemeAgency="?">?</naa:Identification>
                              <!--Optional:-->
                              <naa:Inclusive Format="?">?</naa:Inclusive>
                              <!--Optional:-->
                              <naa:Name LanguageIdentifier="?" LanguageLocaleIdentifier="?">?</naa:Name>
                              <!--Optional:-->
                              <naa:Sequence identificationSchemeName="?" identificationSchemeURI="?" identificationSchemeVersion="?" identificationSchemeAgency="?">?</naa:Sequence>
                              <naa:Start Format="?">?</naa:Start>
                           </naa:ValidityPeriod>
                        </naa:Registration>
                        <!--Zero or more repetitions:-->
                        <naa:ResidentialAddress ref="?">
                           <!--Zero or more repetitions:-->
                           <naa:Address/>
                           <!--Optional:-->
                           <naa:BlockName LanguageIdentifier="?" LanguageLocaleIdentifier="?">?</naa:BlockName>
                           <!--Optional:-->
                           <naa:BuildingName LanguageIdentifier="?" LanguageLocaleIdentifier="?">?</naa:BuildingName>
                           <!--Optional:-->
                           <naa:BuildingNumber LanguageIdentifier="?" LanguageLocaleIdentifier="?">?</naa:BuildingNumber>
                           <!--Optional:-->
                           <naa:CityName LanguageIdentifier="?" LanguageLocaleIdentifier="?">?</naa:CityName>
                           <!--Optional:-->
                           <naa:Code codeName="?" codeListURI="?" codeListAgency="?" codeListName="?" codeListVersion="?">?</naa:Code>
                           <!--Optional:-->
                           <naa:CountryName codeName="?" codeListURI="?" codeListAgency="?" codeListName="?" codeListVersion="?">?</naa:CountryName>
                           <!--Optional:-->
                           <naa:CountrySubDivision codeName="?" codeListURI="?" codeListAgency="?" codeListName="?" codeListVersion="?">?</naa:CountrySubDivision>
                           <!--Zero or more repetitions:-->
                           <naa:Geocode ref="?">
                              <!--Optional:-->
                              <naa:AltimetricSystem codeName="?" codeListURI="?" codeListAgency="?" codeListName="?" codeListVersion="?">?</naa:AltimetricSystem>
                              <!--Optional:-->
                              <naa:Altitude Format="?">?</naa:Altitude>
                              <naa:Identification identificationSchemeName="?" identificationSchemeURI="?" identificationSchemeVersion="?" identificationSchemeAgency="?">?</naa:Identification>
                              <naa:Latitude Format="?">?</naa:Latitude>
                              <!--Optional:-->
                              <naa:LatitudeDirection codeName="?" codeListURI="?" codeListAgency="?" codeListName="?" codeListVersion="?">?</naa:LatitudeDirection>
                              <naa:Longitude Format="?">?</naa:Longitude>
                              <!--Optional:-->
                              <naa:LongitudeDirection codeName="?" codeListURI="?" codeListAgency="?" codeListName="?" codeListVersion="?">?</naa:LongitudeDirection>
                              <!--Optional:-->
                              <naa:System codeName="?" codeListURI="?" codeListAgency="?" codeListName="?" codeListVersion="?">?</naa:System>
                           </naa:Geocode>
                           <naa:Identification identificationSchemeName="?" identificationSchemeURI="?" identificationSchemeVersion="?" identificationSchemeAgency="?">?</naa:Identification>
                           <!--Optional:-->
                           <naa:LineFive LanguageIdentifier="?" LanguageLocaleIdentifier="?">?</naa:LineFive>
                           <!--Optional:-->
                           <naa:LineFour LanguageIdentifier="?" LanguageLocaleIdentifier="?">?</naa:LineFour>
                           <!--Optional:-->
                           <naa:LineOne LanguageIdentifier="?" LanguageLocaleIdentifier="?">?</naa:LineOne>
                           <!--Optional:-->
                           <naa:LineSix LanguageIdentifier="?" LanguageLocaleIdentifier="?">?</naa:LineSix>
                           <!--Optional:-->
                           <naa:LineThree LanguageIdentifier="?" LanguageLocaleIdentifier="?">?</naa:LineThree>
                           <!--Optional:-->
                           <naa:LineTwo LanguageIdentifier="?" LanguageLocaleIdentifier="?">?</naa:LineTwo>
                           <!--Optional:-->
                           <naa:PostOfficeBox LanguageIdentifier="?" LanguageLocaleIdentifier="?">?</naa:PostOfficeBox>
                           <!--Optional:-->
                           <naa:Postcode LanguageIdentifier="?" LanguageLocaleIdentifier="?">?</naa:Postcode>
                           <!--Optional:-->
                           <naa:StreetName LanguageIdentifier="?" LanguageLocaleIdentifier="?">?</naa:StreetName>
                           <!--Optional:-->
                           <naa:StreetSuffix codeName="?" codeListURI="?" codeListAgency="?" codeListName="?" codeListVersion="?">?</naa:StreetSuffix>
                           <!--Optional:-->
                           <naa:StreetType codeName="?" codeListURI="?" codeListAgency="?" codeListName="?" codeListVersion="?">?</naa:StreetType>
                           <!--Optional:-->
                           <naa:Usage codeName="?" codeListURI="?" codeListAgency="?" codeListName="?" codeListVersion="?">?</naa:Usage>
                           <!--Optional:-->
                           <naa:UsagePeriod ref="?">
                              <!--Optional:-->
                              <naa:Complete Format="?">?</naa:Complete>
                              <!--Optional:-->
                              <naa:Description LanguageIdentifier="?" LanguageLocaleIdentifier="?">?</naa:Description>
                              <!--Optional:-->
                              <naa:Duration UnitCode="?">?</naa:Duration>
                              <!--Optional:-->
                              <naa:End Format="?">?</naa:End>
                              <naa:Identification identificationSchemeName="?" identificationSchemeURI="?" identificationSchemeVersion="?" identificationSchemeAgency="?">?</naa:Identification>
                              <!--Optional:-->
                              <naa:Inclusive Format="?">?</naa:Inclusive>
                              <!--Optional:-->
                              <naa:Name LanguageIdentifier="?" LanguageLocaleIdentifier="?">?</naa:Name>
                              <!--Optional:-->
                              <naa:Sequence identificationSchemeName="?" identificationSchemeURI="?" identificationSchemeVersion="?" identificationSchemeAgency="?">?</naa:Sequence>
                              <naa:Start Format="?">?</naa:Start>
                           </naa:UsagePeriod>
                        </naa:ResidentialAddress>
                        <!--Zero or more repetitions:-->
                        <naa:Status ref="?">
                           <naa:Code codeName="?" codeListURI="?" codeListAgency="?" codeListName="?" codeListVersion="?">?</naa:Code>
                           <!--Optional:-->
                           <naa:Description LanguageIdentifier="?" LanguageLocaleIdentifier="?">?</naa:Description>
                           <!--Optional:-->
                           <naa:ValidityPeriod ref="?">
                              <!--Optional:-->
                              <naa:Complete Format="?">?</naa:Complete>
                              <!--Optional:-->
                              <naa:Description LanguageIdentifier="?" LanguageLocaleIdentifier="?">?</naa:Description>
                              <!--Optional:-->
                              <naa:Duration UnitCode="?">?</naa:Duration>
                              <!--Optional:-->
                              <naa:End Format="?">?</naa:End>
                              <naa:Identification identificationSchemeName="?" identificationSchemeURI="?" identificationSchemeVersion="?" identificationSchemeAgency="?">?</naa:Identification>
                              <!--Optional:-->
                              <naa:Inclusive Format="?">?</naa:Inclusive>
                              <!--Optional:-->
                              <naa:Name LanguageIdentifier="?" LanguageLocaleIdentifier="?">?</naa:Name>
                              <!--Optional:-->
                              <naa:Sequence identificationSchemeName="?" identificationSchemeURI="?" identificationSchemeVersion="?" identificationSchemeAgency="?">?</naa:Sequence>
                              <naa:Start Format="?">?</naa:Start>
                           </naa:ValidityPeriod>
                        </naa:Status>
                        <!--Zero or more repetitions:-->
                        <naa:Telephone ref="?">
                           <!--Optional:-->
                           <naa:AreaCode codeName="?" codeListURI="?" codeListAgency="?" codeListName="?" codeListVersion="?">?</naa:AreaCode>
                           <!--Optional:-->
                           <naa:CountryCode codeName="?" codeListURI="?" codeListAgency="?" codeListName="?" codeListVersion="?">?</naa:CountryCode>
                           <!--Optional:-->
                           <naa:Extension LanguageIdentifier="?" LanguageLocaleIdentifier="?">?</naa:Extension>
                           <naa:Number identificationSchemeName="?" identificationSchemeURI="?" identificationSchemeVersion="?" identificationSchemeAgency="?">?</naa:Number>
                           <naa:Type codeName="?" codeListURI="?" codeListAgency="?" codeListName="?" codeListVersion="?">?</naa:Type>
                        </naa:Telephone>
                     </naa:Person>
                     <naa:Identification identificationSchemeName="?" identificationSchemeURI="?" identificationSchemeVersion="?" identificationSchemeAgency="?">?</naa:Identification>
                     <!--Optional:-->
                     <naa:Language codeName="?" codeListURI="?" codeListAgency="?" codeListName="?" codeListVersion="?">?</naa:Language>
                     <naa:Name LanguageIdentifier="?" LanguageLocaleIdentifier="?">?</naa:Name>
                     <!--Optional:-->
                     <naa:Type LanguageIdentifier="?" LanguageLocaleIdentifier="?">?</naa:Type>
                  </da:Party>
                  <!--Optional:-->
                  <da:Type codeName="?" codeListURI="?" codeListAgency="?" codeListName="?" codeListVersion="?">?</da:Type>
               </da:RequestingAuthorityPartyRole>
               <!--Zero or more repetitions:-->
               <da:ResponsiblePartyRole ref="?">
                  <!--Optional:-->
                  <da:DateTime Format="?">?</da:DateTime>
                  <!--1 or more repetitions:-->
                  <da:Party ref="?">
                     <!--Optional:-->
                     <naa:AccessRights codeName="?" codeListURI="?" codeListAgency="?" codeListName="?" codeListVersion="?">?</naa:AccessRights>
                     <!--Optional:-->
                     <naa:Description LanguageIdentifier="?" LanguageLocaleIdentifier="?">?</naa:Description>
                     <!--You have a CHOICE of the next 2 items at this level-->
                     <!--Optional:-->
                     <naa:Organisation ref="?">
                        <!--Zero or more repetitions:-->
                        <naa:Contact ref="?">
                           <!--Optional:-->
                           <naa:DepartmentName LanguageIdentifier="?" LanguageLocaleIdentifier="?">?</naa:DepartmentName>
                           <!--Optional:-->
                           <naa:Description LanguageIdentifier="?" LanguageLocaleIdentifier="?">?</naa:Description>
                           <naa:Identification identificationSchemeName="?" identificationSchemeURI="?" identificationSchemeVersion="?" identificationSchemeAgency="?">?</naa:Identification>
                           <!--Zero or more repetitions:-->
                           <naa:Internet ref="?">
                              <naa:Type codeName="?" codeListURI="?" codeListAgency="?" codeListName="?" codeListVersion="?">?</naa:Type>
                              <naa:URI>?</naa:URI>
                           </naa:Internet>
                           <!--Optional:-->
                           <naa:IsPrimary Format="?">?</naa:IsPrimary>
                           <!--Optional:-->
                           <naa:JobTitle LanguageIdentifier="?" LanguageLocaleIdentifier="?">?</naa:JobTitle>
                           <!--Optional:-->
                           <naa:PersonName ref="?">
                              <naa:Classification codeName="?" codeListURI="?" codeListAgency="?" codeListName="?" codeListVersion="?">?</naa:Classification>
                              <!--Optional:-->
                              <naa:FamilyName LanguageIdentifier="?" LanguageLocaleIdentifier="?">?</naa:FamilyName>
                              <!--Optional:-->
                              <naa:FamilyNamePrefix LanguageIdentifier="?" LanguageLocaleIdentifier="?">?</naa:FamilyNamePrefix>
                              <!--Optional:-->
                              <naa:GivenName LanguageIdentifier="?" LanguageLocaleIdentifier="?">?</naa:GivenName>
                              <!--Optional:-->
                              <naa:MiddleName LanguageIdentifier="?" LanguageLocaleIdentifier="?">?</naa:MiddleName>
                              <!--Optional:-->
                              <naa:Name LanguageIdentifier="?" LanguageLocaleIdentifier="?">?</naa:Name>
                              <!--Optional:-->
                              <naa:NameSuffix codeName="?" codeListURI="?" codeListAgency="?" codeListName="?" codeListVersion="?">?</naa:NameSuffix>
                              <!--Optional:-->
                              <naa:Salutation LanguageIdentifier="?" LanguageLocaleIdentifier="?">?</naa:Salutation>
                              <!--Optional:-->
                              <naa:Title codeName="?" codeListURI="?" codeListAgency="?" codeListName="?" codeListVersion="?">?</naa:Title>
                              <!--Optional:-->
                              <naa:ValidityPeriod ref="?">
                                 <!--Optional:-->
                                 <naa:Complete Format="?">?</naa:Complete>
                                 <!--Optional:-->
                                 <naa:Description LanguageIdentifier="?" LanguageLocaleIdentifier="?">?</naa:Description>
                                 <!--Optional:-->
                                 <naa:Duration UnitCode="?">?</naa:Duration>
                                 <!--Optional:-->
                                 <naa:End Format="?">?</naa:End>
                                 <naa:Identification identificationSchemeName="?" identificationSchemeURI="?" identificationSchemeVersion="?" identificationSchemeAgency="?">?</naa:Identification>
                                 <!--Optional:-->
                                 <naa:Inclusive Format="?">?</naa:Inclusive>
                                 <!--Optional:-->
                                 <naa:Name LanguageIdentifier="?" LanguageLocaleIdentifier="?">?</naa:Name>
                                 <!--Optional:-->
                                 <naa:Sequence identificationSchemeName="?" identificationSchemeURI="?" identificationSchemeVersion="?" identificationSchemeAgency="?">?</naa:Sequence>
                                 <naa:Start Format="?">?</naa:Start>
                              </naa:ValidityPeriod>
                           </naa:PersonName>
                           <!--Optional:-->
                           <naa:Responsibility LanguageIdentifier="?" LanguageLocaleIdentifier="?">?</naa:Responsibility>
                           <!--Zero or more repetitions:-->
                           <naa:Telephone ref="?">
                              <!--Optional:-->
                              <naa:AreaCode codeName="?" codeListURI="?" codeListAgency="?" codeListName="?" codeListVersion="?">?</naa:AreaCode>
                              <!--Optional:-->
                              <naa:CountryCode codeName="?" codeListURI="?" codeListAgency="?" codeListName="?" codeListVersion="?">?</naa:CountryCode>
                              <!--Optional:-->
                              <naa:Extension LanguageIdentifier="?" LanguageLocaleIdentifier="?">?</naa:Extension>
                              <naa:Number identificationSchemeName="?" identificationSchemeURI="?" identificationSchemeVersion="?" identificationSchemeAgency="?">?</naa:Number>
                              <naa:Type codeName="?" codeListURI="?" codeListAgency="?" codeListName="?" codeListVersion="?">?</naa:Type>
                           </naa:Telephone>
                           <!--Optional:-->
                           <naa:Type codeName="?" codeListURI="?" codeListAgency="?" codeListName="?" codeListVersion="?">?</naa:Type>
                        </naa:Contact>
                        <!--Optional:-->
                        <naa:Description LanguageIdentifier="?" LanguageLocaleIdentifier="?">?</naa:Description>
                        <naa:Identification identificationSchemeName="?" identificationSchemeURI="?" identificationSchemeVersion="?" identificationSchemeAgency="?">?</naa:Identification>
                        <!--Optional:-->
                        <naa:IndustryClassification codeName="?" codeListURI="?" codeListAgency="?" codeListName="?" codeListVersion="?">?</naa:IndustryClassification>
                        <!--Zero or more repetitions:-->
                        <naa:Internet ref="?">
                           <naa:Type codeName="?" codeListURI="?" codeListAgency="?" codeListName="?" codeListVersion="?">?</naa:Type>
                           <naa:URI>?</naa:URI>
                        </naa:Internet>
                        <!--Optional:-->
                        <naa:IsActive Format="?">?</naa:IsActive>
                        <!--Optional:-->
                        <naa:LegalClassification codeName="?" codeListURI="?" codeListAgency="?" codeListName="?" codeListVersion="?">?</naa:LegalClassification>
                        <!--Zero or more repetitions:-->
                        <naa:Organisation/>
                        <!--1 or more repetitions:-->
                        <naa:OrganisationName ref="?">
                           <naa:Classification codeName="?" codeListURI="?" codeListAgency="?" codeListName="?" codeListVersion="?">?</naa:Classification>
                           <naa:Name LanguageIdentifier="?" LanguageLocaleIdentifier="?">?</naa:Name>
                           <!--Optional:-->
                           <naa:ValidityPeriod ref="?">
                              <!--Optional:-->
                              <naa:Complete Format="?">?</naa:Complete>
                              <!--Optional:-->
                              <naa:Description LanguageIdentifier="?" LanguageLocaleIdentifier="?">?</naa:Description>
                              <!--Optional:-->
                              <naa:Duration UnitCode="?">?</naa:Duration>
                              <!--Optional:-->
                              <naa:End Format="?">?</naa:End>
                              <naa:Identification identificationSchemeName="?" identificationSchemeURI="?" identificationSchemeVersion="?" identificationSchemeAgency="?">?</naa:Identification>
                              <!--Optional:-->
                              <naa:Inclusive Format="?">?</naa:Inclusive>
                              <!--Optional:-->
                              <naa:Name LanguageIdentifier="?" LanguageLocaleIdentifier="?">?</naa:Name>
                              <!--Optional:-->
                              <naa:Sequence identificationSchemeName="?" identificationSchemeURI="?" identificationSchemeVersion="?" identificationSchemeAgency="?">?</naa:Sequence>
                              <naa:Start Format="?">?</naa:Start>
                           </naa:ValidityPeriod>
                        </naa:OrganisationName>
                        <!--Zero or more repetitions:-->
                        <naa:PhysicalAddress ref="?">
                           <!--Zero or more repetitions:-->
                           <naa:Address/>
                           <!--Optional:-->
                           <naa:BlockName LanguageIdentifier="?" LanguageLocaleIdentifier="?">?</naa:BlockName>
                           <!--Optional:-->
                           <naa:BuildingName LanguageIdentifier="?" LanguageLocaleIdentifier="?">?</naa:BuildingName>
                           <!--Optional:-->
                           <naa:BuildingNumber LanguageIdentifier="?" LanguageLocaleIdentifier="?">?</naa:BuildingNumber>
                           <!--Optional:-->
                           <naa:CityName LanguageIdentifier="?" LanguageLocaleIdentifier="?">?</naa:CityName>
                           <!--Optional:-->
                           <naa:Code codeName="?" codeListURI="?" codeListAgency="?" codeListName="?" codeListVersion="?">?</naa:Code>
                           <!--Optional:-->
                           <naa:CountryName codeName="?" codeListURI="?" codeListAgency="?" codeListName="?" codeListVersion="?">?</naa:CountryName>
                           <!--Optional:-->
                           <naa:CountrySubDivision codeName="?" codeListURI="?" codeListAgency="?" codeListName="?" codeListVersion="?">?</naa:CountrySubDivision>
                           <!--Zero or more repetitions:-->
                           <naa:Geocode ref="?">
                              <!--Optional:-->
                              <naa:AltimetricSystem codeName="?" codeListURI="?" codeListAgency="?" codeListName="?" codeListVersion="?">?</naa:AltimetricSystem>
                              <!--Optional:-->
                              <naa:Altitude Format="?">?</naa:Altitude>
                              <naa:Identification identificationSchemeName="?" identificationSchemeURI="?" identificationSchemeVersion="?" identificationSchemeAgency="?">?</naa:Identification>
                              <naa:Latitude Format="?">?</naa:Latitude>
                              <!--Optional:-->
                              <naa:LatitudeDirection codeName="?" codeListURI="?" codeListAgency="?" codeListName="?" codeListVersion="?">?</naa:LatitudeDirection>
                              <naa:Longitude Format="?">?</naa:Longitude>
                              <!--Optional:-->
                              <naa:LongitudeDirection codeName="?" codeListURI="?" codeListAgency="?" codeListName="?" codeListVersion="?">?</naa:LongitudeDirection>
                              <!--Optional:-->
                              <naa:System codeName="?" codeListURI="?" codeListAgency="?" codeListName="?" codeListVersion="?">?</naa:System>
                           </naa:Geocode>
                           <naa:Identification identificationSchemeName="?" identificationSchemeURI="?" identificationSchemeVersion="?" identificationSchemeAgency="?">?</naa:Identification>
                           <!--Optional:-->
                           <naa:LineFive LanguageIdentifier="?" LanguageLocaleIdentifier="?">?</naa:LineFive>
                           <!--Optional:-->
                           <naa:LineFour LanguageIdentifier="?" LanguageLocaleIdentifier="?">?</naa:LineFour>
                           <!--Optional:-->
                           <naa:LineOne LanguageIdentifier="?" LanguageLocaleIdentifier="?">?</naa:LineOne>
                           <!--Optional:-->
                           <naa:LineSix LanguageIdentifier="?" LanguageLocaleIdentifier="?">?</naa:LineSix>
                           <!--Optional:-->
                           <naa:LineThree LanguageIdentifier="?" LanguageLocaleIdentifier="?">?</naa:LineThree>
                           <!--Optional:-->
                           <naa:LineTwo LanguageIdentifier="?" LanguageLocaleIdentifier="?">?</naa:LineTwo>
                           <!--Optional:-->
                           <naa:PostOfficeBox LanguageIdentifier="?" LanguageLocaleIdentifier="?">?</naa:PostOfficeBox>
                           <!--Optional:-->
                           <naa:Postcode LanguageIdentifier="?" LanguageLocaleIdentifier="?">?</naa:Postcode>
                           <!--Optional:-->
                           <naa:StreetName LanguageIdentifier="?" LanguageLocaleIdentifier="?">?</naa:StreetName>
                           <!--Optional:-->
                           <naa:StreetSuffix codeName="?" codeListURI="?" codeListAgency="?" codeListName="?" codeListVersion="?">?</naa:StreetSuffix>
                           <!--Optional:-->
                           <naa:StreetType codeName="?" codeListURI="?" codeListAgency="?" codeListName="?" codeListVersion="?">?</naa:StreetType>
                           <!--Optional:-->
                           <naa:Usage codeName="?" codeListURI="?" codeListAgency="?" codeListName="?" codeListVersion="?">?</naa:Usage>
                           <!--Optional:-->
                           <naa:UsagePeriod ref="?">
                              <!--Optional:-->
                              <naa:Complete Format="?">?</naa:Complete>
                              <!--Optional:-->
                              <naa:Description LanguageIdentifier="?" LanguageLocaleIdentifier="?">?</naa:Description>
                              <!--Optional:-->
                              <naa:Duration UnitCode="?">?</naa:Duration>
                              <!--Optional:-->
                              <naa:End Format="?">?</naa:End>
                              <naa:Identification identificationSchemeName="?" identificationSchemeURI="?" identificationSchemeVersion="?" identificationSchemeAgency="?">?</naa:Identification>
                              <!--Optional:-->
                              <naa:Inclusive Format="?">?</naa:Inclusive>
                              <!--Optional:-->
                              <naa:Name LanguageIdentifier="?" LanguageLocaleIdentifier="?">?</naa:Name>
                              <!--Optional:-->
                              <naa:Sequence identificationSchemeName="?" identificationSchemeURI="?" identificationSchemeVersion="?" identificationSchemeAgency="?">?</naa:Sequence>
                              <naa:Start Format="?">?</naa:Start>
                           </naa:UsagePeriod>
                        </naa:PhysicalAddress>
                        <!--Zero or more repetitions:-->
                        <naa:PostalAddress ref="?">
                           <!--Zero or more repetitions:-->
                           <naa:Address/>
                           <!--Optional:-->
                           <naa:BlockName LanguageIdentifier="?" LanguageLocaleIdentifier="?">?</naa:BlockName>
                           <!--Optional:-->
                           <naa:BuildingName LanguageIdentifier="?" LanguageLocaleIdentifier="?">?</naa:BuildingName>
                           <!--Optional:-->
                           <naa:BuildingNumber LanguageIdentifier="?" LanguageLocaleIdentifier="?">?</naa:BuildingNumber>
                           <!--Optional:-->
                           <naa:CityName LanguageIdentifier="?" LanguageLocaleIdentifier="?">?</naa:CityName>
                           <!--Optional:-->
                           <naa:Code codeName="?" codeListURI="?" codeListAgency="?" codeListName="?" codeListVersion="?">?</naa:Code>
                           <!--Optional:-->
                           <naa:CountryName codeName="?" codeListURI="?" codeListAgency="?" codeListName="?" codeListVersion="?">?</naa:CountryName>
                           <!--Optional:-->
                           <naa:CountrySubDivision codeName="?" codeListURI="?" codeListAgency="?" codeListName="?" codeListVersion="?">?</naa:CountrySubDivision>
                           <!--Zero or more repetitions:-->
                           <naa:Geocode ref="?">
                              <!--Optional:-->
                              <naa:AltimetricSystem codeName="?" codeListURI="?" codeListAgency="?" codeListName="?" codeListVersion="?">?</naa:AltimetricSystem>
                              <!--Optional:-->
                              <naa:Altitude Format="?">?</naa:Altitude>
                              <naa:Identification identificationSchemeName="?" identificationSchemeURI="?" identificationSchemeVersion="?" identificationSchemeAgency="?">?</naa:Identification>
                              <naa:Latitude Format="?">?</naa:Latitude>
                              <!--Optional:-->
                              <naa:LatitudeDirection codeName="?" codeListURI="?" codeListAgency="?" codeListName="?" codeListVersion="?">?</naa:LatitudeDirection>
                              <naa:Longitude Format="?">?</naa:Longitude>
                              <!--Optional:-->
                              <naa:LongitudeDirection codeName="?" codeListURI="?" codeListAgency="?" codeListName="?" codeListVersion="?">?</naa:LongitudeDirection>
                              <!--Optional:-->
                              <naa:System codeName="?" codeListURI="?" codeListAgency="?" codeListName="?" codeListVersion="?">?</naa:System>
                           </naa:Geocode>
                           <naa:Identification identificationSchemeName="?" identificationSchemeURI="?" identificationSchemeVersion="?" identificationSchemeAgency="?">?</naa:Identification>
                           <!--Optional:-->
                           <naa:LineFive LanguageIdentifier="?" LanguageLocaleIdentifier="?">?</naa:LineFive>
                           <!--Optional:-->
                           <naa:LineFour LanguageIdentifier="?" LanguageLocaleIdentifier="?">?</naa:LineFour>
                           <!--Optional:-->
                           <naa:LineOne LanguageIdentifier="?" LanguageLocaleIdentifier="?">?</naa:LineOne>
                           <!--Optional:-->
                           <naa:LineSix LanguageIdentifier="?" LanguageLocaleIdentifier="?">?</naa:LineSix>
                           <!--Optional:-->
                           <naa:LineThree LanguageIdentifier="?" LanguageLocaleIdentifier="?">?</naa:LineThree>
                           <!--Optional:-->
                           <naa:LineTwo LanguageIdentifier="?" LanguageLocaleIdentifier="?">?</naa:LineTwo>
                           <!--Optional:-->
                           <naa:PostOfficeBox LanguageIdentifier="?" LanguageLocaleIdentifier="?">?</naa:PostOfficeBox>
                           <!--Optional:-->
                           <naa:Postcode LanguageIdentifier="?" LanguageLocaleIdentifier="?">?</naa:Postcode>
                           <!--Optional:-->
                           <naa:StreetName LanguageIdentifier="?" LanguageLocaleIdentifier="?">?</naa:StreetName>
                           <!--Optional:-->
                           <naa:StreetSuffix codeName="?" codeListURI="?" codeListAgency="?" codeListName="?" codeListVersion="?">?</naa:StreetSuffix>
                           <!--Optional:-->
                           <naa:StreetType codeName="?" codeListURI="?" codeListAgency="?" codeListName="?" codeListVersion="?">?</naa:StreetType>
                           <!--Optional:-->
                           <naa:Usage codeName="?" codeListURI="?" codeListAgency="?" codeListName="?" codeListVersion="?">?</naa:Usage>
                           <!--Optional:-->
                           <naa:UsagePeriod ref="?">
                              <!--Optional:-->
                              <naa:Complete Format="?">?</naa:Complete>
                              <!--Optional:-->
                              <naa:Description LanguageIdentifier="?" LanguageLocaleIdentifier="?">?</naa:Description>
                              <!--Optional:-->
                              <naa:Duration UnitCode="?">?</naa:Duration>
                              <!--Optional:-->
                              <naa:End Format="?">?</naa:End>
                              <naa:Identification identificationSchemeName="?" identificationSchemeURI="?" identificationSchemeVersion="?" identificationSchemeAgency="?">?</naa:Identification>
                              <!--Optional:-->
                              <naa:Inclusive Format="?">?</naa:Inclusive>
                              <!--Optional:-->
                              <naa:Name LanguageIdentifier="?" LanguageLocaleIdentifier="?">?</naa:Name>
                              <!--Optional:-->
                              <naa:Sequence identificationSchemeName="?" identificationSchemeURI="?" identificationSchemeVersion="?" identificationSchemeAgency="?">?</naa:Sequence>
                              <naa:Start Format="?">?</naa:Start>
                           </naa:UsagePeriod>
                        </naa:PostalAddress>
                        <!--Zero or more repetitions:-->
                        <naa:Registration ref="?">
                           <!--Optional:-->
                           <naa:Category codeName="?" codeListURI="?" codeListAgency="?" codeListName="?" codeListVersion="?">?</naa:Category>
                           <!--Optional:-->
                           <naa:Country codeName="?" codeListURI="?" codeListAgency="?" codeListName="?" codeListVersion="?">?</naa:Country>
                           <naa:Identification identificationSchemeName="?" identificationSchemeURI="?" identificationSchemeVersion="?" identificationSchemeAgency="?">?</naa:Identification>
                           <!--Optional:-->
                           <naa:Licence identificationSchemeName="?" identificationSchemeURI="?" identificationSchemeVersion="?" identificationSchemeAgency="?">?</naa:Licence>
                           <!--Optional:-->
                           <naa:Recorded Format="?">?</naa:Recorded>
                           <!--Optional:-->
                           <naa:Type codeName="?" codeListURI="?" codeListAgency="?" codeListName="?" codeListVersion="?">?</naa:Type>
                           <!--Optional:-->
                           <naa:ValidityPeriod ref="?">
                              <!--Optional:-->
                              <naa:Complete Format="?">?</naa:Complete>
                              <!--Optional:-->
                              <naa:Description LanguageIdentifier="?" LanguageLocaleIdentifier="?">?</naa:Description>
                              <!--Optional:-->
                              <naa:Duration UnitCode="?">?</naa:Duration>
                              <!--Optional:-->
                              <naa:End Format="?">?</naa:End>
                              <naa:Identification identificationSchemeName="?" identificationSchemeURI="?" identificationSchemeVersion="?" identificationSchemeAgency="?">?</naa:Identification>
                              <!--Optional:-->
                              <naa:Inclusive Format="?">?</naa:Inclusive>
                              <!--Optional:-->
                              <naa:Name LanguageIdentifier="?" LanguageLocaleIdentifier="?">?</naa:Name>
                              <!--Optional:-->
                              <naa:Sequence identificationSchemeName="?" identificationSchemeURI="?" identificationSchemeVersion="?" identificationSchemeAgency="?">?</naa:Sequence>
                              <naa:Start Format="?">?</naa:Start>
                           </naa:ValidityPeriod>
                        </naa:Registration>
                        <!--Zero or more repetitions:-->
                        <naa:Status ref="?">
                           <naa:Code codeName="?" codeListURI="?" codeListAgency="?" codeListName="?" codeListVersion="?">?</naa:Code>
                           <!--Optional:-->
                           <naa:Description LanguageIdentifier="?" LanguageLocaleIdentifier="?">?</naa:Description>
                           <!--Optional:-->
                           <naa:ValidityPeriod ref="?">
                              <!--Optional:-->
                              <naa:Complete Format="?">?</naa:Complete>
                              <!--Optional:-->
                              <naa:Description LanguageIdentifier="?" LanguageLocaleIdentifier="?">?</naa:Description>
                              <!--Optional:-->
                              <naa:Duration UnitCode="?">?</naa:Duration>
                              <!--Optional:-->
                              <naa:End Format="?">?</naa:End>
                              <naa:Identification identificationSchemeName="?" identificationSchemeURI="?" identificationSchemeVersion="?" identificationSchemeAgency="?">?</naa:Identification>
                              <!--Optional:-->
                              <naa:Inclusive Format="?">?</naa:Inclusive>
                              <!--Optional:-->
                              <naa:Name LanguageIdentifier="?" LanguageLocaleIdentifier="?">?</naa:Name>
                              <!--Optional:-->
                              <naa:Sequence identificationSchemeName="?" identificationSchemeURI="?" identificationSchemeVersion="?" identificationSchemeAgency="?">?</naa:Sequence>
                              <naa:Start Format="?">?</naa:Start>
                           </naa:ValidityPeriod>
                        </naa:Status>
                        <!--Zero or more repetitions:-->
                        <naa:Telephone ref="?">
                           <!--Optional:-->
                           <naa:AreaCode codeName="?" codeListURI="?" codeListAgency="?" codeListName="?" codeListVersion="?">?</naa:AreaCode>
                           <!--Optional:-->
                           <naa:CountryCode codeName="?" codeListURI="?" codeListAgency="?" codeListName="?" codeListVersion="?">?</naa:CountryCode>
                           <!--Optional:-->
                           <naa:Extension LanguageIdentifier="?" LanguageLocaleIdentifier="?">?</naa:Extension>
                           <naa:Number identificationSchemeName="?" identificationSchemeURI="?" identificationSchemeVersion="?" identificationSchemeAgency="?">?</naa:Number>
                           <naa:Type codeName="?" codeListURI="?" codeListAgency="?" codeListName="?" codeListVersion="?">?</naa:Type>
                        </naa:Telephone>
                        <!--Optional:-->
                        <naa:Type codeName="?" codeListURI="?" codeListAgency="?" codeListName="?" codeListVersion="?">?</naa:Type>
                     </naa:Organisation>
                     <!--Optional:-->
                     <naa:Person ref="?">
                        <!--Optional:-->
                        <naa:Description LanguageIdentifier="?" LanguageLocaleIdentifier="?">?</naa:Description>
                        <naa:Identification identificationSchemeName="?" identificationSchemeURI="?" identificationSchemeVersion="?" identificationSchemeAgency="?">?</naa:Identification>
                        <!--Zero or more repetitions:-->
                        <naa:Internet ref="?">
                           <naa:Type codeName="?" codeListURI="?" codeListAgency="?" codeListName="?" codeListVersion="?">?</naa:Type>
                           <naa:URI>?</naa:URI>
                        </naa:Internet>
                        <!--1 or more repetitions:-->
                        <naa:PersonName ref="?">
                           <naa:Classification codeName="?" codeListURI="?" codeListAgency="?" codeListName="?" codeListVersion="?">?</naa:Classification>
                           <!--Optional:-->
                           <naa:FamilyName LanguageIdentifier="?" LanguageLocaleIdentifier="?">?</naa:FamilyName>
                           <!--Optional:-->
                           <naa:FamilyNamePrefix LanguageIdentifier="?" LanguageLocaleIdentifier="?">?</naa:FamilyNamePrefix>
                           <!--Optional:-->
                           <naa:GivenName LanguageIdentifier="?" LanguageLocaleIdentifier="?">?</naa:GivenName>
                           <!--Optional:-->
                           <naa:MiddleName LanguageIdentifier="?" LanguageLocaleIdentifier="?">?</naa:MiddleName>
                           <!--Optional:-->
                           <naa:Name LanguageIdentifier="?" LanguageLocaleIdentifier="?">?</naa:Name>
                           <!--Optional:-->
                           <naa:NameSuffix codeName="?" codeListURI="?" codeListAgency="?" codeListName="?" codeListVersion="?">?</naa:NameSuffix>
                           <!--Optional:-->
                           <naa:Salutation LanguageIdentifier="?" LanguageLocaleIdentifier="?">?</naa:Salutation>
                           <!--Optional:-->
                           <naa:Title codeName="?" codeListURI="?" codeListAgency="?" codeListName="?" codeListVersion="?">?</naa:Title>
                           <!--Optional:-->
                           <naa:ValidityPeriod ref="?">
                              <!--Optional:-->
                              <naa:Complete Format="?">?</naa:Complete>
                              <!--Optional:-->
                              <naa:Description LanguageIdentifier="?" LanguageLocaleIdentifier="?">?</naa:Description>
                              <!--Optional:-->
                              <naa:Duration UnitCode="?">?</naa:Duration>
                              <!--Optional:-->
                              <naa:End Format="?">?</naa:End>
                              <naa:Identification identificationSchemeName="?" identificationSchemeURI="?" identificationSchemeVersion="?" identificationSchemeAgency="?">?</naa:Identification>
                              <!--Optional:-->
                              <naa:Inclusive Format="?">?</naa:Inclusive>
                              <!--Optional:-->
                              <naa:Name LanguageIdentifier="?" LanguageLocaleIdentifier="?">?</naa:Name>
                              <!--Optional:-->
                              <naa:Sequence identificationSchemeName="?" identificationSchemeURI="?" identificationSchemeVersion="?" identificationSchemeAgency="?">?</naa:Sequence>
                              <naa:Start Format="?">?</naa:Start>
                           </naa:ValidityPeriod>
                        </naa:PersonName>
                        <!--Zero or more repetitions:-->
                        <naa:PostalAddress ref="?">
                           <!--Zero or more repetitions:-->
                           <naa:Address/>
                           <!--Optional:-->
                           <naa:BlockName LanguageIdentifier="?" LanguageLocaleIdentifier="?">?</naa:BlockName>
                           <!--Optional:-->
                           <naa:BuildingName LanguageIdentifier="?" LanguageLocaleIdentifier="?">?</naa:BuildingName>
                           <!--Optional:-->
                           <naa:BuildingNumber LanguageIdentifier="?" LanguageLocaleIdentifier="?">?</naa:BuildingNumber>
                           <!--Optional:-->
                           <naa:CityName LanguageIdentifier="?" LanguageLocaleIdentifier="?">?</naa:CityName>
                           <!--Optional:-->
                           <naa:Code codeName="?" codeListURI="?" codeListAgency="?" codeListName="?" codeListVersion="?">?</naa:Code>
                           <!--Optional:-->
                           <naa:CountryName codeName="?" codeListURI="?" codeListAgency="?" codeListName="?" codeListVersion="?">?</naa:CountryName>
                           <!--Optional:-->
                           <naa:CountrySubDivision codeName="?" codeListURI="?" codeListAgency="?" codeListName="?" codeListVersion="?">?</naa:CountrySubDivision>
                           <!--Zero or more repetitions:-->
                           <naa:Geocode ref="?">
                              <!--Optional:-->
                              <naa:AltimetricSystem codeName="?" codeListURI="?" codeListAgency="?" codeListName="?" codeListVersion="?">?</naa:AltimetricSystem>
                              <!--Optional:-->
                              <naa:Altitude Format="?">?</naa:Altitude>
                              <naa:Identification identificationSchemeName="?" identificationSchemeURI="?" identificationSchemeVersion="?" identificationSchemeAgency="?">?</naa:Identification>
                              <naa:Latitude Format="?">?</naa:Latitude>
                              <!--Optional:-->
                              <naa:LatitudeDirection codeName="?" codeListURI="?" codeListAgency="?" codeListName="?" codeListVersion="?">?</naa:LatitudeDirection>
                              <naa:Longitude Format="?">?</naa:Longitude>
                              <!--Optional:-->
                              <naa:LongitudeDirection codeName="?" codeListURI="?" codeListAgency="?" codeListName="?" codeListVersion="?">?</naa:LongitudeDirection>
                              <!--Optional:-->
                              <naa:System codeName="?" codeListURI="?" codeListAgency="?" codeListName="?" codeListVersion="?">?</naa:System>
                           </naa:Geocode>
                           <naa:Identification identificationSchemeName="?" identificationSchemeURI="?" identificationSchemeVersion="?" identificationSchemeAgency="?">?</naa:Identification>
                           <!--Optional:-->
                           <naa:LineFive LanguageIdentifier="?" LanguageLocaleIdentifier="?">?</naa:LineFive>
                           <!--Optional:-->
                           <naa:LineFour LanguageIdentifier="?" LanguageLocaleIdentifier="?">?</naa:LineFour>
                           <!--Optional:-->
                           <naa:LineOne LanguageIdentifier="?" LanguageLocaleIdentifier="?">?</naa:LineOne>
                           <!--Optional:-->
                           <naa:LineSix LanguageIdentifier="?" LanguageLocaleIdentifier="?">?</naa:LineSix>
                           <!--Optional:-->
                           <naa:LineThree LanguageIdentifier="?" LanguageLocaleIdentifier="?">?</naa:LineThree>
                           <!--Optional:-->
                           <naa:LineTwo LanguageIdentifier="?" LanguageLocaleIdentifier="?">?</naa:LineTwo>
                           <!--Optional:-->
                           <naa:PostOfficeBox LanguageIdentifier="?" LanguageLocaleIdentifier="?">?</naa:PostOfficeBox>
                           <!--Optional:-->
                           <naa:Postcode LanguageIdentifier="?" LanguageLocaleIdentifier="?">?</naa:Postcode>
                           <!--Optional:-->
                           <naa:StreetName LanguageIdentifier="?" LanguageLocaleIdentifier="?">?</naa:StreetName>
                           <!--Optional:-->
                           <naa:StreetSuffix codeName="?" codeListURI="?" codeListAgency="?" codeListName="?" codeListVersion="?">?</naa:StreetSuffix>
                           <!--Optional:-->
                           <naa:StreetType codeName="?" codeListURI="?" codeListAgency="?" codeListName="?" codeListVersion="?">?</naa:StreetType>
                           <!--Optional:-->
                           <naa:Usage codeName="?" codeListURI="?" codeListAgency="?" codeListName="?" codeListVersion="?">?</naa:Usage>
                           <!--Optional:-->
                           <naa:UsagePeriod ref="?">
                              <!--Optional:-->
                              <naa:Complete Format="?">?</naa:Complete>
                              <!--Optional:-->
                              <naa:Description LanguageIdentifier="?" LanguageLocaleIdentifier="?">?</naa:Description>
                              <!--Optional:-->
                              <naa:Duration UnitCode="?">?</naa:Duration>
                              <!--Optional:-->
                              <naa:End Format="?">?</naa:End>
                              <naa:Identification identificationSchemeName="?" identificationSchemeURI="?" identificationSchemeVersion="?" identificationSchemeAgency="?">?</naa:Identification>
                              <!--Optional:-->
                              <naa:Inclusive Format="?">?</naa:Inclusive>
                              <!--Optional:-->
                              <naa:Name LanguageIdentifier="?" LanguageLocaleIdentifier="?">?</naa:Name>
                              <!--Optional:-->
                              <naa:Sequence identificationSchemeName="?" identificationSchemeURI="?" identificationSchemeVersion="?" identificationSchemeAgency="?">?</naa:Sequence>
                              <naa:Start Format="?">?</naa:Start>
                           </naa:UsagePeriod>
                        </naa:PostalAddress>
                        <!--Zero or more repetitions:-->
                        <naa:Registration ref="?">
                           <!--Optional:-->
                           <naa:Category codeName="?" codeListURI="?" codeListAgency="?" codeListName="?" codeListVersion="?">?</naa:Category>
                           <!--Optional:-->
                           <naa:Country codeName="?" codeListURI="?" codeListAgency="?" codeListName="?" codeListVersion="?">?</naa:Country>
                           <naa:Identification identificationSchemeName="?" identificationSchemeURI="?" identificationSchemeVersion="?" identificationSchemeAgency="?">?</naa:Identification>
                           <!--Optional:-->
                           <naa:Licence identificationSchemeName="?" identificationSchemeURI="?" identificationSchemeVersion="?" identificationSchemeAgency="?">?</naa:Licence>
                           <!--Optional:-->
                           <naa:Recorded Format="?">?</naa:Recorded>
                           <!--Optional:-->
                           <naa:Type codeName="?" codeListURI="?" codeListAgency="?" codeListName="?" codeListVersion="?">?</naa:Type>
                           <!--Optional:-->
                           <naa:ValidityPeriod ref="?">
                              <!--Optional:-->
                              <naa:Complete Format="?">?</naa:Complete>
                              <!--Optional:-->
                              <naa:Description LanguageIdentifier="?" LanguageLocaleIdentifier="?">?</naa:Description>
                              <!--Optional:-->
                              <naa:Duration UnitCode="?">?</naa:Duration>
                              <!--Optional:-->
                              <naa:End Format="?">?</naa:End>
                              <naa:Identification identificationSchemeName="?" identificationSchemeURI="?" identificationSchemeVersion="?" identificationSchemeAgency="?">?</naa:Identification>
                              <!--Optional:-->
                              <naa:Inclusive Format="?">?</naa:Inclusive>
                              <!--Optional:-->
                              <naa:Name LanguageIdentifier="?" LanguageLocaleIdentifier="?">?</naa:Name>
                              <!--Optional:-->
                              <naa:Sequence identificationSchemeName="?" identificationSchemeURI="?" identificationSchemeVersion="?" identificationSchemeAgency="?">?</naa:Sequence>
                              <naa:Start Format="?">?</naa:Start>
                           </naa:ValidityPeriod>
                        </naa:Registration>
                        <!--Zero or more repetitions:-->
                        <naa:ResidentialAddress ref="?">
                           <!--Zero or more repetitions:-->
                           <naa:Address/>
                           <!--Optional:-->
                           <naa:BlockName LanguageIdentifier="?" LanguageLocaleIdentifier="?">?</naa:BlockName>
                           <!--Optional:-->
                           <naa:BuildingName LanguageIdentifier="?" LanguageLocaleIdentifier="?">?</naa:BuildingName>
                           <!--Optional:-->
                           <naa:BuildingNumber LanguageIdentifier="?" LanguageLocaleIdentifier="?">?</naa:BuildingNumber>
                           <!--Optional:-->
                           <naa:CityName LanguageIdentifier="?" LanguageLocaleIdentifier="?">?</naa:CityName>
                           <!--Optional:-->
                           <naa:Code codeName="?" codeListURI="?" codeListAgency="?" codeListName="?" codeListVersion="?">?</naa:Code>
                           <!--Optional:-->
                           <naa:CountryName codeName="?" codeListURI="?" codeListAgency="?" codeListName="?" codeListVersion="?">?</naa:CountryName>
                           <!--Optional:-->
                           <naa:CountrySubDivision codeName="?" codeListURI="?" codeListAgency="?" codeListName="?" codeListVersion="?">?</naa:CountrySubDivision>
                           <!--Zero or more repetitions:-->
                           <naa:Geocode ref="?">
                              <!--Optional:-->
                              <naa:AltimetricSystem codeName="?" codeListURI="?" codeListAgency="?" codeListName="?" codeListVersion="?">?</naa:AltimetricSystem>
                              <!--Optional:-->
                              <naa:Altitude Format="?">?</naa:Altitude>
                              <naa:Identification identificationSchemeName="?" identificationSchemeURI="?" identificationSchemeVersion="?" identificationSchemeAgency="?">?</naa:Identification>
                              <naa:Latitude Format="?">?</naa:Latitude>
                              <!--Optional:-->
                              <naa:LatitudeDirection codeName="?" codeListURI="?" codeListAgency="?" codeListName="?" codeListVersion="?">?</naa:LatitudeDirection>
                              <naa:Longitude Format="?">?</naa:Longitude>
                              <!--Optional:-->
                              <naa:LongitudeDirection codeName="?" codeListURI="?" codeListAgency="?" codeListName="?" codeListVersion="?">?</naa:LongitudeDirection>
                              <!--Optional:-->
                              <naa:System codeName="?" codeListURI="?" codeListAgency="?" codeListName="?" codeListVersion="?">?</naa:System>
                           </naa:Geocode>
                           <naa:Identification identificationSchemeName="?" identificationSchemeURI="?" identificationSchemeVersion="?" identificationSchemeAgency="?">?</naa:Identification>
                           <!--Optional:-->
                           <naa:LineFive LanguageIdentifier="?" LanguageLocaleIdentifier="?">?</naa:LineFive>
                           <!--Optional:-->
                           <naa:LineFour LanguageIdentifier="?" LanguageLocaleIdentifier="?">?</naa:LineFour>
                           <!--Optional:-->
                           <naa:LineOne LanguageIdentifier="?" LanguageLocaleIdentifier="?">?</naa:LineOne>
                           <!--Optional:-->
                           <naa:LineSix LanguageIdentifier="?" LanguageLocaleIdentifier="?">?</naa:LineSix>
                           <!--Optional:-->
                           <naa:LineThree LanguageIdentifier="?" LanguageLocaleIdentifier="?">?</naa:LineThree>
                           <!--Optional:-->
                           <naa:LineTwo LanguageIdentifier="?" LanguageLocaleIdentifier="?">?</naa:LineTwo>
                           <!--Optional:-->
                           <naa:PostOfficeBox LanguageIdentifier="?" LanguageLocaleIdentifier="?">?</naa:PostOfficeBox>
                           <!--Optional:-->
                           <naa:Postcode LanguageIdentifier="?" LanguageLocaleIdentifier="?">?</naa:Postcode>
                           <!--Optional:-->
                           <naa:StreetName LanguageIdentifier="?" LanguageLocaleIdentifier="?">?</naa:StreetName>
                           <!--Optional:-->
                           <naa:StreetSuffix codeName="?" codeListURI="?" codeListAgency="?" codeListName="?" codeListVersion="?">?</naa:StreetSuffix>
                           <!--Optional:-->
                           <naa:StreetType codeName="?" codeListURI="?" codeListAgency="?" codeListName="?" codeListVersion="?">?</naa:StreetType>
                           <!--Optional:-->
                           <naa:Usage codeName="?" codeListURI="?" codeListAgency="?" codeListName="?" codeListVersion="?">?</naa:Usage>
                           <!--Optional:-->
                           <naa:UsagePeriod ref="?">
                              <!--Optional:-->
                              <naa:Complete Format="?">?</naa:Complete>
                              <!--Optional:-->
                              <naa:Description LanguageIdentifier="?" LanguageLocaleIdentifier="?">?</naa:Description>
                              <!--Optional:-->
                              <naa:Duration UnitCode="?">?</naa:Duration>
                              <!--Optional:-->
                              <naa:End Format="?">?</naa:End>
                              <naa:Identification identificationSchemeName="?" identificationSchemeURI="?" identificationSchemeVersion="?" identificationSchemeAgency="?">?</naa:Identification>
                              <!--Optional:-->
                              <naa:Inclusive Format="?">?</naa:Inclusive>
                              <!--Optional:-->
                              <naa:Name LanguageIdentifier="?" LanguageLocaleIdentifier="?">?</naa:Name>
                              <!--Optional:-->
                              <naa:Sequence identificationSchemeName="?" identificationSchemeURI="?" identificationSchemeVersion="?" identificationSchemeAgency="?">?</naa:Sequence>
                              <naa:Start Format="?">?</naa:Start>
                           </naa:UsagePeriod>
                        </naa:ResidentialAddress>
                        <!--Zero or more repetitions:-->
                        <naa:Status ref="?">
                           <naa:Code codeName="?" codeListURI="?" codeListAgency="?" codeListName="?" codeListVersion="?">?</naa:Code>
                           <!--Optional:-->
                           <naa:Description LanguageIdentifier="?" LanguageLocaleIdentifier="?">?</naa:Description>
                           <!--Optional:-->
                           <naa:ValidityPeriod ref="?">
                              <!--Optional:-->
                              <naa:Complete Format="?">?</naa:Complete>
                              <!--Optional:-->
                              <naa:Description LanguageIdentifier="?" LanguageLocaleIdentifier="?">?</naa:Description>
                              <!--Optional:-->
                              <naa:Duration UnitCode="?">?</naa:Duration>
                              <!--Optional:-->
                              <naa:End Format="?">?</naa:End>
                              <naa:Identification identificationSchemeName="?" identificationSchemeURI="?" identificationSchemeVersion="?" identificationSchemeAgency="?">?</naa:Identification>
                              <!--Optional:-->
                              <naa:Inclusive Format="?">?</naa:Inclusive>
                              <!--Optional:-->
                              <naa:Name LanguageIdentifier="?" LanguageLocaleIdentifier="?">?</naa:Name>
                              <!--Optional:-->
                              <naa:Sequence identificationSchemeName="?" identificationSchemeURI="?" identificationSchemeVersion="?" identificationSchemeAgency="?">?</naa:Sequence>
                              <naa:Start Format="?">?</naa:Start>
                           </naa:ValidityPeriod>
                        </naa:Status>
                        <!--Zero or more repetitions:-->
                        <naa:Telephone ref="?">
                           <!--Optional:-->
                           <naa:AreaCode codeName="?" codeListURI="?" codeListAgency="?" codeListName="?" codeListVersion="?">?</naa:AreaCode>
                           <!--Optional:-->
                           <naa:CountryCode codeName="?" codeListURI="?" codeListAgency="?" codeListName="?" codeListVersion="?">?</naa:CountryCode>
                           <!--Optional:-->
                           <naa:Extension LanguageIdentifier="?" LanguageLocaleIdentifier="?">?</naa:Extension>
                           <naa:Number identificationSchemeName="?" identificationSchemeURI="?" identificationSchemeVersion="?" identificationSchemeAgency="?">?</naa:Number>
                           <naa:Type codeName="?" codeListURI="?" codeListAgency="?" codeListName="?" codeListVersion="?">?</naa:Type>
                        </naa:Telephone>
                     </naa:Person>
                     <naa:Identification identificationSchemeName="?" identificationSchemeURI="?" identificationSchemeVersion="?" identificationSchemeAgency="?">?</naa:Identification>
                     <!--Optional:-->
                     <naa:Language codeName="?" codeListURI="?" codeListAgency="?" codeListName="?" codeListVersion="?">?</naa:Language>
                     <naa:Name LanguageIdentifier="?" LanguageLocaleIdentifier="?">?</naa:Name>
                     <!--Optional:-->
                     <naa:Type LanguageIdentifier="?" LanguageLocaleIdentifier="?">?</naa:Type>
                  </da:Party>
                  <!--Optional:-->
                  <da:Type codeName="?" codeListURI="?" codeListAgency="?" codeListName="?" codeListVersion="?">?</da:Type>
               </da:ResponsiblePartyRole>
               <!--Optional:-->
               <da:Status codeName="?" codeListURI="?" codeListAgency="?" codeListName="?" codeListVersion="?">?</da:Status>
            </da:AdditionalInformation>
            <!--Zero or more repetitions:-->
            <da:Appeal ref="?">
               <da:AppealDate Format="?">?</da:AppealDate>
               <!--Optional:-->
               <da:AppealDecisionDate Format="?">?</da:AppealDecisionDate>
               <da:AppealReference identificationSchemeName="?" identificationSchemeURI="?" identificationSchemeVersion="?" identificationSchemeAgency="?">?</da:AppealReference>
               <!--Zero or more repetitions:-->
               <da:Comments LanguageIdentifier="?" LanguageLocaleIdentifier="?">?</da:Comments>
               <!--Zero or more repetitions:-->
               <da:Condition ref="?">
                  <da:Classification codeName="?" codeListURI="?" codeListAgency="?" codeListName="?" codeListVersion="?">?</da:Classification>
                  <!--Optional:-->
                  <da:ConditionReference identificationSchemeName="?" identificationSchemeURI="?" identificationSchemeVersion="?" identificationSchemeAgency="?">?</da:ConditionReference>
                  <!--Optional:-->
                  <da:Detail LanguageIdentifier="?" LanguageLocaleIdentifier="?">?</da:Detail>
                  <da:Identification identificationSchemeName="?" identificationSchemeURI="?" identificationSchemeVersion="?" identificationSchemeAgency="?">?</da:Identification>
                  <!--Optional:-->
                  <da:Type codeName="?" codeListURI="?" codeListAgency="?" codeListName="?" codeListVersion="?">?</da:Type>
               </da:Condition>
               <!--Optional:-->
               <da:Outcome codeName="?" codeListURI="?" codeListAgency="?" codeListName="?" codeListVersion="?">?</da:Outcome>
               <!--1 or more repetitions:-->
               <da:PartyRole ref="?">
                  <!--Optional:-->
                  <da:DateTime Format="?">?</da:DateTime>
                  <!--1 or more repetitions:-->
                  <da:Party ref="?">
                     <!--Optional:-->
                     <naa:AccessRights codeName="?" codeListURI="?" codeListAgency="?" codeListName="?" codeListVersion="?">?</naa:AccessRights>
                     <!--Optional:-->
                     <naa:Description LanguageIdentifier="?" LanguageLocaleIdentifier="?">?</naa:Description>
                     <!--You have a CHOICE of the next 2 items at this level-->
                     <!--Optional:-->
                     <naa:Organisation ref="?">
                        <!--Zero or more repetitions:-->
                        <naa:Contact ref="?">
                           <!--Optional:-->
                           <naa:DepartmentName LanguageIdentifier="?" LanguageLocaleIdentifier="?">?</naa:DepartmentName>
                           <!--Optional:-->
                           <naa:Description LanguageIdentifier="?" LanguageLocaleIdentifier="?">?</naa:Description>
                           <naa:Identification identificationSchemeName="?" identificationSchemeURI="?" identificationSchemeVersion="?" identificationSchemeAgency="?">?</naa:Identification>
                           <!--Zero or more repetitions:-->
                           <naa:Internet ref="?">
                              <naa:Type codeName="?" codeListURI="?" codeListAgency="?" codeListName="?" codeListVersion="?">?</naa:Type>
                              <naa:URI>?</naa:URI>
                           </naa:Internet>
                           <!--Optional:-->
                           <naa:IsPrimary Format="?">?</naa:IsPrimary>
                           <!--Optional:-->
                           <naa:JobTitle LanguageIdentifier="?" LanguageLocaleIdentifier="?">?</naa:JobTitle>
                           <!--Optional:-->
                           <naa:PersonName ref="?">
                              <naa:Classification codeName="?" codeListURI="?" codeListAgency="?" codeListName="?" codeListVersion="?">?</naa:Classification>
                              <!--Optional:-->
                              <naa:FamilyName LanguageIdentifier="?" LanguageLocaleIdentifier="?">?</naa:FamilyName>
                              <!--Optional:-->
                              <naa:FamilyNamePrefix LanguageIdentifier="?" LanguageLocaleIdentifier="?">?</naa:FamilyNamePrefix>
                              <!--Optional:-->
                              <naa:GivenName LanguageIdentifier="?" LanguageLocaleIdentifier="?">?</naa:GivenName>
                              <!--Optional:-->
                              <naa:MiddleName LanguageIdentifier="?" LanguageLocaleIdentifier="?">?</naa:MiddleName>
                              <!--Optional:-->
                              <naa:Name LanguageIdentifier="?" LanguageLocaleIdentifier="?">?</naa:Name>
                              <!--Optional:-->
                              <naa:NameSuffix codeName="?" codeListURI="?" codeListAgency="?" codeListName="?" codeListVersion="?">?</naa:NameSuffix>
                              <!--Optional:-->
                              <naa:Salutation LanguageIdentifier="?" LanguageLocaleIdentifier="?">?</naa:Salutation>
                              <!--Optional:-->
                              <naa:Title codeName="?" codeListURI="?" codeListAgency="?" codeListName="?" codeListVersion="?">?</naa:Title>
                              <!--Optional:-->
                              <naa:ValidityPeriod ref="?">
                                 <!--Optional:-->
                                 <naa:Complete Format="?">?</naa:Complete>
                                 <!--Optional:-->
                                 <naa:Description LanguageIdentifier="?" LanguageLocaleIdentifier="?">?</naa:Description>
                                 <!--Optional:-->
                                 <naa:Duration UnitCode="?">?</naa:Duration>
                                 <!--Optional:-->
                                 <naa:End Format="?">?</naa:End>
                                 <naa:Identification identificationSchemeName="?" identificationSchemeURI="?" identificationSchemeVersion="?" identificationSchemeAgency="?">?</naa:Identification>
                                 <!--Optional:-->
                                 <naa:Inclusive Format="?">?</naa:Inclusive>
                                 <!--Optional:-->
                                 <naa:Name LanguageIdentifier="?" LanguageLocaleIdentifier="?">?</naa:Name>
                                 <!--Optional:-->
                                 <naa:Sequence identificationSchemeName="?" identificationSchemeURI="?" identificationSchemeVersion="?" identificationSchemeAgency="?">?</naa:Sequence>
                                 <naa:Start Format="?">?</naa:Start>
                              </naa:ValidityPeriod>
                           </naa:PersonName>
                           <!--Optional:-->
                           <naa:Responsibility LanguageIdentifier="?" LanguageLocaleIdentifier="?">?</naa:Responsibility>
                           <!--Zero or more repetitions:-->
                           <naa:Telephone ref="?">
                              <!--Optional:-->
                              <naa:AreaCode codeName="?" codeListURI="?" codeListAgency="?" codeListName="?" codeListVersion="?">?</naa:AreaCode>
                              <!--Optional:-->
                              <naa:CountryCode codeName="?" codeListURI="?" codeListAgency="?" codeListName="?" codeListVersion="?">?</naa:CountryCode>
                              <!--Optional:-->
                              <naa:Extension LanguageIdentifier="?" LanguageLocaleIdentifier="?">?</naa:Extension>
                              <naa:Number identificationSchemeName="?" identificationSchemeURI="?" identificationSchemeVersion="?" identificationSchemeAgency="?">?</naa:Number>
                              <naa:Type codeName="?" codeListURI="?" codeListAgency="?" codeListName="?" codeListVersion="?">?</naa:Type>
                           </naa:Telephone>
                           <!--Optional:-->
                           <naa:Type codeName="?" codeListURI="?" codeListAgency="?" codeListName="?" codeListVersion="?">?</naa:Type>
                        </naa:Contact>
                        <!--Optional:-->
                        <naa:Description LanguageIdentifier="?" LanguageLocaleIdentifier="?">?</naa:Description>
                        <naa:Identification identificationSchemeName="?" identificationSchemeURI="?" identificationSchemeVersion="?" identificationSchemeAgency="?">?</naa:Identification>
                        <!--Optional:-->
                        <naa:IndustryClassification codeName="?" codeListURI="?" codeListAgency="?" codeListName="?" codeListVersion="?">?</naa:IndustryClassification>
                        <!--Zero or more repetitions:-->
                        <naa:Internet ref="?">
                           <naa:Type codeName="?" codeListURI="?" codeListAgency="?" codeListName="?" codeListVersion="?">?</naa:Type>
                           <naa:URI>?</naa:URI>
                        </naa:Internet>
                        <!--Optional:-->
                        <naa:IsActive Format="?">?</naa:IsActive>
                        <!--Optional:-->
                        <naa:LegalClassification codeName="?" codeListURI="?" codeListAgency="?" codeListName="?" codeListVersion="?">?</naa:LegalClassification>
                        <!--Zero or more repetitions:-->
                        <naa:Organisation/>
                        <!--1 or more repetitions:-->
                        <naa:OrganisationName ref="?">
                           <naa:Classification codeName="?" codeListURI="?" codeListAgency="?" codeListName="?" codeListVersion="?">?</naa:Classification>
                           <naa:Name LanguageIdentifier="?" LanguageLocaleIdentifier="?">?</naa:Name>
                           <!--Optional:-->
                           <naa:ValidityPeriod ref="?">
                              <!--Optional:-->
                              <naa:Complete Format="?">?</naa:Complete>
                              <!--Optional:-->
                              <naa:Description LanguageIdentifier="?" LanguageLocaleIdentifier="?">?</naa:Description>
                              <!--Optional:-->
                              <naa:Duration UnitCode="?">?</naa:Duration>
                              <!--Optional:-->
                              <naa:End Format="?">?</naa:End>
                              <naa:Identification identificationSchemeName="?" identificationSchemeURI="?" identificationSchemeVersion="?" identificationSchemeAgency="?">?</naa:Identification>
                              <!--Optional:-->
                              <naa:Inclusive Format="?">?</naa:Inclusive>
                              <!--Optional:-->
                              <naa:Name LanguageIdentifier="?" LanguageLocaleIdentifier="?">?</naa:Name>
                              <!--Optional:-->
                              <naa:Sequence identificationSchemeName="?" identificationSchemeURI="?" identificationSchemeVersion="?" identificationSchemeAgency="?">?</naa:Sequence>
                              <naa:Start Format="?">?</naa:Start>
                           </naa:ValidityPeriod>
                        </naa:OrganisationName>
                        <!--Zero or more repetitions:-->
                        <naa:PhysicalAddress ref="?">
                           <!--Zero or more repetitions:-->
                           <naa:Address/>
                           <!--Optional:-->
                           <naa:BlockName LanguageIdentifier="?" LanguageLocaleIdentifier="?">?</naa:BlockName>
                           <!--Optional:-->
                           <naa:BuildingName LanguageIdentifier="?" LanguageLocaleIdentifier="?">?</naa:BuildingName>
                           <!--Optional:-->
                           <naa:BuildingNumber LanguageIdentifier="?" LanguageLocaleIdentifier="?">?</naa:BuildingNumber>
                           <!--Optional:-->
                           <naa:CityName LanguageIdentifier="?" LanguageLocaleIdentifier="?">?</naa:CityName>
                           <!--Optional:-->
                           <naa:Code codeName="?" codeListURI="?" codeListAgency="?" codeListName="?" codeListVersion="?">?</naa:Code>
                           <!--Optional:-->
                           <naa:CountryName codeName="?" codeListURI="?" codeListAgency="?" codeListName="?" codeListVersion="?">?</naa:CountryName>
                           <!--Optional:-->
                           <naa:CountrySubDivision codeName="?" codeListURI="?" codeListAgency="?" codeListName="?" codeListVersion="?">?</naa:CountrySubDivision>
                           <!--Zero or more repetitions:-->
                           <naa:Geocode ref="?">
                              <!--Optional:-->
                              <naa:AltimetricSystem codeName="?" codeListURI="?" codeListAgency="?" codeListName="?" codeListVersion="?">?</naa:AltimetricSystem>
                              <!--Optional:-->
                              <naa:Altitude Format="?">?</naa:Altitude>
                              <naa:Identification identificationSchemeName="?" identificationSchemeURI="?" identificationSchemeVersion="?" identificationSchemeAgency="?">?</naa:Identification>
                              <naa:Latitude Format="?">?</naa:Latitude>
                              <!--Optional:-->
                              <naa:LatitudeDirection codeName="?" codeListURI="?" codeListAgency="?" codeListName="?" codeListVersion="?">?</naa:LatitudeDirection>
                              <naa:Longitude Format="?">?</naa:Longitude>
                              <!--Optional:-->
                              <naa:LongitudeDirection codeName="?" codeListURI="?" codeListAgency="?" codeListName="?" codeListVersion="?">?</naa:LongitudeDirection>
                              <!--Optional:-->
                              <naa:System codeName="?" codeListURI="?" codeListAgency="?" codeListName="?" codeListVersion="?">?</naa:System>
                           </naa:Geocode>
                           <naa:Identification identificationSchemeName="?" identificationSchemeURI="?" identificationSchemeVersion="?" identificationSchemeAgency="?">?</naa:Identification>
                           <!--Optional:-->
                           <naa:LineFive LanguageIdentifier="?" LanguageLocaleIdentifier="?">?</naa:LineFive>
                           <!--Optional:-->
                           <naa:LineFour LanguageIdentifier="?" LanguageLocaleIdentifier="?">?</naa:LineFour>
                           <!--Optional:-->
                           <naa:LineOne LanguageIdentifier="?" LanguageLocaleIdentifier="?">?</naa:LineOne>
                           <!--Optional:-->
                           <naa:LineSix LanguageIdentifier="?" LanguageLocaleIdentifier="?">?</naa:LineSix>
                           <!--Optional:-->
                           <naa:LineThree LanguageIdentifier="?" LanguageLocaleIdentifier="?">?</naa:LineThree>
                           <!--Optional:-->
                           <naa:LineTwo LanguageIdentifier="?" LanguageLocaleIdentifier="?">?</naa:LineTwo>
                           <!--Optional:-->
                           <naa:PostOfficeBox LanguageIdentifier="?" LanguageLocaleIdentifier="?">?</naa:PostOfficeBox>
                           <!--Optional:-->
                           <naa:Postcode LanguageIdentifier="?" LanguageLocaleIdentifier="?">?</naa:Postcode>
                           <!--Optional:-->
                           <naa:StreetName LanguageIdentifier="?" LanguageLocaleIdentifier="?">?</naa:StreetName>
                           <!--Optional:-->
                           <naa:StreetSuffix codeName="?" codeListURI="?" codeListAgency="?" codeListName="?" codeListVersion="?">?</naa:StreetSuffix>
                           <!--Optional:-->
                           <naa:StreetType codeName="?" codeListURI="?" codeListAgency="?" codeListName="?" codeListVersion="?">?</naa:StreetType>
                           <!--Optional:-->
                           <naa:Usage codeName="?" codeListURI="?" codeListAgency="?" codeListName="?" codeListVersion="?">?</naa:Usage>
                           <!--Optional:-->
                           <naa:UsagePeriod ref="?">
                              <!--Optional:-->
                              <naa:Complete Format="?">?</naa:Complete>
                              <!--Optional:-->
                              <naa:Description LanguageIdentifier="?" LanguageLocaleIdentifier="?">?</naa:Description>
                              <!--Optional:-->
                              <naa:Duration UnitCode="?">?</naa:Duration>
                              <!--Optional:-->
                              <naa:End Format="?">?</naa:End>
                              <naa:Identification identificationSchemeName="?" identificationSchemeURI="?" identificationSchemeVersion="?" identificationSchemeAgency="?">?</naa:Identification>
                              <!--Optional:-->
                              <naa:Inclusive Format="?">?</naa:Inclusive>
                              <!--Optional:-->
                              <naa:Name LanguageIdentifier="?" LanguageLocaleIdentifier="?">?</naa:Name>
                              <!--Optional:-->
                              <naa:Sequence identificationSchemeName="?" identificationSchemeURI="?" identificationSchemeVersion="?" identificationSchemeAgency="?">?</naa:Sequence>
                              <naa:Start Format="?">?</naa:Start>
                           </naa:UsagePeriod>
                        </naa:PhysicalAddress>
                        <!--Zero or more repetitions:-->
                        <naa:PostalAddress ref="?">
                           <!--Zero or more repetitions:-->
                           <naa:Address/>
                           <!--Optional:-->
                           <naa:BlockName LanguageIdentifier="?" LanguageLocaleIdentifier="?">?</naa:BlockName>
                           <!--Optional:-->
                           <naa:BuildingName LanguageIdentifier="?" LanguageLocaleIdentifier="?">?</naa:BuildingName>
                           <!--Optional:-->
                           <naa:BuildingNumber LanguageIdentifier="?" LanguageLocaleIdentifier="?">?</naa:BuildingNumber>
                           <!--Optional:-->
                           <naa:CityName LanguageIdentifier="?" LanguageLocaleIdentifier="?">?</naa:CityName>
                           <!--Optional:-->
                           <naa:Code codeName="?" codeListURI="?" codeListAgency="?" codeListName="?" codeListVersion="?">?</naa:Code>
                           <!--Optional:-->
                           <naa:CountryName codeName="?" codeListURI="?" codeListAgency="?" codeListName="?" codeListVersion="?">?</naa:CountryName>
                           <!--Optional:-->
                           <naa:CountrySubDivision codeName="?" codeListURI="?" codeListAgency="?" codeListName="?" codeListVersion="?">?</naa:CountrySubDivision>
                           <!--Zero or more repetitions:-->
                           <naa:Geocode ref="?">
                              <!--Optional:-->
                              <naa:AltimetricSystem codeName="?" codeListURI="?" codeListAgency="?" codeListName="?" codeListVersion="?">?</naa:AltimetricSystem>
                              <!--Optional:-->
                              <naa:Altitude Format="?">?</naa:Altitude>
                              <naa:Identification identificationSchemeName="?" identificationSchemeURI="?" identificationSchemeVersion="?" identificationSchemeAgency="?">?</naa:Identification>
                              <naa:Latitude Format="?">?</naa:Latitude>
                              <!--Optional:-->
                              <naa:LatitudeDirection codeName="?" codeListURI="?" codeListAgency="?" codeListName="?" codeListVersion="?">?</naa:LatitudeDirection>
                              <naa:Longitude Format="?">?</naa:Longitude>
                              <!--Optional:-->
                              <naa:LongitudeDirection codeName="?" codeListURI="?" codeListAgency="?" codeListName="?" codeListVersion="?">?</naa:LongitudeDirection>
                              <!--Optional:-->
                              <naa:System codeName="?" codeListURI="?" codeListAgency="?" codeListName="?" codeListVersion="?">?</naa:System>
                           </naa:Geocode>
                           <naa:Identification identificationSchemeName="?" identificationSchemeURI="?" identificationSchemeVersion="?" identificationSchemeAgency="?">?</naa:Identification>
                           <!--Optional:-->
                           <naa:LineFive LanguageIdentifier="?" LanguageLocaleIdentifier="?">?</naa:LineFive>
                           <!--Optional:-->
                           <naa:LineFour LanguageIdentifier="?" LanguageLocaleIdentifier="?">?</naa:LineFour>
                           <!--Optional:-->
                           <naa:LineOne LanguageIdentifier="?" LanguageLocaleIdentifier="?">?</naa:LineOne>
                           <!--Optional:-->
                           <naa:LineSix LanguageIdentifier="?" LanguageLocaleIdentifier="?">?</naa:LineSix>
                           <!--Optional:-->
                           <naa:LineThree LanguageIdentifier="?" LanguageLocaleIdentifier="?">?</naa:LineThree>
                           <!--Optional:-->
                           <naa:LineTwo LanguageIdentifier="?" LanguageLocaleIdentifier="?">?</naa:LineTwo>
                           <!--Optional:-->
                           <naa:PostOfficeBox LanguageIdentifier="?" LanguageLocaleIdentifier="?">?</naa:PostOfficeBox>
                           <!--Optional:-->
                           <naa:Postcode LanguageIdentifier="?" LanguageLocaleIdentifier="?">?</naa:Postcode>
                           <!--Optional:-->
                           <naa:StreetName LanguageIdentifier="?" LanguageLocaleIdentifier="?">?</naa:StreetName>
                           <!--Optional:-->
                           <naa:StreetSuffix codeName="?" codeListURI="?" codeListAgency="?" codeListName="?" codeListVersion="?">?</naa:StreetSuffix>
                           <!--Optional:-->
                           <naa:StreetType codeName="?" codeListURI="?" codeListAgency="?" codeListName="?" codeListVersion="?">?</naa:StreetType>
                           <!--Optional:-->
                           <naa:Usage codeName="?" codeListURI="?" codeListAgency="?" codeListName="?" codeListVersion="?">?</naa:Usage>
                           <!--Optional:-->
                           <naa:UsagePeriod ref="?">
                              <!--Optional:-->
                              <naa:Complete Format="?">?</naa:Complete>
                              <!--Optional:-->
                              <naa:Description LanguageIdentifier="?" LanguageLocaleIdentifier="?">?</naa:Description>
                              <!--Optional:-->
                              <naa:Duration UnitCode="?">?</naa:Duration>
                              <!--Optional:-->
                              <naa:End Format="?">?</naa:End>
                              <naa:Identification identificationSchemeName="?" identificationSchemeURI="?" identificationSchemeVersion="?" identificationSchemeAgency="?">?</naa:Identification>
                              <!--Optional:-->
                              <naa:Inclusive Format="?">?</naa:Inclusive>
                              <!--Optional:-->
                              <naa:Name LanguageIdentifier="?" LanguageLocaleIdentifier="?">?</naa:Name>
                              <!--Optional:-->
                              <naa:Sequence identificationSchemeName="?" identificationSchemeURI="?" identificationSchemeVersion="?" identificationSchemeAgency="?">?</naa:Sequence>
                              <naa:Start Format="?">?</naa:Start>
                           </naa:UsagePeriod>
                        </naa:PostalAddress>
                        <!--Zero or more repetitions:-->
                        <naa:Registration ref="?">
                           <!--Optional:-->
                           <naa:Category codeName="?" codeListURI="?" codeListAgency="?" codeListName="?" codeListVersion="?">?</naa:Category>
                           <!--Optional:-->
                           <naa:Country codeName="?" codeListURI="?" codeListAgency="?" codeListName="?" codeListVersion="?">?</naa:Country>
                           <naa:Identification identificationSchemeName="?" identificationSchemeURI="?" identificationSchemeVersion="?" identificationSchemeAgency="?">?</naa:Identification>
                           <!--Optional:-->
                           <naa:Licence identificationSchemeName="?" identificationSchemeURI="?" identificationSchemeVersion="?" identificationSchemeAgency="?">?</naa:Licence>
                           <!--Optional:-->
                           <naa:Recorded Format="?">?</naa:Recorded>
                           <!--Optional:-->
                           <naa:Type codeName="?" codeListURI="?" codeListAgency="?" codeListName="?" codeListVersion="?">?</naa:Type>
                           <!--Optional:-->
                           <naa:ValidityPeriod ref="?">
                              <!--Optional:-->
                              <naa:Complete Format="?">?</naa:Complete>
                              <!--Optional:-->
                              <naa:Description LanguageIdentifier="?" LanguageLocaleIdentifier="?">?</naa:Description>
                              <!--Optional:-->
                              <naa:Duration UnitCode="?">?</naa:Duration>
                              <!--Optional:-->
                              <naa:End Format="?">?</naa:End>
                              <naa:Identification identificationSchemeName="?" identificationSchemeURI="?" identificationSchemeVersion="?" identificationSchemeAgency="?">?</naa:Identification>
                              <!--Optional:-->
                              <naa:Inclusive Format="?">?</naa:Inclusive>
                              <!--Optional:-->
                              <naa:Name LanguageIdentifier="?" LanguageLocaleIdentifier="?">?</naa:Name>
                              <!--Optional:-->
                              <naa:Sequence identificationSchemeName="?" identificationSchemeURI="?" identificationSchemeVersion="?" identificationSchemeAgency="?">?</naa:Sequence>
                              <naa:Start Format="?">?</naa:Start>
                           </naa:ValidityPeriod>
                        </naa:Registration>
                        <!--Zero or more repetitions:-->
                        <naa:Status ref="?">
                           <naa:Code codeName="?" codeListURI="?" codeListAgency="?" codeListName="?" codeListVersion="?">?</naa:Code>
                           <!--Optional:-->
                           <naa:Description LanguageIdentifier="?" LanguageLocaleIdentifier="?">?</naa:Description>
                           <!--Optional:-->
                           <naa:ValidityPeriod ref="?">
                              <!--Optional:-->
                              <naa:Complete Format="?">?</naa:Complete>
                              <!--Optional:-->
                              <naa:Description LanguageIdentifier="?" LanguageLocaleIdentifier="?">?</naa:Description>
                              <!--Optional:-->
                              <naa:Duration UnitCode="?">?</naa:Duration>
                              <!--Optional:-->
                              <naa:End Format="?">?</naa:End>
                              <naa:Identification identificationSchemeName="?" identificationSchemeURI="?" identificationSchemeVersion="?" identificationSchemeAgency="?">?</naa:Identification>
                              <!--Optional:-->
                              <naa:Inclusive Format="?">?</naa:Inclusive>
                              <!--Optional:-->
                              <naa:Name LanguageIdentifier="?" LanguageLocaleIdentifier="?">?</naa:Name>
                              <!--Optional:-->
                              <naa:Sequence identificationSchemeName="?" identificationSchemeURI="?" identificationSchemeVersion="?" identificationSchemeAgency="?">?</naa:Sequence>
                              <naa:Start Format="?">?</naa:Start>
                           </naa:ValidityPeriod>
                        </naa:Status>
                        <!--Zero or more repetitions:-->
                        <naa:Telephone ref="?">
                           <!--Optional:-->
                           <naa:AreaCode codeName="?" codeListURI="?" codeListAgency="?" codeListName="?" codeListVersion="?">?</naa:AreaCode>
                           <!--Optional:-->
                           <naa:CountryCode codeName="?" codeListURI="?" codeListAgency="?" codeListName="?" codeListVersion="?">?</naa:CountryCode>
                           <!--Optional:-->
                           <naa:Extension LanguageIdentifier="?" LanguageLocaleIdentifier="?">?</naa:Extension>
                           <naa:Number identificationSchemeName="?" identificationSchemeURI="?" identificationSchemeVersion="?" identificationSchemeAgency="?">?</naa:Number>
                           <naa:Type codeName="?" codeListURI="?" codeListAgency="?" codeListName="?" codeListVersion="?">?</naa:Type>
                        </naa:Telephone>
                        <!--Optional:-->
                        <naa:Type codeName="?" codeListURI="?" codeListAgency="?" codeListName="?" codeListVersion="?">?</naa:Type>
                     </naa:Organisation>
                     <!--Optional:-->
                     <naa:Person ref="?">
                        <!--Optional:-->
                        <naa:Description LanguageIdentifier="?" LanguageLocaleIdentifier="?">?</naa:Description>
                        <naa:Identification identificationSchemeName="?" identificationSchemeURI="?" identificationSchemeVersion="?" identificationSchemeAgency="?">?</naa:Identification>
                        <!--Zero or more repetitions:-->
                        <naa:Internet ref="?">
                           <naa:Type codeName="?" codeListURI="?" codeListAgency="?" codeListName="?" codeListVersion="?">?</naa:Type>
                           <naa:URI>?</naa:URI>
                        </naa:Internet>
                        <!--1 or more repetitions:-->
                        <naa:PersonName ref="?">
                           <naa:Classification codeName="?" codeListURI="?" codeListAgency="?" codeListName="?" codeListVersion="?">?</naa:Classification>
                           <!--Optional:-->
                           <naa:FamilyName LanguageIdentifier="?" LanguageLocaleIdentifier="?">?</naa:FamilyName>
                           <!--Optional:-->
                           <naa:FamilyNamePrefix LanguageIdentifier="?" LanguageLocaleIdentifier="?">?</naa:FamilyNamePrefix>
                           <!--Optional:-->
                           <naa:GivenName LanguageIdentifier="?" LanguageLocaleIdentifier="?">?</naa:GivenName>
                           <!--Optional:-->
                           <naa:MiddleName LanguageIdentifier="?" LanguageLocaleIdentifier="?">?</naa:MiddleName>
                           <!--Optional:-->
                           <naa:Name LanguageIdentifier="?" LanguageLocaleIdentifier="?">?</naa:Name>
                           <!--Optional:-->
                           <naa:NameSuffix codeName="?" codeListURI="?" codeListAgency="?" codeListName="?" codeListVersion="?">?</naa:NameSuffix>
                           <!--Optional:-->
                           <naa:Salutation LanguageIdentifier="?" LanguageLocaleIdentifier="?">?</naa:Salutation>
                           <!--Optional:-->
                           <naa:Title codeName="?" codeListURI="?" codeListAgency="?" codeListName="?" codeListVersion="?">?</naa:Title>
                           <!--Optional:-->
                           <naa:ValidityPeriod ref="?">
                              <!--Optional:-->
                              <naa:Complete Format="?">?</naa:Complete>
                              <!--Optional:-->
                              <naa:Description LanguageIdentifier="?" LanguageLocaleIdentifier="?">?</naa:Description>
                              <!--Optional:-->
                              <naa:Duration UnitCode="?">?</naa:Duration>
                              <!--Optional:-->
                              <naa:End Format="?">?</naa:End>
                              <naa:Identification identificationSchemeName="?" identificationSchemeURI="?" identificationSchemeVersion="?" identificationSchemeAgency="?">?</naa:Identification>
                              <!--Optional:-->
                              <naa:Inclusive Format="?">?</naa:Inclusive>
                              <!--Optional:-->
                              <naa:Name LanguageIdentifier="?" LanguageLocaleIdentifier="?">?</naa:Name>
                              <!--Optional:-->
                              <naa:Sequence identificationSchemeName="?" identificationSchemeURI="?" identificationSchemeVersion="?" identificationSchemeAgency="?">?</naa:Sequence>
                              <naa:Start Format="?">?</naa:Start>
                           </naa:ValidityPeriod>
                        </naa:PersonName>
                        <!--Zero or more repetitions:-->
                        <naa:PostalAddress ref="?">
                           <!--Zero or more repetitions:-->
                           <naa:Address/>
                           <!--Optional:-->
                           <naa:BlockName LanguageIdentifier="?" LanguageLocaleIdentifier="?">?</naa:BlockName>
                           <!--Optional:-->
                           <naa:BuildingName LanguageIdentifier="?" LanguageLocaleIdentifier="?">?</naa:BuildingName>
                           <!--Optional:-->
                           <naa:BuildingNumber LanguageIdentifier="?" LanguageLocaleIdentifier="?">?</naa:BuildingNumber>
                           <!--Optional:-->
                           <naa:CityName LanguageIdentifier="?" LanguageLocaleIdentifier="?">?</naa:CityName>
                           <!--Optional:-->
                           <naa:Code codeName="?" codeListURI="?" codeListAgency="?" codeListName="?" codeListVersion="?">?</naa:Code>
                           <!--Optional:-->
                           <naa:CountryName codeName="?" codeListURI="?" codeListAgency="?" codeListName="?" codeListVersion="?">?</naa:CountryName>
                           <!--Optional:-->
                           <naa:CountrySubDivision codeName="?" codeListURI="?" codeListAgency="?" codeListName="?" codeListVersion="?">?</naa:CountrySubDivision>
                           <!--Zero or more repetitions:-->
                           <naa:Geocode ref="?">
                              <!--Optional:-->
                              <naa:AltimetricSystem codeName="?" codeListURI="?" codeListAgency="?" codeListName="?" codeListVersion="?">?</naa:AltimetricSystem>
                              <!--Optional:-->
                              <naa:Altitude Format="?">?</naa:Altitude>
                              <naa:Identification identificationSchemeName="?" identificationSchemeURI="?" identificationSchemeVersion="?" identificationSchemeAgency="?">?</naa:Identification>
                              <naa:Latitude Format="?">?</naa:Latitude>
                              <!--Optional:-->
                              <naa:LatitudeDirection codeName="?" codeListURI="?" codeListAgency="?" codeListName="?" codeListVersion="?">?</naa:LatitudeDirection>
                              <naa:Longitude Format="?">?</naa:Longitude>
                              <!--Optional:-->
                              <naa:LongitudeDirection codeName="?" codeListURI="?" codeListAgency="?" codeListName="?" codeListVersion="?">?</naa:LongitudeDirection>
                              <!--Optional:-->
                              <naa:System codeName="?" codeListURI="?" codeListAgency="?" codeListName="?" codeListVersion="?">?</naa:System>
                           </naa:Geocode>
                           <naa:Identification identificationSchemeName="?" identificationSchemeURI="?" identificationSchemeVersion="?" identificationSchemeAgency="?">?</naa:Identification>
                           <!--Optional:-->
                           <naa:LineFive LanguageIdentifier="?" LanguageLocaleIdentifier="?">?</naa:LineFive>
                           <!--Optional:-->
                           <naa:LineFour LanguageIdentifier="?" LanguageLocaleIdentifier="?">?</naa:LineFour>
                           <!--Optional:-->
                           <naa:LineOne LanguageIdentifier="?" LanguageLocaleIdentifier="?">?</naa:LineOne>
                           <!--Optional:-->
                           <naa:LineSix LanguageIdentifier="?" LanguageLocaleIdentifier="?">?</naa:LineSix>
                           <!--Optional:-->
                           <naa:LineThree LanguageIdentifier="?" LanguageLocaleIdentifier="?">?</naa:LineThree>
                           <!--Optional:-->
                           <naa:LineTwo LanguageIdentifier="?" LanguageLocaleIdentifier="?">?</naa:LineTwo>
                           <!--Optional:-->
                           <naa:PostOfficeBox LanguageIdentifier="?" LanguageLocaleIdentifier="?">?</naa:PostOfficeBox>
                           <!--Optional:-->
                           <naa:Postcode LanguageIdentifier="?" LanguageLocaleIdentifier="?">?</naa:Postcode>
                           <!--Optional:-->
                           <naa:StreetName LanguageIdentifier="?" LanguageLocaleIdentifier="?">?</naa:StreetName>
                           <!--Optional:-->
                           <naa:StreetSuffix codeName="?" codeListURI="?" codeListAgency="?" codeListName="?" codeListVersion="?">?</naa:StreetSuffix>
                           <!--Optional:-->
                           <naa:StreetType codeName="?" codeListURI="?" codeListAgency="?" codeListName="?" codeListVersion="?">?</naa:StreetType>
                           <!--Optional:-->
                           <naa:Usage codeName="?" codeListURI="?" codeListAgency="?" codeListName="?" codeListVersion="?">?</naa:Usage>
                           <!--Optional:-->
                           <naa:UsagePeriod ref="?">
                              <!--Optional:-->
                              <naa:Complete Format="?">?</naa:Complete>
                              <!--Optional:-->
                              <naa:Description LanguageIdentifier="?" LanguageLocaleIdentifier="?">?</naa:Description>
                              <!--Optional:-->
                              <naa:Duration UnitCode="?">?</naa:Duration>
                              <!--Optional:-->
                              <naa:End Format="?">?</naa:End>
                              <naa:Identification identificationSchemeName="?" identificationSchemeURI="?" identificationSchemeVersion="?" identificationSchemeAgency="?">?</naa:Identification>
                              <!--Optional:-->
                              <naa:Inclusive Format="?">?</naa:Inclusive>
                              <!--Optional:-->
                              <naa:Name LanguageIdentifier="?" LanguageLocaleIdentifier="?">?</naa:Name>
                              <!--Optional:-->
                              <naa:Sequence identificationSchemeName="?" identificationSchemeURI="?" identificationSchemeVersion="?" identificationSchemeAgency="?">?</naa:Sequence>
                              <naa:Start Format="?">?</naa:Start>
                           </naa:UsagePeriod>
                        </naa:PostalAddress>
                        <!--Zero or more repetitions:-->
                        <naa:Registration ref="?">
                           <!--Optional:-->
                           <naa:Category codeName="?" codeListURI="?" codeListAgency="?" codeListName="?" codeListVersion="?">?</naa:Category>
                           <!--Optional:-->
                           <naa:Country codeName="?" codeListURI="?" codeListAgency="?" codeListName="?" codeListVersion="?">?</naa:Country>
                           <naa:Identification identificationSchemeName="?" identificationSchemeURI="?" identificationSchemeVersion="?" identificationSchemeAgency="?">?</naa:Identification>
                           <!--Optional:-->
                           <naa:Licence identificationSchemeName="?" identificationSchemeURI="?" identificationSchemeVersion="?" identificationSchemeAgency="?">?</naa:Licence>
                           <!--Optional:-->
                           <naa:Recorded Format="?">?</naa:Recorded>
                           <!--Optional:-->
                           <naa:Type codeName="?" codeListURI="?" codeListAgency="?" codeListName="?" codeListVersion="?">?</naa:Type>
                           <!--Optional:-->
                           <naa:ValidityPeriod ref="?">
                              <!--Optional:-->
                              <naa:Complete Format="?">?</naa:Complete>
                              <!--Optional:-->
                              <naa:Description LanguageIdentifier="?" LanguageLocaleIdentifier="?">?</naa:Description>
                              <!--Optional:-->
                              <naa:Duration UnitCode="?">?</naa:Duration>
                              <!--Optional:-->
                              <naa:End Format="?">?</naa:End>
                              <naa:Identification identificationSchemeName="?" identificationSchemeURI="?" identificationSchemeVersion="?" identificationSchemeAgency="?">?</naa:Identification>
                              <!--Optional:-->
                              <naa:Inclusive Format="?">?</naa:Inclusive>
                              <!--Optional:-->
                              <naa:Name LanguageIdentifier="?" LanguageLocaleIdentifier="?">?</naa:Name>
                              <!--Optional:-->
                              <naa:Sequence identificationSchemeName="?" identificationSchemeURI="?" identificationSchemeVersion="?" identificationSchemeAgency="?">?</naa:Sequence>
                              <naa:Start Format="?">?</naa:Start>
                           </naa:ValidityPeriod>
                        </naa:Registration>
                        <!--Zero or more repetitions:-->
                        <naa:ResidentialAddress ref="?">
                           <!--Zero or more repetitions:-->
                           <naa:Address/>
                           <!--Optional:-->
                           <naa:BlockName LanguageIdentifier="?" LanguageLocaleIdentifier="?">?</naa:BlockName>
                           <!--Optional:-->
                           <naa:BuildingName LanguageIdentifier="?" LanguageLocaleIdentifier="?">?</naa:BuildingName>
                           <!--Optional:-->
                           <naa:BuildingNumber LanguageIdentifier="?" LanguageLocaleIdentifier="?">?</naa:BuildingNumber>
                           <!--Optional:-->
                           <naa:CityName LanguageIdentifier="?" LanguageLocaleIdentifier="?">?</naa:CityName>
                           <!--Optional:-->
                           <naa:Code codeName="?" codeListURI="?" codeListAgency="?" codeListName="?" codeListVersion="?">?</naa:Code>
                           <!--Optional:-->
                           <naa:CountryName codeName="?" codeListURI="?" codeListAgency="?" codeListName="?" codeListVersion="?">?</naa:CountryName>
                           <!--Optional:-->
                           <naa:CountrySubDivision codeName="?" codeListURI="?" codeListAgency="?" codeListName="?" codeListVersion="?">?</naa:CountrySubDivision>
                           <!--Zero or more repetitions:-->
                           <naa:Geocode ref="?">
                              <!--Optional:-->
                              <naa:AltimetricSystem codeName="?" codeListURI="?" codeListAgency="?" codeListName="?" codeListVersion="?">?</naa:AltimetricSystem>
                              <!--Optional:-->
                              <naa:Altitude Format="?">?</naa:Altitude>
                              <naa:Identification identificationSchemeName="?" identificationSchemeURI="?" identificationSchemeVersion="?" identificationSchemeAgency="?">?</naa:Identification>
                              <naa:Latitude Format="?">?</naa:Latitude>
                              <!--Optional:-->
                              <naa:LatitudeDirection codeName="?" codeListURI="?" codeListAgency="?" codeListName="?" codeListVersion="?">?</naa:LatitudeDirection>
                              <naa:Longitude Format="?">?</naa:Longitude>
                              <!--Optional:-->
                              <naa:LongitudeDirection codeName="?" codeListURI="?" codeListAgency="?" codeListName="?" codeListVersion="?">?</naa:LongitudeDirection>
                              <!--Optional:-->
                              <naa:System codeName="?" codeListURI="?" codeListAgency="?" codeListName="?" codeListVersion="?">?</naa:System>
                           </naa:Geocode>
                           <naa:Identification identificationSchemeName="?" identificationSchemeURI="?" identificationSchemeVersion="?" identificationSchemeAgency="?">?</naa:Identification>
                           <!--Optional:-->
                           <naa:LineFive LanguageIdentifier="?" LanguageLocaleIdentifier="?">?</naa:LineFive>
                           <!--Optional:-->
                           <naa:LineFour LanguageIdentifier="?" LanguageLocaleIdentifier="?">?</naa:LineFour>
                           <!--Optional:-->
                           <naa:LineOne LanguageIdentifier="?" LanguageLocaleIdentifier="?">?</naa:LineOne>
                           <!--Optional:-->
                           <naa:LineSix LanguageIdentifier="?" LanguageLocaleIdentifier="?">?</naa:LineSix>
                           <!--Optional:-->
                           <naa:LineThree LanguageIdentifier="?" LanguageLocaleIdentifier="?">?</naa:LineThree>
                           <!--Optional:-->
                           <naa:LineTwo LanguageIdentifier="?" LanguageLocaleIdentifier="?">?</naa:LineTwo>
                           <!--Optional:-->
                           <naa:PostOfficeBox LanguageIdentifier="?" LanguageLocaleIdentifier="?">?</naa:PostOfficeBox>
                           <!--Optional:-->
                           <naa:Postcode LanguageIdentifier="?" LanguageLocaleIdentifier="?">?</naa:Postcode>
                           <!--Optional:-->
                           <naa:StreetName LanguageIdentifier="?" LanguageLocaleIdentifier="?">?</naa:StreetName>
                           <!--Optional:-->
                           <naa:StreetSuffix codeName="?" codeListURI="?" codeListAgency="?" codeListName="?" codeListVersion="?">?</naa:StreetSuffix>
                           <!--Optional:-->
                           <naa:StreetType codeName="?" codeListURI="?" codeListAgency="?" codeListName="?" codeListVersion="?">?</naa:StreetType>
                           <!--Optional:-->
                           <naa:Usage codeName="?" codeListURI="?" codeListAgency="?" codeListName="?" codeListVersion="?">?</naa:Usage>
                           <!--Optional:-->
                           <naa:UsagePeriod ref="?">
                              <!--Optional:-->
                              <naa:Complete Format="?">?</naa:Complete>
                              <!--Optional:-->
                              <naa:Description LanguageIdentifier="?" LanguageLocaleIdentifier="?">?</naa:Description>
                              <!--Optional:-->
                              <naa:Duration UnitCode="?">?</naa:Duration>
                              <!--Optional:-->
                              <naa:End Format="?">?</naa:End>
                              <naa:Identification identificationSchemeName="?" identificationSchemeURI="?" identificationSchemeVersion="?" identificationSchemeAgency="?">?</naa:Identification>
                              <!--Optional:-->
                              <naa:Inclusive Format="?">?</naa:Inclusive>
                              <!--Optional:-->
                              <naa:Name LanguageIdentifier="?" LanguageLocaleIdentifier="?">?</naa:Name>
                              <!--Optional:-->
                              <naa:Sequence identificationSchemeName="?" identificationSchemeURI="?" identificationSchemeVersion="?" identificationSchemeAgency="?">?</naa:Sequence>
                              <naa:Start Format="?">?</naa:Start>
                           </naa:UsagePeriod>
                        </naa:ResidentialAddress>
                        <!--Zero or more repetitions:-->
                        <naa:Status ref="?">
                           <naa:Code codeName="?" codeListURI="?" codeListAgency="?" codeListName="?" codeListVersion="?">?</naa:Code>
                           <!--Optional:-->
                           <naa:Description LanguageIdentifier="?" LanguageLocaleIdentifier="?">?</naa:Description>
                           <!--Optional:-->
                           <naa:ValidityPeriod ref="?">
                              <!--Optional:-->
                              <naa:Complete Format="?">?</naa:Complete>
                              <!--Optional:-->
                              <naa:Description LanguageIdentifier="?" LanguageLocaleIdentifier="?">?</naa:Description>
                              <!--Optional:-->
                              <naa:Duration UnitCode="?">?</naa:Duration>
                              <!--Optional:-->
                              <naa:End Format="?">?</naa:End>
                              <naa:Identification identificationSchemeName="?" identificationSchemeURI="?" identificationSchemeVersion="?" identificationSchemeAgency="?">?</naa:Identification>
                              <!--Optional:-->
                              <naa:Inclusive Format="?">?</naa:Inclusive>
                              <!--Optional:-->
                              <naa:Name LanguageIdentifier="?" LanguageLocaleIdentifier="?">?</naa:Name>
                              <!--Optional:-->
                              <naa:Sequence identificationSchemeName="?" identificationSchemeURI="?" identificationSchemeVersion="?" identificationSchemeAgency="?">?</naa:Sequence>
                              <naa:Start Format="?">?</naa:Start>
                           </naa:ValidityPeriod>
                        </naa:Status>
                        <!--Zero or more repetitions:-->
                        <naa:Telephone ref="?">
                           <!--Optional:-->
                           <naa:AreaCode codeName="?" codeListURI="?" codeListAgency="?" codeListName="?" codeListVersion="?">?</naa:AreaCode>
                           <!--Optional:-->
                           <naa:CountryCode codeName="?" codeListURI="?" codeListAgency="?" codeListName="?" codeListVersion="?">?</naa:CountryCode>
                           <!--Optional:-->
                           <naa:Extension LanguageIdentifier="?" LanguageLocaleIdentifier="?">?</naa:Extension>
                           <naa:Number identificationSchemeName="?" identificationSchemeURI="?" identificationSchemeVersion="?" identificationSchemeAgency="?">?</naa:Number>
                           <naa:Type codeName="?" codeListURI="?" codeListAgency="?" codeListName="?" codeListVersion="?">?</naa:Type>
                        </naa:Telephone>
                     </naa:Person>
                     <naa:Identification identificationSchemeName="?" identificationSchemeURI="?" identificationSchemeVersion="?" identificationSchemeAgency="?">?</naa:Identification>
                     <!--Optional:-->
                     <naa:Language codeName="?" codeListURI="?" codeListAgency="?" codeListName="?" codeListVersion="?">?</naa:Language>
                     <naa:Name LanguageIdentifier="?" LanguageLocaleIdentifier="?">?</naa:Name>
                     <!--Optional:-->
                     <naa:Type LanguageIdentifier="?" LanguageLocaleIdentifier="?">?</naa:Type>
                  </da:Party>
                  <!--Optional:-->
                  <da:Type codeName="?" codeListURI="?" codeListAgency="?" codeListName="?" codeListVersion="?">?</da:Type>
               </da:PartyRole>
               <!--1 or more repetitions:-->
               <da:Type codeName="?" codeListURI="?" codeListAgency="?" codeListName="?" codeListVersion="?">?</da:Type>
            </da:Appeal>
            <da:ApplicationNumber identificationSchemeName="?" identificationSchemeURI="?" identificationSchemeVersion="?" identificationSchemeAgency="?">?</da:ApplicationNumber>
            <!--Zero or more repetitions:-->
            <da:Assessment ref="?">
               <!--Zero or more repetitions:-->
               <da:AssessmentIssue ref="?">
                  <!--Optional:-->
                  <da:AdvisedDate Format="?">?</da:AdvisedDate>
                  <!--Zero or more repetitions:-->
                  <da:Comments LanguageIdentifier="?" LanguageLocaleIdentifier="?">?</da:Comments>
                  <da:Description LanguageIdentifier="?" LanguageLocaleIdentifier="?">?</da:Description>
                  <da:Identification identificationSchemeName="?" identificationSchemeURI="?" identificationSchemeVersion="?" identificationSchemeAgency="?">?</da:Identification>
                  <da:ReportingPartyRole ref="?">
                     <!--Optional:-->
                     <da:DateTime Format="?">?</da:DateTime>
                     <!--1 or more repetitions:-->
                     <da:Party ref="?">
                        <!--Optional:-->
                        <naa:AccessRights codeName="?" codeListURI="?" codeListAgency="?" codeListName="?" codeListVersion="?">?</naa:AccessRights>
                        <!--Optional:-->
                        <naa:Description LanguageIdentifier="?" LanguageLocaleIdentifier="?">?</naa:Description>
                        <!--You have a CHOICE of the next 2 items at this level-->
                        <!--Optional:-->
                        <naa:Organisation ref="?">
                           <!--Zero or more repetitions:-->
                           <naa:Contact ref="?">
                              <!--Optional:-->
                              <naa:DepartmentName LanguageIdentifier="?" LanguageLocaleIdentifier="?">?</naa:DepartmentName>
                              <!--Optional:-->
                              <naa:Description LanguageIdentifier="?" LanguageLocaleIdentifier="?">?</naa:Description>
                              <naa:Identification identificationSchemeName="?" identificationSchemeURI="?" identificationSchemeVersion="?" identificationSchemeAgency="?">?</naa:Identification>
                              <!--Zero or more repetitions:-->
                              <naa:Internet ref="?">
                                 <naa:Type codeName="?" codeListURI="?" codeListAgency="?" codeListName="?" codeListVersion="?">?</naa:Type>
                                 <naa:URI>?</naa:URI>
                              </naa:Internet>
                              <!--Optional:-->
                              <naa:IsPrimary Format="?">?</naa:IsPrimary>
                              <!--Optional:-->
                              <naa:JobTitle LanguageIdentifier="?" LanguageLocaleIdentifier="?">?</naa:JobTitle>
                              <!--Optional:-->
                              <naa:PersonName ref="?">
                                 <naa:Classification codeName="?" codeListURI="?" codeListAgency="?" codeListName="?" codeListVersion="?">?</naa:Classification>
                                 <!--Optional:-->
                                 <naa:FamilyName LanguageIdentifier="?" LanguageLocaleIdentifier="?">?</naa:FamilyName>
                                 <!--Optional:-->
                                 <naa:FamilyNamePrefix LanguageIdentifier="?" LanguageLocaleIdentifier="?">?</naa:FamilyNamePrefix>
                                 <!--Optional:-->
                                 <naa:GivenName LanguageIdentifier="?" LanguageLocaleIdentifier="?">?</naa:GivenName>
                                 <!--Optional:-->
                                 <naa:MiddleName LanguageIdentifier="?" LanguageLocaleIdentifier="?">?</naa:MiddleName>
                                 <!--Optional:-->
                                 <naa:Name LanguageIdentifier="?" LanguageLocaleIdentifier="?">?</naa:Name>
                                 <!--Optional:-->
                                 <naa:NameSuffix codeName="?" codeListURI="?" codeListAgency="?" codeListName="?" codeListVersion="?">?</naa:NameSuffix>
                                 <!--Optional:-->
                                 <naa:Salutation LanguageIdentifier="?" LanguageLocaleIdentifier="?">?</naa:Salutation>
                                 <!--Optional:-->
                                 <naa:Title codeName="?" codeListURI="?" codeListAgency="?" codeListName="?" codeListVersion="?">?</naa:Title>
                                 <!--Optional:-->
                                 <naa:ValidityPeriod ref="?">
                                    <!--Optional:-->
                                    <naa:Complete Format="?">?</naa:Complete>
                                    <!--Optional:-->
                                    <naa:Description LanguageIdentifier="?" LanguageLocaleIdentifier="?">?</naa:Description>
                                    <!--Optional:-->
                                    <naa:Duration UnitCode="?">?</naa:Duration>
                                    <!--Optional:-->
                                    <naa:End Format="?">?</naa:End>
                                    <naa:Identification identificationSchemeName="?" identificationSchemeURI="?" identificationSchemeVersion="?" identificationSchemeAgency="?">?</naa:Identification>
                                    <!--Optional:-->
                                    <naa:Inclusive Format="?">?</naa:Inclusive>
                                    <!--Optional:-->
                                    <naa:Name LanguageIdentifier="?" LanguageLocaleIdentifier="?">?</naa:Name>
                                    <!--Optional:-->
                                    <naa:Sequence identificationSchemeName="?" identificationSchemeURI="?" identificationSchemeVersion="?" identificationSchemeAgency="?">?</naa:Sequence>
                                    <naa:Start Format="?">?</naa:Start>
                                 </naa:ValidityPeriod>
                              </naa:PersonName>
                              <!--Optional:-->
                              <naa:Responsibility LanguageIdentifier="?" LanguageLocaleIdentifier="?">?</naa:Responsibility>
                              <!--Zero or more repetitions:-->
                              <naa:Telephone ref="?">
                                 <!--Optional:-->
                                 <naa:AreaCode codeName="?" codeListURI="?" codeListAgency="?" codeListName="?" codeListVersion="?">?</naa:AreaCode>
                                 <!--Optional:-->
                                 <naa:CountryCode codeName="?" codeListURI="?" codeListAgency="?" codeListName="?" codeListVersion="?">?</naa:CountryCode>
                                 <!--Optional:-->
                                 <naa:Extension LanguageIdentifier="?" LanguageLocaleIdentifier="?">?</naa:Extension>
                                 <naa:Number identificationSchemeName="?" identificationSchemeURI="?" identificationSchemeVersion="?" identificationSchemeAgency="?">?</naa:Number>
                                 <naa:Type codeName="?" codeListURI="?" codeListAgency="?" codeListName="?" codeListVersion="?">?</naa:Type>
                              </naa:Telephone>
                              <!--Optional:-->
                              <naa:Type codeName="?" codeListURI="?" codeListAgency="?" codeListName="?" codeListVersion="?">?</naa:Type>
                           </naa:Contact>
                           <!--Optional:-->
                           <naa:Description LanguageIdentifier="?" LanguageLocaleIdentifier="?">?</naa:Description>
                           <naa:Identification identificationSchemeName="?" identificationSchemeURI="?" identificationSchemeVersion="?" identificationSchemeAgency="?">?</naa:Identification>
                           <!--Optional:-->
                           <naa:IndustryClassification codeName="?" codeListURI="?" codeListAgency="?" codeListName="?" codeListVersion="?">?</naa:IndustryClassification>
                           <!--Zero or more repetitions:-->
                           <naa:Internet ref="?">
                              <naa:Type codeName="?" codeListURI="?" codeListAgency="?" codeListName="?" codeListVersion="?">?</naa:Type>
                              <naa:URI>?</naa:URI>
                           </naa:Internet>
                           <!--Optional:-->
                           <naa:IsActive Format="?">?</naa:IsActive>
                           <!--Optional:-->
                           <naa:LegalClassification codeName="?" codeListURI="?" codeListAgency="?" codeListName="?" codeListVersion="?">?</naa:LegalClassification>
                           <!--Zero or more repetitions:-->
                           <naa:Organisation/>
                           <!--1 or more repetitions:-->
                           <naa:OrganisationName ref="?">
                              <naa:Classification codeName="?" codeListURI="?" codeListAgency="?" codeListName="?" codeListVersion="?">?</naa:Classification>
                              <naa:Name LanguageIdentifier="?" LanguageLocaleIdentifier="?">?</naa:Name>
                              <!--Optional:-->
                              <naa:ValidityPeriod ref="?">
                                 <!--Optional:-->
                                 <naa:Complete Format="?">?</naa:Complete>
                                 <!--Optional:-->
                                 <naa:Description LanguageIdentifier="?" LanguageLocaleIdentifier="?">?</naa:Description>
                                 <!--Optional:-->
                                 <naa:Duration UnitCode="?">?</naa:Duration>
                                 <!--Optional:-->
                                 <naa:End Format="?">?</naa:End>
                                 <naa:Identification identificationSchemeName="?" identificationSchemeURI="?" identificationSchemeVersion="?" identificationSchemeAgency="?">?</naa:Identification>
                                 <!--Optional:-->
                                 <naa:Inclusive Format="?">?</naa:Inclusive>
                                 <!--Optional:-->
                                 <naa:Name LanguageIdentifier="?" LanguageLocaleIdentifier="?">?</naa:Name>
                                 <!--Optional:-->
                                 <naa:Sequence identificationSchemeName="?" identificationSchemeURI="?" identificationSchemeVersion="?" identificationSchemeAgency="?">?</naa:Sequence>
                                 <naa:Start Format="?">?</naa:Start>
                              </naa:ValidityPeriod>
                           </naa:OrganisationName>
                           <!--Zero or more repetitions:-->
                           <naa:PhysicalAddress ref="?">
                              <!--Zero or more repetitions:-->
                              <naa:Address/>
                              <!--Optional:-->
                              <naa:BlockName LanguageIdentifier="?" LanguageLocaleIdentifier="?">?</naa:BlockName>
                              <!--Optional:-->
                              <naa:BuildingName LanguageIdentifier="?" LanguageLocaleIdentifier="?">?</naa:BuildingName>
                              <!--Optional:-->
                              <naa:BuildingNumber LanguageIdentifier="?" LanguageLocaleIdentifier="?">?</naa:BuildingNumber>
                              <!--Optional:-->
                              <naa:CityName LanguageIdentifier="?" LanguageLocaleIdentifier="?">?</naa:CityName>
                              <!--Optional:-->
                              <naa:Code codeName="?" codeListURI="?" codeListAgency="?" codeListName="?" codeListVersion="?">?</naa:Code>
                              <!--Optional:-->
                              <naa:CountryName codeName="?" codeListURI="?" codeListAgency="?" codeListName="?" codeListVersion="?">?</naa:CountryName>
                              <!--Optional:-->
                              <naa:CountrySubDivision codeName="?" codeListURI="?" codeListAgency="?" codeListName="?" codeListVersion="?">?</naa:CountrySubDivision>
                              <!--Zero or more repetitions:-->
                              <naa:Geocode ref="?">
                                 <!--Optional:-->
                                 <naa:AltimetricSystem codeName="?" codeListURI="?" codeListAgency="?" codeListName="?" codeListVersion="?">?</naa:AltimetricSystem>
                                 <!--Optional:-->
                                 <naa:Altitude Format="?">?</naa:Altitude>
                                 <naa:Identification identificationSchemeName="?" identificationSchemeURI="?" identificationSchemeVersion="?" identificationSchemeAgency="?">?</naa:Identification>
                                 <naa:Latitude Format="?">?</naa:Latitude>
                                 <!--Optional:-->
                                 <naa:LatitudeDirection codeName="?" codeListURI="?" codeListAgency="?" codeListName="?" codeListVersion="?">?</naa:LatitudeDirection>
                                 <naa:Longitude Format="?">?</naa:Longitude>
                                 <!--Optional:-->
                                 <naa:LongitudeDirection codeName="?" codeListURI="?" codeListAgency="?" codeListName="?" codeListVersion="?">?</naa:LongitudeDirection>
                                 <!--Optional:-->
                                 <naa:System codeName="?" codeListURI="?" codeListAgency="?" codeListName="?" codeListVersion="?">?</naa:System>
                              </naa:Geocode>
                              <naa:Identification identificationSchemeName="?" identificationSchemeURI="?" identificationSchemeVersion="?" identificationSchemeAgency="?">?</naa:Identification>
                              <!--Optional:-->
                              <naa:LineFive LanguageIdentifier="?" LanguageLocaleIdentifier="?">?</naa:LineFive>
                              <!--Optional:-->
                              <naa:LineFour LanguageIdentifier="?" LanguageLocaleIdentifier="?">?</naa:LineFour>
                              <!--Optional:-->
                              <naa:LineOne LanguageIdentifier="?" LanguageLocaleIdentifier="?">?</naa:LineOne>
                              <!--Optional:-->
                              <naa:LineSix LanguageIdentifier="?" LanguageLocaleIdentifier="?">?</naa:LineSix>
                              <!--Optional:-->
                              <naa:LineThree LanguageIdentifier="?" LanguageLocaleIdentifier="?">?</naa:LineThree>
                              <!--Optional:-->
                              <naa:LineTwo LanguageIdentifier="?" LanguageLocaleIdentifier="?">?</naa:LineTwo>
                              <!--Optional:-->
                              <naa:PostOfficeBox LanguageIdentifier="?" LanguageLocaleIdentifier="?">?</naa:PostOfficeBox>
                              <!--Optional:-->
                              <naa:Postcode LanguageIdentifier="?" LanguageLocaleIdentifier="?">?</naa:Postcode>
                              <!--Optional:-->
                              <naa:StreetName LanguageIdentifier="?" LanguageLocaleIdentifier="?">?</naa:StreetName>
                              <!--Optional:-->
                              <naa:StreetSuffix codeName="?" codeListURI="?" codeListAgency="?" codeListName="?" codeListVersion="?">?</naa:StreetSuffix>
                              <!--Optional:-->
                              <naa:StreetType codeName="?" codeListURI="?" codeListAgency="?" codeListName="?" codeListVersion="?">?</naa:StreetType>
                              <!--Optional:-->
                              <naa:Usage codeName="?" codeListURI="?" codeListAgency="?" codeListName="?" codeListVersion="?">?</naa:Usage>
                              <!--Optional:-->
                              <naa:UsagePeriod ref="?">
                                 <!--Optional:-->
                                 <naa:Complete Format="?">?</naa:Complete>
                                 <!--Optional:-->
                                 <naa:Description LanguageIdentifier="?" LanguageLocaleIdentifier="?">?</naa:Description>
                                 <!--Optional:-->
                                 <naa:Duration UnitCode="?">?</naa:Duration>
                                 <!--Optional:-->
                                 <naa:End Format="?">?</naa:End>
                                 <naa:Identification identificationSchemeName="?" identificationSchemeURI="?" identificationSchemeVersion="?" identificationSchemeAgency="?">?</naa:Identification>
                                 <!--Optional:-->
                                 <naa:Inclusive Format="?">?</naa:Inclusive>
                                 <!--Optional:-->
                                 <naa:Name LanguageIdentifier="?" LanguageLocaleIdentifier="?">?</naa:Name>
                                 <!--Optional:-->
                                 <naa:Sequence identificationSchemeName="?" identificationSchemeURI="?" identificationSchemeVersion="?" identificationSchemeAgency="?">?</naa:Sequence>
                                 <naa:Start Format="?">?</naa:Start>
                              </naa:UsagePeriod>
                           </naa:PhysicalAddress>
                           <!--Zero or more repetitions:-->
                           <naa:PostalAddress ref="?">
                              <!--Zero or more repetitions:-->
                              <naa:Address/>
                              <!--Optional:-->
                              <naa:BlockName LanguageIdentifier="?" LanguageLocaleIdentifier="?">?</naa:BlockName>
                              <!--Optional:-->
                              <naa:BuildingName LanguageIdentifier="?" LanguageLocaleIdentifier="?">?</naa:BuildingName>
                              <!--Optional:-->
                              <naa:BuildingNumber LanguageIdentifier="?" LanguageLocaleIdentifier="?">?</naa:BuildingNumber>
                              <!--Optional:-->
                              <naa:CityName LanguageIdentifier="?" LanguageLocaleIdentifier="?">?</naa:CityName>
                              <!--Optional:-->
                              <naa:Code codeName="?" codeListURI="?" codeListAgency="?" codeListName="?" codeListVersion="?">?</naa:Code>
                              <!--Optional:-->
                              <naa:CountryName codeName="?" codeListURI="?" codeListAgency="?" codeListName="?" codeListVersion="?">?</naa:CountryName>
                              <!--Optional:-->
                              <naa:CountrySubDivision codeName="?" codeListURI="?" codeListAgency="?" codeListName="?" codeListVersion="?">?</naa:CountrySubDivision>
                              <!--Zero or more repetitions:-->
                              <naa:Geocode ref="?">
                                 <!--Optional:-->
                                 <naa:AltimetricSystem codeName="?" codeListURI="?" codeListAgency="?" codeListName="?" codeListVersion="?">?</naa:AltimetricSystem>
                                 <!--Optional:-->
                                 <naa:Altitude Format="?">?</naa:Altitude>
                                 <naa:Identification identificationSchemeName="?" identificationSchemeURI="?" identificationSchemeVersion="?" identificationSchemeAgency="?">?</naa:Identification>
                                 <naa:Latitude Format="?">?</naa:Latitude>
                                 <!--Optional:-->
                                 <naa:LatitudeDirection codeName="?" codeListURI="?" codeListAgency="?" codeListName="?" codeListVersion="?">?</naa:LatitudeDirection>
                                 <naa:Longitude Format="?">?</naa:Longitude>
                                 <!--Optional:-->
                                 <naa:LongitudeDirection codeName="?" codeListURI="?" codeListAgency="?" codeListName="?" codeListVersion="?">?</naa:LongitudeDirection>
                                 <!--Optional:-->
                                 <naa:System codeName="?" codeListURI="?" codeListAgency="?" codeListName="?" codeListVersion="?">?</naa:System>
                              </naa:Geocode>
                              <naa:Identification identificationSchemeName="?" identificationSchemeURI="?" identificationSchemeVersion="?" identificationSchemeAgency="?">?</naa:Identification>
                              <!--Optional:-->
                              <naa:LineFive LanguageIdentifier="?" LanguageLocaleIdentifier="?">?</naa:LineFive>
                              <!--Optional:-->
                              <naa:LineFour LanguageIdentifier="?" LanguageLocaleIdentifier="?">?</naa:LineFour>
                              <!--Optional:-->
                              <naa:LineOne LanguageIdentifier="?" LanguageLocaleIdentifier="?">?</naa:LineOne>
                              <!--Optional:-->
                              <naa:LineSix LanguageIdentifier="?" LanguageLocaleIdentifier="?">?</naa:LineSix>
                              <!--Optional:-->
                              <naa:LineThree LanguageIdentifier="?" LanguageLocaleIdentifier="?">?</naa:LineThree>
                              <!--Optional:-->
                              <naa:LineTwo LanguageIdentifier="?" LanguageLocaleIdentifier="?">?</naa:LineTwo>
                              <!--Optional:-->
                              <naa:PostOfficeBox LanguageIdentifier="?" LanguageLocaleIdentifier="?">?</naa:PostOfficeBox>
                              <!--Optional:-->
                              <naa:Postcode LanguageIdentifier="?" LanguageLocaleIdentifier="?">?</naa:Postcode>
                              <!--Optional:-->
                              <naa:StreetName LanguageIdentifier="?" LanguageLocaleIdentifier="?">?</naa:StreetName>
                              <!--Optional:-->
                              <naa:StreetSuffix codeName="?" codeListURI="?" codeListAgency="?" codeListName="?" codeListVersion="?">?</naa:StreetSuffix>
                              <!--Optional:-->
                              <naa:StreetType codeName="?" codeListURI="?" codeListAgency="?" codeListName="?" codeListVersion="?">?</naa:StreetType>
                              <!--Optional:-->
                              <naa:Usage codeName="?" codeListURI="?" codeListAgency="?" codeListName="?" codeListVersion="?">?</naa:Usage>
                              <!--Optional:-->
                              <naa:UsagePeriod ref="?">
                                 <!--Optional:-->
                                 <naa:Complete Format="?">?</naa:Complete>
                                 <!--Optional:-->
                                 <naa:Description LanguageIdentifier="?" LanguageLocaleIdentifier="?">?</naa:Description>
                                 <!--Optional:-->
                                 <naa:Duration UnitCode="?">?</naa:Duration>
                                 <!--Optional:-->
                                 <naa:End Format="?">?</naa:End>
                                 <naa:Identification identificationSchemeName="?" identificationSchemeURI="?" identificationSchemeVersion="?" identificationSchemeAgency="?">?</naa:Identification>
                                 <!--Optional:-->
                                 <naa:Inclusive Format="?">?</naa:Inclusive>
                                 <!--Optional:-->
                                 <naa:Name LanguageIdentifier="?" LanguageLocaleIdentifier="?">?</naa:Name>
                                 <!--Optional:-->
                                 <naa:Sequence identificationSchemeName="?" identificationSchemeURI="?" identificationSchemeVersion="?" identificationSchemeAgency="?">?</naa:Sequence>
                                 <naa:Start Format="?">?</naa:Start>
                              </naa:UsagePeriod>
                           </naa:PostalAddress>
                           <!--Zero or more repetitions:-->
                           <naa:Registration ref="?">
                              <!--Optional:-->
                              <naa:Category codeName="?" codeListURI="?" codeListAgency="?" codeListName="?" codeListVersion="?">?</naa:Category>
                              <!--Optional:-->
                              <naa:Country codeName="?" codeListURI="?" codeListAgency="?" codeListName="?" codeListVersion="?">?</naa:Country>
                              <naa:Identification identificationSchemeName="?" identificationSchemeURI="?" identificationSchemeVersion="?" identificationSchemeAgency="?">?</naa:Identification>
                              <!--Optional:-->
                              <naa:Licence identificationSchemeName="?" identificationSchemeURI="?" identificationSchemeVersion="?" identificationSchemeAgency="?">?</naa:Licence>
                              <!--Optional:-->
                              <naa:Recorded Format="?">?</naa:Recorded>
                              <!--Optional:-->
                              <naa:Type codeName="?" codeListURI="?" codeListAgency="?" codeListName="?" codeListVersion="?">?</naa:Type>
                              <!--Optional:-->
                              <naa:ValidityPeriod ref="?">
                                 <!--Optional:-->
                                 <naa:Complete Format="?">?</naa:Complete>
                                 <!--Optional:-->
                                 <naa:Description LanguageIdentifier="?" LanguageLocaleIdentifier="?">?</naa:Description>
                                 <!--Optional:-->
                                 <naa:Duration UnitCode="?">?</naa:Duration>
                                 <!--Optional:-->
                                 <naa:End Format="?">?</naa:End>
                                 <naa:Identification identificationSchemeName="?" identificationSchemeURI="?" identificationSchemeVersion="?" identificationSchemeAgency="?">?</naa:Identification>
                                 <!--Optional:-->
                                 <naa:Inclusive Format="?">?</naa:Inclusive>
                                 <!--Optional:-->
                                 <naa:Name LanguageIdentifier="?" LanguageLocaleIdentifier="?">?</naa:Name>
                                 <!--Optional:-->
                                 <naa:Sequence identificationSchemeName="?" identificationSchemeURI="?" identificationSchemeVersion="?" identificationSchemeAgency="?">?</naa:Sequence>
                                 <naa:Start Format="?">?</naa:Start>
                              </naa:ValidityPeriod>
                           </naa:Registration>
                           <!--Zero or more repetitions:-->
                           <naa:Status ref="?">
                              <naa:Code codeName="?" codeListURI="?" codeListAgency="?" codeListName="?" codeListVersion="?">?</naa:Code>
                              <!--Optional:-->
                              <naa:Description LanguageIdentifier="?" LanguageLocaleIdentifier="?">?</naa:Description>
                              <!--Optional:-->
                              <naa:ValidityPeriod ref="?">
                                 <!--Optional:-->
                                 <naa:Complete Format="?">?</naa:Complete>
                                 <!--Optional:-->
                                 <naa:Description LanguageIdentifier="?" LanguageLocaleIdentifier="?">?</naa:Description>
                                 <!--Optional:-->
                                 <naa:Duration UnitCode="?">?</naa:Duration>
                                 <!--Optional:-->
                                 <naa:End Format="?">?</naa:End>
                                 <naa:Identification identificationSchemeName="?" identificationSchemeURI="?" identificationSchemeVersion="?" identificationSchemeAgency="?">?</naa:Identification>
                                 <!--Optional:-->
                                 <naa:Inclusive Format="?">?</naa:Inclusive>
                                 <!--Optional:-->
                                 <naa:Name LanguageIdentifier="?" LanguageLocaleIdentifier="?">?</naa:Name>
                                 <!--Optional:-->
                                 <naa:Sequence identificationSchemeName="?" identificationSchemeURI="?" identificationSchemeVersion="?" identificationSchemeAgency="?">?</naa:Sequence>
                                 <naa:Start Format="?">?</naa:Start>
                              </naa:ValidityPeriod>
                           </naa:Status>
                           <!--Zero or more repetitions:-->
                           <naa:Telephone ref="?">
                              <!--Optional:-->
                              <naa:AreaCode codeName="?" codeListURI="?" codeListAgency="?" codeListName="?" codeListVersion="?">?</naa:AreaCode>
                              <!--Optional:-->
                              <naa:CountryCode codeName="?" codeListURI="?" codeListAgency="?" codeListName="?" codeListVersion="?">?</naa:CountryCode>
                              <!--Optional:-->
                              <naa:Extension LanguageIdentifier="?" LanguageLocaleIdentifier="?">?</naa:Extension>
                              <naa:Number identificationSchemeName="?" identificationSchemeURI="?" identificationSchemeVersion="?" identificationSchemeAgency="?">?</naa:Number>
                              <naa:Type codeName="?" codeListURI="?" codeListAgency="?" codeListName="?" codeListVersion="?">?</naa:Type>
                           </naa:Telephone>
                           <!--Optional:-->
                           <naa:Type codeName="?" codeListURI="?" codeListAgency="?" codeListName="?" codeListVersion="?">?</naa:Type>
                        </naa:Organisation>
                        <!--Optional:-->
                        <naa:Person ref="?">
                           <!--Optional:-->
                           <naa:Description LanguageIdentifier="?" LanguageLocaleIdentifier="?">?</naa:Description>
                           <naa:Identification identificationSchemeName="?" identificationSchemeURI="?" identificationSchemeVersion="?" identificationSchemeAgency="?">?</naa:Identification>
                           <!--Zero or more repetitions:-->
                           <naa:Internet ref="?">
                              <naa:Type codeName="?" codeListURI="?" codeListAgency="?" codeListName="?" codeListVersion="?">?</naa:Type>
                              <naa:URI>?</naa:URI>
                           </naa:Internet>
                           <!--1 or more repetitions:-->
                           <naa:PersonName ref="?">
                              <naa:Classification codeName="?" codeListURI="?" codeListAgency="?" codeListName="?" codeListVersion="?">?</naa:Classification>
                              <!--Optional:-->
                              <naa:FamilyName LanguageIdentifier="?" LanguageLocaleIdentifier="?">?</naa:FamilyName>
                              <!--Optional:-->
                              <naa:FamilyNamePrefix LanguageIdentifier="?" LanguageLocaleIdentifier="?">?</naa:FamilyNamePrefix>
                              <!--Optional:-->
                              <naa:GivenName LanguageIdentifier="?" LanguageLocaleIdentifier="?">?</naa:GivenName>
                              <!--Optional:-->
                              <naa:MiddleName LanguageIdentifier="?" LanguageLocaleIdentifier="?">?</naa:MiddleName>
                              <!--Optional:-->
                              <naa:Name LanguageIdentifier="?" LanguageLocaleIdentifier="?">?</naa:Name>
                              <!--Optional:-->
                              <naa:NameSuffix codeName="?" codeListURI="?" codeListAgency="?" codeListName="?" codeListVersion="?">?</naa:NameSuffix>
                              <!--Optional:-->
                              <naa:Salutation LanguageIdentifier="?" LanguageLocaleIdentifier="?">?</naa:Salutation>
                              <!--Optional:-->
                              <naa:Title codeName="?" codeListURI="?" codeListAgency="?" codeListName="?" codeListVersion="?">?</naa:Title>
                              <!--Optional:-->
                              <naa:ValidityPeriod ref="?">
                                 <!--Optional:-->
                                 <naa:Complete Format="?">?</naa:Complete>
                                 <!--Optional:-->
                                 <naa:Description LanguageIdentifier="?" LanguageLocaleIdentifier="?">?</naa:Description>
                                 <!--Optional:-->
                                 <naa:Duration UnitCode="?">?</naa:Duration>
                                 <!--Optional:-->
                                 <naa:End Format="?">?</naa:End>
                                 <naa:Identification identificationSchemeName="?" identificationSchemeURI="?" identificationSchemeVersion="?" identificationSchemeAgency="?">?</naa:Identification>
                                 <!--Optional:-->
                                 <naa:Inclusive Format="?">?</naa:Inclusive>
                                 <!--Optional:-->
                                 <naa:Name LanguageIdentifier="?" LanguageLocaleIdentifier="?">?</naa:Name>
                                 <!--Optional:-->
                                 <naa:Sequence identificationSchemeName="?" identificationSchemeURI="?" identificationSchemeVersion="?" identificationSchemeAgency="?">?</naa:Sequence>
                                 <naa:Start Format="?">?</naa:Start>
                              </naa:ValidityPeriod>
                           </naa:PersonName>
                           <!--Zero or more repetitions:-->
                           <naa:PostalAddress ref="?">
                              <!--Zero or more repetitions:-->
                              <naa:Address/>
                              <!--Optional:-->
                              <naa:BlockName LanguageIdentifier="?" LanguageLocaleIdentifier="?">?</naa:BlockName>
                              <!--Optional:-->
                              <naa:BuildingName LanguageIdentifier="?" LanguageLocaleIdentifier="?">?</naa:BuildingName>
                              <!--Optional:-->
                              <naa:BuildingNumber LanguageIdentifier="?" LanguageLocaleIdentifier="?">?</naa:BuildingNumber>
                              <!--Optional:-->
                              <naa:CityName LanguageIdentifier="?" LanguageLocaleIdentifier="?">?</naa:CityName>
                              <!--Optional:-->
                              <naa:Code codeName="?" codeListURI="?" codeListAgency="?" codeListName="?" codeListVersion="?">?</naa:Code>
                              <!--Optional:-->
                              <naa:CountryName codeName="?" codeListURI="?" codeListAgency="?" codeListName="?" codeListVersion="?">?</naa:CountryName>
                              <!--Optional:-->
                              <naa:CountrySubDivision codeName="?" codeListURI="?" codeListAgency="?" codeListName="?" codeListVersion="?">?</naa:CountrySubDivision>
                              <!--Zero or more repetitions:-->
                              <naa:Geocode ref="?">
                                 <!--Optional:-->
                                 <naa:AltimetricSystem codeName="?" codeListURI="?" codeListAgency="?" codeListName="?" codeListVersion="?">?</naa:AltimetricSystem>
                                 <!--Optional:-->
                                 <naa:Altitude Format="?">?</naa:Altitude>
                                 <naa:Identification identificationSchemeName="?" identificationSchemeURI="?" identificationSchemeVersion="?" identificationSchemeAgency="?">?</naa:Identification>
                                 <naa:Latitude Format="?">?</naa:Latitude>
                                 <!--Optional:-->
                                 <naa:LatitudeDirection codeName="?" codeListURI="?" codeListAgency="?" codeListName="?" codeListVersion="?">?</naa:LatitudeDirection>
                                 <naa:Longitude Format="?">?</naa:Longitude>
                                 <!--Optional:-->
                                 <naa:LongitudeDirection codeName="?" codeListURI="?" codeListAgency="?" codeListName="?" codeListVersion="?">?</naa:LongitudeDirection>
                                 <!--Optional:-->
                                 <naa:System codeName="?" codeListURI="?" codeListAgency="?" codeListName="?" codeListVersion="?">?</naa:System>
                              </naa:Geocode>
                              <naa:Identification identificationSchemeName="?" identificationSchemeURI="?" identificationSchemeVersion="?" identificationSchemeAgency="?">?</naa:Identification>
                              <!--Optional:-->
                              <naa:LineFive LanguageIdentifier="?" LanguageLocaleIdentifier="?">?</naa:LineFive>
                              <!--Optional:-->
                              <naa:LineFour LanguageIdentifier="?" LanguageLocaleIdentifier="?">?</naa:LineFour>
                              <!--Optional:-->
                              <naa:LineOne LanguageIdentifier="?" LanguageLocaleIdentifier="?">?</naa:LineOne>
                              <!--Optional:-->
                              <naa:LineSix LanguageIdentifier="?" LanguageLocaleIdentifier="?">?</naa:LineSix>
                              <!--Optional:-->
                              <naa:LineThree LanguageIdentifier="?" LanguageLocaleIdentifier="?">?</naa:LineThree>
                              <!--Optional:-->
                              <naa:LineTwo LanguageIdentifier="?" LanguageLocaleIdentifier="?">?</naa:LineTwo>
                              <!--Optional:-->
                              <naa:PostOfficeBox LanguageIdentifier="?" LanguageLocaleIdentifier="?">?</naa:PostOfficeBox>
                              <!--Optional:-->
                              <naa:Postcode LanguageIdentifier="?" LanguageLocaleIdentifier="?">?</naa:Postcode>
                              <!--Optional:-->
                              <naa:StreetName LanguageIdentifier="?" LanguageLocaleIdentifier="?">?</naa:StreetName>
                              <!--Optional:-->
                              <naa:StreetSuffix codeName="?" codeListURI="?" codeListAgency="?" codeListName="?" codeListVersion="?">?</naa:StreetSuffix>
                              <!--Optional:-->
                              <naa:StreetType codeName="?" codeListURI="?" codeListAgency="?" codeListName="?" codeListVersion="?">?</naa:StreetType>
                              <!--Optional:-->
                              <naa:Usage codeName="?" codeListURI="?" codeListAgency="?" codeListName="?" codeListVersion="?">?</naa:Usage>
                              <!--Optional:-->
                              <naa:UsagePeriod ref="?">
                                 <!--Optional:-->
                                 <naa:Complete Format="?">?</naa:Complete>
                                 <!--Optional:-->
                                 <naa:Description LanguageIdentifier="?" LanguageLocaleIdentifier="?">?</naa:Description>
                                 <!--Optional:-->
                                 <naa:Duration UnitCode="?">?</naa:Duration>
                                 <!--Optional:-->
                                 <naa:End Format="?">?</naa:End>
                                 <naa:Identification identificationSchemeName="?" identificationSchemeURI="?" identificationSchemeVersion="?" identificationSchemeAgency="?">?</naa:Identification>
                                 <!--Optional:-->
                                 <naa:Inclusive Format="?">?</naa:Inclusive>
                                 <!--Optional:-->
                                 <naa:Name LanguageIdentifier="?" LanguageLocaleIdentifier="?">?</naa:Name>
                                 <!--Optional:-->
                                 <naa:Sequence identificationSchemeName="?" identificationSchemeURI="?" identificationSchemeVersion="?" identificationSchemeAgency="?">?</naa:Sequence>
                                 <naa:Start Format="?">?</naa:Start>
                              </naa:UsagePeriod>
                           </naa:PostalAddress>
                           <!--Zero or more repetitions:-->
                           <naa:Registration ref="?">
                              <!--Optional:-->
                              <naa:Category codeName="?" codeListURI="?" codeListAgency="?" codeListName="?" codeListVersion="?">?</naa:Category>
                              <!--Optional:-->
                              <naa:Country codeName="?" codeListURI="?" codeListAgency="?" codeListName="?" codeListVersion="?">?</naa:Country>
                              <naa:Identification identificationSchemeName="?" identificationSchemeURI="?" identificationSchemeVersion="?" identificationSchemeAgency="?">?</naa:Identification>
                              <!--Optional:-->
                              <naa:Licence identificationSchemeName="?" identificationSchemeURI="?" identificationSchemeVersion="?" identificationSchemeAgency="?">?</naa:Licence>
                              <!--Optional:-->
                              <naa:Recorded Format="?">?</naa:Recorded>
                              <!--Optional:-->
                              <naa:Type codeName="?" codeListURI="?" codeListAgency="?" codeListName="?" codeListVersion="?">?</naa:Type>
                              <!--Optional:-->
                              <naa:ValidityPeriod ref="?">
                                 <!--Optional:-->
                                 <naa:Complete Format="?">?</naa:Complete>
                                 <!--Optional:-->
                                 <naa:Description LanguageIdentifier="?" LanguageLocaleIdentifier="?">?</naa:Description>
                                 <!--Optional:-->
                                 <naa:Duration UnitCode="?">?</naa:Duration>
                                 <!--Optional:-->
                                 <naa:End Format="?">?</naa:End>
                                 <naa:Identification identificationSchemeName="?" identificationSchemeURI="?" identificationSchemeVersion="?" identificationSchemeAgency="?">?</naa:Identification>
                                 <!--Optional:-->
                                 <naa:Inclusive Format="?">?</naa:Inclusive>
                                 <!--Optional:-->
                                 <naa:Name LanguageIdentifier="?" LanguageLocaleIdentifier="?">?</naa:Name>
                                 <!--Optional:-->
                                 <naa:Sequence identificationSchemeName="?" identificationSchemeURI="?" identificationSchemeVersion="?" identificationSchemeAgency="?">?</naa:Sequence>
                                 <naa:Start Format="?">?</naa:Start>
                              </naa:ValidityPeriod>
                           </naa:Registration>
                           <!--Zero or more repetitions:-->
                           <naa:ResidentialAddress ref="?">
                              <!--Zero or more repetitions:-->
                              <naa:Address/>
                              <!--Optional:-->
                              <naa:BlockName LanguageIdentifier="?" LanguageLocaleIdentifier="?">?</naa:BlockName>
                              <!--Optional:-->
                              <naa:BuildingName LanguageIdentifier="?" LanguageLocaleIdentifier="?">?</naa:BuildingName>
                              <!--Optional:-->
                              <naa:BuildingNumber LanguageIdentifier="?" LanguageLocaleIdentifier="?">?</naa:BuildingNumber>
                              <!--Optional:-->
                              <naa:CityName LanguageIdentifier="?" LanguageLocaleIdentifier="?">?</naa:CityName>
                              <!--Optional:-->
                              <naa:Code codeName="?" codeListURI="?" codeListAgency="?" codeListName="?" codeListVersion="?">?</naa:Code>
                              <!--Optional:-->
                              <naa:CountryName codeName="?" codeListURI="?" codeListAgency="?" codeListName="?" codeListVersion="?">?</naa:CountryName>
                              <!--Optional:-->
                              <naa:CountrySubDivision codeName="?" codeListURI="?" codeListAgency="?" codeListName="?" codeListVersion="?">?</naa:CountrySubDivision>
                              <!--Zero or more repetitions:-->
                              <naa:Geocode ref="?">
                                 <!--Optional:-->
                                 <naa:AltimetricSystem codeName="?" codeListURI="?" codeListAgency="?" codeListName="?" codeListVersion="?">?</naa:AltimetricSystem>
                                 <!--Optional:-->
                                 <naa:Altitude Format="?">?</naa:Altitude>
                                 <naa:Identification identificationSchemeName="?" identificationSchemeURI="?" identificationSchemeVersion="?" identificationSchemeAgency="?">?</naa:Identification>
                                 <naa:Latitude Format="?">?</naa:Latitude>
                                 <!--Optional:-->
                                 <naa:LatitudeDirection codeName="?" codeListURI="?" codeListAgency="?" codeListName="?" codeListVersion="?">?</naa:LatitudeDirection>
                                 <naa:Longitude Format="?">?</naa:Longitude>
                                 <!--Optional:-->
                                 <naa:LongitudeDirection codeName="?" codeListURI="?" codeListAgency="?" codeListName="?" codeListVersion="?">?</naa:LongitudeDirection>
                                 <!--Optional:-->
                                 <naa:System codeName="?" codeListURI="?" codeListAgency="?" codeListName="?" codeListVersion="?">?</naa:System>
                              </naa:Geocode>
                              <naa:Identification identificationSchemeName="?" identificationSchemeURI="?" identificationSchemeVersion="?" identificationSchemeAgency="?">?</naa:Identification>
                              <!--Optional:-->
                              <naa:LineFive LanguageIdentifier="?" LanguageLocaleIdentifier="?">?</naa:LineFive>
                              <!--Optional:-->
                              <naa:LineFour LanguageIdentifier="?" LanguageLocaleIdentifier="?">?</naa:LineFour>
                              <!--Optional:-->
                              <naa:LineOne LanguageIdentifier="?" LanguageLocaleIdentifier="?">?</naa:LineOne>
                              <!--Optional:-->
                              <naa:LineSix LanguageIdentifier="?" LanguageLocaleIdentifier="?">?</naa:LineSix>
                              <!--Optional:-->
                              <naa:LineThree LanguageIdentifier="?" LanguageLocaleIdentifier="?">?</naa:LineThree>
                              <!--Optional:-->
                              <naa:LineTwo LanguageIdentifier="?" LanguageLocaleIdentifier="?">?</naa:LineTwo>
                              <!--Optional:-->
                              <naa:PostOfficeBox LanguageIdentifier="?" LanguageLocaleIdentifier="?">?</naa:PostOfficeBox>
                              <!--Optional:-->
                              <naa:Postcode LanguageIdentifier="?" LanguageLocaleIdentifier="?">?</naa:Postcode>
                              <!--Optional:-->
                              <naa:StreetName LanguageIdentifier="?" LanguageLocaleIdentifier="?">?</naa:StreetName>
                              <!--Optional:-->
                              <naa:StreetSuffix codeName="?" codeListURI="?" codeListAgency="?" codeListName="?" codeListVersion="?">?</naa:StreetSuffix>
                              <!--Optional:-->
                              <naa:StreetType codeName="?" codeListURI="?" codeListAgency="?" codeListName="?" codeListVersion="?">?</naa:StreetType>
                              <!--Optional:-->
                              <naa:Usage codeName="?" codeListURI="?" codeListAgency="?" codeListName="?" codeListVersion="?">?</naa:Usage>
                              <!--Optional:-->
                              <naa:UsagePeriod ref="?">
                                 <!--Optional:-->
                                 <naa:Complete Format="?">?</naa:Complete>
                                 <!--Optional:-->
                                 <naa:Description LanguageIdentifier="?" LanguageLocaleIdentifier="?">?</naa:Description>
                                 <!--Optional:-->
                                 <naa:Duration UnitCode="?">?</naa:Duration>
                                 <!--Optional:-->
                                 <naa:End Format="?">?</naa:End>
                                 <naa:Identification identificationSchemeName="?" identificationSchemeURI="?" identificationSchemeVersion="?" identificationSchemeAgency="?">?</naa:Identification>
                                 <!--Optional:-->
                                 <naa:Inclusive Format="?">?</naa:Inclusive>
                                 <!--Optional:-->
                                 <naa:Name LanguageIdentifier="?" LanguageLocaleIdentifier="?">?</naa:Name>
                                 <!--Optional:-->
                                 <naa:Sequence identificationSchemeName="?" identificationSchemeURI="?" identificationSchemeVersion="?" identificationSchemeAgency="?">?</naa:Sequence>
                                 <naa:Start Format="?">?</naa:Start>
                              </naa:UsagePeriod>
                           </naa:ResidentialAddress>
                           <!--Zero or more repetitions:-->
                           <naa:Status ref="?">
                              <naa:Code codeName="?" codeListURI="?" codeListAgency="?" codeListName="?" codeListVersion="?">?</naa:Code>
                              <!--Optional:-->
                              <naa:Description LanguageIdentifier="?" LanguageLocaleIdentifier="?">?</naa:Description>
                              <!--Optional:-->
                              <naa:ValidityPeriod ref="?">
                                 <!--Optional:-->
                                 <naa:Complete Format="?">?</naa:Complete>
                                 <!--Optional:-->
                                 <naa:Description LanguageIdentifier="?" LanguageLocaleIdentifier="?">?</naa:Description>
                                 <!--Optional:-->
                                 <naa:Duration UnitCode="?">?</naa:Duration>
                                 <!--Optional:-->
                                 <naa:End Format="?">?</naa:End>
                                 <naa:Identification identificationSchemeName="?" identificationSchemeURI="?" identificationSchemeVersion="?" identificationSchemeAgency="?">?</naa:Identification>
                                 <!--Optional:-->
                                 <naa:Inclusive Format="?">?</naa:Inclusive>
                                 <!--Optional:-->
                                 <naa:Name LanguageIdentifier="?" LanguageLocaleIdentifier="?">?</naa:Name>
                                 <!--Optional:-->
                                 <naa:Sequence identificationSchemeName="?" identificationSchemeURI="?" identificationSchemeVersion="?" identificationSchemeAgency="?">?</naa:Sequence>
                                 <naa:Start Format="?">?</naa:Start>
                              </naa:ValidityPeriod>
                           </naa:Status>
                           <!--Zero or more repetitions:-->
                           <naa:Telephone ref="?">
                              <!--Optional:-->
                              <naa:AreaCode codeName="?" codeListURI="?" codeListAgency="?" codeListName="?" codeListVersion="?">?</naa:AreaCode>
                              <!--Optional:-->
                              <naa:CountryCode codeName="?" codeListURI="?" codeListAgency="?" codeListName="?" codeListVersion="?">?</naa:CountryCode>
                              <!--Optional:-->
                              <naa:Extension LanguageIdentifier="?" LanguageLocaleIdentifier="?">?</naa:Extension>
                              <naa:Number identificationSchemeName="?" identificationSchemeURI="?" identificationSchemeVersion="?" identificationSchemeAgency="?">?</naa:Number>
                              <naa:Type codeName="?" codeListURI="?" codeListAgency="?" codeListName="?" codeListVersion="?">?</naa:Type>
                           </naa:Telephone>
                        </naa:Person>
                        <naa:Identification identificationSchemeName="?" identificationSchemeURI="?" identificationSchemeVersion="?" identificationSchemeAgency="?">?</naa:Identification>
                        <!--Optional:-->
                        <naa:Language codeName="?" codeListURI="?" codeListAgency="?" codeListName="?" codeListVersion="?">?</naa:Language>
                        <naa:Name LanguageIdentifier="?" LanguageLocaleIdentifier="?">?</naa:Name>
                        <!--Optional:-->
                        <naa:Type LanguageIdentifier="?" LanguageLocaleIdentifier="?">?</naa:Type>
                     </da:Party>
                     <!--Optional:-->
                     <da:Type codeName="?" codeListURI="?" codeListAgency="?" codeListName="?" codeListVersion="?">?</da:Type>
                  </da:ReportingPartyRole>
                  <da:ResponsiblePartyRole ref="?">
                     <!--Optional:-->
                     <da:DateTime Format="?">?</da:DateTime>
                     <!--1 or more repetitions:-->
                     <da:Party ref="?">
                        <!--Optional:-->
                        <naa:AccessRights codeName="?" codeListURI="?" codeListAgency="?" codeListName="?" codeListVersion="?">?</naa:AccessRights>
                        <!--Optional:-->
                        <naa:Description LanguageIdentifier="?" LanguageLocaleIdentifier="?">?</naa:Description>
                        <!--You have a CHOICE of the next 2 items at this level-->
                        <!--Optional:-->
                        <naa:Organisation ref="?">
                           <!--Zero or more repetitions:-->
                           <naa:Contact ref="?">
                              <!--Optional:-->
                              <naa:DepartmentName LanguageIdentifier="?" LanguageLocaleIdentifier="?">?</naa:DepartmentName>
                              <!--Optional:-->
                              <naa:Description LanguageIdentifier="?" LanguageLocaleIdentifier="?">?</naa:Description>
                              <naa:Identification identificationSchemeName="?" identificationSchemeURI="?" identificationSchemeVersion="?" identificationSchemeAgency="?">?</naa:Identification>
                              <!--Zero or more repetitions:-->
                              <naa:Internet ref="?">
                                 <naa:Type codeName="?" codeListURI="?" codeListAgency="?" codeListName="?" codeListVersion="?">?</naa:Type>
                                 <naa:URI>?</naa:URI>
                              </naa:Internet>
                              <!--Optional:-->
                              <naa:IsPrimary Format="?">?</naa:IsPrimary>
                              <!--Optional:-->
                              <naa:JobTitle LanguageIdentifier="?" LanguageLocaleIdentifier="?">?</naa:JobTitle>
                              <!--Optional:-->
                              <naa:PersonName ref="?">
                                 <naa:Classification codeName="?" codeListURI="?" codeListAgency="?" codeListName="?" codeListVersion="?">?</naa:Classification>
                                 <!--Optional:-->
                                 <naa:FamilyName LanguageIdentifier="?" LanguageLocaleIdentifier="?">?</naa:FamilyName>
                                 <!--Optional:-->
                                 <naa:FamilyNamePrefix LanguageIdentifier="?" LanguageLocaleIdentifier="?">?</naa:FamilyNamePrefix>
                                 <!--Optional:-->
                                 <naa:GivenName LanguageIdentifier="?" LanguageLocaleIdentifier="?">?</naa:GivenName>
                                 <!--Optional:-->
                                 <naa:MiddleName LanguageIdentifier="?" LanguageLocaleIdentifier="?">?</naa:MiddleName>
                                 <!--Optional:-->
                                 <naa:Name LanguageIdentifier="?" LanguageLocaleIdentifier="?">?</naa:Name>
                                 <!--Optional:-->
                                 <naa:NameSuffix codeName="?" codeListURI="?" codeListAgency="?" codeListName="?" codeListVersion="?">?</naa:NameSuffix>
                                 <!--Optional:-->
                                 <naa:Salutation LanguageIdentifier="?" LanguageLocaleIdentifier="?">?</naa:Salutation>
                                 <!--Optional:-->
                                 <naa:Title codeName="?" codeListURI="?" codeListAgency="?" codeListName="?" codeListVersion="?">?</naa:Title>
                                 <!--Optional:-->
                                 <naa:ValidityPeriod ref="?">
                                    <!--Optional:-->
                                    <naa:Complete Format="?">?</naa:Complete>
                                    <!--Optional:-->
                                    <naa:Description LanguageIdentifier="?" LanguageLocaleIdentifier="?">?</naa:Description>
                                    <!--Optional:-->
                                    <naa:Duration UnitCode="?">?</naa:Duration>
                                    <!--Optional:-->
                                    <naa:End Format="?">?</naa:End>
                                    <naa:Identification identificationSchemeName="?" identificationSchemeURI="?" identificationSchemeVersion="?" identificationSchemeAgency="?">?</naa:Identification>
                                    <!--Optional:-->
                                    <naa:Inclusive Format="?">?</naa:Inclusive>
                                    <!--Optional:-->
                                    <naa:Name LanguageIdentifier="?" LanguageLocaleIdentifier="?">?</naa:Name>
                                    <!--Optional:-->
                                    <naa:Sequence identificationSchemeName="?" identificationSchemeURI="?" identificationSchemeVersion="?" identificationSchemeAgency="?">?</naa:Sequence>
                                    <naa:Start Format="?">?</naa:Start>
                                 </naa:ValidityPeriod>
                              </naa:PersonName>
                              <!--Optional:-->
                              <naa:Responsibility LanguageIdentifier="?" LanguageLocaleIdentifier="?">?</naa:Responsibility>
                              <!--Zero or more repetitions:-->
                              <naa:Telephone ref="?">
                                 <!--Optional:-->
                                 <naa:AreaCode codeName="?" codeListURI="?" codeListAgency="?" codeListName="?" codeListVersion="?">?</naa:AreaCode>
                                 <!--Optional:-->
                                 <naa:CountryCode codeName="?" codeListURI="?" codeListAgency="?" codeListName="?" codeListVersion="?">?</naa:CountryCode>
                                 <!--Optional:-->
                                 <naa:Extension LanguageIdentifier="?" LanguageLocaleIdentifier="?">?</naa:Extension>
                                 <naa:Number identificationSchemeName="?" identificationSchemeURI="?" identificationSchemeVersion="?" identificationSchemeAgency="?">?</naa:Number>
                                 <naa:Type codeName="?" codeListURI="?" codeListAgency="?" codeListName="?" codeListVersion="?">?</naa:Type>
                              </naa:Telephone>
                              <!--Optional:-->
                              <naa:Type codeName="?" codeListURI="?" codeListAgency="?" codeListName="?" codeListVersion="?">?</naa:Type>
                           </naa:Contact>
                           <!--Optional:-->
                           <naa:Description LanguageIdentifier="?" LanguageLocaleIdentifier="?">?</naa:Description>
                           <naa:Identification identificationSchemeName="?" identificationSchemeURI="?" identificationSchemeVersion="?" identificationSchemeAgency="?">?</naa:Identification>
                           <!--Optional:-->
                           <naa:IndustryClassification codeName="?" codeListURI="?" codeListAgency="?" codeListName="?" codeListVersion="?">?</naa:IndustryClassification>
                           <!--Zero or more repetitions:-->
                           <naa:Internet ref="?">
                              <naa:Type codeName="?" codeListURI="?" codeListAgency="?" codeListName="?" codeListVersion="?">?</naa:Type>
                              <naa:URI>?</naa:URI>
                           </naa:Internet>
                           <!--Optional:-->
                           <naa:IsActive Format="?">?</naa:IsActive>
                           <!--Optional:-->
                           <naa:LegalClassification codeName="?" codeListURI="?" codeListAgency="?" codeListName="?" codeListVersion="?">?</naa:LegalClassification>
                           <!--Zero or more repetitions:-->
                           <naa:Organisation/>
                           <!--1 or more repetitions:-->
                           <naa:OrganisationName ref="?">
                              <naa:Classification codeName="?" codeListURI="?" codeListAgency="?" codeListName="?" codeListVersion="?">?</naa:Classification>
                              <naa:Name LanguageIdentifier="?" LanguageLocaleIdentifier="?">?</naa:Name>
                              <!--Optional:-->
                              <naa:ValidityPeriod ref="?">
                                 <!--Optional:-->
                                 <naa:Complete Format="?">?</naa:Complete>
                                 <!--Optional:-->
                                 <naa:Description LanguageIdentifier="?" LanguageLocaleIdentifier="?">?</naa:Description>
                                 <!--Optional:-->
                                 <naa:Duration UnitCode="?">?</naa:Duration>
                                 <!--Optional:-->
                                 <naa:End Format="?">?</naa:End>
                                 <naa:Identification identificationSchemeName="?" identificationSchemeURI="?" identificationSchemeVersion="?" identificationSchemeAgency="?">?</naa:Identification>
                                 <!--Optional:-->
                                 <naa:Inclusive Format="?">?</naa:Inclusive>
                                 <!--Optional:-->
                                 <naa:Name LanguageIdentifier="?" LanguageLocaleIdentifier="?">?</naa:Name>
                                 <!--Optional:-->
                                 <naa:Sequence identificationSchemeName="?" identificationSchemeURI="?" identificationSchemeVersion="?" identificationSchemeAgency="?">?</naa:Sequence>
                                 <naa:Start Format="?">?</naa:Start>
                              </naa:ValidityPeriod>
                           </naa:OrganisationName>
                           <!--Zero or more repetitions:-->
                           <naa:PhysicalAddress ref="?">
                              <!--Zero or more repetitions:-->
                              <naa:Address/>
                              <!--Optional:-->
                              <naa:BlockName LanguageIdentifier="?" LanguageLocaleIdentifier="?">?</naa:BlockName>
                              <!--Optional:-->
                              <naa:BuildingName LanguageIdentifier="?" LanguageLocaleIdentifier="?">?</naa:BuildingName>
                              <!--Optional:-->
                              <naa:BuildingNumber LanguageIdentifier="?" LanguageLocaleIdentifier="?">?</naa:BuildingNumber>
                              <!--Optional:-->
                              <naa:CityName LanguageIdentifier="?" LanguageLocaleIdentifier="?">?</naa:CityName>
                              <!--Optional:-->
                              <naa:Code codeName="?" codeListURI="?" codeListAgency="?" codeListName="?" codeListVersion="?">?</naa:Code>
                              <!--Optional:-->
                              <naa:CountryName codeName="?" codeListURI="?" codeListAgency="?" codeListName="?" codeListVersion="?">?</naa:CountryName>
                              <!--Optional:-->
                              <naa:CountrySubDivision codeName="?" codeListURI="?" codeListAgency="?" codeListName="?" codeListVersion="?">?</naa:CountrySubDivision>
                              <!--Zero or more repetitions:-->
                              <naa:Geocode ref="?">
                                 <!--Optional:-->
                                 <naa:AltimetricSystem codeName="?" codeListURI="?" codeListAgency="?" codeListName="?" codeListVersion="?">?</naa:AltimetricSystem>
                                 <!--Optional:-->
                                 <naa:Altitude Format="?">?</naa:Altitude>
                                 <naa:Identification identificationSchemeName="?" identificationSchemeURI="?" identificationSchemeVersion="?" identificationSchemeAgency="?">?</naa:Identification>
                                 <naa:Latitude Format="?">?</naa:Latitude>
                                 <!--Optional:-->
                                 <naa:LatitudeDirection codeName="?" codeListURI="?" codeListAgency="?" codeListName="?" codeListVersion="?">?</naa:LatitudeDirection>
                                 <naa:Longitude Format="?">?</naa:Longitude>
                                 <!--Optional:-->
                                 <naa:LongitudeDirection codeName="?" codeListURI="?" codeListAgency="?" codeListName="?" codeListVersion="?">?</naa:LongitudeDirection>
                                 <!--Optional:-->
                                 <naa:System codeName="?" codeListURI="?" codeListAgency="?" codeListName="?" codeListVersion="?">?</naa:System>
                              </naa:Geocode>
                              <naa:Identification identificationSchemeName="?" identificationSchemeURI="?" identificationSchemeVersion="?" identificationSchemeAgency="?">?</naa:Identification>
                              <!--Optional:-->
                              <naa:LineFive LanguageIdentifier="?" LanguageLocaleIdentifier="?">?</naa:LineFive>
                              <!--Optional:-->
                              <naa:LineFour LanguageIdentifier="?" LanguageLocaleIdentifier="?">?</naa:LineFour>
                              <!--Optional:-->
                              <naa:LineOne LanguageIdentifier="?" LanguageLocaleIdentifier="?">?</naa:LineOne>
                              <!--Optional:-->
                              <naa:LineSix LanguageIdentifier="?" LanguageLocaleIdentifier="?">?</naa:LineSix>
                              <!--Optional:-->
                              <naa:LineThree LanguageIdentifier="?" LanguageLocaleIdentifier="?">?</naa:LineThree>
                              <!--Optional:-->
                              <naa:LineTwo LanguageIdentifier="?" LanguageLocaleIdentifier="?">?</naa:LineTwo>
                              <!--Optional:-->
                              <naa:PostOfficeBox LanguageIdentifier="?" LanguageLocaleIdentifier="?">?</naa:PostOfficeBox>
                              <!--Optional:-->
                              <naa:Postcode LanguageIdentifier="?" LanguageLocaleIdentifier="?">?</naa:Postcode>
                              <!--Optional:-->
                              <naa:StreetName LanguageIdentifier="?" LanguageLocaleIdentifier="?">?</naa:StreetName>
                              <!--Optional:-->
                              <naa:StreetSuffix codeName="?" codeListURI="?" codeListAgency="?" codeListName="?" codeListVersion="?">?</naa:StreetSuffix>
                              <!--Optional:-->
                              <naa:StreetType codeName="?" codeListURI="?" codeListAgency="?" codeListName="?" codeListVersion="?">?</naa:StreetType>
                              <!--Optional:-->
                              <naa:Usage codeName="?" codeListURI="?" codeListAgency="?" codeListName="?" codeListVersion="?">?</naa:Usage>
                              <!--Optional:-->
                              <naa:UsagePeriod ref="?">
                                 <!--Optional:-->
                                 <naa:Complete Format="?">?</naa:Complete>
                                 <!--Optional:-->
                                 <naa:Description LanguageIdentifier="?" LanguageLocaleIdentifier="?">?</naa:Description>
                                 <!--Optional:-->
                                 <naa:Duration UnitCode="?">?</naa:Duration>
                                 <!--Optional:-->
                                 <naa:End Format="?">?</naa:End>
                                 <naa:Identification identificationSchemeName="?" identificationSchemeURI="?" identificationSchemeVersion="?" identificationSchemeAgency="?">?</naa:Identification>
                                 <!--Optional:-->
                                 <naa:Inclusive Format="?">?</naa:Inclusive>
                                 <!--Optional:-->
                                 <naa:Name LanguageIdentifier="?" LanguageLocaleIdentifier="?">?</naa:Name>
                                 <!--Optional:-->
                                 <naa:Sequence identificationSchemeName="?" identificationSchemeURI="?" identificationSchemeVersion="?" identificationSchemeAgency="?">?</naa:Sequence>
                                 <naa:Start Format="?">?</naa:Start>
                              </naa:UsagePeriod>
                           </naa:PhysicalAddress>
                           <!--Zero or more repetitions:-->
                           <naa:PostalAddress ref="?">
                              <!--Zero or more repetitions:-->
                              <naa:Address/>
                              <!--Optional:-->
                              <naa:BlockName LanguageIdentifier="?" LanguageLocaleIdentifier="?">?</naa:BlockName>
                              <!--Optional:-->
                              <naa:BuildingName LanguageIdentifier="?" LanguageLocaleIdentifier="?">?</naa:BuildingName>
                              <!--Optional:-->
                              <naa:BuildingNumber LanguageIdentifier="?" LanguageLocaleIdentifier="?">?</naa:BuildingNumber>
                              <!--Optional:-->
                              <naa:CityName LanguageIdentifier="?" LanguageLocaleIdentifier="?">?</naa:CityName>
                              <!--Optional:-->
                              <naa:Code codeName="?" codeListURI="?" codeListAgency="?" codeListName="?" codeListVersion="?">?</naa:Code>
                              <!--Optional:-->
                              <naa:CountryName codeName="?" codeListURI="?" codeListAgency="?" codeListName="?" codeListVersion="?">?</naa:CountryName>
                              <!--Optional:-->
                              <naa:CountrySubDivision codeName="?" codeListURI="?" codeListAgency="?" codeListName="?" codeListVersion="?">?</naa:CountrySubDivision>
                              <!--Zero or more repetitions:-->
                              <naa:Geocode ref="?">
                                 <!--Optional:-->
                                 <naa:AltimetricSystem codeName="?" codeListURI="?" codeListAgency="?" codeListName="?" codeListVersion="?">?</naa:AltimetricSystem>
                                 <!--Optional:-->
                                 <naa:Altitude Format="?">?</naa:Altitude>
                                 <naa:Identification identificationSchemeName="?" identificationSchemeURI="?" identificationSchemeVersion="?" identificationSchemeAgency="?">?</naa:Identification>
                                 <naa:Latitude Format="?">?</naa:Latitude>
                                 <!--Optional:-->
                                 <naa:LatitudeDirection codeName="?" codeListURI="?" codeListAgency="?" codeListName="?" codeListVersion="?">?</naa:LatitudeDirection>
                                 <naa:Longitude Format="?">?</naa:Longitude>
                                 <!--Optional:-->
                                 <naa:LongitudeDirection codeName="?" codeListURI="?" codeListAgency="?" codeListName="?" codeListVersion="?">?</naa:LongitudeDirection>
                                 <!--Optional:-->
                                 <naa:System codeName="?" codeListURI="?" codeListAgency="?" codeListName="?" codeListVersion="?">?</naa:System>
                              </naa:Geocode>
                              <naa:Identification identificationSchemeName="?" identificationSchemeURI="?" identificationSchemeVersion="?" identificationSchemeAgency="?">?</naa:Identification>
                              <!--Optional:-->
                              <naa:LineFive LanguageIdentifier="?" LanguageLocaleIdentifier="?">?</naa:LineFive>
                              <!--Optional:-->
                              <naa:LineFour LanguageIdentifier="?" LanguageLocaleIdentifier="?">?</naa:LineFour>
                              <!--Optional:-->
                              <naa:LineOne LanguageIdentifier="?" LanguageLocaleIdentifier="?">?</naa:LineOne>
                              <!--Optional:-->
                              <naa:LineSix LanguageIdentifier="?" LanguageLocaleIdentifier="?">?</naa:LineSix>
                              <!--Optional:-->
                              <naa:LineThree LanguageIdentifier="?" LanguageLocaleIdentifier="?">?</naa:LineThree>
                              <!--Optional:-->
                              <naa:LineTwo LanguageIdentifier="?" LanguageLocaleIdentifier="?">?</naa:LineTwo>
                              <!--Optional:-->
                              <naa:PostOfficeBox LanguageIdentifier="?" LanguageLocaleIdentifier="?">?</naa:PostOfficeBox>
                              <!--Optional:-->
                              <naa:Postcode LanguageIdentifier="?" LanguageLocaleIdentifier="?">?</naa:Postcode>
                              <!--Optional:-->
                              <naa:StreetName LanguageIdentifier="?" LanguageLocaleIdentifier="?">?</naa:StreetName>
                              <!--Optional:-->
                              <naa:StreetSuffix codeName="?" codeListURI="?" codeListAgency="?" codeListName="?" codeListVersion="?">?</naa:StreetSuffix>
                              <!--Optional:-->
                              <naa:StreetType codeName="?" codeListURI="?" codeListAgency="?" codeListName="?" codeListVersion="?">?</naa:StreetType>
                              <!--Optional:-->
                              <naa:Usage codeName="?" codeListURI="?" codeListAgency="?" codeListName="?" codeListVersion="?">?</naa:Usage>
                              <!--Optional:-->
                              <naa:UsagePeriod ref="?">
                                 <!--Optional:-->
                                 <naa:Complete Format="?">?</naa:Complete>
                                 <!--Optional:-->
                                 <naa:Description LanguageIdentifier="?" LanguageLocaleIdentifier="?">?</naa:Description>
                                 <!--Optional:-->
                                 <naa:Duration UnitCode="?">?</naa:Duration>
                                 <!--Optional:-->
                                 <naa:End Format="?">?</naa:End>
                                 <naa:Identification identificationSchemeName="?" identificationSchemeURI="?" identificationSchemeVersion="?" identificationSchemeAgency="?">?</naa:Identification>
                                 <!--Optional:-->
                                 <naa:Inclusive Format="?">?</naa:Inclusive>
                                 <!--Optional:-->
                                 <naa:Name LanguageIdentifier="?" LanguageLocaleIdentifier="?">?</naa:Name>
                                 <!--Optional:-->
                                 <naa:Sequence identificationSchemeName="?" identificationSchemeURI="?" identificationSchemeVersion="?" identificationSchemeAgency="?">?</naa:Sequence>
                                 <naa:Start Format="?">?</naa:Start>
                              </naa:UsagePeriod>
                           </naa:PostalAddress>
                           <!--Zero or more repetitions:-->
                           <naa:Registration ref="?">
                              <!--Optional:-->
                              <naa:Category codeName="?" codeListURI="?" codeListAgency="?" codeListName="?" codeListVersion="?">?</naa:Category>
                              <!--Optional:-->
                              <naa:Country codeName="?" codeListURI="?" codeListAgency="?" codeListName="?" codeListVersion="?">?</naa:Country>
                              <naa:Identification identificationSchemeName="?" identificationSchemeURI="?" identificationSchemeVersion="?" identificationSchemeAgency="?">?</naa:Identification>
                              <!--Optional:-->
                              <naa:Licence identificationSchemeName="?" identificationSchemeURI="?" identificationSchemeVersion="?" identificationSchemeAgency="?">?</naa:Licence>
                              <!--Optional:-->
                              <naa:Recorded Format="?">?</naa:Recorded>
                              <!--Optional:-->
                              <naa:Type codeName="?" codeListURI="?" codeListAgency="?" codeListName="?" codeListVersion="?">?</naa:Type>
                              <!--Optional:-->
                              <naa:ValidityPeriod ref="?">
                                 <!--Optional:-->
                                 <naa:Complete Format="?">?</naa:Complete>
                                 <!--Optional:-->
                                 <naa:Description LanguageIdentifier="?" LanguageLocaleIdentifier="?">?</naa:Description>
                                 <!--Optional:-->
                                 <naa:Duration UnitCode="?">?</naa:Duration>
                                 <!--Optional:-->
                                 <naa:End Format="?">?</naa:End>
                                 <naa:Identification identificationSchemeName="?" identificationSchemeURI="?" identificationSchemeVersion="?" identificationSchemeAgency="?">?</naa:Identification>
                                 <!--Optional:-->
                                 <naa:Inclusive Format="?">?</naa:Inclusive>
                                 <!--Optional:-->
                                 <naa:Name LanguageIdentifier="?" LanguageLocaleIdentifier="?">?</naa:Name>
                                 <!--Optional:-->
                                 <naa:Sequence identificationSchemeName="?" identificationSchemeURI="?" identificationSchemeVersion="?" identificationSchemeAgency="?">?</naa:Sequence>
                                 <naa:Start Format="?">?</naa:Start>
                              </naa:ValidityPeriod>
                           </naa:Registration>
                           <!--Zero or more repetitions:-->
                           <naa:Status ref="?">
                              <naa:Code codeName="?" codeListURI="?" codeListAgency="?" codeListName="?" codeListVersion="?">?</naa:Code>
                              <!--Optional:-->
                              <naa:Description LanguageIdentifier="?" LanguageLocaleIdentifier="?">?</naa:Description>
                              <!--Optional:-->
                              <naa:ValidityPeriod ref="?">
                                 <!--Optional:-->
                                 <naa:Complete Format="?">?</naa:Complete>
                                 <!--Optional:-->
                                 <naa:Description LanguageIdentifier="?" LanguageLocaleIdentifier="?">?</naa:Description>
                                 <!--Optional:-->
                                 <naa:Duration UnitCode="?">?</naa:Duration>
                                 <!--Optional:-->
                                 <naa:End Format="?">?</naa:End>
                                 <naa:Identification identificationSchemeName="?" identificationSchemeURI="?" identificationSchemeVersion="?" identificationSchemeAgency="?">?</naa:Identification>
                                 <!--Optional:-->
                                 <naa:Inclusive Format="?">?</naa:Inclusive>
                                 <!--Optional:-->
                                 <naa:Name LanguageIdentifier="?" LanguageLocaleIdentifier="?">?</naa:Name>
                                 <!--Optional:-->
                                 <naa:Sequence identificationSchemeName="?" identificationSchemeURI="?" identificationSchemeVersion="?" identificationSchemeAgency="?">?</naa:Sequence>
                                 <naa:Start Format="?">?</naa:Start>
                              </naa:ValidityPeriod>
                           </naa:Status>
                           <!--Zero or more repetitions:-->
                           <naa:Telephone ref="?">
                              <!--Optional:-->
                              <naa:AreaCode codeName="?" codeListURI="?" codeListAgency="?" codeListName="?" codeListVersion="?">?</naa:AreaCode>
                              <!--Optional:-->
                              <naa:CountryCode codeName="?" codeListURI="?" codeListAgency="?" codeListName="?" codeListVersion="?">?</naa:CountryCode>
                              <!--Optional:-->
                              <naa:Extension LanguageIdentifier="?" LanguageLocaleIdentifier="?">?</naa:Extension>
                              <naa:Number identificationSchemeName="?" identificationSchemeURI="?" identificationSchemeVersion="?" identificationSchemeAgency="?">?</naa:Number>
                              <naa:Type codeName="?" codeListURI="?" codeListAgency="?" codeListName="?" codeListVersion="?">?</naa:Type>
                           </naa:Telephone>
                           <!--Optional:-->
                           <naa:Type codeName="?" codeListURI="?" codeListAgency="?" codeListName="?" codeListVersion="?">?</naa:Type>
                        </naa:Organisation>
                        <!--Optional:-->
                        <naa:Person ref="?">
                           <!--Optional:-->
                           <naa:Description LanguageIdentifier="?" LanguageLocaleIdentifier="?">?</naa:Description>
                           <naa:Identification identificationSchemeName="?" identificationSchemeURI="?" identificationSchemeVersion="?" identificationSchemeAgency="?">?</naa:Identification>
                           <!--Zero or more repetitions:-->
                           <naa:Internet ref="?">
                              <naa:Type codeName="?" codeListURI="?" codeListAgency="?" codeListName="?" codeListVersion="?">?</naa:Type>
                              <naa:URI>?</naa:URI>
                           </naa:Internet>
                           <!--1 or more repetitions:-->
                           <naa:PersonName ref="?">
                              <naa:Classification codeName="?" codeListURI="?" codeListAgency="?" codeListName="?" codeListVersion="?">?</naa:Classification>
                              <!--Optional:-->
                              <naa:FamilyName LanguageIdentifier="?" LanguageLocaleIdentifier="?">?</naa:FamilyName>
                              <!--Optional:-->
                              <naa:FamilyNamePrefix LanguageIdentifier="?" LanguageLocaleIdentifier="?">?</naa:FamilyNamePrefix>
                              <!--Optional:-->
                              <naa:GivenName LanguageIdentifier="?" LanguageLocaleIdentifier="?">?</naa:GivenName>
                              <!--Optional:-->
                              <naa:MiddleName LanguageIdentifier="?" LanguageLocaleIdentifier="?">?</naa:MiddleName>
                              <!--Optional:-->
                              <naa:Name LanguageIdentifier="?" LanguageLocaleIdentifier="?">?</naa:Name>
                              <!--Optional:-->
                              <naa:NameSuffix codeName="?" codeListURI="?" codeListAgency="?" codeListName="?" codeListVersion="?">?</naa:NameSuffix>
                              <!--Optional:-->
                              <naa:Salutation LanguageIdentifier="?" LanguageLocaleIdentifier="?">?</naa:Salutation>
                              <!--Optional:-->
                              <naa:Title codeName="?" codeListURI="?" codeListAgency="?" codeListName="?" codeListVersion="?">?</naa:Title>
                              <!--Optional:-->
                              <naa:ValidityPeriod ref="?">
                                 <!--Optional:-->
                                 <naa:Complete Format="?">?</naa:Complete>
                                 <!--Optional:-->
                                 <naa:Description LanguageIdentifier="?" LanguageLocaleIdentifier="?">?</naa:Description>
                                 <!--Optional:-->
                                 <naa:Duration UnitCode="?">?</naa:Duration>
                                 <!--Optional:-->
                                 <naa:End Format="?">?</naa:End>
                                 <naa:Identification identificationSchemeName="?" identificationSchemeURI="?" identificationSchemeVersion="?" identificationSchemeAgency="?">?</naa:Identification>
                                 <!--Optional:-->
                                 <naa:Inclusive Format="?">?</naa:Inclusive>
                                 <!--Optional:-->
                                 <naa:Name LanguageIdentifier="?" LanguageLocaleIdentifier="?">?</naa:Name>
                                 <!--Optional:-->
                                 <naa:Sequence identificationSchemeName="?" identificationSchemeURI="?" identificationSchemeVersion="?" identificationSchemeAgency="?">?</naa:Sequence>
                                 <naa:Start Format="?">?</naa:Start>
                              </naa:ValidityPeriod>
                           </naa:PersonName>
                           <!--Zero or more repetitions:-->
                           <naa:PostalAddress ref="?">
                              <!--Zero or more repetitions:-->
                              <naa:Address/>
                              <!--Optional:-->
                              <naa:BlockName LanguageIdentifier="?" LanguageLocaleIdentifier="?">?</naa:BlockName>
                              <!--Optional:-->
                              <naa:BuildingName LanguageIdentifier="?" LanguageLocaleIdentifier="?">?</naa:BuildingName>
                              <!--Optional:-->
                              <naa:BuildingNumber LanguageIdentifier="?" LanguageLocaleIdentifier="?">?</naa:BuildingNumber>
                              <!--Optional:-->
                              <naa:CityName LanguageIdentifier="?" LanguageLocaleIdentifier="?">?</naa:CityName>
                              <!--Optional:-->
                              <naa:Code codeName="?" codeListURI="?" codeListAgency="?" codeListName="?" codeListVersion="?">?</naa:Code>
                              <!--Optional:-->
                              <naa:CountryName codeName="?" codeListURI="?" codeListAgency="?" codeListName="?" codeListVersion="?">?</naa:CountryName>
                              <!--Optional:-->
                              <naa:CountrySubDivision codeName="?" codeListURI="?" codeListAgency="?" codeListName="?" codeListVersion="?">?</naa:CountrySubDivision>
                              <!--Zero or more repetitions:-->
                              <naa:Geocode ref="?">
                                 <!--Optional:-->
                                 <naa:AltimetricSystem codeName="?" codeListURI="?" codeListAgency="?" codeListName="?" codeListVersion="?">?</naa:AltimetricSystem>
                                 <!--Optional:-->
                                 <naa:Altitude Format="?">?</naa:Altitude>
                                 <naa:Identification identificationSchemeName="?" identificationSchemeURI="?" identificationSchemeVersion="?" identificationSchemeAgency="?">?</naa:Identification>
                                 <naa:Latitude Format="?">?</naa:Latitude>
                                 <!--Optional:-->
                                 <naa:LatitudeDirection codeName="?" codeListURI="?" codeListAgency="?" codeListName="?" codeListVersion="?">?</naa:LatitudeDirection>
                                 <naa:Longitude Format="?">?</naa:Longitude>
                                 <!--Optional:-->
                                 <naa:LongitudeDirection codeName="?" codeListURI="?" codeListAgency="?" codeListName="?" codeListVersion="?">?</naa:LongitudeDirection>
                                 <!--Optional:-->
                                 <naa:System codeName="?" codeListURI="?" codeListAgency="?" codeListName="?" codeListVersion="?">?</naa:System>
                              </naa:Geocode>
                              <naa:Identification identificationSchemeName="?" identificationSchemeURI="?" identificationSchemeVersion="?" identificationSchemeAgency="?">?</naa:Identification>
                              <!--Optional:-->
                              <naa:LineFive LanguageIdentifier="?" LanguageLocaleIdentifier="?">?</naa:LineFive>
                              <!--Optional:-->
                              <naa:LineFour LanguageIdentifier="?" LanguageLocaleIdentifier="?">?</naa:LineFour>
                              <!--Optional:-->
                              <naa:LineOne LanguageIdentifier="?" LanguageLocaleIdentifier="?">?</naa:LineOne>
                              <!--Optional:-->
                              <naa:LineSix LanguageIdentifier="?" LanguageLocaleIdentifier="?">?</naa:LineSix>
                              <!--Optional:-->
                              <naa:LineThree LanguageIdentifier="?" LanguageLocaleIdentifier="?">?</naa:LineThree>
                              <!--Optional:-->
                              <naa:LineTwo LanguageIdentifier="?" LanguageLocaleIdentifier="?">?</naa:LineTwo>
                              <!--Optional:-->
                              <naa:PostOfficeBox LanguageIdentifier="?" LanguageLocaleIdentifier="?">?</naa:PostOfficeBox>
                              <!--Optional:-->
                              <naa:Postcode LanguageIdentifier="?" LanguageLocaleIdentifier="?">?</naa:Postcode>
                              <!--Optional:-->
                              <naa:StreetName LanguageIdentifier="?" LanguageLocaleIdentifier="?">?</naa:StreetName>
                              <!--Optional:-->
                              <naa:StreetSuffix codeName="?" codeListURI="?" codeListAgency="?" codeListName="?" codeListVersion="?">?</naa:StreetSuffix>
                              <!--Optional:-->
                              <naa:StreetType codeName="?" codeListURI="?" codeListAgency="?" codeListName="?" codeListVersion="?">?</naa:StreetType>
                              <!--Optional:-->
                              <naa:Usage codeName="?" codeListURI="?" codeListAgency="?" codeListName="?" codeListVersion="?">?</naa:Usage>
                              <!--Optional:-->
                              <naa:UsagePeriod ref="?">
                                 <!--Optional:-->
                                 <naa:Complete Format="?">?</naa:Complete>
                                 <!--Optional:-->
                                 <naa:Description LanguageIdentifier="?" LanguageLocaleIdentifier="?">?</naa:Description>
                                 <!--Optional:-->
                                 <naa:Duration UnitCode="?">?</naa:Duration>
                                 <!--Optional:-->
                                 <naa:End Format="?">?</naa:End>
                                 <naa:Identification identificationSchemeName="?" identificationSchemeURI="?" identificationSchemeVersion="?" identificationSchemeAgency="?">?</naa:Identification>
                                 <!--Optional:-->
                                 <naa:Inclusive Format="?">?</naa:Inclusive>
                                 <!--Optional:-->
                                 <naa:Name LanguageIdentifier="?" LanguageLocaleIdentifier="?">?</naa:Name>
                                 <!--Optional:-->
                                 <naa:Sequence identificationSchemeName="?" identificationSchemeURI="?" identificationSchemeVersion="?" identificationSchemeAgency="?">?</naa:Sequence>
                                 <naa:Start Format="?">?</naa:Start>
                              </naa:UsagePeriod>
                           </naa:PostalAddress>
                           <!--Zero or more repetitions:-->
                           <naa:Registration ref="?">
                              <!--Optional:-->
                              <naa:Category codeName="?" codeListURI="?" codeListAgency="?" codeListName="?" codeListVersion="?">?</naa:Category>
                              <!--Optional:-->
                              <naa:Country codeName="?" codeListURI="?" codeListAgency="?" codeListName="?" codeListVersion="?">?</naa:Country>
                              <naa:Identification identificationSchemeName="?" identificationSchemeURI="?" identificationSchemeVersion="?" identificationSchemeAgency="?">?</naa:Identification>
                              <!--Optional:-->
                              <naa:Licence identificationSchemeName="?" identificationSchemeURI="?" identificationSchemeVersion="?" identificationSchemeAgency="?">?</naa:Licence>
                              <!--Optional:-->
                              <naa:Recorded Format="?">?</naa:Recorded>
                              <!--Optional:-->
                              <naa:Type codeName="?" codeListURI="?" codeListAgency="?" codeListName="?" codeListVersion="?">?</naa:Type>
                              <!--Optional:-->
                              <naa:ValidityPeriod ref="?">
                                 <!--Optional:-->
                                 <naa:Complete Format="?">?</naa:Complete>
                                 <!--Optional:-->
                                 <naa:Description LanguageIdentifier="?" LanguageLocaleIdentifier="?">?</naa:Description>
                                 <!--Optional:-->
                                 <naa:Duration UnitCode="?">?</naa:Duration>
                                 <!--Optional:-->
                                 <naa:End Format="?">?</naa:End>
                                 <naa:Identification identificationSchemeName="?" identificationSchemeURI="?" identificationSchemeVersion="?" identificationSchemeAgency="?">?</naa:Identification>
                                 <!--Optional:-->
                                 <naa:Inclusive Format="?">?</naa:Inclusive>
                                 <!--Optional:-->
                                 <naa:Name LanguageIdentifier="?" LanguageLocaleIdentifier="?">?</naa:Name>
                                 <!--Optional:-->
                                 <naa:Sequence identificationSchemeName="?" identificationSchemeURI="?" identificationSchemeVersion="?" identificationSchemeAgency="?">?</naa:Sequence>
                                 <naa:Start Format="?">?</naa:Start>
                              </naa:ValidityPeriod>
                           </naa:Registration>
                           <!--Zero or more repetitions:-->
                           <naa:ResidentialAddress ref="?">
                              <!--Zero or more repetitions:-->
                              <naa:Address/>
                              <!--Optional:-->
                              <naa:BlockName LanguageIdentifier="?" LanguageLocaleIdentifier="?">?</naa:BlockName>
                              <!--Optional:-->
                              <naa:BuildingName LanguageIdentifier="?" LanguageLocaleIdentifier="?">?</naa:BuildingName>
                              <!--Optional:-->
                              <naa:BuildingNumber LanguageIdentifier="?" LanguageLocaleIdentifier="?">?</naa:BuildingNumber>
                              <!--Optional:-->
                              <naa:CityName LanguageIdentifier="?" LanguageLocaleIdentifier="?">?</naa:CityName>
                              <!--Optional:-->
                              <naa:Code codeName="?" codeListURI="?" codeListAgency="?" codeListName="?" codeListVersion="?">?</naa:Code>
                              <!--Optional:-->
                              <naa:CountryName codeName="?" codeListURI="?" codeListAgency="?" codeListName="?" codeListVersion="?">?</naa:CountryName>
                              <!--Optional:-->
                              <naa:CountrySubDivision codeName="?" codeListURI="?" codeListAgency="?" codeListName="?" codeListVersion="?">?</naa:CountrySubDivision>
                              <!--Zero or more repetitions:-->
                              <naa:Geocode ref="?">
                                 <!--Optional:-->
                                 <naa:AltimetricSystem codeName="?" codeListURI="?" codeListAgency="?" codeListName="?" codeListVersion="?">?</naa:AltimetricSystem>
                                 <!--Optional:-->
                                 <naa:Altitude Format="?">?</naa:Altitude>
                                 <naa:Identification identificationSchemeName="?" identificationSchemeURI="?" identificationSchemeVersion="?" identificationSchemeAgency="?">?</naa:Identification>
                                 <naa:Latitude Format="?">?</naa:Latitude>
                                 <!--Optional:-->
                                 <naa:LatitudeDirection codeName="?" codeListURI="?" codeListAgency="?" codeListName="?" codeListVersion="?">?</naa:LatitudeDirection>
                                 <naa:Longitude Format="?">?</naa:Longitude>
                                 <!--Optional:-->
                                 <naa:LongitudeDirection codeName="?" codeListURI="?" codeListAgency="?" codeListName="?" codeListVersion="?">?</naa:LongitudeDirection>
                                 <!--Optional:-->
                                 <naa:System codeName="?" codeListURI="?" codeListAgency="?" codeListName="?" codeListVersion="?">?</naa:System>
                              </naa:Geocode>
                              <naa:Identification identificationSchemeName="?" identificationSchemeURI="?" identificationSchemeVersion="?" identificationSchemeAgency="?">?</naa:Identification>
                              <!--Optional:-->
                              <naa:LineFive LanguageIdentifier="?" LanguageLocaleIdentifier="?">?</naa:LineFive>
                              <!--Optional:-->
                              <naa:LineFour LanguageIdentifier="?" LanguageLocaleIdentifier="?">?</naa:LineFour>
                              <!--Optional:-->
                              <naa:LineOne LanguageIdentifier="?" LanguageLocaleIdentifier="?">?</naa:LineOne>
                              <!--Optional:-->
                              <naa:LineSix LanguageIdentifier="?" LanguageLocaleIdentifier="?">?</naa:LineSix>
                              <!--Optional:-->
                              <naa:LineThree LanguageIdentifier="?" LanguageLocaleIdentifier="?">?</naa:LineThree>
                              <!--Optional:-->
                              <naa:LineTwo LanguageIdentifier="?" LanguageLocaleIdentifier="?">?</naa:LineTwo>
                              <!--Optional:-->
                              <naa:PostOfficeBox LanguageIdentifier="?" LanguageLocaleIdentifier="?">?</naa:PostOfficeBox>
                              <!--Optional:-->
                              <naa:Postcode LanguageIdentifier="?" LanguageLocaleIdentifier="?">?</naa:Postcode>
                              <!--Optional:-->
                              <naa:StreetName LanguageIdentifier="?" LanguageLocaleIdentifier="?">?</naa:StreetName>
                              <!--Optional:-->
                              <naa:StreetSuffix codeName="?" codeListURI="?" codeListAgency="?" codeListName="?" codeListVersion="?">?</naa:StreetSuffix>
                              <!--Optional:-->
                              <naa:StreetType codeName="?" codeListURI="?" codeListAgency="?" codeListName="?" codeListVersion="?">?</naa:StreetType>
                              <!--Optional:-->
                              <naa:Usage codeName="?" codeListURI="?" codeListAgency="?" codeListName="?" codeListVersion="?">?</naa:Usage>
                              <!--Optional:-->
                              <naa:UsagePeriod ref="?">
                                 <!--Optional:-->
                                 <naa:Complete Format="?">?</naa:Complete>
                                 <!--Optional:-->
                                 <naa:Description LanguageIdentifier="?" LanguageLocaleIdentifier="?">?</naa:Description>
                                 <!--Optional:-->
                                 <naa:Duration UnitCode="?">?</naa:Duration>
                                 <!--Optional:-->
                                 <naa:End Format="?">?</naa:End>
                                 <naa:Identification identificationSchemeName="?" identificationSchemeURI="?" identificationSchemeVersion="?" identificationSchemeAgency="?">?</naa:Identification>
                                 <!--Optional:-->
                                 <naa:Inclusive Format="?">?</naa:Inclusive>
                                 <!--Optional:-->
                                 <naa:Name LanguageIdentifier="?" LanguageLocaleIdentifier="?">?</naa:Name>
                                 <!--Optional:-->
                                 <naa:Sequence identificationSchemeName="?" identificationSchemeURI="?" identificationSchemeVersion="?" identificationSchemeAgency="?">?</naa:Sequence>
                                 <naa:Start Format="?">?</naa:Start>
                              </naa:UsagePeriod>
                           </naa:ResidentialAddress>
                           <!--Zero or more repetitions:-->
                           <naa:Status ref="?">
                              <naa:Code codeName="?" codeListURI="?" codeListAgency="?" codeListName="?" codeListVersion="?">?</naa:Code>
                              <!--Optional:-->
                              <naa:Description LanguageIdentifier="?" LanguageLocaleIdentifier="?">?</naa:Description>
                              <!--Optional:-->
                              <naa:ValidityPeriod ref="?">
                                 <!--Optional:-->
                                 <naa:Complete Format="?">?</naa:Complete>
                                 <!--Optional:-->
                                 <naa:Description LanguageIdentifier="?" LanguageLocaleIdentifier="?">?</naa:Description>
                                 <!--Optional:-->
                                 <naa:Duration UnitCode="?">?</naa:Duration>
                                 <!--Optional:-->
                                 <naa:End Format="?">?</naa:End>
                                 <naa:Identification identificationSchemeName="?" identificationSchemeURI="?" identificationSchemeVersion="?" identificationSchemeAgency="?">?</naa:Identification>
                                 <!--Optional:-->
                                 <naa:Inclusive Format="?">?</naa:Inclusive>
                                 <!--Optional:-->
                                 <naa:Name LanguageIdentifier="?" LanguageLocaleIdentifier="?">?</naa:Name>
                                 <!--Optional:-->
                                 <naa:Sequence identificationSchemeName="?" identificationSchemeURI="?" identificationSchemeVersion="?" identificationSchemeAgency="?">?</naa:Sequence>
                                 <naa:Start Format="?">?</naa:Start>
                              </naa:ValidityPeriod>
                           </naa:Status>
                           <!--Zero or more repetitions:-->
                           <naa:Telephone ref="?">
                              <!--Optional:-->
                              <naa:AreaCode codeName="?" codeListURI="?" codeListAgency="?" codeListName="?" codeListVersion="?">?</naa:AreaCode>
                              <!--Optional:-->
                              <naa:CountryCode codeName="?" codeListURI="?" codeListAgency="?" codeListName="?" codeListVersion="?">?</naa:CountryCode>
                              <!--Optional:-->
                              <naa:Extension LanguageIdentifier="?" LanguageLocaleIdentifier="?">?</naa:Extension>
                              <naa:Number identificationSchemeName="?" identificationSchemeURI="?" identificationSchemeVersion="?" identificationSchemeAgency="?">?</naa:Number>
                              <naa:Type codeName="?" codeListURI="?" codeListAgency="?" codeListName="?" codeListVersion="?">?</naa:Type>
                           </naa:Telephone>
                        </naa:Person>
                        <naa:Identification identificationSchemeName="?" identificationSchemeURI="?" identificationSchemeVersion="?" identificationSchemeAgency="?">?</naa:Identification>
                        <!--Optional:-->
                        <naa:Language codeName="?" codeListURI="?" codeListAgency="?" codeListName="?" codeListVersion="?">?</naa:Language>
                        <naa:Name LanguageIdentifier="?" LanguageLocaleIdentifier="?">?</naa:Name>
                        <!--Optional:-->
                        <naa:Type LanguageIdentifier="?" LanguageLocaleIdentifier="?">?</naa:Type>
                     </da:Party>
                     <!--Optional:-->
                     <da:Type codeName="?" codeListURI="?" codeListAgency="?" codeListName="?" codeListVersion="?">?</da:Type>
                  </da:ResponsiblePartyRole>
               </da:AssessmentIssue>
               <!--Zero or more repetitions:-->
               <da:Attachment ref="?">
                  <!--Zero or more repetitions:-->
                  <da:Contributor LanguageIdentifier="?" LanguageLocaleIdentifier="?">?</da:Contributor>
                  <!--Zero or more repetitions:-->
                  <da:Coverage LanguageIdentifier="?" LanguageLocaleIdentifier="?">?</da:Coverage>
                  <!--Zero or more repetitions:-->
                  <da:Creator LanguageIdentifier="?" LanguageLocaleIdentifier="?">?</da:Creator>
                  <!--Optional:-->
                  <da:Date Format="?">?</da:Date>
                  <!--Zero or more repetitions:-->
                  <da:Description LanguageIdentifier="?" LanguageLocaleIdentifier="?">?</da:Description>
                  <!--Optional:-->
                  <da:Format LanguageIdentifier="?" LanguageLocaleIdentifier="?">?</da:Format>
                  <da:Identification identificationSchemeName="?" identificationSchemeURI="?" identificationSchemeVersion="?" identificationSchemeAgency="?">?</da:Identification>
                  <!--Zero or more repetitions:-->
                  <da:Language LanguageIdentifier="?" LanguageLocaleIdentifier="?">?</da:Language>
                  <!--Zero or more repetitions:-->
                  <da:Publisher LanguageIdentifier="?" LanguageLocaleIdentifier="?">?</da:Publisher>
                  <!--Zero or more repetitions:-->
                  <da:Relation LanguageIdentifier="?" LanguageLocaleIdentifier="?">?</da:Relation>
                  <!--Zero or more repetitions:-->
                  <da:Rights LanguageIdentifier="?" LanguageLocaleIdentifier="?">?</da:Rights>
                  <!--Optional:-->
                  <da:Size UnitCode="?">?</da:Size>
                  <!--Zero or more repetitions:-->
                  <da:Source LanguageIdentifier="?" LanguageLocaleIdentifier="?">?</da:Source>
                  <!--Optional:-->
                  <da:Subject LanguageIdentifier="?" LanguageLocaleIdentifier="?">?</da:Subject>
                  <!--Optional:-->
                  <da:Title LanguageIdentifier="?" LanguageLocaleIdentifier="?">?</da:Title>
                  <!--Optional:-->
                  <da:Type LanguageIdentifier="?" LanguageLocaleIdentifier="?">?</da:Type>
                  <!--Optional:-->
                  <da:Version LanguageIdentifier="?" LanguageLocaleIdentifier="?">?</da:Version>
                  <!--You have a CHOICE of the next 2 items at this level-->
                  <!--Optional:-->
                  <da:Attachment Format="?" MimeCode="?" CharacterSetCode="?" EncodingCode="?" UniformResourceIdentifier="?" Filename="?">cid:1250656168523</da:Attachment>
                  <!--Optional:-->
                  <da:URI>?</da:URI>
               </da:Attachment>
               <!--Optional:-->
               <da:ComplianceWithPlan LanguageIdentifier="?" LanguageLocaleIdentifier="?">?</da:ComplianceWithPlan>
               <!--Optional:-->
               <da:Effort LanguageIdentifier="?" LanguageLocaleIdentifier="?">?</da:Effort>
               <!--Zero or more repetitions:-->
               <da:PartyRole ref="?">
                  <!--Optional:-->
                  <da:DateTime Format="?">?</da:DateTime>
                  <!--1 or more repetitions:-->
                  <da:Party ref="?">
                     <!--Optional:-->
                     <naa:AccessRights codeName="?" codeListURI="?" codeListAgency="?" codeListName="?" codeListVersion="?">?</naa:AccessRights>
                     <!--Optional:-->
                     <naa:Description LanguageIdentifier="?" LanguageLocaleIdentifier="?">?</naa:Description>
                     <!--You have a CHOICE of the next 2 items at this level-->
                     <!--Optional:-->
                     <naa:Organisation ref="?">
                        <!--Zero or more repetitions:-->
                        <naa:Contact ref="?">
                           <!--Optional:-->
                           <naa:DepartmentName LanguageIdentifier="?" LanguageLocaleIdentifier="?">?</naa:DepartmentName>
                           <!--Optional:-->
                           <naa:Description LanguageIdentifier="?" LanguageLocaleIdentifier="?">?</naa:Description>
                           <naa:Identification identificationSchemeName="?" identificationSchemeURI="?" identificationSchemeVersion="?" identificationSchemeAgency="?">?</naa:Identification>
                           <!--Zero or more repetitions:-->
                           <naa:Internet ref="?">
                              <naa:Type codeName="?" codeListURI="?" codeListAgency="?" codeListName="?" codeListVersion="?">?</naa:Type>
                              <naa:URI>?</naa:URI>
                           </naa:Internet>
                           <!--Optional:-->
                           <naa:IsPrimary Format="?">?</naa:IsPrimary>
                           <!--Optional:-->
                           <naa:JobTitle LanguageIdentifier="?" LanguageLocaleIdentifier="?">?</naa:JobTitle>
                           <!--Optional:-->
                           <naa:PersonName ref="?">
                              <naa:Classification codeName="?" codeListURI="?" codeListAgency="?" codeListName="?" codeListVersion="?">?</naa:Classification>
                              <!--Optional:-->
                              <naa:FamilyName LanguageIdentifier="?" LanguageLocaleIdentifier="?">?</naa:FamilyName>
                              <!--Optional:-->
                              <naa:FamilyNamePrefix LanguageIdentifier="?" LanguageLocaleIdentifier="?">?</naa:FamilyNamePrefix>
                              <!--Optional:-->
                              <naa:GivenName LanguageIdentifier="?" LanguageLocaleIdentifier="?">?</naa:GivenName>
                              <!--Optional:-->
                              <naa:MiddleName LanguageIdentifier="?" LanguageLocaleIdentifier="?">?</naa:MiddleName>
                              <!--Optional:-->
                              <naa:Name LanguageIdentifier="?" LanguageLocaleIdentifier="?">?</naa:Name>
                              <!--Optional:-->
                              <naa:NameSuffix codeName="?" codeListURI="?" codeListAgency="?" codeListName="?" codeListVersion="?">?</naa:NameSuffix>
                              <!--Optional:-->
                              <naa:Salutation LanguageIdentifier="?" LanguageLocaleIdentifier="?">?</naa:Salutation>
                              <!--Optional:-->
                              <naa:Title codeName="?" codeListURI="?" codeListAgency="?" codeListName="?" codeListVersion="?">?</naa:Title>
                              <!--Optional:-->
                              <naa:ValidityPeriod ref="?">
                                 <!--Optional:-->
                                 <naa:Complete Format="?">?</naa:Complete>
                                 <!--Optional:-->
                                 <naa:Description LanguageIdentifier="?" LanguageLocaleIdentifier="?">?</naa:Description>
                                 <!--Optional:-->
                                 <naa:Duration UnitCode="?">?</naa:Duration>
                                 <!--Optional:-->
                                 <naa:End Format="?">?</naa:End>
                                 <naa:Identification identificationSchemeName="?" identificationSchemeURI="?" identificationSchemeVersion="?" identificationSchemeAgency="?">?</naa:Identification>
                                 <!--Optional:-->
                                 <naa:Inclusive Format="?">?</naa:Inclusive>
                                 <!--Optional:-->
                                 <naa:Name LanguageIdentifier="?" LanguageLocaleIdentifier="?">?</naa:Name>
                                 <!--Optional:-->
                                 <naa:Sequence identificationSchemeName="?" identificationSchemeURI="?" identificationSchemeVersion="?" identificationSchemeAgency="?">?</naa:Sequence>
                                 <naa:Start Format="?">?</naa:Start>
                              </naa:ValidityPeriod>
                           </naa:PersonName>
                           <!--Optional:-->
                           <naa:Responsibility LanguageIdentifier="?" LanguageLocaleIdentifier="?">?</naa:Responsibility>
                           <!--Zero or more repetitions:-->
                           <naa:Telephone ref="?">
                              <!--Optional:-->
                              <naa:AreaCode codeName="?" codeListURI="?" codeListAgency="?" codeListName="?" codeListVersion="?">?</naa:AreaCode>
                              <!--Optional:-->
                              <naa:CountryCode codeName="?" codeListURI="?" codeListAgency="?" codeListName="?" codeListVersion="?">?</naa:CountryCode>
                              <!--Optional:-->
                              <naa:Extension LanguageIdentifier="?" LanguageLocaleIdentifier="?">?</naa:Extension>
                              <naa:Number identificationSchemeName="?" identificationSchemeURI="?" identificationSchemeVersion="?" identificationSchemeAgency="?">?</naa:Number>
                              <naa:Type codeName="?" codeListURI="?" codeListAgency="?" codeListName="?" codeListVersion="?">?</naa:Type>
                           </naa:Telephone>
                           <!--Optional:-->
                           <naa:Type codeName="?" codeListURI="?" codeListAgency="?" codeListName="?" codeListVersion="?">?</naa:Type>
                        </naa:Contact>
                        <!--Optional:-->
                        <naa:Description LanguageIdentifier="?" LanguageLocaleIdentifier="?">?</naa:Description>
                        <naa:Identification identificationSchemeName="?" identificationSchemeURI="?" identificationSchemeVersion="?" identificationSchemeAgency="?">?</naa:Identification>
                        <!--Optional:-->
                        <naa:IndustryClassification codeName="?" codeListURI="?" codeListAgency="?" codeListName="?" codeListVersion="?">?</naa:IndustryClassification>
                        <!--Zero or more repetitions:-->
                        <naa:Internet ref="?">
                           <naa:Type codeName="?" codeListURI="?" codeListAgency="?" codeListName="?" codeListVersion="?">?</naa:Type>
                           <naa:URI>?</naa:URI>
                        </naa:Internet>
                        <!--Optional:-->
                        <naa:IsActive Format="?">?</naa:IsActive>
                        <!--Optional:-->
                        <naa:LegalClassification codeName="?" codeListURI="?" codeListAgency="?" codeListName="?" codeListVersion="?">?</naa:LegalClassification>
                        <!--Zero or more repetitions:-->
                        <naa:Organisation/>
                        <!--1 or more repetitions:-->
                        <naa:OrganisationName ref="?">
                           <naa:Classification codeName="?" codeListURI="?" codeListAgency="?" codeListName="?" codeListVersion="?">?</naa:Classification>
                           <naa:Name LanguageIdentifier="?" LanguageLocaleIdentifier="?">?</naa:Name>
                           <!--Optional:-->
                           <naa:ValidityPeriod ref="?">
                              <!--Optional:-->
                              <naa:Complete Format="?">?</naa:Complete>
                              <!--Optional:-->
                              <naa:Description LanguageIdentifier="?" LanguageLocaleIdentifier="?">?</naa:Description>
                              <!--Optional:-->
                              <naa:Duration UnitCode="?">?</naa:Duration>
                              <!--Optional:-->
                              <naa:End Format="?">?</naa:End>
                              <naa:Identification identificationSchemeName="?" identificationSchemeURI="?" identificationSchemeVersion="?" identificationSchemeAgency="?">?</naa:Identification>
                              <!--Optional:-->
                              <naa:Inclusive Format="?">?</naa:Inclusive>
                              <!--Optional:-->
                              <naa:Name LanguageIdentifier="?" LanguageLocaleIdentifier="?">?</naa:Name>
                              <!--Optional:-->
                              <naa:Sequence identificationSchemeName="?" identificationSchemeURI="?" identificationSchemeVersion="?" identificationSchemeAgency="?">?</naa:Sequence>
                              <naa:Start Format="?">?</naa:Start>
                           </naa:ValidityPeriod>
                        </naa:OrganisationName>
                        <!--Zero or more repetitions:-->
                        <naa:PhysicalAddress ref="?">
                           <!--Zero or more repetitions:-->
                           <naa:Address/>
                           <!--Optional:-->
                           <naa:BlockName LanguageIdentifier="?" LanguageLocaleIdentifier="?">?</naa:BlockName>
                           <!--Optional:-->
                           <naa:BuildingName LanguageIdentifier="?" LanguageLocaleIdentifier="?">?</naa:BuildingName>
                           <!--Optional:-->
                           <naa:BuildingNumber LanguageIdentifier="?" LanguageLocaleIdentifier="?">?</naa:BuildingNumber>
                           <!--Optional:-->
                           <naa:CityName LanguageIdentifier="?" LanguageLocaleIdentifier="?">?</naa:CityName>
                           <!--Optional:-->
                           <naa:Code codeName="?" codeListURI="?" codeListAgency="?" codeListName="?" codeListVersion="?">?</naa:Code>
                           <!--Optional:-->
                           <naa:CountryName codeName="?" codeListURI="?" codeListAgency="?" codeListName="?" codeListVersion="?">?</naa:CountryName>
                           <!--Optional:-->
                           <naa:CountrySubDivision codeName="?" codeListURI="?" codeListAgency="?" codeListName="?" codeListVersion="?">?</naa:CountrySubDivision>
                           <!--Zero or more repetitions:-->
                           <naa:Geocode ref="?">
                              <!--Optional:-->
                              <naa:AltimetricSystem codeName="?" codeListURI="?" codeListAgency="?" codeListName="?" codeListVersion="?">?</naa:AltimetricSystem>
                              <!--Optional:-->
                              <naa:Altitude Format="?">?</naa:Altitude>
                              <naa:Identification identificationSchemeName="?" identificationSchemeURI="?" identificationSchemeVersion="?" identificationSchemeAgency="?">?</naa:Identification>
                              <naa:Latitude Format="?">?</naa:Latitude>
                              <!--Optional:-->
                              <naa:LatitudeDirection codeName="?" codeListURI="?" codeListAgency="?" codeListName="?" codeListVersion="?">?</naa:LatitudeDirection>
                              <naa:Longitude Format="?">?</naa:Longitude>
                              <!--Optional:-->
                              <naa:LongitudeDirection codeName="?" codeListURI="?" codeListAgency="?" codeListName="?" codeListVersion="?">?</naa:LongitudeDirection>
                              <!--Optional:-->
                              <naa:System codeName="?" codeListURI="?" codeListAgency="?" codeListName="?" codeListVersion="?">?</naa:System>
                           </naa:Geocode>
                           <naa:Identification identificationSchemeName="?" identificationSchemeURI="?" identificationSchemeVersion="?" identificationSchemeAgency="?">?</naa:Identification>
                           <!--Optional:-->
                           <naa:LineFive LanguageIdentifier="?" LanguageLocaleIdentifier="?">?</naa:LineFive>
                           <!--Optional:-->
                           <naa:LineFour LanguageIdentifier="?" LanguageLocaleIdentifier="?">?</naa:LineFour>
                           <!--Optional:-->
                           <naa:LineOne LanguageIdentifier="?" LanguageLocaleIdentifier="?">?</naa:LineOne>
                           <!--Optional:-->
                           <naa:LineSix LanguageIdentifier="?" LanguageLocaleIdentifier="?">?</naa:LineSix>
                           <!--Optional:-->
                           <naa:LineThree LanguageIdentifier="?" LanguageLocaleIdentifier="?">?</naa:LineThree>
                           <!--Optional:-->
                           <naa:LineTwo LanguageIdentifier="?" LanguageLocaleIdentifier="?">?</naa:LineTwo>
                           <!--Optional:-->
                           <naa:PostOfficeBox LanguageIdentifier="?" LanguageLocaleIdentifier="?">?</naa:PostOfficeBox>
                           <!--Optional:-->
                           <naa:Postcode LanguageIdentifier="?" LanguageLocaleIdentifier="?">?</naa:Postcode>
                           <!--Optional:-->
                           <naa:StreetName LanguageIdentifier="?" LanguageLocaleIdentifier="?">?</naa:StreetName>
                           <!--Optional:-->
                           <naa:StreetSuffix codeName="?" codeListURI="?" codeListAgency="?" codeListName="?" codeListVersion="?">?</naa:StreetSuffix>
                           <!--Optional:-->
                           <naa:StreetType codeName="?" codeListURI="?" codeListAgency="?" codeListName="?" codeListVersion="?">?</naa:StreetType>
                           <!--Optional:-->
                           <naa:Usage codeName="?" codeListURI="?" codeListAgency="?" codeListName="?" codeListVersion="?">?</naa:Usage>
                           <!--Optional:-->
                           <naa:UsagePeriod ref="?">
                              <!--Optional:-->
                              <naa:Complete Format="?">?</naa:Complete>
                              <!--Optional:-->
                              <naa:Description LanguageIdentifier="?" LanguageLocaleIdentifier="?">?</naa:Description>
                              <!--Optional:-->
                              <naa:Duration UnitCode="?">?</naa:Duration>
                              <!--Optional:-->
                              <naa:End Format="?">?</naa:End>
                              <naa:Identification identificationSchemeName="?" identificationSchemeURI="?" identificationSchemeVersion="?" identificationSchemeAgency="?">?</naa:Identification>
                              <!--Optional:-->
                              <naa:Inclusive Format="?">?</naa:Inclusive>
                              <!--Optional:-->
                              <naa:Name LanguageIdentifier="?" LanguageLocaleIdentifier="?">?</naa:Name>
                              <!--Optional:-->
                              <naa:Sequence identificationSchemeName="?" identificationSchemeURI="?" identificationSchemeVersion="?" identificationSchemeAgency="?">?</naa:Sequence>
                              <naa:Start Format="?">?</naa:Start>
                           </naa:UsagePeriod>
                        </naa:PhysicalAddress>
                        <!--Zero or more repetitions:-->
                        <naa:PostalAddress ref="?">
                           <!--Zero or more repetitions:-->
                           <naa:Address/>
                           <!--Optional:-->
                           <naa:BlockName LanguageIdentifier="?" LanguageLocaleIdentifier="?">?</naa:BlockName>
                           <!--Optional:-->
                           <naa:BuildingName LanguageIdentifier="?" LanguageLocaleIdentifier="?">?</naa:BuildingName>
                           <!--Optional:-->
                           <naa:BuildingNumber LanguageIdentifier="?" LanguageLocaleIdentifier="?">?</naa:BuildingNumber>
                           <!--Optional:-->
                           <naa:CityName LanguageIdentifier="?" LanguageLocaleIdentifier="?">?</naa:CityName>
                           <!--Optional:-->
                           <naa:Code codeName="?" codeListURI="?" codeListAgency="?" codeListName="?" codeListVersion="?">?</naa:Code>
                           <!--Optional:-->
                           <naa:CountryName codeName="?" codeListURI="?" codeListAgency="?" codeListName="?" codeListVersion="?">?</naa:CountryName>
                           <!--Optional:-->
                           <naa:CountrySubDivision codeName="?" codeListURI="?" codeListAgency="?" codeListName="?" codeListVersion="?">?</naa:CountrySubDivision>
                           <!--Zero or more repetitions:-->
                           <naa:Geocode ref="?">
                              <!--Optional:-->
                              <naa:AltimetricSystem codeName="?" codeListURI="?" codeListAgency="?" codeListName="?" codeListVersion="?">?</naa:AltimetricSystem>
                              <!--Optional:-->
                              <naa:Altitude Format="?">?</naa:Altitude>
                              <naa:Identification identificationSchemeName="?" identificationSchemeURI="?" identificationSchemeVersion="?" identificationSchemeAgency="?">?</naa:Identification>
                              <naa:Latitude Format="?">?</naa:Latitude>
                              <!--Optional:-->
                              <naa:LatitudeDirection codeName="?" codeListURI="?" codeListAgency="?" codeListName="?" codeListVersion="?">?</naa:LatitudeDirection>
                              <naa:Longitude Format="?">?</naa:Longitude>
                              <!--Optional:-->
                              <naa:LongitudeDirection codeName="?" codeListURI="?" codeListAgency="?" codeListName="?" codeListVersion="?">?</naa:LongitudeDirection>
                              <!--Optional:-->
                              <naa:System codeName="?" codeListURI="?" codeListAgency="?" codeListName="?" codeListVersion="?">?</naa:System>
                           </naa:Geocode>
                           <naa:Identification identificationSchemeName="?" identificationSchemeURI="?" identificationSchemeVersion="?" identificationSchemeAgency="?">?</naa:Identification>
                           <!--Optional:-->
                           <naa:LineFive LanguageIdentifier="?" LanguageLocaleIdentifier="?">?</naa:LineFive>
                           <!--Optional:-->
                           <naa:LineFour LanguageIdentifier="?" LanguageLocaleIdentifier="?">?</naa:LineFour>
                           <!--Optional:-->
                           <naa:LineOne LanguageIdentifier="?" LanguageLocaleIdentifier="?">?</naa:LineOne>
                           <!--Optional:-->
                           <naa:LineSix LanguageIdentifier="?" LanguageLocaleIdentifier="?">?</naa:LineSix>
                           <!--Optional:-->
                           <naa:LineThree LanguageIdentifier="?" LanguageLocaleIdentifier="?">?</naa:LineThree>
                           <!--Optional:-->
                           <naa:LineTwo LanguageIdentifier="?" LanguageLocaleIdentifier="?">?</naa:LineTwo>
                           <!--Optional:-->
                           <naa:PostOfficeBox LanguageIdentifier="?" LanguageLocaleIdentifier="?">?</naa:PostOfficeBox>
                           <!--Optional:-->
                           <naa:Postcode LanguageIdentifier="?" LanguageLocaleIdentifier="?">?</naa:Postcode>
                           <!--Optional:-->
                           <naa:StreetName LanguageIdentifier="?" LanguageLocaleIdentifier="?">?</naa:StreetName>
                           <!--Optional:-->
                           <naa:StreetSuffix codeName="?" codeListURI="?" codeListAgency="?" codeListName="?" codeListVersion="?">?</naa:StreetSuffix>
                           <!--Optional:-->
                           <naa:StreetType codeName="?" codeListURI="?" codeListAgency="?" codeListName="?" codeListVersion="?">?</naa:StreetType>
                           <!--Optional:-->
                           <naa:Usage codeName="?" codeListURI="?" codeListAgency="?" codeListName="?" codeListVersion="?">?</naa:Usage>
                           <!--Optional:-->
                           <naa:UsagePeriod ref="?">
                              <!--Optional:-->
                              <naa:Complete Format="?">?</naa:Complete>
                              <!--Optional:-->
                              <naa:Description LanguageIdentifier="?" LanguageLocaleIdentifier="?">?</naa:Description>
                              <!--Optional:-->
                              <naa:Duration UnitCode="?">?</naa:Duration>
                              <!--Optional:-->
                              <naa:End Format="?">?</naa:End>
                              <naa:Identification identificationSchemeName="?" identificationSchemeURI="?" identificationSchemeVersion="?" identificationSchemeAgency="?">?</naa:Identification>
                              <!--Optional:-->
                              <naa:Inclusive Format="?">?</naa:Inclusive>
                              <!--Optional:-->
                              <naa:Name LanguageIdentifier="?" LanguageLocaleIdentifier="?">?</naa:Name>
                              <!--Optional:-->
                              <naa:Sequence identificationSchemeName="?" identificationSchemeURI="?" identificationSchemeVersion="?" identificationSchemeAgency="?">?</naa:Sequence>
                              <naa:Start Format="?">?</naa:Start>
                           </naa:UsagePeriod>
                        </naa:PostalAddress>
                        <!--Zero or more repetitions:-->
                        <naa:Registration ref="?">
                           <!--Optional:-->
                           <naa:Category codeName="?" codeListURI="?" codeListAgency="?" codeListName="?" codeListVersion="?">?</naa:Category>
                           <!--Optional:-->
                           <naa:Country codeName="?" codeListURI="?" codeListAgency="?" codeListName="?" codeListVersion="?">?</naa:Country>
                           <naa:Identification identificationSchemeName="?" identificationSchemeURI="?" identificationSchemeVersion="?" identificationSchemeAgency="?">?</naa:Identification>
                           <!--Optional:-->
                           <naa:Licence identificationSchemeName="?" identificationSchemeURI="?" identificationSchemeVersion="?" identificationSchemeAgency="?">?</naa:Licence>
                           <!--Optional:-->
                           <naa:Recorded Format="?">?</naa:Recorded>
                           <!--Optional:-->
                           <naa:Type codeName="?" codeListURI="?" codeListAgency="?" codeListName="?" codeListVersion="?">?</naa:Type>
                           <!--Optional:-->
                           <naa:ValidityPeriod ref="?">
                              <!--Optional:-->
                              <naa:Complete Format="?">?</naa:Complete>
                              <!--Optional:-->
                              <naa:Description LanguageIdentifier="?" LanguageLocaleIdentifier="?">?</naa:Description>
                              <!--Optional:-->
                              <naa:Duration UnitCode="?">?</naa:Duration>
                              <!--Optional:-->
                              <naa:End Format="?">?</naa:End>
                              <naa:Identification identificationSchemeName="?" identificationSchemeURI="?" identificationSchemeVersion="?" identificationSchemeAgency="?">?</naa:Identification>
                              <!--Optional:-->
                              <naa:Inclusive Format="?">?</naa:Inclusive>
                              <!--Optional:-->
                              <naa:Name LanguageIdentifier="?" LanguageLocaleIdentifier="?">?</naa:Name>
                              <!--Optional:-->
                              <naa:Sequence identificationSchemeName="?" identificationSchemeURI="?" identificationSchemeVersion="?" identificationSchemeAgency="?">?</naa:Sequence>
                              <naa:Start Format="?">?</naa:Start>
                           </naa:ValidityPeriod>
                        </naa:Registration>
                        <!--Zero or more repetitions:-->
                        <naa:Status ref="?">
                           <naa:Code codeName="?" codeListURI="?" codeListAgency="?" codeListName="?" codeListVersion="?">?</naa:Code>
                           <!--Optional:-->
                           <naa:Description LanguageIdentifier="?" LanguageLocaleIdentifier="?">?</naa:Description>
                           <!--Optional:-->
                           <naa:ValidityPeriod ref="?">
                              <!--Optional:-->
                              <naa:Complete Format="?">?</naa:Complete>
                              <!--Optional:-->
                              <naa:Description LanguageIdentifier="?" LanguageLocaleIdentifier="?">?</naa:Description>
                              <!--Optional:-->
                              <naa:Duration UnitCode="?">?</naa:Duration>
                              <!--Optional:-->
                              <naa:End Format="?">?</naa:End>
                              <naa:Identification identificationSchemeName="?" identificationSchemeURI="?" identificationSchemeVersion="?" identificationSchemeAgency="?">?</naa:Identification>
                              <!--Optional:-->
                              <naa:Inclusive Format="?">?</naa:Inclusive>
                              <!--Optional:-->
                              <naa:Name LanguageIdentifier="?" LanguageLocaleIdentifier="?">?</naa:Name>
                              <!--Optional:-->
                              <naa:Sequence identificationSchemeName="?" identificationSchemeURI="?" identificationSchemeVersion="?" identificationSchemeAgency="?">?</naa:Sequence>
                              <naa:Start Format="?">?</naa:Start>
                           </naa:ValidityPeriod>
                        </naa:Status>
                        <!--Zero or more repetitions:-->
                        <naa:Telephone ref="?">
                           <!--Optional:-->
                           <naa:AreaCode codeName="?" codeListURI="?" codeListAgency="?" codeListName="?" codeListVersion="?">?</naa:AreaCode>
                           <!--Optional:-->
                           <naa:CountryCode codeName="?" codeListURI="?" codeListAgency="?" codeListName="?" codeListVersion="?">?</naa:CountryCode>
                           <!--Optional:-->
                           <naa:Extension LanguageIdentifier="?" LanguageLocaleIdentifier="?">?</naa:Extension>
                           <naa:Number identificationSchemeName="?" identificationSchemeURI="?" identificationSchemeVersion="?" identificationSchemeAgency="?">?</naa:Number>
                           <naa:Type codeName="?" codeListURI="?" codeListAgency="?" codeListName="?" codeListVersion="?">?</naa:Type>
                        </naa:Telephone>
                        <!--Optional:-->
                        <naa:Type codeName="?" codeListURI="?" codeListAgency="?" codeListName="?" codeListVersion="?">?</naa:Type>
                     </naa:Organisation>
                     <!--Optional:-->
                     <naa:Person ref="?">
                        <!--Optional:-->
                        <naa:Description LanguageIdentifier="?" LanguageLocaleIdentifier="?">?</naa:Description>
                        <naa:Identification identificationSchemeName="?" identificationSchemeURI="?" identificationSchemeVersion="?" identificationSchemeAgency="?">?</naa:Identification>
                        <!--Zero or more repetitions:-->
                        <naa:Internet ref="?">
                           <naa:Type codeName="?" codeListURI="?" codeListAgency="?" codeListName="?" codeListVersion="?">?</naa:Type>
                           <naa:URI>?</naa:URI>
                        </naa:Internet>
                        <!--1 or more repetitions:-->
                        <naa:PersonName ref="?">
                           <naa:Classification codeName="?" codeListURI="?" codeListAgency="?" codeListName="?" codeListVersion="?">?</naa:Classification>
                           <!--Optional:-->
                           <naa:FamilyName LanguageIdentifier="?" LanguageLocaleIdentifier="?">?</naa:FamilyName>
                           <!--Optional:-->
                           <naa:FamilyNamePrefix LanguageIdentifier="?" LanguageLocaleIdentifier="?">?</naa:FamilyNamePrefix>
                           <!--Optional:-->
                           <naa:GivenName LanguageIdentifier="?" LanguageLocaleIdentifier="?">?</naa:GivenName>
                           <!--Optional:-->
                           <naa:MiddleName LanguageIdentifier="?" LanguageLocaleIdentifier="?">?</naa:MiddleName>
                           <!--Optional:-->
                           <naa:Name LanguageIdentifier="?" LanguageLocaleIdentifier="?">?</naa:Name>
                           <!--Optional:-->
                           <naa:NameSuffix codeName="?" codeListURI="?" codeListAgency="?" codeListName="?" codeListVersion="?">?</naa:NameSuffix>
                           <!--Optional:-->
                           <naa:Salutation LanguageIdentifier="?" LanguageLocaleIdentifier="?">?</naa:Salutation>
                           <!--Optional:-->
                           <naa:Title codeName="?" codeListURI="?" codeListAgency="?" codeListName="?" codeListVersion="?">?</naa:Title>
                           <!--Optional:-->
                           <naa:ValidityPeriod ref="?">
                              <!--Optional:-->
                              <naa:Complete Format="?">?</naa:Complete>
                              <!--Optional:-->
                              <naa:Description LanguageIdentifier="?" LanguageLocaleIdentifier="?">?</naa:Description>
                              <!--Optional:-->
                              <naa:Duration UnitCode="?">?</naa:Duration>
                              <!--Optional:-->
                              <naa:End Format="?">?</naa:End>
                              <naa:Identification identificationSchemeName="?" identificationSchemeURI="?" identificationSchemeVersion="?" identificationSchemeAgency="?">?</naa:Identification>
                              <!--Optional:-->
                              <naa:Inclusive Format="?">?</naa:Inclusive>
                              <!--Optional:-->
                              <naa:Name LanguageIdentifier="?" LanguageLocaleIdentifier="?">?</naa:Name>
                              <!--Optional:-->
                              <naa:Sequence identificationSchemeName="?" identificationSchemeURI="?" identificationSchemeVersion="?" identificationSchemeAgency="?">?</naa:Sequence>
                              <naa:Start Format="?">?</naa:Start>
                           </naa:ValidityPeriod>
                        </naa:PersonName>
                        <!--Zero or more repetitions:-->
                        <naa:PostalAddress ref="?">
                           <!--Zero or more repetitions:-->
                           <naa:Address/>
                           <!--Optional:-->
                           <naa:BlockName LanguageIdentifier="?" LanguageLocaleIdentifier="?">?</naa:BlockName>
                           <!--Optional:-->
                           <naa:BuildingName LanguageIdentifier="?" LanguageLocaleIdentifier="?">?</naa:BuildingName>
                           <!--Optional:-->
                           <naa:BuildingNumber LanguageIdentifier="?" LanguageLocaleIdentifier="?">?</naa:BuildingNumber>
                           <!--Optional:-->
                           <naa:CityName LanguageIdentifier="?" LanguageLocaleIdentifier="?">?</naa:CityName>
                           <!--Optional:-->
                           <naa:Code codeName="?" codeListURI="?" codeListAgency="?" codeListName="?" codeListVersion="?">?</naa:Code>
                           <!--Optional:-->
                           <naa:CountryName codeName="?" codeListURI="?" codeListAgency="?" codeListName="?" codeListVersion="?">?</naa:CountryName>
                           <!--Optional:-->
                           <naa:CountrySubDivision codeName="?" codeListURI="?" codeListAgency="?" codeListName="?" codeListVersion="?">?</naa:CountrySubDivision>
                           <!--Zero or more repetitions:-->
                           <naa:Geocode ref="?">
                              <!--Optional:-->
                              <naa:AltimetricSystem codeName="?" codeListURI="?" codeListAgency="?" codeListName="?" codeListVersion="?">?</naa:AltimetricSystem>
                              <!--Optional:-->
                              <naa:Altitude Format="?">?</naa:Altitude>
                              <naa:Identification identificationSchemeName="?" identificationSchemeURI="?" identificationSchemeVersion="?" identificationSchemeAgency="?">?</naa:Identification>
                              <naa:Latitude Format="?">?</naa:Latitude>
                              <!--Optional:-->
                              <naa:LatitudeDirection codeName="?" codeListURI="?" codeListAgency="?" codeListName="?" codeListVersion="?">?</naa:LatitudeDirection>
                              <naa:Longitude Format="?">?</naa:Longitude>
                              <!--Optional:-->
                              <naa:LongitudeDirection codeName="?" codeListURI="?" codeListAgency="?" codeListName="?" codeListVersion="?">?</naa:LongitudeDirection>
                              <!--Optional:-->
                              <naa:System codeName="?" codeListURI="?" codeListAgency="?" codeListName="?" codeListVersion="?">?</naa:System>
                           </naa:Geocode>
                           <naa:Identification identificationSchemeName="?" identificationSchemeURI="?" identificationSchemeVersion="?" identificationSchemeAgency="?">?</naa:Identification>
                           <!--Optional:-->
                           <naa:LineFive LanguageIdentifier="?" LanguageLocaleIdentifier="?">?</naa:LineFive>
                           <!--Optional:-->
                           <naa:LineFour LanguageIdentifier="?" LanguageLocaleIdentifier="?">?</naa:LineFour>
                           <!--Optional:-->
                           <naa:LineOne LanguageIdentifier="?" LanguageLocaleIdentifier="?">?</naa:LineOne>
                           <!--Optional:-->
                           <naa:LineSix LanguageIdentifier="?" LanguageLocaleIdentifier="?">?</naa:LineSix>
                           <!--Optional:-->
                           <naa:LineThree LanguageIdentifier="?" LanguageLocaleIdentifier="?">?</naa:LineThree>
                           <!--Optional:-->
                           <naa:LineTwo LanguageIdentifier="?" LanguageLocaleIdentifier="?">?</naa:LineTwo>
                           <!--Optional:-->
                           <naa:PostOfficeBox LanguageIdentifier="?" LanguageLocaleIdentifier="?">?</naa:PostOfficeBox>
                           <!--Optional:-->
                           <naa:Postcode LanguageIdentifier="?" LanguageLocaleIdentifier="?">?</naa:Postcode>
                           <!--Optional:-->
                           <naa:StreetName LanguageIdentifier="?" LanguageLocaleIdentifier="?">?</naa:StreetName>
                           <!--Optional:-->
                           <naa:StreetSuffix codeName="?" codeListURI="?" codeListAgency="?" codeListName="?" codeListVersion="?">?</naa:StreetSuffix>
                           <!--Optional:-->
                           <naa:StreetType codeName="?" codeListURI="?" codeListAgency="?" codeListName="?" codeListVersion="?">?</naa:StreetType>
                           <!--Optional:-->
                           <naa:Usage codeName="?" codeListURI="?" codeListAgency="?" codeListName="?" codeListVersion="?">?</naa:Usage>
                           <!--Optional:-->
                           <naa:UsagePeriod ref="?">
                              <!--Optional:-->
                              <naa:Complete Format="?">?</naa:Complete>
                              <!--Optional:-->
                              <naa:Description LanguageIdentifier="?" LanguageLocaleIdentifier="?">?</naa:Description>
                              <!--Optional:-->
                              <naa:Duration UnitCode="?">?</naa:Duration>
                              <!--Optional:-->
                              <naa:End Format="?">?</naa:End>
                              <naa:Identification identificationSchemeName="?" identificationSchemeURI="?" identificationSchemeVersion="?" identificationSchemeAgency="?">?</naa:Identification>
                              <!--Optional:-->
                              <naa:Inclusive Format="?">?</naa:Inclusive>
                              <!--Optional:-->
                              <naa:Name LanguageIdentifier="?" LanguageLocaleIdentifier="?">?</naa:Name>
                              <!--Optional:-->
                              <naa:Sequence identificationSchemeName="?" identificationSchemeURI="?" identificationSchemeVersion="?" identificationSchemeAgency="?">?</naa:Sequence>
                              <naa:Start Format="?">?</naa:Start>
                           </naa:UsagePeriod>
                        </naa:PostalAddress>
                        <!--Zero or more repetitions:-->
                        <naa:Registration ref="?">
                           <!--Optional:-->
                           <naa:Category codeName="?" codeListURI="?" codeListAgency="?" codeListName="?" codeListVersion="?">?</naa:Category>
                           <!--Optional:-->
                           <naa:Country codeName="?" codeListURI="?" codeListAgency="?" codeListName="?" codeListVersion="?">?</naa:Country>
                           <naa:Identification identificationSchemeName="?" identificationSchemeURI="?" identificationSchemeVersion="?" identificationSchemeAgency="?">?</naa:Identification>
                           <!--Optional:-->
                           <naa:Licence identificationSchemeName="?" identificationSchemeURI="?" identificationSchemeVersion="?" identificationSchemeAgency="?">?</naa:Licence>
                           <!--Optional:-->
                           <naa:Recorded Format="?">?</naa:Recorded>
                           <!--Optional:-->
                           <naa:Type codeName="?" codeListURI="?" codeListAgency="?" codeListName="?" codeListVersion="?">?</naa:Type>
                           <!--Optional:-->
                           <naa:ValidityPeriod ref="?">
                              <!--Optional:-->
                              <naa:Complete Format="?">?</naa:Complete>
                              <!--Optional:-->
                              <naa:Description LanguageIdentifier="?" LanguageLocaleIdentifier="?">?</naa:Description>
                              <!--Optional:-->
                              <naa:Duration UnitCode="?">?</naa:Duration>
                              <!--Optional:-->
                              <naa:End Format="?">?</naa:End>
                              <naa:Identification identificationSchemeName="?" identificationSchemeURI="?" identificationSchemeVersion="?" identificationSchemeAgency="?">?</naa:Identification>
                              <!--Optional:-->
                              <naa:Inclusive Format="?">?</naa:Inclusive>
                              <!--Optional:-->
                              <naa:Name LanguageIdentifier="?" LanguageLocaleIdentifier="?">?</naa:Name>
                              <!--Optional:-->
                              <naa:Sequence identificationSchemeName="?" identificationSchemeURI="?" identificationSchemeVersion="?" identificationSchemeAgency="?">?</naa:Sequence>
                              <naa:Start Format="?">?</naa:Start>
                           </naa:ValidityPeriod>
                        </naa:Registration>
                        <!--Zero or more repetitions:-->
                        <naa:ResidentialAddress ref="?">
                           <!--Zero or more repetitions:-->
                           <naa:Address/>
                           <!--Optional:-->
                           <naa:BlockName LanguageIdentifier="?" LanguageLocaleIdentifier="?">?</naa:BlockName>
                           <!--Optional:-->
                           <naa:BuildingName LanguageIdentifier="?" LanguageLocaleIdentifier="?">?</naa:BuildingName>
                           <!--Optional:-->
                           <naa:BuildingNumber LanguageIdentifier="?" LanguageLocaleIdentifier="?">?</naa:BuildingNumber>
                           <!--Optional:-->
                           <naa:CityName LanguageIdentifier="?" LanguageLocaleIdentifier="?">?</naa:CityName>
                           <!--Optional:-->
                           <naa:Code codeName="?" codeListURI="?" codeListAgency="?" codeListName="?" codeListVersion="?">?</naa:Code>
                           <!--Optional:-->
                           <naa:CountryName codeName="?" codeListURI="?" codeListAgency="?" codeListName="?" codeListVersion="?">?</naa:CountryName>
                           <!--Optional:-->
                           <naa:CountrySubDivision codeName="?" codeListURI="?" codeListAgency="?" codeListName="?" codeListVersion="?">?</naa:CountrySubDivision>
                           <!--Zero or more repetitions:-->
                           <naa:Geocode ref="?">
                              <!--Optional:-->
                              <naa:AltimetricSystem codeName="?" codeListURI="?" codeListAgency="?" codeListName="?" codeListVersion="?">?</naa:AltimetricSystem>
                              <!--Optional:-->
                              <naa:Altitude Format="?">?</naa:Altitude>
                              <naa:Identification identificationSchemeName="?" identificationSchemeURI="?" identificationSchemeVersion="?" identificationSchemeAgency="?">?</naa:Identification>
                              <naa:Latitude Format="?">?</naa:Latitude>
                              <!--Optional:-->
                              <naa:LatitudeDirection codeName="?" codeListURI="?" codeListAgency="?" codeListName="?" codeListVersion="?">?</naa:LatitudeDirection>
                              <naa:Longitude Format="?">?</naa:Longitude>
                              <!--Optional:-->
                              <naa:LongitudeDirection codeName="?" codeListURI="?" codeListAgency="?" codeListName="?" codeListVersion="?">?</naa:LongitudeDirection>
                              <!--Optional:-->
                              <naa:System codeName="?" codeListURI="?" codeListAgency="?" codeListName="?" codeListVersion="?">?</naa:System>
                           </naa:Geocode>
                           <naa:Identification identificationSchemeName="?" identificationSchemeURI="?" identificationSchemeVersion="?" identificationSchemeAgency="?">?</naa:Identification>
                           <!--Optional:-->
                           <naa:LineFive LanguageIdentifier="?" LanguageLocaleIdentifier="?">?</naa:LineFive>
                           <!--Optional:-->
                           <naa:LineFour LanguageIdentifier="?" LanguageLocaleIdentifier="?">?</naa:LineFour>
                           <!--Optional:-->
                           <naa:LineOne LanguageIdentifier="?" LanguageLocaleIdentifier="?">?</naa:LineOne>
                           <!--Optional:-->
                           <naa:LineSix LanguageIdentifier="?" LanguageLocaleIdentifier="?">?</naa:LineSix>
                           <!--Optional:-->
                           <naa:LineThree LanguageIdentifier="?" LanguageLocaleIdentifier="?">?</naa:LineThree>
                           <!--Optional:-->
                           <naa:LineTwo LanguageIdentifier="?" LanguageLocaleIdentifier="?">?</naa:LineTwo>
                           <!--Optional:-->
                           <naa:PostOfficeBox LanguageIdentifier="?" LanguageLocaleIdentifier="?">?</naa:PostOfficeBox>
                           <!--Optional:-->
                           <naa:Postcode LanguageIdentifier="?" LanguageLocaleIdentifier="?">?</naa:Postcode>
                           <!--Optional:-->
                           <naa:StreetName LanguageIdentifier="?" LanguageLocaleIdentifier="?">?</naa:StreetName>
                           <!--Optional:-->
                           <naa:StreetSuffix codeName="?" codeListURI="?" codeListAgency="?" codeListName="?" codeListVersion="?">?</naa:StreetSuffix>
                           <!--Optional:-->
                           <naa:StreetType codeName="?" codeListURI="?" codeListAgency="?" codeListName="?" codeListVersion="?">?</naa:StreetType>
                           <!--Optional:-->
                           <naa:Usage codeName="?" codeListURI="?" codeListAgency="?" codeListName="?" codeListVersion="?">?</naa:Usage>
                           <!--Optional:-->
                           <naa:UsagePeriod ref="?">
                              <!--Optional:-->
                              <naa:Complete Format="?">?</naa:Complete>
                              <!--Optional:-->
                              <naa:Description LanguageIdentifier="?" LanguageLocaleIdentifier="?">?</naa:Description>
                              <!--Optional:-->
                              <naa:Duration UnitCode="?">?</naa:Duration>
                              <!--Optional:-->
                              <naa:End Format="?">?</naa:End>
                              <naa:Identification identificationSchemeName="?" identificationSchemeURI="?" identificationSchemeVersion="?" identificationSchemeAgency="?">?</naa:Identification>
                              <!--Optional:-->
                              <naa:Inclusive Format="?">?</naa:Inclusive>
                              <!--Optional:-->
                              <naa:Name LanguageIdentifier="?" LanguageLocaleIdentifier="?">?</naa:Name>
                              <!--Optional:-->
                              <naa:Sequence identificationSchemeName="?" identificationSchemeURI="?" identificationSchemeVersion="?" identificationSchemeAgency="?">?</naa:Sequence>
                              <naa:Start Format="?">?</naa:Start>
                           </naa:UsagePeriod>
                        </naa:ResidentialAddress>
                        <!--Zero or more repetitions:-->
                        <naa:Status ref="?">
                           <naa:Code codeName="?" codeListURI="?" codeListAgency="?" codeListName="?" codeListVersion="?">?</naa:Code>
                           <!--Optional:-->
                           <naa:Description LanguageIdentifier="?" LanguageLocaleIdentifier="?">?</naa:Description>
                           <!--Optional:-->
                           <naa:ValidityPeriod ref="?">
                              <!--Optional:-->
                              <naa:Complete Format="?">?</naa:Complete>
                              <!--Optional:-->
                              <naa:Description LanguageIdentifier="?" LanguageLocaleIdentifier="?">?</naa:Description>
                              <!--Optional:-->
                              <naa:Duration UnitCode="?">?</naa:Duration>
                              <!--Optional:-->
                              <naa:End Format="?">?</naa:End>
                              <naa:Identification identificationSchemeName="?" identificationSchemeURI="?" identificationSchemeVersion="?" identificationSchemeAgency="?">?</naa:Identification>
                              <!--Optional:-->
                              <naa:Inclusive Format="?">?</naa:Inclusive>
                              <!--Optional:-->
                              <naa:Name LanguageIdentifier="?" LanguageLocaleIdentifier="?">?</naa:Name>
                              <!--Optional:-->
                              <naa:Sequence identificationSchemeName="?" identificationSchemeURI="?" identificationSchemeVersion="?" identificationSchemeAgency="?">?</naa:Sequence>
                              <naa:Start Format="?">?</naa:Start>
                           </naa:ValidityPeriod>
                        </naa:Status>
                        <!--Zero or more repetitions:-->
                        <naa:Telephone ref="?">
                           <!--Optional:-->
                           <naa:AreaCode codeName="?" codeListURI="?" codeListAgency="?" codeListName="?" codeListVersion="?">?</naa:AreaCode>
                           <!--Optional:-->
                           <naa:CountryCode codeName="?" codeListURI="?" codeListAgency="?" codeListName="?" codeListVersion="?">?</naa:CountryCode>
                           <!--Optional:-->
                           <naa:Extension LanguageIdentifier="?" LanguageLocaleIdentifier="?">?</naa:Extension>
                           <naa:Number identificationSchemeName="?" identificationSchemeURI="?" identificationSchemeVersion="?" identificationSchemeAgency="?">?</naa:Number>
                           <naa:Type codeName="?" codeListURI="?" codeListAgency="?" codeListName="?" codeListVersion="?">?</naa:Type>
                        </naa:Telephone>
                     </naa:Person>
                     <naa:Identification identificationSchemeName="?" identificationSchemeURI="?" identificationSchemeVersion="?" identificationSchemeAgency="?">?</naa:Identification>
                     <!--Optional:-->
                     <naa:Language codeName="?" codeListURI="?" codeListAgency="?" codeListName="?" codeListVersion="?">?</naa:Language>
                     <naa:Name LanguageIdentifier="?" LanguageLocaleIdentifier="?">?</naa:Name>
                     <!--Optional:-->
                     <naa:Type LanguageIdentifier="?" LanguageLocaleIdentifier="?">?</naa:Type>
                  </da:Party>
                  <!--Optional:-->
                  <da:Type codeName="?" codeListURI="?" codeListAgency="?" codeListName="?" codeListVersion="?">?</da:Type>
               </da:PartyRole>
            </da:Assessment>
            <!--Zero or more repetitions:-->
            <da:Attachment ref="?">
               <!--Zero or more repetitions:-->
               <da:Contributor LanguageIdentifier="?" LanguageLocaleIdentifier="?">?</da:Contributor>
               <!--Zero or more repetitions:-->
               <da:Coverage LanguageIdentifier="?" LanguageLocaleIdentifier="?">?</da:Coverage>
               <!--Zero or more repetitions:-->
               <da:Creator LanguageIdentifier="?" LanguageLocaleIdentifier="?">?</da:Creator>
               <!--Optional:-->
               <da:Date Format="?">?</da:Date>
               <!--Zero or more repetitions:-->
               <da:Description LanguageIdentifier="?" LanguageLocaleIdentifier="?">?</da:Description>
               <!--Optional:-->
               <da:Format LanguageIdentifier="?" LanguageLocaleIdentifier="?">?</da:Format>
               <da:Identification identificationSchemeName="?" identificationSchemeURI="?" identificationSchemeVersion="?" identificationSchemeAgency="?">?</da:Identification>
               <!--Zero or more repetitions:-->
               <da:Language LanguageIdentifier="?" LanguageLocaleIdentifier="?">?</da:Language>
               <!--Zero or more repetitions:-->
               <da:Publisher LanguageIdentifier="?" LanguageLocaleIdentifier="?">?</da:Publisher>
               <!--Zero or more repetitions:-->
               <da:Relation LanguageIdentifier="?" LanguageLocaleIdentifier="?">?</da:Relation>
               <!--Zero or more repetitions:-->
               <da:Rights LanguageIdentifier="?" LanguageLocaleIdentifier="?">?</da:Rights>
               <!--Optional:-->
               <da:Size UnitCode="?">?</da:Size>
               <!--Zero or more repetitions:-->
               <da:Source LanguageIdentifier="?" LanguageLocaleIdentifier="?">?</da:Source>
               <!--Optional:-->
               <da:Subject LanguageIdentifier="?" LanguageLocaleIdentifier="?">?</da:Subject>
               <!--Optional:-->
               <da:Title LanguageIdentifier="?" LanguageLocaleIdentifier="?">?</da:Title>
               <!--Optional:-->
               <da:Type LanguageIdentifier="?" LanguageLocaleIdentifier="?">?</da:Type>
               <!--Optional:-->
               <da:Version LanguageIdentifier="?" LanguageLocaleIdentifier="?">?</da:Version>
               <!--You have a CHOICE of the next 2 items at this level-->
               <!--Optional:-->
               <da:Attachment Format="?" MimeCode="?" CharacterSetCode="?" EncodingCode="?" UniformResourceIdentifier="?" Filename="?">cid:1109251589391</da:Attachment>
               <!--Optional:-->
               <da:URI>?</da:URI>
            </da:Attachment>
            <!--Zero or more repetitions:-->
            <da:Authorisation ref="?">
               <!--Zero or more repetitions:-->
               <da:Attachment ref="?">
                  <!--Zero or more repetitions:-->
                  <da:Contributor LanguageIdentifier="?" LanguageLocaleIdentifier="?">?</da:Contributor>
                  <!--Zero or more repetitions:-->
                  <da:Coverage LanguageIdentifier="?" LanguageLocaleIdentifier="?">?</da:Coverage>
                  <!--Zero or more repetitions:-->
                  <da:Creator LanguageIdentifier="?" LanguageLocaleIdentifier="?">?</da:Creator>
                  <!--Optional:-->
                  <da:Date Format="?">?</da:Date>
                  <!--Zero or more repetitions:-->
                  <da:Description LanguageIdentifier="?" LanguageLocaleIdentifier="?">?</da:Description>
                  <!--Optional:-->
                  <da:Format LanguageIdentifier="?" LanguageLocaleIdentifier="?">?</da:Format>
                  <da:Identification identificationSchemeName="?" identificationSchemeURI="?" identificationSchemeVersion="?" identificationSchemeAgency="?">?</da:Identification>
                  <!--Zero or more repetitions:-->
                  <da:Language LanguageIdentifier="?" LanguageLocaleIdentifier="?">?</da:Language>
                  <!--Zero or more repetitions:-->
                  <da:Publisher LanguageIdentifier="?" LanguageLocaleIdentifier="?">?</da:Publisher>
                  <!--Zero or more repetitions:-->
                  <da:Relation LanguageIdentifier="?" LanguageLocaleIdentifier="?">?</da:Relation>
                  <!--Zero or more repetitions:-->
                  <da:Rights LanguageIdentifier="?" LanguageLocaleIdentifier="?">?</da:Rights>
                  <!--Optional:-->
                  <da:Size UnitCode="?">?</da:Size>
                  <!--Zero or more repetitions:-->
                  <da:Source LanguageIdentifier="?" LanguageLocaleIdentifier="?">?</da:Source>
                  <!--Optional:-->
                  <da:Subject LanguageIdentifier="?" LanguageLocaleIdentifier="?">?</da:Subject>
                  <!--Optional:-->
                  <da:Title LanguageIdentifier="?" LanguageLocaleIdentifier="?">?</da:Title>
                  <!--Optional:-->
                  <da:Type LanguageIdentifier="?" LanguageLocaleIdentifier="?">?</da:Type>
                  <!--Optional:-->
                  <da:Version LanguageIdentifier="?" LanguageLocaleIdentifier="?">?</da:Version>
                  <!--You have a CHOICE of the next 2 items at this level-->
                  <!--Optional:-->
                  <da:Attachment Format="?" MimeCode="?" CharacterSetCode="?" EncodingCode="?" UniformResourceIdentifier="?" Filename="?">cid:333493009061</da:Attachment>
                  <!--Optional:-->
                  <da:URI>?</da:URI>
               </da:Attachment>
               <!--Optional:-->
               <da:Date Format="?">?</da:Date>
               <!--1 or more repetitions:-->
               <da:PartyRole ref="?">
                  <!--Optional:-->
                  <da:DateTime Format="?">?</da:DateTime>
                  <!--1 or more repetitions:-->
                  <da:Party ref="?">
                     <!--Optional:-->
                     <naa:AccessRights codeName="?" codeListURI="?" codeListAgency="?" codeListName="?" codeListVersion="?">?</naa:AccessRights>
                     <!--Optional:-->
                     <naa:Description LanguageIdentifier="?" LanguageLocaleIdentifier="?">?</naa:Description>
                     <!--You have a CHOICE of the next 2 items at this level-->
                     <!--Optional:-->
                     <naa:Organisation ref="?">
                        <!--Zero or more repetitions:-->
                        <naa:Contact ref="?">
                           <!--Optional:-->
                           <naa:DepartmentName LanguageIdentifier="?" LanguageLocaleIdentifier="?">?</naa:DepartmentName>
                           <!--Optional:-->
                           <naa:Description LanguageIdentifier="?" LanguageLocaleIdentifier="?">?</naa:Description>
                           <naa:Identification identificationSchemeName="?" identificationSchemeURI="?" identificationSchemeVersion="?" identificationSchemeAgency="?">?</naa:Identification>
                           <!--Zero or more repetitions:-->
                           <naa:Internet ref="?">
                              <naa:Type codeName="?" codeListURI="?" codeListAgency="?" codeListName="?" codeListVersion="?">?</naa:Type>
                              <naa:URI>?</naa:URI>
                           </naa:Internet>
                           <!--Optional:-->
                           <naa:IsPrimary Format="?">?</naa:IsPrimary>
                           <!--Optional:-->
                           <naa:JobTitle LanguageIdentifier="?" LanguageLocaleIdentifier="?">?</naa:JobTitle>
                           <!--Optional:-->
                           <naa:PersonName ref="?">
                              <naa:Classification codeName="?" codeListURI="?" codeListAgency="?" codeListName="?" codeListVersion="?">?</naa:Classification>
                              <!--Optional:-->
                              <naa:FamilyName LanguageIdentifier="?" LanguageLocaleIdentifier="?">?</naa:FamilyName>
                              <!--Optional:-->
                              <naa:FamilyNamePrefix LanguageIdentifier="?" LanguageLocaleIdentifier="?">?</naa:FamilyNamePrefix>
                              <!--Optional:-->
                              <naa:GivenName LanguageIdentifier="?" LanguageLocaleIdentifier="?">?</naa:GivenName>
                              <!--Optional:-->
                              <naa:MiddleName LanguageIdentifier="?" LanguageLocaleIdentifier="?">?</naa:MiddleName>
                              <!--Optional:-->
                              <naa:Name LanguageIdentifier="?" LanguageLocaleIdentifier="?">?</naa:Name>
                              <!--Optional:-->
                              <naa:NameSuffix codeName="?" codeListURI="?" codeListAgency="?" codeListName="?" codeListVersion="?">?</naa:NameSuffix>
                              <!--Optional:-->
                              <naa:Salutation LanguageIdentifier="?" LanguageLocaleIdentifier="?">?</naa:Salutation>
                              <!--Optional:-->
                              <naa:Title codeName="?" codeListURI="?" codeListAgency="?" codeListName="?" codeListVersion="?">?</naa:Title>
                              <!--Optional:-->
                              <naa:ValidityPeriod ref="?">
                                 <!--Optional:-->
                                 <naa:Complete Format="?">?</naa:Complete>
                                 <!--Optional:-->
                                 <naa:Description LanguageIdentifier="?" LanguageLocaleIdentifier="?">?</naa:Description>
                                 <!--Optional:-->
                                 <naa:Duration UnitCode="?">?</naa:Duration>
                                 <!--Optional:-->
                                 <naa:End Format="?">?</naa:End>
                                 <naa:Identification identificationSchemeName="?" identificationSchemeURI="?" identificationSchemeVersion="?" identificationSchemeAgency="?">?</naa:Identification>
                                 <!--Optional:-->
                                 <naa:Inclusive Format="?">?</naa:Inclusive>
                                 <!--Optional:-->
                                 <naa:Name LanguageIdentifier="?" LanguageLocaleIdentifier="?">?</naa:Name>
                                 <!--Optional:-->
                                 <naa:Sequence identificationSchemeName="?" identificationSchemeURI="?" identificationSchemeVersion="?" identificationSchemeAgency="?">?</naa:Sequence>
                                 <naa:Start Format="?">?</naa:Start>
                              </naa:ValidityPeriod>
                           </naa:PersonName>
                           <!--Optional:-->
                           <naa:Responsibility LanguageIdentifier="?" LanguageLocaleIdentifier="?">?</naa:Responsibility>
                           <!--Zero or more repetitions:-->
                           <naa:Telephone ref="?">
                              <!--Optional:-->
                              <naa:AreaCode codeName="?" codeListURI="?" codeListAgency="?" codeListName="?" codeListVersion="?">?</naa:AreaCode>
                              <!--Optional:-->
                              <naa:CountryCode codeName="?" codeListURI="?" codeListAgency="?" codeListName="?" codeListVersion="?">?</naa:CountryCode>
                              <!--Optional:-->
                              <naa:Extension LanguageIdentifier="?" LanguageLocaleIdentifier="?">?</naa:Extension>
                              <naa:Number identificationSchemeName="?" identificationSchemeURI="?" identificationSchemeVersion="?" identificationSchemeAgency="?">?</naa:Number>
                              <naa:Type codeName="?" codeListURI="?" codeListAgency="?" codeListName="?" codeListVersion="?">?</naa:Type>
                           </naa:Telephone>
                           <!--Optional:-->
                           <naa:Type codeName="?" codeListURI="?" codeListAgency="?" codeListName="?" codeListVersion="?">?</naa:Type>
                        </naa:Contact>
                        <!--Optional:-->
                        <naa:Description LanguageIdentifier="?" LanguageLocaleIdentifier="?">?</naa:Description>
                        <naa:Identification identificationSchemeName="?" identificationSchemeURI="?" identificationSchemeVersion="?" identificationSchemeAgency="?">?</naa:Identification>
                        <!--Optional:-->
                        <naa:IndustryClassification codeName="?" codeListURI="?" codeListAgency="?" codeListName="?" codeListVersion="?">?</naa:IndustryClassification>
                        <!--Zero or more repetitions:-->
                        <naa:Internet ref="?">
                           <naa:Type codeName="?" codeListURI="?" codeListAgency="?" codeListName="?" codeListVersion="?">?</naa:Type>
                           <naa:URI>?</naa:URI>
                        </naa:Internet>
                        <!--Optional:-->
                        <naa:IsActive Format="?">?</naa:IsActive>
                        <!--Optional:-->
                        <naa:LegalClassification codeName="?" codeListURI="?" codeListAgency="?" codeListName="?" codeListVersion="?">?</naa:LegalClassification>
                        <!--Zero or more repetitions:-->
                        <naa:Organisation/>
                        <!--1 or more repetitions:-->
                        <naa:OrganisationName ref="?">
                           <naa:Classification codeName="?" codeListURI="?" codeListAgency="?" codeListName="?" codeListVersion="?">?</naa:Classification>
                           <naa:Name LanguageIdentifier="?" LanguageLocaleIdentifier="?">?</naa:Name>
                           <!--Optional:-->
                           <naa:ValidityPeriod ref="?">
                              <!--Optional:-->
                              <naa:Complete Format="?">?</naa:Complete>
                              <!--Optional:-->
                              <naa:Description LanguageIdentifier="?" LanguageLocaleIdentifier="?">?</naa:Description>
                              <!--Optional:-->
                              <naa:Duration UnitCode="?">?</naa:Duration>
                              <!--Optional:-->
                              <naa:End Format="?">?</naa:End>
                              <naa:Identification identificationSchemeName="?" identificationSchemeURI="?" identificationSchemeVersion="?" identificationSchemeAgency="?">?</naa:Identification>
                              <!--Optional:-->
                              <naa:Inclusive Format="?">?</naa:Inclusive>
                              <!--Optional:-->
                              <naa:Name LanguageIdentifier="?" LanguageLocaleIdentifier="?">?</naa:Name>
                              <!--Optional:-->
                              <naa:Sequence identificationSchemeName="?" identificationSchemeURI="?" identificationSchemeVersion="?" identificationSchemeAgency="?">?</naa:Sequence>
                              <naa:Start Format="?">?</naa:Start>
                           </naa:ValidityPeriod>
                        </naa:OrganisationName>
                        <!--Zero or more repetitions:-->
                        <naa:PhysicalAddress ref="?">
                           <!--Zero or more repetitions:-->
                           <naa:Address/>
                           <!--Optional:-->
                           <naa:BlockName LanguageIdentifier="?" LanguageLocaleIdentifier="?">?</naa:BlockName>
                           <!--Optional:-->
                           <naa:BuildingName LanguageIdentifier="?" LanguageLocaleIdentifier="?">?</naa:BuildingName>
                           <!--Optional:-->
                           <naa:BuildingNumber LanguageIdentifier="?" LanguageLocaleIdentifier="?">?</naa:BuildingNumber>
                           <!--Optional:-->
                           <naa:CityName LanguageIdentifier="?" LanguageLocaleIdentifier="?">?</naa:CityName>
                           <!--Optional:-->
                           <naa:Code codeName="?" codeListURI="?" codeListAgency="?" codeListName="?" codeListVersion="?">?</naa:Code>
                           <!--Optional:-->
                           <naa:CountryName codeName="?" codeListURI="?" codeListAgency="?" codeListName="?" codeListVersion="?">?</naa:CountryName>
                           <!--Optional:-->
                           <naa:CountrySubDivision codeName="?" codeListURI="?" codeListAgency="?" codeListName="?" codeListVersion="?">?</naa:CountrySubDivision>
                           <!--Zero or more repetitions:-->
                           <naa:Geocode ref="?">
                              <!--Optional:-->
                              <naa:AltimetricSystem codeName="?" codeListURI="?" codeListAgency="?" codeListName="?" codeListVersion="?">?</naa:AltimetricSystem>
                              <!--Optional:-->
                              <naa:Altitude Format="?">?</naa:Altitude>
                              <naa:Identification identificationSchemeName="?" identificationSchemeURI="?" identificationSchemeVersion="?" identificationSchemeAgency="?">?</naa:Identification>
                              <naa:Latitude Format="?">?</naa:Latitude>
                              <!--Optional:-->
                              <naa:LatitudeDirection codeName="?" codeListURI="?" codeListAgency="?" codeListName="?" codeListVersion="?">?</naa:LatitudeDirection>
                              <naa:Longitude Format="?">?</naa:Longitude>
                              <!--Optional:-->
                              <naa:LongitudeDirection codeName="?" codeListURI="?" codeListAgency="?" codeListName="?" codeListVersion="?">?</naa:LongitudeDirection>
                              <!--Optional:-->
                              <naa:System codeName="?" codeListURI="?" codeListAgency="?" codeListName="?" codeListVersion="?">?</naa:System>
                           </naa:Geocode>
                           <naa:Identification identificationSchemeName="?" identificationSchemeURI="?" identificationSchemeVersion="?" identificationSchemeAgency="?">?</naa:Identification>
                           <!--Optional:-->
                           <naa:LineFive LanguageIdentifier="?" LanguageLocaleIdentifier="?">?</naa:LineFive>
                           <!--Optional:-->
                           <naa:LineFour LanguageIdentifier="?" LanguageLocaleIdentifier="?">?</naa:LineFour>
                           <!--Optional:-->
                           <naa:LineOne LanguageIdentifier="?" LanguageLocaleIdentifier="?">?</naa:LineOne>
                           <!--Optional:-->
                           <naa:LineSix LanguageIdentifier="?" LanguageLocaleIdentifier="?">?</naa:LineSix>
                           <!--Optional:-->
                           <naa:LineThree LanguageIdentifier="?" LanguageLocaleIdentifier="?">?</naa:LineThree>
                           <!--Optional:-->
                           <naa:LineTwo LanguageIdentifier="?" LanguageLocaleIdentifier="?">?</naa:LineTwo>
                           <!--Optional:-->
                           <naa:PostOfficeBox LanguageIdentifier="?" LanguageLocaleIdentifier="?">?</naa:PostOfficeBox>
                           <!--Optional:-->
                           <naa:Postcode LanguageIdentifier="?" LanguageLocaleIdentifier="?">?</naa:Postcode>
                           <!--Optional:-->
                           <naa:StreetName LanguageIdentifier="?" LanguageLocaleIdentifier="?">?</naa:StreetName>
                           <!--Optional:-->
                           <naa:StreetSuffix codeName="?" codeListURI="?" codeListAgency="?" codeListName="?" codeListVersion="?">?</naa:StreetSuffix>
                           <!--Optional:-->
                           <naa:StreetType codeName="?" codeListURI="?" codeListAgency="?" codeListName="?" codeListVersion="?">?</naa:StreetType>
                           <!--Optional:-->
                           <naa:Usage codeName="?" codeListURI="?" codeListAgency="?" codeListName="?" codeListVersion="?">?</naa:Usage>
                           <!--Optional:-->
                           <naa:UsagePeriod ref="?">
                              <!--Optional:-->
                              <naa:Complete Format="?">?</naa:Complete>
                              <!--Optional:-->
                              <naa:Description LanguageIdentifier="?" LanguageLocaleIdentifier="?">?</naa:Description>
                              <!--Optional:-->
                              <naa:Duration UnitCode="?">?</naa:Duration>
                              <!--Optional:-->
                              <naa:End Format="?">?</naa:End>
                              <naa:Identification identificationSchemeName="?" identificationSchemeURI="?" identificationSchemeVersion="?" identificationSchemeAgency="?">?</naa:Identification>
                              <!--Optional:-->
                              <naa:Inclusive Format="?">?</naa:Inclusive>
                              <!--Optional:-->
                              <naa:Name LanguageIdentifier="?" LanguageLocaleIdentifier="?">?</naa:Name>
                              <!--Optional:-->
                              <naa:Sequence identificationSchemeName="?" identificationSchemeURI="?" identificationSchemeVersion="?" identificationSchemeAgency="?">?</naa:Sequence>
                              <naa:Start Format="?">?</naa:Start>
                           </naa:UsagePeriod>
                        </naa:PhysicalAddress>
                        <!--Zero or more repetitions:-->
                        <naa:PostalAddress ref="?">
                           <!--Zero or more repetitions:-->
                           <naa:Address/>
                           <!--Optional:-->
                           <naa:BlockName LanguageIdentifier="?" LanguageLocaleIdentifier="?">?</naa:BlockName>
                           <!--Optional:-->
                           <naa:BuildingName LanguageIdentifier="?" LanguageLocaleIdentifier="?">?</naa:BuildingName>
                           <!--Optional:-->
                           <naa:BuildingNumber LanguageIdentifier="?" LanguageLocaleIdentifier="?">?</naa:BuildingNumber>
                           <!--Optional:-->
                           <naa:CityName LanguageIdentifier="?" LanguageLocaleIdentifier="?">?</naa:CityName>
                           <!--Optional:-->
                           <naa:Code codeName="?" codeListURI="?" codeListAgency="?" codeListName="?" codeListVersion="?">?</naa:Code>
                           <!--Optional:-->
                           <naa:CountryName codeName="?" codeListURI="?" codeListAgency="?" codeListName="?" codeListVersion="?">?</naa:CountryName>
                           <!--Optional:-->
                           <naa:CountrySubDivision codeName="?" codeListURI="?" codeListAgency="?" codeListName="?" codeListVersion="?">?</naa:CountrySubDivision>
                           <!--Zero or more repetitions:-->
                           <naa:Geocode ref="?">
                              <!--Optional:-->
                              <naa:AltimetricSystem codeName="?" codeListURI="?" codeListAgency="?" codeListName="?" codeListVersion="?">?</naa:AltimetricSystem>
                              <!--Optional:-->
                              <naa:Altitude Format="?">?</naa:Altitude>
                              <naa:Identification identificationSchemeName="?" identificationSchemeURI="?" identificationSchemeVersion="?" identificationSchemeAgency="?">?</naa:Identification>
                              <naa:Latitude Format="?">?</naa:Latitude>
                              <!--Optional:-->
                              <naa:LatitudeDirection codeName="?" codeListURI="?" codeListAgency="?" codeListName="?" codeListVersion="?">?</naa:LatitudeDirection>
                              <naa:Longitude Format="?">?</naa:Longitude>
                              <!--Optional:-->
                              <naa:LongitudeDirection codeName="?" codeListURI="?" codeListAgency="?" codeListName="?" codeListVersion="?">?</naa:LongitudeDirection>
                              <!--Optional:-->
                              <naa:System codeName="?" codeListURI="?" codeListAgency="?" codeListName="?" codeListVersion="?">?</naa:System>
                           </naa:Geocode>
                           <naa:Identification identificationSchemeName="?" identificationSchemeURI="?" identificationSchemeVersion="?" identificationSchemeAgency="?">?</naa:Identification>
                           <!--Optional:-->
                           <naa:LineFive LanguageIdentifier="?" LanguageLocaleIdentifier="?">?</naa:LineFive>
                           <!--Optional:-->
                           <naa:LineFour LanguageIdentifier="?" LanguageLocaleIdentifier="?">?</naa:LineFour>
                           <!--Optional:-->
                           <naa:LineOne LanguageIdentifier="?" LanguageLocaleIdentifier="?">?</naa:LineOne>
                           <!--Optional:-->
                           <naa:LineSix LanguageIdentifier="?" LanguageLocaleIdentifier="?">?</naa:LineSix>
                           <!--Optional:-->
                           <naa:LineThree LanguageIdentifier="?" LanguageLocaleIdentifier="?">?</naa:LineThree>
                           <!--Optional:-->
                           <naa:LineTwo LanguageIdentifier="?" LanguageLocaleIdentifier="?">?</naa:LineTwo>
                           <!--Optional:-->
                           <naa:PostOfficeBox LanguageIdentifier="?" LanguageLocaleIdentifier="?">?</naa:PostOfficeBox>
                           <!--Optional:-->
                           <naa:Postcode LanguageIdentifier="?" LanguageLocaleIdentifier="?">?</naa:Postcode>
                           <!--Optional:-->
                           <naa:StreetName LanguageIdentifier="?" LanguageLocaleIdentifier="?">?</naa:StreetName>
                           <!--Optional:-->
                           <naa:StreetSuffix codeName="?" codeListURI="?" codeListAgency="?" codeListName="?" codeListVersion="?">?</naa:StreetSuffix>
                           <!--Optional:-->
                           <naa:StreetType codeName="?" codeListURI="?" codeListAgency="?" codeListName="?" codeListVersion="?">?</naa:StreetType>
                           <!--Optional:-->
                           <naa:Usage codeName="?" codeListURI="?" codeListAgency="?" codeListName="?" codeListVersion="?">?</naa:Usage>
                           <!--Optional:-->
                           <naa:UsagePeriod ref="?">
                              <!--Optional:-->
                              <naa:Complete Format="?">?</naa:Complete>
                              <!--Optional:-->
                              <naa:Description LanguageIdentifier="?" LanguageLocaleIdentifier="?">?</naa:Description>
                              <!--Optional:-->
                              <naa:Duration UnitCode="?">?</naa:Duration>
                              <!--Optional:-->
                              <naa:End Format="?">?</naa:End>
                              <naa:Identification identificationSchemeName="?" identificationSchemeURI="?" identificationSchemeVersion="?" identificationSchemeAgency="?">?</naa:Identification>
                              <!--Optional:-->
                              <naa:Inclusive Format="?">?</naa:Inclusive>
                              <!--Optional:-->
                              <naa:Name LanguageIdentifier="?" LanguageLocaleIdentifier="?">?</naa:Name>
                              <!--Optional:-->
                              <naa:Sequence identificationSchemeName="?" identificationSchemeURI="?" identificationSchemeVersion="?" identificationSchemeAgency="?">?</naa:Sequence>
                              <naa:Start Format="?">?</naa:Start>
                           </naa:UsagePeriod>
                        </naa:PostalAddress>
                        <!--Zero or more repetitions:-->
                        <naa:Registration ref="?">
                           <!--Optional:-->
                           <naa:Category codeName="?" codeListURI="?" codeListAgency="?" codeListName="?" codeListVersion="?">?</naa:Category>
                           <!--Optional:-->
                           <naa:Country codeName="?" codeListURI="?" codeListAgency="?" codeListName="?" codeListVersion="?">?</naa:Country>
                           <naa:Identification identificationSchemeName="?" identificationSchemeURI="?" identificationSchemeVersion="?" identificationSchemeAgency="?">?</naa:Identification>
                           <!--Optional:-->
                           <naa:Licence identificationSchemeName="?" identificationSchemeURI="?" identificationSchemeVersion="?" identificationSchemeAgency="?">?</naa:Licence>
                           <!--Optional:-->
                           <naa:Recorded Format="?">?</naa:Recorded>
                           <!--Optional:-->
                           <naa:Type codeName="?" codeListURI="?" codeListAgency="?" codeListName="?" codeListVersion="?">?</naa:Type>
                           <!--Optional:-->
                           <naa:ValidityPeriod ref="?">
                              <!--Optional:-->
                              <naa:Complete Format="?">?</naa:Complete>
                              <!--Optional:-->
                              <naa:Description LanguageIdentifier="?" LanguageLocaleIdentifier="?">?</naa:Description>
                              <!--Optional:-->
                              <naa:Duration UnitCode="?">?</naa:Duration>
                              <!--Optional:-->
                              <naa:End Format="?">?</naa:End>
                              <naa:Identification identificationSchemeName="?" identificationSchemeURI="?" identificationSchemeVersion="?" identificationSchemeAgency="?">?</naa:Identification>
                              <!--Optional:-->
                              <naa:Inclusive Format="?">?</naa:Inclusive>
                              <!--Optional:-->
                              <naa:Name LanguageIdentifier="?" LanguageLocaleIdentifier="?">?</naa:Name>
                              <!--Optional:-->
                              <naa:Sequence identificationSchemeName="?" identificationSchemeURI="?" identificationSchemeVersion="?" identificationSchemeAgency="?">?</naa:Sequence>
                              <naa:Start Format="?">?</naa:Start>
                           </naa:ValidityPeriod>
                        </naa:Registration>
                        <!--Zero or more repetitions:-->
                        <naa:Status ref="?">
                           <naa:Code codeName="?" codeListURI="?" codeListAgency="?" codeListName="?" codeListVersion="?">?</naa:Code>
                           <!--Optional:-->
                           <naa:Description LanguageIdentifier="?" LanguageLocaleIdentifier="?">?</naa:Description>
                           <!--Optional:-->
                           <naa:ValidityPeriod ref="?">
                              <!--Optional:-->
                              <naa:Complete Format="?">?</naa:Complete>
                              <!--Optional:-->
                              <naa:Description LanguageIdentifier="?" LanguageLocaleIdentifier="?">?</naa:Description>
                              <!--Optional:-->
                              <naa:Duration UnitCode="?">?</naa:Duration>
                              <!--Optional:-->
                              <naa:End Format="?">?</naa:End>
                              <naa:Identification identificationSchemeName="?" identificationSchemeURI="?" identificationSchemeVersion="?" identificationSchemeAgency="?">?</naa:Identification>
                              <!--Optional:-->
                              <naa:Inclusive Format="?">?</naa:Inclusive>
                              <!--Optional:-->
                              <naa:Name LanguageIdentifier="?" LanguageLocaleIdentifier="?">?</naa:Name>
                              <!--Optional:-->
                              <naa:Sequence identificationSchemeName="?" identificationSchemeURI="?" identificationSchemeVersion="?" identificationSchemeAgency="?">?</naa:Sequence>
                              <naa:Start Format="?">?</naa:Start>
                           </naa:ValidityPeriod>
                        </naa:Status>
                        <!--Zero or more repetitions:-->
                        <naa:Telephone ref="?">
                           <!--Optional:-->
                           <naa:AreaCode codeName="?" codeListURI="?" codeListAgency="?" codeListName="?" codeListVersion="?">?</naa:AreaCode>
                           <!--Optional:-->
                           <naa:CountryCode codeName="?" codeListURI="?" codeListAgency="?" codeListName="?" codeListVersion="?">?</naa:CountryCode>
                           <!--Optional:-->
                           <naa:Extension LanguageIdentifier="?" LanguageLocaleIdentifier="?">?</naa:Extension>
                           <naa:Number identificationSchemeName="?" identificationSchemeURI="?" identificationSchemeVersion="?" identificationSchemeAgency="?">?</naa:Number>
                           <naa:Type codeName="?" codeListURI="?" codeListAgency="?" codeListName="?" codeListVersion="?">?</naa:Type>
                        </naa:Telephone>
                        <!--Optional:-->
                        <naa:Type codeName="?" codeListURI="?" codeListAgency="?" codeListName="?" codeListVersion="?">?</naa:Type>
                     </naa:Organisation>
                     <!--Optional:-->
                     <naa:Person ref="?">
                        <!--Optional:-->
                        <naa:Description LanguageIdentifier="?" LanguageLocaleIdentifier="?">?</naa:Description>
                        <naa:Identification identificationSchemeName="?" identificationSchemeURI="?" identificationSchemeVersion="?" identificationSchemeAgency="?">?</naa:Identification>
                        <!--Zero or more repetitions:-->
                        <naa:Internet ref="?">
                           <naa:Type codeName="?" codeListURI="?" codeListAgency="?" codeListName="?" codeListVersion="?">?</naa:Type>
                           <naa:URI>?</naa:URI>
                        </naa:Internet>
                        <!--1 or more repetitions:-->
                        <naa:PersonName ref="?">
                           <naa:Classification codeName="?" codeListURI="?" codeListAgency="?" codeListName="?" codeListVersion="?">?</naa:Classification>
                           <!--Optional:-->
                           <naa:FamilyName LanguageIdentifier="?" LanguageLocaleIdentifier="?">?</naa:FamilyName>
                           <!--Optional:-->
                           <naa:FamilyNamePrefix LanguageIdentifier="?" LanguageLocaleIdentifier="?">?</naa:FamilyNamePrefix>
                           <!--Optional:-->
                           <naa:GivenName LanguageIdentifier="?" LanguageLocaleIdentifier="?">?</naa:GivenName>
                           <!--Optional:-->
                           <naa:MiddleName LanguageIdentifier="?" LanguageLocaleIdentifier="?">?</naa:MiddleName>
                           <!--Optional:-->
                           <naa:Name LanguageIdentifier="?" LanguageLocaleIdentifier="?">?</naa:Name>
                           <!--Optional:-->
                           <naa:NameSuffix codeName="?" codeListURI="?" codeListAgency="?" codeListName="?" codeListVersion="?">?</naa:NameSuffix>
                           <!--Optional:-->
                           <naa:Salutation LanguageIdentifier="?" LanguageLocaleIdentifier="?">?</naa:Salutation>
                           <!--Optional:-->
                           <naa:Title codeName="?" codeListURI="?" codeListAgency="?" codeListName="?" codeListVersion="?">?</naa:Title>
                           <!--Optional:-->
                           <naa:ValidityPeriod ref="?">
                              <!--Optional:-->
                              <naa:Complete Format="?">?</naa:Complete>
                              <!--Optional:-->
                              <naa:Description LanguageIdentifier="?" LanguageLocaleIdentifier="?">?</naa:Description>
                              <!--Optional:-->
                              <naa:Duration UnitCode="?">?</naa:Duration>
                              <!--Optional:-->
                              <naa:End Format="?">?</naa:End>
                              <naa:Identification identificationSchemeName="?" identificationSchemeURI="?" identificationSchemeVersion="?" identificationSchemeAgency="?">?</naa:Identification>
                              <!--Optional:-->
                              <naa:Inclusive Format="?">?</naa:Inclusive>
                              <!--Optional:-->
                              <naa:Name LanguageIdentifier="?" LanguageLocaleIdentifier="?">?</naa:Name>
                              <!--Optional:-->
                              <naa:Sequence identificationSchemeName="?" identificationSchemeURI="?" identificationSchemeVersion="?" identificationSchemeAgency="?">?</naa:Sequence>
                              <naa:Start Format="?">?</naa:Start>
                           </naa:ValidityPeriod>
                        </naa:PersonName>
                        <!--Zero or more repetitions:-->
                        <naa:PostalAddress ref="?">
                           <!--Zero or more repetitions:-->
                           <naa:Address/>
                           <!--Optional:-->
                           <naa:BlockName LanguageIdentifier="?" LanguageLocaleIdentifier="?">?</naa:BlockName>
                           <!--Optional:-->
                           <naa:BuildingName LanguageIdentifier="?" LanguageLocaleIdentifier="?">?</naa:BuildingName>
                           <!--Optional:-->
                           <naa:BuildingNumber LanguageIdentifier="?" LanguageLocaleIdentifier="?">?</naa:BuildingNumber>
                           <!--Optional:-->
                           <naa:CityName LanguageIdentifier="?" LanguageLocaleIdentifier="?">?</naa:CityName>
                           <!--Optional:-->
                           <naa:Code codeName="?" codeListURI="?" codeListAgency="?" codeListName="?" codeListVersion="?">?</naa:Code>
                           <!--Optional:-->
                           <naa:CountryName codeName="?" codeListURI="?" codeListAgency="?" codeListName="?" codeListVersion="?">?</naa:CountryName>
                           <!--Optional:-->
                           <naa:CountrySubDivision codeName="?" codeListURI="?" codeListAgency="?" codeListName="?" codeListVersion="?">?</naa:CountrySubDivision>
                           <!--Zero or more repetitions:-->
                           <naa:Geocode ref="?">
                              <!--Optional:-->
                              <naa:AltimetricSystem codeName="?" codeListURI="?" codeListAgency="?" codeListName="?" codeListVersion="?">?</naa:AltimetricSystem>
                              <!--Optional:-->
                              <naa:Altitude Format="?">?</naa:Altitude>
                              <naa:Identification identificationSchemeName="?" identificationSchemeURI="?" identificationSchemeVersion="?" identificationSchemeAgency="?">?</naa:Identification>
                              <naa:Latitude Format="?">?</naa:Latitude>
                              <!--Optional:-->
                              <naa:LatitudeDirection codeName="?" codeListURI="?" codeListAgency="?" codeListName="?" codeListVersion="?">?</naa:LatitudeDirection>
                              <naa:Longitude Format="?">?</naa:Longitude>
                              <!--Optional:-->
                              <naa:LongitudeDirection codeName="?" codeListURI="?" codeListAgency="?" codeListName="?" codeListVersion="?">?</naa:LongitudeDirection>
                              <!--Optional:-->
                              <naa:System codeName="?" codeListURI="?" codeListAgency="?" codeListName="?" codeListVersion="?">?</naa:System>
                           </naa:Geocode>
                           <naa:Identification identificationSchemeName="?" identificationSchemeURI="?" identificationSchemeVersion="?" identificationSchemeAgency="?">?</naa:Identification>
                           <!--Optional:-->
                           <naa:LineFive LanguageIdentifier="?" LanguageLocaleIdentifier="?">?</naa:LineFive>
                           <!--Optional:-->
                           <naa:LineFour LanguageIdentifier="?" LanguageLocaleIdentifier="?">?</naa:LineFour>
                           <!--Optional:-->
                           <naa:LineOne LanguageIdentifier="?" LanguageLocaleIdentifier="?">?</naa:LineOne>
                           <!--Optional:-->
                           <naa:LineSix LanguageIdentifier="?" LanguageLocaleIdentifier="?">?</naa:LineSix>
                           <!--Optional:-->
                           <naa:LineThree LanguageIdentifier="?" LanguageLocaleIdentifier="?">?</naa:LineThree>
                           <!--Optional:-->
                           <naa:LineTwo LanguageIdentifier="?" LanguageLocaleIdentifier="?">?</naa:LineTwo>
                           <!--Optional:-->
                           <naa:PostOfficeBox LanguageIdentifier="?" LanguageLocaleIdentifier="?">?</naa:PostOfficeBox>
                           <!--Optional:-->
                           <naa:Postcode LanguageIdentifier="?" LanguageLocaleIdentifier="?">?</naa:Postcode>
                           <!--Optional:-->
                           <naa:StreetName LanguageIdentifier="?" LanguageLocaleIdentifier="?">?</naa:StreetName>
                           <!--Optional:-->
                           <naa:StreetSuffix codeName="?" codeListURI="?" codeListAgency="?" codeListName="?" codeListVersion="?">?</naa:StreetSuffix>
                           <!--Optional:-->
                           <naa:StreetType codeName="?" codeListURI="?" codeListAgency="?" codeListName="?" codeListVersion="?">?</naa:StreetType>
                           <!--Optional:-->
                           <naa:Usage codeName="?" codeListURI="?" codeListAgency="?" codeListName="?" codeListVersion="?">?</naa:Usage>
                           <!--Optional:-->
                           <naa:UsagePeriod ref="?">
                              <!--Optional:-->
                              <naa:Complete Format="?">?</naa:Complete>
                              <!--Optional:-->
                              <naa:Description LanguageIdentifier="?" LanguageLocaleIdentifier="?">?</naa:Description>
                              <!--Optional:-->
                              <naa:Duration UnitCode="?">?</naa:Duration>
                              <!--Optional:-->
                              <naa:End Format="?">?</naa:End>
                              <naa:Identification identificationSchemeName="?" identificationSchemeURI="?" identificationSchemeVersion="?" identificationSchemeAgency="?">?</naa:Identification>
                              <!--Optional:-->
                              <naa:Inclusive Format="?">?</naa:Inclusive>
                              <!--Optional:-->
                              <naa:Name LanguageIdentifier="?" LanguageLocaleIdentifier="?">?</naa:Name>
                              <!--Optional:-->
                              <naa:Sequence identificationSchemeName="?" identificationSchemeURI="?" identificationSchemeVersion="?" identificationSchemeAgency="?">?</naa:Sequence>
                              <naa:Start Format="?">?</naa:Start>
                           </naa:UsagePeriod>
                        </naa:PostalAddress>
                        <!--Zero or more repetitions:-->
                        <naa:Registration ref="?">
                           <!--Optional:-->
                           <naa:Category codeName="?" codeListURI="?" codeListAgency="?" codeListName="?" codeListVersion="?">?</naa:Category>
                           <!--Optional:-->
                           <naa:Country codeName="?" codeListURI="?" codeListAgency="?" codeListName="?" codeListVersion="?">?</naa:Country>
                           <naa:Identification identificationSchemeName="?" identificationSchemeURI="?" identificationSchemeVersion="?" identificationSchemeAgency="?">?</naa:Identification>
                           <!--Optional:-->
                           <naa:Licence identificationSchemeName="?" identificationSchemeURI="?" identificationSchemeVersion="?" identificationSchemeAgency="?">?</naa:Licence>
                           <!--Optional:-->
                           <naa:Recorded Format="?">?</naa:Recorded>
                           <!--Optional:-->
                           <naa:Type codeName="?" codeListURI="?" codeListAgency="?" codeListName="?" codeListVersion="?">?</naa:Type>
                           <!--Optional:-->
                           <naa:ValidityPeriod ref="?">
                              <!--Optional:-->
                              <naa:Complete Format="?">?</naa:Complete>
                              <!--Optional:-->
                              <naa:Description LanguageIdentifier="?" LanguageLocaleIdentifier="?">?</naa:Description>
                              <!--Optional:-->
                              <naa:Duration UnitCode="?">?</naa:Duration>
                              <!--Optional:-->
                              <naa:End Format="?">?</naa:End>
                              <naa:Identification identificationSchemeName="?" identificationSchemeURI="?" identificationSchemeVersion="?" identificationSchemeAgency="?">?</naa:Identification>
                              <!--Optional:-->
                              <naa:Inclusive Format="?">?</naa:Inclusive>
                              <!--Optional:-->
                              <naa:Name LanguageIdentifier="?" LanguageLocaleIdentifier="?">?</naa:Name>
                              <!--Optional:-->
                              <naa:Sequence identificationSchemeName="?" identificationSchemeURI="?" identificationSchemeVersion="?" identificationSchemeAgency="?">?</naa:Sequence>
                              <naa:Start Format="?">?</naa:Start>
                           </naa:ValidityPeriod>
                        </naa:Registration>
                        <!--Zero or more repetitions:-->
                        <naa:ResidentialAddress ref="?">
                           <!--Zero or more repetitions:-->
                           <naa:Address/>
                           <!--Optional:-->
                           <naa:BlockName LanguageIdentifier="?" LanguageLocaleIdentifier="?">?</naa:BlockName>
                           <!--Optional:-->
                           <naa:BuildingName LanguageIdentifier="?" LanguageLocaleIdentifier="?">?</naa:BuildingName>
                           <!--Optional:-->
                           <naa:BuildingNumber LanguageIdentifier="?" LanguageLocaleIdentifier="?">?</naa:BuildingNumber>
                           <!--Optional:-->
                           <naa:CityName LanguageIdentifier="?" LanguageLocaleIdentifier="?">?</naa:CityName>
                           <!--Optional:-->
                           <naa:Code codeName="?" codeListURI="?" codeListAgency="?" codeListName="?" codeListVersion="?">?</naa:Code>
                           <!--Optional:-->
                           <naa:CountryName codeName="?" codeListURI="?" codeListAgency="?" codeListName="?" codeListVersion="?">?</naa:CountryName>
                           <!--Optional:-->
                           <naa:CountrySubDivision codeName="?" codeListURI="?" codeListAgency="?" codeListName="?" codeListVersion="?">?</naa:CountrySubDivision>
                           <!--Zero or more repetitions:-->
                           <naa:Geocode ref="?">
                              <!--Optional:-->
                              <naa:AltimetricSystem codeName="?" codeListURI="?" codeListAgency="?" codeListName="?" codeListVersion="?">?</naa:AltimetricSystem>
                              <!--Optional:-->
                              <naa:Altitude Format="?">?</naa:Altitude>
                              <naa:Identification identificationSchemeName="?" identificationSchemeURI="?" identificationSchemeVersion="?" identificationSchemeAgency="?">?</naa:Identification>
                              <naa:Latitude Format="?">?</naa:Latitude>
                              <!--Optional:-->
                              <naa:LatitudeDirection codeName="?" codeListURI="?" codeListAgency="?" codeListName="?" codeListVersion="?">?</naa:LatitudeDirection>
                              <naa:Longitude Format="?">?</naa:Longitude>
                              <!--Optional:-->
                              <naa:LongitudeDirection codeName="?" codeListURI="?" codeListAgency="?" codeListName="?" codeListVersion="?">?</naa:LongitudeDirection>
                              <!--Optional:-->
                              <naa:System codeName="?" codeListURI="?" codeListAgency="?" codeListName="?" codeListVersion="?">?</naa:System>
                           </naa:Geocode>
                           <naa:Identification identificationSchemeName="?" identificationSchemeURI="?" identificationSchemeVersion="?" identificationSchemeAgency="?">?</naa:Identification>
                           <!--Optional:-->
                           <naa:LineFive LanguageIdentifier="?" LanguageLocaleIdentifier="?">?</naa:LineFive>
                           <!--Optional:-->
                           <naa:LineFour LanguageIdentifier="?" LanguageLocaleIdentifier="?">?</naa:LineFour>
                           <!--Optional:-->
                           <naa:LineOne LanguageIdentifier="?" LanguageLocaleIdentifier="?">?</naa:LineOne>
                           <!--Optional:-->
                           <naa:LineSix LanguageIdentifier="?" LanguageLocaleIdentifier="?">?</naa:LineSix>
                           <!--Optional:-->
                           <naa:LineThree LanguageIdentifier="?" LanguageLocaleIdentifier="?">?</naa:LineThree>
                           <!--Optional:-->
                           <naa:LineTwo LanguageIdentifier="?" LanguageLocaleIdentifier="?">?</naa:LineTwo>
                           <!--Optional:-->
                           <naa:PostOfficeBox LanguageIdentifier="?" LanguageLocaleIdentifier="?">?</naa:PostOfficeBox>
                           <!--Optional:-->
                           <naa:Postcode LanguageIdentifier="?" LanguageLocaleIdentifier="?">?</naa:Postcode>
                           <!--Optional:-->
                           <naa:StreetName LanguageIdentifier="?" LanguageLocaleIdentifier="?">?</naa:StreetName>
                           <!--Optional:-->
                           <naa:StreetSuffix codeName="?" codeListURI="?" codeListAgency="?" codeListName="?" codeListVersion="?">?</naa:StreetSuffix>
                           <!--Optional:-->
                           <naa:StreetType codeName="?" codeListURI="?" codeListAgency="?" codeListName="?" codeListVersion="?">?</naa:StreetType>
                           <!--Optional:-->
                           <naa:Usage codeName="?" codeListURI="?" codeListAgency="?" codeListName="?" codeListVersion="?">?</naa:Usage>
                           <!--Optional:-->
                           <naa:UsagePeriod ref="?">
                              <!--Optional:-->
                              <naa:Complete Format="?">?</naa:Complete>
                              <!--Optional:-->
                              <naa:Description LanguageIdentifier="?" LanguageLocaleIdentifier="?">?</naa:Description>
                              <!--Optional:-->
                              <naa:Duration UnitCode="?">?</naa:Duration>
                              <!--Optional:-->
                              <naa:End Format="?">?</naa:End>
                              <naa:Identification identificationSchemeName="?" identificationSchemeURI="?" identificationSchemeVersion="?" identificationSchemeAgency="?">?</naa:Identification>
                              <!--Optional:-->
                              <naa:Inclusive Format="?">?</naa:Inclusive>
                              <!--Optional:-->
                              <naa:Name LanguageIdentifier="?" LanguageLocaleIdentifier="?">?</naa:Name>
                              <!--Optional:-->
                              <naa:Sequence identificationSchemeName="?" identificationSchemeURI="?" identificationSchemeVersion="?" identificationSchemeAgency="?">?</naa:Sequence>
                              <naa:Start Format="?">?</naa:Start>
                           </naa:UsagePeriod>
                        </naa:ResidentialAddress>
                        <!--Zero or more repetitions:-->
                        <naa:Status ref="?">
                           <naa:Code codeName="?" codeListURI="?" codeListAgency="?" codeListName="?" codeListVersion="?">?</naa:Code>
                           <!--Optional:-->
                           <naa:Description LanguageIdentifier="?" LanguageLocaleIdentifier="?">?</naa:Description>
                           <!--Optional:-->
                           <naa:ValidityPeriod ref="?">
                              <!--Optional:-->
                              <naa:Complete Format="?">?</naa:Complete>
                              <!--Optional:-->
                              <naa:Description LanguageIdentifier="?" LanguageLocaleIdentifier="?">?</naa:Description>
                              <!--Optional:-->
                              <naa:Duration UnitCode="?">?</naa:Duration>
                              <!--Optional:-->
                              <naa:End Format="?">?</naa:End>
                              <naa:Identification identificationSchemeName="?" identificationSchemeURI="?" identificationSchemeVersion="?" identificationSchemeAgency="?">?</naa:Identification>
                              <!--Optional:-->
                              <naa:Inclusive Format="?">?</naa:Inclusive>
                              <!--Optional:-->
                              <naa:Name LanguageIdentifier="?" LanguageLocaleIdentifier="?">?</naa:Name>
                              <!--Optional:-->
                              <naa:Sequence identificationSchemeName="?" identificationSchemeURI="?" identificationSchemeVersion="?" identificationSchemeAgency="?">?</naa:Sequence>
                              <naa:Start Format="?">?</naa:Start>
                           </naa:ValidityPeriod>
                        </naa:Status>
                        <!--Zero or more repetitions:-->
                        <naa:Telephone ref="?">
                           <!--Optional:-->
                           <naa:AreaCode codeName="?" codeListURI="?" codeListAgency="?" codeListName="?" codeListVersion="?">?</naa:AreaCode>
                           <!--Optional:-->
                           <naa:CountryCode codeName="?" codeListURI="?" codeListAgency="?" codeListName="?" codeListVersion="?">?</naa:CountryCode>
                           <!--Optional:-->
                           <naa:Extension LanguageIdentifier="?" LanguageLocaleIdentifier="?">?</naa:Extension>
                           <naa:Number identificationSchemeName="?" identificationSchemeURI="?" identificationSchemeVersion="?" identificationSchemeAgency="?">?</naa:Number>
                           <naa:Type codeName="?" codeListURI="?" codeListAgency="?" codeListName="?" codeListVersion="?">?</naa:Type>
                        </naa:Telephone>
                     </naa:Person>
                     <naa:Identification identificationSchemeName="?" identificationSchemeURI="?" identificationSchemeVersion="?" identificationSchemeAgency="?">?</naa:Identification>
                     <!--Optional:-->
                     <naa:Language codeName="?" codeListURI="?" codeListAgency="?" codeListName="?" codeListVersion="?">?</naa:Language>
                     <naa:Name LanguageIdentifier="?" LanguageLocaleIdentifier="?">?</naa:Name>
                     <!--Optional:-->
                     <naa:Type LanguageIdentifier="?" LanguageLocaleIdentifier="?">?</naa:Type>
                  </da:Party>
                  <!--Optional:-->
                  <da:Type codeName="?" codeListURI="?" codeListAgency="?" codeListName="?" codeListVersion="?">?</da:Type>
               </da:PartyRole>
               <!--Optional:-->
               <da:Type codeName="?" codeListURI="?" codeListAgency="?" codeListName="?" codeListVersion="?">?</da:Type>
            </da:Authorisation>
            <!--Zero or more repetitions:-->
            <da:Comments LanguageIdentifier="?" LanguageLocaleIdentifier="?">?</da:Comments>
            <!--Optional:-->
            <da:CreatedDate Format="?">?</da:CreatedDate>
            <!--Zero or more repetitions:-->
            <da:Determination ref="?">
               <!--Zero or more repetitions:-->
               <da:Attachment ref="?">
                  <!--Zero or more repetitions:-->
                  <da:Contributor LanguageIdentifier="?" LanguageLocaleIdentifier="?">?</da:Contributor>
                  <!--Zero or more repetitions:-->
                  <da:Coverage LanguageIdentifier="?" LanguageLocaleIdentifier="?">?</da:Coverage>
                  <!--Zero or more repetitions:-->
                  <da:Creator LanguageIdentifier="?" LanguageLocaleIdentifier="?">?</da:Creator>
                  <!--Optional:-->
                  <da:Date Format="?">?</da:Date>
                  <!--Zero or more repetitions:-->
                  <da:Description LanguageIdentifier="?" LanguageLocaleIdentifier="?">?</da:Description>
                  <!--Optional:-->
                  <da:Format LanguageIdentifier="?" LanguageLocaleIdentifier="?">?</da:Format>
                  <da:Identification identificationSchemeName="?" identificationSchemeURI="?" identificationSchemeVersion="?" identificationSchemeAgency="?">?</da:Identification>
                  <!--Zero or more repetitions:-->
                  <da:Language LanguageIdentifier="?" LanguageLocaleIdentifier="?">?</da:Language>
                  <!--Zero or more repetitions:-->
                  <da:Publisher LanguageIdentifier="?" LanguageLocaleIdentifier="?">?</da:Publisher>
                  <!--Zero or more repetitions:-->
                  <da:Relation LanguageIdentifier="?" LanguageLocaleIdentifier="?">?</da:Relation>
                  <!--Zero or more repetitions:-->
                  <da:Rights LanguageIdentifier="?" LanguageLocaleIdentifier="?">?</da:Rights>
                  <!--Optional:-->
                  <da:Size UnitCode="?">?</da:Size>
                  <!--Zero or more repetitions:-->
                  <da:Source LanguageIdentifier="?" LanguageLocaleIdentifier="?">?</da:Source>
                  <!--Optional:-->
                  <da:Subject LanguageIdentifier="?" LanguageLocaleIdentifier="?">?</da:Subject>
                  <!--Optional:-->
                  <da:Title LanguageIdentifier="?" LanguageLocaleIdentifier="?">?</da:Title>
                  <!--Optional:-->
                  <da:Type LanguageIdentifier="?" LanguageLocaleIdentifier="?">?</da:Type>
                  <!--Optional:-->
                  <da:Version LanguageIdentifier="?" LanguageLocaleIdentifier="?">?</da:Version>
                  <!--You have a CHOICE of the next 2 items at this level-->
                  <!--Optional:-->
                  <da:Attachment Format="?" MimeCode="?" CharacterSetCode="?" EncodingCode="?" UniformResourceIdentifier="?" Filename="?">cid:1028138709409</da:Attachment>
                  <!--Optional:-->
                  <da:URI>?</da:URI>
               </da:Attachment>
               <!--Zero or more repetitions:-->
               <da:Comments LanguageIdentifier="?" LanguageLocaleIdentifier="?">?</da:Comments>
               <!--Zero or more repetitions:-->
               <da:Condition ref="?">
                  <da:Classification codeName="?" codeListURI="?" codeListAgency="?" codeListName="?" codeListVersion="?">?</da:Classification>
                  <!--Optional:-->
                  <da:ConditionReference identificationSchemeName="?" identificationSchemeURI="?" identificationSchemeVersion="?" identificationSchemeAgency="?">?</da:ConditionReference>
                  <!--Optional:-->
                  <da:Detail LanguageIdentifier="?" LanguageLocaleIdentifier="?">?</da:Detail>
                  <da:Identification identificationSchemeName="?" identificationSchemeURI="?" identificationSchemeVersion="?" identificationSchemeAgency="?">?</da:Identification>
                  <!--Optional:-->
                  <da:Type codeName="?" codeListURI="?" codeListAgency="?" codeListName="?" codeListVersion="?">?</da:Type>
               </da:Condition>
               <!--Optional:-->
               <da:DeterminationDate Format="?">?</da:DeterminationDate>
               <da:Identification identificationSchemeName="?" identificationSchemeURI="?" identificationSchemeVersion="?" identificationSchemeAgency="?">?</da:Identification>
               <!--1 or more repetitions:-->
               <da:PartyRole ref="?">
                  <!--Optional:-->
                  <da:DateTime Format="?">?</da:DateTime>
                  <!--1 or more repetitions:-->
                  <da:Party ref="?">
                     <!--Optional:-->
                     <naa:AccessRights codeName="?" codeListURI="?" codeListAgency="?" codeListName="?" codeListVersion="?">?</naa:AccessRights>
                     <!--Optional:-->
                     <naa:Description LanguageIdentifier="?" LanguageLocaleIdentifier="?">?</naa:Description>
                     <!--You have a CHOICE of the next 2 items at this level-->
                     <!--Optional:-->
                     <naa:Organisation ref="?">
                        <!--Zero or more repetitions:-->
                        <naa:Contact ref="?">
                           <!--Optional:-->
                           <naa:DepartmentName LanguageIdentifier="?" LanguageLocaleIdentifier="?">?</naa:DepartmentName>
                           <!--Optional:-->
                           <naa:Description LanguageIdentifier="?" LanguageLocaleIdentifier="?">?</naa:Description>
                           <naa:Identification identificationSchemeName="?" identificationSchemeURI="?" identificationSchemeVersion="?" identificationSchemeAgency="?">?</naa:Identification>
                           <!--Zero or more repetitions:-->
                           <naa:Internet ref="?">
                              <naa:Type codeName="?" codeListURI="?" codeListAgency="?" codeListName="?" codeListVersion="?">?</naa:Type>
                              <naa:URI>?</naa:URI>
                           </naa:Internet>
                           <!--Optional:-->
                           <naa:IsPrimary Format="?">?</naa:IsPrimary>
                           <!--Optional:-->
                           <naa:JobTitle LanguageIdentifier="?" LanguageLocaleIdentifier="?">?</naa:JobTitle>
                           <!--Optional:-->
                           <naa:PersonName ref="?">
                              <naa:Classification codeName="?" codeListURI="?" codeListAgency="?" codeListName="?" codeListVersion="?">?</naa:Classification>
                              <!--Optional:-->
                              <naa:FamilyName LanguageIdentifier="?" LanguageLocaleIdentifier="?">?</naa:FamilyName>
                              <!--Optional:-->
                              <naa:FamilyNamePrefix LanguageIdentifier="?" LanguageLocaleIdentifier="?">?</naa:FamilyNamePrefix>
                              <!--Optional:-->
                              <naa:GivenName LanguageIdentifier="?" LanguageLocaleIdentifier="?">?</naa:GivenName>
                              <!--Optional:-->
                              <naa:MiddleName LanguageIdentifier="?" LanguageLocaleIdentifier="?">?</naa:MiddleName>
                              <!--Optional:-->
                              <naa:Name LanguageIdentifier="?" LanguageLocaleIdentifier="?">?</naa:Name>
                              <!--Optional:-->
                              <naa:NameSuffix codeName="?" codeListURI="?" codeListAgency="?" codeListName="?" codeListVersion="?">?</naa:NameSuffix>
                              <!--Optional:-->
                              <naa:Salutation LanguageIdentifier="?" LanguageLocaleIdentifier="?">?</naa:Salutation>
                              <!--Optional:-->
                              <naa:Title codeName="?" codeListURI="?" codeListAgency="?" codeListName="?" codeListVersion="?">?</naa:Title>
                              <!--Optional:-->
                              <naa:ValidityPeriod ref="?">
                                 <!--Optional:-->
                                 <naa:Complete Format="?">?</naa:Complete>
                                 <!--Optional:-->
                                 <naa:Description LanguageIdentifier="?" LanguageLocaleIdentifier="?">?</naa:Description>
                                 <!--Optional:-->
                                 <naa:Duration UnitCode="?">?</naa:Duration>
                                 <!--Optional:-->
                                 <naa:End Format="?">?</naa:End>
                                 <naa:Identification identificationSchemeName="?" identificationSchemeURI="?" identificationSchemeVersion="?" identificationSchemeAgency="?">?</naa:Identification>
                                 <!--Optional:-->
                                 <naa:Inclusive Format="?">?</naa:Inclusive>
                                 <!--Optional:-->
                                 <naa:Name LanguageIdentifier="?" LanguageLocaleIdentifier="?">?</naa:Name>
                                 <!--Optional:-->
                                 <naa:Sequence identificationSchemeName="?" identificationSchemeURI="?" identificationSchemeVersion="?" identificationSchemeAgency="?">?</naa:Sequence>
                                 <naa:Start Format="?">?</naa:Start>
                              </naa:ValidityPeriod>
                           </naa:PersonName>
                           <!--Optional:-->
                           <naa:Responsibility LanguageIdentifier="?" LanguageLocaleIdentifier="?">?</naa:Responsibility>
                           <!--Zero or more repetitions:-->
                           <naa:Telephone ref="?">
                              <!--Optional:-->
                              <naa:AreaCode codeName="?" codeListURI="?" codeListAgency="?" codeListName="?" codeListVersion="?">?</naa:AreaCode>
                              <!--Optional:-->
                              <naa:CountryCode codeName="?" codeListURI="?" codeListAgency="?" codeListName="?" codeListVersion="?">?</naa:CountryCode>
                              <!--Optional:-->
                              <naa:Extension LanguageIdentifier="?" LanguageLocaleIdentifier="?">?</naa:Extension>
                              <naa:Number identificationSchemeName="?" identificationSchemeURI="?" identificationSchemeVersion="?" identificationSchemeAgency="?">?</naa:Number>
                              <naa:Type codeName="?" codeListURI="?" codeListAgency="?" codeListName="?" codeListVersion="?">?</naa:Type>
                           </naa:Telephone>
                           <!--Optional:-->
                           <naa:Type codeName="?" codeListURI="?" codeListAgency="?" codeListName="?" codeListVersion="?">?</naa:Type>
                        </naa:Contact>
                        <!--Optional:-->
                        <naa:Description LanguageIdentifier="?" LanguageLocaleIdentifier="?">?</naa:Description>
                        <naa:Identification identificationSchemeName="?" identificationSchemeURI="?" identificationSchemeVersion="?" identificationSchemeAgency="?">?</naa:Identification>
                        <!--Optional:-->
                        <naa:IndustryClassification codeName="?" codeListURI="?" codeListAgency="?" codeListName="?" codeListVersion="?">?</naa:IndustryClassification>
                        <!--Zero or more repetitions:-->
                        <naa:Internet ref="?">
                           <naa:Type codeName="?" codeListURI="?" codeListAgency="?" codeListName="?" codeListVersion="?">?</naa:Type>
                           <naa:URI>?</naa:URI>
                        </naa:Internet>
                        <!--Optional:-->
                        <naa:IsActive Format="?">?</naa:IsActive>
                        <!--Optional:-->
                        <naa:LegalClassification codeName="?" codeListURI="?" codeListAgency="?" codeListName="?" codeListVersion="?">?</naa:LegalClassification>
                        <!--Zero or more repetitions:-->
                        <naa:Organisation/>
                        <!--1 or more repetitions:-->
                        <naa:OrganisationName ref="?">
                           <naa:Classification codeName="?" codeListURI="?" codeListAgency="?" codeListName="?" codeListVersion="?">?</naa:Classification>
                           <naa:Name LanguageIdentifier="?" LanguageLocaleIdentifier="?">?</naa:Name>
                           <!--Optional:-->
                           <naa:ValidityPeriod ref="?">
                              <!--Optional:-->
                              <naa:Complete Format="?">?</naa:Complete>
                              <!--Optional:-->
                              <naa:Description LanguageIdentifier="?" LanguageLocaleIdentifier="?">?</naa:Description>
                              <!--Optional:-->
                              <naa:Duration UnitCode="?">?</naa:Duration>
                              <!--Optional:-->
                              <naa:End Format="?">?</naa:End>
                              <naa:Identification identificationSchemeName="?" identificationSchemeURI="?" identificationSchemeVersion="?" identificationSchemeAgency="?">?</naa:Identification>
                              <!--Optional:-->
                              <naa:Inclusive Format="?">?</naa:Inclusive>
                              <!--Optional:-->
                              <naa:Name LanguageIdentifier="?" LanguageLocaleIdentifier="?">?</naa:Name>
                              <!--Optional:-->
                              <naa:Sequence identificationSchemeName="?" identificationSchemeURI="?" identificationSchemeVersion="?" identificationSchemeAgency="?">?</naa:Sequence>
                              <naa:Start Format="?">?</naa:Start>
                           </naa:ValidityPeriod>
                        </naa:OrganisationName>
                        <!--Zero or more repetitions:-->
                        <naa:PhysicalAddress ref="?">
                           <!--Zero or more repetitions:-->
                           <naa:Address/>
                           <!--Optional:-->
                           <naa:BlockName LanguageIdentifier="?" LanguageLocaleIdentifier="?">?</naa:BlockName>
                           <!--Optional:-->
                           <naa:BuildingName LanguageIdentifier="?" LanguageLocaleIdentifier="?">?</naa:BuildingName>
                           <!--Optional:-->
                           <naa:BuildingNumber LanguageIdentifier="?" LanguageLocaleIdentifier="?">?</naa:BuildingNumber>
                           <!--Optional:-->
                           <naa:CityName LanguageIdentifier="?" LanguageLocaleIdentifier="?">?</naa:CityName>
                           <!--Optional:-->
                           <naa:Code codeName="?" codeListURI="?" codeListAgency="?" codeListName="?" codeListVersion="?">?</naa:Code>
                           <!--Optional:-->
                           <naa:CountryName codeName="?" codeListURI="?" codeListAgency="?" codeListName="?" codeListVersion="?">?</naa:CountryName>
                           <!--Optional:-->
                           <naa:CountrySubDivision codeName="?" codeListURI="?" codeListAgency="?" codeListName="?" codeListVersion="?">?</naa:CountrySubDivision>
                           <!--Zero or more repetitions:-->
                           <naa:Geocode ref="?">
                              <!--Optional:-->
                              <naa:AltimetricSystem codeName="?" codeListURI="?" codeListAgency="?" codeListName="?" codeListVersion="?">?</naa:AltimetricSystem>
                              <!--Optional:-->
                              <naa:Altitude Format="?">?</naa:Altitude>
                              <naa:Identification identificationSchemeName="?" identificationSchemeURI="?" identificationSchemeVersion="?" identificationSchemeAgency="?">?</naa:Identification>
                              <naa:Latitude Format="?">?</naa:Latitude>
                              <!--Optional:-->
                              <naa:LatitudeDirection codeName="?" codeListURI="?" codeListAgency="?" codeListName="?" codeListVersion="?">?</naa:LatitudeDirection>
                              <naa:Longitude Format="?">?</naa:Longitude>
                              <!--Optional:-->
                              <naa:LongitudeDirection codeName="?" codeListURI="?" codeListAgency="?" codeListName="?" codeListVersion="?">?</naa:LongitudeDirection>
                              <!--Optional:-->
                              <naa:System codeName="?" codeListURI="?" codeListAgency="?" codeListName="?" codeListVersion="?">?</naa:System>
                           </naa:Geocode>
                           <naa:Identification identificationSchemeName="?" identificationSchemeURI="?" identificationSchemeVersion="?" identificationSchemeAgency="?">?</naa:Identification>
                           <!--Optional:-->
                           <naa:LineFive LanguageIdentifier="?" LanguageLocaleIdentifier="?">?</naa:LineFive>
                           <!--Optional:-->
                           <naa:LineFour LanguageIdentifier="?" LanguageLocaleIdentifier="?">?</naa:LineFour>
                           <!--Optional:-->
                           <naa:LineOne LanguageIdentifier="?" LanguageLocaleIdentifier="?">?</naa:LineOne>
                           <!--Optional:-->
                           <naa:LineSix LanguageIdentifier="?" LanguageLocaleIdentifier="?">?</naa:LineSix>
                           <!--Optional:-->
                           <naa:LineThree LanguageIdentifier="?" LanguageLocaleIdentifier="?">?</naa:LineThree>
                           <!--Optional:-->
                           <naa:LineTwo LanguageIdentifier="?" LanguageLocaleIdentifier="?">?</naa:LineTwo>
                           <!--Optional:-->
                           <naa:PostOfficeBox LanguageIdentifier="?" LanguageLocaleIdentifier="?">?</naa:PostOfficeBox>
                           <!--Optional:-->
                           <naa:Postcode LanguageIdentifier="?" LanguageLocaleIdentifier="?">?</naa:Postcode>
                           <!--Optional:-->
                           <naa:StreetName LanguageIdentifier="?" LanguageLocaleIdentifier="?">?</naa:StreetName>
                           <!--Optional:-->
                           <naa:StreetSuffix codeName="?" codeListURI="?" codeListAgency="?" codeListName="?" codeListVersion="?">?</naa:StreetSuffix>
                           <!--Optional:-->
                           <naa:StreetType codeName="?" codeListURI="?" codeListAgency="?" codeListName="?" codeListVersion="?">?</naa:StreetType>
                           <!--Optional:-->
                           <naa:Usage codeName="?" codeListURI="?" codeListAgency="?" codeListName="?" codeListVersion="?">?</naa:Usage>
                           <!--Optional:-->
                           <naa:UsagePeriod ref="?">
                              <!--Optional:-->
                              <naa:Complete Format="?">?</naa:Complete>
                              <!--Optional:-->
                              <naa:Description LanguageIdentifier="?" LanguageLocaleIdentifier="?">?</naa:Description>
                              <!--Optional:-->
                              <naa:Duration UnitCode="?">?</naa:Duration>
                              <!--Optional:-->
                              <naa:End Format="?">?</naa:End>
                              <naa:Identification identificationSchemeName="?" identificationSchemeURI="?" identificationSchemeVersion="?" identificationSchemeAgency="?">?</naa:Identification>
                              <!--Optional:-->
                              <naa:Inclusive Format="?">?</naa:Inclusive>
                              <!--Optional:-->
                              <naa:Name LanguageIdentifier="?" LanguageLocaleIdentifier="?">?</naa:Name>
                              <!--Optional:-->
                              <naa:Sequence identificationSchemeName="?" identificationSchemeURI="?" identificationSchemeVersion="?" identificationSchemeAgency="?">?</naa:Sequence>
                              <naa:Start Format="?">?</naa:Start>
                           </naa:UsagePeriod>
                        </naa:PhysicalAddress>
                        <!--Zero or more repetitions:-->
                        <naa:PostalAddress ref="?">
                           <!--Zero or more repetitions:-->
                           <naa:Address/>
                           <!--Optional:-->
                           <naa:BlockName LanguageIdentifier="?" LanguageLocaleIdentifier="?">?</naa:BlockName>
                           <!--Optional:-->
                           <naa:BuildingName LanguageIdentifier="?" LanguageLocaleIdentifier="?">?</naa:BuildingName>
                           <!--Optional:-->
                           <naa:BuildingNumber LanguageIdentifier="?" LanguageLocaleIdentifier="?">?</naa:BuildingNumber>
                           <!--Optional:-->
                           <naa:CityName LanguageIdentifier="?" LanguageLocaleIdentifier="?">?</naa:CityName>
                           <!--Optional:-->
                           <naa:Code codeName="?" codeListURI="?" codeListAgency="?" codeListName="?" codeListVersion="?">?</naa:Code>
                           <!--Optional:-->
                           <naa:CountryName codeName="?" codeListURI="?" codeListAgency="?" codeListName="?" codeListVersion="?">?</naa:CountryName>
                           <!--Optional:-->
                           <naa:CountrySubDivision codeName="?" codeListURI="?" codeListAgency="?" codeListName="?" codeListVersion="?">?</naa:CountrySubDivision>
                           <!--Zero or more repetitions:-->
                           <naa:Geocode ref="?">
                              <!--Optional:-->
                              <naa:AltimetricSystem codeName="?" codeListURI="?" codeListAgency="?" codeListName="?" codeListVersion="?">?</naa:AltimetricSystem>
                              <!--Optional:-->
                              <naa:Altitude Format="?">?</naa:Altitude>
                              <naa:Identification identificationSchemeName="?" identificationSchemeURI="?" identificationSchemeVersion="?" identificationSchemeAgency="?">?</naa:Identification>
                              <naa:Latitude Format="?">?</naa:Latitude>
                              <!--Optional:-->
                              <naa:LatitudeDirection codeName="?" codeListURI="?" codeListAgency="?" codeListName="?" codeListVersion="?">?</naa:LatitudeDirection>
                              <naa:Longitude Format="?">?</naa:Longitude>
                              <!--Optional:-->
                              <naa:LongitudeDirection codeName="?" codeListURI="?" codeListAgency="?" codeListName="?" codeListVersion="?">?</naa:LongitudeDirection>
                              <!--Optional:-->
                              <naa:System codeName="?" codeListURI="?" codeListAgency="?" codeListName="?" codeListVersion="?">?</naa:System>
                           </naa:Geocode>
                           <naa:Identification identificationSchemeName="?" identificationSchemeURI="?" identificationSchemeVersion="?" identificationSchemeAgency="?">?</naa:Identification>
                           <!--Optional:-->
                           <naa:LineFive LanguageIdentifier="?" LanguageLocaleIdentifier="?">?</naa:LineFive>
                           <!--Optional:-->
                           <naa:LineFour LanguageIdentifier="?" LanguageLocaleIdentifier="?">?</naa:LineFour>
                           <!--Optional:-->
                           <naa:LineOne LanguageIdentifier="?" LanguageLocaleIdentifier="?">?</naa:LineOne>
                           <!--Optional:-->
                           <naa:LineSix LanguageIdentifier="?" LanguageLocaleIdentifier="?">?</naa:LineSix>
                           <!--Optional:-->
                           <naa:LineThree LanguageIdentifier="?" LanguageLocaleIdentifier="?">?</naa:LineThree>
                           <!--Optional:-->
                           <naa:LineTwo LanguageIdentifier="?" LanguageLocaleIdentifier="?">?</naa:LineTwo>
                           <!--Optional:-->
                           <naa:PostOfficeBox LanguageIdentifier="?" LanguageLocaleIdentifier="?">?</naa:PostOfficeBox>
                           <!--Optional:-->
                           <naa:Postcode LanguageIdentifier="?" LanguageLocaleIdentifier="?">?</naa:Postcode>
                           <!--Optional:-->
                           <naa:StreetName LanguageIdentifier="?" LanguageLocaleIdentifier="?">?</naa:StreetName>
                           <!--Optional:-->
                           <naa:StreetSuffix codeName="?" codeListURI="?" codeListAgency="?" codeListName="?" codeListVersion="?">?</naa:StreetSuffix>
                           <!--Optional:-->
                           <naa:StreetType codeName="?" codeListURI="?" codeListAgency="?" codeListName="?" codeListVersion="?">?</naa:StreetType>
                           <!--Optional:-->
                           <naa:Usage codeName="?" codeListURI="?" codeListAgency="?" codeListName="?" codeListVersion="?">?</naa:Usage>
                           <!--Optional:-->
                           <naa:UsagePeriod ref="?">
                              <!--Optional:-->
                              <naa:Complete Format="?">?</naa:Complete>
                              <!--Optional:-->
                              <naa:Description LanguageIdentifier="?" LanguageLocaleIdentifier="?">?</naa:Description>
                              <!--Optional:-->
                              <naa:Duration UnitCode="?">?</naa:Duration>
                              <!--Optional:-->
                              <naa:End Format="?">?</naa:End>
                              <naa:Identification identificationSchemeName="?" identificationSchemeURI="?" identificationSchemeVersion="?" identificationSchemeAgency="?">?</naa:Identification>
                              <!--Optional:-->
                              <naa:Inclusive Format="?">?</naa:Inclusive>
                              <!--Optional:-->
                              <naa:Name LanguageIdentifier="?" LanguageLocaleIdentifier="?">?</naa:Name>
                              <!--Optional:-->
                              <naa:Sequence identificationSchemeName="?" identificationSchemeURI="?" identificationSchemeVersion="?" identificationSchemeAgency="?">?</naa:Sequence>
                              <naa:Start Format="?">?</naa:Start>
                           </naa:UsagePeriod>
                        </naa:PostalAddress>
                        <!--Zero or more repetitions:-->
                        <naa:Registration ref="?">
                           <!--Optional:-->
                           <naa:Category codeName="?" codeListURI="?" codeListAgency="?" codeListName="?" codeListVersion="?">?</naa:Category>
                           <!--Optional:-->
                           <naa:Country codeName="?" codeListURI="?" codeListAgency="?" codeListName="?" codeListVersion="?">?</naa:Country>
                           <naa:Identification identificationSchemeName="?" identificationSchemeURI="?" identificationSchemeVersion="?" identificationSchemeAgency="?">?</naa:Identification>
                           <!--Optional:-->
                           <naa:Licence identificationSchemeName="?" identificationSchemeURI="?" identificationSchemeVersion="?" identificationSchemeAgency="?">?</naa:Licence>
                           <!--Optional:-->
                           <naa:Recorded Format="?">?</naa:Recorded>
                           <!--Optional:-->
                           <naa:Type codeName="?" codeListURI="?" codeListAgency="?" codeListName="?" codeListVersion="?">?</naa:Type>
                           <!--Optional:-->
                           <naa:ValidityPeriod ref="?">
                              <!--Optional:-->
                              <naa:Complete Format="?">?</naa:Complete>
                              <!--Optional:-->
                              <naa:Description LanguageIdentifier="?" LanguageLocaleIdentifier="?">?</naa:Description>
                              <!--Optional:-->
                              <naa:Duration UnitCode="?">?</naa:Duration>
                              <!--Optional:-->
                              <naa:End Format="?">?</naa:End>
                              <naa:Identification identificationSchemeName="?" identificationSchemeURI="?" identificationSchemeVersion="?" identificationSchemeAgency="?">?</naa:Identification>
                              <!--Optional:-->
                              <naa:Inclusive Format="?">?</naa:Inclusive>
                              <!--Optional:-->
                              <naa:Name LanguageIdentifier="?" LanguageLocaleIdentifier="?">?</naa:Name>
                              <!--Optional:-->
                              <naa:Sequence identificationSchemeName="?" identificationSchemeURI="?" identificationSchemeVersion="?" identificationSchemeAgency="?">?</naa:Sequence>
                              <naa:Start Format="?">?</naa:Start>
                           </naa:ValidityPeriod>
                        </naa:Registration>
                        <!--Zero or more repetitions:-->
                        <naa:Status ref="?">
                           <naa:Code codeName="?" codeListURI="?" codeListAgency="?" codeListName="?" codeListVersion="?">?</naa:Code>
                           <!--Optional:-->
                           <naa:Description LanguageIdentifier="?" LanguageLocaleIdentifier="?">?</naa:Description>
                           <!--Optional:-->
                           <naa:ValidityPeriod ref="?">
                              <!--Optional:-->
                              <naa:Complete Format="?">?</naa:Complete>
                              <!--Optional:-->
                              <naa:Description LanguageIdentifier="?" LanguageLocaleIdentifier="?">?</naa:Description>
                              <!--Optional:-->
                              <naa:Duration UnitCode="?">?</naa:Duration>
                              <!--Optional:-->
                              <naa:End Format="?">?</naa:End>
                              <naa:Identification identificationSchemeName="?" identificationSchemeURI="?" identificationSchemeVersion="?" identificationSchemeAgency="?">?</naa:Identification>
                              <!--Optional:-->
                              <naa:Inclusive Format="?">?</naa:Inclusive>
                              <!--Optional:-->
                              <naa:Name LanguageIdentifier="?" LanguageLocaleIdentifier="?">?</naa:Name>
                              <!--Optional:-->
                              <naa:Sequence identificationSchemeName="?" identificationSchemeURI="?" identificationSchemeVersion="?" identificationSchemeAgency="?">?</naa:Sequence>
                              <naa:Start Format="?">?</naa:Start>
                           </naa:ValidityPeriod>
                        </naa:Status>
                        <!--Zero or more repetitions:-->
                        <naa:Telephone ref="?">
                           <!--Optional:-->
                           <naa:AreaCode codeName="?" codeListURI="?" codeListAgency="?" codeListName="?" codeListVersion="?">?</naa:AreaCode>
                           <!--Optional:-->
                           <naa:CountryCode codeName="?" codeListURI="?" codeListAgency="?" codeListName="?" codeListVersion="?">?</naa:CountryCode>
                           <!--Optional:-->
                           <naa:Extension LanguageIdentifier="?" LanguageLocaleIdentifier="?">?</naa:Extension>
                           <naa:Number identificationSchemeName="?" identificationSchemeURI="?" identificationSchemeVersion="?" identificationSchemeAgency="?">?</naa:Number>
                           <naa:Type codeName="?" codeListURI="?" codeListAgency="?" codeListName="?" codeListVersion="?">?</naa:Type>
                        </naa:Telephone>
                        <!--Optional:-->
                        <naa:Type codeName="?" codeListURI="?" codeListAgency="?" codeListName="?" codeListVersion="?">?</naa:Type>
                     </naa:Organisation>
                     <!--Optional:-->
                     <naa:Person ref="?">
                        <!--Optional:-->
                        <naa:Description LanguageIdentifier="?" LanguageLocaleIdentifier="?">?</naa:Description>
                        <naa:Identification identificationSchemeName="?" identificationSchemeURI="?" identificationSchemeVersion="?" identificationSchemeAgency="?">?</naa:Identification>
                        <!--Zero or more repetitions:-->
                        <naa:Internet ref="?">
                           <naa:Type codeName="?" codeListURI="?" codeListAgency="?" codeListName="?" codeListVersion="?">?</naa:Type>
                           <naa:URI>?</naa:URI>
                        </naa:Internet>
                        <!--1 or more repetitions:-->
                        <naa:PersonName ref="?">
                           <naa:Classification codeName="?" codeListURI="?" codeListAgency="?" codeListName="?" codeListVersion="?">?</naa:Classification>
                           <!--Optional:-->
                           <naa:FamilyName LanguageIdentifier="?" LanguageLocaleIdentifier="?">?</naa:FamilyName>
                           <!--Optional:-->
                           <naa:FamilyNamePrefix LanguageIdentifier="?" LanguageLocaleIdentifier="?">?</naa:FamilyNamePrefix>
                           <!--Optional:-->
                           <naa:GivenName LanguageIdentifier="?" LanguageLocaleIdentifier="?">?</naa:GivenName>
                           <!--Optional:-->
                           <naa:MiddleName LanguageIdentifier="?" LanguageLocaleIdentifier="?">?</naa:MiddleName>
                           <!--Optional:-->
                           <naa:Name LanguageIdentifier="?" LanguageLocaleIdentifier="?">?</naa:Name>
                           <!--Optional:-->
                           <naa:NameSuffix codeName="?" codeListURI="?" codeListAgency="?" codeListName="?" codeListVersion="?">?</naa:NameSuffix>
                           <!--Optional:-->
                           <naa:Salutation LanguageIdentifier="?" LanguageLocaleIdentifier="?">?</naa:Salutation>
                           <!--Optional:-->
                           <naa:Title codeName="?" codeListURI="?" codeListAgency="?" codeListName="?" codeListVersion="?">?</naa:Title>
                           <!--Optional:-->
                           <naa:ValidityPeriod ref="?">
                              <!--Optional:-->
                              <naa:Complete Format="?">?</naa:Complete>
                              <!--Optional:-->
                              <naa:Description LanguageIdentifier="?" LanguageLocaleIdentifier="?">?</naa:Description>
                              <!--Optional:-->
                              <naa:Duration UnitCode="?">?</naa:Duration>
                              <!--Optional:-->
                              <naa:End Format="?">?</naa:End>
                              <naa:Identification identificationSchemeName="?" identificationSchemeURI="?" identificationSchemeVersion="?" identificationSchemeAgency="?">?</naa:Identification>
                              <!--Optional:-->
                              <naa:Inclusive Format="?">?</naa:Inclusive>
                              <!--Optional:-->
                              <naa:Name LanguageIdentifier="?" LanguageLocaleIdentifier="?">?</naa:Name>
                              <!--Optional:-->
                              <naa:Sequence identificationSchemeName="?" identificationSchemeURI="?" identificationSchemeVersion="?" identificationSchemeAgency="?">?</naa:Sequence>
                              <naa:Start Format="?">?</naa:Start>
                           </naa:ValidityPeriod>
                        </naa:PersonName>
                        <!--Zero or more repetitions:-->
                        <naa:PostalAddress ref="?">
                           <!--Zero or more repetitions:-->
                           <naa:Address/>
                           <!--Optional:-->
                           <naa:BlockName LanguageIdentifier="?" LanguageLocaleIdentifier="?">?</naa:BlockName>
                           <!--Optional:-->
                           <naa:BuildingName LanguageIdentifier="?" LanguageLocaleIdentifier="?">?</naa:BuildingName>
                           <!--Optional:-->
                           <naa:BuildingNumber LanguageIdentifier="?" LanguageLocaleIdentifier="?">?</naa:BuildingNumber>
                           <!--Optional:-->
                           <naa:CityName LanguageIdentifier="?" LanguageLocaleIdentifier="?">?</naa:CityName>
                           <!--Optional:-->
                           <naa:Code codeName="?" codeListURI="?" codeListAgency="?" codeListName="?" codeListVersion="?">?</naa:Code>
                           <!--Optional:-->
                           <naa:CountryName codeName="?" codeListURI="?" codeListAgency="?" codeListName="?" codeListVersion="?">?</naa:CountryName>
                           <!--Optional:-->
                           <naa:CountrySubDivision codeName="?" codeListURI="?" codeListAgency="?" codeListName="?" codeListVersion="?">?</naa:CountrySubDivision>
                           <!--Zero or more repetitions:-->
                           <naa:Geocode ref="?">
                              <!--Optional:-->
                              <naa:AltimetricSystem codeName="?" codeListURI="?" codeListAgency="?" codeListName="?" codeListVersion="?">?</naa:AltimetricSystem>
                              <!--Optional:-->
                              <naa:Altitude Format="?">?</naa:Altitude>
                              <naa:Identification identificationSchemeName="?" identificationSchemeURI="?" identificationSchemeVersion="?" identificationSchemeAgency="?">?</naa:Identification>
                              <naa:Latitude Format="?">?</naa:Latitude>
                              <!--Optional:-->
                              <naa:LatitudeDirection codeName="?" codeListURI="?" codeListAgency="?" codeListName="?" codeListVersion="?">?</naa:LatitudeDirection>
                              <naa:Longitude Format="?">?</naa:Longitude>
                              <!--Optional:-->
                              <naa:LongitudeDirection codeName="?" codeListURI="?" codeListAgency="?" codeListName="?" codeListVersion="?">?</naa:LongitudeDirection>
                              <!--Optional:-->
                              <naa:System codeName="?" codeListURI="?" codeListAgency="?" codeListName="?" codeListVersion="?">?</naa:System>
                           </naa:Geocode>
                           <naa:Identification identificationSchemeName="?" identificationSchemeURI="?" identificationSchemeVersion="?" identificationSchemeAgency="?">?</naa:Identification>
                           <!--Optional:-->
                           <naa:LineFive LanguageIdentifier="?" LanguageLocaleIdentifier="?">?</naa:LineFive>
                           <!--Optional:-->
                           <naa:LineFour LanguageIdentifier="?" LanguageLocaleIdentifier="?">?</naa:LineFour>
                           <!--Optional:-->
                           <naa:LineOne LanguageIdentifier="?" LanguageLocaleIdentifier="?">?</naa:LineOne>
                           <!--Optional:-->
                           <naa:LineSix LanguageIdentifier="?" LanguageLocaleIdentifier="?">?</naa:LineSix>
                           <!--Optional:-->
                           <naa:LineThree LanguageIdentifier="?" LanguageLocaleIdentifier="?">?</naa:LineThree>
                           <!--Optional:-->
                           <naa:LineTwo LanguageIdentifier="?" LanguageLocaleIdentifier="?">?</naa:LineTwo>
                           <!--Optional:-->
                           <naa:PostOfficeBox LanguageIdentifier="?" LanguageLocaleIdentifier="?">?</naa:PostOfficeBox>
                           <!--Optional:-->
                           <naa:Postcode LanguageIdentifier="?" LanguageLocaleIdentifier="?">?</naa:Postcode>
                           <!--Optional:-->
                           <naa:StreetName LanguageIdentifier="?" LanguageLocaleIdentifier="?">?</naa:StreetName>
                           <!--Optional:-->
                           <naa:StreetSuffix codeName="?" codeListURI="?" codeListAgency="?" codeListName="?" codeListVersion="?">?</naa:StreetSuffix>
                           <!--Optional:-->
                           <naa:StreetType codeName="?" codeListURI="?" codeListAgency="?" codeListName="?" codeListVersion="?">?</naa:StreetType>
                           <!--Optional:-->
                           <naa:Usage codeName="?" codeListURI="?" codeListAgency="?" codeListName="?" codeListVersion="?">?</naa:Usage>
                           <!--Optional:-->
                           <naa:UsagePeriod ref="?">
                              <!--Optional:-->
                              <naa:Complete Format="?">?</naa:Complete>
                              <!--Optional:-->
                              <naa:Description LanguageIdentifier="?" LanguageLocaleIdentifier="?">?</naa:Description>
                              <!--Optional:-->
                              <naa:Duration UnitCode="?">?</naa:Duration>
                              <!--Optional:-->
                              <naa:End Format="?">?</naa:End>
                              <naa:Identification identificationSchemeName="?" identificationSchemeURI="?" identificationSchemeVersion="?" identificationSchemeAgency="?">?</naa:Identification>
                              <!--Optional:-->
                              <naa:Inclusive Format="?">?</naa:Inclusive>
                              <!--Optional:-->
                              <naa:Name LanguageIdentifier="?" LanguageLocaleIdentifier="?">?</naa:Name>
                              <!--Optional:-->
                              <naa:Sequence identificationSchemeName="?" identificationSchemeURI="?" identificationSchemeVersion="?" identificationSchemeAgency="?">?</naa:Sequence>
                              <naa:Start Format="?">?</naa:Start>
                           </naa:UsagePeriod>
                        </naa:PostalAddress>
                        <!--Zero or more repetitions:-->
                        <naa:Registration ref="?">
                           <!--Optional:-->
                           <naa:Category codeName="?" codeListURI="?" codeListAgency="?" codeListName="?" codeListVersion="?">?</naa:Category>
                           <!--Optional:-->
                           <naa:Country codeName="?" codeListURI="?" codeListAgency="?" codeListName="?" codeListVersion="?">?</naa:Country>
                           <naa:Identification identificationSchemeName="?" identificationSchemeURI="?" identificationSchemeVersion="?" identificationSchemeAgency="?">?</naa:Identification>
                           <!--Optional:-->
                           <naa:Licence identificationSchemeName="?" identificationSchemeURI="?" identificationSchemeVersion="?" identificationSchemeAgency="?">?</naa:Licence>
                           <!--Optional:-->
                           <naa:Recorded Format="?">?</naa:Recorded>
                           <!--Optional:-->
                           <naa:Type codeName="?" codeListURI="?" codeListAgency="?" codeListName="?" codeListVersion="?">?</naa:Type>
                           <!--Optional:-->
                           <naa:ValidityPeriod ref="?">
                              <!--Optional:-->
                              <naa:Complete Format="?">?</naa:Complete>
                              <!--Optional:-->
                              <naa:Description LanguageIdentifier="?" LanguageLocaleIdentifier="?">?</naa:Description>
                              <!--Optional:-->
                              <naa:Duration UnitCode="?">?</naa:Duration>
                              <!--Optional:-->
                              <naa:End Format="?">?</naa:End>
                              <naa:Identification identificationSchemeName="?" identificationSchemeURI="?" identificationSchemeVersion="?" identificationSchemeAgency="?">?</naa:Identification>
                              <!--Optional:-->
                              <naa:Inclusive Format="?">?</naa:Inclusive>
                              <!--Optional:-->
                              <naa:Name LanguageIdentifier="?" LanguageLocaleIdentifier="?">?</naa:Name>
                              <!--Optional:-->
                              <naa:Sequence identificationSchemeName="?" identificationSchemeURI="?" identificationSchemeVersion="?" identificationSchemeAgency="?">?</naa:Sequence>
                              <naa:Start Format="?">?</naa:Start>
                           </naa:ValidityPeriod>
                        </naa:Registration>
                        <!--Zero or more repetitions:-->
                        <naa:ResidentialAddress ref="?">
                           <!--Zero or more repetitions:-->
                           <naa:Address/>
                           <!--Optional:-->
                           <naa:BlockName LanguageIdentifier="?" LanguageLocaleIdentifier="?">?</naa:BlockName>
                           <!--Optional:-->
                           <naa:BuildingName LanguageIdentifier="?" LanguageLocaleIdentifier="?">?</naa:BuildingName>
                           <!--Optional:-->
                           <naa:BuildingNumber LanguageIdentifier="?" LanguageLocaleIdentifier="?">?</naa:BuildingNumber>
                           <!--Optional:-->
                           <naa:CityName LanguageIdentifier="?" LanguageLocaleIdentifier="?">?</naa:CityName>
                           <!--Optional:-->
                           <naa:Code codeName="?" codeListURI="?" codeListAgency="?" codeListName="?" codeListVersion="?">?</naa:Code>
                           <!--Optional:-->
                           <naa:CountryName codeName="?" codeListURI="?" codeListAgency="?" codeListName="?" codeListVersion="?">?</naa:CountryName>
                           <!--Optional:-->
                           <naa:CountrySubDivision codeName="?" codeListURI="?" codeListAgency="?" codeListName="?" codeListVersion="?">?</naa:CountrySubDivision>
                           <!--Zero or more repetitions:-->
                           <naa:Geocode ref="?">
                              <!--Optional:-->
                              <naa:AltimetricSystem codeName="?" codeListURI="?" codeListAgency="?" codeListName="?" codeListVersion="?">?</naa:AltimetricSystem>
                              <!--Optional:-->
                              <naa:Altitude Format="?">?</naa:Altitude>
                              <naa:Identification identificationSchemeName="?" identificationSchemeURI="?" identificationSchemeVersion="?" identificationSchemeAgency="?">?</naa:Identification>
                              <naa:Latitude Format="?">?</naa:Latitude>
                              <!--Optional:-->
                              <naa:LatitudeDirection codeName="?" codeListURI="?" codeListAgency="?" codeListName="?" codeListVersion="?">?</naa:LatitudeDirection>
                              <naa:Longitude Format="?">?</naa:Longitude>
                              <!--Optional:-->
                              <naa:LongitudeDirection codeName="?" codeListURI="?" codeListAgency="?" codeListName="?" codeListVersion="?">?</naa:LongitudeDirection>
                              <!--Optional:-->
                              <naa:System codeName="?" codeListURI="?" codeListAgency="?" codeListName="?" codeListVersion="?">?</naa:System>
                           </naa:Geocode>
                           <naa:Identification identificationSchemeName="?" identificationSchemeURI="?" identificationSchemeVersion="?" identificationSchemeAgency="?">?</naa:Identification>
                           <!--Optional:-->
                           <naa:LineFive LanguageIdentifier="?" LanguageLocaleIdentifier="?">?</naa:LineFive>
                           <!--Optional:-->
                           <naa:LineFour LanguageIdentifier="?" LanguageLocaleIdentifier="?">?</naa:LineFour>
                           <!--Optional:-->
                           <naa:LineOne LanguageIdentifier="?" LanguageLocaleIdentifier="?">?</naa:LineOne>
                           <!--Optional:-->
                           <naa:LineSix LanguageIdentifier="?" LanguageLocaleIdentifier="?">?</naa:LineSix>
                           <!--Optional:-->
                           <naa:LineThree LanguageIdentifier="?" LanguageLocaleIdentifier="?">?</naa:LineThree>
                           <!--Optional:-->
                           <naa:LineTwo LanguageIdentifier="?" LanguageLocaleIdentifier="?">?</naa:LineTwo>
                           <!--Optional:-->
                           <naa:PostOfficeBox LanguageIdentifier="?" LanguageLocaleIdentifier="?">?</naa:PostOfficeBox>
                           <!--Optional:-->
                           <naa:Postcode LanguageIdentifier="?" LanguageLocaleIdentifier="?">?</naa:Postcode>
                           <!--Optional:-->
                           <naa:StreetName LanguageIdentifier="?" LanguageLocaleIdentifier="?">?</naa:StreetName>
                           <!--Optional:-->
                           <naa:StreetSuffix codeName="?" codeListURI="?" codeListAgency="?" codeListName="?" codeListVersion="?">?</naa:StreetSuffix>
                           <!--Optional:-->
                           <naa:StreetType codeName="?" codeListURI="?" codeListAgency="?" codeListName="?" codeListVersion="?">?</naa:StreetType>
                           <!--Optional:-->
                           <naa:Usage codeName="?" codeListURI="?" codeListAgency="?" codeListName="?" codeListVersion="?">?</naa:Usage>
                           <!--Optional:-->
                           <naa:UsagePeriod ref="?">
                              <!--Optional:-->
                              <naa:Complete Format="?">?</naa:Complete>
                              <!--Optional:-->
                              <naa:Description LanguageIdentifier="?" LanguageLocaleIdentifier="?">?</naa:Description>
                              <!--Optional:-->
                              <naa:Duration UnitCode="?">?</naa:Duration>
                              <!--Optional:-->
                              <naa:End Format="?">?</naa:End>
                              <naa:Identification identificationSchemeName="?" identificationSchemeURI="?" identificationSchemeVersion="?" identificationSchemeAgency="?">?</naa:Identification>
                              <!--Optional:-->
                              <naa:Inclusive Format="?">?</naa:Inclusive>
                              <!--Optional:-->
                              <naa:Name LanguageIdentifier="?" LanguageLocaleIdentifier="?">?</naa:Name>
                              <!--Optional:-->
                              <naa:Sequence identificationSchemeName="?" identificationSchemeURI="?" identificationSchemeVersion="?" identificationSchemeAgency="?">?</naa:Sequence>
                              <naa:Start Format="?">?</naa:Start>
                           </naa:UsagePeriod>
                        </naa:ResidentialAddress>
                        <!--Zero or more repetitions:-->
                        <naa:Status ref="?">
                           <naa:Code codeName="?" codeListURI="?" codeListAgency="?" codeListName="?" codeListVersion="?">?</naa:Code>
                           <!--Optional:-->
                           <naa:Description LanguageIdentifier="?" LanguageLocaleIdentifier="?">?</naa:Description>
                           <!--Optional:-->
                           <naa:ValidityPeriod ref="?">
                              <!--Optional:-->
                              <naa:Complete Format="?">?</naa:Complete>
                              <!--Optional:-->
                              <naa:Description LanguageIdentifier="?" LanguageLocaleIdentifier="?">?</naa:Description>
                              <!--Optional:-->
                              <naa:Duration UnitCode="?">?</naa:Duration>
                              <!--Optional:-->
                              <naa:End Format="?">?</naa:End>
                              <naa:Identification identificationSchemeName="?" identificationSchemeURI="?" identificationSchemeVersion="?" identificationSchemeAgency="?">?</naa:Identification>
                              <!--Optional:-->
                              <naa:Inclusive Format="?">?</naa:Inclusive>
                              <!--Optional:-->
                              <naa:Name LanguageIdentifier="?" LanguageLocaleIdentifier="?">?</naa:Name>
                              <!--Optional:-->
                              <naa:Sequence identificationSchemeName="?" identificationSchemeURI="?" identificationSchemeVersion="?" identificationSchemeAgency="?">?</naa:Sequence>
                              <naa:Start Format="?">?</naa:Start>
                           </naa:ValidityPeriod>
                        </naa:Status>
                        <!--Zero or more repetitions:-->
                        <naa:Telephone ref="?">
                           <!--Optional:-->
                           <naa:AreaCode codeName="?" codeListURI="?" codeListAgency="?" codeListName="?" codeListVersion="?">?</naa:AreaCode>
                           <!--Optional:-->
                           <naa:CountryCode codeName="?" codeListURI="?" codeListAgency="?" codeListName="?" codeListVersion="?">?</naa:CountryCode>
                           <!--Optional:-->
                           <naa:Extension LanguageIdentifier="?" LanguageLocaleIdentifier="?">?</naa:Extension>
                           <naa:Number identificationSchemeName="?" identificationSchemeURI="?" identificationSchemeVersion="?" identificationSchemeAgency="?">?</naa:Number>
                           <naa:Type codeName="?" codeListURI="?" codeListAgency="?" codeListName="?" codeListVersion="?">?</naa:Type>
                        </naa:Telephone>
                     </naa:Person>
                     <naa:Identification identificationSchemeName="?" identificationSchemeURI="?" identificationSchemeVersion="?" identificationSchemeAgency="?">?</naa:Identification>
                     <!--Optional:-->
                     <naa:Language codeName="?" codeListURI="?" codeListAgency="?" codeListName="?" codeListVersion="?">?</naa:Language>
                     <naa:Name LanguageIdentifier="?" LanguageLocaleIdentifier="?">?</naa:Name>
                     <!--Optional:-->
                     <naa:Type LanguageIdentifier="?" LanguageLocaleIdentifier="?">?</naa:Type>
                  </da:Party>
                  <!--Optional:-->
                  <da:Type codeName="?" codeListURI="?" codeListAgency="?" codeListName="?" codeListVersion="?">?</da:Type>
               </da:PartyRole>
               <!--Zero or more repetitions:-->
               <da:Period ref="?">
                  <!--Optional:-->
                  <naa:Complete Format="?">?</naa:Complete>
                  <!--Optional:-->
                  <naa:Description LanguageIdentifier="?" LanguageLocaleIdentifier="?">?</naa:Description>
                  <!--Optional:-->
                  <naa:Duration UnitCode="?">?</naa:Duration>
                  <!--Optional:-->
                  <naa:End Format="?">?</naa:End>
                  <naa:Identification identificationSchemeName="?" identificationSchemeURI="?" identificationSchemeVersion="?" identificationSchemeAgency="?">?</naa:Identification>
                  <!--Optional:-->
                  <naa:Inclusive Format="?">?</naa:Inclusive>
                  <!--Optional:-->
                  <naa:Name LanguageIdentifier="?" LanguageLocaleIdentifier="?">?</naa:Name>
                  <!--Optional:-->
                  <naa:Sequence identificationSchemeName="?" identificationSchemeURI="?" identificationSchemeVersion="?" identificationSchemeAgency="?">?</naa:Sequence>
                  <naa:Start Format="?">?</naa:Start>
               </da:Period>
               <!--Optional:-->
               <da:SystemRecordedDate Format="?">?</da:SystemRecordedDate>
               <!--Optional:-->
               <da:Type codeName="?" codeListURI="?" codeListAgency="?" codeListName="?" codeListVersion="?">?</da:Type>
            </da:Determination>
            <!--Zero or more repetitions:-->
            <da:Event ref="?">
               <da:DateTime Format="?">?</da:DateTime>
               <!--Optional:-->
               <da:Description LanguageIdentifier="?" LanguageLocaleIdentifier="?">?</da:Description>
               <da:EventCode codeName="?" codeListURI="?" codeListAgency="?" codeListName="?" codeListVersion="?">?</da:EventCode>
               <!--Zero or more repetitions:-->
               <da:Period ref="?">
                  <!--Optional:-->
                  <naa:Complete Format="?">?</naa:Complete>
                  <!--Optional:-->
                  <naa:Description LanguageIdentifier="?" LanguageLocaleIdentifier="?">?</naa:Description>
                  <!--Optional:-->
                  <naa:Duration UnitCode="?">?</naa:Duration>
                  <!--Optional:-->
                  <naa:End Format="?">?</naa:End>
                  <naa:Identification identificationSchemeName="?" identificationSchemeURI="?" identificationSchemeVersion="?" identificationSchemeAgency="?">?</naa:Identification>
                  <!--Optional:-->
                  <naa:Inclusive Format="?">?</naa:Inclusive>
                  <!--Optional:-->
                  <naa:Name LanguageIdentifier="?" LanguageLocaleIdentifier="?">?</naa:Name>
                  <!--Optional:-->
                  <naa:Sequence identificationSchemeName="?" identificationSchemeURI="?" identificationSchemeVersion="?" identificationSchemeAgency="?">?</naa:Sequence>
                  <naa:Start Format="?">?</naa:Start>
               </da:Period>
            </da:Event>
            <!--Zero or more repetitions:-->
            <da:FeeOrLevy ref="?">
               <!--Optional:-->
               <da:DateDue Format="?">?</da:DateDue>
               <!--Optional:-->
               <da:Description LanguageIdentifier="?" LanguageLocaleIdentifier="?">?</da:Description>
               <da:Identification identificationSchemeName="?" identificationSchemeURI="?" identificationSchemeVersion="?" identificationSchemeAgency="?">?</da:Identification>
               <!--Zero or more repetitions:-->
               <da:Payment ref="?">
                  <da:AmountPaid CurrencyCode="?">?</da:AmountPaid>
                  <da:CreationDate Format="?">?</da:CreationDate>
                  <da:DatePaid Format="?">?</da:DatePaid>
                  <!--Optional:-->
                  <da:DiscountPercent Format="?">?</da:DiscountPercent>
                  <da:Identification identificationSchemeName="?" identificationSchemeURI="?" identificationSchemeVersion="?" identificationSchemeAgency="?">?</da:Identification>
                  <!--Optional:-->
                  <da:InstructionCode LanguageIdentifier="?" LanguageLocaleIdentifier="?">?</da:InstructionCode>
                  <!--Optional:-->
                  <da:PayeeName LanguageIdentifier="?" LanguageLocaleIdentifier="?">?</da:PayeeName>
                  <!--Optional:-->
                  <da:PaymentMethod codeName="?" codeListURI="?" codeListAgency="?" codeListName="?" codeListVersion="?">?</da:PaymentMethod>
                  <!--Optional:-->
                  <da:PenaltyPercent Format="?">?</da:PenaltyPercent>
                  <!--Optional:-->
                  <da:PriorityCode LanguageIdentifier="?" LanguageLocaleIdentifier="?">?</da:PriorityCode>
                  <!--Optional:-->
                  <da:ReasonCode LanguageIdentifier="?" LanguageLocaleIdentifier="?">?</da:ReasonCode>
                  <!--Optional:-->
                  <da:ReceiptNumber LanguageIdentifier="?" LanguageLocaleIdentifier="?">?</da:ReceiptNumber>
                  <!--Optional:-->
                  <da:StatusCode LanguageIdentifier="?" LanguageLocaleIdentifier="?">?</da:StatusCode>
                  <!--Optional:-->
                  <da:TaxAmount CurrencyCode="?">?</da:TaxAmount>
                  <!--Optional:-->
                  <da:TaxInvoiceNumber LanguageIdentifier="?" LanguageLocaleIdentifier="?">?</da:TaxInvoiceNumber>
               </da:Payment>
               <da:ValuePayable CurrencyCode="?">?</da:ValuePayable>
            </da:FeeOrLevy>
            <!--Optional:-->
            <da:LastUpdated Format="?">?</da:LastUpdated>
            <!--Optional:-->
            <da:LodgementDate Format="?">?</da:LodgementDate>
            <!--Optional:-->
            <da:NationalApplicationNumber identificationSchemeName="?" identificationSchemeURI="?" identificationSchemeVersion="?" identificationSchemeAgency="?">?</da:NationalApplicationNumber>
            <!--Zero or more repetitions:-->
            <da:PartyRole ref="?">
               <!--Optional:-->
               <da:DateTime Format="?">?</da:DateTime>
               <!--1 or more repetitions:-->
               <da:Party ref="?">
                  <!--Optional:-->
                  <naa:AccessRights codeName="?" codeListURI="?" codeListAgency="?" codeListName="?" codeListVersion="?">?</naa:AccessRights>
                  <!--Optional:-->
                  <naa:Description LanguageIdentifier="?" LanguageLocaleIdentifier="?">?</naa:Description>
                  <!--You have a CHOICE of the next 2 items at this level-->
                  <!--Optional:-->
                  <naa:Organisation ref="?">
                     <!--Zero or more repetitions:-->
                     <naa:Contact ref="?">
                        <!--Optional:-->
                        <naa:DepartmentName LanguageIdentifier="?" LanguageLocaleIdentifier="?">?</naa:DepartmentName>
                        <!--Optional:-->
                        <naa:Description LanguageIdentifier="?" LanguageLocaleIdentifier="?">?</naa:Description>
                        <naa:Identification identificationSchemeName="?" identificationSchemeURI="?" identificationSchemeVersion="?" identificationSchemeAgency="?">?</naa:Identification>
                        <!--Zero or more repetitions:-->
                        <naa:Internet ref="?">
                           <naa:Type codeName="?" codeListURI="?" codeListAgency="?" codeListName="?" codeListVersion="?">?</naa:Type>
                           <naa:URI>?</naa:URI>
                        </naa:Internet>
                        <!--Optional:-->
                        <naa:IsPrimary Format="?">?</naa:IsPrimary>
                        <!--Optional:-->
                        <naa:JobTitle LanguageIdentifier="?" LanguageLocaleIdentifier="?">?</naa:JobTitle>
                        <!--Optional:-->
                        <naa:PersonName ref="?">
                           <naa:Classification codeName="?" codeListURI="?" codeListAgency="?" codeListName="?" codeListVersion="?">?</naa:Classification>
                           <!--Optional:-->
                           <naa:FamilyName LanguageIdentifier="?" LanguageLocaleIdentifier="?">?</naa:FamilyName>
                           <!--Optional:-->
                           <naa:FamilyNamePrefix LanguageIdentifier="?" LanguageLocaleIdentifier="?">?</naa:FamilyNamePrefix>
                           <!--Optional:-->
                           <naa:GivenName LanguageIdentifier="?" LanguageLocaleIdentifier="?">?</naa:GivenName>
                           <!--Optional:-->
                           <naa:MiddleName LanguageIdentifier="?" LanguageLocaleIdentifier="?">?</naa:MiddleName>
                           <!--Optional:-->
                           <naa:Name LanguageIdentifier="?" LanguageLocaleIdentifier="?">?</naa:Name>
                           <!--Optional:-->
                           <naa:NameSuffix codeName="?" codeListURI="?" codeListAgency="?" codeListName="?" codeListVersion="?">?</naa:NameSuffix>
                           <!--Optional:-->
                           <naa:Salutation LanguageIdentifier="?" LanguageLocaleIdentifier="?">?</naa:Salutation>
                           <!--Optional:-->
                           <naa:Title codeName="?" codeListURI="?" codeListAgency="?" codeListName="?" codeListVersion="?">?</naa:Title>
                           <!--Optional:-->
                           <naa:ValidityPeriod ref="?">
                              <!--Optional:-->
                              <naa:Complete Format="?">?</naa:Complete>
                              <!--Optional:-->
                              <naa:Description LanguageIdentifier="?" LanguageLocaleIdentifier="?">?</naa:Description>
                              <!--Optional:-->
                              <naa:Duration UnitCode="?">?</naa:Duration>
                              <!--Optional:-->
                              <naa:End Format="?">?</naa:End>
                              <naa:Identification identificationSchemeName="?" identificationSchemeURI="?" identificationSchemeVersion="?" identificationSchemeAgency="?">?</naa:Identification>
                              <!--Optional:-->
                              <naa:Inclusive Format="?">?</naa:Inclusive>
                              <!--Optional:-->
                              <naa:Name LanguageIdentifier="?" LanguageLocaleIdentifier="?">?</naa:Name>
                              <!--Optional:-->
                              <naa:Sequence identificationSchemeName="?" identificationSchemeURI="?" identificationSchemeVersion="?" identificationSchemeAgency="?">?</naa:Sequence>
                              <naa:Start Format="?">?</naa:Start>
                           </naa:ValidityPeriod>
                        </naa:PersonName>
                        <!--Optional:-->
                        <naa:Responsibility LanguageIdentifier="?" LanguageLocaleIdentifier="?">?</naa:Responsibility>
                        <!--Zero or more repetitions:-->
                        <naa:Telephone ref="?">
                           <!--Optional:-->
                           <naa:AreaCode codeName="?" codeListURI="?" codeListAgency="?" codeListName="?" codeListVersion="?">?</naa:AreaCode>
                           <!--Optional:-->
                           <naa:CountryCode codeName="?" codeListURI="?" codeListAgency="?" codeListName="?" codeListVersion="?">?</naa:CountryCode>
                           <!--Optional:-->
                           <naa:Extension LanguageIdentifier="?" LanguageLocaleIdentifier="?">?</naa:Extension>
                           <naa:Number identificationSchemeName="?" identificationSchemeURI="?" identificationSchemeVersion="?" identificationSchemeAgency="?">?</naa:Number>
                           <naa:Type codeName="?" codeListURI="?" codeListAgency="?" codeListName="?" codeListVersion="?">?</naa:Type>
                        </naa:Telephone>
                        <!--Optional:-->
                        <naa:Type codeName="?" codeListURI="?" codeListAgency="?" codeListName="?" codeListVersion="?">?</naa:Type>
                     </naa:Contact>
                     <!--Optional:-->
                     <naa:Description LanguageIdentifier="?" LanguageLocaleIdentifier="?">?</naa:Description>
                     <naa:Identification identificationSchemeName="?" identificationSchemeURI="?" identificationSchemeVersion="?" identificationSchemeAgency="?">?</naa:Identification>
                     <!--Optional:-->
                     <naa:IndustryClassification codeName="?" codeListURI="?" codeListAgency="?" codeListName="?" codeListVersion="?">?</naa:IndustryClassification>
                     <!--Zero or more repetitions:-->
                     <naa:Internet ref="?">
                        <naa:Type codeName="?" codeListURI="?" codeListAgency="?" codeListName="?" codeListVersion="?">?</naa:Type>
                        <naa:URI>?</naa:URI>
                     </naa:Internet>
                     <!--Optional:-->
                     <naa:IsActive Format="?">?</naa:IsActive>
                     <!--Optional:-->
                     <naa:LegalClassification codeName="?" codeListURI="?" codeListAgency="?" codeListName="?" codeListVersion="?">?</naa:LegalClassification>
                     <!--Zero or more repetitions:-->
                     <naa:Organisation/>
                     <!--1 or more repetitions:-->
                     <naa:OrganisationName ref="?">
                        <naa:Classification codeName="?" codeListURI="?" codeListAgency="?" codeListName="?" codeListVersion="?">?</naa:Classification>
                        <naa:Name LanguageIdentifier="?" LanguageLocaleIdentifier="?">?</naa:Name>
                        <!--Optional:-->
                        <naa:ValidityPeriod ref="?">
                           <!--Optional:-->
                           <naa:Complete Format="?">?</naa:Complete>
                           <!--Optional:-->
                           <naa:Description LanguageIdentifier="?" LanguageLocaleIdentifier="?">?</naa:Description>
                           <!--Optional:-->
                           <naa:Duration UnitCode="?">?</naa:Duration>
                           <!--Optional:-->
                           <naa:End Format="?">?</naa:End>
                           <naa:Identification identificationSchemeName="?" identificationSchemeURI="?" identificationSchemeVersion="?" identificationSchemeAgency="?">?</naa:Identification>
                           <!--Optional:-->
                           <naa:Inclusive Format="?">?</naa:Inclusive>
                           <!--Optional:-->
                           <naa:Name LanguageIdentifier="?" LanguageLocaleIdentifier="?">?</naa:Name>
                           <!--Optional:-->
                           <naa:Sequence identificationSchemeName="?" identificationSchemeURI="?" identificationSchemeVersion="?" identificationSchemeAgency="?">?</naa:Sequence>
                           <naa:Start Format="?">?</naa:Start>
                        </naa:ValidityPeriod>
                     </naa:OrganisationName>
                     <!--Zero or more repetitions:-->
                     <naa:PhysicalAddress ref="?">
                        <!--Zero or more repetitions:-->
                        <naa:Address/>
                        <!--Optional:-->
                        <naa:BlockName LanguageIdentifier="?" LanguageLocaleIdentifier="?">?</naa:BlockName>
                        <!--Optional:-->
                        <naa:BuildingName LanguageIdentifier="?" LanguageLocaleIdentifier="?">?</naa:BuildingName>
                        <!--Optional:-->
                        <naa:BuildingNumber LanguageIdentifier="?" LanguageLocaleIdentifier="?">?</naa:BuildingNumber>
                        <!--Optional:-->
                        <naa:CityName LanguageIdentifier="?" LanguageLocaleIdentifier="?">?</naa:CityName>
                        <!--Optional:-->
                        <naa:Code codeName="?" codeListURI="?" codeListAgency="?" codeListName="?" codeListVersion="?">?</naa:Code>
                        <!--Optional:-->
                        <naa:CountryName codeName="?" codeListURI="?" codeListAgency="?" codeListName="?" codeListVersion="?">?</naa:CountryName>
                        <!--Optional:-->
                        <naa:CountrySubDivision codeName="?" codeListURI="?" codeListAgency="?" codeListName="?" codeListVersion="?">?</naa:CountrySubDivision>
                        <!--Zero or more repetitions:-->
                        <naa:Geocode ref="?">
                           <!--Optional:-->
                           <naa:AltimetricSystem codeName="?" codeListURI="?" codeListAgency="?" codeListName="?" codeListVersion="?">?</naa:AltimetricSystem>
                           <!--Optional:-->
                           <naa:Altitude Format="?">?</naa:Altitude>
                           <naa:Identification identificationSchemeName="?" identificationSchemeURI="?" identificationSchemeVersion="?" identificationSchemeAgency="?">?</naa:Identification>
                           <naa:Latitude Format="?">?</naa:Latitude>
                           <!--Optional:-->
                           <naa:LatitudeDirection codeName="?" codeListURI="?" codeListAgency="?" codeListName="?" codeListVersion="?">?</naa:LatitudeDirection>
                           <naa:Longitude Format="?">?</naa:Longitude>
                           <!--Optional:-->
                           <naa:LongitudeDirection codeName="?" codeListURI="?" codeListAgency="?" codeListName="?" codeListVersion="?">?</naa:LongitudeDirection>
                           <!--Optional:-->
                           <naa:System codeName="?" codeListURI="?" codeListAgency="?" codeListName="?" codeListVersion="?">?</naa:System>
                        </naa:Geocode>
                        <naa:Identification identificationSchemeName="?" identificationSchemeURI="?" identificationSchemeVersion="?" identificationSchemeAgency="?">?</naa:Identification>
                        <!--Optional:-->
                        <naa:LineFive LanguageIdentifier="?" LanguageLocaleIdentifier="?">?</naa:LineFive>
                        <!--Optional:-->
                        <naa:LineFour LanguageIdentifier="?" LanguageLocaleIdentifier="?">?</naa:LineFour>
                        <!--Optional:-->
                        <naa:LineOne LanguageIdentifier="?" LanguageLocaleIdentifier="?">?</naa:LineOne>
                        <!--Optional:-->
                        <naa:LineSix LanguageIdentifier="?" LanguageLocaleIdentifier="?">?</naa:LineSix>
                        <!--Optional:-->
                        <naa:LineThree LanguageIdentifier="?" LanguageLocaleIdentifier="?">?</naa:LineThree>
                        <!--Optional:-->
                        <naa:LineTwo LanguageIdentifier="?" LanguageLocaleIdentifier="?">?</naa:LineTwo>
                        <!--Optional:-->
                        <naa:PostOfficeBox LanguageIdentifier="?" LanguageLocaleIdentifier="?">?</naa:PostOfficeBox>
                        <!--Optional:-->
                        <naa:Postcode LanguageIdentifier="?" LanguageLocaleIdentifier="?">?</naa:Postcode>
                        <!--Optional:-->
                        <naa:StreetName LanguageIdentifier="?" LanguageLocaleIdentifier="?">?</naa:StreetName>
                        <!--Optional:-->
                        <naa:StreetSuffix codeName="?" codeListURI="?" codeListAgency="?" codeListName="?" codeListVersion="?">?</naa:StreetSuffix>
                        <!--Optional:-->
                        <naa:StreetType codeName="?" codeListURI="?" codeListAgency="?" codeListName="?" codeListVersion="?">?</naa:StreetType>
                        <!--Optional:-->
                        <naa:Usage codeName="?" codeListURI="?" codeListAgency="?" codeListName="?" codeListVersion="?">?</naa:Usage>
                        <!--Optional:-->
                        <naa:UsagePeriod ref="?">
                           <!--Optional:-->
                           <naa:Complete Format="?">?</naa:Complete>
                           <!--Optional:-->
                           <naa:Description LanguageIdentifier="?" LanguageLocaleIdentifier="?">?</naa:Description>
                           <!--Optional:-->
                           <naa:Duration UnitCode="?">?</naa:Duration>
                           <!--Optional:-->
                           <naa:End Format="?">?</naa:End>
                           <naa:Identification identificationSchemeName="?" identificationSchemeURI="?" identificationSchemeVersion="?" identificationSchemeAgency="?">?</naa:Identification>
                           <!--Optional:-->
                           <naa:Inclusive Format="?">?</naa:Inclusive>
                           <!--Optional:-->
                           <naa:Name LanguageIdentifier="?" LanguageLocaleIdentifier="?">?</naa:Name>
                           <!--Optional:-->
                           <naa:Sequence identificationSchemeName="?" identificationSchemeURI="?" identificationSchemeVersion="?" identificationSchemeAgency="?">?</naa:Sequence>
                           <naa:Start Format="?">?</naa:Start>
                        </naa:UsagePeriod>
                     </naa:PhysicalAddress>
                     <!--Zero or more repetitions:-->
                     <naa:PostalAddress ref="?">
                        <!--Zero or more repetitions:-->
                        <naa:Address/>
                        <!--Optional:-->
                        <naa:BlockName LanguageIdentifier="?" LanguageLocaleIdentifier="?">?</naa:BlockName>
                        <!--Optional:-->
                        <naa:BuildingName LanguageIdentifier="?" LanguageLocaleIdentifier="?">?</naa:BuildingName>
                        <!--Optional:-->
                        <naa:BuildingNumber LanguageIdentifier="?" LanguageLocaleIdentifier="?">?</naa:BuildingNumber>
                        <!--Optional:-->
                        <naa:CityName LanguageIdentifier="?" LanguageLocaleIdentifier="?">?</naa:CityName>
                        <!--Optional:-->
                        <naa:Code codeName="?" codeListURI="?" codeListAgency="?" codeListName="?" codeListVersion="?">?</naa:Code>
                        <!--Optional:-->
                        <naa:CountryName codeName="?" codeListURI="?" codeListAgency="?" codeListName="?" codeListVersion="?">?</naa:CountryName>
                        <!--Optional:-->
                        <naa:CountrySubDivision codeName="?" codeListURI="?" codeListAgency="?" codeListName="?" codeListVersion="?">?</naa:CountrySubDivision>
                        <!--Zero or more repetitions:-->
                        <naa:Geocode ref="?">
                           <!--Optional:-->
                           <naa:AltimetricSystem codeName="?" codeListURI="?" codeListAgency="?" codeListName="?" codeListVersion="?">?</naa:AltimetricSystem>
                           <!--Optional:-->
                           <naa:Altitude Format="?">?</naa:Altitude>
                           <naa:Identification identificationSchemeName="?" identificationSchemeURI="?" identificationSchemeVersion="?" identificationSchemeAgency="?">?</naa:Identification>
                           <naa:Latitude Format="?">?</naa:Latitude>
                           <!--Optional:-->
                           <naa:LatitudeDirection codeName="?" codeListURI="?" codeListAgency="?" codeListName="?" codeListVersion="?">?</naa:LatitudeDirection>
                           <naa:Longitude Format="?">?</naa:Longitude>
                           <!--Optional:-->
                           <naa:LongitudeDirection codeName="?" codeListURI="?" codeListAgency="?" codeListName="?" codeListVersion="?">?</naa:LongitudeDirection>
                           <!--Optional:-->
                           <naa:System codeName="?" codeListURI="?" codeListAgency="?" codeListName="?" codeListVersion="?">?</naa:System>
                        </naa:Geocode>
                        <naa:Identification identificationSchemeName="?" identificationSchemeURI="?" identificationSchemeVersion="?" identificationSchemeAgency="?">?</naa:Identification>
                        <!--Optional:-->
                        <naa:LineFive LanguageIdentifier="?" LanguageLocaleIdentifier="?">?</naa:LineFive>
                        <!--Optional:-->
                        <naa:LineFour LanguageIdentifier="?" LanguageLocaleIdentifier="?">?</naa:LineFour>
                        <!--Optional:-->
                        <naa:LineOne LanguageIdentifier="?" LanguageLocaleIdentifier="?">?</naa:LineOne>
                        <!--Optional:-->
                        <naa:LineSix LanguageIdentifier="?" LanguageLocaleIdentifier="?">?</naa:LineSix>
                        <!--Optional:-->
                        <naa:LineThree LanguageIdentifier="?" LanguageLocaleIdentifier="?">?</naa:LineThree>
                        <!--Optional:-->
                        <naa:LineTwo LanguageIdentifier="?" LanguageLocaleIdentifier="?">?</naa:LineTwo>
                        <!--Optional:-->
                        <naa:PostOfficeBox LanguageIdentifier="?" LanguageLocaleIdentifier="?">?</naa:PostOfficeBox>
                        <!--Optional:-->
                        <naa:Postcode LanguageIdentifier="?" LanguageLocaleIdentifier="?">?</naa:Postcode>
                        <!--Optional:-->
                        <naa:StreetName LanguageIdentifier="?" LanguageLocaleIdentifier="?">?</naa:StreetName>
                        <!--Optional:-->
                        <naa:StreetSuffix codeName="?" codeListURI="?" codeListAgency="?" codeListName="?" codeListVersion="?">?</naa:StreetSuffix>
                        <!--Optional:-->
                        <naa:StreetType codeName="?" codeListURI="?" codeListAgency="?" codeListName="?" codeListVersion="?">?</naa:StreetType>
                        <!--Optional:-->
                        <naa:Usage codeName="?" codeListURI="?" codeListAgency="?" codeListName="?" codeListVersion="?">?</naa:Usage>
                        <!--Optional:-->
                        <naa:UsagePeriod ref="?">
                           <!--Optional:-->
                           <naa:Complete Format="?">?</naa:Complete>
                           <!--Optional:-->
                           <naa:Description LanguageIdentifier="?" LanguageLocaleIdentifier="?">?</naa:Description>
                           <!--Optional:-->
                           <naa:Duration UnitCode="?">?</naa:Duration>
                           <!--Optional:-->
                           <naa:End Format="?">?</naa:End>
                           <naa:Identification identificationSchemeName="?" identificationSchemeURI="?" identificationSchemeVersion="?" identificationSchemeAgency="?">?</naa:Identification>
                           <!--Optional:-->
                           <naa:Inclusive Format="?">?</naa:Inclusive>
                           <!--Optional:-->
                           <naa:Name LanguageIdentifier="?" LanguageLocaleIdentifier="?">?</naa:Name>
                           <!--Optional:-->
                           <naa:Sequence identificationSchemeName="?" identificationSchemeURI="?" identificationSchemeVersion="?" identificationSchemeAgency="?">?</naa:Sequence>
                           <naa:Start Format="?">?</naa:Start>
                        </naa:UsagePeriod>
                     </naa:PostalAddress>
                     <!--Zero or more repetitions:-->
                     <naa:Registration ref="?">
                        <!--Optional:-->
                        <naa:Category codeName="?" codeListURI="?" codeListAgency="?" codeListName="?" codeListVersion="?">?</naa:Category>
                        <!--Optional:-->
                        <naa:Country codeName="?" codeListURI="?" codeListAgency="?" codeListName="?" codeListVersion="?">?</naa:Country>
                        <naa:Identification identificationSchemeName="?" identificationSchemeURI="?" identificationSchemeVersion="?" identificationSchemeAgency="?">?</naa:Identification>
                        <!--Optional:-->
                        <naa:Licence identificationSchemeName="?" identificationSchemeURI="?" identificationSchemeVersion="?" identificationSchemeAgency="?">?</naa:Licence>
                        <!--Optional:-->
                        <naa:Recorded Format="?">?</naa:Recorded>
                        <!--Optional:-->
                        <naa:Type codeName="?" codeListURI="?" codeListAgency="?" codeListName="?" codeListVersion="?">?</naa:Type>
                        <!--Optional:-->
                        <naa:ValidityPeriod ref="?">
                           <!--Optional:-->
                           <naa:Complete Format="?">?</naa:Complete>
                           <!--Optional:-->
                           <naa:Description LanguageIdentifier="?" LanguageLocaleIdentifier="?">?</naa:Description>
                           <!--Optional:-->
                           <naa:Duration UnitCode="?">?</naa:Duration>
                           <!--Optional:-->
                           <naa:End Format="?">?</naa:End>
                           <naa:Identification identificationSchemeName="?" identificationSchemeURI="?" identificationSchemeVersion="?" identificationSchemeAgency="?">?</naa:Identification>
                           <!--Optional:-->
                           <naa:Inclusive Format="?">?</naa:Inclusive>
                           <!--Optional:-->
                           <naa:Name LanguageIdentifier="?" LanguageLocaleIdentifier="?">?</naa:Name>
                           <!--Optional:-->
                           <naa:Sequence identificationSchemeName="?" identificationSchemeURI="?" identificationSchemeVersion="?" identificationSchemeAgency="?">?</naa:Sequence>
                           <naa:Start Format="?">?</naa:Start>
                        </naa:ValidityPeriod>
                     </naa:Registration>
                     <!--Zero or more repetitions:-->
                     <naa:Status ref="?">
                        <naa:Code codeName="?" codeListURI="?" codeListAgency="?" codeListName="?" codeListVersion="?">?</naa:Code>
                        <!--Optional:-->
                        <naa:Description LanguageIdentifier="?" LanguageLocaleIdentifier="?">?</naa:Description>
                        <!--Optional:-->
                        <naa:ValidityPeriod ref="?">
                           <!--Optional:-->
                           <naa:Complete Format="?">?</naa:Complete>
                           <!--Optional:-->
                           <naa:Description LanguageIdentifier="?" LanguageLocaleIdentifier="?">?</naa:Description>
                           <!--Optional:-->
                           <naa:Duration UnitCode="?">?</naa:Duration>
                           <!--Optional:-->
                           <naa:End Format="?">?</naa:End>
                           <naa:Identification identificationSchemeName="?" identificationSchemeURI="?" identificationSchemeVersion="?" identificationSchemeAgency="?">?</naa:Identification>
                           <!--Optional:-->
                           <naa:Inclusive Format="?">?</naa:Inclusive>
                           <!--Optional:-->
                           <naa:Name LanguageIdentifier="?" LanguageLocaleIdentifier="?">?</naa:Name>
                           <!--Optional:-->
                           <naa:Sequence identificationSchemeName="?" identificationSchemeURI="?" identificationSchemeVersion="?" identificationSchemeAgency="?">?</naa:Sequence>
                           <naa:Start Format="?">?</naa:Start>
                        </naa:ValidityPeriod>
                     </naa:Status>
                     <!--Zero or more repetitions:-->
                     <naa:Telephone ref="?">
                        <!--Optional:-->
                        <naa:AreaCode codeName="?" codeListURI="?" codeListAgency="?" codeListName="?" codeListVersion="?">?</naa:AreaCode>
                        <!--Optional:-->
                        <naa:CountryCode codeName="?" codeListURI="?" codeListAgency="?" codeListName="?" codeListVersion="?">?</naa:CountryCode>
                        <!--Optional:-->
                        <naa:Extension LanguageIdentifier="?" LanguageLocaleIdentifier="?">?</naa:Extension>
                        <naa:Number identificationSchemeName="?" identificationSchemeURI="?" identificationSchemeVersion="?" identificationSchemeAgency="?">?</naa:Number>
                        <naa:Type codeName="?" codeListURI="?" codeListAgency="?" codeListName="?" codeListVersion="?">?</naa:Type>
                     </naa:Telephone>
                     <!--Optional:-->
                     <naa:Type codeName="?" codeListURI="?" codeListAgency="?" codeListName="?" codeListVersion="?">?</naa:Type>
                  </naa:Organisation>
                  <!--Optional:-->
                  <naa:Person ref="?">
                     <!--Optional:-->
                     <naa:Description LanguageIdentifier="?" LanguageLocaleIdentifier="?">?</naa:Description>
                     <naa:Identification identificationSchemeName="?" identificationSchemeURI="?" identificationSchemeVersion="?" identificationSchemeAgency="?">?</naa:Identification>
                     <!--Zero or more repetitions:-->
                     <naa:Internet ref="?">
                        <naa:Type codeName="?" codeListURI="?" codeListAgency="?" codeListName="?" codeListVersion="?">?</naa:Type>
                        <naa:URI>?</naa:URI>
                     </naa:Internet>
                     <!--1 or more repetitions:-->
                     <naa:PersonName ref="?">
                        <naa:Classification codeName="?" codeListURI="?" codeListAgency="?" codeListName="?" codeListVersion="?">?</naa:Classification>
                        <!--Optional:-->
                        <naa:FamilyName LanguageIdentifier="?" LanguageLocaleIdentifier="?">?</naa:FamilyName>
                        <!--Optional:-->
                        <naa:FamilyNamePrefix LanguageIdentifier="?" LanguageLocaleIdentifier="?">?</naa:FamilyNamePrefix>
                        <!--Optional:-->
                        <naa:GivenName LanguageIdentifier="?" LanguageLocaleIdentifier="?">?</naa:GivenName>
                        <!--Optional:-->
                        <naa:MiddleName LanguageIdentifier="?" LanguageLocaleIdentifier="?">?</naa:MiddleName>
                        <!--Optional:-->
                        <naa:Name LanguageIdentifier="?" LanguageLocaleIdentifier="?">?</naa:Name>
                        <!--Optional:-->
                        <naa:NameSuffix codeName="?" codeListURI="?" codeListAgency="?" codeListName="?" codeListVersion="?">?</naa:NameSuffix>
                        <!--Optional:-->
                        <naa:Salutation LanguageIdentifier="?" LanguageLocaleIdentifier="?">?</naa:Salutation>
                        <!--Optional:-->
                        <naa:Title codeName="?" codeListURI="?" codeListAgency="?" codeListName="?" codeListVersion="?">?</naa:Title>
                        <!--Optional:-->
                        <naa:ValidityPeriod ref="?">
                           <!--Optional:-->
                           <naa:Complete Format="?">?</naa:Complete>
                           <!--Optional:-->
                           <naa:Description LanguageIdentifier="?" LanguageLocaleIdentifier="?">?</naa:Description>
                           <!--Optional:-->
                           <naa:Duration UnitCode="?">?</naa:Duration>
                           <!--Optional:-->
                           <naa:End Format="?">?</naa:End>
                           <naa:Identification identificationSchemeName="?" identificationSchemeURI="?" identificationSchemeVersion="?" identificationSchemeAgency="?">?</naa:Identification>
                           <!--Optional:-->
                           <naa:Inclusive Format="?">?</naa:Inclusive>
                           <!--Optional:-->
                           <naa:Name LanguageIdentifier="?" LanguageLocaleIdentifier="?">?</naa:Name>
                           <!--Optional:-->
                           <naa:Sequence identificationSchemeName="?" identificationSchemeURI="?" identificationSchemeVersion="?" identificationSchemeAgency="?">?</naa:Sequence>
                           <naa:Start Format="?">?</naa:Start>
                        </naa:ValidityPeriod>
                     </naa:PersonName>
                     <!--Zero or more repetitions:-->
                     <naa:PostalAddress ref="?">
                        <!--Zero or more repetitions:-->
                        <naa:Address/>
                        <!--Optional:-->
                        <naa:BlockName LanguageIdentifier="?" LanguageLocaleIdentifier="?">?</naa:BlockName>
                        <!--Optional:-->
                        <naa:BuildingName LanguageIdentifier="?" LanguageLocaleIdentifier="?">?</naa:BuildingName>
                        <!--Optional:-->
                        <naa:BuildingNumber LanguageIdentifier="?" LanguageLocaleIdentifier="?">?</naa:BuildingNumber>
                        <!--Optional:-->
                        <naa:CityName LanguageIdentifier="?" LanguageLocaleIdentifier="?">?</naa:CityName>
                        <!--Optional:-->
                        <naa:Code codeName="?" codeListURI="?" codeListAgency="?" codeListName="?" codeListVersion="?">?</naa:Code>
                        <!--Optional:-->
                        <naa:CountryName codeName="?" codeListURI="?" codeListAgency="?" codeListName="?" codeListVersion="?">?</naa:CountryName>
                        <!--Optional:-->
                        <naa:CountrySubDivision codeName="?" codeListURI="?" codeListAgency="?" codeListName="?" codeListVersion="?">?</naa:CountrySubDivision>
                        <!--Zero or more repetitions:-->
                        <naa:Geocode ref="?">
                           <!--Optional:-->
                           <naa:AltimetricSystem codeName="?" codeListURI="?" codeListAgency="?" codeListName="?" codeListVersion="?">?</naa:AltimetricSystem>
                           <!--Optional:-->
                           <naa:Altitude Format="?">?</naa:Altitude>
                           <naa:Identification identificationSchemeName="?" identificationSchemeURI="?" identificationSchemeVersion="?" identificationSchemeAgency="?">?</naa:Identification>
                           <naa:Latitude Format="?">?</naa:Latitude>
                           <!--Optional:-->
                           <naa:LatitudeDirection codeName="?" codeListURI="?" codeListAgency="?" codeListName="?" codeListVersion="?">?</naa:LatitudeDirection>
                           <naa:Longitude Format="?">?</naa:Longitude>
                           <!--Optional:-->
                           <naa:LongitudeDirection codeName="?" codeListURI="?" codeListAgency="?" codeListName="?" codeListVersion="?">?</naa:LongitudeDirection>
                           <!--Optional:-->
                           <naa:System codeName="?" codeListURI="?" codeListAgency="?" codeListName="?" codeListVersion="?">?</naa:System>
                        </naa:Geocode>
                        <naa:Identification identificationSchemeName="?" identificationSchemeURI="?" identificationSchemeVersion="?" identificationSchemeAgency="?">?</naa:Identification>
                        <!--Optional:-->
                        <naa:LineFive LanguageIdentifier="?" LanguageLocaleIdentifier="?">?</naa:LineFive>
                        <!--Optional:-->
                        <naa:LineFour LanguageIdentifier="?" LanguageLocaleIdentifier="?">?</naa:LineFour>
                        <!--Optional:-->
                        <naa:LineOne LanguageIdentifier="?" LanguageLocaleIdentifier="?">?</naa:LineOne>
                        <!--Optional:-->
                        <naa:LineSix LanguageIdentifier="?" LanguageLocaleIdentifier="?">?</naa:LineSix>
                        <!--Optional:-->
                        <naa:LineThree LanguageIdentifier="?" LanguageLocaleIdentifier="?">?</naa:LineThree>
                        <!--Optional:-->
                        <naa:LineTwo LanguageIdentifier="?" LanguageLocaleIdentifier="?">?</naa:LineTwo>
                        <!--Optional:-->
                        <naa:PostOfficeBox LanguageIdentifier="?" LanguageLocaleIdentifier="?">?</naa:PostOfficeBox>
                        <!--Optional:-->
                        <naa:Postcode LanguageIdentifier="?" LanguageLocaleIdentifier="?">?</naa:Postcode>
                        <!--Optional:-->
                        <naa:StreetName LanguageIdentifier="?" LanguageLocaleIdentifier="?">?</naa:StreetName>
                        <!--Optional:-->
                        <naa:StreetSuffix codeName="?" codeListURI="?" codeListAgency="?" codeListName="?" codeListVersion="?">?</naa:StreetSuffix>
                        <!--Optional:-->
                        <naa:StreetType codeName="?" codeListURI="?" codeListAgency="?" codeListName="?" codeListVersion="?">?</naa:StreetType>
                        <!--Optional:-->
                        <naa:Usage codeName="?" codeListURI="?" codeListAgency="?" codeListName="?" codeListVersion="?">?</naa:Usage>
                        <!--Optional:-->
                        <naa:UsagePeriod ref="?">
                           <!--Optional:-->
                           <naa:Complete Format="?">?</naa:Complete>
                           <!--Optional:-->
                           <naa:Description LanguageIdentifier="?" LanguageLocaleIdentifier="?">?</naa:Description>
                           <!--Optional:-->
                           <naa:Duration UnitCode="?">?</naa:Duration>
                           <!--Optional:-->
                           <naa:End Format="?">?</naa:End>
                           <naa:Identification identificationSchemeName="?" identificationSchemeURI="?" identificationSchemeVersion="?" identificationSchemeAgency="?">?</naa:Identification>
                           <!--Optional:-->
                           <naa:Inclusive Format="?">?</naa:Inclusive>
                           <!--Optional:-->
                           <naa:Name LanguageIdentifier="?" LanguageLocaleIdentifier="?">?</naa:Name>
                           <!--Optional:-->
                           <naa:Sequence identificationSchemeName="?" identificationSchemeURI="?" identificationSchemeVersion="?" identificationSchemeAgency="?">?</naa:Sequence>
                           <naa:Start Format="?">?</naa:Start>
                        </naa:UsagePeriod>
                     </naa:PostalAddress>
                     <!--Zero or more repetitions:-->
                     <naa:Registration ref="?">
                        <!--Optional:-->
                        <naa:Category codeName="?" codeListURI="?" codeListAgency="?" codeListName="?" codeListVersion="?">?</naa:Category>
                        <!--Optional:-->
                        <naa:Country codeName="?" codeListURI="?" codeListAgency="?" codeListName="?" codeListVersion="?">?</naa:Country>
                        <naa:Identification identificationSchemeName="?" identificationSchemeURI="?" identificationSchemeVersion="?" identificationSchemeAgency="?">?</naa:Identification>
                        <!--Optional:-->
                        <naa:Licence identificationSchemeName="?" identificationSchemeURI="?" identificationSchemeVersion="?" identificationSchemeAgency="?">?</naa:Licence>
                        <!--Optional:-->
                        <naa:Recorded Format="?">?</naa:Recorded>
                        <!--Optional:-->
                        <naa:Type codeName="?" codeListURI="?" codeListAgency="?" codeListName="?" codeListVersion="?">?</naa:Type>
                        <!--Optional:-->
                        <naa:ValidityPeriod ref="?">
                           <!--Optional:-->
                           <naa:Complete Format="?">?</naa:Complete>
                           <!--Optional:-->
                           <naa:Description LanguageIdentifier="?" LanguageLocaleIdentifier="?">?</naa:Description>
                           <!--Optional:-->
                           <naa:Duration UnitCode="?">?</naa:Duration>
                           <!--Optional:-->
                           <naa:End Format="?">?</naa:End>
                           <naa:Identification identificationSchemeName="?" identificationSchemeURI="?" identificationSchemeVersion="?" identificationSchemeAgency="?">?</naa:Identification>
                           <!--Optional:-->
                           <naa:Inclusive Format="?">?</naa:Inclusive>
                           <!--Optional:-->
                           <naa:Name LanguageIdentifier="?" LanguageLocaleIdentifier="?">?</naa:Name>
                           <!--Optional:-->
                           <naa:Sequence identificationSchemeName="?" identificationSchemeURI="?" identificationSchemeVersion="?" identificationSchemeAgency="?">?</naa:Sequence>
                           <naa:Start Format="?">?</naa:Start>
                        </naa:ValidityPeriod>
                     </naa:Registration>
                     <!--Zero or more repetitions:-->
                     <naa:ResidentialAddress ref="?">
                        <!--Zero or more repetitions:-->
                        <naa:Address/>
                        <!--Optional:-->
                        <naa:BlockName LanguageIdentifier="?" LanguageLocaleIdentifier="?">?</naa:BlockName>
                        <!--Optional:-->
                        <naa:BuildingName LanguageIdentifier="?" LanguageLocaleIdentifier="?">?</naa:BuildingName>
                        <!--Optional:-->
                        <naa:BuildingNumber LanguageIdentifier="?" LanguageLocaleIdentifier="?">?</naa:BuildingNumber>
                        <!--Optional:-->
                        <naa:CityName LanguageIdentifier="?" LanguageLocaleIdentifier="?">?</naa:CityName>
                        <!--Optional:-->
                        <naa:Code codeName="?" codeListURI="?" codeListAgency="?" codeListName="?" codeListVersion="?">?</naa:Code>
                        <!--Optional:-->
                        <naa:CountryName codeName="?" codeListURI="?" codeListAgency="?" codeListName="?" codeListVersion="?">?</naa:CountryName>
                        <!--Optional:-->
                        <naa:CountrySubDivision codeName="?" codeListURI="?" codeListAgency="?" codeListName="?" codeListVersion="?">?</naa:CountrySubDivision>
                        <!--Zero or more repetitions:-->
                        <naa:Geocode ref="?">
                           <!--Optional:-->
                           <naa:AltimetricSystem codeName="?" codeListURI="?" codeListAgency="?" codeListName="?" codeListVersion="?">?</naa:AltimetricSystem>
                           <!--Optional:-->
                           <naa:Altitude Format="?">?</naa:Altitude>
                           <naa:Identification identificationSchemeName="?" identificationSchemeURI="?" identificationSchemeVersion="?" identificationSchemeAgency="?">?</naa:Identification>
                           <naa:Latitude Format="?">?</naa:Latitude>
                           <!--Optional:-->
                           <naa:LatitudeDirection codeName="?" codeListURI="?" codeListAgency="?" codeListName="?" codeListVersion="?">?</naa:LatitudeDirection>
                           <naa:Longitude Format="?">?</naa:Longitude>
                           <!--Optional:-->
                           <naa:LongitudeDirection codeName="?" codeListURI="?" codeListAgency="?" codeListName="?" codeListVersion="?">?</naa:LongitudeDirection>
                           <!--Optional:-->
                           <naa:System codeName="?" codeListURI="?" codeListAgency="?" codeListName="?" codeListVersion="?">?</naa:System>
                        </naa:Geocode>
                        <naa:Identification identificationSchemeName="?" identificationSchemeURI="?" identificationSchemeVersion="?" identificationSchemeAgency="?">?</naa:Identification>
                        <!--Optional:-->
                        <naa:LineFive LanguageIdentifier="?" LanguageLocaleIdentifier="?">?</naa:LineFive>
                        <!--Optional:-->
                        <naa:LineFour LanguageIdentifier="?" LanguageLocaleIdentifier="?">?</naa:LineFour>
                        <!--Optional:-->
                        <naa:LineOne LanguageIdentifier="?" LanguageLocaleIdentifier="?">?</naa:LineOne>
                        <!--Optional:-->
                        <naa:LineSix LanguageIdentifier="?" LanguageLocaleIdentifier="?">?</naa:LineSix>
                        <!--Optional:-->
                        <naa:LineThree LanguageIdentifier="?" LanguageLocaleIdentifier="?">?</naa:LineThree>
                        <!--Optional:-->
                        <naa:LineTwo LanguageIdentifier="?" LanguageLocaleIdentifier="?">?</naa:LineTwo>
                        <!--Optional:-->
                        <naa:PostOfficeBox LanguageIdentifier="?" LanguageLocaleIdentifier="?">?</naa:PostOfficeBox>
                        <!--Optional:-->
                        <naa:Postcode LanguageIdentifier="?" LanguageLocaleIdentifier="?">?</naa:Postcode>
                        <!--Optional:-->
                        <naa:StreetName LanguageIdentifier="?" LanguageLocaleIdentifier="?">?</naa:StreetName>
                        <!--Optional:-->
                        <naa:StreetSuffix codeName="?" codeListURI="?" codeListAgency="?" codeListName="?" codeListVersion="?">?</naa:StreetSuffix>
                        <!--Optional:-->
                        <naa:StreetType codeName="?" codeListURI="?" codeListAgency="?" codeListName="?" codeListVersion="?">?</naa:StreetType>
                        <!--Optional:-->
                        <naa:Usage codeName="?" codeListURI="?" codeListAgency="?" codeListName="?" codeListVersion="?">?</naa:Usage>
                        <!--Optional:-->
                        <naa:UsagePeriod ref="?">
                           <!--Optional:-->
                           <naa:Complete Format="?">?</naa:Complete>
                           <!--Optional:-->
                           <naa:Description LanguageIdentifier="?" LanguageLocaleIdentifier="?">?</naa:Description>
                           <!--Optional:-->
                           <naa:Duration UnitCode="?">?</naa:Duration>
                           <!--Optional:-->
                           <naa:End Format="?">?</naa:End>
                           <naa:Identification identificationSchemeName="?" identificationSchemeURI="?" identificationSchemeVersion="?" identificationSchemeAgency="?">?</naa:Identification>
                           <!--Optional:-->
                           <naa:Inclusive Format="?">?</naa:Inclusive>
                           <!--Optional:-->
                           <naa:Name LanguageIdentifier="?" LanguageLocaleIdentifier="?">?</naa:Name>
                           <!--Optional:-->
                           <naa:Sequence identificationSchemeName="?" identificationSchemeURI="?" identificationSchemeVersion="?" identificationSchemeAgency="?">?</naa:Sequence>
                           <naa:Start Format="?">?</naa:Start>
                        </naa:UsagePeriod>
                     </naa:ResidentialAddress>
                     <!--Zero or more repetitions:-->
                     <naa:Status ref="?">
                        <naa:Code codeName="?" codeListURI="?" codeListAgency="?" codeListName="?" codeListVersion="?">?</naa:Code>
                        <!--Optional:-->
                        <naa:Description LanguageIdentifier="?" LanguageLocaleIdentifier="?">?</naa:Description>
                        <!--Optional:-->
                        <naa:ValidityPeriod ref="?">
                           <!--Optional:-->
                           <naa:Complete Format="?">?</naa:Complete>
                           <!--Optional:-->
                           <naa:Description LanguageIdentifier="?" LanguageLocaleIdentifier="?">?</naa:Description>
                           <!--Optional:-->
                           <naa:Duration UnitCode="?">?</naa:Duration>
                           <!--Optional:-->
                           <naa:End Format="?">?</naa:End>
                           <naa:Identification identificationSchemeName="?" identificationSchemeURI="?" identificationSchemeVersion="?" identificationSchemeAgency="?">?</naa:Identification>
                           <!--Optional:-->
                           <naa:Inclusive Format="?">?</naa:Inclusive>
                           <!--Optional:-->
                           <naa:Name LanguageIdentifier="?" LanguageLocaleIdentifier="?">?</naa:Name>
                           <!--Optional:-->
                           <naa:Sequence identificationSchemeName="?" identificationSchemeURI="?" identificationSchemeVersion="?" identificationSchemeAgency="?">?</naa:Sequence>
                           <naa:Start Format="?">?</naa:Start>
                        </naa:ValidityPeriod>
                     </naa:Status>
                     <!--Zero or more repetitions:-->
                     <naa:Telephone ref="?">
                        <!--Optional:-->
                        <naa:AreaCode codeName="?" codeListURI="?" codeListAgency="?" codeListName="?" codeListVersion="?">?</naa:AreaCode>
                        <!--Optional:-->
                        <naa:CountryCode codeName="?" codeListURI="?" codeListAgency="?" codeListName="?" codeListVersion="?">?</naa:CountryCode>
                        <!--Optional:-->
                        <naa:Extension LanguageIdentifier="?" LanguageLocaleIdentifier="?">?</naa:Extension>
                        <naa:Number identificationSchemeName="?" identificationSchemeURI="?" identificationSchemeVersion="?" identificationSchemeAgency="?">?</naa:Number>
                        <naa:Type codeName="?" codeListURI="?" codeListAgency="?" codeListName="?" codeListVersion="?">?</naa:Type>
                     </naa:Telephone>
                  </naa:Person>
                  <naa:Identification identificationSchemeName="?" identificationSchemeURI="?" identificationSchemeVersion="?" identificationSchemeAgency="?">?</naa:Identification>
                  <!--Optional:-->
                  <naa:Language codeName="?" codeListURI="?" codeListAgency="?" codeListName="?" codeListVersion="?">?</naa:Language>
                  <naa:Name LanguageIdentifier="?" LanguageLocaleIdentifier="?">?</naa:Name>
                  <!--Optional:-->
                  <naa:Type LanguageIdentifier="?" LanguageLocaleIdentifier="?">?</naa:Type>
               </da:Party>
               <!--Optional:-->
               <da:Type codeName="?" codeListURI="?" codeListAgency="?" codeListName="?" codeListVersion="?">?</da:Type>
            </da:PartyRole>
            <!--Zero or more repetitions:-->
            <da:Payment ref="?">
               <da:AmountPaid CurrencyCode="?">?</da:AmountPaid>
               <da:CreationDate Format="?">?</da:CreationDate>
               <da:DatePaid Format="?">?</da:DatePaid>
               <!--Optional:-->
               <da:DiscountPercent Format="?">?</da:DiscountPercent>
               <da:Identification identificationSchemeName="?" identificationSchemeURI="?" identificationSchemeVersion="?" identificationSchemeAgency="?">?</da:Identification>
               <!--Optional:-->
               <da:InstructionCode LanguageIdentifier="?" LanguageLocaleIdentifier="?">?</da:InstructionCode>
               <!--Optional:-->
               <da:PayeeName LanguageIdentifier="?" LanguageLocaleIdentifier="?">?</da:PayeeName>
               <!--Optional:-->
               <da:PaymentMethod codeName="?" codeListURI="?" codeListAgency="?" codeListName="?" codeListVersion="?">?</da:PaymentMethod>
               <!--Optional:-->
               <da:PenaltyPercent Format="?">?</da:PenaltyPercent>
               <!--Optional:-->
               <da:PriorityCode LanguageIdentifier="?" LanguageLocaleIdentifier="?">?</da:PriorityCode>
               <!--Optional:-->
               <da:ReasonCode LanguageIdentifier="?" LanguageLocaleIdentifier="?">?</da:ReasonCode>
               <!--Optional:-->
               <da:ReceiptNumber LanguageIdentifier="?" LanguageLocaleIdentifier="?">?</da:ReceiptNumber>
               <!--Optional:-->
               <da:StatusCode LanguageIdentifier="?" LanguageLocaleIdentifier="?">?</da:StatusCode>
               <!--Optional:-->
               <da:TaxAmount CurrencyCode="?">?</da:TaxAmount>
               <!--Optional:-->
               <da:TaxInvoiceNumber LanguageIdentifier="?" LanguageLocaleIdentifier="?">?</da:TaxInvoiceNumber>
            </da:Payment>
            <!--Zero or more repetitions:-->
            <da:PublicInspection ref="?">
               <da:Indicator codeName="?" codeListURI="?" codeListAgency="?" codeListName="?" codeListVersion="?">?</da:Indicator>
            </da:PublicInspection>
            <!--Zero or more repetitions:-->
            <da:PublicNotificationObligation ref="?">
               <!--Zero or more repetitions:-->
               <da:Attachment ref="?">
                  <!--Zero or more repetitions:-->
                  <da:Contributor LanguageIdentifier="?" LanguageLocaleIdentifier="?">?</da:Contributor>
                  <!--Zero or more repetitions:-->
                  <da:Coverage LanguageIdentifier="?" LanguageLocaleIdentifier="?">?</da:Coverage>
                  <!--Zero or more repetitions:-->
                  <da:Creator LanguageIdentifier="?" LanguageLocaleIdentifier="?">?</da:Creator>
                  <!--Optional:-->
                  <da:Date Format="?">?</da:Date>
                  <!--Zero or more repetitions:-->
                  <da:Description LanguageIdentifier="?" LanguageLocaleIdentifier="?">?</da:Description>
                  <!--Optional:-->
                  <da:Format LanguageIdentifier="?" LanguageLocaleIdentifier="?">?</da:Format>
                  <da:Identification identificationSchemeName="?" identificationSchemeURI="?" identificationSchemeVersion="?" identificationSchemeAgency="?">?</da:Identification>
                  <!--Zero or more repetitions:-->
                  <da:Language LanguageIdentifier="?" LanguageLocaleIdentifier="?">?</da:Language>
                  <!--Zero or more repetitions:-->
                  <da:Publisher LanguageIdentifier="?" LanguageLocaleIdentifier="?">?</da:Publisher>
                  <!--Zero or more repetitions:-->
                  <da:Relation LanguageIdentifier="?" LanguageLocaleIdentifier="?">?</da:Relation>
                  <!--Zero or more repetitions:-->
                  <da:Rights LanguageIdentifier="?" LanguageLocaleIdentifier="?">?</da:Rights>
                  <!--Optional:-->
                  <da:Size UnitCode="?">?</da:Size>
                  <!--Zero or more repetitions:-->
                  <da:Source LanguageIdentifier="?" LanguageLocaleIdentifier="?">?</da:Source>
                  <!--Optional:-->
                  <da:Subject LanguageIdentifier="?" LanguageLocaleIdentifier="?">?</da:Subject>
                  <!--Optional:-->
                  <da:Title LanguageIdentifier="?" LanguageLocaleIdentifier="?">?</da:Title>
                  <!--Optional:-->
                  <da:Type LanguageIdentifier="?" LanguageLocaleIdentifier="?">?</da:Type>
                  <!--Optional:-->
                  <da:Version LanguageIdentifier="?" LanguageLocaleIdentifier="?">?</da:Version>
                  <!--You have a CHOICE of the next 2 items at this level-->
                  <!--Optional:-->
                  <da:Attachment Format="?" MimeCode="?" CharacterSetCode="?" EncodingCode="?" UniformResourceIdentifier="?" Filename="?">cid:533572163519</da:Attachment>
                  <!--Optional:-->
                  <da:URI>?</da:URI>
               </da:Attachment>
               <!--Optional:-->
               <da:ComplianceDate Format="?">?</da:ComplianceDate>
               <!--Optional:-->
               <da:Description LanguageIdentifier="?" LanguageLocaleIdentifier="?">?</da:Description>
               <da:Identification identificationSchemeName="?" identificationSchemeURI="?" identificationSchemeVersion="?" identificationSchemeAgency="?">?</da:Identification>
               <!--Zero or more repetitions:-->
               <da:PartyRole ref="?">
                  <!--Optional:-->
                  <da:DateTime Format="?">?</da:DateTime>
                  <!--1 or more repetitions:-->
                  <da:Party ref="?">
                     <!--Optional:-->
                     <naa:AccessRights codeName="?" codeListURI="?" codeListAgency="?" codeListName="?" codeListVersion="?">?</naa:AccessRights>
                     <!--Optional:-->
                     <naa:Description LanguageIdentifier="?" LanguageLocaleIdentifier="?">?</naa:Description>
                     <!--You have a CHOICE of the next 2 items at this level-->
                     <!--Optional:-->
                     <naa:Organisation ref="?">
                        <!--Zero or more repetitions:-->
                        <naa:Contact ref="?">
                           <!--Optional:-->
                           <naa:DepartmentName LanguageIdentifier="?" LanguageLocaleIdentifier="?">?</naa:DepartmentName>
                           <!--Optional:-->
                           <naa:Description LanguageIdentifier="?" LanguageLocaleIdentifier="?">?</naa:Description>
                           <naa:Identification identificationSchemeName="?" identificationSchemeURI="?" identificationSchemeVersion="?" identificationSchemeAgency="?">?</naa:Identification>
                           <!--Zero or more repetitions:-->
                           <naa:Internet ref="?">
                              <naa:Type codeName="?" codeListURI="?" codeListAgency="?" codeListName="?" codeListVersion="?">?</naa:Type>
                              <naa:URI>?</naa:URI>
                           </naa:Internet>
                           <!--Optional:-->
                           <naa:IsPrimary Format="?">?</naa:IsPrimary>
                           <!--Optional:-->
                           <naa:JobTitle LanguageIdentifier="?" LanguageLocaleIdentifier="?">?</naa:JobTitle>
                           <!--Optional:-->
                           <naa:PersonName ref="?">
                              <naa:Classification codeName="?" codeListURI="?" codeListAgency="?" codeListName="?" codeListVersion="?">?</naa:Classification>
                              <!--Optional:-->
                              <naa:FamilyName LanguageIdentifier="?" LanguageLocaleIdentifier="?">?</naa:FamilyName>
                              <!--Optional:-->
                              <naa:FamilyNamePrefix LanguageIdentifier="?" LanguageLocaleIdentifier="?">?</naa:FamilyNamePrefix>
                              <!--Optional:-->
                              <naa:GivenName LanguageIdentifier="?" LanguageLocaleIdentifier="?">?</naa:GivenName>
                              <!--Optional:-->
                              <naa:MiddleName LanguageIdentifier="?" LanguageLocaleIdentifier="?">?</naa:MiddleName>
                              <!--Optional:-->
                              <naa:Name LanguageIdentifier="?" LanguageLocaleIdentifier="?">?</naa:Name>
                              <!--Optional:-->
                              <naa:NameSuffix codeName="?" codeListURI="?" codeListAgency="?" codeListName="?" codeListVersion="?">?</naa:NameSuffix>
                              <!--Optional:-->
                              <naa:Salutation LanguageIdentifier="?" LanguageLocaleIdentifier="?">?</naa:Salutation>
                              <!--Optional:-->
                              <naa:Title codeName="?" codeListURI="?" codeListAgency="?" codeListName="?" codeListVersion="?">?</naa:Title>
                              <!--Optional:-->
                              <naa:ValidityPeriod ref="?">
                                 <!--Optional:-->
                                 <naa:Complete Format="?">?</naa:Complete>
                                 <!--Optional:-->
                                 <naa:Description LanguageIdentifier="?" LanguageLocaleIdentifier="?">?</naa:Description>
                                 <!--Optional:-->
                                 <naa:Duration UnitCode="?">?</naa:Duration>
                                 <!--Optional:-->
                                 <naa:End Format="?">?</naa:End>
                                 <naa:Identification identificationSchemeName="?" identificationSchemeURI="?" identificationSchemeVersion="?" identificationSchemeAgency="?">?</naa:Identification>
                                 <!--Optional:-->
                                 <naa:Inclusive Format="?">?</naa:Inclusive>
                                 <!--Optional:-->
                                 <naa:Name LanguageIdentifier="?" LanguageLocaleIdentifier="?">?</naa:Name>
                                 <!--Optional:-->
                                 <naa:Sequence identificationSchemeName="?" identificationSchemeURI="?" identificationSchemeVersion="?" identificationSchemeAgency="?">?</naa:Sequence>
                                 <naa:Start Format="?">?</naa:Start>
                              </naa:ValidityPeriod>
                           </naa:PersonName>
                           <!--Optional:-->
                           <naa:Responsibility LanguageIdentifier="?" LanguageLocaleIdentifier="?">?</naa:Responsibility>
                           <!--Zero or more repetitions:-->
                           <naa:Telephone ref="?">
                              <!--Optional:-->
                              <naa:AreaCode codeName="?" codeListURI="?" codeListAgency="?" codeListName="?" codeListVersion="?">?</naa:AreaCode>
                              <!--Optional:-->
                              <naa:CountryCode codeName="?" codeListURI="?" codeListAgency="?" codeListName="?" codeListVersion="?">?</naa:CountryCode>
                              <!--Optional:-->
                              <naa:Extension LanguageIdentifier="?" LanguageLocaleIdentifier="?">?</naa:Extension>
                              <naa:Number identificationSchemeName="?" identificationSchemeURI="?" identificationSchemeVersion="?" identificationSchemeAgency="?">?</naa:Number>
                              <naa:Type codeName="?" codeListURI="?" codeListAgency="?" codeListName="?" codeListVersion="?">?</naa:Type>
                           </naa:Telephone>
                           <!--Optional:-->
                           <naa:Type codeName="?" codeListURI="?" codeListAgency="?" codeListName="?" codeListVersion="?">?</naa:Type>
                        </naa:Contact>
                        <!--Optional:-->
                        <naa:Description LanguageIdentifier="?" LanguageLocaleIdentifier="?">?</naa:Description>
                        <naa:Identification identificationSchemeName="?" identificationSchemeURI="?" identificationSchemeVersion="?" identificationSchemeAgency="?">?</naa:Identification>
                        <!--Optional:-->
                        <naa:IndustryClassification codeName="?" codeListURI="?" codeListAgency="?" codeListName="?" codeListVersion="?">?</naa:IndustryClassification>
                        <!--Zero or more repetitions:-->
                        <naa:Internet ref="?">
                           <naa:Type codeName="?" codeListURI="?" codeListAgency="?" codeListName="?" codeListVersion="?">?</naa:Type>
                           <naa:URI>?</naa:URI>
                        </naa:Internet>
                        <!--Optional:-->
                        <naa:IsActive Format="?">?</naa:IsActive>
                        <!--Optional:-->
                        <naa:LegalClassification codeName="?" codeListURI="?" codeListAgency="?" codeListName="?" codeListVersion="?">?</naa:LegalClassification>
                        <!--Zero or more repetitions:-->
                        <naa:Organisation/>
                        <!--1 or more repetitions:-->
                        <naa:OrganisationName ref="?">
                           <naa:Classification codeName="?" codeListURI="?" codeListAgency="?" codeListName="?" codeListVersion="?">?</naa:Classification>
                           <naa:Name LanguageIdentifier="?" LanguageLocaleIdentifier="?">?</naa:Name>
                           <!--Optional:-->
                           <naa:ValidityPeriod ref="?">
                              <!--Optional:-->
                              <naa:Complete Format="?">?</naa:Complete>
                              <!--Optional:-->
                              <naa:Description LanguageIdentifier="?" LanguageLocaleIdentifier="?">?</naa:Description>
                              <!--Optional:-->
                              <naa:Duration UnitCode="?">?</naa:Duration>
                              <!--Optional:-->
                              <naa:End Format="?">?</naa:End>
                              <naa:Identification identificationSchemeName="?" identificationSchemeURI="?" identificationSchemeVersion="?" identificationSchemeAgency="?">?</naa:Identification>
                              <!--Optional:-->
                              <naa:Inclusive Format="?">?</naa:Inclusive>
                              <!--Optional:-->
                              <naa:Name LanguageIdentifier="?" LanguageLocaleIdentifier="?">?</naa:Name>
                              <!--Optional:-->
                              <naa:Sequence identificationSchemeName="?" identificationSchemeURI="?" identificationSchemeVersion="?" identificationSchemeAgency="?">?</naa:Sequence>
                              <naa:Start Format="?">?</naa:Start>
                           </naa:ValidityPeriod>
                        </naa:OrganisationName>
                        <!--Zero or more repetitions:-->
                        <naa:PhysicalAddress ref="?">
                           <!--Zero or more repetitions:-->
                           <naa:Address/>
                           <!--Optional:-->
                           <naa:BlockName LanguageIdentifier="?" LanguageLocaleIdentifier="?">?</naa:BlockName>
                           <!--Optional:-->
                           <naa:BuildingName LanguageIdentifier="?" LanguageLocaleIdentifier="?">?</naa:BuildingName>
                           <!--Optional:-->
                           <naa:BuildingNumber LanguageIdentifier="?" LanguageLocaleIdentifier="?">?</naa:BuildingNumber>
                           <!--Optional:-->
                           <naa:CityName LanguageIdentifier="?" LanguageLocaleIdentifier="?">?</naa:CityName>
                           <!--Optional:-->
                           <naa:Code codeName="?" codeListURI="?" codeListAgency="?" codeListName="?" codeListVersion="?">?</naa:Code>
                           <!--Optional:-->
                           <naa:CountryName codeName="?" codeListURI="?" codeListAgency="?" codeListName="?" codeListVersion="?">?</naa:CountryName>
                           <!--Optional:-->
                           <naa:CountrySubDivision codeName="?" codeListURI="?" codeListAgency="?" codeListName="?" codeListVersion="?">?</naa:CountrySubDivision>
                           <!--Zero or more repetitions:-->
                           <naa:Geocode ref="?">
                              <!--Optional:-->
                              <naa:AltimetricSystem codeName="?" codeListURI="?" codeListAgency="?" codeListName="?" codeListVersion="?">?</naa:AltimetricSystem>
                              <!--Optional:-->
                              <naa:Altitude Format="?">?</naa:Altitude>
                              <naa:Identification identificationSchemeName="?" identificationSchemeURI="?" identificationSchemeVersion="?" identificationSchemeAgency="?">?</naa:Identification>
                              <naa:Latitude Format="?">?</naa:Latitude>
                              <!--Optional:-->
                              <naa:LatitudeDirection codeName="?" codeListURI="?" codeListAgency="?" codeListName="?" codeListVersion="?">?</naa:LatitudeDirection>
                              <naa:Longitude Format="?">?</naa:Longitude>
                              <!--Optional:-->
                              <naa:LongitudeDirection codeName="?" codeListURI="?" codeListAgency="?" codeListName="?" codeListVersion="?">?</naa:LongitudeDirection>
                              <!--Optional:-->
                              <naa:System codeName="?" codeListURI="?" codeListAgency="?" codeListName="?" codeListVersion="?">?</naa:System>
                           </naa:Geocode>
                           <naa:Identification identificationSchemeName="?" identificationSchemeURI="?" identificationSchemeVersion="?" identificationSchemeAgency="?">?</naa:Identification>
                           <!--Optional:-->
                           <naa:LineFive LanguageIdentifier="?" LanguageLocaleIdentifier="?">?</naa:LineFive>
                           <!--Optional:-->
                           <naa:LineFour LanguageIdentifier="?" LanguageLocaleIdentifier="?">?</naa:LineFour>
                           <!--Optional:-->
                           <naa:LineOne LanguageIdentifier="?" LanguageLocaleIdentifier="?">?</naa:LineOne>
                           <!--Optional:-->
                           <naa:LineSix LanguageIdentifier="?" LanguageLocaleIdentifier="?">?</naa:LineSix>
                           <!--Optional:-->
                           <naa:LineThree LanguageIdentifier="?" LanguageLocaleIdentifier="?">?</naa:LineThree>
                           <!--Optional:-->
                           <naa:LineTwo LanguageIdentifier="?" LanguageLocaleIdentifier="?">?</naa:LineTwo>
                           <!--Optional:-->
                           <naa:PostOfficeBox LanguageIdentifier="?" LanguageLocaleIdentifier="?">?</naa:PostOfficeBox>
                           <!--Optional:-->
                           <naa:Postcode LanguageIdentifier="?" LanguageLocaleIdentifier="?">?</naa:Postcode>
                           <!--Optional:-->
                           <naa:StreetName LanguageIdentifier="?" LanguageLocaleIdentifier="?">?</naa:StreetName>
                           <!--Optional:-->
                           <naa:StreetSuffix codeName="?" codeListURI="?" codeListAgency="?" codeListName="?" codeListVersion="?">?</naa:StreetSuffix>
                           <!--Optional:-->
                           <naa:StreetType codeName="?" codeListURI="?" codeListAgency="?" codeListName="?" codeListVersion="?">?</naa:StreetType>
                           <!--Optional:-->
                           <naa:Usage codeName="?" codeListURI="?" codeListAgency="?" codeListName="?" codeListVersion="?">?</naa:Usage>
                           <!--Optional:-->
                           <naa:UsagePeriod ref="?">
                              <!--Optional:-->
                              <naa:Complete Format="?">?</naa:Complete>
                              <!--Optional:-->
                              <naa:Description LanguageIdentifier="?" LanguageLocaleIdentifier="?">?</naa:Description>
                              <!--Optional:-->
                              <naa:Duration UnitCode="?">?</naa:Duration>
                              <!--Optional:-->
                              <naa:End Format="?">?</naa:End>
                              <naa:Identification identificationSchemeName="?" identificationSchemeURI="?" identificationSchemeVersion="?" identificationSchemeAgency="?">?</naa:Identification>
                              <!--Optional:-->
                              <naa:Inclusive Format="?">?</naa:Inclusive>
                              <!--Optional:-->
                              <naa:Name LanguageIdentifier="?" LanguageLocaleIdentifier="?">?</naa:Name>
                              <!--Optional:-->
                              <naa:Sequence identificationSchemeName="?" identificationSchemeURI="?" identificationSchemeVersion="?" identificationSchemeAgency="?">?</naa:Sequence>
                              <naa:Start Format="?">?</naa:Start>
                           </naa:UsagePeriod>
                        </naa:PhysicalAddress>
                        <!--Zero or more repetitions:-->
                        <naa:PostalAddress ref="?">
                           <!--Zero or more repetitions:-->
                           <naa:Address/>
                           <!--Optional:-->
                           <naa:BlockName LanguageIdentifier="?" LanguageLocaleIdentifier="?">?</naa:BlockName>
                           <!--Optional:-->
                           <naa:BuildingName LanguageIdentifier="?" LanguageLocaleIdentifier="?">?</naa:BuildingName>
                           <!--Optional:-->
                           <naa:BuildingNumber LanguageIdentifier="?" LanguageLocaleIdentifier="?">?</naa:BuildingNumber>
                           <!--Optional:-->
                           <naa:CityName LanguageIdentifier="?" LanguageLocaleIdentifier="?">?</naa:CityName>
                           <!--Optional:-->
                           <naa:Code codeName="?" codeListURI="?" codeListAgency="?" codeListName="?" codeListVersion="?">?</naa:Code>
                           <!--Optional:-->
                           <naa:CountryName codeName="?" codeListURI="?" codeListAgency="?" codeListName="?" codeListVersion="?">?</naa:CountryName>
                           <!--Optional:-->
                           <naa:CountrySubDivision codeName="?" codeListURI="?" codeListAgency="?" codeListName="?" codeListVersion="?">?</naa:CountrySubDivision>
                           <!--Zero or more repetitions:-->
                           <naa:Geocode ref="?">
                              <!--Optional:-->
                              <naa:AltimetricSystem codeName="?" codeListURI="?" codeListAgency="?" codeListName="?" codeListVersion="?">?</naa:AltimetricSystem>
                              <!--Optional:-->
                              <naa:Altitude Format="?">?</naa:Altitude>
                              <naa:Identification identificationSchemeName="?" identificationSchemeURI="?" identificationSchemeVersion="?" identificationSchemeAgency="?">?</naa:Identification>
                              <naa:Latitude Format="?">?</naa:Latitude>
                              <!--Optional:-->
                              <naa:LatitudeDirection codeName="?" codeListURI="?" codeListAgency="?" codeListName="?" codeListVersion="?">?</naa:LatitudeDirection>
                              <naa:Longitude Format="?">?</naa:Longitude>
                              <!--Optional:-->
                              <naa:LongitudeDirection codeName="?" codeListURI="?" codeListAgency="?" codeListName="?" codeListVersion="?">?</naa:LongitudeDirection>
                              <!--Optional:-->
                              <naa:System codeName="?" codeListURI="?" codeListAgency="?" codeListName="?" codeListVersion="?">?</naa:System>
                           </naa:Geocode>
                           <naa:Identification identificationSchemeName="?" identificationSchemeURI="?" identificationSchemeVersion="?" identificationSchemeAgency="?">?</naa:Identification>
                           <!--Optional:-->
                           <naa:LineFive LanguageIdentifier="?" LanguageLocaleIdentifier="?">?</naa:LineFive>
                           <!--Optional:-->
                           <naa:LineFour LanguageIdentifier="?" LanguageLocaleIdentifier="?">?</naa:LineFour>
                           <!--Optional:-->
                           <naa:LineOne LanguageIdentifier="?" LanguageLocaleIdentifier="?">?</naa:LineOne>
                           <!--Optional:-->
                           <naa:LineSix LanguageIdentifier="?" LanguageLocaleIdentifier="?">?</naa:LineSix>
                           <!--Optional:-->
                           <naa:LineThree LanguageIdentifier="?" LanguageLocaleIdentifier="?">?</naa:LineThree>
                           <!--Optional:-->
                           <naa:LineTwo LanguageIdentifier="?" LanguageLocaleIdentifier="?">?</naa:LineTwo>
                           <!--Optional:-->
                           <naa:PostOfficeBox LanguageIdentifier="?" LanguageLocaleIdentifier="?">?</naa:PostOfficeBox>
                           <!--Optional:-->
                           <naa:Postcode LanguageIdentifier="?" LanguageLocaleIdentifier="?">?</naa:Postcode>
                           <!--Optional:-->
                           <naa:StreetName LanguageIdentifier="?" LanguageLocaleIdentifier="?">?</naa:StreetName>
                           <!--Optional:-->
                           <naa:StreetSuffix codeName="?" codeListURI="?" codeListAgency="?" codeListName="?" codeListVersion="?">?</naa:StreetSuffix>
                           <!--Optional:-->
                           <naa:StreetType codeName="?" codeListURI="?" codeListAgency="?" codeListName="?" codeListVersion="?">?</naa:StreetType>
                           <!--Optional:-->
                           <naa:Usage codeName="?" codeListURI="?" codeListAgency="?" codeListName="?" codeListVersion="?">?</naa:Usage>
                           <!--Optional:-->
                           <naa:UsagePeriod ref="?">
                              <!--Optional:-->
                              <naa:Complete Format="?">?</naa:Complete>
                              <!--Optional:-->
                              <naa:Description LanguageIdentifier="?" LanguageLocaleIdentifier="?">?</naa:Description>
                              <!--Optional:-->
                              <naa:Duration UnitCode="?">?</naa:Duration>
                              <!--Optional:-->
                              <naa:End Format="?">?</naa:End>
                              <naa:Identification identificationSchemeName="?" identificationSchemeURI="?" identificationSchemeVersion="?" identificationSchemeAgency="?">?</naa:Identification>
                              <!--Optional:-->
                              <naa:Inclusive Format="?">?</naa:Inclusive>
                              <!--Optional:-->
                              <naa:Name LanguageIdentifier="?" LanguageLocaleIdentifier="?">?</naa:Name>
                              <!--Optional:-->
                              <naa:Sequence identificationSchemeName="?" identificationSchemeURI="?" identificationSchemeVersion="?" identificationSchemeAgency="?">?</naa:Sequence>
                              <naa:Start Format="?">?</naa:Start>
                           </naa:UsagePeriod>
                        </naa:PostalAddress>
                        <!--Zero or more repetitions:-->
                        <naa:Registration ref="?">
                           <!--Optional:-->
                           <naa:Category codeName="?" codeListURI="?" codeListAgency="?" codeListName="?" codeListVersion="?">?</naa:Category>
                           <!--Optional:-->
                           <naa:Country codeName="?" codeListURI="?" codeListAgency="?" codeListName="?" codeListVersion="?">?</naa:Country>
                           <naa:Identification identificationSchemeName="?" identificationSchemeURI="?" identificationSchemeVersion="?" identificationSchemeAgency="?">?</naa:Identification>
                           <!--Optional:-->
                           <naa:Licence identificationSchemeName="?" identificationSchemeURI="?" identificationSchemeVersion="?" identificationSchemeAgency="?">?</naa:Licence>
                           <!--Optional:-->
                           <naa:Recorded Format="?">?</naa:Recorded>
                           <!--Optional:-->
                           <naa:Type codeName="?" codeListURI="?" codeListAgency="?" codeListName="?" codeListVersion="?">?</naa:Type>
                           <!--Optional:-->
                           <naa:ValidityPeriod ref="?">
                              <!--Optional:-->
                              <naa:Complete Format="?">?</naa:Complete>
                              <!--Optional:-->
                              <naa:Description LanguageIdentifier="?" LanguageLocaleIdentifier="?">?</naa:Description>
                              <!--Optional:-->
                              <naa:Duration UnitCode="?">?</naa:Duration>
                              <!--Optional:-->
                              <naa:End Format="?">?</naa:End>
                              <naa:Identification identificationSchemeName="?" identificationSchemeURI="?" identificationSchemeVersion="?" identificationSchemeAgency="?">?</naa:Identification>
                              <!--Optional:-->
                              <naa:Inclusive Format="?">?</naa:Inclusive>
                              <!--Optional:-->
                              <naa:Name LanguageIdentifier="?" LanguageLocaleIdentifier="?">?</naa:Name>
                              <!--Optional:-->
                              <naa:Sequence identificationSchemeName="?" identificationSchemeURI="?" identificationSchemeVersion="?" identificationSchemeAgency="?">?</naa:Sequence>
                              <naa:Start Format="?">?</naa:Start>
                           </naa:ValidityPeriod>
                        </naa:Registration>
                        <!--Zero or more repetitions:-->
                        <naa:Status ref="?">
                           <naa:Code codeName="?" codeListURI="?" codeListAgency="?" codeListName="?" codeListVersion="?">?</naa:Code>
                           <!--Optional:-->
                           <naa:Description LanguageIdentifier="?" LanguageLocaleIdentifier="?">?</naa:Description>
                           <!--Optional:-->
                           <naa:ValidityPeriod ref="?">
                              <!--Optional:-->
                              <naa:Complete Format="?">?</naa:Complete>
                              <!--Optional:-->
                              <naa:Description LanguageIdentifier="?" LanguageLocaleIdentifier="?">?</naa:Description>
                              <!--Optional:-->
                              <naa:Duration UnitCode="?">?</naa:Duration>
                              <!--Optional:-->
                              <naa:End Format="?">?</naa:End>
                              <naa:Identification identificationSchemeName="?" identificationSchemeURI="?" identificationSchemeVersion="?" identificationSchemeAgency="?">?</naa:Identification>
                              <!--Optional:-->
                              <naa:Inclusive Format="?">?</naa:Inclusive>
                              <!--Optional:-->
                              <naa:Name LanguageIdentifier="?" LanguageLocaleIdentifier="?">?</naa:Name>
                              <!--Optional:-->
                              <naa:Sequence identificationSchemeName="?" identificationSchemeURI="?" identificationSchemeVersion="?" identificationSchemeAgency="?">?</naa:Sequence>
                              <naa:Start Format="?">?</naa:Start>
                           </naa:ValidityPeriod>
                        </naa:Status>
                        <!--Zero or more repetitions:-->
                        <naa:Telephone ref="?">
                           <!--Optional:-->
                           <naa:AreaCode codeName="?" codeListURI="?" codeListAgency="?" codeListName="?" codeListVersion="?">?</naa:AreaCode>
                           <!--Optional:-->
                           <naa:CountryCode codeName="?" codeListURI="?" codeListAgency="?" codeListName="?" codeListVersion="?">?</naa:CountryCode>
                           <!--Optional:-->
                           <naa:Extension LanguageIdentifier="?" LanguageLocaleIdentifier="?">?</naa:Extension>
                           <naa:Number identificationSchemeName="?" identificationSchemeURI="?" identificationSchemeVersion="?" identificationSchemeAgency="?">?</naa:Number>
                           <naa:Type codeName="?" codeListURI="?" codeListAgency="?" codeListName="?" codeListVersion="?">?</naa:Type>
                        </naa:Telephone>
                        <!--Optional:-->
                        <naa:Type codeName="?" codeListURI="?" codeListAgency="?" codeListName="?" codeListVersion="?">?</naa:Type>
                     </naa:Organisation>
                     <!--Optional:-->
                     <naa:Person ref="?">
                        <!--Optional:-->
                        <naa:Description LanguageIdentifier="?" LanguageLocaleIdentifier="?">?</naa:Description>
                        <naa:Identification identificationSchemeName="?" identificationSchemeURI="?" identificationSchemeVersion="?" identificationSchemeAgency="?">?</naa:Identification>
                        <!--Zero or more repetitions:-->
                        <naa:Internet ref="?">
                           <naa:Type codeName="?" codeListURI="?" codeListAgency="?" codeListName="?" codeListVersion="?">?</naa:Type>
                           <naa:URI>?</naa:URI>
                        </naa:Internet>
                        <!--1 or more repetitions:-->
                        <naa:PersonName ref="?">
                           <naa:Classification codeName="?" codeListURI="?" codeListAgency="?" codeListName="?" codeListVersion="?">?</naa:Classification>
                           <!--Optional:-->
                           <naa:FamilyName LanguageIdentifier="?" LanguageLocaleIdentifier="?">?</naa:FamilyName>
                           <!--Optional:-->
                           <naa:FamilyNamePrefix LanguageIdentifier="?" LanguageLocaleIdentifier="?">?</naa:FamilyNamePrefix>
                           <!--Optional:-->
                           <naa:GivenName LanguageIdentifier="?" LanguageLocaleIdentifier="?">?</naa:GivenName>
                           <!--Optional:-->
                           <naa:MiddleName LanguageIdentifier="?" LanguageLocaleIdentifier="?">?</naa:MiddleName>
                           <!--Optional:-->
                           <naa:Name LanguageIdentifier="?" LanguageLocaleIdentifier="?">?</naa:Name>
                           <!--Optional:-->
                           <naa:NameSuffix codeName="?" codeListURI="?" codeListAgency="?" codeListName="?" codeListVersion="?">?</naa:NameSuffix>
                           <!--Optional:-->
                           <naa:Salutation LanguageIdentifier="?" LanguageLocaleIdentifier="?">?</naa:Salutation>
                           <!--Optional:-->
                           <naa:Title codeName="?" codeListURI="?" codeListAgency="?" codeListName="?" codeListVersion="?">?</naa:Title>
                           <!--Optional:-->
                           <naa:ValidityPeriod ref="?">
                              <!--Optional:-->
                              <naa:Complete Format="?">?</naa:Complete>
                              <!--Optional:-->
                              <naa:Description LanguageIdentifier="?" LanguageLocaleIdentifier="?">?</naa:Description>
                              <!--Optional:-->
                              <naa:Duration UnitCode="?">?</naa:Duration>
                              <!--Optional:-->
                              <naa:End Format="?">?</naa:End>
                              <naa:Identification identificationSchemeName="?" identificationSchemeURI="?" identificationSchemeVersion="?" identificationSchemeAgency="?">?</naa:Identification>
                              <!--Optional:-->
                              <naa:Inclusive Format="?">?</naa:Inclusive>
                              <!--Optional:-->
                              <naa:Name LanguageIdentifier="?" LanguageLocaleIdentifier="?">?</naa:Name>
                              <!--Optional:-->
                              <naa:Sequence identificationSchemeName="?" identificationSchemeURI="?" identificationSchemeVersion="?" identificationSchemeAgency="?">?</naa:Sequence>
                              <naa:Start Format="?">?</naa:Start>
                           </naa:ValidityPeriod>
                        </naa:PersonName>
                        <!--Zero or more repetitions:-->
                        <naa:PostalAddress ref="?">
                           <!--Zero or more repetitions:-->
                           <naa:Address/>
                           <!--Optional:-->
                           <naa:BlockName LanguageIdentifier="?" LanguageLocaleIdentifier="?">?</naa:BlockName>
                           <!--Optional:-->
                           <naa:BuildingName LanguageIdentifier="?" LanguageLocaleIdentifier="?">?</naa:BuildingName>
                           <!--Optional:-->
                           <naa:BuildingNumber LanguageIdentifier="?" LanguageLocaleIdentifier="?">?</naa:BuildingNumber>
                           <!--Optional:-->
                           <naa:CityName LanguageIdentifier="?" LanguageLocaleIdentifier="?">?</naa:CityName>
                           <!--Optional:-->
                           <naa:Code codeName="?" codeListURI="?" codeListAgency="?" codeListName="?" codeListVersion="?">?</naa:Code>
                           <!--Optional:-->
                           <naa:CountryName codeName="?" codeListURI="?" codeListAgency="?" codeListName="?" codeListVersion="?">?</naa:CountryName>
                           <!--Optional:-->
                           <naa:CountrySubDivision codeName="?" codeListURI="?" codeListAgency="?" codeListName="?" codeListVersion="?">?</naa:CountrySubDivision>
                           <!--Zero or more repetitions:-->
                           <naa:Geocode ref="?">
                              <!--Optional:-->
                              <naa:AltimetricSystem codeName="?" codeListURI="?" codeListAgency="?" codeListName="?" codeListVersion="?">?</naa:AltimetricSystem>
                              <!--Optional:-->
                              <naa:Altitude Format="?">?</naa:Altitude>
                              <naa:Identification identificationSchemeName="?" identificationSchemeURI="?" identificationSchemeVersion="?" identificationSchemeAgency="?">?</naa:Identification>
                              <naa:Latitude Format="?">?</naa:Latitude>
                              <!--Optional:-->
                              <naa:LatitudeDirection codeName="?" codeListURI="?" codeListAgency="?" codeListName="?" codeListVersion="?">?</naa:LatitudeDirection>
                              <naa:Longitude Format="?">?</naa:Longitude>
                              <!--Optional:-->
                              <naa:LongitudeDirection codeName="?" codeListURI="?" codeListAgency="?" codeListName="?" codeListVersion="?">?</naa:LongitudeDirection>
                              <!--Optional:-->
                              <naa:System codeName="?" codeListURI="?" codeListAgency="?" codeListName="?" codeListVersion="?">?</naa:System>
                           </naa:Geocode>
                           <naa:Identification identificationSchemeName="?" identificationSchemeURI="?" identificationSchemeVersion="?" identificationSchemeAgency="?">?</naa:Identification>
                           <!--Optional:-->
                           <naa:LineFive LanguageIdentifier="?" LanguageLocaleIdentifier="?">?</naa:LineFive>
                           <!--Optional:-->
                           <naa:LineFour LanguageIdentifier="?" LanguageLocaleIdentifier="?">?</naa:LineFour>
                           <!--Optional:-->
                           <naa:LineOne LanguageIdentifier="?" LanguageLocaleIdentifier="?">?</naa:LineOne>
                           <!--Optional:-->
                           <naa:LineSix LanguageIdentifier="?" LanguageLocaleIdentifier="?">?</naa:LineSix>
                           <!--Optional:-->
                           <naa:LineThree LanguageIdentifier="?" LanguageLocaleIdentifier="?">?</naa:LineThree>
                           <!--Optional:-->
                           <naa:LineTwo LanguageIdentifier="?" LanguageLocaleIdentifier="?">?</naa:LineTwo>
                           <!--Optional:-->
                           <naa:PostOfficeBox LanguageIdentifier="?" LanguageLocaleIdentifier="?">?</naa:PostOfficeBox>
                           <!--Optional:-->
                           <naa:Postcode LanguageIdentifier="?" LanguageLocaleIdentifier="?">?</naa:Postcode>
                           <!--Optional:-->
                           <naa:StreetName LanguageIdentifier="?" LanguageLocaleIdentifier="?">?</naa:StreetName>
                           <!--Optional:-->
                           <naa:StreetSuffix codeName="?" codeListURI="?" codeListAgency="?" codeListName="?" codeListVersion="?">?</naa:StreetSuffix>
                           <!--Optional:-->
                           <naa:StreetType codeName="?" codeListURI="?" codeListAgency="?" codeListName="?" codeListVersion="?">?</naa:StreetType>
                           <!--Optional:-->
                           <naa:Usage codeName="?" codeListURI="?" codeListAgency="?" codeListName="?" codeListVersion="?">?</naa:Usage>
                           <!--Optional:-->
                           <naa:UsagePeriod ref="?">
                              <!--Optional:-->
                              <naa:Complete Format="?">?</naa:Complete>
                              <!--Optional:-->
                              <naa:Description LanguageIdentifier="?" LanguageLocaleIdentifier="?">?</naa:Description>
                              <!--Optional:-->
                              <naa:Duration UnitCode="?">?</naa:Duration>
                              <!--Optional:-->
                              <naa:End Format="?">?</naa:End>
                              <naa:Identification identificationSchemeName="?" identificationSchemeURI="?" identificationSchemeVersion="?" identificationSchemeAgency="?">?</naa:Identification>
                              <!--Optional:-->
                              <naa:Inclusive Format="?">?</naa:Inclusive>
                              <!--Optional:-->
                              <naa:Name LanguageIdentifier="?" LanguageLocaleIdentifier="?">?</naa:Name>
                              <!--Optional:-->
                              <naa:Sequence identificationSchemeName="?" identificationSchemeURI="?" identificationSchemeVersion="?" identificationSchemeAgency="?">?</naa:Sequence>
                              <naa:Start Format="?">?</naa:Start>
                           </naa:UsagePeriod>
                        </naa:PostalAddress>
                        <!--Zero or more repetitions:-->
                        <naa:Registration ref="?">
                           <!--Optional:-->
                           <naa:Category codeName="?" codeListURI="?" codeListAgency="?" codeListName="?" codeListVersion="?">?</naa:Category>
                           <!--Optional:-->
                           <naa:Country codeName="?" codeListURI="?" codeListAgency="?" codeListName="?" codeListVersion="?">?</naa:Country>
                           <naa:Identification identificationSchemeName="?" identificationSchemeURI="?" identificationSchemeVersion="?" identificationSchemeAgency="?">?</naa:Identification>
                           <!--Optional:-->
                           <naa:Licence identificationSchemeName="?" identificationSchemeURI="?" identificationSchemeVersion="?" identificationSchemeAgency="?">?</naa:Licence>
                           <!--Optional:-->
                           <naa:Recorded Format="?">?</naa:Recorded>
                           <!--Optional:-->
                           <naa:Type codeName="?" codeListURI="?" codeListAgency="?" codeListName="?" codeListVersion="?">?</naa:Type>
                           <!--Optional:-->
                           <naa:ValidityPeriod ref="?">
                              <!--Optional:-->
                              <naa:Complete Format="?">?</naa:Complete>
                              <!--Optional:-->
                              <naa:Description LanguageIdentifier="?" LanguageLocaleIdentifier="?">?</naa:Description>
                              <!--Optional:-->
                              <naa:Duration UnitCode="?">?</naa:Duration>
                              <!--Optional:-->
                              <naa:End Format="?">?</naa:End>
                              <naa:Identification identificationSchemeName="?" identificationSchemeURI="?" identificationSchemeVersion="?" identificationSchemeAgency="?">?</naa:Identification>
                              <!--Optional:-->
                              <naa:Inclusive Format="?">?</naa:Inclusive>
                              <!--Optional:-->
                              <naa:Name LanguageIdentifier="?" LanguageLocaleIdentifier="?">?</naa:Name>
                              <!--Optional:-->
                              <naa:Sequence identificationSchemeName="?" identificationSchemeURI="?" identificationSchemeVersion="?" identificationSchemeAgency="?">?</naa:Sequence>
                              <naa:Start Format="?">?</naa:Start>
                           </naa:ValidityPeriod>
                        </naa:Registration>
                        <!--Zero or more repetitions:-->
                        <naa:ResidentialAddress ref="?">
                           <!--Zero or more repetitions:-->
                           <naa:Address/>
                           <!--Optional:-->
                           <naa:BlockName LanguageIdentifier="?" LanguageLocaleIdentifier="?">?</naa:BlockName>
                           <!--Optional:-->
                           <naa:BuildingName LanguageIdentifier="?" LanguageLocaleIdentifier="?">?</naa:BuildingName>
                           <!--Optional:-->
                           <naa:BuildingNumber LanguageIdentifier="?" LanguageLocaleIdentifier="?">?</naa:BuildingNumber>
                           <!--Optional:-->
                           <naa:CityName LanguageIdentifier="?" LanguageLocaleIdentifier="?">?</naa:CityName>
                           <!--Optional:-->
                           <naa:Code codeName="?" codeListURI="?" codeListAgency="?" codeListName="?" codeListVersion="?">?</naa:Code>
                           <!--Optional:-->
                           <naa:CountryName codeName="?" codeListURI="?" codeListAgency="?" codeListName="?" codeListVersion="?">?</naa:CountryName>
                           <!--Optional:-->
                           <naa:CountrySubDivision codeName="?" codeListURI="?" codeListAgency="?" codeListName="?" codeListVersion="?">?</naa:CountrySubDivision>
                           <!--Zero or more repetitions:-->
                           <naa:Geocode ref="?">
                              <!--Optional:-->
                              <naa:AltimetricSystem codeName="?" codeListURI="?" codeListAgency="?" codeListName="?" codeListVersion="?">?</naa:AltimetricSystem>
                              <!--Optional:-->
                              <naa:Altitude Format="?">?</naa:Altitude>
                              <naa:Identification identificationSchemeName="?" identificationSchemeURI="?" identificationSchemeVersion="?" identificationSchemeAgency="?">?</naa:Identification>
                              <naa:Latitude Format="?">?</naa:Latitude>
                              <!--Optional:-->
                              <naa:LatitudeDirection codeName="?" codeListURI="?" codeListAgency="?" codeListName="?" codeListVersion="?">?</naa:LatitudeDirection>
                              <naa:Longitude Format="?">?</naa:Longitude>
                              <!--Optional:-->
                              <naa:LongitudeDirection codeName="?" codeListURI="?" codeListAgency="?" codeListName="?" codeListVersion="?">?</naa:LongitudeDirection>
                              <!--Optional:-->
                              <naa:System codeName="?" codeListURI="?" codeListAgency="?" codeListName="?" codeListVersion="?">?</naa:System>
                           </naa:Geocode>
                           <naa:Identification identificationSchemeName="?" identificationSchemeURI="?" identificationSchemeVersion="?" identificationSchemeAgency="?">?</naa:Identification>
                           <!--Optional:-->
                           <naa:LineFive LanguageIdentifier="?" LanguageLocaleIdentifier="?">?</naa:LineFive>
                           <!--Optional:-->
                           <naa:LineFour LanguageIdentifier="?" LanguageLocaleIdentifier="?">?</naa:LineFour>
                           <!--Optional:-->
                           <naa:LineOne LanguageIdentifier="?" LanguageLocaleIdentifier="?">?</naa:LineOne>
                           <!--Optional:-->
                           <naa:LineSix LanguageIdentifier="?" LanguageLocaleIdentifier="?">?</naa:LineSix>
                           <!--Optional:-->
                           <naa:LineThree LanguageIdentifier="?" LanguageLocaleIdentifier="?">?</naa:LineThree>
                           <!--Optional:-->
                           <naa:LineTwo LanguageIdentifier="?" LanguageLocaleIdentifier="?">?</naa:LineTwo>
                           <!--Optional:-->
                           <naa:PostOfficeBox LanguageIdentifier="?" LanguageLocaleIdentifier="?">?</naa:PostOfficeBox>
                           <!--Optional:-->
                           <naa:Postcode LanguageIdentifier="?" LanguageLocaleIdentifier="?">?</naa:Postcode>
                           <!--Optional:-->
                           <naa:StreetName LanguageIdentifier="?" LanguageLocaleIdentifier="?">?</naa:StreetName>
                           <!--Optional:-->
                           <naa:StreetSuffix codeName="?" codeListURI="?" codeListAgency="?" codeListName="?" codeListVersion="?">?</naa:StreetSuffix>
                           <!--Optional:-->
                           <naa:StreetType codeName="?" codeListURI="?" codeListAgency="?" codeListName="?" codeListVersion="?">?</naa:StreetType>
                           <!--Optional:-->
                           <naa:Usage codeName="?" codeListURI="?" codeListAgency="?" codeListName="?" codeListVersion="?">?</naa:Usage>
                           <!--Optional:-->
                           <naa:UsagePeriod ref="?">
                              <!--Optional:-->
                              <naa:Complete Format="?">?</naa:Complete>
                              <!--Optional:-->
                              <naa:Description LanguageIdentifier="?" LanguageLocaleIdentifier="?">?</naa:Description>
                              <!--Optional:-->
                              <naa:Duration UnitCode="?">?</naa:Duration>
                              <!--Optional:-->
                              <naa:End Format="?">?</naa:End>
                              <naa:Identification identificationSchemeName="?" identificationSchemeURI="?" identificationSchemeVersion="?" identificationSchemeAgency="?">?</naa:Identification>
                              <!--Optional:-->
                              <naa:Inclusive Format="?">?</naa:Inclusive>
                              <!--Optional:-->
                              <naa:Name LanguageIdentifier="?" LanguageLocaleIdentifier="?">?</naa:Name>
                              <!--Optional:-->
                              <naa:Sequence identificationSchemeName="?" identificationSchemeURI="?" identificationSchemeVersion="?" identificationSchemeAgency="?">?</naa:Sequence>
                              <naa:Start Format="?">?</naa:Start>
                           </naa:UsagePeriod>
                        </naa:ResidentialAddress>
                        <!--Zero or more repetitions:-->
                        <naa:Status ref="?">
                           <naa:Code codeName="?" codeListURI="?" codeListAgency="?" codeListName="?" codeListVersion="?">?</naa:Code>
                           <!--Optional:-->
                           <naa:Description LanguageIdentifier="?" LanguageLocaleIdentifier="?">?</naa:Description>
                           <!--Optional:-->
                           <naa:ValidityPeriod ref="?">
                              <!--Optional:-->
                              <naa:Complete Format="?">?</naa:Complete>
                              <!--Optional:-->
                              <naa:Description LanguageIdentifier="?" LanguageLocaleIdentifier="?">?</naa:Description>
                              <!--Optional:-->
                              <naa:Duration UnitCode="?">?</naa:Duration>
                              <!--Optional:-->
                              <naa:End Format="?">?</naa:End>
                              <naa:Identification identificationSchemeName="?" identificationSchemeURI="?" identificationSchemeVersion="?" identificationSchemeAgency="?">?</naa:Identification>
                              <!--Optional:-->
                              <naa:Inclusive Format="?">?</naa:Inclusive>
                              <!--Optional:-->
                              <naa:Name LanguageIdentifier="?" LanguageLocaleIdentifier="?">?</naa:Name>
                              <!--Optional:-->
                              <naa:Sequence identificationSchemeName="?" identificationSchemeURI="?" identificationSchemeVersion="?" identificationSchemeAgency="?">?</naa:Sequence>
                              <naa:Start Format="?">?</naa:Start>
                           </naa:ValidityPeriod>
                        </naa:Status>
                        <!--Zero or more repetitions:-->
                        <naa:Telephone ref="?">
                           <!--Optional:-->
                           <naa:AreaCode codeName="?" codeListURI="?" codeListAgency="?" codeListName="?" codeListVersion="?">?</naa:AreaCode>
                           <!--Optional:-->
                           <naa:CountryCode codeName="?" codeListURI="?" codeListAgency="?" codeListName="?" codeListVersion="?">?</naa:CountryCode>
                           <!--Optional:-->
                           <naa:Extension LanguageIdentifier="?" LanguageLocaleIdentifier="?">?</naa:Extension>
                           <naa:Number identificationSchemeName="?" identificationSchemeURI="?" identificationSchemeVersion="?" identificationSchemeAgency="?">?</naa:Number>
                           <naa:Type codeName="?" codeListURI="?" codeListAgency="?" codeListName="?" codeListVersion="?">?</naa:Type>
                        </naa:Telephone>
                     </naa:Person>
                     <naa:Identification identificationSchemeName="?" identificationSchemeURI="?" identificationSchemeVersion="?" identificationSchemeAgency="?">?</naa:Identification>
                     <!--Optional:-->
                     <naa:Language codeName="?" codeListURI="?" codeListAgency="?" codeListName="?" codeListVersion="?">?</naa:Language>
                     <naa:Name LanguageIdentifier="?" LanguageLocaleIdentifier="?">?</naa:Name>
                     <!--Optional:-->
                     <naa:Type LanguageIdentifier="?" LanguageLocaleIdentifier="?">?</naa:Type>
                  </da:Party>
                  <!--Optional:-->
                  <da:Type codeName="?" codeListURI="?" codeListAgency="?" codeListName="?" codeListVersion="?">?</da:Type>
               </da:PartyRole>
               <!--Zero or more repetitions:-->
               <da:Period ref="?">
                  <!--Optional:-->
                  <naa:Complete Format="?">?</naa:Complete>
                  <!--Optional:-->
                  <naa:Description LanguageIdentifier="?" LanguageLocaleIdentifier="?">?</naa:Description>
                  <!--Optional:-->
                  <naa:Duration UnitCode="?">?</naa:Duration>
                  <!--Optional:-->
                  <naa:End Format="?">?</naa:End>
                  <naa:Identification identificationSchemeName="?" identificationSchemeURI="?" identificationSchemeVersion="?" identificationSchemeAgency="?">?</naa:Identification>
                  <!--Optional:-->
                  <naa:Inclusive Format="?">?</naa:Inclusive>
                  <!--Optional:-->
                  <naa:Name LanguageIdentifier="?" LanguageLocaleIdentifier="?">?</naa:Name>
                  <!--Optional:-->
                  <naa:Sequence identificationSchemeName="?" identificationSchemeURI="?" identificationSchemeVersion="?" identificationSchemeAgency="?">?</naa:Sequence>
                  <naa:Start Format="?">?</naa:Start>
               </da:Period>
               <!--Zero or more repetitions:-->
               <da:PublicOpinion ref="?">
                  <!--Zero or more repetitions:-->
                  <da:Attachment ref="?">
                     <!--Zero or more repetitions:-->
                     <da:Contributor LanguageIdentifier="?" LanguageLocaleIdentifier="?">?</da:Contributor>
                     <!--Zero or more repetitions:-->
                     <da:Coverage LanguageIdentifier="?" LanguageLocaleIdentifier="?">?</da:Coverage>
                     <!--Zero or more repetitions:-->
                     <da:Creator LanguageIdentifier="?" LanguageLocaleIdentifier="?">?</da:Creator>
                     <!--Optional:-->
                     <da:Date Format="?">?</da:Date>
                     <!--Zero or more repetitions:-->
                     <da:Description LanguageIdentifier="?" LanguageLocaleIdentifier="?">?</da:Description>
                     <!--Optional:-->
                     <da:Format LanguageIdentifier="?" LanguageLocaleIdentifier="?">?</da:Format>
                     <da:Identification identificationSchemeName="?" identificationSchemeURI="?" identificationSchemeVersion="?" identificationSchemeAgency="?">?</da:Identification>
                     <!--Zero or more repetitions:-->
                     <da:Language LanguageIdentifier="?" LanguageLocaleIdentifier="?">?</da:Language>
                     <!--Zero or more repetitions:-->
                     <da:Publisher LanguageIdentifier="?" LanguageLocaleIdentifier="?">?</da:Publisher>
                     <!--Zero or more repetitions:-->
                     <da:Relation LanguageIdentifier="?" LanguageLocaleIdentifier="?">?</da:Relation>
                     <!--Zero or more repetitions:-->
                     <da:Rights LanguageIdentifier="?" LanguageLocaleIdentifier="?">?</da:Rights>
                     <!--Optional:-->
                     <da:Size UnitCode="?">?</da:Size>
                     <!--Zero or more repetitions:-->
                     <da:Source LanguageIdentifier="?" LanguageLocaleIdentifier="?">?</da:Source>
                     <!--Optional:-->
                     <da:Subject LanguageIdentifier="?" LanguageLocaleIdentifier="?">?</da:Subject>
                     <!--Optional:-->
                     <da:Title LanguageIdentifier="?" LanguageLocaleIdentifier="?">?</da:Title>
                     <!--Optional:-->
                     <da:Type LanguageIdentifier="?" LanguageLocaleIdentifier="?">?</da:Type>
                     <!--Optional:-->
                     <da:Version LanguageIdentifier="?" LanguageLocaleIdentifier="?">?</da:Version>
                     <!--You have a CHOICE of the next 2 items at this level-->
                     <!--Optional:-->
                     <da:Attachment Format="?" MimeCode="?" CharacterSetCode="?" EncodingCode="?" UniformResourceIdentifier="?" Filename="?">cid:542977454781</da:Attachment>
                     <!--Optional:-->
                     <da:URI>?</da:URI>
                  </da:Attachment>
                  <!--Optional:-->
                  <da:Comments LanguageIdentifier="?" LanguageLocaleIdentifier="?">?</da:Comments>
                  <da:Reported Format="?">?</da:Reported>
               </da:PublicOpinion>
               <da:Type codeName="?" codeListURI="?" codeListAgency="?" codeListName="?" codeListVersion="?">?</da:Type>
            </da:PublicNotificationObligation>
            <!--Zero or more repetitions:-->
            <da:ReasonDetails ref="?">
               <!--Optional:-->
               <da:DateTime Format="?">?</da:DateTime>
               <!--Optional:-->
               <da:Description LanguageIdentifier="?" LanguageLocaleIdentifier="?">?</da:Description>
               <da:ReasonCode codeName="?" codeListURI="?" codeListAgency="?" codeListName="?" codeListVersion="?">?</da:ReasonCode>
               <!--Zero or more repetitions:-->
               <da:ReasonText LanguageIdentifier="?" LanguageLocaleIdentifier="?">?</da:ReasonText>
            </da:ReasonDetails>
            <!--Zero or more repetitions:-->
            <da:ReferencedApplication ref="?">
               <da:ApplicationNumber identificationSchemeName="?" identificationSchemeURI="?" identificationSchemeVersion="?" identificationSchemeAgency="?">?</da:ApplicationNumber>
               <!--Optional:-->
               <da:Type codeName="?" codeListURI="?" codeListAgency="?" codeListName="?" codeListVersion="?">?</da:Type>
            </da:ReferencedApplication>
            <!--Zero or more repetitions:-->
            <da:ReferralObligation ref="?">
               <!--Optional:-->
               <da:Classification codeName="?" codeListURI="?" codeListAgency="?" codeListName="?" codeListVersion="?">?</da:Classification>
               <!--Optional:-->
               <da:ComplianceDate Format="?">?</da:ComplianceDate>
               <!--Zero or more repetitions:-->
               <da:Description LanguageIdentifier="?" LanguageLocaleIdentifier="?">?</da:Description>
               <da:Identification identificationSchemeName="?" identificationSchemeURI="?" identificationSchemeVersion="?" identificationSchemeAgency="?">?</da:Identification>
               <!--Zero or more repetitions:-->
               <da:Period ref="?">
                  <!--Optional:-->
                  <naa:Complete Format="?">?</naa:Complete>
                  <!--Optional:-->
                  <naa:Description LanguageIdentifier="?" LanguageLocaleIdentifier="?">?</naa:Description>
                  <!--Optional:-->
                  <naa:Duration UnitCode="?">?</naa:Duration>
                  <!--Optional:-->
                  <naa:End Format="?">?</naa:End>
                  <naa:Identification identificationSchemeName="?" identificationSchemeURI="?" identificationSchemeVersion="?" identificationSchemeAgency="?">?</naa:Identification>
                  <!--Optional:-->
                  <naa:Inclusive Format="?">?</naa:Inclusive>
                  <!--Optional:-->
                  <naa:Name LanguageIdentifier="?" LanguageLocaleIdentifier="?">?</naa:Name>
                  <!--Optional:-->
                  <naa:Sequence identificationSchemeName="?" identificationSchemeURI="?" identificationSchemeVersion="?" identificationSchemeAgency="?">?</naa:Sequence>
                  <naa:Start Format="?">?</naa:Start>
               </da:Period>
               <!--Zero or more repetitions:-->
               <da:ReferralAuthorityPartyRole ref="?">
                  <!--Optional:-->
                  <da:DateTime Format="?">?</da:DateTime>
                  <!--1 or more repetitions:-->
                  <da:Party ref="?">
                     <!--Optional:-->
                     <naa:AccessRights codeName="?" codeListURI="?" codeListAgency="?" codeListName="?" codeListVersion="?">?</naa:AccessRights>
                     <!--Optional:-->
                     <naa:Description LanguageIdentifier="?" LanguageLocaleIdentifier="?">?</naa:Description>
                     <!--You have a CHOICE of the next 2 items at this level-->
                     <!--Optional:-->
                     <naa:Organisation ref="?">
                        <!--Zero or more repetitions:-->
                        <naa:Contact ref="?">
                           <!--Optional:-->
                           <naa:DepartmentName LanguageIdentifier="?" LanguageLocaleIdentifier="?">?</naa:DepartmentName>
                           <!--Optional:-->
                           <naa:Description LanguageIdentifier="?" LanguageLocaleIdentifier="?">?</naa:Description>
                           <naa:Identification identificationSchemeName="?" identificationSchemeURI="?" identificationSchemeVersion="?" identificationSchemeAgency="?">?</naa:Identification>
                           <!--Zero or more repetitions:-->
                           <naa:Internet ref="?">
                              <naa:Type codeName="?" codeListURI="?" codeListAgency="?" codeListName="?" codeListVersion="?">?</naa:Type>
                              <naa:URI>?</naa:URI>
                           </naa:Internet>
                           <!--Optional:-->
                           <naa:IsPrimary Format="?">?</naa:IsPrimary>
                           <!--Optional:-->
                           <naa:JobTitle LanguageIdentifier="?" LanguageLocaleIdentifier="?">?</naa:JobTitle>
                           <!--Optional:-->
                           <naa:PersonName ref="?">
                              <naa:Classification codeName="?" codeListURI="?" codeListAgency="?" codeListName="?" codeListVersion="?">?</naa:Classification>
                              <!--Optional:-->
                              <naa:FamilyName LanguageIdentifier="?" LanguageLocaleIdentifier="?">?</naa:FamilyName>
                              <!--Optional:-->
                              <naa:FamilyNamePrefix LanguageIdentifier="?" LanguageLocaleIdentifier="?">?</naa:FamilyNamePrefix>
                              <!--Optional:-->
                              <naa:GivenName LanguageIdentifier="?" LanguageLocaleIdentifier="?">?</naa:GivenName>
                              <!--Optional:-->
                              <naa:MiddleName LanguageIdentifier="?" LanguageLocaleIdentifier="?">?</naa:MiddleName>
                              <!--Optional:-->
                              <naa:Name LanguageIdentifier="?" LanguageLocaleIdentifier="?">?</naa:Name>
                              <!--Optional:-->
                              <naa:NameSuffix codeName="?" codeListURI="?" codeListAgency="?" codeListName="?" codeListVersion="?">?</naa:NameSuffix>
                              <!--Optional:-->
                              <naa:Salutation LanguageIdentifier="?" LanguageLocaleIdentifier="?">?</naa:Salutation>
                              <!--Optional:-->
                              <naa:Title codeName="?" codeListURI="?" codeListAgency="?" codeListName="?" codeListVersion="?">?</naa:Title>
                              <!--Optional:-->
                              <naa:ValidityPeriod ref="?">
                                 <!--Optional:-->
                                 <naa:Complete Format="?">?</naa:Complete>
                                 <!--Optional:-->
                                 <naa:Description LanguageIdentifier="?" LanguageLocaleIdentifier="?">?</naa:Description>
                                 <!--Optional:-->
                                 <naa:Duration UnitCode="?">?</naa:Duration>
                                 <!--Optional:-->
                                 <naa:End Format="?">?</naa:End>
                                 <naa:Identification identificationSchemeName="?" identificationSchemeURI="?" identificationSchemeVersion="?" identificationSchemeAgency="?">?</naa:Identification>
                                 <!--Optional:-->
                                 <naa:Inclusive Format="?">?</naa:Inclusive>
                                 <!--Optional:-->
                                 <naa:Name LanguageIdentifier="?" LanguageLocaleIdentifier="?">?</naa:Name>
                                 <!--Optional:-->
                                 <naa:Sequence identificationSchemeName="?" identificationSchemeURI="?" identificationSchemeVersion="?" identificationSchemeAgency="?">?</naa:Sequence>
                                 <naa:Start Format="?">?</naa:Start>
                              </naa:ValidityPeriod>
                           </naa:PersonName>
                           <!--Optional:-->
                           <naa:Responsibility LanguageIdentifier="?" LanguageLocaleIdentifier="?">?</naa:Responsibility>
                           <!--Zero or more repetitions:-->
                           <naa:Telephone ref="?">
                              <!--Optional:-->
                              <naa:AreaCode codeName="?" codeListURI="?" codeListAgency="?" codeListName="?" codeListVersion="?">?</naa:AreaCode>
                              <!--Optional:-->
                              <naa:CountryCode codeName="?" codeListURI="?" codeListAgency="?" codeListName="?" codeListVersion="?">?</naa:CountryCode>
                              <!--Optional:-->
                              <naa:Extension LanguageIdentifier="?" LanguageLocaleIdentifier="?">?</naa:Extension>
                              <naa:Number identificationSchemeName="?" identificationSchemeURI="?" identificationSchemeVersion="?" identificationSchemeAgency="?">?</naa:Number>
                              <naa:Type codeName="?" codeListURI="?" codeListAgency="?" codeListName="?" codeListVersion="?">?</naa:Type>
                           </naa:Telephone>
                           <!--Optional:-->
                           <naa:Type codeName="?" codeListURI="?" codeListAgency="?" codeListName="?" codeListVersion="?">?</naa:Type>
                        </naa:Contact>
                        <!--Optional:-->
                        <naa:Description LanguageIdentifier="?" LanguageLocaleIdentifier="?">?</naa:Description>
                        <naa:Identification identificationSchemeName="?" identificationSchemeURI="?" identificationSchemeVersion="?" identificationSchemeAgency="?">?</naa:Identification>
                        <!--Optional:-->
                        <naa:IndustryClassification codeName="?" codeListURI="?" codeListAgency="?" codeListName="?" codeListVersion="?">?</naa:IndustryClassification>
                        <!--Zero or more repetitions:-->
                        <naa:Internet ref="?">
                           <naa:Type codeName="?" codeListURI="?" codeListAgency="?" codeListName="?" codeListVersion="?">?</naa:Type>
                           <naa:URI>?</naa:URI>
                        </naa:Internet>
                        <!--Optional:-->
                        <naa:IsActive Format="?">?</naa:IsActive>
                        <!--Optional:-->
                        <naa:LegalClassification codeName="?" codeListURI="?" codeListAgency="?" codeListName="?" codeListVersion="?">?</naa:LegalClassification>
                        <!--Zero or more repetitions:-->
                        <naa:Organisation/>
                        <!--1 or more repetitions:-->
                        <naa:OrganisationName ref="?">
                           <naa:Classification codeName="?" codeListURI="?" codeListAgency="?" codeListName="?" codeListVersion="?">?</naa:Classification>
                           <naa:Name LanguageIdentifier="?" LanguageLocaleIdentifier="?">?</naa:Name>
                           <!--Optional:-->
                           <naa:ValidityPeriod ref="?">
                              <!--Optional:-->
                              <naa:Complete Format="?">?</naa:Complete>
                              <!--Optional:-->
                              <naa:Description LanguageIdentifier="?" LanguageLocaleIdentifier="?">?</naa:Description>
                              <!--Optional:-->
                              <naa:Duration UnitCode="?">?</naa:Duration>
                              <!--Optional:-->
                              <naa:End Format="?">?</naa:End>
                              <naa:Identification identificationSchemeName="?" identificationSchemeURI="?" identificationSchemeVersion="?" identificationSchemeAgency="?">?</naa:Identification>
                              <!--Optional:-->
                              <naa:Inclusive Format="?">?</naa:Inclusive>
                              <!--Optional:-->
                              <naa:Name LanguageIdentifier="?" LanguageLocaleIdentifier="?">?</naa:Name>
                              <!--Optional:-->
                              <naa:Sequence identificationSchemeName="?" identificationSchemeURI="?" identificationSchemeVersion="?" identificationSchemeAgency="?">?</naa:Sequence>
                              <naa:Start Format="?">?</naa:Start>
                           </naa:ValidityPeriod>
                        </naa:OrganisationName>
                        <!--Zero or more repetitions:-->
                        <naa:PhysicalAddress ref="?">
                           <!--Zero or more repetitions:-->
                           <naa:Address/>
                           <!--Optional:-->
                           <naa:BlockName LanguageIdentifier="?" LanguageLocaleIdentifier="?">?</naa:BlockName>
                           <!--Optional:-->
                           <naa:BuildingName LanguageIdentifier="?" LanguageLocaleIdentifier="?">?</naa:BuildingName>
                           <!--Optional:-->
                           <naa:BuildingNumber LanguageIdentifier="?" LanguageLocaleIdentifier="?">?</naa:BuildingNumber>
                           <!--Optional:-->
                           <naa:CityName LanguageIdentifier="?" LanguageLocaleIdentifier="?">?</naa:CityName>
                           <!--Optional:-->
                           <naa:Code codeName="?" codeListURI="?" codeListAgency="?" codeListName="?" codeListVersion="?">?</naa:Code>
                           <!--Optional:-->
                           <naa:CountryName codeName="?" codeListURI="?" codeListAgency="?" codeListName="?" codeListVersion="?">?</naa:CountryName>
                           <!--Optional:-->
                           <naa:CountrySubDivision codeName="?" codeListURI="?" codeListAgency="?" codeListName="?" codeListVersion="?">?</naa:CountrySubDivision>
                           <!--Zero or more repetitions:-->
                           <naa:Geocode ref="?">
                              <!--Optional:-->
                              <naa:AltimetricSystem codeName="?" codeListURI="?" codeListAgency="?" codeListName="?" codeListVersion="?">?</naa:AltimetricSystem>
                              <!--Optional:-->
                              <naa:Altitude Format="?">?</naa:Altitude>
                              <naa:Identification identificationSchemeName="?" identificationSchemeURI="?" identificationSchemeVersion="?" identificationSchemeAgency="?">?</naa:Identification>
                              <naa:Latitude Format="?">?</naa:Latitude>
                              <!--Optional:-->
                              <naa:LatitudeDirection codeName="?" codeListURI="?" codeListAgency="?" codeListName="?" codeListVersion="?">?</naa:LatitudeDirection>
                              <naa:Longitude Format="?">?</naa:Longitude>
                              <!--Optional:-->
                              <naa:LongitudeDirection codeName="?" codeListURI="?" codeListAgency="?" codeListName="?" codeListVersion="?">?</naa:LongitudeDirection>
                              <!--Optional:-->
                              <naa:System codeName="?" codeListURI="?" codeListAgency="?" codeListName="?" codeListVersion="?">?</naa:System>
                           </naa:Geocode>
                           <naa:Identification identificationSchemeName="?" identificationSchemeURI="?" identificationSchemeVersion="?" identificationSchemeAgency="?">?</naa:Identification>
                           <!--Optional:-->
                           <naa:LineFive LanguageIdentifier="?" LanguageLocaleIdentifier="?">?</naa:LineFive>
                           <!--Optional:-->
                           <naa:LineFour LanguageIdentifier="?" LanguageLocaleIdentifier="?">?</naa:LineFour>
                           <!--Optional:-->
                           <naa:LineOne LanguageIdentifier="?" LanguageLocaleIdentifier="?">?</naa:LineOne>
                           <!--Optional:-->
                           <naa:LineSix LanguageIdentifier="?" LanguageLocaleIdentifier="?">?</naa:LineSix>
                           <!--Optional:-->
                           <naa:LineThree LanguageIdentifier="?" LanguageLocaleIdentifier="?">?</naa:LineThree>
                           <!--Optional:-->
                           <naa:LineTwo LanguageIdentifier="?" LanguageLocaleIdentifier="?">?</naa:LineTwo>
                           <!--Optional:-->
                           <naa:PostOfficeBox LanguageIdentifier="?" LanguageLocaleIdentifier="?">?</naa:PostOfficeBox>
                           <!--Optional:-->
                           <naa:Postcode LanguageIdentifier="?" LanguageLocaleIdentifier="?">?</naa:Postcode>
                           <!--Optional:-->
                           <naa:StreetName LanguageIdentifier="?" LanguageLocaleIdentifier="?">?</naa:StreetName>
                           <!--Optional:-->
                           <naa:StreetSuffix codeName="?" codeListURI="?" codeListAgency="?" codeListName="?" codeListVersion="?">?</naa:StreetSuffix>
                           <!--Optional:-->
                           <naa:StreetType codeName="?" codeListURI="?" codeListAgency="?" codeListName="?" codeListVersion="?">?</naa:StreetType>
                           <!--Optional:-->
                           <naa:Usage codeName="?" codeListURI="?" codeListAgency="?" codeListName="?" codeListVersion="?">?</naa:Usage>
                           <!--Optional:-->
                           <naa:UsagePeriod ref="?">
                              <!--Optional:-->
                              <naa:Complete Format="?">?</naa:Complete>
                              <!--Optional:-->
                              <naa:Description LanguageIdentifier="?" LanguageLocaleIdentifier="?">?</naa:Description>
                              <!--Optional:-->
                              <naa:Duration UnitCode="?">?</naa:Duration>
                              <!--Optional:-->
                              <naa:End Format="?">?</naa:End>
                              <naa:Identification identificationSchemeName="?" identificationSchemeURI="?" identificationSchemeVersion="?" identificationSchemeAgency="?">?</naa:Identification>
                              <!--Optional:-->
                              <naa:Inclusive Format="?">?</naa:Inclusive>
                              <!--Optional:-->
                              <naa:Name LanguageIdentifier="?" LanguageLocaleIdentifier="?">?</naa:Name>
                              <!--Optional:-->
                              <naa:Sequence identificationSchemeName="?" identificationSchemeURI="?" identificationSchemeVersion="?" identificationSchemeAgency="?">?</naa:Sequence>
                              <naa:Start Format="?">?</naa:Start>
                           </naa:UsagePeriod>
                        </naa:PhysicalAddress>
                        <!--Zero or more repetitions:-->
                        <naa:PostalAddress ref="?">
                           <!--Zero or more repetitions:-->
                           <naa:Address/>
                           <!--Optional:-->
                           <naa:BlockName LanguageIdentifier="?" LanguageLocaleIdentifier="?">?</naa:BlockName>
                           <!--Optional:-->
                           <naa:BuildingName LanguageIdentifier="?" LanguageLocaleIdentifier="?">?</naa:BuildingName>
                           <!--Optional:-->
                           <naa:BuildingNumber LanguageIdentifier="?" LanguageLocaleIdentifier="?">?</naa:BuildingNumber>
                           <!--Optional:-->
                           <naa:CityName LanguageIdentifier="?" LanguageLocaleIdentifier="?">?</naa:CityName>
                           <!--Optional:-->
                           <naa:Code codeName="?" codeListURI="?" codeListAgency="?" codeListName="?" codeListVersion="?">?</naa:Code>
                           <!--Optional:-->
                           <naa:CountryName codeName="?" codeListURI="?" codeListAgency="?" codeListName="?" codeListVersion="?">?</naa:CountryName>
                           <!--Optional:-->
                           <naa:CountrySubDivision codeName="?" codeListURI="?" codeListAgency="?" codeListName="?" codeListVersion="?">?</naa:CountrySubDivision>
                           <!--Zero or more repetitions:-->
                           <naa:Geocode ref="?">
                              <!--Optional:-->
                              <naa:AltimetricSystem codeName="?" codeListURI="?" codeListAgency="?" codeListName="?" codeListVersion="?">?</naa:AltimetricSystem>
                              <!--Optional:-->
                              <naa:Altitude Format="?">?</naa:Altitude>
                              <naa:Identification identificationSchemeName="?" identificationSchemeURI="?" identificationSchemeVersion="?" identificationSchemeAgency="?">?</naa:Identification>
                              <naa:Latitude Format="?">?</naa:Latitude>
                              <!--Optional:-->
                              <naa:LatitudeDirection codeName="?" codeListURI="?" codeListAgency="?" codeListName="?" codeListVersion="?">?</naa:LatitudeDirection>
                              <naa:Longitude Format="?">?</naa:Longitude>
                              <!--Optional:-->
                              <naa:LongitudeDirection codeName="?" codeListURI="?" codeListAgency="?" codeListName="?" codeListVersion="?">?</naa:LongitudeDirection>
                              <!--Optional:-->
                              <naa:System codeName="?" codeListURI="?" codeListAgency="?" codeListName="?" codeListVersion="?">?</naa:System>
                           </naa:Geocode>
                           <naa:Identification identificationSchemeName="?" identificationSchemeURI="?" identificationSchemeVersion="?" identificationSchemeAgency="?">?</naa:Identification>
                           <!--Optional:-->
                           <naa:LineFive LanguageIdentifier="?" LanguageLocaleIdentifier="?">?</naa:LineFive>
                           <!--Optional:-->
                           <naa:LineFour LanguageIdentifier="?" LanguageLocaleIdentifier="?">?</naa:LineFour>
                           <!--Optional:-->
                           <naa:LineOne LanguageIdentifier="?" LanguageLocaleIdentifier="?">?</naa:LineOne>
                           <!--Optional:-->
                           <naa:LineSix LanguageIdentifier="?" LanguageLocaleIdentifier="?">?</naa:LineSix>
                           <!--Optional:-->
                           <naa:LineThree LanguageIdentifier="?" LanguageLocaleIdentifier="?">?</naa:LineThree>
                           <!--Optional:-->
                           <naa:LineTwo LanguageIdentifier="?" LanguageLocaleIdentifier="?">?</naa:LineTwo>
                           <!--Optional:-->
                           <naa:PostOfficeBox LanguageIdentifier="?" LanguageLocaleIdentifier="?">?</naa:PostOfficeBox>
                           <!--Optional:-->
                           <naa:Postcode LanguageIdentifier="?" LanguageLocaleIdentifier="?">?</naa:Postcode>
                           <!--Optional:-->
                           <naa:StreetName LanguageIdentifier="?" LanguageLocaleIdentifier="?">?</naa:StreetName>
                           <!--Optional:-->
                           <naa:StreetSuffix codeName="?" codeListURI="?" codeListAgency="?" codeListName="?" codeListVersion="?">?</naa:StreetSuffix>
                           <!--Optional:-->
                           <naa:StreetType codeName="?" codeListURI="?" codeListAgency="?" codeListName="?" codeListVersion="?">?</naa:StreetType>
                           <!--Optional:-->
                           <naa:Usage codeName="?" codeListURI="?" codeListAgency="?" codeListName="?" codeListVersion="?">?</naa:Usage>
                           <!--Optional:-->
                           <naa:UsagePeriod ref="?">
                              <!--Optional:-->
                              <naa:Complete Format="?">?</naa:Complete>
                              <!--Optional:-->
                              <naa:Description LanguageIdentifier="?" LanguageLocaleIdentifier="?">?</naa:Description>
                              <!--Optional:-->
                              <naa:Duration UnitCode="?">?</naa:Duration>
                              <!--Optional:-->
                              <naa:End Format="?">?</naa:End>
                              <naa:Identification identificationSchemeName="?" identificationSchemeURI="?" identificationSchemeVersion="?" identificationSchemeAgency="?">?</naa:Identification>
                              <!--Optional:-->
                              <naa:Inclusive Format="?">?</naa:Inclusive>
                              <!--Optional:-->
                              <naa:Name LanguageIdentifier="?" LanguageLocaleIdentifier="?">?</naa:Name>
                              <!--Optional:-->
                              <naa:Sequence identificationSchemeName="?" identificationSchemeURI="?" identificationSchemeVersion="?" identificationSchemeAgency="?">?</naa:Sequence>
                              <naa:Start Format="?">?</naa:Start>
                           </naa:UsagePeriod>
                        </naa:PostalAddress>
                        <!--Zero or more repetitions:-->
                        <naa:Registration ref="?">
                           <!--Optional:-->
                           <naa:Category codeName="?" codeListURI="?" codeListAgency="?" codeListName="?" codeListVersion="?">?</naa:Category>
                           <!--Optional:-->
                           <naa:Country codeName="?" codeListURI="?" codeListAgency="?" codeListName="?" codeListVersion="?">?</naa:Country>
                           <naa:Identification identificationSchemeName="?" identificationSchemeURI="?" identificationSchemeVersion="?" identificationSchemeAgency="?">?</naa:Identification>
                           <!--Optional:-->
                           <naa:Licence identificationSchemeName="?" identificationSchemeURI="?" identificationSchemeVersion="?" identificationSchemeAgency="?">?</naa:Licence>
                           <!--Optional:-->
                           <naa:Recorded Format="?">?</naa:Recorded>
                           <!--Optional:-->
                           <naa:Type codeName="?" codeListURI="?" codeListAgency="?" codeListName="?" codeListVersion="?">?</naa:Type>
                           <!--Optional:-->
                           <naa:ValidityPeriod ref="?">
                              <!--Optional:-->
                              <naa:Complete Format="?">?</naa:Complete>
                              <!--Optional:-->
                              <naa:Description LanguageIdentifier="?" LanguageLocaleIdentifier="?">?</naa:Description>
                              <!--Optional:-->
                              <naa:Duration UnitCode="?">?</naa:Duration>
                              <!--Optional:-->
                              <naa:End Format="?">?</naa:End>
                              <naa:Identification identificationSchemeName="?" identificationSchemeURI="?" identificationSchemeVersion="?" identificationSchemeAgency="?">?</naa:Identification>
                              <!--Optional:-->
                              <naa:Inclusive Format="?">?</naa:Inclusive>
                              <!--Optional:-->
                              <naa:Name LanguageIdentifier="?" LanguageLocaleIdentifier="?">?</naa:Name>
                              <!--Optional:-->
                              <naa:Sequence identificationSchemeName="?" identificationSchemeURI="?" identificationSchemeVersion="?" identificationSchemeAgency="?">?</naa:Sequence>
                              <naa:Start Format="?">?</naa:Start>
                           </naa:ValidityPeriod>
                        </naa:Registration>
                        <!--Zero or more repetitions:-->
                        <naa:Status ref="?">
                           <naa:Code codeName="?" codeListURI="?" codeListAgency="?" codeListName="?" codeListVersion="?">?</naa:Code>
                           <!--Optional:-->
                           <naa:Description LanguageIdentifier="?" LanguageLocaleIdentifier="?">?</naa:Description>
                           <!--Optional:-->
                           <naa:ValidityPeriod ref="?">
                              <!--Optional:-->
                              <naa:Complete Format="?">?</naa:Complete>
                              <!--Optional:-->
                              <naa:Description LanguageIdentifier="?" LanguageLocaleIdentifier="?">?</naa:Description>
                              <!--Optional:-->
                              <naa:Duration UnitCode="?">?</naa:Duration>
                              <!--Optional:-->
                              <naa:End Format="?">?</naa:End>
                              <naa:Identification identificationSchemeName="?" identificationSchemeURI="?" identificationSchemeVersion="?" identificationSchemeAgency="?">?</naa:Identification>
                              <!--Optional:-->
                              <naa:Inclusive Format="?">?</naa:Inclusive>
                              <!--Optional:-->
                              <naa:Name LanguageIdentifier="?" LanguageLocaleIdentifier="?">?</naa:Name>
                              <!--Optional:-->
                              <naa:Sequence identificationSchemeName="?" identificationSchemeURI="?" identificationSchemeVersion="?" identificationSchemeAgency="?">?</naa:Sequence>
                              <naa:Start Format="?">?</naa:Start>
                           </naa:ValidityPeriod>
                        </naa:Status>
                        <!--Zero or more repetitions:-->
                        <naa:Telephone ref="?">
                           <!--Optional:-->
                           <naa:AreaCode codeName="?" codeListURI="?" codeListAgency="?" codeListName="?" codeListVersion="?">?</naa:AreaCode>
                           <!--Optional:-->
                           <naa:CountryCode codeName="?" codeListURI="?" codeListAgency="?" codeListName="?" codeListVersion="?">?</naa:CountryCode>
                           <!--Optional:-->
                           <naa:Extension LanguageIdentifier="?" LanguageLocaleIdentifier="?">?</naa:Extension>
                           <naa:Number identificationSchemeName="?" identificationSchemeURI="?" identificationSchemeVersion="?" identificationSchemeAgency="?">?</naa:Number>
                           <naa:Type codeName="?" codeListURI="?" codeListAgency="?" codeListName="?" codeListVersion="?">?</naa:Type>
                        </naa:Telephone>
                        <!--Optional:-->
                        <naa:Type codeName="?" codeListURI="?" codeListAgency="?" codeListName="?" codeListVersion="?">?</naa:Type>
                     </naa:Organisation>
                     <!--Optional:-->
                     <naa:Person ref="?">
                        <!--Optional:-->
                        <naa:Description LanguageIdentifier="?" LanguageLocaleIdentifier="?">?</naa:Description>
                        <naa:Identification identificationSchemeName="?" identificationSchemeURI="?" identificationSchemeVersion="?" identificationSchemeAgency="?">?</naa:Identification>
                        <!--Zero or more repetitions:-->
                        <naa:Internet ref="?">
                           <naa:Type codeName="?" codeListURI="?" codeListAgency="?" codeListName="?" codeListVersion="?">?</naa:Type>
                           <naa:URI>?</naa:URI>
                        </naa:Internet>
                        <!--1 or more repetitions:-->
                        <naa:PersonName ref="?">
                           <naa:Classification codeName="?" codeListURI="?" codeListAgency="?" codeListName="?" codeListVersion="?">?</naa:Classification>
                           <!--Optional:-->
                           <naa:FamilyName LanguageIdentifier="?" LanguageLocaleIdentifier="?">?</naa:FamilyName>
                           <!--Optional:-->
                           <naa:FamilyNamePrefix LanguageIdentifier="?" LanguageLocaleIdentifier="?">?</naa:FamilyNamePrefix>
                           <!--Optional:-->
                           <naa:GivenName LanguageIdentifier="?" LanguageLocaleIdentifier="?">?</naa:GivenName>
                           <!--Optional:-->
                           <naa:MiddleName LanguageIdentifier="?" LanguageLocaleIdentifier="?">?</naa:MiddleName>
                           <!--Optional:-->
                           <naa:Name LanguageIdentifier="?" LanguageLocaleIdentifier="?">?</naa:Name>
                           <!--Optional:-->
                           <naa:NameSuffix codeName="?" codeListURI="?" codeListAgency="?" codeListName="?" codeListVersion="?">?</naa:NameSuffix>
                           <!--Optional:-->
                           <naa:Salutation LanguageIdentifier="?" LanguageLocaleIdentifier="?">?</naa:Salutation>
                           <!--Optional:-->
                           <naa:Title codeName="?" codeListURI="?" codeListAgency="?" codeListName="?" codeListVersion="?">?</naa:Title>
                           <!--Optional:-->
                           <naa:ValidityPeriod ref="?">
                              <!--Optional:-->
                              <naa:Complete Format="?">?</naa:Complete>
                              <!--Optional:-->
                              <naa:Description LanguageIdentifier="?" LanguageLocaleIdentifier="?">?</naa:Description>
                              <!--Optional:-->
                              <naa:Duration UnitCode="?">?</naa:Duration>
                              <!--Optional:-->
                              <naa:End Format="?">?</naa:End>
                              <naa:Identification identificationSchemeName="?" identificationSchemeURI="?" identificationSchemeVersion="?" identificationSchemeAgency="?">?</naa:Identification>
                              <!--Optional:-->
                              <naa:Inclusive Format="?">?</naa:Inclusive>
                              <!--Optional:-->
                              <naa:Name LanguageIdentifier="?" LanguageLocaleIdentifier="?">?</naa:Name>
                              <!--Optional:-->
                              <naa:Sequence identificationSchemeName="?" identificationSchemeURI="?" identificationSchemeVersion="?" identificationSchemeAgency="?">?</naa:Sequence>
                              <naa:Start Format="?">?</naa:Start>
                           </naa:ValidityPeriod>
                        </naa:PersonName>
                        <!--Zero or more repetitions:-->
                        <naa:PostalAddress ref="?">
                           <!--Zero or more repetitions:-->
                           <naa:Address/>
                           <!--Optional:-->
                           <naa:BlockName LanguageIdentifier="?" LanguageLocaleIdentifier="?">?</naa:BlockName>
                           <!--Optional:-->
                           <naa:BuildingName LanguageIdentifier="?" LanguageLocaleIdentifier="?">?</naa:BuildingName>
                           <!--Optional:-->
                           <naa:BuildingNumber LanguageIdentifier="?" LanguageLocaleIdentifier="?">?</naa:BuildingNumber>
                           <!--Optional:-->
                           <naa:CityName LanguageIdentifier="?" LanguageLocaleIdentifier="?">?</naa:CityName>
                           <!--Optional:-->
                           <naa:Code codeName="?" codeListURI="?" codeListAgency="?" codeListName="?" codeListVersion="?">?</naa:Code>
                           <!--Optional:-->
                           <naa:CountryName codeName="?" codeListURI="?" codeListAgency="?" codeListName="?" codeListVersion="?">?</naa:CountryName>
                           <!--Optional:-->
                           <naa:CountrySubDivision codeName="?" codeListURI="?" codeListAgency="?" codeListName="?" codeListVersion="?">?</naa:CountrySubDivision>
                           <!--Zero or more repetitions:-->
                           <naa:Geocode ref="?">
                              <!--Optional:-->
                              <naa:AltimetricSystem codeName="?" codeListURI="?" codeListAgency="?" codeListName="?" codeListVersion="?">?</naa:AltimetricSystem>
                              <!--Optional:-->
                              <naa:Altitude Format="?">?</naa:Altitude>
                              <naa:Identification identificationSchemeName="?" identificationSchemeURI="?" identificationSchemeVersion="?" identificationSchemeAgency="?">?</naa:Identification>
                              <naa:Latitude Format="?">?</naa:Latitude>
                              <!--Optional:-->
                              <naa:LatitudeDirection codeName="?" codeListURI="?" codeListAgency="?" codeListName="?" codeListVersion="?">?</naa:LatitudeDirection>
                              <naa:Longitude Format="?">?</naa:Longitude>
                              <!--Optional:-->
                              <naa:LongitudeDirection codeName="?" codeListURI="?" codeListAgency="?" codeListName="?" codeListVersion="?">?</naa:LongitudeDirection>
                              <!--Optional:-->
                              <naa:System codeName="?" codeListURI="?" codeListAgency="?" codeListName="?" codeListVersion="?">?</naa:System>
                           </naa:Geocode>
                           <naa:Identification identificationSchemeName="?" identificationSchemeURI="?" identificationSchemeVersion="?" identificationSchemeAgency="?">?</naa:Identification>
                           <!--Optional:-->
                           <naa:LineFive LanguageIdentifier="?" LanguageLocaleIdentifier="?">?</naa:LineFive>
                           <!--Optional:-->
                           <naa:LineFour LanguageIdentifier="?" LanguageLocaleIdentifier="?">?</naa:LineFour>
                           <!--Optional:-->
                           <naa:LineOne LanguageIdentifier="?" LanguageLocaleIdentifier="?">?</naa:LineOne>
                           <!--Optional:-->
                           <naa:LineSix LanguageIdentifier="?" LanguageLocaleIdentifier="?">?</naa:LineSix>
                           <!--Optional:-->
                           <naa:LineThree LanguageIdentifier="?" LanguageLocaleIdentifier="?">?</naa:LineThree>
                           <!--Optional:-->
                           <naa:LineTwo LanguageIdentifier="?" LanguageLocaleIdentifier="?">?</naa:LineTwo>
                           <!--Optional:-->
                           <naa:PostOfficeBox LanguageIdentifier="?" LanguageLocaleIdentifier="?">?</naa:PostOfficeBox>
                           <!--Optional:-->
                           <naa:Postcode LanguageIdentifier="?" LanguageLocaleIdentifier="?">?</naa:Postcode>
                           <!--Optional:-->
                           <naa:StreetName LanguageIdentifier="?" LanguageLocaleIdentifier="?">?</naa:StreetName>
                           <!--Optional:-->
                           <naa:StreetSuffix codeName="?" codeListURI="?" codeListAgency="?" codeListName="?" codeListVersion="?">?</naa:StreetSuffix>
                           <!--Optional:-->
                           <naa:StreetType codeName="?" codeListURI="?" codeListAgency="?" codeListName="?" codeListVersion="?">?</naa:StreetType>
                           <!--Optional:-->
                           <naa:Usage codeName="?" codeListURI="?" codeListAgency="?" codeListName="?" codeListVersion="?">?</naa:Usage>
                           <!--Optional:-->
                           <naa:UsagePeriod ref="?">
                              <!--Optional:-->
                              <naa:Complete Format="?">?</naa:Complete>
                              <!--Optional:-->
                              <naa:Description LanguageIdentifier="?" LanguageLocaleIdentifier="?">?</naa:Description>
                              <!--Optional:-->
                              <naa:Duration UnitCode="?">?</naa:Duration>
                              <!--Optional:-->
                              <naa:End Format="?">?</naa:End>
                              <naa:Identification identificationSchemeName="?" identificationSchemeURI="?" identificationSchemeVersion="?" identificationSchemeAgency="?">?</naa:Identification>
                              <!--Optional:-->
                              <naa:Inclusive Format="?">?</naa:Inclusive>
                              <!--Optional:-->
                              <naa:Name LanguageIdentifier="?" LanguageLocaleIdentifier="?">?</naa:Name>
                              <!--Optional:-->
                              <naa:Sequence identificationSchemeName="?" identificationSchemeURI="?" identificationSchemeVersion="?" identificationSchemeAgency="?">?</naa:Sequence>
                              <naa:Start Format="?">?</naa:Start>
                           </naa:UsagePeriod>
                        </naa:PostalAddress>
                        <!--Zero or more repetitions:-->
                        <naa:Registration ref="?">
                           <!--Optional:-->
                           <naa:Category codeName="?" codeListURI="?" codeListAgency="?" codeListName="?" codeListVersion="?">?</naa:Category>
                           <!--Optional:-->
                           <naa:Country codeName="?" codeListURI="?" codeListAgency="?" codeListName="?" codeListVersion="?">?</naa:Country>
                           <naa:Identification identificationSchemeName="?" identificationSchemeURI="?" identificationSchemeVersion="?" identificationSchemeAgency="?">?</naa:Identification>
                           <!--Optional:-->
                           <naa:Licence identificationSchemeName="?" identificationSchemeURI="?" identificationSchemeVersion="?" identificationSchemeAgency="?">?</naa:Licence>
                           <!--Optional:-->
                           <naa:Recorded Format="?">?</naa:Recorded>
                           <!--Optional:-->
                           <naa:Type codeName="?" codeListURI="?" codeListAgency="?" codeListName="?" codeListVersion="?">?</naa:Type>
                           <!--Optional:-->
                           <naa:ValidityPeriod ref="?">
                              <!--Optional:-->
                              <naa:Complete Format="?">?</naa:Complete>
                              <!--Optional:-->
                              <naa:Description LanguageIdentifier="?" LanguageLocaleIdentifier="?">?</naa:Description>
                              <!--Optional:-->
                              <naa:Duration UnitCode="?">?</naa:Duration>
                              <!--Optional:-->
                              <naa:End Format="?">?</naa:End>
                              <naa:Identification identificationSchemeName="?" identificationSchemeURI="?" identificationSchemeVersion="?" identificationSchemeAgency="?">?</naa:Identification>
                              <!--Optional:-->
                              <naa:Inclusive Format="?">?</naa:Inclusive>
                              <!--Optional:-->
                              <naa:Name LanguageIdentifier="?" LanguageLocaleIdentifier="?">?</naa:Name>
                              <!--Optional:-->
                              <naa:Sequence identificationSchemeName="?" identificationSchemeURI="?" identificationSchemeVersion="?" identificationSchemeAgency="?">?</naa:Sequence>
                              <naa:Start Format="?">?</naa:Start>
                           </naa:ValidityPeriod>
                        </naa:Registration>
                        <!--Zero or more repetitions:-->
                        <naa:ResidentialAddress ref="?">
                           <!--Zero or more repetitions:-->
                           <naa:Address/>
                           <!--Optional:-->
                           <naa:BlockName LanguageIdentifier="?" LanguageLocaleIdentifier="?">?</naa:BlockName>
                           <!--Optional:-->
                           <naa:BuildingName LanguageIdentifier="?" LanguageLocaleIdentifier="?">?</naa:BuildingName>
                           <!--Optional:-->
                           <naa:BuildingNumber LanguageIdentifier="?" LanguageLocaleIdentifier="?">?</naa:BuildingNumber>
                           <!--Optional:-->
                           <naa:CityName LanguageIdentifier="?" LanguageLocaleIdentifier="?">?</naa:CityName>
                           <!--Optional:-->
                           <naa:Code codeName="?" codeListURI="?" codeListAgency="?" codeListName="?" codeListVersion="?">?</naa:Code>
                           <!--Optional:-->
                           <naa:CountryName codeName="?" codeListURI="?" codeListAgency="?" codeListName="?" codeListVersion="?">?</naa:CountryName>
                           <!--Optional:-->
                           <naa:CountrySubDivision codeName="?" codeListURI="?" codeListAgency="?" codeListName="?" codeListVersion="?">?</naa:CountrySubDivision>
                           <!--Zero or more repetitions:-->
                           <naa:Geocode ref="?">
                              <!--Optional:-->
                              <naa:AltimetricSystem codeName="?" codeListURI="?" codeListAgency="?" codeListName="?" codeListVersion="?">?</naa:AltimetricSystem>
                              <!--Optional:-->
                              <naa:Altitude Format="?">?</naa:Altitude>
                              <naa:Identification identificationSchemeName="?" identificationSchemeURI="?" identificationSchemeVersion="?" identificationSchemeAgency="?">?</naa:Identification>
                              <naa:Latitude Format="?">?</naa:Latitude>
                              <!--Optional:-->
                              <naa:LatitudeDirection codeName="?" codeListURI="?" codeListAgency="?" codeListName="?" codeListVersion="?">?</naa:LatitudeDirection>
                              <naa:Longitude Format="?">?</naa:Longitude>
                              <!--Optional:-->
                              <naa:LongitudeDirection codeName="?" codeListURI="?" codeListAgency="?" codeListName="?" codeListVersion="?">?</naa:LongitudeDirection>
                              <!--Optional:-->
                              <naa:System codeName="?" codeListURI="?" codeListAgency="?" codeListName="?" codeListVersion="?">?</naa:System>
                           </naa:Geocode>
                           <naa:Identification identificationSchemeName="?" identificationSchemeURI="?" identificationSchemeVersion="?" identificationSchemeAgency="?">?</naa:Identification>
                           <!--Optional:-->
                           <naa:LineFive LanguageIdentifier="?" LanguageLocaleIdentifier="?">?</naa:LineFive>
                           <!--Optional:-->
                           <naa:LineFour LanguageIdentifier="?" LanguageLocaleIdentifier="?">?</naa:LineFour>
                           <!--Optional:-->
                           <naa:LineOne LanguageIdentifier="?" LanguageLocaleIdentifier="?">?</naa:LineOne>
                           <!--Optional:-->
                           <naa:LineSix LanguageIdentifier="?" LanguageLocaleIdentifier="?">?</naa:LineSix>
                           <!--Optional:-->
                           <naa:LineThree LanguageIdentifier="?" LanguageLocaleIdentifier="?">?</naa:LineThree>
                           <!--Optional:-->
                           <naa:LineTwo LanguageIdentifier="?" LanguageLocaleIdentifier="?">?</naa:LineTwo>
                           <!--Optional:-->
                           <naa:PostOfficeBox LanguageIdentifier="?" LanguageLocaleIdentifier="?">?</naa:PostOfficeBox>
                           <!--Optional:-->
                           <naa:Postcode LanguageIdentifier="?" LanguageLocaleIdentifier="?">?</naa:Postcode>
                           <!--Optional:-->
                           <naa:StreetName LanguageIdentifier="?" LanguageLocaleIdentifier="?">?</naa:StreetName>
                           <!--Optional:-->
                           <naa:StreetSuffix codeName="?" codeListURI="?" codeListAgency="?" codeListName="?" codeListVersion="?">?</naa:StreetSuffix>
                           <!--Optional:-->
                           <naa:StreetType codeName="?" codeListURI="?" codeListAgency="?" codeListName="?" codeListVersion="?">?</naa:StreetType>
                           <!--Optional:-->
                           <naa:Usage codeName="?" codeListURI="?" codeListAgency="?" codeListName="?" codeListVersion="?">?</naa:Usage>
                           <!--Optional:-->
                           <naa:UsagePeriod ref="?">
                              <!--Optional:-->
                              <naa:Complete Format="?">?</naa:Complete>
                              <!--Optional:-->
                              <naa:Description LanguageIdentifier="?" LanguageLocaleIdentifier="?">?</naa:Description>
                              <!--Optional:-->
                              <naa:Duration UnitCode="?">?</naa:Duration>
                              <!--Optional:-->
                              <naa:End Format="?">?</naa:End>
                              <naa:Identification identificationSchemeName="?" identificationSchemeURI="?" identificationSchemeVersion="?" identificationSchemeAgency="?">?</naa:Identification>
                              <!--Optional:-->
                              <naa:Inclusive Format="?">?</naa:Inclusive>
                              <!--Optional:-->
                              <naa:Name LanguageIdentifier="?" LanguageLocaleIdentifier="?">?</naa:Name>
                              <!--Optional:-->
                              <naa:Sequence identificationSchemeName="?" identificationSchemeURI="?" identificationSchemeVersion="?" identificationSchemeAgency="?">?</naa:Sequence>
                              <naa:Start Format="?">?</naa:Start>
                           </naa:UsagePeriod>
                        </naa:ResidentialAddress>
                        <!--Zero or more repetitions:-->
                        <naa:Status ref="?">
                           <naa:Code codeName="?" codeListURI="?" codeListAgency="?" codeListName="?" codeListVersion="?">?</naa:Code>
                           <!--Optional:-->
                           <naa:Description LanguageIdentifier="?" LanguageLocaleIdentifier="?">?</naa:Description>
                           <!--Optional:-->
                           <naa:ValidityPeriod ref="?">
                              <!--Optional:-->
                              <naa:Complete Format="?">?</naa:Complete>
                              <!--Optional:-->
                              <naa:Description LanguageIdentifier="?" LanguageLocaleIdentifier="?">?</naa:Description>
                              <!--Optional:-->
                              <naa:Duration UnitCode="?">?</naa:Duration>
                              <!--Optional:-->
                              <naa:End Format="?">?</naa:End>
                              <naa:Identification identificationSchemeName="?" identificationSchemeURI="?" identificationSchemeVersion="?" identificationSchemeAgency="?">?</naa:Identification>
                              <!--Optional:-->
                              <naa:Inclusive Format="?">?</naa:Inclusive>
                              <!--Optional:-->
                              <naa:Name LanguageIdentifier="?" LanguageLocaleIdentifier="?">?</naa:Name>
                              <!--Optional:-->
                              <naa:Sequence identificationSchemeName="?" identificationSchemeURI="?" identificationSchemeVersion="?" identificationSchemeAgency="?">?</naa:Sequence>
                              <naa:Start Format="?">?</naa:Start>
                           </naa:ValidityPeriod>
                        </naa:Status>
                        <!--Zero or more repetitions:-->
                        <naa:Telephone ref="?">
                           <!--Optional:-->
                           <naa:AreaCode codeName="?" codeListURI="?" codeListAgency="?" codeListName="?" codeListVersion="?">?</naa:AreaCode>
                           <!--Optional:-->
                           <naa:CountryCode codeName="?" codeListURI="?" codeListAgency="?" codeListName="?" codeListVersion="?">?</naa:CountryCode>
                           <!--Optional:-->
                           <naa:Extension LanguageIdentifier="?" LanguageLocaleIdentifier="?">?</naa:Extension>
                           <naa:Number identificationSchemeName="?" identificationSchemeURI="?" identificationSchemeVersion="?" identificationSchemeAgency="?">?</naa:Number>
                           <naa:Type codeName="?" codeListURI="?" codeListAgency="?" codeListName="?" codeListVersion="?">?</naa:Type>
                        </naa:Telephone>
                     </naa:Person>
                     <naa:Identification identificationSchemeName="?" identificationSchemeURI="?" identificationSchemeVersion="?" identificationSchemeAgency="?">?</naa:Identification>
                     <!--Optional:-->
                     <naa:Language codeName="?" codeListURI="?" codeListAgency="?" codeListName="?" codeListVersion="?">?</naa:Language>
                     <naa:Name LanguageIdentifier="?" LanguageLocaleIdentifier="?">?</naa:Name>
                     <!--Optional:-->
                     <naa:Type LanguageIdentifier="?" LanguageLocaleIdentifier="?">?</naa:Type>
                  </da:Party>
                  <!--Optional:-->
                  <da:Type codeName="?" codeListURI="?" codeListAgency="?" codeListName="?" codeListVersion="?">?</da:Type>
               </da:ReferralAuthorityPartyRole>
               <!--Zero or more repetitions:-->
               <da:ReferralResponse ref="?">
                  <!--Zero or more repetitions:-->
                  <da:Attachment ref="?">
                     <!--Zero or more repetitions:-->
                     <da:Contributor LanguageIdentifier="?" LanguageLocaleIdentifier="?">?</da:Contributor>
                     <!--Zero or more repetitions:-->
                     <da:Coverage LanguageIdentifier="?" LanguageLocaleIdentifier="?">?</da:Coverage>
                     <!--Zero or more repetitions:-->
                     <da:Creator LanguageIdentifier="?" LanguageLocaleIdentifier="?">?</da:Creator>
                     <!--Optional:-->
                     <da:Date Format="?">?</da:Date>
                     <!--Zero or more repetitions:-->
                     <da:Description LanguageIdentifier="?" LanguageLocaleIdentifier="?">?</da:Description>
                     <!--Optional:-->
                     <da:Format LanguageIdentifier="?" LanguageLocaleIdentifier="?">?</da:Format>
                     <da:Identification identificationSchemeName="?" identificationSchemeURI="?" identificationSchemeVersion="?" identificationSchemeAgency="?">?</da:Identification>
                     <!--Zero or more repetitions:-->
                     <da:Language LanguageIdentifier="?" LanguageLocaleIdentifier="?">?</da:Language>
                     <!--Zero or more repetitions:-->
                     <da:Publisher LanguageIdentifier="?" LanguageLocaleIdentifier="?">?</da:Publisher>
                     <!--Zero or more repetitions:-->
                     <da:Relation LanguageIdentifier="?" LanguageLocaleIdentifier="?">?</da:Relation>
                     <!--Zero or more repetitions:-->
                     <da:Rights LanguageIdentifier="?" LanguageLocaleIdentifier="?">?</da:Rights>
                     <!--Optional:-->
                     <da:Size UnitCode="?">?</da:Size>
                     <!--Zero or more repetitions:-->
                     <da:Source LanguageIdentifier="?" LanguageLocaleIdentifier="?">?</da:Source>
                     <!--Optional:-->
                     <da:Subject LanguageIdentifier="?" LanguageLocaleIdentifier="?">?</da:Subject>
                     <!--Optional:-->
                     <da:Title LanguageIdentifier="?" LanguageLocaleIdentifier="?">?</da:Title>
                     <!--Optional:-->
                     <da:Type LanguageIdentifier="?" LanguageLocaleIdentifier="?">?</da:Type>
                     <!--Optional:-->
                     <da:Version LanguageIdentifier="?" LanguageLocaleIdentifier="?">?</da:Version>
                     <!--You have a CHOICE of the next 2 items at this level-->
                     <!--Optional:-->
                     <da:Attachment Format="?" MimeCode="?" CharacterSetCode="?" EncodingCode="?" UniformResourceIdentifier="?" Filename="?">cid:354019793494</da:Attachment>
                     <!--Optional:-->
                     <da:URI>?</da:URI>
                  </da:Attachment>
                  <!--Zero or more repetitions:-->
                  <da:Comments LanguageIdentifier="?" LanguageLocaleIdentifier="?">?</da:Comments>
                  <!--Zero or more repetitions:-->
                  <da:Condition ref="?">
                     <da:Classification codeName="?" codeListURI="?" codeListAgency="?" codeListName="?" codeListVersion="?">?</da:Classification>
                     <!--Optional:-->
                     <da:ConditionReference identificationSchemeName="?" identificationSchemeURI="?" identificationSchemeVersion="?" identificationSchemeAgency="?">?</da:ConditionReference>
                     <!--Optional:-->
                     <da:Detail LanguageIdentifier="?" LanguageLocaleIdentifier="?">?</da:Detail>
                     <da:Identification identificationSchemeName="?" identificationSchemeURI="?" identificationSchemeVersion="?" identificationSchemeAgency="?">?</da:Identification>
                     <!--Optional:-->
                     <da:Type codeName="?" codeListURI="?" codeListAgency="?" codeListName="?" codeListVersion="?">?</da:Type>
                  </da:Condition>
                  <da:ResponseDate Format="?">?</da:ResponseDate>
                  <da:Type codeName="?" codeListURI="?" codeListAgency="?" codeListName="?" codeListVersion="?">?</da:Type>
               </da:ReferralResponse>
               <!--Zero or more repetitions:-->
               <da:ReferrerPartyRole ref="?">
                  <!--Optional:-->
                  <da:DateTime Format="?">?</da:DateTime>
                  <!--1 or more repetitions:-->
                  <da:Party ref="?">
                     <!--Optional:-->
                     <naa:AccessRights codeName="?" codeListURI="?" codeListAgency="?" codeListName="?" codeListVersion="?">?</naa:AccessRights>
                     <!--Optional:-->
                     <naa:Description LanguageIdentifier="?" LanguageLocaleIdentifier="?">?</naa:Description>
                     <!--You have a CHOICE of the next 2 items at this level-->
                     <!--Optional:-->
                     <naa:Organisation ref="?">
                        <!--Zero or more repetitions:-->
                        <naa:Contact ref="?">
                           <!--Optional:-->
                           <naa:DepartmentName LanguageIdentifier="?" LanguageLocaleIdentifier="?">?</naa:DepartmentName>
                           <!--Optional:-->
                           <naa:Description LanguageIdentifier="?" LanguageLocaleIdentifier="?">?</naa:Description>
                           <naa:Identification identificationSchemeName="?" identificationSchemeURI="?" identificationSchemeVersion="?" identificationSchemeAgency="?">?</naa:Identification>
                           <!--Zero or more repetitions:-->
                           <naa:Internet ref="?">
                              <naa:Type codeName="?" codeListURI="?" codeListAgency="?" codeListName="?" codeListVersion="?">?</naa:Type>
                              <naa:URI>?</naa:URI>
                           </naa:Internet>
                           <!--Optional:-->
                           <naa:IsPrimary Format="?">?</naa:IsPrimary>
                           <!--Optional:-->
                           <naa:JobTitle LanguageIdentifier="?" LanguageLocaleIdentifier="?">?</naa:JobTitle>
                           <!--Optional:-->
                           <naa:PersonName ref="?">
                              <naa:Classification codeName="?" codeListURI="?" codeListAgency="?" codeListName="?" codeListVersion="?">?</naa:Classification>
                              <!--Optional:-->
                              <naa:FamilyName LanguageIdentifier="?" LanguageLocaleIdentifier="?">?</naa:FamilyName>
                              <!--Optional:-->
                              <naa:FamilyNamePrefix LanguageIdentifier="?" LanguageLocaleIdentifier="?">?</naa:FamilyNamePrefix>
                              <!--Optional:-->
                              <naa:GivenName LanguageIdentifier="?" LanguageLocaleIdentifier="?">?</naa:GivenName>
                              <!--Optional:-->
                              <naa:MiddleName LanguageIdentifier="?" LanguageLocaleIdentifier="?">?</naa:MiddleName>
                              <!--Optional:-->
                              <naa:Name LanguageIdentifier="?" LanguageLocaleIdentifier="?">?</naa:Name>
                              <!--Optional:-->
                              <naa:NameSuffix codeName="?" codeListURI="?" codeListAgency="?" codeListName="?" codeListVersion="?">?</naa:NameSuffix>
                              <!--Optional:-->
                              <naa:Salutation LanguageIdentifier="?" LanguageLocaleIdentifier="?">?</naa:Salutation>
                              <!--Optional:-->
                              <naa:Title codeName="?" codeListURI="?" codeListAgency="?" codeListName="?" codeListVersion="?">?</naa:Title>
                              <!--Optional:-->
                              <naa:ValidityPeriod ref="?">
                                 <!--Optional:-->
                                 <naa:Complete Format="?">?</naa:Complete>
                                 <!--Optional:-->
                                 <naa:Description LanguageIdentifier="?" LanguageLocaleIdentifier="?">?</naa:Description>
                                 <!--Optional:-->
                                 <naa:Duration UnitCode="?">?</naa:Duration>
                                 <!--Optional:-->
                                 <naa:End Format="?">?</naa:End>
                                 <naa:Identification identificationSchemeName="?" identificationSchemeURI="?" identificationSchemeVersion="?" identificationSchemeAgency="?">?</naa:Identification>
                                 <!--Optional:-->
                                 <naa:Inclusive Format="?">?</naa:Inclusive>
                                 <!--Optional:-->
                                 <naa:Name LanguageIdentifier="?" LanguageLocaleIdentifier="?">?</naa:Name>
                                 <!--Optional:-->
                                 <naa:Sequence identificationSchemeName="?" identificationSchemeURI="?" identificationSchemeVersion="?" identificationSchemeAgency="?">?</naa:Sequence>
                                 <naa:Start Format="?">?</naa:Start>
                              </naa:ValidityPeriod>
                           </naa:PersonName>
                           <!--Optional:-->
                           <naa:Responsibility LanguageIdentifier="?" LanguageLocaleIdentifier="?">?</naa:Responsibility>
                           <!--Zero or more repetitions:-->
                           <naa:Telephone ref="?">
                              <!--Optional:-->
                              <naa:AreaCode codeName="?" codeListURI="?" codeListAgency="?" codeListName="?" codeListVersion="?">?</naa:AreaCode>
                              <!--Optional:-->
                              <naa:CountryCode codeName="?" codeListURI="?" codeListAgency="?" codeListName="?" codeListVersion="?">?</naa:CountryCode>
                              <!--Optional:-->
                              <naa:Extension LanguageIdentifier="?" LanguageLocaleIdentifier="?">?</naa:Extension>
                              <naa:Number identificationSchemeName="?" identificationSchemeURI="?" identificationSchemeVersion="?" identificationSchemeAgency="?">?</naa:Number>
                              <naa:Type codeName="?" codeListURI="?" codeListAgency="?" codeListName="?" codeListVersion="?">?</naa:Type>
                           </naa:Telephone>
                           <!--Optional:-->
                           <naa:Type codeName="?" codeListURI="?" codeListAgency="?" codeListName="?" codeListVersion="?">?</naa:Type>
                        </naa:Contact>
                        <!--Optional:-->
                        <naa:Description LanguageIdentifier="?" LanguageLocaleIdentifier="?">?</naa:Description>
                        <naa:Identification identificationSchemeName="?" identificationSchemeURI="?" identificationSchemeVersion="?" identificationSchemeAgency="?">?</naa:Identification>
                        <!--Optional:-->
                        <naa:IndustryClassification codeName="?" codeListURI="?" codeListAgency="?" codeListName="?" codeListVersion="?">?</naa:IndustryClassification>
                        <!--Zero or more repetitions:-->
                        <naa:Internet ref="?">
                           <naa:Type codeName="?" codeListURI="?" codeListAgency="?" codeListName="?" codeListVersion="?">?</naa:Type>
                           <naa:URI>?</naa:URI>
                        </naa:Internet>
                        <!--Optional:-->
                        <naa:IsActive Format="?">?</naa:IsActive>
                        <!--Optional:-->
                        <naa:LegalClassification codeName="?" codeListURI="?" codeListAgency="?" codeListName="?" codeListVersion="?">?</naa:LegalClassification>
                        <!--Zero or more repetitions:-->
                        <naa:Organisation/>
                        <!--1 or more repetitions:-->
                        <naa:OrganisationName ref="?">
                           <naa:Classification codeName="?" codeListURI="?" codeListAgency="?" codeListName="?" codeListVersion="?">?</naa:Classification>
                           <naa:Name LanguageIdentifier="?" LanguageLocaleIdentifier="?">?</naa:Name>
                           <!--Optional:-->
                           <naa:ValidityPeriod ref="?">
                              <!--Optional:-->
                              <naa:Complete Format="?">?</naa:Complete>
                              <!--Optional:-->
                              <naa:Description LanguageIdentifier="?" LanguageLocaleIdentifier="?">?</naa:Description>
                              <!--Optional:-->
                              <naa:Duration UnitCode="?">?</naa:Duration>
                              <!--Optional:-->
                              <naa:End Format="?">?</naa:End>
                              <naa:Identification identificationSchemeName="?" identificationSchemeURI="?" identificationSchemeVersion="?" identificationSchemeAgency="?">?</naa:Identification>
                              <!--Optional:-->
                              <naa:Inclusive Format="?">?</naa:Inclusive>
                              <!--Optional:-->
                              <naa:Name LanguageIdentifier="?" LanguageLocaleIdentifier="?">?</naa:Name>
                              <!--Optional:-->
                              <naa:Sequence identificationSchemeName="?" identificationSchemeURI="?" identificationSchemeVersion="?" identificationSchemeAgency="?">?</naa:Sequence>
                              <naa:Start Format="?">?</naa:Start>
                           </naa:ValidityPeriod>
                        </naa:OrganisationName>
                        <!--Zero or more repetitions:-->
                        <naa:PhysicalAddress ref="?">
                           <!--Zero or more repetitions:-->
                           <naa:Address/>
                           <!--Optional:-->
                           <naa:BlockName LanguageIdentifier="?" LanguageLocaleIdentifier="?">?</naa:BlockName>
                           <!--Optional:-->
                           <naa:BuildingName LanguageIdentifier="?" LanguageLocaleIdentifier="?">?</naa:BuildingName>
                           <!--Optional:-->
                           <naa:BuildingNumber LanguageIdentifier="?" LanguageLocaleIdentifier="?">?</naa:BuildingNumber>
                           <!--Optional:-->
                           <naa:CityName LanguageIdentifier="?" LanguageLocaleIdentifier="?">?</naa:CityName>
                           <!--Optional:-->
                           <naa:Code codeName="?" codeListURI="?" codeListAgency="?" codeListName="?" codeListVersion="?">?</naa:Code>
                           <!--Optional:-->
                           <naa:CountryName codeName="?" codeListURI="?" codeListAgency="?" codeListName="?" codeListVersion="?">?</naa:CountryName>
                           <!--Optional:-->
                           <naa:CountrySubDivision codeName="?" codeListURI="?" codeListAgency="?" codeListName="?" codeListVersion="?">?</naa:CountrySubDivision>
                           <!--Zero or more repetitions:-->
                           <naa:Geocode ref="?">
                              <!--Optional:-->
                              <naa:AltimetricSystem codeName="?" codeListURI="?" codeListAgency="?" codeListName="?" codeListVersion="?">?</naa:AltimetricSystem>
                              <!--Optional:-->
                              <naa:Altitude Format="?">?</naa:Altitude>
                              <naa:Identification identificationSchemeName="?" identificationSchemeURI="?" identificationSchemeVersion="?" identificationSchemeAgency="?">?</naa:Identification>
                              <naa:Latitude Format="?">?</naa:Latitude>
                              <!--Optional:-->
                              <naa:LatitudeDirection codeName="?" codeListURI="?" codeListAgency="?" codeListName="?" codeListVersion="?">?</naa:LatitudeDirection>
                              <naa:Longitude Format="?">?</naa:Longitude>
                              <!--Optional:-->
                              <naa:LongitudeDirection codeName="?" codeListURI="?" codeListAgency="?" codeListName="?" codeListVersion="?">?</naa:LongitudeDirection>
                              <!--Optional:-->
                              <naa:System codeName="?" codeListURI="?" codeListAgency="?" codeListName="?" codeListVersion="?">?</naa:System>
                           </naa:Geocode>
                           <naa:Identification identificationSchemeName="?" identificationSchemeURI="?" identificationSchemeVersion="?" identificationSchemeAgency="?">?</naa:Identification>
                           <!--Optional:-->
                           <naa:LineFive LanguageIdentifier="?" LanguageLocaleIdentifier="?">?</naa:LineFive>
                           <!--Optional:-->
                           <naa:LineFour LanguageIdentifier="?" LanguageLocaleIdentifier="?">?</naa:LineFour>
                           <!--Optional:-->
                           <naa:LineOne LanguageIdentifier="?" LanguageLocaleIdentifier="?">?</naa:LineOne>
                           <!--Optional:-->
                           <naa:LineSix LanguageIdentifier="?" LanguageLocaleIdentifier="?">?</naa:LineSix>
                           <!--Optional:-->
                           <naa:LineThree LanguageIdentifier="?" LanguageLocaleIdentifier="?">?</naa:LineThree>
                           <!--Optional:-->
                           <naa:LineTwo LanguageIdentifier="?" LanguageLocaleIdentifier="?">?</naa:LineTwo>
                           <!--Optional:-->
                           <naa:PostOfficeBox LanguageIdentifier="?" LanguageLocaleIdentifier="?">?</naa:PostOfficeBox>
                           <!--Optional:-->
                           <naa:Postcode LanguageIdentifier="?" LanguageLocaleIdentifier="?">?</naa:Postcode>
                           <!--Optional:-->
                           <naa:StreetName LanguageIdentifier="?" LanguageLocaleIdentifier="?">?</naa:StreetName>
                           <!--Optional:-->
                           <naa:StreetSuffix codeName="?" codeListURI="?" codeListAgency="?" codeListName="?" codeListVersion="?">?</naa:StreetSuffix>
                           <!--Optional:-->
                           <naa:StreetType codeName="?" codeListURI="?" codeListAgency="?" codeListName="?" codeListVersion="?">?</naa:StreetType>
                           <!--Optional:-->
                           <naa:Usage codeName="?" codeListURI="?" codeListAgency="?" codeListName="?" codeListVersion="?">?</naa:Usage>
                           <!--Optional:-->
                           <naa:UsagePeriod ref="?">
                              <!--Optional:-->
                              <naa:Complete Format="?">?</naa:Complete>
                              <!--Optional:-->
                              <naa:Description LanguageIdentifier="?" LanguageLocaleIdentifier="?">?</naa:Description>
                              <!--Optional:-->
                              <naa:Duration UnitCode="?">?</naa:Duration>
                              <!--Optional:-->
                              <naa:End Format="?">?</naa:End>
                              <naa:Identification identificationSchemeName="?" identificationSchemeURI="?" identificationSchemeVersion="?" identificationSchemeAgency="?">?</naa:Identification>
                              <!--Optional:-->
                              <naa:Inclusive Format="?">?</naa:Inclusive>
                              <!--Optional:-->
                              <naa:Name LanguageIdentifier="?" LanguageLocaleIdentifier="?">?</naa:Name>
                              <!--Optional:-->
                              <naa:Sequence identificationSchemeName="?" identificationSchemeURI="?" identificationSchemeVersion="?" identificationSchemeAgency="?">?</naa:Sequence>
                              <naa:Start Format="?">?</naa:Start>
                           </naa:UsagePeriod>
                        </naa:PhysicalAddress>
                        <!--Zero or more repetitions:-->
                        <naa:PostalAddress ref="?">
                           <!--Zero or more repetitions:-->
                           <naa:Address/>
                           <!--Optional:-->
                           <naa:BlockName LanguageIdentifier="?" LanguageLocaleIdentifier="?">?</naa:BlockName>
                           <!--Optional:-->
                           <naa:BuildingName LanguageIdentifier="?" LanguageLocaleIdentifier="?">?</naa:BuildingName>
                           <!--Optional:-->
                           <naa:BuildingNumber LanguageIdentifier="?" LanguageLocaleIdentifier="?">?</naa:BuildingNumber>
                           <!--Optional:-->
                           <naa:CityName LanguageIdentifier="?" LanguageLocaleIdentifier="?">?</naa:CityName>
                           <!--Optional:-->
                           <naa:Code codeName="?" codeListURI="?" codeListAgency="?" codeListName="?" codeListVersion="?">?</naa:Code>
                           <!--Optional:-->
                           <naa:CountryName codeName="?" codeListURI="?" codeListAgency="?" codeListName="?" codeListVersion="?">?</naa:CountryName>
                           <!--Optional:-->
                           <naa:CountrySubDivision codeName="?" codeListURI="?" codeListAgency="?" codeListName="?" codeListVersion="?">?</naa:CountrySubDivision>
                           <!--Zero or more repetitions:-->
                           <naa:Geocode ref="?">
                              <!--Optional:-->
                              <naa:AltimetricSystem codeName="?" codeListURI="?" codeListAgency="?" codeListName="?" codeListVersion="?">?</naa:AltimetricSystem>
                              <!--Optional:-->
                              <naa:Altitude Format="?">?</naa:Altitude>
                              <naa:Identification identificationSchemeName="?" identificationSchemeURI="?" identificationSchemeVersion="?" identificationSchemeAgency="?">?</naa:Identification>
                              <naa:Latitude Format="?">?</naa:Latitude>
                              <!--Optional:-->
                              <naa:LatitudeDirection codeName="?" codeListURI="?" codeListAgency="?" codeListName="?" codeListVersion="?">?</naa:LatitudeDirection>
                              <naa:Longitude Format="?">?</naa:Longitude>
                              <!--Optional:-->
                              <naa:LongitudeDirection codeName="?" codeListURI="?" codeListAgency="?" codeListName="?" codeListVersion="?">?</naa:LongitudeDirection>
                              <!--Optional:-->
                              <naa:System codeName="?" codeListURI="?" codeListAgency="?" codeListName="?" codeListVersion="?">?</naa:System>
                           </naa:Geocode>
                           <naa:Identification identificationSchemeName="?" identificationSchemeURI="?" identificationSchemeVersion="?" identificationSchemeAgency="?">?</naa:Identification>
                           <!--Optional:-->
                           <naa:LineFive LanguageIdentifier="?" LanguageLocaleIdentifier="?">?</naa:LineFive>
                           <!--Optional:-->
                           <naa:LineFour LanguageIdentifier="?" LanguageLocaleIdentifier="?">?</naa:LineFour>
                           <!--Optional:-->
                           <naa:LineOne LanguageIdentifier="?" LanguageLocaleIdentifier="?">?</naa:LineOne>
                           <!--Optional:-->
                           <naa:LineSix LanguageIdentifier="?" LanguageLocaleIdentifier="?">?</naa:LineSix>
                           <!--Optional:-->
                           <naa:LineThree LanguageIdentifier="?" LanguageLocaleIdentifier="?">?</naa:LineThree>
                           <!--Optional:-->
                           <naa:LineTwo LanguageIdentifier="?" LanguageLocaleIdentifier="?">?</naa:LineTwo>
                           <!--Optional:-->
                           <naa:PostOfficeBox LanguageIdentifier="?" LanguageLocaleIdentifier="?">?</naa:PostOfficeBox>
                           <!--Optional:-->
                           <naa:Postcode LanguageIdentifier="?" LanguageLocaleIdentifier="?">?</naa:Postcode>
                           <!--Optional:-->
                           <naa:StreetName LanguageIdentifier="?" LanguageLocaleIdentifier="?">?</naa:StreetName>
                           <!--Optional:-->
                           <naa:StreetSuffix codeName="?" codeListURI="?" codeListAgency="?" codeListName="?" codeListVersion="?">?</naa:StreetSuffix>
                           <!--Optional:-->
                           <naa:StreetType codeName="?" codeListURI="?" codeListAgency="?" codeListName="?" codeListVersion="?">?</naa:StreetType>
                           <!--Optional:-->
                           <naa:Usage codeName="?" codeListURI="?" codeListAgency="?" codeListName="?" codeListVersion="?">?</naa:Usage>
                           <!--Optional:-->
                           <naa:UsagePeriod ref="?">
                              <!--Optional:-->
                              <naa:Complete Format="?">?</naa:Complete>
                              <!--Optional:-->
                              <naa:Description LanguageIdentifier="?" LanguageLocaleIdentifier="?">?</naa:Description>
                              <!--Optional:-->
                              <naa:Duration UnitCode="?">?</naa:Duration>
                              <!--Optional:-->
                              <naa:End Format="?">?</naa:End>
                              <naa:Identification identificationSchemeName="?" identificationSchemeURI="?" identificationSchemeVersion="?" identificationSchemeAgency="?">?</naa:Identification>
                              <!--Optional:-->
                              <naa:Inclusive Format="?">?</naa:Inclusive>
                              <!--Optional:-->
                              <naa:Name LanguageIdentifier="?" LanguageLocaleIdentifier="?">?</naa:Name>
                              <!--Optional:-->
                              <naa:Sequence identificationSchemeName="?" identificationSchemeURI="?" identificationSchemeVersion="?" identificationSchemeAgency="?">?</naa:Sequence>
                              <naa:Start Format="?">?</naa:Start>
                           </naa:UsagePeriod>
                        </naa:PostalAddress>
                        <!--Zero or more repetitions:-->
                        <naa:Registration ref="?">
                           <!--Optional:-->
                           <naa:Category codeName="?" codeListURI="?" codeListAgency="?" codeListName="?" codeListVersion="?">?</naa:Category>
                           <!--Optional:-->
                           <naa:Country codeName="?" codeListURI="?" codeListAgency="?" codeListName="?" codeListVersion="?">?</naa:Country>
                           <naa:Identification identificationSchemeName="?" identificationSchemeURI="?" identificationSchemeVersion="?" identificationSchemeAgency="?">?</naa:Identification>
                           <!--Optional:-->
                           <naa:Licence identificationSchemeName="?" identificationSchemeURI="?" identificationSchemeVersion="?" identificationSchemeAgency="?">?</naa:Licence>
                           <!--Optional:-->
                           <naa:Recorded Format="?">?</naa:Recorded>
                           <!--Optional:-->
                           <naa:Type codeName="?" codeListURI="?" codeListAgency="?" codeListName="?" codeListVersion="?">?</naa:Type>
                           <!--Optional:-->
                           <naa:ValidityPeriod ref="?">
                              <!--Optional:-->
                              <naa:Complete Format="?">?</naa:Complete>
                              <!--Optional:-->
                              <naa:Description LanguageIdentifier="?" LanguageLocaleIdentifier="?">?</naa:Description>
                              <!--Optional:-->
                              <naa:Duration UnitCode="?">?</naa:Duration>
                              <!--Optional:-->
                              <naa:End Format="?">?</naa:End>
                              <naa:Identification identificationSchemeName="?" identificationSchemeURI="?" identificationSchemeVersion="?" identificationSchemeAgency="?">?</naa:Identification>
                              <!--Optional:-->
                              <naa:Inclusive Format="?">?</naa:Inclusive>
                              <!--Optional:-->
                              <naa:Name LanguageIdentifier="?" LanguageLocaleIdentifier="?">?</naa:Name>
                              <!--Optional:-->
                              <naa:Sequence identificationSchemeName="?" identificationSchemeURI="?" identificationSchemeVersion="?" identificationSchemeAgency="?">?</naa:Sequence>
                              <naa:Start Format="?">?</naa:Start>
                           </naa:ValidityPeriod>
                        </naa:Registration>
                        <!--Zero or more repetitions:-->
                        <naa:Status ref="?">
                           <naa:Code codeName="?" codeListURI="?" codeListAgency="?" codeListName="?" codeListVersion="?">?</naa:Code>
                           <!--Optional:-->
                           <naa:Description LanguageIdentifier="?" LanguageLocaleIdentifier="?">?</naa:Description>
                           <!--Optional:-->
                           <naa:ValidityPeriod ref="?">
                              <!--Optional:-->
                              <naa:Complete Format="?">?</naa:Complete>
                              <!--Optional:-->
                              <naa:Description LanguageIdentifier="?" LanguageLocaleIdentifier="?">?</naa:Description>
                              <!--Optional:-->
                              <naa:Duration UnitCode="?">?</naa:Duration>
                              <!--Optional:-->
                              <naa:End Format="?">?</naa:End>
                              <naa:Identification identificationSchemeName="?" identificationSchemeURI="?" identificationSchemeVersion="?" identificationSchemeAgency="?">?</naa:Identification>
                              <!--Optional:-->
                              <naa:Inclusive Format="?">?</naa:Inclusive>
                              <!--Optional:-->
                              <naa:Name LanguageIdentifier="?" LanguageLocaleIdentifier="?">?</naa:Name>
                              <!--Optional:-->
                              <naa:Sequence identificationSchemeName="?" identificationSchemeURI="?" identificationSchemeVersion="?" identificationSchemeAgency="?">?</naa:Sequence>
                              <naa:Start Format="?">?</naa:Start>
                           </naa:ValidityPeriod>
                        </naa:Status>
                        <!--Zero or more repetitions:-->
                        <naa:Telephone ref="?">
                           <!--Optional:-->
                           <naa:AreaCode codeName="?" codeListURI="?" codeListAgency="?" codeListName="?" codeListVersion="?">?</naa:AreaCode>
                           <!--Optional:-->
                           <naa:CountryCode codeName="?" codeListURI="?" codeListAgency="?" codeListName="?" codeListVersion="?">?</naa:CountryCode>
                           <!--Optional:-->
                           <naa:Extension LanguageIdentifier="?" LanguageLocaleIdentifier="?">?</naa:Extension>
                           <naa:Number identificationSchemeName="?" identificationSchemeURI="?" identificationSchemeVersion="?" identificationSchemeAgency="?">?</naa:Number>
                           <naa:Type codeName="?" codeListURI="?" codeListAgency="?" codeListName="?" codeListVersion="?">?</naa:Type>
                        </naa:Telephone>
                        <!--Optional:-->
                        <naa:Type codeName="?" codeListURI="?" codeListAgency="?" codeListName="?" codeListVersion="?">?</naa:Type>
                     </naa:Organisation>
                     <!--Optional:-->
                     <naa:Person ref="?">
                        <!--Optional:-->
                        <naa:Description LanguageIdentifier="?" LanguageLocaleIdentifier="?">?</naa:Description>
                        <naa:Identification identificationSchemeName="?" identificationSchemeURI="?" identificationSchemeVersion="?" identificationSchemeAgency="?">?</naa:Identification>
                        <!--Zero or more repetitions:-->
                        <naa:Internet ref="?">
                           <naa:Type codeName="?" codeListURI="?" codeListAgency="?" codeListName="?" codeListVersion="?">?</naa:Type>
                           <naa:URI>?</naa:URI>
                        </naa:Internet>
                        <!--1 or more repetitions:-->
                        <naa:PersonName ref="?">
                           <naa:Classification codeName="?" codeListURI="?" codeListAgency="?" codeListName="?" codeListVersion="?">?</naa:Classification>
                           <!--Optional:-->
                           <naa:FamilyName LanguageIdentifier="?" LanguageLocaleIdentifier="?">?</naa:FamilyName>
                           <!--Optional:-->
                           <naa:FamilyNamePrefix LanguageIdentifier="?" LanguageLocaleIdentifier="?">?</naa:FamilyNamePrefix>
                           <!--Optional:-->
                           <naa:GivenName LanguageIdentifier="?" LanguageLocaleIdentifier="?">?</naa:GivenName>
                           <!--Optional:-->
                           <naa:MiddleName LanguageIdentifier="?" LanguageLocaleIdentifier="?">?</naa:MiddleName>
                           <!--Optional:-->
                           <naa:Name LanguageIdentifier="?" LanguageLocaleIdentifier="?">?</naa:Name>
                           <!--Optional:-->
                           <naa:NameSuffix codeName="?" codeListURI="?" codeListAgency="?" codeListName="?" codeListVersion="?">?</naa:NameSuffix>
                           <!--Optional:-->
                           <naa:Salutation LanguageIdentifier="?" LanguageLocaleIdentifier="?">?</naa:Salutation>
                           <!--Optional:-->
                           <naa:Title codeName="?" codeListURI="?" codeListAgency="?" codeListName="?" codeListVersion="?">?</naa:Title>
                           <!--Optional:-->
                           <naa:ValidityPeriod ref="?">
                              <!--Optional:-->
                              <naa:Complete Format="?">?</naa:Complete>
                              <!--Optional:-->
                              <naa:Description LanguageIdentifier="?" LanguageLocaleIdentifier="?">?</naa:Description>
                              <!--Optional:-->
                              <naa:Duration UnitCode="?">?</naa:Duration>
                              <!--Optional:-->
                              <naa:End Format="?">?</naa:End>
                              <naa:Identification identificationSchemeName="?" identificationSchemeURI="?" identificationSchemeVersion="?" identificationSchemeAgency="?">?</naa:Identification>
                              <!--Optional:-->
                              <naa:Inclusive Format="?">?</naa:Inclusive>
                              <!--Optional:-->
                              <naa:Name LanguageIdentifier="?" LanguageLocaleIdentifier="?">?</naa:Name>
                              <!--Optional:-->
                              <naa:Sequence identificationSchemeName="?" identificationSchemeURI="?" identificationSchemeVersion="?" identificationSchemeAgency="?">?</naa:Sequence>
                              <naa:Start Format="?">?</naa:Start>
                           </naa:ValidityPeriod>
                        </naa:PersonName>
                        <!--Zero or more repetitions:-->
                        <naa:PostalAddress ref="?">
                           <!--Zero or more repetitions:-->
                           <naa:Address/>
                           <!--Optional:-->
                           <naa:BlockName LanguageIdentifier="?" LanguageLocaleIdentifier="?">?</naa:BlockName>
                           <!--Optional:-->
                           <naa:BuildingName LanguageIdentifier="?" LanguageLocaleIdentifier="?">?</naa:BuildingName>
                           <!--Optional:-->
                           <naa:BuildingNumber LanguageIdentifier="?" LanguageLocaleIdentifier="?">?</naa:BuildingNumber>
                           <!--Optional:-->
                           <naa:CityName LanguageIdentifier="?" LanguageLocaleIdentifier="?">?</naa:CityName>
                           <!--Optional:-->
                           <naa:Code codeName="?" codeListURI="?" codeListAgency="?" codeListName="?" codeListVersion="?">?</naa:Code>
                           <!--Optional:-->
                           <naa:CountryName codeName="?" codeListURI="?" codeListAgency="?" codeListName="?" codeListVersion="?">?</naa:CountryName>
                           <!--Optional:-->
                           <naa:CountrySubDivision codeName="?" codeListURI="?" codeListAgency="?" codeListName="?" codeListVersion="?">?</naa:CountrySubDivision>
                           <!--Zero or more repetitions:-->
                           <naa:Geocode ref="?">
                              <!--Optional:-->
                              <naa:AltimetricSystem codeName="?" codeListURI="?" codeListAgency="?" codeListName="?" codeListVersion="?">?</naa:AltimetricSystem>
                              <!--Optional:-->
                              <naa:Altitude Format="?">?</naa:Altitude>
                              <naa:Identification identificationSchemeName="?" identificationSchemeURI="?" identificationSchemeVersion="?" identificationSchemeAgency="?">?</naa:Identification>
                              <naa:Latitude Format="?">?</naa:Latitude>
                              <!--Optional:-->
                              <naa:LatitudeDirection codeName="?" codeListURI="?" codeListAgency="?" codeListName="?" codeListVersion="?">?</naa:LatitudeDirection>
                              <naa:Longitude Format="?">?</naa:Longitude>
                              <!--Optional:-->
                              <naa:LongitudeDirection codeName="?" codeListURI="?" codeListAgency="?" codeListName="?" codeListVersion="?">?</naa:LongitudeDirection>
                              <!--Optional:-->
                              <naa:System codeName="?" codeListURI="?" codeListAgency="?" codeListName="?" codeListVersion="?">?</naa:System>
                           </naa:Geocode>
                           <naa:Identification identificationSchemeName="?" identificationSchemeURI="?" identificationSchemeVersion="?" identificationSchemeAgency="?">?</naa:Identification>
                           <!--Optional:-->
                           <naa:LineFive LanguageIdentifier="?" LanguageLocaleIdentifier="?">?</naa:LineFive>
                           <!--Optional:-->
                           <naa:LineFour LanguageIdentifier="?" LanguageLocaleIdentifier="?">?</naa:LineFour>
                           <!--Optional:-->
                           <naa:LineOne LanguageIdentifier="?" LanguageLocaleIdentifier="?">?</naa:LineOne>
                           <!--Optional:-->
                           <naa:LineSix LanguageIdentifier="?" LanguageLocaleIdentifier="?">?</naa:LineSix>
                           <!--Optional:-->
                           <naa:LineThree LanguageIdentifier="?" LanguageLocaleIdentifier="?">?</naa:LineThree>
                           <!--Optional:-->
                           <naa:LineTwo LanguageIdentifier="?" LanguageLocaleIdentifier="?">?</naa:LineTwo>
                           <!--Optional:-->
                           <naa:PostOfficeBox LanguageIdentifier="?" LanguageLocaleIdentifier="?">?</naa:PostOfficeBox>
                           <!--Optional:-->
                           <naa:Postcode LanguageIdentifier="?" LanguageLocaleIdentifier="?">?</naa:Postcode>
                           <!--Optional:-->
                           <naa:StreetName LanguageIdentifier="?" LanguageLocaleIdentifier="?">?</naa:StreetName>
                           <!--Optional:-->
                           <naa:StreetSuffix codeName="?" codeListURI="?" codeListAgency="?" codeListName="?" codeListVersion="?">?</naa:StreetSuffix>
                           <!--Optional:-->
                           <naa:StreetType codeName="?" codeListURI="?" codeListAgency="?" codeListName="?" codeListVersion="?">?</naa:StreetType>
                           <!--Optional:-->
                           <naa:Usage codeName="?" codeListURI="?" codeListAgency="?" codeListName="?" codeListVersion="?">?</naa:Usage>
                           <!--Optional:-->
                           <naa:UsagePeriod ref="?">
                              <!--Optional:-->
                              <naa:Complete Format="?">?</naa:Complete>
                              <!--Optional:-->
                              <naa:Description LanguageIdentifier="?" LanguageLocaleIdentifier="?">?</naa:Description>
                              <!--Optional:-->
                              <naa:Duration UnitCode="?">?</naa:Duration>
                              <!--Optional:-->
                              <naa:End Format="?">?</naa:End>
                              <naa:Identification identificationSchemeName="?" identificationSchemeURI="?" identificationSchemeVersion="?" identificationSchemeAgency="?">?</naa:Identification>
                              <!--Optional:-->
                              <naa:Inclusive Format="?">?</naa:Inclusive>
                              <!--Optional:-->
                              <naa:Name LanguageIdentifier="?" LanguageLocaleIdentifier="?">?</naa:Name>
                              <!--Optional:-->
                              <naa:Sequence identificationSchemeName="?" identificationSchemeURI="?" identificationSchemeVersion="?" identificationSchemeAgency="?">?</naa:Sequence>
                              <naa:Start Format="?">?</naa:Start>
                           </naa:UsagePeriod>
                        </naa:PostalAddress>
                        <!--Zero or more repetitions:-->
                        <naa:Registration ref="?">
                           <!--Optional:-->
                           <naa:Category codeName="?" codeListURI="?" codeListAgency="?" codeListName="?" codeListVersion="?">?</naa:Category>
                           <!--Optional:-->
                           <naa:Country codeName="?" codeListURI="?" codeListAgency="?" codeListName="?" codeListVersion="?">?</naa:Country>
                           <naa:Identification identificationSchemeName="?" identificationSchemeURI="?" identificationSchemeVersion="?" identificationSchemeAgency="?">?</naa:Identification>
                           <!--Optional:-->
                           <naa:Licence identificationSchemeName="?" identificationSchemeURI="?" identificationSchemeVersion="?" identificationSchemeAgency="?">?</naa:Licence>
                           <!--Optional:-->
                           <naa:Recorded Format="?">?</naa:Recorded>
                           <!--Optional:-->
                           <naa:Type codeName="?" codeListURI="?" codeListAgency="?" codeListName="?" codeListVersion="?">?</naa:Type>
                           <!--Optional:-->
                           <naa:ValidityPeriod ref="?">
                              <!--Optional:-->
                              <naa:Complete Format="?">?</naa:Complete>
                              <!--Optional:-->
                              <naa:Description LanguageIdentifier="?" LanguageLocaleIdentifier="?">?</naa:Description>
                              <!--Optional:-->
                              <naa:Duration UnitCode="?">?</naa:Duration>
                              <!--Optional:-->
                              <naa:End Format="?">?</naa:End>
                              <naa:Identification identificationSchemeName="?" identificationSchemeURI="?" identificationSchemeVersion="?" identificationSchemeAgency="?">?</naa:Identification>
                              <!--Optional:-->
                              <naa:Inclusive Format="?">?</naa:Inclusive>
                              <!--Optional:-->
                              <naa:Name LanguageIdentifier="?" LanguageLocaleIdentifier="?">?</naa:Name>
                              <!--Optional:-->
                              <naa:Sequence identificationSchemeName="?" identificationSchemeURI="?" identificationSchemeVersion="?" identificationSchemeAgency="?">?</naa:Sequence>
                              <naa:Start Format="?">?</naa:Start>
                           </naa:ValidityPeriod>
                        </naa:Registration>
                        <!--Zero or more repetitions:-->
                        <naa:ResidentialAddress ref="?">
                           <!--Zero or more repetitions:-->
                           <naa:Address/>
                           <!--Optional:-->
                           <naa:BlockName LanguageIdentifier="?" LanguageLocaleIdentifier="?">?</naa:BlockName>
                           <!--Optional:-->
                           <naa:BuildingName LanguageIdentifier="?" LanguageLocaleIdentifier="?">?</naa:BuildingName>
                           <!--Optional:-->
                           <naa:BuildingNumber LanguageIdentifier="?" LanguageLocaleIdentifier="?">?</naa:BuildingNumber>
                           <!--Optional:-->
                           <naa:CityName LanguageIdentifier="?" LanguageLocaleIdentifier="?">?</naa:CityName>
                           <!--Optional:-->
                           <naa:Code codeName="?" codeListURI="?" codeListAgency="?" codeListName="?" codeListVersion="?">?</naa:Code>
                           <!--Optional:-->
                           <naa:CountryName codeName="?" codeListURI="?" codeListAgency="?" codeListName="?" codeListVersion="?">?</naa:CountryName>
                           <!--Optional:-->
                           <naa:CountrySubDivision codeName="?" codeListURI="?" codeListAgency="?" codeListName="?" codeListVersion="?">?</naa:CountrySubDivision>
                           <!--Zero or more repetitions:-->
                           <naa:Geocode ref="?">
                              <!--Optional:-->
                              <naa:AltimetricSystem codeName="?" codeListURI="?" codeListAgency="?" codeListName="?" codeListVersion="?">?</naa:AltimetricSystem>
                              <!--Optional:-->
                              <naa:Altitude Format="?">?</naa:Altitude>
                              <naa:Identification identificationSchemeName="?" identificationSchemeURI="?" identificationSchemeVersion="?" identificationSchemeAgency="?">?</naa:Identification>
                              <naa:Latitude Format="?">?</naa:Latitude>
                              <!--Optional:-->
                              <naa:LatitudeDirection codeName="?" codeListURI="?" codeListAgency="?" codeListName="?" codeListVersion="?">?</naa:LatitudeDirection>
                              <naa:Longitude Format="?">?</naa:Longitude>
                              <!--Optional:-->
                              <naa:LongitudeDirection codeName="?" codeListURI="?" codeListAgency="?" codeListName="?" codeListVersion="?">?</naa:LongitudeDirection>
                              <!--Optional:-->
                              <naa:System codeName="?" codeListURI="?" codeListAgency="?" codeListName="?" codeListVersion="?">?</naa:System>
                           </naa:Geocode>
                           <naa:Identification identificationSchemeName="?" identificationSchemeURI="?" identificationSchemeVersion="?" identificationSchemeAgency="?">?</naa:Identification>
                           <!--Optional:-->
                           <naa:LineFive LanguageIdentifier="?" LanguageLocaleIdentifier="?">?</naa:LineFive>
                           <!--Optional:-->
                           <naa:LineFour LanguageIdentifier="?" LanguageLocaleIdentifier="?">?</naa:LineFour>
                           <!--Optional:-->
                           <naa:LineOne LanguageIdentifier="?" LanguageLocaleIdentifier="?">?</naa:LineOne>
                           <!--Optional:-->
                           <naa:LineSix LanguageIdentifier="?" LanguageLocaleIdentifier="?">?</naa:LineSix>
                           <!--Optional:-->
                           <naa:LineThree LanguageIdentifier="?" LanguageLocaleIdentifier="?">?</naa:LineThree>
                           <!--Optional:-->
                           <naa:LineTwo LanguageIdentifier="?" LanguageLocaleIdentifier="?">?</naa:LineTwo>
                           <!--Optional:-->
                           <naa:PostOfficeBox LanguageIdentifier="?" LanguageLocaleIdentifier="?">?</naa:PostOfficeBox>
                           <!--Optional:-->
                           <naa:Postcode LanguageIdentifier="?" LanguageLocaleIdentifier="?">?</naa:Postcode>
                           <!--Optional:-->
                           <naa:StreetName LanguageIdentifier="?" LanguageLocaleIdentifier="?">?</naa:StreetName>
                           <!--Optional:-->
                           <naa:StreetSuffix codeName="?" codeListURI="?" codeListAgency="?" codeListName="?" codeListVersion="?">?</naa:StreetSuffix>
                           <!--Optional:-->
                           <naa:StreetType codeName="?" codeListURI="?" codeListAgency="?" codeListName="?" codeListVersion="?">?</naa:StreetType>
                           <!--Optional:-->
                           <naa:Usage codeName="?" codeListURI="?" codeListAgency="?" codeListName="?" codeListVersion="?">?</naa:Usage>
                           <!--Optional:-->
                           <naa:UsagePeriod ref="?">
                              <!--Optional:-->
                              <naa:Complete Format="?">?</naa:Complete>
                              <!--Optional:-->
                              <naa:Description LanguageIdentifier="?" LanguageLocaleIdentifier="?">?</naa:Description>
                              <!--Optional:-->
                              <naa:Duration UnitCode="?">?</naa:Duration>
                              <!--Optional:-->
                              <naa:End Format="?">?</naa:End>
                              <naa:Identification identificationSchemeName="?" identificationSchemeURI="?" identificationSchemeVersion="?" identificationSchemeAgency="?">?</naa:Identification>
                              <!--Optional:-->
                              <naa:Inclusive Format="?">?</naa:Inclusive>
                              <!--Optional:-->
                              <naa:Name LanguageIdentifier="?" LanguageLocaleIdentifier="?">?</naa:Name>
                              <!--Optional:-->
                              <naa:Sequence identificationSchemeName="?" identificationSchemeURI="?" identificationSchemeVersion="?" identificationSchemeAgency="?">?</naa:Sequence>
                              <naa:Start Format="?">?</naa:Start>
                           </naa:UsagePeriod>
                        </naa:ResidentialAddress>
                        <!--Zero or more repetitions:-->
                        <naa:Status ref="?">
                           <naa:Code codeName="?" codeListURI="?" codeListAgency="?" codeListName="?" codeListVersion="?">?</naa:Code>
                           <!--Optional:-->
                           <naa:Description LanguageIdentifier="?" LanguageLocaleIdentifier="?">?</naa:Description>
                           <!--Optional:-->
                           <naa:ValidityPeriod ref="?">
                              <!--Optional:-->
                              <naa:Complete Format="?">?</naa:Complete>
                              <!--Optional:-->
                              <naa:Description LanguageIdentifier="?" LanguageLocaleIdentifier="?">?</naa:Description>
                              <!--Optional:-->
                              <naa:Duration UnitCode="?">?</naa:Duration>
                              <!--Optional:-->
                              <naa:End Format="?">?</naa:End>
                              <naa:Identification identificationSchemeName="?" identificationSchemeURI="?" identificationSchemeVersion="?" identificationSchemeAgency="?">?</naa:Identification>
                              <!--Optional:-->
                              <naa:Inclusive Format="?">?</naa:Inclusive>
                              <!--Optional:-->
                              <naa:Name LanguageIdentifier="?" LanguageLocaleIdentifier="?">?</naa:Name>
                              <!--Optional:-->
                              <naa:Sequence identificationSchemeName="?" identificationSchemeURI="?" identificationSchemeVersion="?" identificationSchemeAgency="?">?</naa:Sequence>
                              <naa:Start Format="?">?</naa:Start>
                           </naa:ValidityPeriod>
                        </naa:Status>
                        <!--Zero or more repetitions:-->
                        <naa:Telephone ref="?">
                           <!--Optional:-->
                           <naa:AreaCode codeName="?" codeListURI="?" codeListAgency="?" codeListName="?" codeListVersion="?">?</naa:AreaCode>
                           <!--Optional:-->
                           <naa:CountryCode codeName="?" codeListURI="?" codeListAgency="?" codeListName="?" codeListVersion="?">?</naa:CountryCode>
                           <!--Optional:-->
                           <naa:Extension LanguageIdentifier="?" LanguageLocaleIdentifier="?">?</naa:Extension>
                           <naa:Number identificationSchemeName="?" identificationSchemeURI="?" identificationSchemeVersion="?" identificationSchemeAgency="?">?</naa:Number>
                           <naa:Type codeName="?" codeListURI="?" codeListAgency="?" codeListName="?" codeListVersion="?">?</naa:Type>
                        </naa:Telephone>
                     </naa:Person>
                     <naa:Identification identificationSchemeName="?" identificationSchemeURI="?" identificationSchemeVersion="?" identificationSchemeAgency="?">?</naa:Identification>
                     <!--Optional:-->
                     <naa:Language codeName="?" codeListURI="?" codeListAgency="?" codeListName="?" codeListVersion="?">?</naa:Language>
                     <naa:Name LanguageIdentifier="?" LanguageLocaleIdentifier="?">?</naa:Name>
                     <!--Optional:-->
                     <naa:Type LanguageIdentifier="?" LanguageLocaleIdentifier="?">?</naa:Type>
                  </da:Party>
                  <!--Optional:-->
                  <da:Type codeName="?" codeListURI="?" codeListAgency="?" codeListName="?" codeListVersion="?">?</da:Type>
               </da:ReferrerPartyRole>
               <!--Optional:-->
               <da:Type codeName="?" codeListURI="?" codeListAgency="?" codeListName="?" codeListVersion="?">?</da:Type>
            </da:ReferralObligation>
            <!--Optional:-->
            <da:Status codeName="?" codeListURI="?" codeListAgency="?" codeListName="?" codeListVersion="?">?</da:Status>
            <!--Zero or more repetitions:-->
            <da:SubjectLand ref="?">
               <!--Optional:-->
               <da:Address ref="?">
                  <!--Zero or more repetitions:-->
                  <naa:Address/>
                  <!--Optional:-->
                  <naa:BlockName LanguageIdentifier="?" LanguageLocaleIdentifier="?">?</naa:BlockName>
                  <!--Optional:-->
                  <naa:BuildingName LanguageIdentifier="?" LanguageLocaleIdentifier="?">?</naa:BuildingName>
                  <!--Optional:-->
                  <naa:BuildingNumber LanguageIdentifier="?" LanguageLocaleIdentifier="?">?</naa:BuildingNumber>
                  <!--Optional:-->
                  <naa:CityName LanguageIdentifier="?" LanguageLocaleIdentifier="?">?</naa:CityName>
                  <!--Optional:-->
                  <naa:Code codeName="?" codeListURI="?" codeListAgency="?" codeListName="?" codeListVersion="?">?</naa:Code>
                  <!--Optional:-->
                  <naa:CountryName codeName="?" codeListURI="?" codeListAgency="?" codeListName="?" codeListVersion="?">?</naa:CountryName>
                  <!--Optional:-->
                  <naa:CountrySubDivision codeName="?" codeListURI="?" codeListAgency="?" codeListName="?" codeListVersion="?">?</naa:CountrySubDivision>
                  <!--Zero or more repetitions:-->
                  <naa:Geocode ref="?">
                     <!--Optional:-->
                     <naa:AltimetricSystem codeName="?" codeListURI="?" codeListAgency="?" codeListName="?" codeListVersion="?">?</naa:AltimetricSystem>
                     <!--Optional:-->
                     <naa:Altitude Format="?">?</naa:Altitude>
                     <naa:Identification identificationSchemeName="?" identificationSchemeURI="?" identificationSchemeVersion="?" identificationSchemeAgency="?">?</naa:Identification>
                     <naa:Latitude Format="?">?</naa:Latitude>
                     <!--Optional:-->
                     <naa:LatitudeDirection codeName="?" codeListURI="?" codeListAgency="?" codeListName="?" codeListVersion="?">?</naa:LatitudeDirection>
                     <naa:Longitude Format="?">?</naa:Longitude>
                     <!--Optional:-->
                     <naa:LongitudeDirection codeName="?" codeListURI="?" codeListAgency="?" codeListName="?" codeListVersion="?">?</naa:LongitudeDirection>
                     <!--Optional:-->
                     <naa:System codeName="?" codeListURI="?" codeListAgency="?" codeListName="?" codeListVersion="?">?</naa:System>
                  </naa:Geocode>
                  <naa:Identification identificationSchemeName="?" identificationSchemeURI="?" identificationSchemeVersion="?" identificationSchemeAgency="?">?</naa:Identification>
                  <!--Optional:-->
                  <naa:LineFive LanguageIdentifier="?" LanguageLocaleIdentifier="?">?</naa:LineFive>
                  <!--Optional:-->
                  <naa:LineFour LanguageIdentifier="?" LanguageLocaleIdentifier="?">?</naa:LineFour>
                  <!--Optional:-->
                  <naa:LineOne LanguageIdentifier="?" LanguageLocaleIdentifier="?">?</naa:LineOne>
                  <!--Optional:-->
                  <naa:LineSix LanguageIdentifier="?" LanguageLocaleIdentifier="?">?</naa:LineSix>
                  <!--Optional:-->
                  <naa:LineThree LanguageIdentifier="?" LanguageLocaleIdentifier="?">?</naa:LineThree>
                  <!--Optional:-->
                  <naa:LineTwo LanguageIdentifier="?" LanguageLocaleIdentifier="?">?</naa:LineTwo>
                  <!--Optional:-->
                  <naa:PostOfficeBox LanguageIdentifier="?" LanguageLocaleIdentifier="?">?</naa:PostOfficeBox>
                  <!--Optional:-->
                  <naa:Postcode LanguageIdentifier="?" LanguageLocaleIdentifier="?">?</naa:Postcode>
                  <!--Optional:-->
                  <naa:StreetName LanguageIdentifier="?" LanguageLocaleIdentifier="?">?</naa:StreetName>
                  <!--Optional:-->
                  <naa:StreetSuffix codeName="?" codeListURI="?" codeListAgency="?" codeListName="?" codeListVersion="?">?</naa:StreetSuffix>
                  <!--Optional:-->
                  <naa:StreetType codeName="?" codeListURI="?" codeListAgency="?" codeListName="?" codeListVersion="?">?</naa:StreetType>
                  <!--Optional:-->
                  <naa:Usage codeName="?" codeListURI="?" codeListAgency="?" codeListName="?" codeListVersion="?">?</naa:Usage>
                  <!--Optional:-->
                  <naa:UsagePeriod ref="?">
                     <!--Optional:-->
                     <naa:Complete Format="?">?</naa:Complete>
                     <!--Optional:-->
                     <naa:Description LanguageIdentifier="?" LanguageLocaleIdentifier="?">?</naa:Description>
                     <!--Optional:-->
                     <naa:Duration UnitCode="?">?</naa:Duration>
                     <!--Optional:-->
                     <naa:End Format="?">?</naa:End>
                     <naa:Identification identificationSchemeName="?" identificationSchemeURI="?" identificationSchemeVersion="?" identificationSchemeAgency="?">?</naa:Identification>
                     <!--Optional:-->
                     <naa:Inclusive Format="?">?</naa:Inclusive>
                     <!--Optional:-->
                     <naa:Name LanguageIdentifier="?" LanguageLocaleIdentifier="?">?</naa:Name>
                     <!--Optional:-->
                     <naa:Sequence identificationSchemeName="?" identificationSchemeURI="?" identificationSchemeVersion="?" identificationSchemeAgency="?">?</naa:Sequence>
                     <naa:Start Format="?">?</naa:Start>
                  </naa:UsagePeriod>
               </da:Address>
               <!--Optional:-->
               <da:Attachment ref="?">
                  <!--Zero or more repetitions:-->
                  <da:Contributor LanguageIdentifier="?" LanguageLocaleIdentifier="?">?</da:Contributor>
                  <!--Zero or more repetitions:-->
                  <da:Coverage LanguageIdentifier="?" LanguageLocaleIdentifier="?">?</da:Coverage>
                  <!--Zero or more repetitions:-->
                  <da:Creator LanguageIdentifier="?" LanguageLocaleIdentifier="?">?</da:Creator>
                  <!--Optional:-->
                  <da:Date Format="?">?</da:Date>
                  <!--Zero or more repetitions:-->
                  <da:Description LanguageIdentifier="?" LanguageLocaleIdentifier="?">?</da:Description>
                  <!--Optional:-->
                  <da:Format LanguageIdentifier="?" LanguageLocaleIdentifier="?">?</da:Format>
                  <da:Identification identificationSchemeName="?" identificationSchemeURI="?" identificationSchemeVersion="?" identificationSchemeAgency="?">?</da:Identification>
                  <!--Zero or more repetitions:-->
                  <da:Language LanguageIdentifier="?" LanguageLocaleIdentifier="?">?</da:Language>
                  <!--Zero or more repetitions:-->
                  <da:Publisher LanguageIdentifier="?" LanguageLocaleIdentifier="?">?</da:Publisher>
                  <!--Zero or more repetitions:-->
                  <da:Relation LanguageIdentifier="?" LanguageLocaleIdentifier="?">?</da:Relation>
                  <!--Zero or more repetitions:-->
                  <da:Rights LanguageIdentifier="?" LanguageLocaleIdentifier="?">?</da:Rights>
                  <!--Optional:-->
                  <da:Size UnitCode="?">?</da:Size>
                  <!--Zero or more repetitions:-->
                  <da:Source LanguageIdentifier="?" LanguageLocaleIdentifier="?">?</da:Source>
                  <!--Optional:-->
                  <da:Subject LanguageIdentifier="?" LanguageLocaleIdentifier="?">?</da:Subject>
                  <!--Optional:-->
                  <da:Title LanguageIdentifier="?" LanguageLocaleIdentifier="?">?</da:Title>
                  <!--Optional:-->
                  <da:Type LanguageIdentifier="?" LanguageLocaleIdentifier="?">?</da:Type>
                  <!--Optional:-->
                  <da:Version LanguageIdentifier="?" LanguageLocaleIdentifier="?">?</da:Version>
                  <!--You have a CHOICE of the next 2 items at this level-->
                  <!--Optional:-->
                  <da:Attachment Format="?" MimeCode="?" CharacterSetCode="?" EncodingCode="?" UniformResourceIdentifier="?" Filename="?">cid:1120822232608</da:Attachment>
                  <!--Optional:-->
                  <da:URI>?</da:URI>
               </da:Attachment>
               <!--Zero or more repetitions:-->
               <da:Comments LanguageIdentifier="?" LanguageLocaleIdentifier="?">?</da:Comments>
               <!--Optional:-->
               <da:Document ref="?">
                  <lab:DocumentNo identificationSchemeName="?" identificationSchemeURI="?" identificationSchemeVersion="?" identificationSchemeAgency="?">?</lab:DocumentNo>
                  <!--Optional:-->
                  <lab:DocumentStatus codeName="?" codeListURI="?" codeListAgency="?" codeListName="?" codeListVersion="?">?</lab:DocumentStatus>
                  <lab:Jurisdiction codeName="?" codeListURI="?" codeListAgency="?" codeListName="?" codeListVersion="?">?</lab:Jurisdiction>
                  <!--Optional:-->
                  <lab:SubmissionDate Format="?">?</lab:SubmissionDate>
                  <lab:SurveyDocument ref="?">
                     <!--Zero or more repetitions:-->
                     <lab:AdministrativeArea ref="?">
                        <!--Optional:-->
                        <lab:AdminAreaCode codeName="?" codeListURI="?" codeListAgency="?" codeListName="?" codeListVersion="?">?</lab:AdminAreaCode>
                        <lab:AdminAreaName LanguageIdentifier="?" LanguageLocaleIdentifier="?">?</lab:AdminAreaName>
                        <lab:AdminAreaType codeName="?" codeListURI="?" codeListAgency="?" codeListName="?" codeListVersion="?">?</lab:AdminAreaType>
                     </lab:AdministrativeArea>
                     <!--Zero or more repetitions:-->
                     <lab:AdministrativeDate codeName="?" codeListURI="?" codeListAgency="?" codeListName="?" codeListVersion="?">?</lab:AdministrativeDate>
                     <!--Zero or more repetitions:-->
                     <lab:Annotation ref="?">
                        <!--Optional:-->
                        <lab:Desc LanguageIdentifier="?" LanguageLocaleIdentifier="?">?</lab:Desc>
                        <lab:Name LanguageIdentifier="?" LanguageLocaleIdentifier="?">?</lab:Name>
                        <lab:Type codeName="?" codeListURI="?" codeListAgency="?" codeListName="?" codeListVersion="?">?</lab:Type>
                     </lab:Annotation>
                     <!--Optional:-->
                     <lab:HeadOfPower codeName="?" codeListURI="?" codeListAgency="?" codeListName="?" codeListVersion="?">?</lab:HeadOfPower>
                     <!--Zero or more repetitions:-->
                     <lab:Note LanguageIdentifier="?" LanguageLocaleIdentifier="?">?</lab:Note>
                     <!--Optional:-->
                     <lab:Status codeName="?" codeListURI="?" codeListAgency="?" codeListName="?" codeListVersion="?">?</lab:Status>
                     <!--1 or more repetitions:-->
                     <lab:Survey ref="?">
                        <lab:CoordinateSystem ref="?">
                           <!--Optional:-->
                           <lab:Description LanguageIdentifier="?" LanguageLocaleIdentifier="?">?</lab:Description>
                           <lab:HorizontalDatumName codeName="?" codeListURI="?" codeListAgency="?" codeListName="?" codeListVersion="?">?</lab:HorizontalDatumName>
                           <!--Optional:-->
                           <lab:VerticalDatumName codeName="?" codeListURI="?" codeListAgency="?" codeListName="?" codeListVersion="?">?</lab:VerticalDatumName>
                        </lab:CoordinateSystem>
                        <!--Optional:-->
                        <lab:FieldNoteFlag Format="?">?</lab:FieldNoteFlag>
                        <!--Zero or more repetitions:-->
                        <lab:FieldNoteReference LanguageIdentifier="?" LanguageLocaleIdentifier="?">?</lab:FieldNoteReference>
                        <!--Zero or more repetitions:-->
                        <lab:FieldReport LanguageIdentifier="?" LanguageLocaleIdentifier="?">?</lab:FieldReport>
                        <!--Optional:-->
                        <lab:FileReference LanguageIdentifier="?" LanguageLocaleIdentifier="?">?</lab:FileReference>
                        <!--Zero or more repetitions:-->
                        <lab:Parcel ref="?">
                           <!--Optional:-->
                           <lab:BuildingLevelNo LanguageIdentifier="?" LanguageLocaleIdentifier="?">?</lab:BuildingLevelNo>
                           <!--Optional:-->
                           <lab:BuildingNo LanguageIdentifier="?" LanguageLocaleIdentifier="?">?</lab:BuildingNo>
                           <lab:Classification codeName="?" codeListURI="?" codeListAgency="?" codeListName="?" codeListVersion="?">?</lab:Classification>
                           <!--Optional:-->
                           <lab:Desc LanguageIdentifier="?" LanguageLocaleIdentifier="?">?</lab:Desc>
                           <!--Optional:-->
                           <lab:Encroachment ref="?">
                              <!--Optional:-->
                              <lab:Desc LanguageIdentifier="?" LanguageLocaleIdentifier="?">?</lab:Desc>
                              <lab:Name LanguageIdentifier="?" LanguageLocaleIdentifier="?">?</lab:Name>
                              <!--Optional:-->
                              <lab:PointList LanguageIdentifier="?" LanguageLocaleIdentifier="?">?</lab:PointList>
                              <!--Optional:-->
                              <lab:Type codeName="?" codeListURI="?" codeListAgency="?" codeListName="?" codeListVersion="?">?</lab:Type>
                           </lab:Encroachment>
                           <!--Zero or more repetitions:-->
                           <lab:ExclusionAreas ref="?">
                              <lab:Area Format="?">?</lab:Area>
                              <lab:ExclusionType codeName="?" codeListURI="?" codeListAgency="?" codeListName="?" codeListVersion="?">?</lab:ExclusionType>
                              <lab:Pclref LanguageIdentifier="?" LanguageLocaleIdentifier="?">?</lab:Pclref>
                           </lab:ExclusionAreas>
                           <!--Optional:-->
                           <lab:Name LanguageIdentifier="?" LanguageLocaleIdentifier="?">?</lab:Name>
                           <!--Zero or more repetitions:-->
                           <lab:Note LanguageIdentifier="?" LanguageLocaleIdentifier="?">?</lab:Note>
                           <!--Optional:-->
                           <lab:OID identificationSchemeName="?" identificationSchemeURI="?" identificationSchemeVersion="?" identificationSchemeAgency="?">?</lab:OID>
                           <!--Zero or more repetitions:-->
                           <lab:Parcel/>
                           <!--Optional:-->
                           <lab:ParcelFormat codeName="?" codeListURI="?" codeListAgency="?" codeListName="?" codeListVersion="?">?</lab:ParcelFormat>
                           <!--Optional:-->
                           <lab:Polygon ref="?">
                              <!--Optional:-->
                              <lab:Centroid LanguageIdentifier="?" LanguageLocaleIdentifier="?">?</lab:Centroid>
                              <!--Optional:-->
                              <lab:Desc LanguageIdentifier="?" LanguageLocaleIdentifier="?">?</lab:Desc>
                              <!--2 or more repetitions:-->
                              <lab:Line ref="?">
                                 <!--Optional:-->
                                 <lab:Desc LanguageIdentifier="?" LanguageLocaleIdentifier="?">?</lab:Desc>
                                 <!--Optional:-->
                                 <lab:Dir Format="?">?</lab:Dir>
                                 <!--Optional:-->
                                 <lab:Length UnitCode="?">?</lab:Length>
                                 <lab:Name LanguageIdentifier="?" LanguageLocaleIdentifier="?">?</lab:Name>
                                 <!--Zero or more repetitions:-->
                                 <lab:Note LanguageIdentifier="?" LanguageLocaleIdentifier="?">?</lab:Note>
                                 <lab:OID identificationSchemeName="?" identificationSchemeURI="?" identificationSchemeVersion="?" identificationSchemeAgency="?">?</lab:OID>
                                 <!--Optional:-->
                                 <lab:PointList LanguageIdentifier="?" LanguageLocaleIdentifier="?">?</lab:PointList>
                                 <!--Optional:-->
                                 <lab:Radius Format="?">?</lab:Radius>
                                 <!--Optional:-->
                                 <lab:Rot LanguageIdentifier="?" LanguageLocaleIdentifier="?">?</lab:Rot>
                                 <!--Optional:-->
                                 <lab:Source LanguageIdentifier="?" LanguageLocaleIdentifier="?">?</lab:Source>
                                 <lab:State codeName="?" codeListURI="?" codeListAgency="?" codeListName="?" codeListVersion="?">?</lab:State>
                              </lab:Line>
                              <lab:Line ref="?">
                                 <!--Optional:-->
                                 <lab:Desc LanguageIdentifier="?" LanguageLocaleIdentifier="?">?</lab:Desc>
                                 <!--Optional:-->
                                 <lab:Dir Format="?">?</lab:Dir>
                                 <!--Optional:-->
                                 <lab:Length UnitCode="?">?</lab:Length>
                                 <lab:Name LanguageIdentifier="?" LanguageLocaleIdentifier="?">?</lab:Name>
                                 <!--Zero or more repetitions:-->
                                 <lab:Note LanguageIdentifier="?" LanguageLocaleIdentifier="?">?</lab:Note>
                                 <lab:OID identificationSchemeName="?" identificationSchemeURI="?" identificationSchemeVersion="?" identificationSchemeAgency="?">?</lab:OID>
                                 <!--Optional:-->
                                 <lab:PointList LanguageIdentifier="?" LanguageLocaleIdentifier="?">?</lab:PointList>
                                 <!--Optional:-->
                                 <lab:Radius Format="?">?</lab:Radius>
                                 <!--Optional:-->
                                 <lab:Rot LanguageIdentifier="?" LanguageLocaleIdentifier="?">?</lab:Rot>
                                 <!--Optional:-->
                                 <lab:Source LanguageIdentifier="?" LanguageLocaleIdentifier="?">?</lab:Source>
                                 <lab:State codeName="?" codeListURI="?" codeListAgency="?" codeListName="?" codeListVersion="?">?</lab:State>
                              </lab:Line>
                              <lab:Name LanguageIdentifier="?" LanguageLocaleIdentifier="?">?</lab:Name>
                              <lab:OID identificationSchemeName="?" identificationSchemeURI="?" identificationSchemeVersion="?" identificationSchemeAgency="?">?</lab:OID>
                              <!--Optional:-->
                              <lab:State codeName="?" codeListURI="?" codeListAgency="?" codeListName="?" codeListVersion="?">?</lab:State>
                           </lab:Polygon>
                           <!--Optional:-->
                           <lab:SchemeLand ref="?">
                              <!--Optional:-->
                              <lab:LiabilityApportionment LanguageIdentifier="?" LanguageLocaleIdentifier="?">?</lab:LiabilityApportionment>
                              <!--Optional:-->
                              <lab:LotEntitlements LanguageIdentifier="?" LanguageLocaleIdentifier="?">?</lab:LotEntitlements>
                           </lab:SchemeLand>
                           <!--Optional:-->
                           <lab:State codeName="?" codeListURI="?" codeListAgency="?" codeListName="?" codeListVersion="?">?</lab:State>
                           <!--Zero or more repetitions:-->
                           <lab:TitleReference ref="?">
                              <lab:Name LanguageIdentifier="?" LanguageLocaleIdentifier="?">?</lab:Name>
                              <lab:TitleType codeName="?" codeListURI="?" codeListAgency="?" codeListName="?" codeListVersion="?">?</lab:TitleType>
                           </lab:TitleReference>
                           <!--Zero or more repetitions:-->
                           <lab:UseOfParcel codeName="?" codeListURI="?" codeListAgency="?" codeListName="?" codeListVersion="?">?</lab:UseOfParcel>
                           <!--Optional:-->
                           <lab:Volume Format="?">?</lab:Volume>
                        </lab:Parcel>
                        <!--Zero or more repetitions:-->
                        <lab:PurposeOfSurvey codeName="?" codeListURI="?" codeListAgency="?" codeListName="?" codeListVersion="?">?</lab:PurposeOfSurvey>
                        <!--Optional:-->
                        <lab:SurveyCancDesc LanguageIdentifier="?" LanguageLocaleIdentifier="?">?</lab:SurveyCancDesc>
                        <!--Optional:-->
                        <lab:SurveyDesc LanguageIdentifier="?" LanguageLocaleIdentifier="?">?</lab:SurveyDesc>
                        <!--Zero or more repetitions:-->
                        <lab:SurveyPoint ref="?">
                           <!--Optional:-->
                           <lab:Code codeName="?" codeListURI="?" codeListAgency="?" codeListName="?" codeListVersion="?">?</lab:Code>
                           <!--Optional:-->
                           <lab:Desc LanguageIdentifier="?" LanguageLocaleIdentifier="?">?</lab:Desc>
                           <lab:Line ref="?">
                              <!--Optional:-->
                              <lab:Desc LanguageIdentifier="?" LanguageLocaleIdentifier="?">?</lab:Desc>
                              <!--Optional:-->
                              <lab:Dir Format="?">?</lab:Dir>
                              <!--Optional:-->
                              <lab:Length UnitCode="?">?</lab:Length>
                              <lab:Name LanguageIdentifier="?" LanguageLocaleIdentifier="?">?</lab:Name>
                              <!--Zero or more repetitions:-->
                              <lab:Note LanguageIdentifier="?" LanguageLocaleIdentifier="?">?</lab:Note>
                              <lab:OID identificationSchemeName="?" identificationSchemeURI="?" identificationSchemeVersion="?" identificationSchemeAgency="?">?</lab:OID>
                              <!--Optional:-->
                              <lab:PointList LanguageIdentifier="?" LanguageLocaleIdentifier="?">?</lab:PointList>
                              <!--Optional:-->
                              <lab:Radius Format="?">?</lab:Radius>
                              <!--Optional:-->
                              <lab:Rot LanguageIdentifier="?" LanguageLocaleIdentifier="?">?</lab:Rot>
                              <!--Optional:-->
                              <lab:Source LanguageIdentifier="?" LanguageLocaleIdentifier="?">?</lab:Source>
                              <lab:State codeName="?" codeListURI="?" codeListAgency="?" codeListName="?" codeListVersion="?">?</lab:State>
                           </lab:Line>
                           <lab:Line ref="?">
                              <!--Optional:-->
                              <lab:Desc LanguageIdentifier="?" LanguageLocaleIdentifier="?">?</lab:Desc>
                              <!--Optional:-->
                              <lab:Dir Format="?">?</lab:Dir>
                              <!--Optional:-->
                              <lab:Length UnitCode="?">?</lab:Length>
                              <lab:Name LanguageIdentifier="?" LanguageLocaleIdentifier="?">?</lab:Name>
                              <!--Zero or more repetitions:-->
                              <lab:Note LanguageIdentifier="?" LanguageLocaleIdentifier="?">?</lab:Note>
                              <lab:OID identificationSchemeName="?" identificationSchemeURI="?" identificationSchemeVersion="?" identificationSchemeAgency="?">?</lab:OID>
                              <!--Optional:-->
                              <lab:PointList LanguageIdentifier="?" LanguageLocaleIdentifier="?">?</lab:PointList>
                              <!--Optional:-->
                              <lab:Radius Format="?">?</lab:Radius>
                              <!--Optional:-->
                              <lab:Rot LanguageIdentifier="?" LanguageLocaleIdentifier="?">?</lab:Rot>
                              <!--Optional:-->
                              <lab:Source LanguageIdentifier="?" LanguageLocaleIdentifier="?">?</lab:Source>
                              <lab:State codeName="?" codeListURI="?" codeListAgency="?" codeListName="?" codeListVersion="?">?</lab:State>
                           </lab:Line>
                           <lab:Name LanguageIdentifier="?" LanguageLocaleIdentifier="?">?</lab:Name>
                           <lab:OID identificationSchemeName="?" identificationSchemeURI="?" identificationSchemeVersion="?" identificationSchemeAgency="?">?</lab:OID>
                           <!--Optional:-->
                           <lab:PntSurv LanguageIdentifier="?" LanguageLocaleIdentifier="?">?</lab:PntSurv>
                           <!--Optional:-->
                           <lab:Role LanguageIdentifier="?" LanguageLocaleIdentifier="?">?</lab:Role>
                           <!--Optional:-->
                           <lab:State codeName="?" codeListURI="?" codeListAgency="?" codeListName="?" codeListVersion="?">?</lab:State>
                           <!--Optional:-->
                           <lab:SurveyOrder Format="?">?</lab:SurveyOrder>
                           <!--Optional:-->
                           <lab:ThreeDPoint LanguageIdentifier="?" LanguageLocaleIdentifier="?">?</lab:ThreeDPoint>
                           <!--Optional:-->
                           <lab:TwoDPoint LanguageIdentifier="?" LanguageLocaleIdentifier="?">?</lab:TwoDPoint>
                           <!--Optional:-->
                           <lab:ZoneNumber Format="?">?</lab:ZoneNumber>
                        </lab:SurveyPoint>
                        <!--Optional:-->
                        <lab:SurveyType codeName="?" codeListURI="?" codeListAgency="?" codeListName="?" codeListVersion="?">?</lab:SurveyType>
                     </lab:Survey>
                     <!--Optional:-->
                     <lab:SurveyFormat codeName="?" codeListURI="?" codeListAgency="?" codeListName="?" codeListVersion="?">?</lab:SurveyFormat>
                  </lab:SurveyDocument>
                  <!--Optional:-->
                  <lab:VersionDate Format="?">?</lab:VersionDate>
                  <!--Optional:-->
                  <lab:VersionNumber Format="?">?</lab:VersionNumber>
               </da:Document>
               <!--Optional:-->
               <da:Parcel ref="?">
                  <!--Optional:-->
                  <lab:BuildingLevelNo LanguageIdentifier="?" LanguageLocaleIdentifier="?">?</lab:BuildingLevelNo>
                  <!--Optional:-->
                  <lab:BuildingNo LanguageIdentifier="?" LanguageLocaleIdentifier="?">?</lab:BuildingNo>
                  <lab:Classification codeName="?" codeListURI="?" codeListAgency="?" codeListName="?" codeListVersion="?">?</lab:Classification>
                  <!--Optional:-->
                  <lab:Desc LanguageIdentifier="?" LanguageLocaleIdentifier="?">?</lab:Desc>
                  <!--Optional:-->
                  <lab:Encroachment ref="?">
                     <!--Optional:-->
                     <lab:Desc LanguageIdentifier="?" LanguageLocaleIdentifier="?">?</lab:Desc>
                     <lab:Name LanguageIdentifier="?" LanguageLocaleIdentifier="?">?</lab:Name>
                     <!--Optional:-->
                     <lab:PointList LanguageIdentifier="?" LanguageLocaleIdentifier="?">?</lab:PointList>
                     <!--Optional:-->
                     <lab:Type codeName="?" codeListURI="?" codeListAgency="?" codeListName="?" codeListVersion="?">?</lab:Type>
                  </lab:Encroachment>
                  <!--Zero or more repetitions:-->
                  <lab:ExclusionAreas ref="?">
                     <lab:Area Format="?">?</lab:Area>
                     <lab:ExclusionType codeName="?" codeListURI="?" codeListAgency="?" codeListName="?" codeListVersion="?">?</lab:ExclusionType>
                     <lab:Pclref LanguageIdentifier="?" LanguageLocaleIdentifier="?">?</lab:Pclref>
                  </lab:ExclusionAreas>
                  <!--Optional:-->
                  <lab:Name LanguageIdentifier="?" LanguageLocaleIdentifier="?">?</lab:Name>
                  <!--Zero or more repetitions:-->
                  <lab:Note LanguageIdentifier="?" LanguageLocaleIdentifier="?">?</lab:Note>
                  <!--Optional:-->
                  <lab:OID identificationSchemeName="?" identificationSchemeURI="?" identificationSchemeVersion="?" identificationSchemeAgency="?">?</lab:OID>
                  <!--Zero or more repetitions:-->
                  <lab:Parcel/>
                  <!--Optional:-->
                  <lab:ParcelFormat codeName="?" codeListURI="?" codeListAgency="?" codeListName="?" codeListVersion="?">?</lab:ParcelFormat>
                  <!--Optional:-->
                  <lab:Polygon ref="?">
                     <!--Optional:-->
                     <lab:Centroid LanguageIdentifier="?" LanguageLocaleIdentifier="?">?</lab:Centroid>
                     <!--Optional:-->
                     <lab:Desc LanguageIdentifier="?" LanguageLocaleIdentifier="?">?</lab:Desc>
                     <!--2 or more repetitions:-->
                     <lab:Line ref="?">
                        <!--Optional:-->
                        <lab:Desc LanguageIdentifier="?" LanguageLocaleIdentifier="?">?</lab:Desc>
                        <!--Optional:-->
                        <lab:Dir Format="?">?</lab:Dir>
                        <!--Optional:-->
                        <lab:Length UnitCode="?">?</lab:Length>
                        <lab:Name LanguageIdentifier="?" LanguageLocaleIdentifier="?">?</lab:Name>
                        <!--Zero or more repetitions:-->
                        <lab:Note LanguageIdentifier="?" LanguageLocaleIdentifier="?">?</lab:Note>
                        <lab:OID identificationSchemeName="?" identificationSchemeURI="?" identificationSchemeVersion="?" identificationSchemeAgency="?">?</lab:OID>
                        <!--Optional:-->
                        <lab:PointList LanguageIdentifier="?" LanguageLocaleIdentifier="?">?</lab:PointList>
                        <!--Optional:-->
                        <lab:Radius Format="?">?</lab:Radius>
                        <!--Optional:-->
                        <lab:Rot LanguageIdentifier="?" LanguageLocaleIdentifier="?">?</lab:Rot>
                        <!--Optional:-->
                        <lab:Source LanguageIdentifier="?" LanguageLocaleIdentifier="?">?</lab:Source>
                        <lab:State codeName="?" codeListURI="?" codeListAgency="?" codeListName="?" codeListVersion="?">?</lab:State>
                     </lab:Line>
                     <lab:Line ref="?">
                        <!--Optional:-->
                        <lab:Desc LanguageIdentifier="?" LanguageLocaleIdentifier="?">?</lab:Desc>
                        <!--Optional:-->
                        <lab:Dir Format="?">?</lab:Dir>
                        <!--Optional:-->
                        <lab:Length UnitCode="?">?</lab:Length>
                        <lab:Name LanguageIdentifier="?" LanguageLocaleIdentifier="?">?</lab:Name>
                        <!--Zero or more repetitions:-->
                        <lab:Note LanguageIdentifier="?" LanguageLocaleIdentifier="?">?</lab:Note>
                        <lab:OID identificationSchemeName="?" identificationSchemeURI="?" identificationSchemeVersion="?" identificationSchemeAgency="?">?</lab:OID>
                        <!--Optional:-->
                        <lab:PointList LanguageIdentifier="?" LanguageLocaleIdentifier="?">?</lab:PointList>
                        <!--Optional:-->
                        <lab:Radius Format="?">?</lab:Radius>
                        <!--Optional:-->
                        <lab:Rot LanguageIdentifier="?" LanguageLocaleIdentifier="?">?</lab:Rot>
                        <!--Optional:-->
                        <lab:Source LanguageIdentifier="?" LanguageLocaleIdentifier="?">?</lab:Source>
                        <lab:State codeName="?" codeListURI="?" codeListAgency="?" codeListName="?" codeListVersion="?">?</lab:State>
                     </lab:Line>
                     <lab:Name LanguageIdentifier="?" LanguageLocaleIdentifier="?">?</lab:Name>
                     <lab:OID identificationSchemeName="?" identificationSchemeURI="?" identificationSchemeVersion="?" identificationSchemeAgency="?">?</lab:OID>
                     <!--Optional:-->
                     <lab:State codeName="?" codeListURI="?" codeListAgency="?" codeListName="?" codeListVersion="?">?</lab:State>
                  </lab:Polygon>
                  <!--Optional:-->
                  <lab:SchemeLand ref="?">
                     <!--Optional:-->
                     <lab:LiabilityApportionment LanguageIdentifier="?" LanguageLocaleIdentifier="?">?</lab:LiabilityApportionment>
                     <!--Optional:-->
                     <lab:LotEntitlements LanguageIdentifier="?" LanguageLocaleIdentifier="?">?</lab:LotEntitlements>
                  </lab:SchemeLand>
                  <!--Optional:-->
                  <lab:State codeName="?" codeListURI="?" codeListAgency="?" codeListName="?" codeListVersion="?">?</lab:State>
                  <!--Zero or more repetitions:-->
                  <lab:TitleReference ref="?">
                     <lab:Name LanguageIdentifier="?" LanguageLocaleIdentifier="?">?</lab:Name>
                     <lab:TitleType codeName="?" codeListURI="?" codeListAgency="?" codeListName="?" codeListVersion="?">?</lab:TitleType>
                  </lab:TitleReference>
                  <!--Zero or more repetitions:-->
                  <lab:UseOfParcel codeName="?" codeListURI="?" codeListAgency="?" codeListName="?" codeListVersion="?">?</lab:UseOfParcel>
                  <!--Optional:-->
                  <lab:Volume Format="?">?</lab:Volume>
               </da:Parcel>
            </da:SubjectLand>
         </dec:Application>
         <!--Zero or more repetitions:-->
         <dec:Specialisation ref="?">
            <spec:DomainId identificationSchemeName="?" identificationSchemeURI="?" identificationSchemeVersion="?" identificationSchemeAgency="?">?</spec:DomainId>
            <spec:Extension>?</spec:Extension>
            <spec:Jurisdiction codeName="?" codeListURI="?" codeListAgency="?" codeListName="?" codeListVersion="?">?</spec:Jurisdiction>
            <spec:Version identificationSchemeName="?" identificationSchemeURI="?" identificationSchemeVersion="?" identificationSchemeAgency="?">?</spec:Version>
         </dec:Specialisation>
         <dec:StandardBusinessMessageHeader ref="?">
            <!--1 or more repetitions:-->
            <msg:BusinessScope ref="?">
               <!--Zero or more repetitions:-->
               <msg:CorrelationInformation ref="?">
                  <!--Optional:-->
                  <msg:ExpectedResponseDateTime Format="?">?</msg:ExpectedResponseDateTime>
                  <msg:RequestingDocumentCreationDateTime Format="?">?</msg:RequestingDocumentCreationDateTime>
                  <msg:RequestingDocumentInstanceID identificationSchemeName="?" identificationSchemeURI="?" identificationSchemeVersion="?" identificationSchemeAgency="?">?</msg:RequestingDocumentInstanceID>
               </msg:CorrelationInformation>
               <!--Optional:-->
               <msg:ID identificationSchemeName="?" identificationSchemeURI="?" identificationSchemeVersion="?" identificationSchemeAgency="?">?</msg:ID>
               <!--Optional:-->
               <msg:InstanceID identificationSchemeName="?" identificationSchemeURI="?" identificationSchemeVersion="?" identificationSchemeAgency="?">?</msg:InstanceID>
               <msg:Type codeName="?" codeListURI="?" codeListAgency="NCO" codeListName="BusinessScope" codeListVersion="?">?</msg:Type>
            </msg:BusinessScope>
            <msg:DocumentIdentification ref="?">
               <msg:CreationDateTime Format="?">?</msg:CreationDateTime>
               <msg:InstanceID identificationSchemeName="?" identificationSchemeURI="?" identificationSchemeVersion="?" identificationSchemeAgency="?">?</msg:InstanceID>
               <msg:Standard codeName="?" codeListURI="?" codeListAgency="NCO" codeListName="StandardType" codeListVersion="?">?</msg:Standard>
               <msg:Type codeName="?" codeListURI="?" codeListAgency="?" codeListName="?" codeListVersion="?">?</msg:Type>
               <msg:TypeVersion LanguageIdentifier="?" LanguageLocaleIdentifier="?">?</msg:TypeVersion>
            </msg:DocumentIdentification>
            <msg:ReceiverPartner ref="?">
               <msg:Authority LanguageIdentifier="?" LanguageLocaleIdentifier="?">?</msg:Authority>
               <!--Zero or more repetitions:-->
               <msg:Contact ref="?">
                  <msg:Contact LanguageIdentifier="?" LanguageLocaleIdentifier="?">?</msg:Contact>
                  <msg:ContactTypeIdentifier codeName="?" codeListURI="?" codeListAgency="?" codeListName="?" codeListVersion="?">?</msg:ContactTypeIdentifier>
                  <!--Optional:-->
                  <msg:EmailAddress>?</msg:EmailAddress>
                  <!--Optional:-->
                  <msg:TelephoneNumber LanguageIdentifier="?" LanguageLocaleIdentifier="?">?</msg:TelephoneNumber>
               </msg:Contact>
               <msg:ID identificationSchemeName="?" identificationSchemeURI="?" identificationSchemeVersion="?" identificationSchemeAgency="?">?</msg:ID>
               <msg:ProcessRole codeName="?" codeListURI="?" codeListAgency="?" codeListName="?" codeListVersion="?">?</msg:ProcessRole>
            </msg:ReceiverPartner>
            <msg:SenderPartner ref="?">
               <msg:Authority LanguageIdentifier="?" LanguageLocaleIdentifier="?">?</msg:Authority>
               <!--Zero or more repetitions:-->
               <msg:Contact ref="?">
                  <msg:Contact LanguageIdentifier="?" LanguageLocaleIdentifier="?">?</msg:Contact>
                  <msg:ContactTypeIdentifier codeName="?" codeListURI="?" codeListAgency="?" codeListName="?" codeListVersion="?">?</msg:ContactTypeIdentifier>
                  <!--Optional:-->
                  <msg:EmailAddress>?</msg:EmailAddress>
                  <!--Optional:-->
                  <msg:TelephoneNumber LanguageIdentifier="?" LanguageLocaleIdentifier="?">?</msg:TelephoneNumber>
               </msg:Contact>
               <msg:ID identificationSchemeName="?" identificationSchemeURI="?" identificationSchemeVersion="?" identificationSchemeAgency="?">?</msg:ID>
               <msg:ProcessRole codeName="?" codeListURI="?" codeListAgency="?" codeListName="?" codeListVersion="?">?</msg:ProcessRole>
            </msg:SenderPartner>
            <!--Zero or more repetitions:-->
            <msg:SoftwareInformation ref="?">
               <msg:ProductID identificationSchemeName="?" identificationSchemeURI="?" identificationSchemeVersion="?" identificationSchemeAgency="?">?</msg:ProductID>
               <!--Optional:-->
               <msg:ProductName LanguageIdentifier="?" LanguageLocaleIdentifier="?">?</msg:ProductName>
               <!--Optional:-->
               <msg:ProductVersion LanguageIdentifier="?" LanguageLocaleIdentifier="?">?</msg:ProductVersion>
            </msg:SoftwareInformation>
            <msg:Version identificationSchemeName="?" identificationSchemeURI="?" identificationSchemeVersion="?" identificationSchemeAgency="?">?</msg:Version>
         </dec:StandardBusinessMessageHeader>
      </dec:DeclareSaveDeterminationNotification>
   </soapenv:Body>
</soapenv:Envelope>]]></con:request><con:jmsConfig JMSDeliveryMode="PERSISTENT"/><con:jmsPropertyConfig/><con:wsaConfig mustUnderstand="NONE" version="200508" action="http://example.xml.gov.au/DeclareDetermination_Responder.2.3.0r2/Declare"/><con:wsrmConfig version="1.2"/></con:call></con:operation></con:interface><con:mockService port="8080" path="/Mock3" host="Hunter-PC2" name="Mock3" bindToHostOnly="false" docroot=""><con:settings><con:setting id="com.eviware.soapui.impl.wsdl.mock.WsdlMockService@require-soap-action">false</con:setting></con:settings><con:mockOperation name="Accept" interface="Initiator_CreateApplicationTransaction_Binding.2.3.0r2" operation="Accept"><con:settings/><con:dispatchStyle>SEQUENCE</con:dispatchStyle><con:defaultResponse>Response 1</con:defaultResponse><con:response name="Response 1" encoding="UTF-8"><con:settings/><con:responseContent><![CDATA[<soapenv:Envelope xmlns:soapenv="http://schemas.xmlsoap.org/soap/envelope/" xmlns:rec="http://xml.gov.au/edais/bs/ReceiptAcknowledgementSignal.msg.2.3.0r2" xmlns:msg="http://xml.gov.au/edais/core/msg.data.2.3.0r2" xmlns:spec="http://xml.gov.au/edais/core/specialisation.data.2.3.0r2">
   <soapenv:Header/>
   <soapenv:Body>
      <rec:ReceiptAcknowledgementSignal>
         <rec:ReceiptAcknowledgement ref="?">
            <!--Optional:-->
            <msg:Identification identificationSchemeName="?" identificationSchemeURI="?" identificationSchemeVersion="?" identificationSchemeAgency="?">?</msg:Identification>
            <msg:Timestamp Format="?">?</msg:Timestamp>
         </rec:ReceiptAcknowledgement>
         <!--Zero or more repetitions:-->
         <rec:Specialisation ref="?">
            <spec:DomainId identificationSchemeName="?" identificationSchemeURI="?" identificationSchemeVersion="?" identificationSchemeAgency="?">?</spec:DomainId>
            <spec:Extension>?</spec:Extension>
            <spec:Jurisdiction codeName="?" codeListURI="?" codeListAgency="?" codeListName="?" codeListVersion="?">?</spec:Jurisdiction>
            <spec:Version identificationSchemeName="?" identificationSchemeURI="?" identificationSchemeVersion="?" identificationSchemeAgency="?">?</spec:Version>
         </rec:Specialisation>
         <rec:StandardBusinessMessageHeader ref="?">
            <!--1 or more repetitions:-->
            <msg:BusinessScope ref="?">
               <!--Zero or more repetitions:-->
               <msg:CorrelationInformation ref="?">
                  <!--Optional:-->
                  <msg:ExpectedResponseDateTime Format="?">?</msg:ExpectedResponseDateTime>
                  <msg:RequestingDocumentCreationDateTime Format="?">?</msg:RequestingDocumentCreationDateTime>
                  <msg:RequestingDocumentInstanceID identificationSchemeName="?" identificationSchemeURI="?" identificationSchemeVersion="?" identificationSchemeAgency="?">?</msg:RequestingDocumentInstanceID>
               </msg:CorrelationInformation>
               <!--Optional:-->
               <msg:ID identificationSchemeName="?" identificationSchemeURI="?" identificationSchemeVersion="?" identificationSchemeAgency="?">?</msg:ID>
               <!--Optional:-->
               <msg:InstanceID identificationSchemeName="?" identificationSchemeURI="?" identificationSchemeVersion="?" identificationSchemeAgency="?">?</msg:InstanceID>
               <msg:Type codeName="?" codeListURI="?" codeListAgency="NCO" codeListName="BusinessScope" codeListVersion="?">?</msg:Type>
            </msg:BusinessScope>
            <msg:DocumentIdentification ref="?">
               <msg:CreationDateTime Format="?">?</msg:CreationDateTime>
               <msg:InstanceID identificationSchemeName="?" identificationSchemeURI="?" identificationSchemeVersion="?" identificationSchemeAgency="?">?</msg:InstanceID>
               <msg:Standard codeName="?" codeListURI="?" codeListAgency="NCO" codeListName="StandardType" codeListVersion="?">?</msg:Standard>
               <msg:Type codeName="?" codeListURI="?" codeListAgency="?" codeListName="?" codeListVersion="?">?</msg:Type>
               <msg:TypeVersion LanguageIdentifier="?" LanguageLocaleIdentifier="?">?</msg:TypeVersion>
            </msg:DocumentIdentification>
            <msg:ReceiverPartner ref="?">
               <msg:Authority LanguageIdentifier="?" LanguageLocaleIdentifier="?">?</msg:Authority>
               <!--Zero or more repetitions:-->
               <msg:Contact ref="?">
                  <msg:Contact LanguageIdentifier="?" LanguageLocaleIdentifier="?">?</msg:Contact>
                  <msg:ContactTypeIdentifier codeName="?" codeListURI="?" codeListAgency="?" codeListName="?" codeListVersion="?">?</msg:ContactTypeIdentifier>
                  <!--Optional:-->
                  <msg:EmailAddress>?</msg:EmailAddress>
                  <!--Optional:-->
                  <msg:TelephoneNumber LanguageIdentifier="?" LanguageLocaleIdentifier="?">?</msg:TelephoneNumber>
               </msg:Contact>
               <msg:ID identificationSchemeName="?" identificationSchemeURI="?" identificationSchemeVersion="?" identificationSchemeAgency="?">?</msg:ID>
               <msg:ProcessRole codeName="?" codeListURI="?" codeListAgency="?" codeListName="?" codeListVersion="?">?</msg:ProcessRole>
            </msg:ReceiverPartner>
            <msg:SenderPartner ref="?">
               <msg:Authority LanguageIdentifier="?" LanguageLocaleIdentifier="?">?</msg:Authority>
               <!--Zero or more repetitions:-->
               <msg:Contact ref="?">
                  <msg:Contact LanguageIdentifier="?" LanguageLocaleIdentifier="?">?</msg:Contact>
                  <msg:ContactTypeIdentifier codeName="?" codeListURI="?" codeListAgency="?" codeListName="?" codeListVersion="?">?</msg:ContactTypeIdentifier>
                  <!--Optional:-->
                  <msg:EmailAddress>?</msg:EmailAddress>
                  <!--Optional:-->
                  <msg:TelephoneNumber LanguageIdentifier="?" LanguageLocaleIdentifier="?">?</msg:TelephoneNumber>
               </msg:Contact>
               <msg:ID identificationSchemeName="?" identificationSchemeURI="?" identificationSchemeVersion="?" identificationSchemeAgency="?">?</msg:ID>
               <msg:ProcessRole codeName="?" codeListURI="?" codeListAgency="?" codeListName="?" codeListVersion="?">?</msg:ProcessRole>
            </msg:SenderPartner>
            <!--Zero or more repetitions:-->
            <msg:SoftwareInformation ref="?">
               <msg:ProductID identificationSchemeName="?" identificationSchemeURI="?" identificationSchemeVersion="?" identificationSchemeAgency="?">?</msg:ProductID>
               <!--Optional:-->
               <msg:ProductName LanguageIdentifier="?" LanguageLocaleIdentifier="?">?</msg:ProductName>
               <!--Optional:-->
               <msg:ProductVersion LanguageIdentifier="?" LanguageLocaleIdentifier="?">?</msg:ProductVersion>
            </msg:SoftwareInformation>
            <msg:Version identificationSchemeName="?" identificationSchemeURI="?" identificationSchemeVersion="?" identificationSchemeAgency="?">?</msg:Version>
         </rec:StandardBusinessMessageHeader>
      </rec:ReceiptAcknowledgementSignal>
   </soapenv:Body>
</soapenv:Envelope>]]></con:responseContent><con:wsaConfig mustUnderstand="NONE" version="200508" action="http://example.xml.gov.au/CreateApplication_Initiator.2.3.0r2/Accept"/></con:response><con:dispatchConfig/></con:mockOperation><con:mockOperation name="Reject" interface="Initiator_CreateApplicationTransaction_Binding.2.3.0r2" operation="Reject"><con:settings/><con:dispatchStyle>SEQUENCE</con:dispatchStyle><con:defaultResponse>Response 1</con:defaultResponse><con:response name="Response 1" encoding="UTF-8"><con:settings/><con:responseContent><![CDATA[<soapenv:Envelope xmlns:soapenv="http://schemas.xmlsoap.org/soap/envelope/" xmlns:rec="http://xml.gov.au/edais/bs/ReceiptAcknowledgementSignal.msg.2.3.0r2" xmlns:msg="http://xml.gov.au/edais/core/msg.data.2.3.0r2" xmlns:spec="http://xml.gov.au/edais/core/specialisation.data.2.3.0r2">
   <soapenv:Header/>
   <soapenv:Body>
      <rec:ReceiptAcknowledgementSignal>
         <rec:ReceiptAcknowledgement ref="?">
            <!--Optional:-->
            <msg:Identification identificationSchemeName="?" identificationSchemeURI="?" identificationSchemeVersion="?" identificationSchemeAgency="?">?</msg:Identification>
            <msg:Timestamp Format="?">?</msg:Timestamp>
         </rec:ReceiptAcknowledgement>
         <!--Zero or more repetitions:-->
         <rec:Specialisation ref="?">
            <spec:DomainId identificationSchemeName="?" identificationSchemeURI="?" identificationSchemeVersion="?" identificationSchemeAgency="?">?</spec:DomainId>
            <spec:Extension>?</spec:Extension>
            <spec:Jurisdiction codeName="?" codeListURI="?" codeListAgency="?" codeListName="?" codeListVersion="?">?</spec:Jurisdiction>
            <spec:Version identificationSchemeName="?" identificationSchemeURI="?" identificationSchemeVersion="?" identificationSchemeAgency="?">?</spec:Version>
         </rec:Specialisation>
         <rec:StandardBusinessMessageHeader ref="?">
            <!--1 or more repetitions:-->
            <msg:BusinessScope ref="?">
               <!--Zero or more repetitions:-->
               <msg:CorrelationInformation ref="?">
                  <!--Optional:-->
                  <msg:ExpectedResponseDateTime Format="?">?</msg:ExpectedResponseDateTime>
                  <msg:RequestingDocumentCreationDateTime Format="?">?</msg:RequestingDocumentCreationDateTime>
                  <msg:RequestingDocumentInstanceID identificationSchemeName="?" identificationSchemeURI="?" identificationSchemeVersion="?" identificationSchemeAgency="?">?</msg:RequestingDocumentInstanceID>
               </msg:CorrelationInformation>
               <!--Optional:-->
               <msg:ID identificationSchemeName="?" identificationSchemeURI="?" identificationSchemeVersion="?" identificationSchemeAgency="?">?</msg:ID>
               <!--Optional:-->
               <msg:InstanceID identificationSchemeName="?" identificationSchemeURI="?" identificationSchemeVersion="?" identificationSchemeAgency="?">?</msg:InstanceID>
               <msg:Type codeName="?" codeListURI="?" codeListAgency="NCO" codeListName="BusinessScope" codeListVersion="?">?</msg:Type>
            </msg:BusinessScope>
            <msg:DocumentIdentification ref="?">
               <msg:CreationDateTime Format="?">?</msg:CreationDateTime>
               <msg:InstanceID identificationSchemeName="?" identificationSchemeURI="?" identificationSchemeVersion="?" identificationSchemeAgency="?">?</msg:InstanceID>
               <msg:Standard codeName="?" codeListURI="?" codeListAgency="NCO" codeListName="StandardType" codeListVersion="?">?</msg:Standard>
               <msg:Type codeName="?" codeListURI="?" codeListAgency="?" codeListName="?" codeListVersion="?">?</msg:Type>
               <msg:TypeVersion LanguageIdentifier="?" LanguageLocaleIdentifier="?">?</msg:TypeVersion>
            </msg:DocumentIdentification>
            <msg:ReceiverPartner ref="?">
               <msg:Authority LanguageIdentifier="?" LanguageLocaleIdentifier="?">?</msg:Authority>
               <!--Zero or more repetitions:-->
               <msg:Contact ref="?">
                  <msg:Contact LanguageIdentifier="?" LanguageLocaleIdentifier="?">?</msg:Contact>
                  <msg:ContactTypeIdentifier codeName="?" codeListURI="?" codeListAgency="?" codeListName="?" codeListVersion="?">?</msg:ContactTypeIdentifier>
                  <!--Optional:-->
                  <msg:EmailAddress>?</msg:EmailAddress>
                  <!--Optional:-->
                  <msg:TelephoneNumber LanguageIdentifier="?" LanguageLocaleIdentifier="?">?</msg:TelephoneNumber>
               </msg:Contact>
               <msg:ID identificationSchemeName="?" identificationSchemeURI="?" identificationSchemeVersion="?" identificationSchemeAgency="?">?</msg:ID>
               <msg:ProcessRole codeName="?" codeListURI="?" codeListAgency="?" codeListName="?" codeListVersion="?">?</msg:ProcessRole>
            </msg:ReceiverPartner>
            <msg:SenderPartner ref="?">
               <msg:Authority LanguageIdentifier="?" LanguageLocaleIdentifier="?">?</msg:Authority>
               <!--Zero or more repetitions:-->
               <msg:Contact ref="?">
                  <msg:Contact LanguageIdentifier="?" LanguageLocaleIdentifier="?">?</msg:Contact>
                  <msg:ContactTypeIdentifier codeName="?" codeListURI="?" codeListAgency="?" codeListName="?" codeListVersion="?">?</msg:ContactTypeIdentifier>
                  <!--Optional:-->
                  <msg:EmailAddress>?</msg:EmailAddress>
                  <!--Optional:-->
                  <msg:TelephoneNumber LanguageIdentifier="?" LanguageLocaleIdentifier="?">?</msg:TelephoneNumber>
               </msg:Contact>
               <msg:ID identificationSchemeName="?" identificationSchemeURI="?" identificationSchemeVersion="?" identificationSchemeAgency="?">?</msg:ID>
               <msg:ProcessRole codeName="?" codeListURI="?" codeListAgency="?" codeListName="?" codeListVersion="?">?</msg:ProcessRole>
            </msg:SenderPartner>
            <!--Zero or more repetitions:-->
            <msg:SoftwareInformation ref="?">
               <msg:ProductID identificationSchemeName="?" identificationSchemeURI="?" identificationSchemeVersion="?" identificationSchemeAgency="?">?</msg:ProductID>
               <!--Optional:-->
               <msg:ProductName LanguageIdentifier="?" LanguageLocaleIdentifier="?">?</msg:ProductName>
               <!--Optional:-->
               <msg:ProductVersion LanguageIdentifier="?" LanguageLocaleIdentifier="?">?</msg:ProductVersion>
            </msg:SoftwareInformation>
            <msg:Version identificationSchemeName="?" identificationSchemeURI="?" identificationSchemeVersion="?" identificationSchemeAgency="?">?</msg:Version>
         </rec:StandardBusinessMessageHeader>
      </rec:ReceiptAcknowledgementSignal>
   </soapenv:Body>
</soapenv:Envelope>]]></con:responseContent><con:wsaConfig mustUnderstand="NONE" version="200508" action="http://example.xml.gov.au/CreateApplication_Initiator.2.3.0r2/Reject"/></con:response><con:dispatchConfig/></con:mockOperation><con:mockOperation name="Propose" interface="Responder_CreateApplicationTransaction_Binding.2.3.0r2" operation="Propose"><con:settings/><con:dispatchStyle>SEQUENCE</con:dispatchStyle><con:defaultResponse>Response 1</con:defaultResponse><con:response name="Response 1" encoding="UTF-8"><con:settings/><con:responseContent><![CDATA[<soapenv:Envelope xmlns:soapenv="http://schemas.xmlsoap.org/soap/envelope/" xmlns:rec="http://xml.gov.au/edais/bs/ReceiptAcknowledgementSignal.msg.2.3.0r2" xmlns:msg="http://xml.gov.au/edais/core/msg.data.2.3.0r2" xmlns:spec="http://xml.gov.au/edais/core/specialisation.data.2.3.0r2">
   <soapenv:Header/>
   <soapenv:Body>
      <rec:ReceiptAcknowledgementSignal>
         <rec:ReceiptAcknowledgement ref="?">
            <!--Optional:-->
            <msg:Identification identificationSchemeName="?" identificationSchemeURI="?" identificationSchemeVersion="?" identificationSchemeAgency="?">?</msg:Identification>
            <msg:Timestamp Format="?">?</msg:Timestamp>
         </rec:ReceiptAcknowledgement>
         <!--Zero or more repetitions:-->
         <rec:Specialisation ref="?">
            <spec:DomainId identificationSchemeName="?" identificationSchemeURI="?" identificationSchemeVersion="?" identificationSchemeAgency="?">?</spec:DomainId>
            <spec:Extension>?</spec:Extension>
            <spec:Jurisdiction codeName="?" codeListURI="?" codeListAgency="?" codeListName="?" codeListVersion="?">?</spec:Jurisdiction>
            <spec:Version identificationSchemeName="?" identificationSchemeURI="?" identificationSchemeVersion="?" identificationSchemeAgency="?">?</spec:Version>
         </rec:Specialisation>
         <rec:StandardBusinessMessageHeader ref="?">
            <!--1 or more repetitions:-->
            <msg:BusinessScope ref="?">
               <!--Zero or more repetitions:-->
               <msg:CorrelationInformation ref="?">
                  <!--Optional:-->
                  <msg:ExpectedResponseDateTime Format="?">?</msg:ExpectedResponseDateTime>
                  <msg:RequestingDocumentCreationDateTime Format="?">?</msg:RequestingDocumentCreationDateTime>
                  <msg:RequestingDocumentInstanceID identificationSchemeName="?" identificationSchemeURI="?" identificationSchemeVersion="?" identificationSchemeAgency="?">?</msg:RequestingDocumentInstanceID>
               </msg:CorrelationInformation>
               <!--Optional:-->
               <msg:ID identificationSchemeName="?" identificationSchemeURI="?" identificationSchemeVersion="?" identificationSchemeAgency="?">?</msg:ID>
               <!--Optional:-->
               <msg:InstanceID identificationSchemeName="?" identificationSchemeURI="?" identificationSchemeVersion="?" identificationSchemeAgency="?">?</msg:InstanceID>
               <msg:Type codeName="?" codeListURI="?" codeListAgency="NCO" codeListName="BusinessScope" codeListVersion="?">?</msg:Type>
            </msg:BusinessScope>
            <msg:DocumentIdentification ref="?">
               <msg:CreationDateTime Format="?">?</msg:CreationDateTime>
               <msg:InstanceID identificationSchemeName="?" identificationSchemeURI="?" identificationSchemeVersion="?" identificationSchemeAgency="?">?</msg:InstanceID>
               <msg:Standard codeName="?" codeListURI="?" codeListAgency="NCO" codeListName="StandardType" codeListVersion="?">?</msg:Standard>
               <msg:Type codeName="?" codeListURI="?" codeListAgency="?" codeListName="?" codeListVersion="?">?</msg:Type>
               <msg:TypeVersion LanguageIdentifier="?" LanguageLocaleIdentifier="?">?</msg:TypeVersion>
            </msg:DocumentIdentification>
            <msg:ReceiverPartner ref="?">
               <msg:Authority LanguageIdentifier="?" LanguageLocaleIdentifier="?">?</msg:Authority>
               <!--Zero or more repetitions:-->
               <msg:Contact ref="?">
                  <msg:Contact LanguageIdentifier="?" LanguageLocaleIdentifier="?">?</msg:Contact>
                  <msg:ContactTypeIdentifier codeName="?" codeListURI="?" codeListAgency="?" codeListName="?" codeListVersion="?">?</msg:ContactTypeIdentifier>
                  <!--Optional:-->
                  <msg:EmailAddress>?</msg:EmailAddress>
                  <!--Optional:-->
                  <msg:TelephoneNumber LanguageIdentifier="?" LanguageLocaleIdentifier="?">?</msg:TelephoneNumber>
               </msg:Contact>
               <msg:ID identificationSchemeName="?" identificationSchemeURI="?" identificationSchemeVersion="?" identificationSchemeAgency="?">?</msg:ID>
               <msg:ProcessRole codeName="?" codeListURI="?" codeListAgency="?" codeListName="?" codeListVersion="?">?</msg:ProcessRole>
            </msg:ReceiverPartner>
            <msg:SenderPartner ref="?">
               <msg:Authority LanguageIdentifier="?" LanguageLocaleIdentifier="?">?</msg:Authority>
               <!--Zero or more repetitions:-->
               <msg:Contact ref="?">
                  <msg:Contact LanguageIdentifier="?" LanguageLocaleIdentifier="?">?</msg:Contact>
                  <msg:ContactTypeIdentifier codeName="?" codeListURI="?" codeListAgency="?" codeListName="?" codeListVersion="?">?</msg:ContactTypeIdentifier>
                  <!--Optional:-->
                  <msg:EmailAddress>?</msg:EmailAddress>
                  <!--Optional:-->
                  <msg:TelephoneNumber LanguageIdentifier="?" LanguageLocaleIdentifier="?">?</msg:TelephoneNumber>
               </msg:Contact>
               <msg:ID identificationSchemeName="?" identificationSchemeURI="?" identificationSchemeVersion="?" identificationSchemeAgency="?">?</msg:ID>
               <msg:ProcessRole codeName="?" codeListURI="?" codeListAgency="?" codeListName="?" codeListVersion="?">?</msg:ProcessRole>
            </msg:SenderPartner>
            <!--Zero or more repetitions:-->
            <msg:SoftwareInformation ref="?">
               <msg:ProductID identificationSchemeName="?" identificationSchemeURI="?" identificationSchemeVersion="?" identificationSchemeAgency="?">?</msg:ProductID>
               <!--Optional:-->
               <msg:ProductName LanguageIdentifier="?" LanguageLocaleIdentifier="?">?</msg:ProductName>
               <!--Optional:-->
               <msg:ProductVersion LanguageIdentifier="?" LanguageLocaleIdentifier="?">?</msg:ProductVersion>
            </msg:SoftwareInformation>
            <msg:Version identificationSchemeName="?" identificationSchemeURI="?" identificationSchemeVersion="?" identificationSchemeAgency="?">?</msg:Version>
         </rec:StandardBusinessMessageHeader>
      </rec:ReceiptAcknowledgementSignal>
   </soapenv:Body>
</soapenv:Envelope>]]></con:responseContent><con:wsaConfig mustUnderstand="NONE" version="200508" action="http://example.xml.gov.au/CreateApplication_Responder.2.3.0r2/Propose"/></con:response><con:dispatchConfig/></con:mockOperation><con:mockOperation name="Declare" interface="Responder_DeclareDetermination_Binding.2.3.0r2" operation="Declare"><con:settings/><con:dispatchStyle>SEQUENCE</con:dispatchStyle><con:defaultResponse>Response 1</con:defaultResponse><con:response name="Response 1" encoding="UTF-8"><con:settings/><con:responseContent><![CDATA[<soapenv:Envelope xmlns:soapenv="http://schemas.xmlsoap.org/soap/envelope/" xmlns:rec="http://xml.gov.au/edais/bs/ReceiptAcknowledgementSignal.msg.2.3.0r2" xmlns:msg="http://xml.gov.au/edais/core/msg.data.2.3.0r2" xmlns:spec="http://xml.gov.au/edais/core/specialisation.data.2.3.0r2">
   <soapenv:Header/>
   <soapenv:Body>
      <rec:ReceiptAcknowledgementSignal>
         <rec:ReceiptAcknowledgement ref="?">
            <!--Optional:-->
            <msg:Identification identificationSchemeName="?" identificationSchemeURI="?" identificationSchemeVersion="?" identificationSchemeAgency="?">?</msg:Identification>
            <msg:Timestamp Format="?">?</msg:Timestamp>
         </rec:ReceiptAcknowledgement>
         <!--Zero or more repetitions:-->
         <rec:Specialisation ref="?">
            <spec:DomainId identificationSchemeName="?" identificationSchemeURI="?" identificationSchemeVersion="?" identificationSchemeAgency="?">?</spec:DomainId>
            <spec:Extension>?</spec:Extension>
            <spec:Jurisdiction codeName="?" codeListURI="?" codeListAgency="?" codeListName="?" codeListVersion="?">?</spec:Jurisdiction>
            <spec:Version identificationSchemeName="?" identificationSchemeURI="?" identificationSchemeVersion="?" identificationSchemeAgency="?">?</spec:Version>
         </rec:Specialisation>
         <rec:StandardBusinessMessageHeader ref="?">
            <!--1 or more repetitions:-->
            <msg:BusinessScope ref="?">
               <!--Zero or more repetitions:-->
               <msg:CorrelationInformation ref="?">
                  <!--Optional:-->
                  <msg:ExpectedResponseDateTime Format="?">?</msg:ExpectedResponseDateTime>
                  <msg:RequestingDocumentCreationDateTime Format="?">?</msg:RequestingDocumentCreationDateTime>
                  <msg:RequestingDocumentInstanceID identificationSchemeName="?" identificationSchemeURI="?" identificationSchemeVersion="?" identificationSchemeAgency="?">?</msg:RequestingDocumentInstanceID>
               </msg:CorrelationInformation>
               <!--Optional:-->
               <msg:ID identificationSchemeName="?" identificationSchemeURI="?" identificationSchemeVersion="?" identificationSchemeAgency="?">?</msg:ID>
               <!--Optional:-->
               <msg:InstanceID identificationSchemeName="?" identificationSchemeURI="?" identificationSchemeVersion="?" identificationSchemeAgency="?">?</msg:InstanceID>
               <msg:Type codeName="?" codeListURI="?" codeListAgency="NCO" codeListName="BusinessScope" codeListVersion="?">?</msg:Type>
            </msg:BusinessScope>
            <msg:DocumentIdentification ref="?">
               <msg:CreationDateTime Format="?">?</msg:CreationDateTime>
               <msg:InstanceID identificationSchemeName="?" identificationSchemeURI="?" identificationSchemeVersion="?" identificationSchemeAgency="?">?</msg:InstanceID>
               <msg:Standard codeName="?" codeListURI="?" codeListAgency="NCO" codeListName="StandardType" codeListVersion="?">?</msg:Standard>
               <msg:Type codeName="?" codeListURI="?" codeListAgency="?" codeListName="?" codeListVersion="?">?</msg:Type>
               <msg:TypeVersion LanguageIdentifier="?" LanguageLocaleIdentifier="?">?</msg:TypeVersion>
            </msg:DocumentIdentification>
            <msg:ReceiverPartner ref="?">
               <msg:Authority LanguageIdentifier="?" LanguageLocaleIdentifier="?">?</msg:Authority>
               <!--Zero or more repetitions:-->
               <msg:Contact ref="?">
                  <msg:Contact LanguageIdentifier="?" LanguageLocaleIdentifier="?">?</msg:Contact>
                  <msg:ContactTypeIdentifier codeName="?" codeListURI="?" codeListAgency="?" codeListName="?" codeListVersion="?">?</msg:ContactTypeIdentifier>
                  <!--Optional:-->
                  <msg:EmailAddress>?</msg:EmailAddress>
                  <!--Optional:-->
                  <msg:TelephoneNumber LanguageIdentifier="?" LanguageLocaleIdentifier="?">?</msg:TelephoneNumber>
               </msg:Contact>
               <msg:ID identificationSchemeName="?" identificationSchemeURI="?" identificationSchemeVersion="?" identificationSchemeAgency="?">?</msg:ID>
               <msg:ProcessRole codeName="?" codeListURI="?" codeListAgency="?" codeListName="?" codeListVersion="?">?</msg:ProcessRole>
            </msg:ReceiverPartner>
            <msg:SenderPartner ref="?">
               <msg:Authority LanguageIdentifier="?" LanguageLocaleIdentifier="?">?</msg:Authority>
               <!--Zero or more repetitions:-->
               <msg:Contact ref="?">
                  <msg:Contact LanguageIdentifier="?" LanguageLocaleIdentifier="?">?</msg:Contact>
                  <msg:ContactTypeIdentifier codeName="?" codeListURI="?" codeListAgency="?" codeListName="?" codeListVersion="?">?</msg:ContactTypeIdentifier>
                  <!--Optional:-->
                  <msg:EmailAddress>?</msg:EmailAddress>
                  <!--Optional:-->
                  <msg:TelephoneNumber LanguageIdentifier="?" LanguageLocaleIdentifier="?">?</msg:TelephoneNumber>
               </msg:Contact>
               <msg:ID identificationSchemeName="?" identificationSchemeURI="?" identificationSchemeVersion="?" identificationSchemeAgency="?">?</msg:ID>
               <msg:ProcessRole codeName="?" codeListURI="?" codeListAgency="?" codeListName="?" codeListVersion="?">?</msg:ProcessRole>
            </msg:SenderPartner>
            <!--Zero or more repetitions:-->
            <msg:SoftwareInformation ref="?">
               <msg:ProductID identificationSchemeName="?" identificationSchemeURI="?" identificationSchemeVersion="?" identificationSchemeAgency="?">?</msg:ProductID>
               <!--Optional:-->
               <msg:ProductName LanguageIdentifier="?" LanguageLocaleIdentifier="?">?</msg:ProductName>
               <!--Optional:-->
               <msg:ProductVersion LanguageIdentifier="?" LanguageLocaleIdentifier="?">?</msg:ProductVersion>
            </msg:SoftwareInformation>
            <msg:Version identificationSchemeName="?" identificationSchemeURI="?" identificationSchemeVersion="?" identificationSchemeAgency="?">?</msg:Version>
         </rec:StandardBusinessMessageHeader>
      </rec:ReceiptAcknowledgementSignal>
   </soapenv:Body>
</soapenv:Envelope>]]></con:responseContent><con:wsaConfig mustUnderstand="NONE" version="200508" action="http://example.xml.gov.au/DeclareDetermination_Responder.2.3.0r2/Declare"/></con:response><con:dispatchConfig/></con:mockOperation><con:properties/></con:mockService><con:properties/><con:wssContainer/></con:soapui-project>